000 (426942.000.000) 06/22 21:46:56 Job submitted from host: <18.12.1.74:48322>
...
001 (426942.000.000) 06/22 21:47:25 Job executing on host: <18.12.9.48:49271>
...
006 (426942.000.000) 06/22 21:47:34 Image size of job updated: 1
	3  -  MemoryUsage of job (MB)
	2380  -  ResidentSetSize of job (KB)
...
006 (426942.000.000) 06/22 21:52:35 Image size of job updated: 342448
	170  -  MemoryUsage of job (MB)
	173188  -  ResidentSetSize of job (KB)
...
006 (426942.000.000) 06/22 21:57:35 Image size of job updated: 344340
	171  -  MemoryUsage of job (MB)
	175088  -  ResidentSetSize of job (KB)
...
006 (426942.000.000) 06/22 22:02:35 Image size of job updated: 349124
	212  -  MemoryUsage of job (MB)
	216400  -  ResidentSetSize of job (KB)
...
006 (426942.000.000) 06/22 22:07:36 Image size of job updated: 349124
	212  -  MemoryUsage of job (MB)
	216416  -  ResidentSetSize of job (KB)
...
005 (426942.000.000) 06/22 22:10:58 Job terminated.
	(1) Normal termination (return value 0)
		Usr 0 00:22:12, Sys 0 00:00:05  -  Run Remote Usage
		Usr 0 00:00:00, Sys 0 00:00:00  -  Run Local Usage
		Usr 0 00:22:12, Sys 0 00:00:05  -  Total Remote Usage
		Usr 0 00:00:00, Sys 0 00:00:00  -  Total Local Usage
	97390  -  Run Bytes Sent By Job
	25791  -  Run Bytes Received By Job
	97390  -  Total Bytes Sent By Job
	25791  -  Total Bytes Received By Job
	Partitionable Resources :    Usage  Request          
	   Cpus                 :                 1          
	   Disk (KB)            :      146      146          
	   Memory (MB)          :      212      212          
...
