000 (426941.000.000) 06/22 21:46:56 Job submitted from host: <18.12.1.74:48322>
...
001 (426941.000.000) 06/22 21:47:25 Job executing on host: <18.12.9.30:40073>
...
006 (426941.000.000) 06/22 21:47:34 Image size of job updated: 49268
	3  -  MemoryUsage of job (MB)
	2752  -  ResidentSetSize of job (KB)
...
006 (426941.000.000) 06/22 21:52:35 Image size of job updated: 323788
	97  -  MemoryUsage of job (MB)
	98760  -  ResidentSetSize of job (KB)
...
006 (426941.000.000) 06/22 21:57:36 Image size of job updated: 335464
	152  -  MemoryUsage of job (MB)
	155588  -  ResidentSetSize of job (KB)
...
006 (426941.000.000) 06/22 22:07:37 Image size of job updated: 335904
	153  -  MemoryUsage of job (MB)
	156028  -  ResidentSetSize of job (KB)
...
006 (426941.000.000) 06/22 22:12:38 Image size of job updated: 337184
	154  -  MemoryUsage of job (MB)
	157308  -  ResidentSetSize of job (KB)
...
006 (426941.000.000) 06/22 22:27:39 Image size of job updated: 337184
	154  -  MemoryUsage of job (MB)
	157372  -  ResidentSetSize of job (KB)
...
006 (426941.000.000) 06/22 22:57:42 Image size of job updated: 337924
	155  -  MemoryUsage of job (MB)
	158112  -  ResidentSetSize of job (KB)
...
006 (426941.000.000) 06/22 23:17:44 Image size of job updated: 344412
	193  -  MemoryUsage of job (MB)
	196740  -  ResidentSetSize of job (KB)
...
006 (426941.000.000) 06/22 23:22:44 Image size of job updated: 344820
	193  -  MemoryUsage of job (MB)
	197148  -  ResidentSetSize of job (KB)
...
006 (426941.000.000) 06/22 23:27:44 Image size of job updated: 344820
	193  -  MemoryUsage of job (MB)
	197256  -  ResidentSetSize of job (KB)
...
005 (426941.000.000) 06/22 23:28:11 Job terminated.
	(1) Normal termination (return value 0)
		Usr 0 00:25:35, Sys 0 00:00:18  -  Run Remote Usage
		Usr 0 00:00:00, Sys 0 00:00:00  -  Run Local Usage
		Usr 0 00:25:35, Sys 0 00:00:18  -  Total Remote Usage
		Usr 0 00:00:00, Sys 0 00:00:00  -  Total Local Usage
	33451344  -  Run Bytes Sent By Job
	25791  -  Run Bytes Received By Job
	33451344  -  Total Bytes Sent By Job
	25791  -  Total Bytes Received By Job
	Partitionable Resources :    Usage  Request          
	   Cpus                 :                 1          
	   Disk (KB)            :    32718    32718          
	   Memory (MB)          :      193      193          
...
