000 (426938.000.000) 06/22 21:46:56 Job submitted from host: <18.12.1.74:48322>
...
001 (426938.000.000) 06/22 21:47:20 Job executing on host: <18.12.9.59:44891>
...
006 (426938.000.000) 06/22 21:47:29 Image size of job updated: 1
	3  -  MemoryUsage of job (MB)
	2356  -  ResidentSetSize of job (KB)
...
006 (426938.000.000) 06/22 21:52:30 Image size of job updated: 341288
	178  -  MemoryUsage of job (MB)
	181924  -  ResidentSetSize of job (KB)
...
006 (426938.000.000) 06/22 21:57:30 Image size of job updated: 342536
	179  -  MemoryUsage of job (MB)
	183176  -  ResidentSetSize of job (KB)
...
006 (426938.000.000) 06/22 22:02:30 Image size of job updated: 349336
	216  -  MemoryUsage of job (MB)
	220864  -  ResidentSetSize of job (KB)
...
006 (426938.000.000) 06/22 22:07:31 Image size of job updated: 357320
	224  -  MemoryUsage of job (MB)
	228848  -  ResidentSetSize of job (KB)
...
005 (426938.000.000) 06/22 22:12:31 Job terminated.
	(1) Normal termination (return value 0)
		Usr 0 00:23:30, Sys 0 00:00:15  -  Run Remote Usage
		Usr 0 00:00:00, Sys 0 00:00:00  -  Run Local Usage
		Usr 0 00:23:30, Sys 0 00:00:15  -  Total Remote Usage
		Usr 0 00:00:00, Sys 0 00:00:00  -  Total Local Usage
	55519204  -  Run Bytes Sent By Job
	25791  -  Run Bytes Received By Job
	55519204  -  Total Bytes Sent By Job
	25791  -  Total Bytes Received By Job
	Partitionable Resources :    Usage  Request          
	   Cpus                 :                 1          
	   Disk (KB)            :    54269    54269          
	   Memory (MB)          :      224      224          
...
000 (491967.000.000) 06/29 09:51:22 Job submitted from host: <18.12.1.74:48322>
...
001 (491967.000.000) 06/29 09:51:25 Job executing on host: <18.12.8.41:40292>
...
006 (491967.000.000) 06/29 09:51:34 Image size of job updated: 1
	3  -  MemoryUsage of job (MB)
	2364  -  ResidentSetSize of job (KB)
...
006 (491967.000.000) 06/29 09:56:35 Image size of job updated: 354088
	177  -  MemoryUsage of job (MB)
	181060  -  ResidentSetSize of job (KB)
...
006 (491967.000.000) 06/29 10:01:35 Image size of job updated: 354520
	178  -  MemoryUsage of job (MB)
	181496  -  ResidentSetSize of job (KB)
...
006 (491967.000.000) 06/29 10:06:35 Image size of job updated: 365732
	227  -  MemoryUsage of job (MB)
	232388  -  ResidentSetSize of job (KB)
...
006 (491967.000.000) 06/29 10:16:37 Image size of job updated: 376156
	236  -  MemoryUsage of job (MB)
	241004  -  ResidentSetSize of job (KB)
...
005 (491967.000.000) 06/29 10:28:47 Job terminated.
	(1) Normal termination (return value 0)
		Usr 0 00:34:27, Sys 0 00:00:42  -  Run Remote Usage
		Usr 0 00:00:00, Sys 0 00:00:00  -  Run Local Usage
		Usr 0 00:34:27, Sys 0 00:00:42  -  Total Remote Usage
		Usr 0 00:00:00, Sys 0 00:00:00  -  Total Local Usage
	58012712  -  Run Bytes Sent By Job
	25744  -  Run Bytes Received By Job
	58012712  -  Total Bytes Sent By Job
	25744  -  Total Bytes Received By Job
	Partitionable Resources :    Usage  Request          
	   Cpus                 :                 1          
	   Disk (KB)            :    56704    56704          
	   Memory (MB)          :      236      236          
...
000 (495425.000.000) 06/29 22:02:02 Job submitted from host: <18.12.1.74:48322>
...
001 (495425.000.000) 06/29 22:02:04 Job executing on host: <18.12.8.202:45256>
...
006 (495425.000.000) 06/29 22:02:13 Image size of job updated: 1
	3  -  MemoryUsage of job (MB)
	2368  -  ResidentSetSize of job (KB)
...
006 (495425.000.000) 06/29 22:07:14 Image size of job updated: 354596
	176  -  MemoryUsage of job (MB)
	179868  -  ResidentSetSize of job (KB)
...
006 (495425.000.000) 06/29 22:12:14 Image size of job updated: 364440
	225  -  MemoryUsage of job (MB)
	229392  -  ResidentSetSize of job (KB)
...
006 (495425.000.000) 06/29 22:17:15 Image size of job updated: 365808
	226  -  MemoryUsage of job (MB)
	230764  -  ResidentSetSize of job (KB)
...
006 (495425.000.000) 06/29 22:22:16 Image size of job updated: 376228
	236  -  MemoryUsage of job (MB)
	241184  -  ResidentSetSize of job (KB)
...
005 (495425.000.000) 06/29 22:31:26 Job terminated.
	(1) Normal termination (return value 0)
		Usr 0 00:26:54, Sys 0 00:00:18  -  Run Remote Usage
		Usr 0 00:00:00, Sys 0 00:00:00  -  Run Local Usage
		Usr 0 00:26:54, Sys 0 00:00:18  -  Total Remote Usage
		Usr 0 00:00:00, Sys 0 00:00:00  -  Total Local Usage
	58012520  -  Run Bytes Sent By Job
	25741  -  Run Bytes Received By Job
	58012520  -  Total Bytes Sent By Job
	25741  -  Total Bytes Received By Job
	Partitionable Resources :    Usage  Request          
	   Cpus                 :                 1          
	   Disk (KB)            :    56704    56704          
	   Memory (MB)          :      236      236          
...
