000 (426949.000.000) 06/22 21:46:57 Job submitted from host: <18.12.1.74:48322>
...
001 (426949.000.000) 06/22 21:47:21 Job executing on host: <18.12.9.54:46570>
...
006 (426949.000.000) 06/22 21:47:29 Image size of job updated: 1
	3  -  MemoryUsage of job (MB)
	2356  -  ResidentSetSize of job (KB)
...
006 (426949.000.000) 06/22 21:52:29 Image size of job updated: 341704
	175  -  MemoryUsage of job (MB)
	178712  -  ResidentSetSize of job (KB)
...
006 (426949.000.000) 06/22 22:02:31 Image size of job updated: 348516
	213  -  MemoryUsage of job (MB)
	217972  -  ResidentSetSize of job (KB)
...
006 (426949.000.000) 06/22 22:07:31 Image size of job updated: 353212
	218  -  MemoryUsage of job (MB)
	222668  -  ResidentSetSize of job (KB)
...
005 (426949.000.000) 06/22 22:14:28 Job terminated.
	(1) Normal termination (return value 0)
		Usr 0 00:23:53, Sys 0 00:00:05  -  Run Remote Usage
		Usr 0 00:00:00, Sys 0 00:00:00  -  Run Local Usage
		Usr 0 00:23:53, Sys 0 00:00:05  -  Total Remote Usage
		Usr 0 00:00:00, Sys 0 00:00:00  -  Total Local Usage
	97522  -  Run Bytes Sent By Job
	25791  -  Run Bytes Received By Job
	97522  -  Total Bytes Sent By Job
	25791  -  Total Bytes Received By Job
	Partitionable Resources :    Usage  Request          
	   Cpus                 :                 1          
	   Disk (KB)            :      146      146          
	   Memory (MB)          :      218      218          
...
