000 (426959.000.000) 06/22 21:47:38 Job submitted from host: <18.12.1.74:48322>
...
001 (426959.000.000) 06/22 21:47:57 Job executing on host: <18.12.8.240:46059>
...
006 (426959.000.000) 06/22 21:48:05 Image size of job updated: 267360
	112  -  MemoryUsage of job (MB)
	113808  -  ResidentSetSize of job (KB)
...
006 (426959.000.000) 06/22 21:53:05 Image size of job updated: 342156
	174  -  MemoryUsage of job (MB)
	177320  -  ResidentSetSize of job (KB)
...
006 (426959.000.000) 06/22 21:58:06 Image size of job updated: 342652
	174  -  MemoryUsage of job (MB)
	177816  -  ResidentSetSize of job (KB)
...
006 (426959.000.000) 06/22 22:03:06 Image size of job updated: 343108
	175  -  MemoryUsage of job (MB)
	178264  -  ResidentSetSize of job (KB)
...
006 (426959.000.000) 06/22 22:08:06 Image size of job updated: 352120
	215  -  MemoryUsage of job (MB)
	219612  -  ResidentSetSize of job (KB)
...
005 (426959.000.000) 06/22 22:17:27 Job terminated.
	(1) Normal termination (return value 0)
		Usr 0 00:27:46, Sys 0 00:00:05  -  Run Remote Usage
		Usr 0 00:00:00, Sys 0 00:00:00  -  Run Local Usage
		Usr 0 00:27:46, Sys 0 00:00:05  -  Total Remote Usage
		Usr 0 00:00:00, Sys 0 00:00:00  -  Total Local Usage
	97654  -  Run Bytes Sent By Job
	25791  -  Run Bytes Received By Job
	97654  -  Total Bytes Sent By Job
	25791  -  Total Bytes Received By Job
	Partitionable Resources :    Usage  Request          
	   Cpus                 :                 1          
	   Disk (KB)            :      146      146          
	   Memory (MB)          :      215      215          
...
000 (491899.000.000) 06/29 09:48:18 Job submitted from host: <18.12.1.74:48322>
...
001 (491899.000.000) 06/29 09:48:28 Job executing on host: <18.12.9.67:49271>
...
006 (491899.000.000) 06/29 09:48:37 Image size of job updated: 340092
	120  -  MemoryUsage of job (MB)
	122640  -  ResidentSetSize of job (KB)
...
006 (491899.000.000) 06/29 09:53:39 Image size of job updated: 353928
	175  -  MemoryUsage of job (MB)
	179104  -  ResidentSetSize of job (KB)
...
006 (491899.000.000) 06/29 09:58:39 Image size of job updated: 364932
	225  -  MemoryUsage of job (MB)
	229720  -  ResidentSetSize of job (KB)
...
006 (491899.000.000) 06/29 10:03:39 Image size of job updated: 367436
	227  -  MemoryUsage of job (MB)
	232224  -  ResidentSetSize of job (KB)
...
005 (491899.000.000) 06/29 10:14:51 Job terminated.
	(1) Normal termination (return value 0)
		Usr 0 00:24:47, Sys 0 00:00:07  -  Run Remote Usage
		Usr 0 00:00:00, Sys 0 00:00:00  -  Run Local Usage
		Usr 0 00:24:47, Sys 0 00:00:07  -  Total Remote Usage
		Usr 0 00:00:00, Sys 0 00:00:00  -  Total Local Usage
	94947  -  Run Bytes Sent By Job
	25744  -  Run Bytes Received By Job
	94947  -  Total Bytes Sent By Job
	25744  -  Total Bytes Received By Job
	Partitionable Resources :    Usage  Request          
	   Cpus                 :                 1          
	   Disk (KB)            :      143      143          
	   Memory (MB)          :      227      227          
...
000 (495446.000.000) 06/29 22:02:22 Job submitted from host: <18.12.1.74:48322>
...
001 (495446.000.000) 06/29 22:02:27 Job executing on host: <18.12.8.122:40511>
...
006 (495446.000.000) 06/29 22:02:36 Image size of job updated: 1
	2  -  MemoryUsage of job (MB)
	1736  -  ResidentSetSize of job (KB)
...
006 (495446.000.000) 06/29 22:07:42 Image size of job updated: 353420
	175  -  MemoryUsage of job (MB)
	179168  -  ResidentSetSize of job (KB)
...
006 (495446.000.000) 06/29 22:12:37 Image size of job updated: 363268
	224  -  MemoryUsage of job (MB)
	228632  -  ResidentSetSize of job (KB)
...
006 (495446.000.000) 06/29 22:17:38 Image size of job updated: 365012
	225  -  MemoryUsage of job (MB)
	230256  -  ResidentSetSize of job (KB)
...
006 (495446.000.000) 06/29 22:22:38 Image size of job updated: 367512
	228  -  MemoryUsage of job (MB)
	232756  -  ResidentSetSize of job (KB)
...
005 (495446.000.000) 06/29 22:39:07 Job terminated.
	(1) Normal termination (return value 0)
		Usr 0 00:18:16, Sys 0 00:00:05  -  Run Remote Usage
		Usr 0 00:00:00, Sys 0 00:00:00  -  Run Local Usage
		Usr 0 00:18:16, Sys 0 00:00:05  -  Total Remote Usage
		Usr 0 00:00:00, Sys 0 00:00:00  -  Total Local Usage
	94986  -  Run Bytes Sent By Job
	25741  -  Run Bytes Received By Job
	94986  -  Total Bytes Sent By Job
	25741  -  Total Bytes Received By Job
	Partitionable Resources :    Usage  Request          
	   Cpus                 :                 1          
	   Disk (KB)            :      143      143          
	   Memory (MB)          :      228      228          
...
