
----------------------------------------------------
Job started on Mon Jun 22 21:47:58 EDT 2015 at WN: t2bat0240.cmsaf.mit.edu 
Job is running on Linux t2bat0240.cmsaf.mit.edu 2.6.32-358.el6.x86_64 #1 SMP Fri Feb 22 20:37:17 CST 2013 x86_64 x86_64 x86_64 GNU/Linux
Filesystem            Size  Used Avail Use% Mounted on
/dev/sda3              20G  3.0G   16G  16% /
tmpfs                  12G     0   12G   0% /dev/shm
/dev/sda1              97M   32M   61M  35% /boot
/dev/sda4             874G   47G  827G   6% /export/data1
/dev/sdb1             1.8T  1.7T  195G  90% /export/00b
/dev/sdc1             1.8T  1.6T  197G  90% /export/00c
/dev/sdd1             1.8T  1.6T  204G  89% /export/00d
/dev/sde1             1.8T  1.6T  199G  90% /export/00e
/dev/sdf1             1.8T  1.6T  205G  89% /export/00f
fuse_dfs              4.9P  4.4P  522T  90% /mnt/hadoop
cvmfs2                 98G   44G   54G  45% /cvmfs/cms.cern.ch
t2srv0004:/export/db  135G  187M  135G   1% /net/t2srv0004/db
cvmfs2                 98G   44G   54G  45% /cvmfs/oasis.opensciencegrid.org
cvmfs2                 98G   44G   54G  45% /cvmfs/cdfcfs.fnal.gov
cvmfs2                 98G   44G   54G  45% /cvmfs/cvmfs.cmsaf.mit.edu
cvmfs2                 98G   44G   54G  45% /cvmfs/grid.cern.ch
cvmfs2                 98G   44G   54G  45% /cvmfs/fermilab.opensciencegrid.org
cvmfs2                 98G   44G   54G  45% /cvmfs/mu2e.opensciencegrid.org
gcc (GCC) 4.4.7 20120313 (Red Hat 4.4.7-3)
Copyright (C) 2010 Free Software Foundation, Inc.
This is free software; see the source for copying conditions.  There is NO
warranty; not even for MERCHANTABILITY or FITNESS FOR A PARTICULAR PURPOSE.

Processing...
0/2655681
10000/2655681
20000/2655681
30000/2655681
40000/2655681
50000/2655681
60000/2655681
70000/2655681
80000/2655681
90000/2655681
100000/2655681
110000/2655681
120000/2655681
130000/2655681
140000/2655681
150000/2655681
160000/2655681
170000/2655681
180000/2655681
190000/2655681
200000/2655681
210000/2655681
220000/2655681
230000/2655681
240000/2655681
250000/2655681
260000/2655681
270000/2655681
280000/2655681
290000/2655681
300000/2655681
310000/2655681
320000/2655681
330000/2655681
340000/2655681
350000/2655681
360000/2655681
370000/2655681
380000/2655681
390000/2655681
400000/2655681
410000/2655681
420000/2655681
430000/2655681
440000/2655681
450000/2655681
460000/2655681
470000/2655681
480000/2655681
490000/2655681
500000/2655681
510000/2655681
520000/2655681
530000/2655681
540000/2655681
550000/2655681
560000/2655681
570000/2655681
580000/2655681
590000/2655681
600000/2655681
610000/2655681
620000/2655681
630000/2655681
640000/2655681
650000/2655681
660000/2655681
670000/2655681
680000/2655681
690000/2655681
700000/2655681
710000/2655681
720000/2655681
730000/2655681
740000/2655681
750000/2655681
760000/2655681
770000/2655681
780000/2655681
790000/2655681
800000/2655681
810000/2655681
820000/2655681
830000/2655681
840000/2655681
850000/2655681
860000/2655681
870000/2655681
880000/2655681
890000/2655681
900000/2655681
910000/2655681
920000/2655681
930000/2655681
940000/2655681
950000/2655681
960000/2655681
970000/2655681
980000/2655681
990000/2655681
1000000/2655681
1010000/2655681
1020000/2655681
1030000/2655681
1040000/2655681
1050000/2655681
1060000/2655681
1070000/2655681
1080000/2655681
1090000/2655681
1100000/2655681
1110000/2655681
1120000/2655681
1130000/2655681
1140000/2655681
1150000/2655681
1160000/2655681
1170000/2655681
1180000/2655681
1190000/2655681
1200000/2655681
1210000/2655681
1220000/2655681
1230000/2655681
1240000/2655681
1250000/2655681
1260000/2655681
1270000/2655681
1280000/2655681
1290000/2655681
1300000/2655681
1310000/2655681
1320000/2655681
1330000/2655681
1340000/2655681
1350000/2655681
1360000/2655681
1370000/2655681
1380000/2655681
1390000/2655681
1400000/2655681
1410000/2655681
1420000/2655681
1430000/2655681
1440000/2655681
1450000/2655681
1460000/2655681
1470000/2655681
1480000/2655681
1490000/2655681
1500000/2655681
1510000/2655681
1520000/2655681
1530000/2655681
1540000/2655681
1550000/2655681
1560000/2655681
1570000/2655681
1580000/2655681
1590000/2655681
1600000/2655681
1610000/2655681
1620000/2655681
1630000/2655681
1640000/2655681
1650000/2655681
1660000/2655681
1670000/2655681
1680000/2655681
1690000/2655681
1700000/2655681
1710000/2655681
1720000/2655681
1730000/2655681
1740000/2655681
1750000/2655681
1760000/2655681
1770000/2655681
1780000/2655681
1790000/2655681
1800000/2655681
1810000/2655681
1820000/2655681
1830000/2655681
1840000/2655681
1850000/2655681
1860000/2655681
1870000/2655681
1880000/2655681
1890000/2655681
1900000/2655681
1910000/2655681
1920000/2655681
1930000/2655681
1940000/2655681
1950000/2655681
1960000/2655681
1970000/2655681
1980000/2655681
1990000/2655681
2000000/2655681
2010000/2655681
2020000/2655681
2030000/2655681
2040000/2655681
2050000/2655681
2060000/2655681
2070000/2655681
2080000/2655681
2090000/2655681
2100000/2655681
2110000/2655681
2120000/2655681
2130000/2655681
2140000/2655681
2150000/2655681
2160000/2655681
2170000/2655681
2180000/2655681
2190000/2655681
2200000/2655681
2210000/2655681
2220000/2655681
2230000/2655681
2240000/2655681
2250000/2655681
2260000/2655681
2270000/2655681
2280000/2655681
2290000/2655681
2300000/2655681
2310000/2655681
2320000/2655681
2330000/2655681
2340000/2655681
2350000/2655681
2360000/2655681
2370000/2655681
2380000/2655681
2390000/2655681
2400000/2655681
2410000/2655681
2420000/2655681
2430000/2655681
2440000/2655681
2450000/2655681
2460000/2655681
2470000/2655681
2480000/2655681
2490000/2655681
2500000/2655681
2510000/2655681
2520000/2655681
2530000/2655681
2540000/2655681
2550000/2655681
2560000/2655681
2570000/2655681
2580000/2655681
2590000/2655681
2600000/2655681
2610000/2655681
2620000/2655681
2630000/2655681
2640000/2655681
2650000/2655681
Macro finished: 
CPU time (min)  = 27.9018
Real time (min) = 29.4495
Done!
Copied output files to hadoop rootfiles/JetRAA/June22
