
----------------------------------------------------
Job started on Mon Jun 29 22:02:26 EDT 2015 at WN: t2bat0222.cmsaf.mit.edu 
Job is running on Linux t2bat0222.cmsaf.mit.edu 2.6.32-358.el6.x86_64 #1 SMP Fri Feb 22 20:37:17 CST 2013 x86_64 x86_64 x86_64 GNU/Linux
Filesystem            Size  Used Avail Use% Mounted on
/dev/sda3              20G  2.6G   17G  14% /
tmpfs                  12G     0   12G   0% /dev/shm
/dev/sda1              97M   32M   61M  35% /boot
/dev/sda4             874G   38G  836G   5% /export/data1
/dev/sdb1             1.8T  1.7T  194G  90% /export/00b
/dev/sdc1             1.8T  1.6T  219G  89% /export/00c
/dev/sdd1             1.8T  1.6T  216G  89% /export/00d
/dev/sde1             1.8T  1.7T  196G  90% /export/00e
/dev/sdf1             1.8T  1.6T  212G  89% /export/00f
fuse_dfs              4.9P  4.4P  527T  90% /mnt/hadoop
t2srv0004:/export/db  135G  187M  135G   1% /net/t2srv0004/db
cvmfs2                 98G   32G   67G  33% /cvmfs/cms.cern.ch
cvmfs2                 98G   32G   67G  33% /cvmfs/cvmfs.cmsaf.mit.edu
cvmfs2                 98G   32G   67G  33% /cvmfs/oasis.opensciencegrid.org
gcc (GCC) 4.4.7 20120313 (Red Hat 4.4.7-3)
Copyright (C) 2010 Free Software Foundation, Inc.
This is free software; see the source for copying conditions.  There is NO
warranty; not even for MERCHANTABILITY or FITNESS FOR A PARTICULAR PURPOSE.

Processing...
0/2455991
10000/2455991
20000/2455991
30000/2455991
40000/2455991
50000/2455991
60000/2455991
70000/2455991
80000/2455991
90000/2455991
100000/2455991
110000/2455991
120000/2455991
130000/2455991
140000/2455991
150000/2455991
160000/2455991
170000/2455991
180000/2455991
190000/2455991
200000/2455991
210000/2455991
220000/2455991
230000/2455991
240000/2455991
250000/2455991
260000/2455991
270000/2455991
280000/2455991
290000/2455991
300000/2455991
310000/2455991
320000/2455991
330000/2455991
340000/2455991
350000/2455991
360000/2455991
370000/2455991
380000/2455991
390000/2455991
400000/2455991
410000/2455991
420000/2455991
430000/2455991
440000/2455991
450000/2455991
460000/2455991
470000/2455991
480000/2455991
490000/2455991
500000/2455991
510000/2455991
520000/2455991
530000/2455991
540000/2455991
550000/2455991
560000/2455991
570000/2455991
580000/2455991
590000/2455991
600000/2455991
610000/2455991
620000/2455991
630000/2455991
640000/2455991
650000/2455991
660000/2455991
670000/2455991
680000/2455991
690000/2455991
700000/2455991
710000/2455991
720000/2455991
730000/2455991
740000/2455991
750000/2455991
760000/2455991
770000/2455991
780000/2455991
790000/2455991
800000/2455991
810000/2455991
820000/2455991
830000/2455991
840000/2455991
850000/2455991
860000/2455991
870000/2455991
880000/2455991
890000/2455991
900000/2455991
910000/2455991
920000/2455991
930000/2455991
940000/2455991
950000/2455991
960000/2455991
970000/2455991
980000/2455991
990000/2455991
1000000/2455991
1010000/2455991
1020000/2455991
1030000/2455991
1040000/2455991
1050000/2455991
1060000/2455991
1070000/2455991
1080000/2455991
1090000/2455991
1100000/2455991
1110000/2455991
1120000/2455991
1130000/2455991
1140000/2455991
1150000/2455991
1160000/2455991
1170000/2455991
1180000/2455991
1190000/2455991
1200000/2455991
1210000/2455991
1220000/2455991
1230000/2455991
1240000/2455991
1250000/2455991
1260000/2455991
1270000/2455991
1280000/2455991
1290000/2455991
1300000/2455991
1310000/2455991
1320000/2455991
1330000/2455991
1340000/2455991
1350000/2455991
1360000/2455991
1370000/2455991
1380000/2455991
1390000/2455991
1400000/2455991
1410000/2455991
1420000/2455991
1430000/2455991
1440000/2455991
1450000/2455991
1460000/2455991
1470000/2455991
1480000/2455991
1490000/2455991
1500000/2455991
1510000/2455991
1520000/2455991
1530000/2455991
1540000/2455991
1550000/2455991
1560000/2455991
1570000/2455991
1580000/2455991
1590000/2455991
1600000/2455991
1610000/2455991
1620000/2455991
1630000/2455991
1640000/2455991
1650000/2455991
1660000/2455991
1670000/2455991
1680000/2455991
1690000/2455991
1700000/2455991
1710000/2455991
1720000/2455991
1730000/2455991
1740000/2455991
1750000/2455991
1760000/2455991
1770000/2455991
1780000/2455991
1790000/2455991
1800000/2455991
1810000/2455991
1820000/2455991
1830000/2455991
1840000/2455991
1850000/2455991
1860000/2455991
1870000/2455991
1880000/2455991
1890000/2455991
1900000/2455991
1910000/2455991
1920000/2455991
1930000/2455991
1940000/2455991
1950000/2455991
1960000/2455991
1970000/2455991
1980000/2455991
1990000/2455991
2000000/2455991
2010000/2455991
2020000/2455991
2030000/2455991
2040000/2455991
2050000/2455991
2060000/2455991
2070000/2455991
2080000/2455991
2090000/2455991
2100000/2455991
2110000/2455991
2120000/2455991
2130000/2455991
2140000/2455991
2150000/2455991
2160000/2455991
2170000/2455991
2180000/2455991
2190000/2455991
2200000/2455991
2210000/2455991
2220000/2455991
2230000/2455991
2240000/2455991
2250000/2455991
2260000/2455991
2270000/2455991
2280000/2455991
2290000/2455991
2300000/2455991
2310000/2455991
2320000/2455991
2330000/2455991
2340000/2455991
2350000/2455991
2360000/2455991
2370000/2455991
2380000/2455991
2390000/2455991
2400000/2455991
2410000/2455991
2420000/2455991
2430000/2455991
2440000/2455991
2450000/2455991
Macro finished: 
CPU time (min)  = 24.9613
Real time (min) = 27.0018
Done!
Copied output files to hadoop rootfiles/JetRAA/June22
