000 (426955.000.000) 06/22 21:47:38 Job submitted from host: <18.12.1.74:48322>
...
001 (426955.000.000) 06/22 21:47:52 Job executing on host: <18.12.9.24:46205>
...
006 (426955.000.000) 06/22 21:48:00 Image size of job updated: 1
	3  -  MemoryUsage of job (MB)
	2352  -  ResidentSetSize of job (KB)
...
006 (426955.000.000) 06/22 21:53:00 Image size of job updated: 341568
	159  -  MemoryUsage of job (MB)
	162712  -  ResidentSetSize of job (KB)
...
006 (426955.000.000) 06/22 21:58:00 Image size of job updated: 342896
	161  -  MemoryUsage of job (MB)
	164080  -  ResidentSetSize of job (KB)
...
006 (426955.000.000) 06/22 22:03:01 Image size of job updated: 344152
	162  -  MemoryUsage of job (MB)
	165340  -  ResidentSetSize of job (KB)
...
006 (426955.000.000) 06/22 22:08:01 Image size of job updated: 349396
	201  -  MemoryUsage of job (MB)
	205032  -  ResidentSetSize of job (KB)
...
006 (426955.000.000) 06/22 22:13:01 Image size of job updated: 349396
	201  -  MemoryUsage of job (MB)
	205052  -  ResidentSetSize of job (KB)
...
005 (426955.000.000) 06/22 22:18:14 Job terminated.
	(1) Normal termination (return value 0)
		Usr 0 00:26:01, Sys 0 00:00:08  -  Run Remote Usage
		Usr 0 00:00:00, Sys 0 00:00:00  -  Run Local Usage
		Usr 0 00:26:01, Sys 0 00:00:08  -  Total Remote Usage
		Usr 0 00:00:00, Sys 0 00:00:00  -  Total Local Usage
	96975  -  Run Bytes Sent By Job
	25791  -  Run Bytes Received By Job
	96975  -  Total Bytes Sent By Job
	25791  -  Total Bytes Received By Job
	Partitionable Resources :    Usage  Request          
	   Cpus                 :                 1          
	   Disk (KB)            :      146      146          
	   Memory (MB)          :      201      201          
...
