000 (426953.000.000) 06/22 21:47:38 Job submitted from host: <18.12.1.74:48322>
...
001 (426953.000.000) 06/22 21:47:51 Job executing on host: <18.12.12.9:49125>
...
006 (426953.000.000) 06/22 21:48:00 Image size of job updated: 145092
	29  -  MemoryUsage of job (MB)
	28976  -  ResidentSetSize of job (KB)
...
006 (426953.000.000) 06/22 21:53:01 Image size of job updated: 353524
	181  -  MemoryUsage of job (MB)
	184400  -  ResidentSetSize of job (KB)
...
006 (426953.000.000) 06/22 21:58:01 Image size of job updated: 354844
	182  -  MemoryUsage of job (MB)
	185720  -  ResidentSetSize of job (KB)
...
006 (426953.000.000) 06/22 22:03:02 Image size of job updated: 356896
	184  -  MemoryUsage of job (MB)
	187472  -  ResidentSetSize of job (KB)
...
006 (426953.000.000) 06/22 22:08:03 Image size of job updated: 356896
	186  -  MemoryUsage of job (MB)
	190324  -  ResidentSetSize of job (KB)
...
006 (426953.000.000) 06/22 22:13:03 Image size of job updated: 356896
	221  -  MemoryUsage of job (MB)
	225828  -  ResidentSetSize of job (KB)
...
006 (426953.000.000) 06/22 22:18:03 Image size of job updated: 359260
	223  -  MemoryUsage of job (MB)
	228192  -  ResidentSetSize of job (KB)
...
005 (426953.000.000) 06/22 22:20:19 Job terminated.
	(1) Normal termination (return value 0)
		Usr 0 00:27:40, Sys 0 00:00:21  -  Run Remote Usage
		Usr 0 00:00:00, Sys 0 00:00:00  -  Run Local Usage
		Usr 0 00:27:40, Sys 0 00:00:21  -  Total Remote Usage
		Usr 0 00:00:00, Sys 0 00:00:00  -  Total Local Usage
	47638820  -  Run Bytes Sent By Job
	25791  -  Run Bytes Received By Job
	47638820  -  Total Bytes Sent By Job
	25791  -  Total Bytes Received By Job
	Partitionable Resources :    Usage  Request          
	   Cpus                 :                 1          
	   Disk (KB)            :    46573    46573          
	   Memory (MB)          :      223      223          
...
