
----------------------------------------------------
Job started on Mon Jun 22 21:47:53 EDT 2015 at WN: lnbat0012.cmsaf.mit.edu 
Job is running on Linux lnbat0012.cmsaf.mit.edu 2.6.32-358.el6.x86_64 #1 SMP Fri Feb 22 20:37:17 CST 2013 x86_64 x86_64 x86_64 GNU/Linux
Filesystem            Size  Used Avail Use% Mounted on
/dev/sda3              20G  3.2G   16G  17% /
tmpfs                  12G     0   12G   0% /dev/shm
/dev/sda1              97M   32M   61M  35% /boot
/dev/sda4             874G   84G  791G  10% /export/data1
fuse_dfs              4.9P  4.4P  522T  90% /mnt/hadoop
/dev/sdc1             1.8T  1.7T  115G  94% /export/00b
/dev/sdd1             1.8T  1.7T  127G  94% /export/00c
/dev/sde1             1.8T  1.7T  126G  94% /export/00d
/dev/sdb1             1.8T  1.7T  133G  93% /export/00e
/dev/sdf1             1.8T  1.7T  130G  93% /export/00f
cvmfs2                 98G   80G   18G  82% /cvmfs/cms.cern.ch
t2srv0004:/export/db  135G  187M  135G   1% /net/t2srv0004/db
cvmfs2                 98G   80G   18G  82% /cvmfs/mu2e.opensciencegrid.org
cvmfs2                 98G   80G   18G  82% /cvmfs/oasis.opensciencegrid.org
cvmfs2                 98G   80G   18G  82% /cvmfs/cdfcfs.fnal.gov
cvmfs2                 98G   80G   18G  82% /cvmfs/cvmfs.cmsaf.mit.edu
gcc (GCC) 4.4.7 20120313 (Red Hat 4.4.7-3)
Copyright (C) 2010 Free Software Foundation, Inc.
This is free software; see the source for copying conditions.  There is NO
warranty; not even for MERCHANTABILITY or FITNESS FOR A PARTICULAR PURPOSE.

Processing...
0/2590954
10000/2590954
20000/2590954
30000/2590954
40000/2590954
50000/2590954
60000/2590954
70000/2590954
80000/2590954
90000/2590954
100000/2590954
110000/2590954
120000/2590954
130000/2590954
140000/2590954
150000/2590954
160000/2590954
170000/2590954
180000/2590954
190000/2590954
200000/2590954
210000/2590954
220000/2590954
230000/2590954
240000/2590954
250000/2590954
260000/2590954
270000/2590954
280000/2590954
290000/2590954
300000/2590954
310000/2590954
320000/2590954
330000/2590954
340000/2590954
350000/2590954
360000/2590954
370000/2590954
380000/2590954
390000/2590954
400000/2590954
410000/2590954
420000/2590954
430000/2590954
440000/2590954
450000/2590954
460000/2590954
470000/2590954
480000/2590954
490000/2590954
500000/2590954
510000/2590954
520000/2590954
530000/2590954
540000/2590954
550000/2590954
560000/2590954
570000/2590954
580000/2590954
590000/2590954
600000/2590954
610000/2590954
620000/2590954
630000/2590954
640000/2590954
650000/2590954
660000/2590954
670000/2590954
680000/2590954
690000/2590954
700000/2590954
710000/2590954
720000/2590954
730000/2590954
740000/2590954
750000/2590954
760000/2590954
770000/2590954
780000/2590954
790000/2590954
800000/2590954
810000/2590954
820000/2590954
830000/2590954
840000/2590954
850000/2590954
860000/2590954
870000/2590954
880000/2590954
890000/2590954
900000/2590954
910000/2590954
920000/2590954
930000/2590954
940000/2590954
950000/2590954
960000/2590954
970000/2590954
980000/2590954
990000/2590954
1000000/2590954
1010000/2590954
1020000/2590954
1030000/2590954
1040000/2590954
1050000/2590954
1060000/2590954
1070000/2590954
1080000/2590954
1090000/2590954
1100000/2590954
1110000/2590954
1120000/2590954
1130000/2590954
1140000/2590954
1150000/2590954
1160000/2590954
1170000/2590954
1180000/2590954
1190000/2590954
1200000/2590954
1210000/2590954
1220000/2590954
1230000/2590954
1240000/2590954
1250000/2590954
1260000/2590954
1270000/2590954
1280000/2590954
1290000/2590954
1300000/2590954
1310000/2590954
1320000/2590954
1330000/2590954
1340000/2590954
1350000/2590954
1360000/2590954
1370000/2590954
1380000/2590954
1390000/2590954
1400000/2590954
1410000/2590954
1420000/2590954
1430000/2590954
1440000/2590954
1450000/2590954
1460000/2590954
1470000/2590954
1480000/2590954
1490000/2590954
1500000/2590954
1510000/2590954
1520000/2590954
1530000/2590954
1540000/2590954
1550000/2590954
1560000/2590954
1570000/2590954
1580000/2590954
1590000/2590954
1600000/2590954
1610000/2590954
1620000/2590954
1630000/2590954
1640000/2590954
1650000/2590954
1660000/2590954
1670000/2590954
1680000/2590954
1690000/2590954
1700000/2590954
1710000/2590954
1720000/2590954
1730000/2590954
1740000/2590954
1750000/2590954
1760000/2590954
1770000/2590954
1780000/2590954
1790000/2590954
1800000/2590954
1810000/2590954
1820000/2590954
1830000/2590954
1840000/2590954
1850000/2590954
1860000/2590954
1870000/2590954
1880000/2590954
1890000/2590954
1900000/2590954
1910000/2590954
1920000/2590954
1930000/2590954
1940000/2590954
1950000/2590954
1960000/2590954
1970000/2590954
1980000/2590954
1990000/2590954
2000000/2590954
2010000/2590954
2020000/2590954
2030000/2590954
2040000/2590954
2050000/2590954
2060000/2590954
2070000/2590954
2080000/2590954
2090000/2590954
2100000/2590954
2110000/2590954
2120000/2590954
2130000/2590954
2140000/2590954
2150000/2590954
2160000/2590954
2170000/2590954
2180000/2590954
2190000/2590954
2200000/2590954
2210000/2590954
2220000/2590954
2230000/2590954
2240000/2590954
2250000/2590954
2260000/2590954
2270000/2590954
2280000/2590954
2290000/2590954
2300000/2590954
2310000/2590954
2320000/2590954
2330000/2590954
2340000/2590954
2350000/2590954
2360000/2590954
2370000/2590954
2380000/2590954
2390000/2590954
2400000/2590954
2410000/2590954
2420000/2590954
2430000/2590954
2440000/2590954
2450000/2590954
2460000/2590954
2470000/2590954
2480000/2590954
2490000/2590954
2500000/2590954
2510000/2590954
2520000/2590954
2530000/2590954
2540000/2590954
2550000/2590954
2560000/2590954
2570000/2590954
2580000/2590954
2590000/2590954
Macro finished: 
CPU time (min)  = 27.8517
Real time (min) = 30.39
Done!
Copied output files to hadoop rootfiles/JetRAA/June22
