
----------------------------------------------------
Job started on Mon Jun 22 21:47:57 EDT 2015 at WN: t2bat0330.cmsaf.mit.edu 
Job is running on Linux t2bat0330.cmsaf.mit.edu 2.6.32-358.el6.x86_64 #1 SMP Fri Feb 22 20:37:17 CST 2013 x86_64 x86_64 x86_64 GNU/Linux
Filesystem            Size  Used Avail Use% Mounted on
/dev/sda3              20G  2.5G   17G  14% /
tmpfs                  32G     0   32G   0% /dev/shm
/dev/sda1              97M   32M   61M  35% /boot
/dev/sda4             416G   74G  342G  18% /export/data1
fuse_dfs              4.9P  4.4P  522T  90% /mnt/hadoop
/dev/sdb1             3.6T  3.2T  416G  89% /export/00b
/dev/sdc1             3.6T  3.2T  407G  89% /export/00c
/dev/sdd1             3.6T  3.2T  426G  89% /export/00d
/dev/sde1             3.6T  3.2T  402G  90% /export/00e
/dev/sdf1             3.6T  3.2T  399G  90% /export/00f
/dev/sdg1             3.6T  3.3T  379G  90% /export/00g
cvmfs2                 98G   69G   30G  71% /cvmfs/cms.cern.ch
t2srv0004:/export/db  135G  187M  135G   1% /net/t2srv0004/db
cvmfs2                 98G   69G   30G  71% /cvmfs/mu2e.opensciencegrid.org
cvmfs2                 98G   69G   30G  71% /cvmfs/oasis.opensciencegrid.org
gcc (GCC) 4.4.7 20120313 (Red Hat 4.4.7-3)
Copyright (C) 2010 Free Software Foundation, Inc.
This is free software; see the source for copying conditions.  There is NO
warranty; not even for MERCHANTABILITY or FITNESS FOR A PARTICULAR PURPOSE.

Processing...
0/2449946
10000/2449946
20000/2449946
30000/2449946
40000/2449946
50000/2449946
60000/2449946
70000/2449946
80000/2449946
90000/2449946
100000/2449946
110000/2449946
120000/2449946
130000/2449946
140000/2449946
150000/2449946
160000/2449946
170000/2449946
180000/2449946
190000/2449946
200000/2449946
210000/2449946
220000/2449946
230000/2449946
240000/2449946
250000/2449946
260000/2449946
270000/2449946
280000/2449946
290000/2449946
300000/2449946
310000/2449946
320000/2449946
330000/2449946
340000/2449946
350000/2449946
360000/2449946
370000/2449946
380000/2449946
390000/2449946
400000/2449946
410000/2449946
420000/2449946
430000/2449946
440000/2449946
450000/2449946
460000/2449946
470000/2449946
480000/2449946
490000/2449946
500000/2449946
510000/2449946
520000/2449946
530000/2449946
540000/2449946
550000/2449946
560000/2449946
570000/2449946
580000/2449946
590000/2449946
600000/2449946
610000/2449946
620000/2449946
630000/2449946
640000/2449946
650000/2449946
660000/2449946
670000/2449946
680000/2449946
690000/2449946
700000/2449946
710000/2449946
720000/2449946
730000/2449946
740000/2449946
750000/2449946
760000/2449946
770000/2449946
780000/2449946
790000/2449946
800000/2449946
810000/2449946
820000/2449946
830000/2449946
840000/2449946
850000/2449946
860000/2449946
870000/2449946
880000/2449946
890000/2449946
900000/2449946
910000/2449946
920000/2449946
930000/2449946
940000/2449946
950000/2449946
960000/2449946
970000/2449946
980000/2449946
990000/2449946
1000000/2449946
1010000/2449946
1020000/2449946
1030000/2449946
1040000/2449946
1050000/2449946
1060000/2449946
1070000/2449946
1080000/2449946
1090000/2449946
1100000/2449946
1110000/2449946
1120000/2449946
1130000/2449946
1140000/2449946
1150000/2449946
1160000/2449946
1170000/2449946
1180000/2449946
1190000/2449946
1200000/2449946
1210000/2449946
1220000/2449946
1230000/2449946
1240000/2449946
1250000/2449946
1260000/2449946
1270000/2449946
1280000/2449946
1290000/2449946
1300000/2449946
1310000/2449946
1320000/2449946
1330000/2449946
1340000/2449946
1350000/2449946
1360000/2449946
1370000/2449946
1380000/2449946
1390000/2449946
1400000/2449946
1410000/2449946
1420000/2449946
1430000/2449946
1440000/2449946
1450000/2449946
1460000/2449946
1470000/2449946
1480000/2449946
1490000/2449946
1500000/2449946
1510000/2449946
1520000/2449946
1530000/2449946
1540000/2449946
1550000/2449946
1560000/2449946
1570000/2449946
1580000/2449946
1590000/2449946
1600000/2449946
1610000/2449946
1620000/2449946
1630000/2449946
1640000/2449946
1650000/2449946
1660000/2449946
1670000/2449946
1680000/2449946
1690000/2449946
1700000/2449946
1710000/2449946
1720000/2449946
1730000/2449946
1740000/2449946
1750000/2449946
1760000/2449946
1770000/2449946
1780000/2449946
1790000/2449946
1800000/2449946
1810000/2449946
1820000/2449946
1830000/2449946
1840000/2449946
1850000/2449946
1860000/2449946
1870000/2449946
1880000/2449946
1890000/2449946
1900000/2449946
1910000/2449946
1920000/2449946
1930000/2449946
1940000/2449946
1950000/2449946
1960000/2449946
1970000/2449946
1980000/2449946
1990000/2449946
2000000/2449946
2010000/2449946
2020000/2449946
2030000/2449946
2040000/2449946
2050000/2449946
2060000/2449946
2070000/2449946
2080000/2449946
2090000/2449946
2100000/2449946
2110000/2449946
2120000/2449946
2130000/2449946
2140000/2449946
2150000/2449946
2160000/2449946
2170000/2449946
2180000/2449946
2190000/2449946
2200000/2449946
2210000/2449946
2220000/2449946
2230000/2449946
2240000/2449946
2250000/2449946
2260000/2449946
2270000/2449946
2280000/2449946
2290000/2449946
2300000/2449946
2310000/2449946
2320000/2449946
2330000/2449946
2340000/2449946
2350000/2449946
2360000/2449946
2370000/2449946
2380000/2449946
2390000/2449946
2400000/2449946
2410000/2449946
2420000/2449946
2430000/2449946
2440000/2449946
Macro finished: 
CPU time (min)  = 21.4302
Real time (min) = 22.5966
Done!
Copied output files to hadoop rootfiles/JetRAA/June22
