000 (426961.000.000) 06/22 21:47:39 Job submitted from host: <18.12.1.74:48322>
...
001 (426961.000.000) 06/22 21:47:57 Job executing on host: <18.12.9.74:47227>
...
006 (426961.000.000) 06/22 21:48:05 Image size of job updated: 145220
	30  -  MemoryUsage of job (MB)
	29816  -  ResidentSetSize of job (KB)
...
006 (426961.000.000) 06/22 21:53:05 Image size of job updated: 339596
	172  -  MemoryUsage of job (MB)
	175340  -  ResidentSetSize of job (KB)
...
006 (426961.000.000) 06/22 21:58:06 Image size of job updated: 339596
	172  -  MemoryUsage of job (MB)
	175352  -  ResidentSetSize of job (KB)
...
006 (426961.000.000) 06/22 22:03:07 Image size of job updated: 345888
	210  -  MemoryUsage of job (MB)
	214124  -  ResidentSetSize of job (KB)
...
006 (426961.000.000) 06/22 22:08:07 Image size of job updated: 347432
	211  -  MemoryUsage of job (MB)
	215676  -  ResidentSetSize of job (KB)
...
005 (426961.000.000) 06/22 22:10:35 Job terminated.
	(1) Normal termination (return value 0)
		Usr 0 00:21:21, Sys 0 00:00:04  -  Run Remote Usage
		Usr 0 00:00:00, Sys 0 00:00:00  -  Run Local Usage
		Usr 0 00:21:21, Sys 0 00:00:04  -  Total Remote Usage
		Usr 0 00:00:00, Sys 0 00:00:00  -  Total Local Usage
	97092  -  Run Bytes Sent By Job
	25791  -  Run Bytes Received By Job
	97092  -  Total Bytes Sent By Job
	25791  -  Total Bytes Received By Job
	Partitionable Resources :    Usage  Request          
	   Cpus                 :                 1          
	   Disk (KB)            :      145      145          
	   Memory (MB)          :      211      211          
...
000 (491903.000.000) 06/29 09:48:19 Job submitted from host: <18.12.1.74:48322>
...
001 (491903.000.000) 06/29 09:48:31 Job executing on host: <18.12.8.217:43139>
...
006 (491903.000.000) 06/29 09:48:39 Image size of job updated: 148212
	34  -  MemoryUsage of job (MB)
	34144  -  ResidentSetSize of job (KB)
...
006 (491903.000.000) 06/29 09:53:39 Image size of job updated: 351096
	159  -  MemoryUsage of job (MB)
	162056  -  ResidentSetSize of job (KB)
...
006 (491903.000.000) 06/29 09:58:39 Image size of job updated: 361528
	209  -  MemoryUsage of job (MB)
	213076  -  ResidentSetSize of job (KB)
...
006 (491903.000.000) 06/29 10:03:40 Image size of job updated: 361528
	209  -  MemoryUsage of job (MB)
	213084  -  ResidentSetSize of job (KB)
...
006 (491903.000.000) 06/29 10:08:41 Image size of job updated: 365112
	212  -  MemoryUsage of job (MB)
	216692  -  ResidentSetSize of job (KB)
...
006 (491903.000.000) 06/29 10:13:41 Image size of job updated: 365112
	212  -  MemoryUsage of job (MB)
	216700  -  ResidentSetSize of job (KB)
...
005 (491903.000.000) 06/29 10:14:48 Job terminated.
	(1) Normal termination (return value 0)
		Usr 0 00:24:16, Sys 0 00:00:06  -  Run Remote Usage
		Usr 0 00:00:00, Sys 0 00:00:00  -  Run Local Usage
		Usr 0 00:24:16, Sys 0 00:00:06  -  Total Remote Usage
		Usr 0 00:00:00, Sys 0 00:00:00  -  Total Local Usage
	94556  -  Run Bytes Sent By Job
	25744  -  Run Bytes Received By Job
	94556  -  Total Bytes Sent By Job
	25744  -  Total Bytes Received By Job
	Partitionable Resources :    Usage  Request          
	   Cpus                 :                 1          
	   Disk (KB)            :      143      143          
	   Memory (MB)          :      212      212          
...
000 (495448.000.000) 06/29 22:02:22 Job submitted from host: <18.12.1.74:48322>
...
001 (495448.000.000) 06/29 22:02:28 Job executing on host: <18.12.6.19:40365>
...
006 (495448.000.000) 06/29 22:02:36 Image size of job updated: 1
	3  -  MemoryUsage of job (MB)
	2360  -  ResidentSetSize of job (KB)
...
006 (495448.000.000) 06/29 22:07:36 Image size of job updated: 351144
	173  -  MemoryUsage of job (MB)
	176684  -  ResidentSetSize of job (KB)
...
006 (495448.000.000) 06/29 22:12:37 Image size of job updated: 361564
	223  -  MemoryUsage of job (MB)
	227340  -  ResidentSetSize of job (KB)
...
006 (495448.000.000) 06/29 22:17:38 Image size of job updated: 361564
	223  -  MemoryUsage of job (MB)
	227360  -  ResidentSetSize of job (KB)
...
006 (495448.000.000) 06/29 22:22:38 Image size of job updated: 363964
	225  -  MemoryUsage of job (MB)
	229788  -  ResidentSetSize of job (KB)
...
006 (495448.000.000) 06/29 22:27:39 Image size of job updated: 363964
	225  -  MemoryUsage of job (MB)
	229796  -  ResidentSetSize of job (KB)
...
005 (495448.000.000) 06/29 22:30:02 Job terminated.
	(1) Normal termination (return value 0)
		Usr 0 00:26:00, Sys 0 00:00:04  -  Run Remote Usage
		Usr 0 00:00:00, Sys 0 00:00:00  -  Run Local Usage
		Usr 0 00:26:00, Sys 0 00:00:04  -  Total Remote Usage
		Usr 0 00:00:00, Sys 0 00:00:00  -  Total Local Usage
	94651  -  Run Bytes Sent By Job
	25741  -  Run Bytes Received By Job
	94651  -  Total Bytes Sent By Job
	25741  -  Total Bytes Received By Job
	Partitionable Resources :    Usage  Request          
	   Cpus                 :                 1          
	   Disk (KB)            :      143      143          
	   Memory (MB)          :      225      225          
...
