000 (426954.000.000) 06/22 21:47:38 Job submitted from host: <18.12.1.74:48322>
...
001 (426954.000.000) 06/22 21:47:51 Job executing on host: <18.12.9.45:42482>
...
006 (426954.000.000) 06/22 21:48:00 Image size of job updated: 1
	3  -  MemoryUsage of job (MB)
	2352  -  ResidentSetSize of job (KB)
...
006 (426954.000.000) 06/22 21:53:01 Image size of job updated: 335572
	170  -  MemoryUsage of job (MB)
	173808  -  ResidentSetSize of job (KB)
...
006 (426954.000.000) 06/22 21:58:01 Image size of job updated: 336556
	171  -  MemoryUsage of job (MB)
	174792  -  ResidentSetSize of job (KB)
...
006 (426954.000.000) 06/22 22:03:02 Image size of job updated: 343140
	210  -  MemoryUsage of job (MB)
	214620  -  ResidentSetSize of job (KB)
...
005 (426954.000.000) 06/22 22:03:42 Job terminated.
	(1) Normal termination (return value 0)
		Usr 0 00:14:23, Sys 0 00:00:10  -  Run Remote Usage
		Usr 0 00:00:00, Sys 0 00:00:00  -  Run Local Usage
		Usr 0 00:14:23, Sys 0 00:00:10  -  Total Remote Usage
		Usr 0 00:00:00, Sys 0 00:00:00  -  Total Local Usage
	33614968  -  Run Bytes Sent By Job
	25791  -  Run Bytes Received By Job
	33614968  -  Total Bytes Sent By Job
	25791  -  Total Bytes Received By Job
	Partitionable Resources :    Usage  Request          
	   Cpus                 :                 1          
	   Disk (KB)            :    32878    32878          
	   Memory (MB)          :      210      210          
...
