000 (426957.000.000) 06/22 21:47:38 Job submitted from host: <18.12.1.74:48322>
...
001 (426957.000.000) 06/22 21:47:52 Job executing on host: <18.12.9.28:45986>
...
006 (426957.000.000) 06/22 21:48:00 Image size of job updated: 1
	3  -  MemoryUsage of job (MB)
	2364  -  ResidentSetSize of job (KB)
...
006 (426957.000.000) 06/22 21:53:00 Image size of job updated: 329400
	120  -  MemoryUsage of job (MB)
	122720  -  ResidentSetSize of job (KB)
...
006 (426957.000.000) 06/22 21:58:00 Image size of job updated: 338544
	173  -  MemoryUsage of job (MB)
	176956  -  ResidentSetSize of job (KB)
...
006 (426957.000.000) 06/22 22:03:01 Image size of job updated: 338544
	173  -  MemoryUsage of job (MB)
	176960  -  ResidentSetSize of job (KB)
...
006 (426957.000.000) 06/22 22:08:01 Image size of job updated: 339412
	174  -  MemoryUsage of job (MB)
	177832  -  ResidentSetSize of job (KB)
...
006 (426957.000.000) 06/22 22:13:01 Image size of job updated: 339864
	175  -  MemoryUsage of job (MB)
	178284  -  ResidentSetSize of job (KB)
...
006 (426957.000.000) 06/22 22:33:04 Image size of job updated: 339864
	175  -  MemoryUsage of job (MB)
	178336  -  ResidentSetSize of job (KB)
...
006 (426957.000.000) 06/22 23:18:07 Image size of job updated: 346140
	202  -  MemoryUsage of job (MB)
	206588  -  ResidentSetSize of job (KB)
...
006 (426957.000.000) 06/22 23:23:08 Image size of job updated: 346880
	203  -  MemoryUsage of job (MB)
	207328  -  ResidentSetSize of job (KB)
...
006 (426957.000.000) 06/22 23:38:10 Image size of job updated: 347140
	203  -  MemoryUsage of job (MB)
	207588  -  ResidentSetSize of job (KB)
...
006 (426957.000.000) 06/23 00:18:14 Image size of job updated: 347616
	203  -  MemoryUsage of job (MB)
	207588  -  ResidentSetSize of job (KB)
...
006 (426957.000.000) 06/23 00:23:14 Image size of job updated: 347992
	203  -  MemoryUsage of job (MB)
	207588  -  ResidentSetSize of job (KB)
...
005 (426957.000.000) 06/23 00:36:58 Job terminated.
	(1) Normal termination (return value 0)
		Usr 0 00:40:18, Sys 0 00:00:06  -  Run Remote Usage
		Usr 0 00:00:00, Sys 0 00:00:00  -  Run Local Usage
		Usr 0 00:40:18, Sys 0 00:00:06  -  Total Remote Usage
		Usr 0 00:00:00, Sys 0 00:00:00  -  Total Local Usage
	97878  -  Run Bytes Sent By Job
	25791  -  Run Bytes Received By Job
	97878  -  Total Bytes Sent By Job
	25791  -  Total Bytes Received By Job
	Partitionable Resources :    Usage  Request          
	   Cpus                 :                 1          
	   Disk (KB)            :      146      146          
	   Memory (MB)          :      203      203          
...
