000 (426958.000.000) 06/22 21:47:38 Job submitted from host: <18.12.1.74:48322>
...
001 (426958.000.000) 06/22 21:47:57 Job executing on host: <18.12.9.78:45840>
...
006 (426958.000.000) 06/22 21:48:05 Image size of job updated: 1
	3  -  MemoryUsage of job (MB)
	2376  -  ResidentSetSize of job (KB)
...
006 (426958.000.000) 06/22 21:53:05 Image size of job updated: 339308
	173  -  MemoryUsage of job (MB)
	176352  -  ResidentSetSize of job (KB)
...
006 (426958.000.000) 06/22 21:58:05 Image size of job updated: 340148
	174  -  MemoryUsage of job (MB)
	177232  -  ResidentSetSize of job (KB)
...
006 (426958.000.000) 06/22 22:03:06 Image size of job updated: 347984
	212  -  MemoryUsage of job (MB)
	217076  -  ResidentSetSize of job (KB)
...
006 (426958.000.000) 06/22 22:08:07 Image size of job updated: 349184
	214  -  MemoryUsage of job (MB)
	218276  -  ResidentSetSize of job (KB)
...
005 (426958.000.000) 06/22 22:11:55 Job terminated.
	(1) Normal termination (return value 0)
		Usr 0 00:22:28, Sys 0 00:00:05  -  Run Remote Usage
		Usr 0 00:00:00, Sys 0 00:00:00  -  Run Local Usage
		Usr 0 00:22:28, Sys 0 00:00:05  -  Total Remote Usage
		Usr 0 00:00:00, Sys 0 00:00:00  -  Total Local Usage
	97239  -  Run Bytes Sent By Job
	25791  -  Run Bytes Received By Job
	97239  -  Total Bytes Sent By Job
	25791  -  Total Bytes Received By Job
	Partitionable Resources :    Usage  Request          
	   Cpus                 :                 1          
	   Disk (KB)            :      146      146          
	   Memory (MB)          :      214      214          
...
