000 (426975.000.000) 06/22 21:48:07 Job submitted from host: <18.12.1.74:48322>
...
001 (426975.000.000) 06/22 21:48:28 Job executing on host: <18.12.8.213:46424>
...
006 (426975.000.000) 06/22 21:48:37 Image size of job updated: 326944
	118  -  MemoryUsage of job (MB)
	119992  -  ResidentSetSize of job (KB)
...
006 (426975.000.000) 06/22 21:53:38 Image size of job updated: 339608
	170  -  MemoryUsage of job (MB)
	173348  -  ResidentSetSize of job (KB)
...
006 (426975.000.000) 06/22 21:58:38 Image size of job updated: 340016
	170  -  MemoryUsage of job (MB)
	173836  -  ResidentSetSize of job (KB)
...
006 (426975.000.000) 06/22 22:03:38 Image size of job updated: 347076
	213  -  MemoryUsage of job (MB)
	217232  -  ResidentSetSize of job (KB)
...
006 (426975.000.000) 06/22 22:08:39 Image size of job updated: 348240
	213  -  MemoryUsage of job (MB)
	217232  -  ResidentSetSize of job (KB)
...
005 (426975.000.000) 06/22 22:17:42 Job terminated.
	(1) Normal termination (return value 0)
		Usr 0 00:27:46, Sys 0 00:00:04  -  Run Remote Usage
		Usr 0 00:00:00, Sys 0 00:00:00  -  Run Local Usage
		Usr 0 00:27:46, Sys 0 00:00:04  -  Total Remote Usage
		Usr 0 00:00:00, Sys 0 00:00:00  -  Total Local Usage
	97263  -  Run Bytes Sent By Job
	25791  -  Run Bytes Received By Job
	97263  -  Total Bytes Sent By Job
	25791  -  Total Bytes Received By Job
	Partitionable Resources :    Usage  Request          
	   Cpus                 :                 1          
	   Disk (KB)            :      146      146          
	   Memory (MB)          :      213      213          
...
000 (492172.000.000) 06/29 09:52:27 Job submitted from host: <18.12.1.74:48322>
...
001 (492172.000.000) 06/29 09:52:40 Job executing on host: <18.12.8.160:41168>
...
006 (492172.000.000) 06/29 09:52:49 Image size of job updated: 1
	3  -  MemoryUsage of job (MB)
	2364  -  ResidentSetSize of job (KB)
...
006 (492172.000.000) 06/29 09:57:50 Image size of job updated: 350364
	174  -  MemoryUsage of job (MB)
	177936  -  ResidentSetSize of job (KB)
...
006 (492172.000.000) 06/29 10:02:50 Image size of job updated: 360196
	209  -  MemoryUsage of job (MB)
	213240  -  ResidentSetSize of job (KB)
...
006 (492172.000.000) 06/29 10:07:50 Image size of job updated: 360560
	209  -  MemoryUsage of job (MB)
	213612  -  ResidentSetSize of job (KB)
...
006 (492172.000.000) 06/29 10:12:51 Image size of job updated: 363720
	212  -  MemoryUsage of job (MB)
	216836  -  ResidentSetSize of job (KB)
...
005 (492172.000.000) 06/29 10:29:23 Job terminated.
	(1) Normal termination (return value 0)
		Usr 0 00:35:03, Sys 0 00:00:08  -  Run Remote Usage
		Usr 0 00:00:00, Sys 0 00:00:00  -  Run Local Usage
		Usr 0 00:35:03, Sys 0 00:00:08  -  Total Remote Usage
		Usr 0 00:00:00, Sys 0 00:00:00  -  Total Local Usage
	94860  -  Run Bytes Sent By Job
	25744  -  Run Bytes Received By Job
	94860  -  Total Bytes Sent By Job
	25744  -  Total Bytes Received By Job
	Partitionable Resources :    Usage  Request          
	   Cpus                 :                 1          
	   Disk (KB)            :      143      143          
	   Memory (MB)          :      212      212          
...
000 (495462.000.000) 06/29 22:02:38 Job submitted from host: <18.12.1.74:48322>
...
001 (495462.000.000) 06/29 22:02:44 Job executing on host: <18.12.9.83:46497>
...
006 (495462.000.000) 06/29 22:02:52 Image size of job updated: 211944
	96  -  MemoryUsage of job (MB)
	97800  -  ResidentSetSize of job (KB)
...
006 (495462.000.000) 06/29 22:07:52 Image size of job updated: 350788
	175  -  MemoryUsage of job (MB)
	178332  -  ResidentSetSize of job (KB)
...
006 (495462.000.000) 06/29 22:12:53 Image size of job updated: 360264
	222  -  MemoryUsage of job (MB)
	226396  -  ResidentSetSize of job (KB)
...
006 (495462.000.000) 06/29 22:17:54 Image size of job updated: 363788
	225  -  MemoryUsage of job (MB)
	229900  -  ResidentSetSize of job (KB)
...
005 (495462.000.000) 06/29 22:28:40 Job terminated.
	(1) Normal termination (return value 0)
		Usr 0 00:23:50, Sys 0 00:00:06  -  Run Remote Usage
		Usr 0 00:00:00, Sys 0 00:00:00  -  Run Local Usage
		Usr 0 00:23:50, Sys 0 00:00:06  -  Total Remote Usage
		Usr 0 00:00:00, Sys 0 00:00:00  -  Total Local Usage
	95078  -  Run Bytes Sent By Job
	25741  -  Run Bytes Received By Job
	95078  -  Total Bytes Sent By Job
	25741  -  Total Bytes Received By Job
	Partitionable Resources :    Usage  Request          
	   Cpus                 :                 1          
	   Disk (KB)            :      143      143          
	   Memory (MB)          :      225      225          
...
