
----------------------------------------------------
Job started on Mon Jun 22 21:48:25 EDT 2015 at WN: t2bat0311.cmsaf.mit.edu 
Job is running on Linux t2bat0311.cmsaf.mit.edu 2.6.32-358.el6.x86_64 #1 SMP Fri Feb 22 20:37:17 CST 2013 x86_64 x86_64 x86_64 GNU/Linux
Filesystem            Size  Used Avail Use% Mounted on
/dev/sda3              20G  3.1G   16G  17% /
tmpfs                  32G     0   32G   0% /dev/shm
/dev/sda1              97M   32M   61M  35% /boot
/dev/sda4             416G   95G  321G  23% /export/data1
fuse_dfs              4.9P  4.4P  522T  90% /mnt/hadoop
/dev/sdb1             3.6T  3.3T  379G  90% /export/00b
/dev/sdc1             3.6T  3.3T  391G  90% /export/00c
/dev/sdd1             3.6T  3.3T  388G  90% /export/00d
/dev/sde1             3.6T  3.3T  387G  90% /export/00e
/dev/sdf1             3.6T  3.2T  422G  89% /export/00f
/dev/sdg1             3.6T  3.2T  454G  88% /export/00g
t2srv0004:/export/db  135G  187M  135G   1% /net/t2srv0004/db
cvmfs2                 98G   91G  7.6G  93% /cvmfs/cms.cern.ch
cvmfs2                 98G   91G  7.6G  93% /cvmfs/atlas.cern.ch
cvmfs2                 98G   91G  7.6G  93% /cvmfs/atlas-nightlies.cern.ch
cvmfs2                 98G   91G  7.6G  93% /cvmfs/atlas-condb.cern.ch
cvmfs2                 98G   91G  7.6G  93% /cvmfs/sft.cern.ch
cvmfs2                 98G   91G  7.6G  93% /cvmfs/grid.cern.ch
cvmfs2                 98G   91G  7.6G  93% /cvmfs/oasis.opensciencegrid.org
cvmfs2                 98G   91G  7.6G  93% /cvmfs/fermilab.opensciencegrid.org
cvmfs2                 98G   91G  7.6G  93% /cvmfs/mu2e.opensciencegrid.org
cvmfs2                 98G   91G  7.6G  93% /cvmfs/cdfcfs.fnal.gov
cvmfs2                 98G   91G  7.6G  93% /cvmfs/cvmfs.cmsaf.mit.edu
gcc (GCC) 4.4.7 20120313 (Red Hat 4.4.7-3)
Copyright (C) 2010 Free Software Foundation, Inc.
This is free software; see the source for copying conditions.  There is NO
warranty; not even for MERCHANTABILITY or FITNESS FOR A PARTICULAR PURPOSE.

Processing...
0/2585047
10000/2585047
20000/2585047
30000/2585047
40000/2585047
50000/2585047
60000/2585047
70000/2585047
80000/2585047
90000/2585047
100000/2585047
110000/2585047
120000/2585047
130000/2585047
140000/2585047
150000/2585047
160000/2585047
170000/2585047
180000/2585047
190000/2585047
200000/2585047
210000/2585047
220000/2585047
230000/2585047
240000/2585047
250000/2585047
260000/2585047
270000/2585047
280000/2585047
290000/2585047
300000/2585047
310000/2585047
320000/2585047
330000/2585047
340000/2585047
350000/2585047
360000/2585047
370000/2585047
380000/2585047
390000/2585047
400000/2585047
410000/2585047
420000/2585047
430000/2585047
440000/2585047
450000/2585047
460000/2585047
470000/2585047
480000/2585047
490000/2585047
500000/2585047
510000/2585047
520000/2585047
530000/2585047
540000/2585047
550000/2585047
560000/2585047
570000/2585047
580000/2585047
590000/2585047
600000/2585047
610000/2585047
620000/2585047
630000/2585047
640000/2585047
650000/2585047
660000/2585047
670000/2585047
680000/2585047
690000/2585047
700000/2585047
710000/2585047
720000/2585047
730000/2585047
740000/2585047
750000/2585047
760000/2585047
770000/2585047
780000/2585047
790000/2585047
800000/2585047
810000/2585047
820000/2585047
830000/2585047
840000/2585047
850000/2585047
860000/2585047
870000/2585047
880000/2585047
890000/2585047
900000/2585047
910000/2585047
920000/2585047
930000/2585047
940000/2585047
950000/2585047
960000/2585047
970000/2585047
980000/2585047
990000/2585047
1000000/2585047
1010000/2585047
1020000/2585047
1030000/2585047
1040000/2585047
1050000/2585047
1060000/2585047
1070000/2585047
1080000/2585047
1090000/2585047
1100000/2585047
1110000/2585047
1120000/2585047
1130000/2585047
1140000/2585047
1150000/2585047
1160000/2585047
1170000/2585047
1180000/2585047
1190000/2585047
1200000/2585047
1210000/2585047
1220000/2585047
1230000/2585047
1240000/2585047
1250000/2585047
1260000/2585047
1270000/2585047
1280000/2585047
1290000/2585047
1300000/2585047
1310000/2585047
1320000/2585047
1330000/2585047
1340000/2585047
1350000/2585047
1360000/2585047
1370000/2585047
1380000/2585047
1390000/2585047
1400000/2585047
1410000/2585047
1420000/2585047
1430000/2585047
1440000/2585047
1450000/2585047
1460000/2585047
1470000/2585047
1480000/2585047
1490000/2585047
1500000/2585047
1510000/2585047
1520000/2585047
1530000/2585047
1540000/2585047
1550000/2585047
1560000/2585047
1570000/2585047
1580000/2585047
1590000/2585047
1600000/2585047
1610000/2585047
1620000/2585047
1630000/2585047
1640000/2585047
1650000/2585047
1660000/2585047
1670000/2585047
1680000/2585047
1690000/2585047
1700000/2585047
1710000/2585047
1720000/2585047
1730000/2585047
1740000/2585047
1750000/2585047
1760000/2585047
1770000/2585047
1780000/2585047
1790000/2585047
1800000/2585047
1810000/2585047
1820000/2585047
1830000/2585047
1840000/2585047
1850000/2585047
1860000/2585047
1870000/2585047
1880000/2585047
1890000/2585047
1900000/2585047
1910000/2585047
1920000/2585047
1930000/2585047
1940000/2585047
1950000/2585047
1960000/2585047
1970000/2585047
1980000/2585047
1990000/2585047
2000000/2585047
2010000/2585047
2020000/2585047
2030000/2585047
2040000/2585047
2050000/2585047
2060000/2585047
2070000/2585047
2080000/2585047
2090000/2585047
2100000/2585047
2110000/2585047
2120000/2585047
2130000/2585047
2140000/2585047
2150000/2585047
2160000/2585047
2170000/2585047
2180000/2585047
2190000/2585047
2200000/2585047
2210000/2585047
2220000/2585047
2230000/2585047
2240000/2585047
2250000/2585047
2260000/2585047
2270000/2585047
2280000/2585047
2290000/2585047
2300000/2585047
2310000/2585047
2320000/2585047
2330000/2585047
2340000/2585047
2350000/2585047
2360000/2585047
2370000/2585047
2380000/2585047
2390000/2585047
2400000/2585047
2410000/2585047
2420000/2585047
2430000/2585047
2440000/2585047
2450000/2585047
2460000/2585047
2470000/2585047
2480000/2585047
2490000/2585047
2500000/2585047
2510000/2585047
2520000/2585047
2530000/2585047
2540000/2585047
2550000/2585047
2560000/2585047
2570000/2585047
2580000/2585047
Macro finished: 
CPU time (min)  = 23.4782
Real time (min) = 24.8891
Done!
Copied output files to hadoop rootfiles/JetRAA/June22
