000 (426964.000.000) 06/22 21:48:06 Job submitted from host: <18.12.1.74:48322>
...
001 (426964.000.000) 06/22 21:48:28 Job executing on host: <18.12.9.64:47738>
...
006 (426964.000.000) 06/22 21:48:36 Image size of job updated: 1
	3  -  MemoryUsage of job (MB)
	2372  -  ResidentSetSize of job (KB)
...
006 (426964.000.000) 06/22 21:53:36 Image size of job updated: 340436
	174  -  MemoryUsage of job (MB)
	177732  -  ResidentSetSize of job (KB)
...
006 (426964.000.000) 06/22 21:58:36 Image size of job updated: 340436
	174  -  MemoryUsage of job (MB)
	177784  -  ResidentSetSize of job (KB)
...
006 (426964.000.000) 06/22 22:03:37 Image size of job updated: 347836
	212  -  MemoryUsage of job (MB)
	216256  -  ResidentSetSize of job (KB)
...
006 (426964.000.000) 06/22 22:08:38 Image size of job updated: 351484
	215  -  MemoryUsage of job (MB)
	219964  -  ResidentSetSize of job (KB)
...
005 (426964.000.000) 06/22 22:13:48 Job terminated.
	(1) Normal termination (return value 0)
		Usr 0 00:23:48, Sys 0 00:00:17  -  Run Remote Usage
		Usr 0 00:00:00, Sys 0 00:00:00  -  Run Local Usage
		Usr 0 00:23:48, Sys 0 00:00:17  -  Total Remote Usage
		Usr 0 00:00:00, Sys 0 00:00:00  -  Total Local Usage
	54842888  -  Run Bytes Sent By Job
	25791  -  Run Bytes Received By Job
	54842888  -  Total Bytes Sent By Job
	25791  -  Total Bytes Received By Job
	Partitionable Resources :    Usage  Request          
	   Cpus                 :                 1          
	   Disk (KB)            :    53608    53608          
	   Memory (MB)          :      215      215          
...
