000 (426966.000.000) 06/22 21:48:06 Job submitted from host: <18.12.1.74:48322>
...
001 (426966.000.000) 06/22 21:48:23 Job executing on host: <18.12.9.32:49125>
...
006 (426966.000.000) 06/22 21:48:32 Image size of job updated: 75476
	17  -  MemoryUsage of job (MB)
	17156  -  ResidentSetSize of job (KB)
...
006 (426966.000.000) 06/22 21:53:33 Image size of job updated: 332460
	118  -  MemoryUsage of job (MB)
	119900  -  ResidentSetSize of job (KB)
...
006 (426966.000.000) 06/22 21:58:34 Image size of job updated: 332460
	118  -  MemoryUsage of job (MB)
	119940  -  ResidentSetSize of job (KB)
...
006 (426966.000.000) 06/22 22:03:34 Image size of job updated: 348868
	178  -  MemoryUsage of job (MB)
	181256  -  ResidentSetSize of job (KB)
...
006 (426966.000.000) 06/22 22:13:35 Image size of job updated: 350344
	179  -  MemoryUsage of job (MB)
	182696  -  ResidentSetSize of job (KB)
...
006 (426966.000.000) 06/22 22:23:35 Image size of job updated: 350540
	179  -  MemoryUsage of job (MB)
	182892  -  ResidentSetSize of job (KB)
...
006 (426966.000.000) 06/22 22:38:37 Image size of job updated: 352156
	181  -  MemoryUsage of job (MB)
	184508  -  ResidentSetSize of job (KB)
...
006 (426966.000.000) 06/22 22:43:38 Image size of job updated: 352156
	181  -  MemoryUsage of job (MB)
	184512  -  ResidentSetSize of job (KB)
...
006 (426966.000.000) 06/22 23:23:42 Image size of job updated: 352812
	205  -  MemoryUsage of job (MB)
	209688  -  ResidentSetSize of job (KB)
...
006 (426966.000.000) 06/22 23:33:43 Image size of job updated: 353568
	206  -  MemoryUsage of job (MB)
	210912  -  ResidentSetSize of job (KB)
...
006 (426966.000.000) 06/22 23:43:44 Image size of job updated: 354152
	206  -  MemoryUsage of job (MB)
	210912  -  ResidentSetSize of job (KB)
...
006 (426966.000.000) 06/22 23:58:46 Image size of job updated: 354312
	206  -  MemoryUsage of job (MB)
	210912  -  ResidentSetSize of job (KB)
...
006 (426966.000.000) 06/23 00:08:47 Image size of job updated: 355492
	206  -  MemoryUsage of job (MB)
	210912  -  ResidentSetSize of job (KB)
...
005 (426966.000.000) 06/23 00:20:24 Job terminated.
	(1) Normal termination (return value 0)
		Usr 0 00:38:13, Sys 0 00:00:19  -  Run Remote Usage
		Usr 0 00:00:00, Sys 0 00:00:00  -  Run Local Usage
		Usr 0 00:38:13, Sys 0 00:00:19  -  Total Remote Usage
		Usr 0 00:00:00, Sys 0 00:00:00  -  Total Local Usage
	48517120  -  Run Bytes Sent By Job
	25791  -  Run Bytes Received By Job
	48517120  -  Total Bytes Sent By Job
	25791  -  Total Bytes Received By Job
	Partitionable Resources :    Usage  Request          
	   Cpus                 :                 1          
	   Disk (KB)            :    47431    47431          
	   Memory (MB)          :      206      206          
...
