
----------------------------------------------------
Job started on Mon Jun 29 22:02:44 EDT 2015 at WN: t2bat0339.cmsaf.mit.edu 
Job is running on Linux t2bat0339.cmsaf.mit.edu 2.6.32-358.el6.x86_64 #1 SMP Fri Feb 22 20:37:17 CST 2013 x86_64 x86_64 x86_64 GNU/Linux
Filesystem            Size  Used Avail Use% Mounted on
/dev/sda3              20G  3.0G   16G  16% /
tmpfs                  32G     0   32G   0% /dev/shm
/dev/sda1              97M   32M   61M  35% /boot
/dev/sda4             416G  101G  315G  25% /export/data1
fuse_dfs              4.9P  4.4P  527T  90% /mnt/hadoop
/dev/sdb1             3.6T  3.2T  443G  88% /export/00b
/dev/sdc1             3.6T  3.2T  476G  88% /export/00c
/dev/sdd1             3.6T  3.2T  451G  88% /export/00d
/dev/sde1             3.6T  3.2T  454G  88% /export/00e
/dev/sdf1             3.6T  3.2T  483G  87% /export/00f
/dev/sdg1             3.6T  3.2T  428G  89% /export/00g
cvmfs2                 98G   91G  7.0G  93% /cvmfs/cms.cern.ch
t2srv0004:/export/db  135G  187M  135G   1% /net/t2srv0004/db
cvmfs2                 98G   91G  7.0G  93% /cvmfs/cvmfs.cmsaf.mit.edu
cvmfs2                 98G   91G  7.0G  93% /cvmfs/oasis.opensciencegrid.org
cvmfs2                 98G   91G  7.0G  93% /cvmfs/cdfcfs.fnal.gov
gcc (GCC) 4.4.7 20120313 (Red Hat 4.4.7-3)
Copyright (C) 2010 Free Software Foundation, Inc.
This is free software; see the source for copying conditions.  There is NO
warranty; not even for MERCHANTABILITY or FITNESS FOR A PARTICULAR PURPOSE.

Processing...
0/2632879
10000/2632879
20000/2632879
30000/2632879
40000/2632879
50000/2632879
60000/2632879
70000/2632879
80000/2632879
90000/2632879
100000/2632879
110000/2632879
120000/2632879
130000/2632879
140000/2632879
150000/2632879
160000/2632879
170000/2632879
180000/2632879
190000/2632879
200000/2632879
210000/2632879
220000/2632879
230000/2632879
240000/2632879
250000/2632879
260000/2632879
270000/2632879
280000/2632879
290000/2632879
300000/2632879
310000/2632879
320000/2632879
330000/2632879
340000/2632879
350000/2632879
360000/2632879
370000/2632879
380000/2632879
390000/2632879
400000/2632879
410000/2632879
420000/2632879
430000/2632879
440000/2632879
450000/2632879
460000/2632879
470000/2632879
480000/2632879
490000/2632879
500000/2632879
510000/2632879
520000/2632879
530000/2632879
540000/2632879
550000/2632879
560000/2632879
570000/2632879
580000/2632879
590000/2632879
600000/2632879
610000/2632879
620000/2632879
630000/2632879
640000/2632879
650000/2632879
660000/2632879
670000/2632879
680000/2632879
690000/2632879
700000/2632879
710000/2632879
720000/2632879
730000/2632879
740000/2632879
750000/2632879
760000/2632879
770000/2632879
780000/2632879
790000/2632879
800000/2632879
810000/2632879
820000/2632879
830000/2632879
840000/2632879
850000/2632879
860000/2632879
870000/2632879
880000/2632879
890000/2632879
900000/2632879
910000/2632879
920000/2632879
930000/2632879
940000/2632879
950000/2632879
960000/2632879
970000/2632879
980000/2632879
990000/2632879
1000000/2632879
1010000/2632879
1020000/2632879
1030000/2632879
1040000/2632879
1050000/2632879
1060000/2632879
1070000/2632879
1080000/2632879
1090000/2632879
1100000/2632879
1110000/2632879
1120000/2632879
1130000/2632879
1140000/2632879
1150000/2632879
1160000/2632879
1170000/2632879
1180000/2632879
1190000/2632879
1200000/2632879
1210000/2632879
1220000/2632879
1230000/2632879
1240000/2632879
1250000/2632879
1260000/2632879
1270000/2632879
1280000/2632879
1290000/2632879
1300000/2632879
1310000/2632879
1320000/2632879
1330000/2632879
1340000/2632879
1350000/2632879
1360000/2632879
1370000/2632879
1380000/2632879
1390000/2632879
1400000/2632879
1410000/2632879
1420000/2632879
1430000/2632879
1440000/2632879
1450000/2632879
1460000/2632879
1470000/2632879
1480000/2632879
1490000/2632879
1500000/2632879
1510000/2632879
1520000/2632879
1530000/2632879
1540000/2632879
1550000/2632879
1560000/2632879
1570000/2632879
1580000/2632879
1590000/2632879
1600000/2632879
1610000/2632879
1620000/2632879
1630000/2632879
1640000/2632879
1650000/2632879
1660000/2632879
1670000/2632879
1680000/2632879
1690000/2632879
1700000/2632879
1710000/2632879
1720000/2632879
1730000/2632879
1740000/2632879
1750000/2632879
1760000/2632879
1770000/2632879
1780000/2632879
1790000/2632879
1800000/2632879
1810000/2632879
1820000/2632879
1830000/2632879
1840000/2632879
1850000/2632879
1860000/2632879
1870000/2632879
1880000/2632879
1890000/2632879
1900000/2632879
1910000/2632879
1920000/2632879
1930000/2632879
1940000/2632879
1950000/2632879
1960000/2632879
1970000/2632879
1980000/2632879
1990000/2632879
2000000/2632879
2010000/2632879
2020000/2632879
2030000/2632879
2040000/2632879
2050000/2632879
2060000/2632879
2070000/2632879
2080000/2632879
2090000/2632879
2100000/2632879
2110000/2632879
2120000/2632879
2130000/2632879
2140000/2632879
2150000/2632879
2160000/2632879
2170000/2632879
2180000/2632879
2190000/2632879
2200000/2632879
2210000/2632879
2220000/2632879
2230000/2632879
2240000/2632879
2250000/2632879
2260000/2632879
2270000/2632879
2280000/2632879
2290000/2632879
2300000/2632879
2310000/2632879
2320000/2632879
2330000/2632879
2340000/2632879
2350000/2632879
2360000/2632879
2370000/2632879
2380000/2632879
2390000/2632879
2400000/2632879
2410000/2632879
2420000/2632879
2430000/2632879
2440000/2632879
2450000/2632879
2460000/2632879
2470000/2632879
2480000/2632879
2490000/2632879
2500000/2632879
2510000/2632879
2520000/2632879
2530000/2632879
2540000/2632879
2550000/2632879
2560000/2632879
2570000/2632879
2580000/2632879
2590000/2632879
2600000/2632879
2610000/2632879
2620000/2632879
2630000/2632879
Macro finished: 
CPU time (min)  = 24.0938
Real time (min) = 25.9067
Done!
Copied output files to hadoop rootfiles/JetRAA/June22
