
----------------------------------------------------
Job started on Mon Jun 22 21:48:23 EDT 2015 at WN: t2bat0302.cmsaf.mit.edu 
Job is running on Linux t2bat0302.cmsaf.mit.edu 2.6.32-358.el6.x86_64 #1 SMP Fri Feb 22 20:37:17 CST 2013 x86_64 x86_64 x86_64 GNU/Linux
Filesystem            Size  Used Avail Use% Mounted on
/dev/sda3              20G  2.7G   16G  15% /
tmpfs                  32G     0   32G   0% /dev/shm
/dev/sda1              97M   32M   61M  35% /boot
/dev/sda4             416G   70G  346G  17% /export/data1
fuse_dfs              4.9P  4.4P  522T  90% /mnt/hadoop
/dev/sdb1             3.6T  3.1T  530G  86% /export/00b
/dev/sdc1             3.6T  3.1T  506G  87% /export/00c
/dev/sdd1             3.6T  3.1T  543G  86% /export/00d
/dev/sde1             3.6T  3.1T  534G  86% /export/00e
/dev/sdf1             3.6T  3.1T  527G  86% /export/00f
/dev/sdg1             3.6T  3.1T  564G  85% /export/00g
/dev/sdh1             3.6T  3.1T  530G  86% /export/00h
/dev/sdi1             3.6T  3.1T  550G  86% /export/00i
/dev/sdj1             3.6T  3.1T  513G  87% /export/00j
/dev/sdk1             3.6T  3.1T  549G  86% /export/00k
/dev/sdl1             3.6T  3.1T  553G  85% /export/00l
cvmfs2                 98G   66G   32G  68% /cvmfs/cms.cern.ch
t2srv0004:/export/db  135G  187M  135G   1% /net/t2srv0004/db
gcc (GCC) 4.4.7 20120313 (Red Hat 4.4.7-3)
Copyright (C) 2010 Free Software Foundation, Inc.
This is free software; see the source for copying conditions.  There is NO
warranty; not even for MERCHANTABILITY or FITNESS FOR A PARTICULAR PURPOSE.

Processing...
0/2583523
10000/2583523
20000/2583523
30000/2583523
40000/2583523
50000/2583523
60000/2583523
70000/2583523
80000/2583523
90000/2583523
100000/2583523
110000/2583523
120000/2583523
130000/2583523
140000/2583523
150000/2583523
160000/2583523
170000/2583523
180000/2583523
190000/2583523
200000/2583523
210000/2583523
220000/2583523
230000/2583523
240000/2583523
250000/2583523
260000/2583523
270000/2583523
280000/2583523
290000/2583523
300000/2583523
310000/2583523
320000/2583523
330000/2583523
340000/2583523
350000/2583523
360000/2583523
370000/2583523
380000/2583523
390000/2583523
400000/2583523
410000/2583523
420000/2583523
430000/2583523
440000/2583523
450000/2583523
460000/2583523
470000/2583523
480000/2583523
490000/2583523
500000/2583523
510000/2583523
520000/2583523
530000/2583523
540000/2583523
550000/2583523
560000/2583523
570000/2583523
580000/2583523
590000/2583523
600000/2583523
610000/2583523
620000/2583523
630000/2583523
640000/2583523
650000/2583523
660000/2583523
670000/2583523
680000/2583523
690000/2583523
700000/2583523
710000/2583523
720000/2583523
730000/2583523
740000/2583523
750000/2583523
760000/2583523
770000/2583523
780000/2583523
790000/2583523
800000/2583523
810000/2583523
820000/2583523
830000/2583523
840000/2583523
850000/2583523
860000/2583523
870000/2583523
880000/2583523
890000/2583523
900000/2583523
910000/2583523
920000/2583523
930000/2583523
940000/2583523
950000/2583523
960000/2583523
970000/2583523
980000/2583523
990000/2583523
1000000/2583523
1010000/2583523
1020000/2583523
1030000/2583523
1040000/2583523
1050000/2583523
1060000/2583523
1070000/2583523
1080000/2583523
1090000/2583523
1100000/2583523
1110000/2583523
1120000/2583523
1130000/2583523
1140000/2583523
1150000/2583523
1160000/2583523
1170000/2583523
1180000/2583523
1190000/2583523
1200000/2583523
1210000/2583523
1220000/2583523
1230000/2583523
1240000/2583523
1250000/2583523
1260000/2583523
1270000/2583523
1280000/2583523
1290000/2583523
1300000/2583523
1310000/2583523
1320000/2583523
1330000/2583523
1340000/2583523
1350000/2583523
1360000/2583523
1370000/2583523
1380000/2583523
1390000/2583523
1400000/2583523
1410000/2583523
1420000/2583523
1430000/2583523
1440000/2583523
1450000/2583523
1460000/2583523
1470000/2583523
1480000/2583523
1490000/2583523
1500000/2583523
1510000/2583523
1520000/2583523
1530000/2583523
1540000/2583523
1550000/2583523
1560000/2583523
1570000/2583523
1580000/2583523
1590000/2583523
1600000/2583523
1610000/2583523
1620000/2583523
1630000/2583523
1640000/2583523
1650000/2583523
1660000/2583523
1670000/2583523
1680000/2583523
1690000/2583523
1700000/2583523
1710000/2583523
1720000/2583523
1730000/2583523
1740000/2583523
1750000/2583523
1760000/2583523
1770000/2583523
1780000/2583523
1790000/2583523
1800000/2583523
1810000/2583523
1820000/2583523
1830000/2583523
1840000/2583523
1850000/2583523
1860000/2583523
1870000/2583523
1880000/2583523
1890000/2583523
1900000/2583523
1910000/2583523
1920000/2583523
1930000/2583523
1940000/2583523
1950000/2583523
1960000/2583523
1970000/2583523
1980000/2583523
1990000/2583523
2000000/2583523
2010000/2583523
2020000/2583523
2030000/2583523
2040000/2583523
2050000/2583523
2060000/2583523
2070000/2583523
2080000/2583523
2090000/2583523
2100000/2583523
2110000/2583523
2120000/2583523
2130000/2583523
2140000/2583523
2150000/2583523
2160000/2583523
2170000/2583523
2180000/2583523
2190000/2583523
2200000/2583523
2210000/2583523
2220000/2583523
2230000/2583523
2240000/2583523
2250000/2583523
2260000/2583523
2270000/2583523
2280000/2583523
2290000/2583523
2300000/2583523
2310000/2583523
2320000/2583523
2330000/2583523
2340000/2583523
2350000/2583523
2360000/2583523
2370000/2583523
2380000/2583523
2390000/2583523
2400000/2583523
2410000/2583523
2420000/2583523
2430000/2583523
2440000/2583523
2450000/2583523
2460000/2583523
2470000/2583523
2480000/2583523
2490000/2583523
2500000/2583523
2510000/2583523
2520000/2583523
2530000/2583523
2540000/2583523
2550000/2583523
2560000/2583523
2570000/2583523
2580000/2583523
Macro finished: 
CPU time (min)  = 23.9565
Real time (min) = 25.5458
Done!
Copied output files to hadoop rootfiles/JetRAA/June22
