000 (426969.000.000) 06/22 21:48:07 Job submitted from host: <18.12.1.74:48322>
...
001 (426969.000.000) 06/22 21:48:53 Job executing on host: <18.12.9.1:42409>
...
006 (426969.000.000) 06/22 21:49:01 Image size of job updated: 325184
	118  -  MemoryUsage of job (MB)
	120488  -  ResidentSetSize of job (KB)
...
006 (426969.000.000) 06/22 21:54:01 Image size of job updated: 337652
	172  -  MemoryUsage of job (MB)
	175448  -  ResidentSetSize of job (KB)
...
006 (426969.000.000) 06/22 21:59:02 Image size of job updated: 338328
	172  -  MemoryUsage of job (MB)
	176112  -  ResidentSetSize of job (KB)
...
006 (426969.000.000) 06/22 22:04:03 Image size of job updated: 338328
	173  -  MemoryUsage of job (MB)
	176176  -  ResidentSetSize of job (KB)
...
006 (426969.000.000) 06/22 22:09:03 Image size of job updated: 345336
	210  -  MemoryUsage of job (MB)
	214276  -  ResidentSetSize of job (KB)
...
006 (426969.000.000) 06/22 22:14:03 Image size of job updated: 345508
	210  -  MemoryUsage of job (MB)
	214276  -  ResidentSetSize of job (KB)
...
005 (426969.000.000) 06/22 22:18:35 Job terminated.
	(1) Normal termination (return value 0)
		Usr 0 00:26:25, Sys 0 00:00:06  -  Run Remote Usage
		Usr 0 00:00:00, Sys 0 00:00:00  -  Run Local Usage
		Usr 0 00:26:25, Sys 0 00:00:06  -  Total Remote Usage
		Usr 0 00:00:00, Sys 0 00:00:00  -  Total Local Usage
	97446  -  Run Bytes Sent By Job
	25791  -  Run Bytes Received By Job
	97446  -  Total Bytes Sent By Job
	25791  -  Total Bytes Received By Job
	Partitionable Resources :    Usage  Request          
	   Cpus                 :                 1          
	   Disk (KB)            :      146      146          
	   Memory (MB)          :      210      210          
...
000 (492166.000.000) 06/29 09:52:26 Job submitted from host: <18.12.1.74:48322>
...
001 (492166.000.000) 06/29 09:52:39 Job executing on host: <18.12.8.190:43358>
...
006 (492166.000.000) 06/29 09:52:48 Image size of job updated: 1
	3  -  MemoryUsage of job (MB)
	2352  -  ResidentSetSize of job (KB)
...
006 (492166.000.000) 06/29 09:57:49 Image size of job updated: 350324
	176  -  MemoryUsage of job (MB)
	179372  -  ResidentSetSize of job (KB)
...
006 (492166.000.000) 06/29 10:02:49 Image size of job updated: 359872
	208  -  MemoryUsage of job (MB)
	212856  -  ResidentSetSize of job (KB)
...
006 (492166.000.000) 06/29 10:07:50 Image size of job updated: 360216
	209  -  MemoryUsage of job (MB)
	213232  -  ResidentSetSize of job (KB)
...
006 (492166.000.000) 06/29 10:12:51 Image size of job updated: 361480
	210  -  MemoryUsage of job (MB)
	214496  -  ResidentSetSize of job (KB)
...
006 (492166.000.000) 06/29 10:17:51 Image size of job updated: 361988
	210  -  MemoryUsage of job (MB)
	214992  -  ResidentSetSize of job (KB)
...
005 (492166.000.000) 06/29 10:20:53 Job terminated.
	(1) Normal termination (return value 0)
		Usr 0 00:26:13, Sys 0 00:00:08  -  Run Remote Usage
		Usr 0 00:00:00, Sys 0 00:00:00  -  Run Local Usage
		Usr 0 00:26:13, Sys 0 00:00:08  -  Total Remote Usage
		Usr 0 00:00:00, Sys 0 00:00:00  -  Total Local Usage
	94684  -  Run Bytes Sent By Job
	25744  -  Run Bytes Received By Job
	94684  -  Total Bytes Sent By Job
	25744  -  Total Bytes Received By Job
	Partitionable Resources :    Usage  Request          
	   Cpus                 :                 1          
	   Disk (KB)            :      143      143          
	   Memory (MB)          :      210      210          
...
000 (495456.000.000) 06/29 22:02:37 Job submitted from host: <18.12.1.74:48322>
...
001 (495456.000.000) 06/29 22:02:42 Job executing on host: <18.12.8.58:48906>
...
006 (495456.000.000) 06/29 22:02:51 Image size of job updated: 1
	3  -  MemoryUsage of job (MB)
	2364  -  ResidentSetSize of job (KB)
...
006 (495456.000.000) 06/29 22:07:51 Image size of job updated: 350392
	174  -  MemoryUsage of job (MB)
	177940  -  ResidentSetSize of job (KB)
...
006 (495456.000.000) 06/29 22:12:51 Image size of job updated: 359940
	221  -  MemoryUsage of job (MB)
	226060  -  ResidentSetSize of job (KB)
...
006 (495456.000.000) 06/29 22:17:52 Image size of job updated: 360288
	222  -  MemoryUsage of job (MB)
	226436  -  ResidentSetSize of job (KB)
...
006 (495456.000.000) 06/29 22:22:53 Image size of job updated: 361548
	223  -  MemoryUsage of job (MB)
	227696  -  ResidentSetSize of job (KB)
...
006 (495456.000.000) 06/29 22:27:53 Image size of job updated: 362060
	223  -  MemoryUsage of job (MB)
	228208  -  ResidentSetSize of job (KB)
...
005 (495456.000.000) 06/29 22:31:54 Job terminated.
	(1) Normal termination (return value 0)
		Usr 0 00:27:03, Sys 0 00:00:08  -  Run Remote Usage
		Usr 0 00:00:00, Sys 0 00:00:00  -  Run Local Usage
		Usr 0 00:27:03, Sys 0 00:00:08  -  Total Remote Usage
		Usr 0 00:00:00, Sys 0 00:00:00  -  Total Local Usage
	94701  -  Run Bytes Sent By Job
	25741  -  Run Bytes Received By Job
	94701  -  Total Bytes Sent By Job
	25741  -  Total Bytes Received By Job
	Partitionable Resources :    Usage  Request          
	   Cpus                 :                 1          
	   Disk (KB)            :      143      143          
	   Memory (MB)          :      223      223          
...
