000 (426974.000.000) 06/22 21:48:07 Job submitted from host: <18.12.1.74:48322>
...
001 (426974.000.000) 06/22 21:48:23 Job executing on host: <18.12.9.40:43796>
...
006 (426974.000.000) 06/22 21:48:32 Image size of job updated: 1
	3  -  MemoryUsage of job (MB)
	2360  -  ResidentSetSize of job (KB)
...
006 (426974.000.000) 06/22 21:53:33 Image size of job updated: 324964
	114  -  MemoryUsage of job (MB)
	116460  -  ResidentSetSize of job (KB)
...
006 (426974.000.000) 06/22 21:58:33 Image size of job updated: 336508
	169  -  MemoryUsage of job (MB)
	172764  -  ResidentSetSize of job (KB)
...
006 (426974.000.000) 06/22 22:03:34 Image size of job updated: 337516
	170  -  MemoryUsage of job (MB)
	173744  -  ResidentSetSize of job (KB)
...
006 (426974.000.000) 06/22 22:08:35 Image size of job updated: 337516
	170  -  MemoryUsage of job (MB)
	173748  -  ResidentSetSize of job (KB)
...
006 (426974.000.000) 06/22 22:13:35 Image size of job updated: 337516
	170  -  MemoryUsage of job (MB)
	173812  -  ResidentSetSize of job (KB)
...
006 (426974.000.000) 06/22 22:18:35 Image size of job updated: 337808
	170  -  MemoryUsage of job (MB)
	174040  -  ResidentSetSize of job (KB)
...
006 (426974.000.000) 06/22 22:23:36 Image size of job updated: 337808
	170  -  MemoryUsage of job (MB)
	174044  -  ResidentSetSize of job (KB)
...
006 (426974.000.000) 06/22 22:33:36 Image size of job updated: 338016
	171  -  MemoryUsage of job (MB)
	174260  -  ResidentSetSize of job (KB)
...
006 (426974.000.000) 06/22 22:43:38 Image size of job updated: 338016
	171  -  MemoryUsage of job (MB)
	174268  -  ResidentSetSize of job (KB)
...
006 (426974.000.000) 06/22 22:53:39 Image size of job updated: 338176
	171  -  MemoryUsage of job (MB)
	174428  -  ResidentSetSize of job (KB)
...
006 (426974.000.000) 06/22 23:08:41 Image size of job updated: 344744
	209  -  MemoryUsage of job (MB)
	213516  -  ResidentSetSize of job (KB)
...
006 (426974.000.000) 06/22 23:18:42 Image size of job updated: 345096
	209  -  MemoryUsage of job (MB)
	213868  -  ResidentSetSize of job (KB)
...
005 (426974.000.000) 06/23 00:23:44 Job terminated.
	(1) Normal termination (return value 0)
		Usr 0 00:39:08, Sys 0 00:00:06  -  Run Remote Usage
		Usr 0 00:00:00, Sys 0 00:00:00  -  Run Local Usage
		Usr 0 00:39:08, Sys 0 00:00:06  -  Total Remote Usage
		Usr 0 00:00:00, Sys 0 00:00:00  -  Total Local Usage
	97295  -  Run Bytes Sent By Job
	25791  -  Run Bytes Received By Job
	97295  -  Total Bytes Sent By Job
	25791  -  Total Bytes Received By Job
	Partitionable Resources :    Usage  Request          
	   Cpus                 :                 1          
	   Disk (KB)            :      146      146          
	   Memory (MB)          :      209      209          
...
