000 (426967.000.000) 06/22 21:48:06 Job submitted from host: <18.12.1.74:48322>
...
001 (426967.000.000) 06/22 21:48:23 Job executing on host: <18.12.9.37:43285>
...
006 (426967.000.000) 06/22 21:48:32 Image size of job updated: 70632
	15  -  MemoryUsage of job (MB)
	14880  -  ResidentSetSize of job (KB)
...
006 (426967.000.000) 06/22 21:53:33 Image size of job updated: 321796
	112  -  MemoryUsage of job (MB)
	113916  -  ResidentSetSize of job (KB)
...
006 (426967.000.000) 06/22 21:58:33 Image size of job updated: 333528
	167  -  MemoryUsage of job (MB)
	170472  -  ResidentSetSize of job (KB)
...
006 (426967.000.000) 06/22 22:03:33 Image size of job updated: 333796
	167  -  MemoryUsage of job (MB)
	170644  -  ResidentSetSize of job (KB)
...
006 (426967.000.000) 06/22 22:08:34 Image size of job updated: 334448
	168  -  MemoryUsage of job (MB)
	171280  -  ResidentSetSize of job (KB)
...
006 (426967.000.000) 06/22 22:18:35 Image size of job updated: 335512
	169  -  MemoryUsage of job (MB)
	172344  -  ResidentSetSize of job (KB)
...
006 (426967.000.000) 06/22 22:48:39 Image size of job updated: 335512
	169  -  MemoryUsage of job (MB)
	172352  -  ResidentSetSize of job (KB)
...
006 (426967.000.000) 06/22 22:58:40 Image size of job updated: 335732
	169  -  MemoryUsage of job (MB)
	172572  -  ResidentSetSize of job (KB)
...
006 (426967.000.000) 06/22 23:18:42 Image size of job updated: 342656
	195  -  MemoryUsage of job (MB)
	198680  -  ResidentSetSize of job (KB)
...
006 (426967.000.000) 06/22 23:28:43 Image size of job updated: 343052
	195  -  MemoryUsage of job (MB)
	199076  -  ResidentSetSize of job (KB)
...
005 (426967.000.000) 06/22 23:33:06 Job terminated.
	(1) Normal termination (return value 0)
		Usr 0 00:24:33, Sys 0 00:00:13  -  Run Remote Usage
		Usr 0 00:00:00, Sys 0 00:00:00  -  Run Local Usage
		Usr 0 00:24:33, Sys 0 00:00:13  -  Total Remote Usage
		Usr 0 00:00:00, Sys 0 00:00:00  -  Total Local Usage
	34091836  -  Run Bytes Sent By Job
	25791  -  Run Bytes Received By Job
	34091836  -  Total Bytes Sent By Job
	25791  -  Total Bytes Received By Job
	Partitionable Resources :    Usage  Request          
	   Cpus                 :                 1          
	   Disk (KB)            :    33343    33343          
	   Memory (MB)          :      195      195          
...
000 (492164.000.000) 06/29 09:52:26 Job submitted from host: <18.12.1.74:48322>
...
001 (492164.000.000) 06/29 09:52:37 Job executing on host: <18.12.6.13:47227>
...
006 (492164.000.000) 06/29 09:52:46 Image size of job updated: 1
	3  -  MemoryUsage of job (MB)
	2360  -  ResidentSetSize of job (KB)
...
006 (492164.000.000) 06/29 09:57:47 Image size of job updated: 347004
	170  -  MemoryUsage of job (MB)
	173972  -  ResidentSetSize of job (KB)
...
006 (492164.000.000) 06/29 10:02:47 Image size of job updated: 357608
	219  -  MemoryUsage of job (MB)
	223412  -  ResidentSetSize of job (KB)
...
006 (492164.000.000) 06/29 10:07:47 Image size of job updated: 359712
	237  -  MemoryUsage of job (MB)
	241752  -  ResidentSetSize of job (KB)
...
005 (492164.000.000) 06/29 10:08:11 Job terminated.
	(1) Normal termination (return value 0)
		Usr 0 00:14:19, Sys 0 00:00:10  -  Run Remote Usage
		Usr 0 00:00:00, Sys 0 00:00:00  -  Run Local Usage
		Usr 0 00:14:19, Sys 0 00:00:10  -  Total Remote Usage
		Usr 0 00:00:00, Sys 0 00:00:00  -  Total Local Usage
	35189988  -  Run Bytes Sent By Job
	25744  -  Run Bytes Received By Job
	35189988  -  Total Bytes Sent By Job
	25744  -  Total Bytes Received By Job
	Partitionable Resources :    Usage  Request          
	   Cpus                 :                 1          
	   Disk (KB)            :    34416    34416          
	   Memory (MB)          :      237      237          
...
000 (495454.000.000) 06/29 22:02:37 Job submitted from host: <18.12.1.74:48322>
...
001 (495454.000.000) 06/29 22:03:09 Job executing on host: <18.12.8.31:49198>
...
006 (495454.000.000) 06/29 22:03:18 Image size of job updated: 332420
	112  -  MemoryUsage of job (MB)
	114052  -  ResidentSetSize of job (KB)
...
006 (495454.000.000) 06/29 22:08:19 Image size of job updated: 346312
	170  -  MemoryUsage of job (MB)
	173200  -  ResidentSetSize of job (KB)
...
006 (495454.000.000) 06/29 22:13:20 Image size of job updated: 356528
	217  -  MemoryUsage of job (MB)
	221648  -  ResidentSetSize of job (KB)
...
006 (495454.000.000) 06/29 22:18:20 Image size of job updated: 359780
	220  -  MemoryUsage of job (MB)
	224908  -  ResidentSetSize of job (KB)
...
005 (495454.000.000) 06/29 22:25:56 Job terminated.
	(1) Normal termination (return value 0)
		Usr 0 00:21:20, Sys 0 00:00:22  -  Run Remote Usage
		Usr 0 00:00:00, Sys 0 00:00:00  -  Run Local Usage
		Usr 0 00:21:20, Sys 0 00:00:22  -  Total Remote Usage
		Usr 0 00:00:00, Sys 0 00:00:00  -  Total Local Usage
	35190084  -  Run Bytes Sent By Job
	25741  -  Run Bytes Received By Job
	35190084  -  Total Bytes Sent By Job
	25741  -  Total Bytes Received By Job
	Partitionable Resources :    Usage  Request          
	   Cpus                 :                 1          
	   Disk (KB)            :    34416    34416          
	   Memory (MB)          :      220      220          
...
