000 (427981.000.000) 06/23 09:58:08 Job submitted from host: <18.12.1.74:48322>
...
001 (427981.000.000) 06/23 09:58:49 Job executing on host: <18.12.8.230:40657>
...
006 (427981.000.000) 06/23 09:58:57 Image size of job updated: 1
	3  -  MemoryUsage of job (MB)
	2364  -  ResidentSetSize of job (KB)
...
006 (427981.000.000) 06/23 10:03:57 Image size of job updated: 503528
	359  -  MemoryUsage of job (MB)
	367616  -  ResidentSetSize of job (KB)
...
005 (427981.000.000) 06/23 10:04:51 Job terminated.
	(1) Normal termination (return value 0)
		Usr 0 00:04:01, Sys 0 00:00:02  -  Run Remote Usage
		Usr 0 00:00:00, Sys 0 00:00:00  -  Run Local Usage
		Usr 0 00:04:01, Sys 0 00:00:02  -  Total Remote Usage
		Usr 0 00:00:00, Sys 0 00:00:00  -  Total Local Usage
	179006  -  Run Bytes Sent By Job
	43520  -  Run Bytes Received By Job
	179006  -  Total Bytes Sent By Job
	43520  -  Total Bytes Received By Job
	Partitionable Resources :    Usage  Request          
	   Cpus                 :                 1          
	   Disk (KB)            :      243      243          
	   Memory (MB)          :      359      359          
...
000 (428000.000.000) 06/23 11:36:51 Job submitted from host: <18.12.1.74:48322>
...
001 (428000.000.000) 06/23 11:37:24 Job executing on host: <18.12.9.52:45037>
...
006 (428000.000.000) 06/23 11:37:29 Image size of job updated: 1
	0  -  MemoryUsage of job (MB)
	0  -  ResidentSetSize of job (KB)
...
005 (428000.000.000) 06/23 11:37:29 Job terminated.
	(1) Normal termination (return value 0)
		Usr 0 00:00:00, Sys 0 00:00:00  -  Run Remote Usage
		Usr 0 00:00:00, Sys 0 00:00:00  -  Run Local Usage
		Usr 0 00:00:00, Sys 0 00:00:00  -  Total Remote Usage
		Usr 0 00:00:00, Sys 0 00:00:00  -  Total Local Usage
	193175  -  Run Bytes Sent By Job
	43958  -  Run Bytes Received By Job
	193175  -  Total Bytes Sent By Job
	43958  -  Total Bytes Received By Job
	Partitionable Resources :    Usage  Request          
	   Cpus                 :                 1          
	   Disk (KB)            :      257      257          
	   Memory (MB)          :        0        0          
...
000 (428009.000.000) 06/23 11:50:50 Job submitted from host: <18.12.1.74:48322>
...
001 (428009.000.000) 06/23 11:51:00 Job executing on host: <18.12.9.71:48103>
...
006 (428009.000.000) 06/23 11:51:09 Image size of job updated: 555836
	316  -  MemoryUsage of job (MB)
	322868  -  ResidentSetSize of job (KB)
...
006 (428009.000.000) 06/23 11:55:28 Image size of job updated: 561648
	316  -  MemoryUsage of job (MB)
	322868  -  ResidentSetSize of job (KB)
...
005 (428009.000.000) 06/23 11:55:28 Job terminated.
	(1) Normal termination (return value 0)
		Usr 0 00:03:25, Sys 0 00:00:02  -  Run Remote Usage
		Usr 0 00:00:00, Sys 0 00:00:00  -  Run Local Usage
		Usr 0 00:03:25, Sys 0 00:00:02  -  Total Remote Usage
		Usr 0 00:00:00, Sys 0 00:00:00  -  Total Local Usage
	170824  -  Run Bytes Sent By Job
	40713  -  Run Bytes Received By Job
	170824  -  Total Bytes Sent By Job
	40713  -  Total Bytes Received By Job
	Partitionable Resources :    Usage  Request          
	   Cpus                 :                 1          
	   Disk (KB)            :      232      232          
	   Memory (MB)          :      316      316          
...
000 (428018.000.000) 06/23 12:17:20 Job submitted from host: <18.12.1.74:48322>
...
001 (428018.000.000) 06/23 12:17:31 Job executing on host: <18.12.9.54:46570>
...
006 (428018.000.000) 06/23 12:17:40 Image size of job updated: 555844
	318  -  MemoryUsage of job (MB)
	325504  -  ResidentSetSize of job (KB)
...
006 (428018.000.000) 06/23 12:22:33 Image size of job updated: 561656
	318  -  MemoryUsage of job (MB)
	325504  -  ResidentSetSize of job (KB)
...
005 (428018.000.000) 06/23 12:22:34 Job terminated.
	(1) Normal termination (return value 0)
		Usr 0 00:03:33, Sys 0 00:00:04  -  Run Remote Usage
		Usr 0 00:00:00, Sys 0 00:00:00  -  Run Local Usage
		Usr 0 00:03:33, Sys 0 00:00:04  -  Total Remote Usage
		Usr 0 00:00:00, Sys 0 00:00:00  -  Total Local Usage
	171967  -  Run Bytes Sent By Job
	41194  -  Run Bytes Received By Job
	171967  -  Total Bytes Sent By Job
	41194  -  Total Bytes Received By Job
	Partitionable Resources :    Usage  Request          
	   Cpus                 :                 1          
	   Disk (KB)            :      234      234          
	   Memory (MB)          :      318      318          
...
000 (428028.000.000) 06/23 16:34:16 Job submitted from host: <18.12.1.74:48322>
...
001 (428028.000.000) 06/23 16:34:29 Job executing on host: <18.12.9.80:44526>
...
006 (428028.000.000) 06/23 16:34:38 Image size of job updated: 381076
	260  -  MemoryUsage of job (MB)
	265964  -  ResidentSetSize of job (KB)
...
006 (428028.000.000) 06/23 16:38:59 Image size of job updated: 561700
	260  -  MemoryUsage of job (MB)
	265964  -  ResidentSetSize of job (KB)
...
005 (428028.000.000) 06/23 16:38:59 Job terminated.
	(1) Normal termination (return value 0)
		Usr 0 00:03:37, Sys 0 00:00:02  -  Run Remote Usage
		Usr 0 00:00:00, Sys 0 00:00:00  -  Run Local Usage
		Usr 0 00:03:37, Sys 0 00:00:02  -  Total Remote Usage
		Usr 0 00:00:00, Sys 0 00:00:00  -  Total Local Usage
	177523  -  Run Bytes Sent By Job
	42331  -  Run Bytes Received By Job
	177523  -  Total Bytes Sent By Job
	42331  -  Total Bytes Received By Job
	Partitionable Resources :    Usage  Request          
	   Cpus                 :                 1          
	   Disk (KB)            :      240      240          
	   Memory (MB)          :      260      260          
...
000 (428709.000.000) 06/24 09:24:22 Job submitted from host: <18.12.1.74:48322>
...
001 (428709.000.000) 06/24 09:24:33 Job executing on host: <18.12.9.45:42482>
...
006 (428709.000.000) 06/24 09:24:41 Image size of job updated: 558284
	319  -  MemoryUsage of job (MB)
	325892  -  ResidentSetSize of job (KB)
...
006 (428709.000.000) 06/24 09:28:54 Image size of job updated: 564780
	319  -  MemoryUsage of job (MB)
	325892  -  ResidentSetSize of job (KB)
...
005 (428709.000.000) 06/24 09:28:54 Job terminated.
	(1) Normal termination (return value 0)
		Usr 0 00:03:23, Sys 0 00:00:04  -  Run Remote Usage
		Usr 0 00:00:00, Sys 0 00:00:00  -  Run Local Usage
		Usr 0 00:03:23, Sys 0 00:00:04  -  Total Remote Usage
		Usr 0 00:00:00, Sys 0 00:00:00  -  Total Local Usage
	169489  -  Run Bytes Sent By Job
	39477  -  Run Bytes Received By Job
	169489  -  Total Bytes Sent By Job
	39477  -  Total Bytes Received By Job
	Partitionable Resources :    Usage  Request          
	   Cpus                 :                 1          
	   Disk (KB)            :      230      230          
	   Memory (MB)          :      319      319          
...
000 (428853.000.000) 06/24 10:17:05 Job submitted from host: <18.12.1.74:48322>
...
001 (428853.000.000) 06/24 10:17:16 Job executing on host: <18.12.9.83:46497>
...
006 (428853.000.000) 06/24 10:17:25 Image size of job updated: 1
	3  -  MemoryUsage of job (MB)
	2356  -  ResidentSetSize of job (KB)
...
006 (428853.000.000) 06/24 10:21:37 Image size of job updated: 847312
	3  -  MemoryUsage of job (MB)
	2356  -  ResidentSetSize of job (KB)
...
005 (428853.000.000) 06/24 10:21:38 Job terminated.
	(1) Normal termination (return value 0)
		Usr 0 00:03:29, Sys 0 00:00:02  -  Run Remote Usage
		Usr 0 00:00:00, Sys 0 00:00:00  -  Run Local Usage
		Usr 0 00:03:29, Sys 0 00:00:02  -  Total Remote Usage
		Usr 0 00:00:00, Sys 0 00:00:00  -  Total Local Usage
	170039  -  Run Bytes Sent By Job
	39674  -  Run Bytes Received By Job
	170039  -  Total Bytes Sent By Job
	39674  -  Total Bytes Received By Job
	Partitionable Resources :    Usage  Request          
	   Cpus                 :                 1          
	   Disk (KB)            :      230      230          
	   Memory (MB)          :        3        3          
...
000 (428862.000.000) 06/24 10:31:00 Job submitted from host: <18.12.1.74:48322>
...
001 (428862.000.000) 06/24 10:31:44 Job executing on host: <18.12.12.10:48176>
...
006 (428862.000.000) 06/24 10:31:52 Image size of job updated: 1316992
	1060  -  MemoryUsage of job (MB)
	1084556  -  ResidentSetSize of job (KB)
...
006 (428862.000.000) 06/24 10:36:52 Image size of job updated: 1323484
	1155  -  MemoryUsage of job (MB)
	1181980  -  ResidentSetSize of job (KB)
...
006 (428862.000.000) 06/24 10:37:43 Image size of job updated: 1351508
	1155  -  MemoryUsage of job (MB)
	1181980  -  ResidentSetSize of job (KB)
...
005 (428862.000.000) 06/24 10:37:43 Job terminated.
	(1) Normal termination (return value 0)
		Usr 0 00:04:10, Sys 0 00:00:04  -  Run Remote Usage
		Usr 0 00:00:00, Sys 0 00:00:00  -  Run Local Usage
		Usr 0 00:04:10, Sys 0 00:00:04  -  Total Remote Usage
		Usr 0 00:00:00, Sys 0 00:00:00  -  Total Local Usage
	170023  -  Run Bytes Sent By Job
	39631  -  Run Bytes Received By Job
	170023  -  Total Bytes Sent By Job
	39631  -  Total Bytes Received By Job
	Partitionable Resources :    Usage  Request          
	   Cpus                 :                 1          
	   Disk (KB)            :      230      230          
	   Memory (MB)          :     1155     1155          
...
000 (428871.000.000) 06/24 12:09:07 Job submitted from host: <18.12.1.74:48322>
...
001 (428871.000.000) 06/24 12:09:17 Job executing on host: <18.12.9.60:41752>
...
006 (428871.000.000) 06/24 12:09:26 Image size of job updated: 1
	3  -  MemoryUsage of job (MB)
	2360  -  ResidentSetSize of job (KB)
...
006 (428871.000.000) 06/24 12:13:50 Image size of job updated: 1019144
	3  -  MemoryUsage of job (MB)
	2360  -  ResidentSetSize of job (KB)
...
005 (428871.000.000) 06/24 12:13:50 Job terminated.
	(1) Normal termination (return value 0)
		Usr 0 00:03:27, Sys 0 00:00:04  -  Run Remote Usage
		Usr 0 00:00:00, Sys 0 00:00:00  -  Run Local Usage
		Usr 0 00:03:27, Sys 0 00:00:04  -  Total Remote Usage
		Usr 0 00:00:00, Sys 0 00:00:00  -  Total Local Usage
	169920  -  Run Bytes Sent By Job
	39650  -  Run Bytes Received By Job
	169920  -  Total Bytes Sent By Job
	39650  -  Total Bytes Received By Job
	Partitionable Resources :    Usage  Request          
	   Cpus                 :                 1          
	   Disk (KB)            :      230      230          
	   Memory (MB)          :        3        3          
...
000 (428880.000.000) 06/24 13:19:44 Job submitted from host: <18.12.1.74:48322>
...
001 (428880.000.000) 06/24 13:20:24 Job executing on host: <18.12.9.59:44891>
...
006 (428880.000.000) 06/24 13:20:33 Image size of job updated: 524436
	398  -  MemoryUsage of job (MB)
	407328  -  ResidentSetSize of job (KB)
...
000 (428889.000.000) 06/24 13:23:26 Job submitted from host: <18.12.1.74:48322>
...
001 (428889.000.000) 06/24 13:23:55 Job executing on host: <18.12.12.12:49198>
...
006 (428889.000.000) 06/24 13:24:03 Image size of job updated: 1
	3  -  MemoryUsage of job (MB)
	2352  -  ResidentSetSize of job (KB)
...
006 (428880.000.000) 06/24 13:24:35 Image size of job updated: 968736
	398  -  MemoryUsage of job (MB)
	407328  -  ResidentSetSize of job (KB)
...
005 (428880.000.000) 06/24 13:24:36 Job terminated.
	(1) Normal termination (return value 0)
		Usr 0 00:03:22, Sys 0 00:00:03  -  Run Remote Usage
		Usr 0 00:00:00, Sys 0 00:00:00  -  Run Local Usage
		Usr 0 00:03:22, Sys 0 00:00:03  -  Total Remote Usage
		Usr 0 00:00:00, Sys 0 00:00:00  -  Total Local Usage
	170218  -  Run Bytes Sent By Job
	39615  -  Run Bytes Received By Job
	170218  -  Total Bytes Sent By Job
	39615  -  Total Bytes Received By Job
	Partitionable Resources :    Usage  Request          
	   Cpus                 :                 1          
	   Disk (KB)            :      230      230          
	   Memory (MB)          :      398      398          
...
006 (428889.000.000) 06/24 13:29:03 Image size of job updated: 968744
	808  -  MemoryUsage of job (MB)
	827272  -  ResidentSetSize of job (KB)
...
005 (428889.000.000) 06/24 13:30:35 Job terminated.
	(1) Normal termination (return value 0)
		Usr 0 00:04:09, Sys 0 00:00:03  -  Run Remote Usage
		Usr 0 00:00:00, Sys 0 00:00:00  -  Run Local Usage
		Usr 0 00:04:09, Sys 0 00:00:03  -  Total Remote Usage
		Usr 0 00:00:00, Sys 0 00:00:00  -  Total Local Usage
	170081  -  Run Bytes Sent By Job
	39611  -  Run Bytes Received By Job
	170081  -  Total Bytes Sent By Job
	39611  -  Total Bytes Received By Job
	Partitionable Resources :    Usage  Request          
	   Cpus                 :                 1          
	   Disk (KB)            :      230      230          
	   Memory (MB)          :      808      808          
...
000 (428898.000.000) 06/24 14:04:42 Job submitted from host: <18.12.1.74:48322>
...
001 (428898.000.000) 06/24 14:05:23 Job executing on host: <18.12.6.5:44453>
...
006 (428898.000.000) 06/24 14:05:32 Image size of job updated: 1
	3  -  MemoryUsage of job (MB)
	2376  -  ResidentSetSize of job (KB)
...
006 (428898.000.000) 06/24 14:10:33 Image size of job updated: 968364
	812  -  MemoryUsage of job (MB)
	830800  -  ResidentSetSize of job (KB)
...
005 (428898.000.000) 06/24 14:10:46 Job terminated.
	(1) Normal termination (return value 0)
		Usr 0 00:04:22, Sys 0 00:00:02  -  Run Remote Usage
		Usr 0 00:00:00, Sys 0 00:00:00  -  Run Local Usage
		Usr 0 00:04:22, Sys 0 00:00:02  -  Total Remote Usage
		Usr 0 00:00:00, Sys 0 00:00:00  -  Total Local Usage
	173917  -  Run Bytes Sent By Job
	39982  -  Run Bytes Received By Job
	173917  -  Total Bytes Sent By Job
	39982  -  Total Bytes Received By Job
	Partitionable Resources :    Usage  Request          
	   Cpus                 :                 1          
	   Disk (KB)            :      235      235          
	   Memory (MB)          :      812      812          
...
000 (428907.000.000) 06/24 15:11:56 Job submitted from host: <18.12.1.74:48322>
...
001 (428907.000.000) 06/24 15:12:06 Job executing on host: <18.12.9.58:42482>
...
006 (428907.000.000) 06/24 15:12:15 Image size of job updated: 840864
	689  -  MemoryUsage of job (MB)
	705108  -  ResidentSetSize of job (KB)
...
006 (428907.000.000) 06/24 15:12:25 Image size of job updated: 962316
	689  -  MemoryUsage of job (MB)
	705108  -  ResidentSetSize of job (KB)
...
004 (428907.000.000) 06/24 15:12:25 Job was evicted.
	(0) Job was not checkpointed.
		Usr 0 00:00:04, Sys 0 00:00:00  -  Run Remote Usage
		Usr 0 00:00:00, Sys 0 00:00:00  -  Run Local Usage
	0  -  Run Bytes Sent By Job
	40360  -  Run Bytes Received By Job
	Partitionable Resources :    Usage  Request          
	   Cpus                 :                 1          
	   Disk (KB)            :      235      235          
	   Memory (MB)          :      689      689          
...
009 (428907.000.000) 06/24 15:12:26 Job was aborted by the user.
	via condor_rm (by user rkunnawa)
...
000 (428916.000.000) 06/24 15:13:35 Job submitted from host: <18.12.1.74:48322>
...
001 (428916.000.000) 06/24 15:14:11 Job executing on host: <18.12.8.204:49125>
...
006 (428916.000.000) 06/24 15:14:19 Image size of job updated: 1
	3  -  MemoryUsage of job (MB)
	2360  -  ResidentSetSize of job (KB)
...
006 (428916.000.000) 06/24 15:19:19 Image size of job updated: 968892
	809  -  MemoryUsage of job (MB)
	827408  -  ResidentSetSize of job (KB)
...
005 (428916.000.000) 06/24 15:19:34 Job terminated.
	(1) Normal termination (return value 0)
		Usr 0 00:03:59, Sys 0 00:00:03  -  Run Remote Usage
		Usr 0 00:00:00, Sys 0 00:00:00  -  Run Local Usage
		Usr 0 00:03:59, Sys 0 00:00:03  -  Total Remote Usage
		Usr 0 00:00:00, Sys 0 00:00:00  -  Total Local Usage
	175053  -  Run Bytes Sent By Job
	40466  -  Run Bytes Received By Job
	175053  -  Total Bytes Sent By Job
	40466  -  Total Bytes Received By Job
	Partitionable Resources :    Usage  Request          
	   Cpus                 :                 1          
	   Disk (KB)            :      236      236          
	   Memory (MB)          :      809      809          
...
000 (428926.000.000) 06/24 21:09:53 Job submitted from host: <18.12.1.74:48322>
...
001 (428926.000.000) 06/24 21:10:36 Job executing on host: <18.12.9.52:45037>
...
006 (428926.000.000) 06/24 21:10:45 Image size of job updated: 1
	3  -  MemoryUsage of job (MB)
	2360  -  ResidentSetSize of job (KB)
...
006 (428926.000.000) 06/24 21:14:59 Image size of job updated: 969908
	3  -  MemoryUsage of job (MB)
	2360  -  ResidentSetSize of job (KB)
...
005 (428926.000.000) 06/24 21:15:00 Job terminated.
	(1) Normal termination (return value 0)
		Usr 0 00:03:14, Sys 0 00:00:04  -  Run Remote Usage
		Usr 0 00:00:00, Sys 0 00:00:00  -  Run Local Usage
		Usr 0 00:03:14, Sys 0 00:00:04  -  Total Remote Usage
		Usr 0 00:00:00, Sys 0 00:00:00  -  Total Local Usage
	30841712  -  Run Bytes Sent By Job
	17710434  -  Run Bytes Received By Job
	30841712  -  Total Bytes Sent By Job
	17710434  -  Total Bytes Received By Job
	Partitionable Resources :    Usage  Request          
	   Cpus                 :                 1          
	   Disk (KB)            :    47440    47440          
	   Memory (MB)          :        3        3          
...
000 (429297.000.000) 06/24 21:32:36 Job submitted from host: <18.12.1.74:48322>
...
001 (429297.000.000) 06/24 21:33:13 Job executing on host: <18.12.9.75:47081>
...
006 (429297.000.000) 06/24 21:33:21 Image size of job updated: 9524
	2  -  MemoryUsage of job (MB)
	1320  -  ResidentSetSize of job (KB)
...
006 (429297.000.000) 06/24 21:37:35 Image size of job updated: 1016716
	2  -  MemoryUsage of job (MB)
	1320  -  ResidentSetSize of job (KB)
...
005 (429297.000.000) 06/24 21:37:35 Job terminated.
	(1) Normal termination (return value 0)
		Usr 0 00:03:27, Sys 0 00:00:05  -  Run Remote Usage
		Usr 0 00:00:00, Sys 0 00:00:00  -  Run Local Usage
		Usr 0 00:03:27, Sys 0 00:00:05  -  Total Remote Usage
		Usr 0 00:00:00, Sys 0 00:00:00  -  Total Local Usage
	19460572  -  Run Bytes Sent By Job
	17710152  -  Run Bytes Received By Job
	19460572  -  Total Bytes Sent By Job
	17710152  -  Total Bytes Received By Job
	Partitionable Resources :    Usage  Request          
	   Cpus                 :                 1          
	   Disk (KB)            :    36325    36325          
	   Memory (MB)          :        2        2          
...
000 (429669.000.000) 06/24 23:04:35 Job submitted from host: <18.12.1.74:48322>
...
001 (429669.000.000) 06/24 23:04:45 Job executing on host: <18.12.8.13:46789>
...
006 (429669.000.000) 06/24 23:04:54 Image size of job updated: 13384
	2  -  MemoryUsage of job (MB)
	1980  -  ResidentSetSize of job (KB)
...
006 (429669.000.000) 06/24 23:09:55 Image size of job updated: 966512
	765  -  MemoryUsage of job (MB)
	782540  -  ResidentSetSize of job (KB)
...
006 (429669.000.000) 06/24 23:14:55 Image size of job updated: 966512
	765  -  MemoryUsage of job (MB)
	782728  -  ResidentSetSize of job (KB)
...
006 (429669.000.000) 06/24 23:24:56 Image size of job updated: 966512
	765  -  MemoryUsage of job (MB)
	782748  -  ResidentSetSize of job (KB)
...
004 (429669.000.000) 06/24 23:31:50 Job was evicted.
	(0) Job was not checkpointed.
		Usr 0 00:07:03, Sys 0 00:00:06  -  Run Remote Usage
		Usr 0 00:00:00, Sys 0 00:00:00  -  Run Local Usage
	0  -  Run Bytes Sent By Job
	17710138  -  Run Bytes Received By Job
	Partitionable Resources :    Usage  Request          
	   Cpus                 :                 1          
	   Disk (KB)            :    36325    36325          
	   Memory (MB)          :      765      765          
...
009 (429669.000.000) 06/24 23:31:50 Job was aborted by the user.
	via condor_rm (by user rkunnawa)
...
000 (451630.000.000) 06/25 20:03:18 Job submitted from host: <18.12.1.74:48322>
...
001 (451630.000.000) 06/25 20:03:28 Job executing on host: <18.12.9.60:41752>
...
006 (451630.000.000) 06/25 20:03:37 Image size of job updated: 907572
	708  -  MemoryUsage of job (MB)
	724864  -  ResidentSetSize of job (KB)
...
006 (451630.000.000) 06/25 20:07:14 Image size of job updated: 911372
	708  -  MemoryUsage of job (MB)
	724864  -  ResidentSetSize of job (KB)
...
005 (451630.000.000) 06/25 20:07:15 Job terminated.
	(1) Normal termination (return value 0)
		Usr 0 00:03:10, Sys 0 00:00:03  -  Run Remote Usage
		Usr 0 00:00:00, Sys 0 00:00:00  -  Run Local Usage
		Usr 0 00:03:10, Sys 0 00:00:03  -  Total Remote Usage
		Usr 0 00:00:00, Sys 0 00:00:00  -  Total Local Usage
	20759714  -  Run Bytes Sent By Job
	18591998  -  Run Bytes Received By Job
	20759714  -  Total Bytes Sent By Job
	18591998  -  Total Bytes Received By Job
	Partitionable Resources :    Usage  Request          
	   Cpus                 :                 1          
	   Disk (KB)            :    38455    38455          
	   Memory (MB)          :      708      708          
...
000 (452207.000.000) 06/26 10:52:32 Job submitted from host: <18.12.1.74:48322>
...
001 (452207.000.000) 06/26 10:52:44 Job executing on host: <18.12.8.182:47592>
...
006 (452207.000.000) 06/26 10:52:52 Image size of job updated: 66156
	8  -  MemoryUsage of job (MB)
	8068  -  ResidentSetSize of job (KB)
...
006 (452207.000.000) 06/26 10:57:52 Image size of job updated: 942548
	771  -  MemoryUsage of job (MB)
	789224  -  ResidentSetSize of job (KB)
...
006 (452207.000.000) 06/26 11:01:31 Image size of job updated: 943776
	771  -  MemoryUsage of job (MB)
	789224  -  ResidentSetSize of job (KB)
...
005 (452207.000.000) 06/26 11:01:31 Job terminated.
	(1) Normal termination (return value 0)
		Usr 0 00:04:05, Sys 0 00:00:02  -  Run Remote Usage
		Usr 0 00:00:00, Sys 0 00:00:00  -  Run Local Usage
		Usr 0 00:04:05, Sys 0 00:00:02  -  Total Remote Usage
		Usr 0 00:00:00, Sys 0 00:00:00  -  Total Local Usage
	20759388  -  Run Bytes Sent By Job
	18592108  -  Run Bytes Received By Job
	20759388  -  Total Bytes Sent By Job
	18592108  -  Total Bytes Received By Job
	Partitionable Resources :    Usage  Request          
	   Cpus                 :                 1          
	   Disk (KB)            :    38455    38455          
	   Memory (MB)          :      771      771          
...
000 (452262.000.000) 06/26 11:03:55 Job submitted from host: <18.12.1.74:48322>
...
001 (452262.000.000) 06/26 11:04:39 Job executing on host: <18.12.9.64:47738>
...
006 (452262.000.000) 06/26 11:04:48 Image size of job updated: 791044
	662  -  MemoryUsage of job (MB)
	677016  -  ResidentSetSize of job (KB)
...
006 (452262.000.000) 06/26 11:09:49 Image size of job updated: 912172
	745  -  MemoryUsage of job (MB)
	762232  -  ResidentSetSize of job (KB)
...
006 (452262.000.000) 06/26 11:09:53 Image size of job updated: 958932
	745  -  MemoryUsage of job (MB)
	762232  -  ResidentSetSize of job (KB)
...
005 (452262.000.000) 06/26 11:09:53 Job terminated.
	(1) Normal termination (return value 0)
		Usr 0 00:03:25, Sys 0 00:00:04  -  Run Remote Usage
		Usr 0 00:00:00, Sys 0 00:00:00  -  Run Local Usage
		Usr 0 00:03:25, Sys 0 00:00:04  -  Total Remote Usage
		Usr 0 00:00:00, Sys 0 00:00:00  -  Total Local Usage
	20759912  -  Run Bytes Sent By Job
	18592064  -  Run Bytes Received By Job
	20759912  -  Total Bytes Sent By Job
	18592064  -  Total Bytes Received By Job
	Partitionable Resources :    Usage  Request          
	   Cpus                 :                 1          
	   Disk (KB)            :    42347    42347          
	   Memory (MB)          :      745      745          
...
000 (491397.000.000) 06/29 08:24:25 Job submitted from host: <18.12.1.74:48322>
...
001 (491397.000.000) 06/29 08:25:01 Job executing on host: <18.12.6.32:47519>
...
006 (491397.000.000) 06/29 08:25:10 Image size of job updated: 674992
	546  -  MemoryUsage of job (MB)
	558748  -  ResidentSetSize of job (KB)
...
006 (491397.000.000) 06/29 08:30:00 Image size of job updated: 1266292
	546  -  MemoryUsage of job (MB)
	558748  -  ResidentSetSize of job (KB)
...
005 (491397.000.000) 06/29 08:30:01 Job terminated.
	(1) Normal termination (return value 0)
		Usr 0 00:04:14, Sys 0 00:00:03  -  Run Remote Usage
		Usr 0 00:00:00, Sys 0 00:00:00  -  Run Local Usage
		Usr 0 00:04:14, Sys 0 00:00:03  -  Total Remote Usage
		Usr 0 00:00:00, Sys 0 00:00:00  -  Total Local Usage
	20760648  -  Run Bytes Sent By Job
	18592304  -  Run Bytes Received By Job
	20760648  -  Total Bytes Sent By Job
	18592304  -  Total Bytes Received By Job
	Partitionable Resources :    Usage  Request          
	   Cpus                 :                 1          
	   Disk (KB)            :    38456    38456          
	   Memory (MB)          :      546      546          
...
000 (495658.000.000) 06/30 19:42:26 Job submitted from host: <18.12.1.74:48322>
...
001 (495658.000.000) 06/30 19:43:01 Job executing on host: <18.12.9.40:43796>
...
006 (495658.000.000) 06/30 19:43:10 Image size of job updated: 60924
	3  -  MemoryUsage of job (MB)
	2508  -  ResidentSetSize of job (KB)
...
006 (495658.000.000) 06/30 19:48:11 Image size of job updated: 1262708
	1057  -  MemoryUsage of job (MB)
	1082316  -  ResidentSetSize of job (KB)
...
006 (495658.000.000) 06/30 19:53:11 Image size of job updated: 1266296
	1104  -  MemoryUsage of job (MB)
	1130076  -  ResidentSetSize of job (KB)
...
005 (495658.000.000) 06/30 19:55:46 Job terminated.
	(1) Normal termination (return value 0)
		Usr 0 00:05:00, Sys 0 00:00:03  -  Run Remote Usage
		Usr 0 00:00:00, Sys 0 00:00:00  -  Run Local Usage
		Usr 0 00:05:00, Sys 0 00:00:03  -  Total Remote Usage
		Usr 0 00:00:00, Sys 0 00:00:00  -  Total Local Usage
	20761020  -  Run Bytes Sent By Job
	18592368  -  Run Bytes Received By Job
	20761020  -  Total Bytes Sent By Job
	18592368  -  Total Bytes Received By Job
	Partitionable Resources :    Usage  Request          
	   Cpus                 :                 1          
	   Disk (KB)            :    38457    38457          
	   Memory (MB)          :     1104     1104          
...
000 (495878.000.000) 07/03 12:36:02 Job submitted from host: <18.12.1.74:48322>
...
001 (495878.000.000) 07/03 12:36:13 Job executing on host: <18.12.9.62:47811>
...
006 (495878.000.000) 07/03 12:36:22 Image size of job updated: 1
	3  -  MemoryUsage of job (MB)
	2356  -  ResidentSetSize of job (KB)
...
006 (495878.000.000) 07/03 12:41:16 Image size of job updated: 2147496
	3  -  MemoryUsage of job (MB)
	2356  -  ResidentSetSize of job (KB)
...
005 (495878.000.000) 07/03 12:41:17 Job terminated.
	(1) Normal termination (return value 0)
		Usr 0 00:03:56, Sys 0 00:00:12  -  Run Remote Usage
		Usr 0 00:00:00, Sys 0 00:00:00  -  Run Local Usage
		Usr 0 00:03:56, Sys 0 00:00:12  -  Total Remote Usage
		Usr 0 00:00:00, Sys 0 00:00:00  -  Total Local Usage
	20776708  -  Run Bytes Sent By Job
	18595072  -  Run Bytes Received By Job
	20776708  -  Total Bytes Sent By Job
	18595072  -  Total Bytes Received By Job
	Partitionable Resources :    Usage  Request          
	   Cpus                 :                 1          
	   Disk (KB)            :    38475    38475          
	   Memory (MB)          :        3        3          
...
000 (497182.000.000) 07/09 11:27:32 Job submitted from host: <18.12.1.74:48322>
...
001 (497182.000.000) 07/09 11:28:00 Job executing on host: <18.12.8.74:40877>
...
006 (497182.000.000) 07/09 11:28:09 Image size of job updated: 148884
	34  -  MemoryUsage of job (MB)
	34516  -  ResidentSetSize of job (KB)
...
000 (497191.000.000) 07/09 11:28:39 Job submitted from host: <18.12.1.74:48322>
...
001 (497191.000.000) 07/09 11:29:16 Job executing on host: <18.12.9.60:41752>
...
006 (497191.000.000) 07/09 11:29:25 Image size of job updated: 69308
	16  -  MemoryUsage of job (MB)
	16008  -  ResidentSetSize of job (KB)
...
006 (497182.000.000) 07/09 11:33:10 Image size of job updated: 2115996
	1931  -  MemoryUsage of job (MB)
	1977336  -  ResidentSetSize of job (KB)
...
006 (497191.000.000) 07/09 11:33:25 Image size of job updated: 2148244
	16  -  MemoryUsage of job (MB)
	16008  -  ResidentSetSize of job (KB)
...
005 (497191.000.000) 07/09 11:33:26 Job terminated.
	(1) Normal termination (return value 0)
		Usr 0 00:03:30, Sys 0 00:00:05  -  Run Remote Usage
		Usr 0 00:00:00, Sys 0 00:00:00  -  Run Local Usage
		Usr 0 00:03:30, Sys 0 00:00:05  -  Total Remote Usage
		Usr 0 00:00:00, Sys 0 00:00:00  -  Total Local Usage
	20781188  -  Run Bytes Sent By Job
	18595408  -  Run Bytes Received By Job
	20781188  -  Total Bytes Sent By Job
	18595408  -  Total Bytes Received By Job
	Partitionable Resources :    Usage  Request          
	   Cpus                 :                 1          
	   Disk (KB)            :    38479    38479          
	   Memory (MB)          :       16       16          
...
006 (497182.000.000) 07/09 11:33:28 Image size of job updated: 2148240
	1931  -  MemoryUsage of job (MB)
	1977336  -  ResidentSetSize of job (KB)
...
005 (497182.000.000) 07/09 11:33:28 Job terminated.
	(1) Normal termination (return value 0)
		Usr 0 00:04:05, Sys 0 00:00:06  -  Run Remote Usage
		Usr 0 00:00:00, Sys 0 00:00:00  -  Run Local Usage
		Usr 0 00:04:05, Sys 0 00:00:06  -  Total Remote Usage
		Usr 0 00:00:00, Sys 0 00:00:00  -  Total Local Usage
	20777838  -  Run Bytes Sent By Job
	18595316  -  Run Bytes Received By Job
	20777838  -  Total Bytes Sent By Job
	18595316  -  Total Bytes Received By Job
	Partitionable Resources :    Usage  Request          
	   Cpus                 :                 1          
	   Disk (KB)            :    38476    38476          
	   Memory (MB)          :     1931     1931          
...
000 (497381.000.000) 07/09 15:39:27 Job submitted from host: <18.12.1.74:48322>
...
001 (497381.000.000) 07/09 15:39:43 Job executing on host: <18.12.8.1:47592>
...
006 (497381.000.000) 07/09 15:39:51 Image size of job updated: 148348
	34  -  MemoryUsage of job (MB)
	33900  -  ResidentSetSize of job (KB)
...
006 (497381.000.000) 07/09 15:44:51 Image size of job updated: 2116012
	1917  -  MemoryUsage of job (MB)
	1962732  -  ResidentSetSize of job (KB)
...
006 (497381.000.000) 07/09 15:45:51 Image size of job updated: 2148252
	1917  -  MemoryUsage of job (MB)
	1962732  -  ResidentSetSize of job (KB)
...
005 (497381.000.000) 07/09 15:45:52 Job terminated.
	(1) Normal termination (return value 0)
		Usr 0 00:04:20, Sys 0 00:00:06  -  Run Remote Usage
		Usr 0 00:00:00, Sys 0 00:00:00  -  Run Local Usage
		Usr 0 00:04:20, Sys 0 00:00:06  -  Total Remote Usage
		Usr 0 00:00:00, Sys 0 00:00:00  -  Total Local Usage
	20777744  -  Run Bytes Sent By Job
	18595334  -  Run Bytes Received By Job
	20777744  -  Total Bytes Sent By Job
	18595334  -  Total Bytes Received By Job
	Partitionable Resources :    Usage  Request          
	   Cpus                 :                 1          
	   Disk (KB)            :    38476    38476          
	   Memory (MB)          :     1917     1917          
...
000 (497842.000.000) 07/09 16:39:28 Job submitted from host: <18.12.1.74:48322>
...
001 (497842.000.000) 07/09 16:40:04 Job executing on host: <18.12.9.71:48103>
...
006 (497842.000.000) 07/09 16:40:13 Image size of job updated: 1
	3  -  MemoryUsage of job (MB)
	2356  -  ResidentSetSize of job (KB)
...
006 (497842.000.000) 07/09 16:45:14 Image size of job updated: 2116004
	1932  -  MemoryUsage of job (MB)
	1977404  -  ResidentSetSize of job (KB)
...
006 (497842.000.000) 07/09 16:45:25 Image size of job updated: 2148248
	1932  -  MemoryUsage of job (MB)
	1977404  -  ResidentSetSize of job (KB)
...
005 (497842.000.000) 07/09 16:45:25 Job terminated.
	(1) Normal termination (return value 0)
		Usr 0 00:03:42, Sys 0 00:00:08  -  Run Remote Usage
		Usr 0 00:00:00, Sys 0 00:00:00  -  Run Local Usage
		Usr 0 00:03:42, Sys 0 00:00:08  -  Total Remote Usage
		Usr 0 00:00:00, Sys 0 00:00:00  -  Total Local Usage
	20777864  -  Run Bytes Sent By Job
	18595316  -  Run Bytes Received By Job
	20777864  -  Total Bytes Sent By Job
	18595316  -  Total Bytes Received By Job
	Partitionable Resources :    Usage  Request          
	   Cpus                 :                 1          
	   Disk (KB)            :    45933    45933          
	   Memory (MB)          :     1932     1932          
...
000 (498021.000.000) 07/10 12:01:53 Job submitted from host: <18.12.1.74:48322>
...
001 (498021.000.000) 07/10 12:02:16 Job executing on host: <18.12.9.28:48614>
...
006 (498021.000.000) 07/10 12:02:24 Image size of job updated: 1473984
	1321  -  MemoryUsage of job (MB)
	1352620  -  ResidentSetSize of job (KB)
...
006 (498021.000.000) 07/10 12:07:24 Image size of job updated: 2116000
	1932  -  MemoryUsage of job (MB)
	1977432  -  ResidentSetSize of job (KB)
...
006 (498021.000.000) 07/10 12:08:49 Image size of job updated: 2148084
	1932  -  MemoryUsage of job (MB)
	1977432  -  ResidentSetSize of job (KB)
...
005 (498021.000.000) 07/10 12:08:50 Job terminated.
	(1) Normal termination (return value 0)
		Usr 0 00:05:33, Sys 0 00:00:07  -  Run Remote Usage
		Usr 0 00:00:00, Sys 0 00:00:00  -  Run Local Usage
		Usr 0 00:05:33, Sys 0 00:00:07  -  Total Remote Usage
		Usr 0 00:00:00, Sys 0 00:00:00  -  Total Local Usage
	20777918  -  Run Bytes Sent By Job
	18595292  -  Run Bytes Received By Job
	20777918  -  Total Bytes Sent By Job
	18595292  -  Total Bytes Received By Job
	Partitionable Resources :    Usage  Request          
	   Cpus                 :                 1          
	   Disk (KB)            :    38476    38476          
	   Memory (MB)          :     1932     1932          
...
