
----------------------------------------------------
Job started on Wed Jun 24 15:14:11 EDT 2015 at WN: t2bat0340.cmsaf.mit.edu 
Job is running on Linux t2bat0340.cmsaf.mit.edu 2.6.32-358.el6.x86_64 #1 SMP Fri Feb 22 20:37:17 CST 2013 x86_64 x86_64 x86_64 GNU/Linux
Filesystem            Size  Used Avail Use% Mounted on
/dev/sda3              20G  2.8G   16G  15% /
tmpfs                  32G     0   32G   0% /dev/shm
/dev/sda1              97M   32M   61M  35% /boot
/dev/sda4             416G   44G  372G  11% /export/data1
/dev/sdb1             3.6T  3.1T  513G  87% /export/00b
/dev/sdc1             3.6T  3.1T  529G  86% /export/00c
/dev/sdd1             3.6T  3.1T  549G  86% /export/00d
/dev/sde1             3.6T  3.1T  524G  86% /export/00e
/dev/sdh1             3.6T  3.1T  548G  86% /export/00f
/dev/sdf1             3.6T  3.1T  531G  86% /export/00g
/dev/sdg1             3.6T  3.1T  528G  86% /export/00h
/dev/sdj1             3.6T  3.1T  520G  86% /export/00i
/dev/sdi1             3.6T  3.1T  539G  86% /export/00j
/dev/sdk1             3.6T  3.1T  535G  86% /export/00k
/dev/sdl1             3.6T  3.1T  546G  86% /export/00l
fuse_dfs              4.9P  4.4P  516T  90% /mnt/hadoop
t2srv0004:/export/db  135G  187M  135G   1% /net/t2srv0004/db
cvmfs2                 98G   41G   58G  42% /cvmfs/cms.cern.ch
cvmfs2                 98G   41G   58G  42% /cvmfs/fermilab.opensciencegrid.org
cvmfs2                 98G   41G   58G  42% /cvmfs/mu2e.opensciencegrid.org
gcc (GCC) 4.4.7 20120313 (Red Hat 4.4.7-3)
Copyright (C) 2010 Free Software Foundation, Inc.
This is free software; see the source for copying conditions.  There is NO
warranty; not even for MERCHANTABILITY or FITNESS FOR A PARTICULAR PURPOSE.

Processing...
filename: /mnt/hadoop/cms/store/user/dgulhan/PYTHIA_HYDJET_Track9_Jet30_Pyquen_DiJet_TuneZ2_Unquenched_Hydjet1p8_2760GeV_merged/HiForest_PYTHIA_HYDJET_pthat30_Track9_Jet30_matchEqR_merged_forest_0.root
pthat = 30
Total number of events loaded in HiForest = 250567
0/250567
10000/250567
20000/250567
30000/250567
40000/250567
50000/250567
60000/250567
70000/250567
80000/250567
90000/250567
100000/250567
110000/250567
120000/250567
130000/250567
140000/250567
150000/250567
160000/250567
170000/250567
180000/250567
190000/250567
200000/250567
210000/250567
220000/250567
230000/250567
240000/250567
250000/250567
Macro finished: 
CPU time (min)  = 2.3955
Real time (min) = 2.84946
Done!
Copied output files to hadoop rootfiles/JetRAA/June22
