
----------------------------------------------------
Job started on Tue Jun 23 09:59:22 EDT 2015 at WN: t2bat0140.cmsaf.mit.edu 
Job is running on Linux t2bat0140.cmsaf.mit.edu 2.6.32-358.el6.x86_64 #1 SMP Fri Feb 22 20:37:17 CST 2013 x86_64 x86_64 x86_64 GNU/Linux
Filesystem            Size  Used Avail Use% Mounted on
/dev/sda3              20G  2.4G   17G  13% /
tmpfs                  12G     0   12G   0% /dev/shm
/dev/sda1              97M   32M   61M  35% /boot
/dev/sda4             874G   65G  809G   8% /export/data1
/dev/sdc1             1.8T  1.6T  199G  90% /export/00b
/dev/sdd1             1.8T  1.6T  202G  90% /export/00c
/dev/sde1             1.8T  1.7T  192G  90% /export/00d
/dev/sdb1             1.8T  1.6T  201G  90% /export/00e
/dev/sdf1             1.8T  1.7T  193G  90% /export/00f
fuse_dfs              4.9P  4.4P  518T  90% /mnt/hadoop
t2srv0004:/export/db  135G  187M  135G   1% /net/t2srv0004/db
cvmfs2                 98G   64G   35G  65% /cvmfs/cms.cern.ch
cvmfs2                 98G   64G   35G  65% /cvmfs/mu2e.opensciencegrid.org
cvmfs2                 98G   64G   35G  65% /cvmfs/oasis.opensciencegrid.org
cvmfs2                 98G   64G   35G  65% /cvmfs/cdfcfs.fnal.gov
cvmfs2                 98G   64G   35G  65% /cvmfs/cvmfs.cmsaf.mit.edu
cvmfs2                 98G   64G   35G  65% /cvmfs/fermilab.opensciencegrid.org
cvmfs2                 98G   64G   35G  65% /cvmfs/grid.cern.ch
gcc (GCC) 4.4.7 20120313 (Red Hat 4.4.7-3)
Copyright (C) 2010 Free Software Foundation, Inc.
This is free software; see the source for copying conditions.  There is NO
warranty; not even for MERCHANTABILITY or FITNESS FOR A PARTICULAR PURPOSE.

Processing...
0/392206
10000/392206
20000/392206
30000/392206
40000/392206
50000/392206
60000/392206
70000/392206
80000/392206
90000/392206
100000/392206
110000/392206
120000/392206
130000/392206
140000/392206
150000/392206
160000/392206
170000/392206
180000/392206
190000/392206
200000/392206
210000/392206
220000/392206
230000/392206
240000/392206
250000/392206
260000/392206
270000/392206
280000/392206
290000/392206
300000/392206
310000/392206
320000/392206
330000/392206
340000/392206
350000/392206
360000/392206
370000/392206
380000/392206
390000/392206
Macro finished: 
CPU time (min)  = 4.36233
Real time (min) = 8.64356
Done!
Copied output files to hadoop rootfiles/JetRAA/June22
