
----------------------------------------------------
Job started on Wed Jun 24 10:31:39 EDT 2015 at WN: lnbat0016.cmsaf.mit.edu 
Job is running on Linux lnbat0016.cmsaf.mit.edu 2.6.32-358.el6.x86_64 #1 SMP Fri Feb 22 20:37:17 CST 2013 x86_64 x86_64 x86_64 GNU/Linux
Filesystem            Size  Used Avail Use% Mounted on
/dev/sda3              20G  3.0G   16G  16% /
tmpfs                  12G     0   12G   0% /dev/shm
/dev/sda1              97M   32M   61M  35% /boot
/dev/sda4             874G   81G  794G  10% /export/data1
fuse_dfs              4.9P  4.4P  517T  90% /mnt/hadoop
/dev/sdc1             1.8T  1.6T  201G  90% /export/00b
/dev/sdd1             1.8T  1.6T  197G  90% /export/00c
/dev/sde1             1.8T  1.6T  202G  90% /export/00d
/dev/sdb1             1.8T  1.7T  190G  90% /export/00e
/dev/sdf1             1.8T  1.6T  202G  90% /export/00f
t2srv0004:/export/db  135G  187M  135G   1% /net/t2srv0004/db
cvmfs2                 98G   79G   20G  81% /cvmfs/cms.cern.ch
cvmfs2                 98G   79G   20G  81% /cvmfs/oasis.opensciencegrid.org
cvmfs2                 98G   79G   20G  81% /cvmfs/cvmfs.cmsaf.mit.edu
cvmfs2                 98G   79G   20G  81% /cvmfs/grid.cern.ch
cvmfs2                 98G   79G   20G  81% /cvmfs/fermilab.opensciencegrid.org
cvmfs2                 98G   79G   20G  81% /cvmfs/cdfcfs.fnal.gov
cvmfs2                 98G   79G   20G  81% /cvmfs/mu2e.opensciencegrid.org
gcc (GCC) 4.4.7 20120313 (Red Hat 4.4.7-3)
Copyright (C) 2010 Free Software Foundation, Inc.
This is free software; see the source for copying conditions.  There is NO
warranty; not even for MERCHANTABILITY or FITNESS FOR A PARTICULAR PURPOSE.

Processing...
0/181018
10000/181018
20000/181018
30000/181018
40000/181018
50000/181018
60000/181018
70000/181018
80000/181018
90000/181018
100000/181018
110000/181018
120000/181018
130000/181018
140000/181018
150000/181018
160000/181018
170000/181018
180000/181018
Macro finished: 
CPU time (min)  = 2.15683
Real time (min) = 2.53436
Done!
Copied output files to hadoop rootfiles/JetRAA/June22
