000 (427988.000.000) 06/23 09:59:05 Job submitted from host: <18.12.1.74:48322>
...
001 (427988.000.000) 06/23 09:59:20 Job executing on host: <18.12.8.211:42920>
...
006 (427988.000.000) 06/23 09:59:29 Image size of job updated: 500944
	309  -  MemoryUsage of job (MB)
	315496  -  ResidentSetSize of job (KB)
...
006 (427988.000.000) 06/23 10:04:29 Image size of job updated: 503992
	360  -  MemoryUsage of job (MB)
	368224  -  ResidentSetSize of job (KB)
...
005 (427988.000.000) 06/23 10:04:37 Job terminated.
	(1) Normal termination (return value 0)
		Usr 0 00:04:12, Sys 0 00:00:02  -  Run Remote Usage
		Usr 0 00:00:00, Sys 0 00:00:00  -  Run Local Usage
		Usr 0 00:04:12, Sys 0 00:00:02  -  Total Remote Usage
		Usr 0 00:00:00, Sys 0 00:00:00  -  Total Local Usage
	179185  -  Run Bytes Sent By Job
	43520  -  Run Bytes Received By Job
	179185  -  Total Bytes Sent By Job
	43520  -  Total Bytes Received By Job
	Partitionable Resources :    Usage  Request          
	   Cpus                 :                 1          
	   Disk (KB)            :      243      243          
	   Memory (MB)          :      360      360          
...
