
----------------------------------------------------
Job started on Wed Jun 24 15:14:11 EDT 2015 at WN: lnbat0007.cmsaf.mit.edu 
Job is running on Linux lnbat0007.cmsaf.mit.edu 2.6.32-358.el6.x86_64 #1 SMP Fri Feb 22 20:37:17 CST 2013 x86_64 x86_64 x86_64 GNU/Linux
Filesystem            Size  Used Avail Use% Mounted on
/dev/sda3              20G  3.3G   16G  18% /
tmpfs                  12G     0   12G   0% /dev/shm
/dev/sda1              97M   32M   61M  35% /boot
/dev/sda4             874G   93G  782G  11% /export/data1
fuse_dfs              4.9P  4.4P  516T  90% /mnt/hadoop
/dev/sdc1             1.8T  1.7T  117G  94% /export/00b
/dev/sdd1             1.8T  1.7T  124G  94% /export/00c
/dev/sde1             1.8T  1.7T  117G  94% /export/00d
/dev/sdb1             1.8T  1.7T  130G  93% /export/00e
/dev/sdf1             1.8T  1.7T  131G  93% /export/00f
t2srv0004:/export/db  135G  187M  135G   1% /net/t2srv0004/db
cvmfs2                 98G   91G  7.5G  93% /cvmfs/cms.cern.ch
cvmfs2                 98G   91G  7.5G  93% /cvmfs/oasis.opensciencegrid.org
cvmfs2                 98G   91G  7.5G  93% /cvmfs/fermilab.opensciencegrid.org
cvmfs2                 98G   91G  7.5G  93% /cvmfs/cdfcfs.fnal.gov
cvmfs2                 98G   91G  7.5G  93% /cvmfs/cvmfs.cmsaf.mit.edu
gcc (GCC) 4.4.7 20120313 (Red Hat 4.4.7-3)
Copyright (C) 2010 Free Software Foundation, Inc.
This is free software; see the source for copying conditions.  There is NO
warranty; not even for MERCHANTABILITY or FITNESS FOR A PARTICULAR PURPOSE.

Processing...
filename: /mnt/hadoop/cms/store/user/dgulhan/PYTHIA_HYDJET_Track9_Jet30_Pyquen_DiJet_TuneZ2_Unquenched_Hydjet1p8_2760GeV_merged/HiForest_PYTHIA_HYDJET_pthat170_Track9_Jet30_matchEqR_merged_forest_0.root
pthat = 170
Total number of events loaded in HiForest = 392206
0/392206
10000/392206
20000/392206
30000/392206
40000/392206
50000/392206
60000/392206
70000/392206
80000/392206
90000/392206
100000/392206
110000/392206
120000/392206
130000/392206
140000/392206
150000/392206
160000/392206
170000/392206
180000/392206
190000/392206
200000/392206
210000/392206
220000/392206
230000/392206
240000/392206
250000/392206
260000/392206
270000/392206
280000/392206
290000/392206
300000/392206
310000/392206
320000/392206
330000/392206
340000/392206
350000/392206
360000/392206
370000/392206
380000/392206
390000/392206
Macro finished: 
CPU time (min)  = 4.53767
Real time (min) = 5.33363
Done!
Copied output files to hadoop rootfiles/JetRAA/June22
