000 (427987.000.000) 06/23 09:59:05 Job submitted from host: <18.12.1.74:48322>
...
001 (427987.000.000) 06/23 09:59:21 Job executing on host: <18.12.12.4:47227>
...
006 (427987.000.000) 06/23 09:59:29 Image size of job updated: 1
	3  -  MemoryUsage of job (MB)
	2352  -  ResidentSetSize of job (KB)
...
006 (427987.000.000) 06/23 10:03:05 Image size of job updated: 508024
	3  -  MemoryUsage of job (MB)
	2352  -  ResidentSetSize of job (KB)
...
005 (427987.000.000) 06/23 10:03:05 Job terminated.
	(1) Normal termination (return value 0)
		Usr 0 00:03:04, Sys 0 00:00:02  -  Run Remote Usage
		Usr 0 00:00:00, Sys 0 00:00:00  -  Run Local Usage
		Usr 0 00:03:04, Sys 0 00:00:02  -  Total Remote Usage
		Usr 0 00:00:00, Sys 0 00:00:00  -  Total Local Usage
	178706  -  Run Bytes Sent By Job
	43520  -  Run Bytes Received By Job
	178706  -  Total Bytes Sent By Job
	43520  -  Total Bytes Received By Job
	Partitionable Resources :    Usage  Request          
	   Cpus                 :                 1          
	   Disk (KB)            :      242      242          
	   Memory (MB)          :        3        3          
...
