000 (427993.000.000) 06/23 09:59:06 Job submitted from host: <18.12.1.74:48322>
...
001 (427993.000.000) 06/23 09:59:21 Job executing on host: <18.12.6.42:40146>
...
006 (427993.000.000) 06/23 09:59:29 Image size of job updated: 1
	3  -  MemoryUsage of job (MB)
	2356  -  ResidentSetSize of job (KB)
...
006 (427993.000.000) 06/23 09:59:58 Image size of job updated: 489420
	3  -  MemoryUsage of job (MB)
	2356  -  ResidentSetSize of job (KB)
...
005 (427993.000.000) 06/23 09:59:58 Job terminated.
	(1) Normal termination (return value 0)
		Usr 0 00:00:19, Sys 0 00:00:00  -  Run Remote Usage
		Usr 0 00:00:00, Sys 0 00:00:00  -  Run Local Usage
		Usr 0 00:00:19, Sys 0 00:00:00  -  Total Remote Usage
		Usr 0 00:00:00, Sys 0 00:00:00  -  Total Local Usage
	178710  -  Run Bytes Sent By Job
	43520  -  Run Bytes Received By Job
	178710  -  Total Bytes Sent By Job
	43520  -  Total Bytes Received By Job
	Partitionable Resources :    Usage  Request          
	   Cpus                 :                 1          
	   Disk (KB)            :      243      243          
	   Memory (MB)          :        3        3          
...
