
----------------------------------------------------
Job started on Fri Jul  3 12:38:19 EDT 2015 at WN: hibat0092.cmsaf.mit.edu 
Job is running on Linux hibat0092.cmsaf.mit.edu 2.6.32-358.el6.x86_64 #1 SMP Fri Feb 22 20:37:17 CST 2013 x86_64 x86_64 x86_64 GNU/Linux
Filesystem            Size  Used Avail Use% Mounted on
/dev/sda3              20G  3.8G   15G  21% /
tmpfs                  24G     0   24G   0% /dev/shm
/dev/sda1              97M   32M   61M  35% /boot
/dev/sda4             873G   55G  819G   7% /export/data1
/dev/sdb1             2.7T  2.7T   39G  99% /export/00b
/dev/sdc1             2.7T  2.7T   53G  99% /export/00c
/dev/sdd1             2.7T  2.7T   48G  99% /export/00d
/dev/sde1             2.7T  2.7T   39G  99% /export/00e
/dev/sdf1             2.7T  2.7T   48G  99% /export/00f
/dev/sdg1             3.6T  3.1T  585G  85% /export/00g
/dev/sdh1             3.6T  3.1T  554G  85% /export/00h
fuse_dfs              4.9P  4.4P  508T  90% /mnt/hadoop
t2srv0004:/export/db  135G  187M  135G   1% /net/t2srv0004/db
cvmfs2                 98G   53G   46G  54% /cvmfs/cms.cern.ch
gcc (GCC) 4.4.7 20120313 (Red Hat 4.4.7-3)
Copyright (C) 2010 Free Software Foundation, Inc.
This is free software; see the source for copying conditions.  There is NO
warranty; not even for MERCHANTABILITY or FITNESS FOR A PARTICULAR PURPOSE.

Processing...
filename: /mnt/hadoop/cms/store/user/dgulhan/PYTHIA_HYDJET_Track9_Jet30_Pyquen_DiJet_TuneZ2_Unquenched_Hydjet1p8_2760GeV_merged/HiForest_PYTHIA_HYDJET_pthat220_Track9_Jet30_matchEqR_merged_forest_0.root
pthat = 220
Total number of events loaded in HiForest = 181018
0/181018
10000/181018
20000/181018
30000/181018
40000/181018
50000/181018
60000/181018
70000/181018
80000/181018
90000/181018
100000/181018
110000/181018
120000/181018
130000/181018
140000/181018
150000/181018
160000/181018
170000/181018
180000/181018
Macro finished: 
CPU time (min)  = 2.56717
Real time (min) = 2.87197
Done!
Copied output files to hadoop rootfiles/JetRAA/June22
