
----------------------------------------------------
Job started on Tue Jun 23 09:57:44 EDT 2015 at WN: t2bat0012.cmsaf.mit.edu 
Job is running on Linux t2bat0012.cmsaf.mit.edu 2.6.32-358.el6.x86_64 #1 SMP Fri Feb 22 20:37:17 CST 2013 x86_64 x86_64 x86_64 GNU/Linux
Filesystem            Size  Used Avail Use% Mounted on
/dev/sda3              20G   12G  7.7G  60% /
tmpfs                  32G     0   32G   0% /dev/shm
/dev/sda1              97M   32M   61M  35% /boot
/dev/sda4             416G   66G  350G  16% /export/data1
fuse_dfs              4.9P  4.4P  518T  90% /mnt/hadoop
/dev/sdb1             2.7T  2.4T  315G  89% /export/00b
/dev/sdc1             2.7T  2.4T  323G  89% /export/00c
/dev/sdd1             2.7T  2.4T  299G  90% /export/00d
/dev/sde1             2.7T  2.5T  292G  90% /export/00e
/dev/sdf1             2.7T  2.4T  316G  89% /export/00f
/dev/sdg1             2.7T  2.4T  329G  89% /export/00g
/dev/sdh1             2.7T  2.4T  313G  89% /export/00h
/dev/sdi1             2.7T  2.4T  313G  89% /export/00i
/dev/sdj1             2.7T  2.4T  300G  90% /export/00j
/dev/sdk1             2.7T  2.4T  315G  89% /export/00k
/dev/sdl1             2.7T  2.4T  312G  89% /export/00l
cvmfs2                 98G   59G   39G  61% /cvmfs/cms.cern.ch
t2srv0004:/export/db  135G  187M  135G   1% /net/t2srv0004/db
cvmfs2                 98G   59G   39G  61% /cvmfs/oasis.opensciencegrid.org
gcc (GCC) 4.4.7 20120313 (Red Hat 4.4.7-3)
Copyright (C) 2010 Free Software Foundation, Inc.
This is free software; see the source for copying conditions.  There is NO
warranty; not even for MERCHANTABILITY or FITNESS FOR A PARTICULAR PURPOSE.

Processing...
0/181018
10000/181018
20000/181018
30000/181018
40000/181018
50000/181018
60000/181018
70000/181018
80000/181018
90000/181018
100000/181018
110000/181018
120000/181018
130000/181018
140000/181018
150000/181018
160000/181018
170000/181018
180000/181018
Macro finished: 
CPU time (min)  = 3.00017
Real time (min) = 11.7885
Done!
Copied output files to hadoop rootfiles/JetRAA/June22
