000 (427968.000.000) 06/23 09:57:31 Job submitted from host: <18.12.1.74:48322>
...
001 (427968.000.000) 06/23 09:57:42 Job executing on host: <18.12.8.130:47227>
...
006 (427968.000.000) 06/23 09:57:51 Image size of job updated: 1
	3  -  MemoryUsage of job (MB)
	2356  -  ResidentSetSize of job (KB)
...
006 (427968.000.000) 06/23 10:00:33 Image size of job updated: 509564
	3  -  MemoryUsage of job (MB)
	2356  -  ResidentSetSize of job (KB)
...
005 (427968.000.000) 06/23 10:00:33 Job terminated.
	(1) Normal termination (return value 0)
		Usr 0 00:02:12, Sys 0 00:00:02  -  Run Remote Usage
		Usr 0 00:00:00, Sys 0 00:00:00  -  Run Local Usage
		Usr 0 00:02:12, Sys 0 00:00:02  -  Total Remote Usage
		Usr 0 00:00:00, Sys 0 00:00:00  -  Total Local Usage
	178964  -  Run Bytes Sent By Job
	43520  -  Run Bytes Received By Job
	178964  -  Total Bytes Sent By Job
	43520  -  Total Bytes Received By Job
	Partitionable Resources :    Usage  Request          
	   Cpus                 :                 1          
	   Disk (KB)            :      243      243          
	   Memory (MB)          :        3        3          
...
000 (491447.000.000) 06/29 08:39:25 Job submitted from host: <18.12.1.74:48322>
...
001 (491447.000.000) 06/29 08:39:33 Job executing on host: <18.12.8.121:41314>
...
006 (491447.000.000) 06/29 08:39:42 Image size of job updated: 1
	3  -  MemoryUsage of job (MB)
	2360  -  ResidentSetSize of job (KB)
...
006 (491447.000.000) 06/29 08:42:10 Image size of job updated: 1262432
	3  -  MemoryUsage of job (MB)
	2360  -  ResidentSetSize of job (KB)
...
005 (491447.000.000) 06/29 08:42:11 Job terminated.
	(1) Normal termination (return value 0)
		Usr 0 00:02:04, Sys 0 00:00:03  -  Run Remote Usage
		Usr 0 00:00:00, Sys 0 00:00:00  -  Run Local Usage
		Usr 0 00:02:04, Sys 0 00:00:03  -  Total Remote Usage
		Usr 0 00:00:00, Sys 0 00:00:00  -  Total Local Usage
	26745752  -  Run Bytes Sent By Job
	18592260  -  Run Bytes Received By Job
	26745752  -  Total Bytes Sent By Job
	18592260  -  Total Bytes Received By Job
	Partitionable Resources :    Usage  Request          
	   Cpus                 :                 1          
	   Disk (KB)            :    44301    44301          
	   Memory (MB)          :        3        3          
...
000 (495663.000.000) 06/30 20:08:25 Job submitted from host: <18.12.1.74:48322>
...
001 (495663.000.000) 06/30 20:08:35 Job executing on host: <18.12.9.64:47738>
...
006 (495663.000.000) 06/30 20:08:44 Image size of job updated: 1193216
	1037  -  MemoryUsage of job (MB)
	1061076  -  ResidentSetSize of job (KB)
...
006 (495663.000.000) 06/30 20:11:51 Image size of job updated: 1262436
	1037  -  MemoryUsage of job (MB)
	1061076  -  ResidentSetSize of job (KB)
...
005 (495663.000.000) 06/30 20:11:52 Job terminated.
	(1) Normal termination (return value 0)
		Usr 0 00:02:43, Sys 0 00:00:02  -  Run Remote Usage
		Usr 0 00:00:00, Sys 0 00:00:00  -  Run Local Usage
		Usr 0 00:02:43, Sys 0 00:00:02  -  Total Remote Usage
		Usr 0 00:00:00, Sys 0 00:00:00  -  Total Local Usage
	20761044  -  Run Bytes Sent By Job
	18592368  -  Run Bytes Received By Job
	20761044  -  Total Bytes Sent By Job
	18592368  -  Total Bytes Received By Job
	Partitionable Resources :    Usage  Request          
	   Cpus                 :                 1          
	   Disk (KB)            :    38457    38457          
	   Memory (MB)          :     1037     1037          
...
000 (495820.000.000) 07/03 12:34:08 Job submitted from host: <18.12.1.74:48322>
...
001 (495820.000.000) 07/03 12:34:45 Job executing on host: <18.12.9.59:44891>
...
006 (495820.000.000) 07/03 12:34:54 Image size of job updated: 1
	3  -  MemoryUsage of job (MB)
	2380  -  ResidentSetSize of job (KB)
...
006 (495820.000.000) 07/03 12:38:33 Image size of job updated: 2151216
	3  -  MemoryUsage of job (MB)
	2380  -  ResidentSetSize of job (KB)
...
005 (495820.000.000) 07/03 12:38:34 Job terminated.
	(1) Normal termination (return value 0)
		Usr 0 00:03:09, Sys 0 00:00:06  -  Run Remote Usage
		Usr 0 00:00:00, Sys 0 00:00:00  -  Run Local Usage
		Usr 0 00:03:09, Sys 0 00:00:06  -  Total Remote Usage
		Usr 0 00:00:00, Sys 0 00:00:00  -  Total Local Usage
	20776662  -  Run Bytes Sent By Job
	18595072  -  Run Bytes Received By Job
	20776662  -  Total Bytes Sent By Job
	18595072  -  Total Bytes Received By Job
	Partitionable Resources :    Usage  Request          
	   Cpus                 :                 1          
	   Disk (KB)            :    38474    38474          
	   Memory (MB)          :        3        3          
...
