000 (427990.000.000) 06/23 09:59:05 Job submitted from host: <18.12.1.74:48322>
...
001 (427990.000.000) 06/23 09:59:20 Job executing on host: <18.12.8.130:47227>
...
006 (427990.000.000) 06/23 09:59:29 Image size of job updated: 499648
	309  -  MemoryUsage of job (MB)
	315644  -  ResidentSetSize of job (KB)
...
006 (427990.000.000) 06/23 10:02:50 Image size of job updated: 502568
	309  -  MemoryUsage of job (MB)
	315644  -  ResidentSetSize of job (KB)
...
005 (427990.000.000) 06/23 10:02:50 Job terminated.
	(1) Normal termination (return value 0)
		Usr 0 00:02:40, Sys 0 00:00:03  -  Run Remote Usage
		Usr 0 00:00:00, Sys 0 00:00:00  -  Run Local Usage
		Usr 0 00:02:40, Sys 0 00:00:03  -  Total Remote Usage
		Usr 0 00:00:00, Sys 0 00:00:00  -  Total Local Usage
	179006  -  Run Bytes Sent By Job
	43520  -  Run Bytes Received By Job
	179006  -  Total Bytes Sent By Job
	43520  -  Total Bytes Received By Job
	Partitionable Resources :    Usage  Request          
	   Cpus                 :                 1          
	   Disk (KB)            :      243      243          
	   Memory (MB)          :      309      309          
...
