
----------------------------------------------------
Job started on Fri Jul 10 12:02:15 EDT 2015 at WN: t2bat0297.cmsaf.mit.edu 
Job is running on Linux t2bat0297.cmsaf.mit.edu 2.6.32-358.el6.x86_64 #1 SMP Fri Feb 22 20:37:17 CST 2013 x86_64 x86_64 x86_64 GNU/Linux
Filesystem            Size  Used Avail Use% Mounted on
/dev/sda3              20G  3.8G   15G  20% /
tmpfs                  32G     0   32G   0% /dev/shm
/dev/sda1              97M   32M   61M  35% /boot
/dev/sda4             416G   89G  327G  22% /export/data1
fuse_dfs              4.9P  4.5P  449T  91% /mnt/hadoop
/dev/sdb1             2.7T  2.5T  269G  91% /export/00b
/dev/sdc1             2.7T  2.5T  275G  91% /export/00c
/dev/sdd1             2.7T  2.5T  282G  90% /export/00d
/dev/sde1             2.7T  2.5T  266G  91% /export/00e
/dev/sdf1             2.7T  2.5T  276G  90% /export/00f
/dev/sdg1             2.7T  2.5T  276G  90% /export/00g
/dev/sdh1             2.7T  2.5T  279G  90% /export/00h
/dev/sdi1             2.7T  2.5T  284G  90% /export/00i
/dev/sdj1             2.7T  2.5T  273G  91% /export/00j
/dev/sdk1             2.7T  2.5T  263G  91% /export/00k
/dev/sdl1             2.7T  2.5T  272G  91% /export/00l
cvmfs2                 98G   88G   11G  90% /cvmfs/cms.cern.ch
t2srv0004:/export/db  135G  187M  135G   1% /net/t2srv0004/db
gcc (GCC) 4.4.7 20120313 (Red Hat 4.4.7-3)
Copyright (C) 2010 Free Software Foundation, Inc.
This is free software; see the source for copying conditions.  There is NO
warranty; not even for MERCHANTABILITY or FITNESS FOR A PARTICULAR PURPOSE.

Processing...
filename: /mnt/hadoop/cms/store/user/dgulhan/PYTHIA_HYDJET_Track9_Jet30_Pyquen_DiJet_TuneZ2_Unquenched_Hydjet1p8_2760GeV_merged/HiForest_PYTHIA_HYDJET_pthat80_Track9_Jet30_matchEqR_merged_forest_0.root
pthat = 80
Total number of events loaded in HiForest = 368126
0/368126
10000/368126
20000/368126
30000/368126
40000/368126
50000/368126
60000/368126
70000/368126
80000/368126
90000/368126
100000/368126
110000/368126
120000/368126
130000/368126
140000/368126
150000/368126
160000/368126
170000/368126
180000/368126
190000/368126
200000/368126
210000/368126
220000/368126
230000/368126
240000/368126
250000/368126
260000/368126
270000/368126
280000/368126
290000/368126
300000/368126
310000/368126
320000/368126
330000/368126
340000/368126
350000/368126
360000/368126
Macro finished: 
CPU time (min)  = 5.03583
Real time (min) = 5.50669
Done!
Copied output files to hadoop rootfiles/JetRAA/June22
