000 (427964.000.000) 06/23 09:50:01 Job submitted from host: <18.12.1.74:48322>
...
001 (427964.000.000) 06/23 09:50:16 Job executing on host: <18.12.8.96:41022>
...
006 (427964.000.000) 06/23 09:50:22 Image size of job updated: 143820
	0  -  MemoryUsage of job (MB)
	0  -  ResidentSetSize of job (KB)
...
005 (427964.000.000) 06/23 09:50:23 Job terminated.
	(1) Normal termination (return value 0)
		Usr 0 00:00:00, Sys 0 00:00:00  -  Run Remote Usage
		Usr 0 00:00:00, Sys 0 00:00:00  -  Run Local Usage
		Usr 0 00:00:00, Sys 0 00:00:00  -  Total Remote Usage
		Usr 0 00:00:00, Sys 0 00:00:00  -  Total Local Usage
	183222  -  Run Bytes Sent By Job
	43915  -  Run Bytes Received By Job
	183222  -  Total Bytes Sent By Job
	43915  -  Total Bytes Received By Job
	Partitionable Resources :    Usage  Request          
	   Cpus                 :                 1          
	   Disk (KB)            :      247      247          
	   Memory (MB)          :        0        0          
...
000 (427973.000.000) 06/23 09:57:32 Job submitted from host: <18.12.1.74:48322>
...
001 (427973.000.000) 06/23 09:57:48 Job executing on host: <18.12.8.12:49855>
...
006 (427973.000.000) 06/23 09:57:56 Image size of job updated: 1
	3  -  MemoryUsage of job (MB)
	2380  -  ResidentSetSize of job (KB)
...
006 (427973.000.000) 06/23 10:02:57 Image size of job updated: 506752
	359  -  MemoryUsage of job (MB)
	366724  -  ResidentSetSize of job (KB)
...
006 (427973.000.000) 06/23 10:07:58 Image size of job updated: 506752
	359  -  MemoryUsage of job (MB)
	366776  -  ResidentSetSize of job (KB)
...
006 (427973.000.000) 06/23 10:12:58 Image size of job updated: 506752
	359  -  MemoryUsage of job (MB)
	366788  -  ResidentSetSize of job (KB)
...
006 (427973.000.000) 06/23 10:22:59 Image size of job updated: 506752
	359  -  MemoryUsage of job (MB)
	366820  -  ResidentSetSize of job (KB)
...
006 (427973.000.000) 06/23 10:25:14 Image size of job updated: 517264
	359  -  MemoryUsage of job (MB)
	366820  -  ResidentSetSize of job (KB)
...
005 (427973.000.000) 06/23 10:25:14 Job terminated.
	(1) Normal termination (return value 0)
		Usr 0 00:06:29, Sys 0 00:00:02  -  Run Remote Usage
		Usr 0 00:00:00, Sys 0 00:00:00  -  Run Local Usage
		Usr 0 00:06:29, Sys 0 00:00:02  -  Total Remote Usage
		Usr 0 00:00:00, Sys 0 00:00:00  -  Total Local Usage
	179161  -  Run Bytes Sent By Job
	43520  -  Run Bytes Received By Job
	179161  -  Total Bytes Sent By Job
	43520  -  Total Bytes Received By Job
	Partitionable Resources :    Usage  Request          
	   Cpus                 :                 1          
	   Disk (KB)            :      243      243          
	   Memory (MB)          :      359      359          
...
