000 (427994.000.000) 06/23 09:59:06 Job submitted from host: <18.12.1.74:48322>
...
001 (427994.000.000) 06/23 09:59:20 Job executing on host: <18.12.8.121:41314>
...
006 (427994.000.000) 06/23 09:59:29 Image size of job updated: 1
	3  -  MemoryUsage of job (MB)
	2356  -  ResidentSetSize of job (KB)
...
006 (427994.000.000) 06/23 09:59:32 Image size of job updated: 26048
	3  -  MemoryUsage of job (MB)
	2356  -  ResidentSetSize of job (KB)
...
005 (427994.000.000) 06/23 09:59:32 Job terminated.
	(1) Normal termination (return value 0)
		Usr 0 00:00:00, Sys 0 00:00:00  -  Run Remote Usage
		Usr 0 00:00:00, Sys 0 00:00:00  -  Run Local Usage
		Usr 0 00:00:00, Sys 0 00:00:00  -  Total Remote Usage
		Usr 0 00:00:00, Sys 0 00:00:00  -  Total Local Usage
	178377  -  Run Bytes Sent By Job
	43520  -  Run Bytes Received By Job
	178377  -  Total Bytes Sent By Job
	43520  -  Total Bytes Received By Job
	Partitionable Resources :    Usage  Request          
	   Cpus                 :                 1          
	   Disk (KB)            :      242      242          
	   Memory (MB)          :        3        3          
...
