
----------------------------------------------------
Job started on Tue Jun 23 09:59:21 EDT 2015 at WN: t2bat0130.cmsaf.mit.edu 
Job is running on Linux t2bat0130.cmsaf.mit.edu 2.6.32-358.el6.x86_64 #1 SMP Fri Feb 22 20:37:17 CST 2013 x86_64 x86_64 x86_64 GNU/Linux
Filesystem            Size  Used Avail Use% Mounted on
/dev/sda3              20G  3.4G   16G  18% /
tmpfs                 7.8G     0  7.8G   0% /dev/shm
/dev/sda1              97M   33M   60M  36% /boot
/dev/sda4             415G   78G  337G  19% /export/data1
/dev/sdb1             1.8T  1.6T  199G  90% /export/00b
/dev/sdc1             1.8T  1.7T  190G  90% /export/00c
/dev/sdd1             1.8T  1.7T  195G  90% /export/00d
/dev/sde1             1.8T  1.6T  206G  89% /export/00e
/dev/sdf1             1.8T  1.6T  200G  90% /export/00f
fuse_dfs              4.9P  4.4P  518T  90% /mnt/hadoop
cvmfs2                 98G   77G   22G  79% /cvmfs/mu2e.opensciencegrid.org
cvmfs2                 98G   77G   22G  79% /cvmfs/cms.cern.ch
t2srv0004:/export/db  135G  187M  135G   1% /net/t2srv0004/db
cvmfs2                 98G   77G   22G  79% /cvmfs/oasis.opensciencegrid.org
cvmfs2                 98G   77G   22G  79% /cvmfs/fermilab.opensciencegrid.org
cvmfs2                 98G   77G   22G  79% /cvmfs/grid.cern.ch
gcc (GCC) 4.4.7 20120313 (Red Hat 4.4.7-3)
Copyright (C) 2010 Free Software Foundation, Inc.
This is free software; see the source for copying conditions.  There is NO
warranty; not even for MERCHANTABILITY or FITNESS FOR A PARTICULAR PURPOSE.

Processing...
0/366982
10000/366982
20000/366982
30000/366982
40000/366982
50000/366982
60000/366982
70000/366982
80000/366982
90000/366982
100000/366982
110000/366982
120000/366982
130000/366982
140000/366982
150000/366982
160000/366982
170000/366982
180000/366982
190000/366982
200000/366982
210000/366982
220000/366982
230000/366982
240000/366982
250000/366982
260000/366982
270000/366982
280000/366982
290000/366982
300000/366982
310000/366982
320000/366982
330000/366982
340000/366982
350000/366982
360000/366982
Macro finished: 
CPU time (min)  = 2.89867
Real time (min) = 3.45302
Done!
Copied output files to hadoop rootfiles/JetRAA/June22
