000 (427992.000.000) 06/23 09:59:06 Job submitted from host: <18.12.1.74:48322>
...
001 (427992.000.000) 06/23 09:59:45 Job executing on host: <18.12.8.104:49709>
...
006 (427992.000.000) 06/23 09:59:54 Image size of job updated: 1
	3  -  MemoryUsage of job (MB)
	2372  -  ResidentSetSize of job (KB)
...
006 (427992.000.000) 06/23 10:01:33 Image size of job updated: 495284
	3  -  MemoryUsage of job (MB)
	2372  -  ResidentSetSize of job (KB)
...
005 (427992.000.000) 06/23 10:01:33 Job terminated.
	(1) Normal termination (return value 0)
		Usr 0 00:01:21, Sys 0 00:00:01  -  Run Remote Usage
		Usr 0 00:00:00, Sys 0 00:00:00  -  Run Local Usage
		Usr 0 00:01:21, Sys 0 00:00:01  -  Total Remote Usage
		Usr 0 00:00:00, Sys 0 00:00:00  -  Total Local Usage
	178892  -  Run Bytes Sent By Job
	43520  -  Run Bytes Received By Job
	178892  -  Total Bytes Sent By Job
	43520  -  Total Bytes Received By Job
	Partitionable Resources :    Usage  Request          
	   Cpus                 :                 1          
	   Disk (KB)            :      243      243          
	   Memory (MB)          :        3        3          
...
000 (491507.000.000) 06/29 08:42:04 Job submitted from host: <18.12.1.74:48322>
...
001 (491507.000.000) 06/29 08:42:40 Job executing on host: <18.12.12.7:46716>
...
006 (491507.000.000) 06/29 08:42:49 Image size of job updated: 1196
	1  -  MemoryUsage of job (MB)
	156  -  ResidentSetSize of job (KB)
...
006 (491507.000.000) 06/29 08:47:47 Image size of job updated: 1306608
	1  -  MemoryUsage of job (MB)
	156  -  ResidentSetSize of job (KB)
...
005 (491507.000.000) 06/29 08:47:49 Job terminated.
	(1) Normal termination (return value 0)
		Usr 0 00:02:00, Sys 0 00:00:02  -  Run Remote Usage
		Usr 0 00:00:00, Sys 0 00:00:00  -  Run Local Usage
		Usr 0 00:02:00, Sys 0 00:00:02  -  Total Remote Usage
		Usr 0 00:00:00, Sys 0 00:00:00  -  Total Local Usage
	48719608  -  Run Bytes Sent By Job
	18592260  -  Run Bytes Received By Job
	48719608  -  Total Bytes Sent By Job
	18592260  -  Total Bytes Received By Job
	Partitionable Resources :    Usage  Request          
	   Cpus                 :                 1          
	   Disk (KB)            :    65760    65760          
	   Memory (MB)          :        1        1          
...
000 (491588.000.000) 06/29 09:30:44 Job submitted from host: <18.12.1.74:48322>
...
001 (491588.000.000) 06/29 09:31:22 Job executing on host: <18.12.8.227:44380>
...
006 (491588.000.000) 06/29 09:31:31 Image size of job updated: 1
	3  -  MemoryUsage of job (MB)
	2364  -  ResidentSetSize of job (KB)
...
006 (491588.000.000) 06/29 09:33:47 Image size of job updated: 1280892
	3  -  MemoryUsage of job (MB)
	2364  -  ResidentSetSize of job (KB)
...
005 (491588.000.000) 06/29 09:33:48 Job terminated.
	(1) Normal termination (return value 0)
		Usr 0 00:01:49, Sys 0 00:00:01  -  Run Remote Usage
		Usr 0 00:00:00, Sys 0 00:00:00  -  Run Local Usage
		Usr 0 00:01:49, Sys 0 00:00:01  -  Total Remote Usage
		Usr 0 00:00:00, Sys 0 00:00:00  -  Total Local Usage
	48719608  -  Run Bytes Sent By Job
	18592260  -  Run Bytes Received By Job
	48719608  -  Total Bytes Sent By Job
	18592260  -  Total Bytes Received By Job
	Partitionable Resources :    Usage  Request          
	   Cpus                 :                 1          
	   Disk (KB)            :    65760    65760          
	   Memory (MB)          :        3        3          
...
000 (495678.000.000) 06/30 20:08:46 Job submitted from host: <18.12.1.74:48322>
...
001 (495678.000.000) 06/30 20:09:08 Job executing on host: <18.12.8.233:42555>
...
006 (495678.000.000) 06/30 20:09:17 Image size of job updated: 1187660
	1032  -  MemoryUsage of job (MB)
	1055832  -  ResidentSetSize of job (KB)
...
006 (495678.000.000) 06/30 20:11:31 Image size of job updated: 1306616
	1032  -  MemoryUsage of job (MB)
	1055832  -  ResidentSetSize of job (KB)
...
005 (495678.000.000) 06/30 20:11:32 Job terminated.
	(1) Normal termination (return value 0)
		Usr 0 00:02:00, Sys 0 00:00:01  -  Run Remote Usage
		Usr 0 00:00:00, Sys 0 00:00:00  -  Run Local Usage
		Usr 0 00:02:00, Sys 0 00:00:01  -  Total Remote Usage
		Usr 0 00:00:00, Sys 0 00:00:00  -  Total Local Usage
	20760292  -  Run Bytes Sent By Job
	18592368  -  Run Bytes Received By Job
	20760292  -  Total Bytes Sent By Job
	18592368  -  Total Bytes Received By Job
	Partitionable Resources :    Usage  Request          
	   Cpus                 :                 1          
	   Disk (KB)            :    38456    38456          
	   Memory (MB)          :     1032     1032          
...
000 (495817.000.000) 07/03 12:21:38 Job submitted from host: <18.12.1.74:48322>
...
001 (495817.000.000) 07/03 12:23:09 Job executing on host: <18.12.8.130:47227>
...
006 (495817.000.000) 07/03 12:23:17 Image size of job updated: 1
	3  -  MemoryUsage of job (MB)
	2356  -  ResidentSetSize of job (KB)
...
006 (495817.000.000) 07/03 12:25:18 Image size of job updated: 2144740
	3  -  MemoryUsage of job (MB)
	2356  -  ResidentSetSize of job (KB)
...
005 (495817.000.000) 07/03 12:25:18 Job terminated.
	(1) Normal termination (return value 0)
		Usr 0 00:01:26, Sys 0 00:00:05  -  Run Remote Usage
		Usr 0 00:00:00, Sys 0 00:00:00  -  Run Local Usage
		Usr 0 00:01:26, Sys 0 00:00:05  -  Total Remote Usage
		Usr 0 00:00:00, Sys 0 00:00:00  -  Total Local Usage
	20775722  -  Run Bytes Sent By Job
	18594924  -  Run Bytes Received By Job
	20775722  -  Total Bytes Sent By Job
	18594924  -  Total Bytes Received By Job
	Partitionable Resources :    Usage  Request          
	   Cpus                 :                 1          
	   Disk (KB)            :    38473    38473          
	   Memory (MB)          :        3        3          
...
000 (495934.000.000) 07/03 12:36:50 Job submitted from host: <18.12.1.74:48322>
...
001 (495934.000.000) 07/03 12:38:18 Job executing on host: <18.12.6.92:48541>
...
006 (495934.000.000) 07/03 12:38:27 Image size of job updated: 1
	3  -  MemoryUsage of job (MB)
	2356  -  ResidentSetSize of job (KB)
...
006 (495934.000.000) 07/03 12:41:14 Image size of job updated: 2144740
	3  -  MemoryUsage of job (MB)
	2356  -  ResidentSetSize of job (KB)
...
005 (495934.000.000) 07/03 12:41:14 Job terminated.
	(1) Normal termination (return value 0)
		Usr 0 00:02:22, Sys 0 00:00:04  -  Run Remote Usage
		Usr 0 00:00:00, Sys 0 00:00:00  -  Run Local Usage
		Usr 0 00:02:22, Sys 0 00:00:04  -  Total Remote Usage
		Usr 0 00:00:00, Sys 0 00:00:00  -  Total Local Usage
	20776296  -  Run Bytes Sent By Job
	18595072  -  Run Bytes Received By Job
	20776296  -  Total Bytes Sent By Job
	18595072  -  Total Bytes Received By Job
	Partitionable Resources :    Usage  Request          
	   Cpus                 :                 1          
	   Disk (KB)            :    38474    38474          
	   Memory (MB)          :        3        3          
...
