
----------------------------------------------------
Job started on Fri Jul 10 12:02:16 EDT 2015 at WN: t2bat0299.cmsaf.mit.edu 
Job is running on Linux t2bat0299.cmsaf.mit.edu 2.6.32-358.el6.x86_64 #1 SMP Fri Feb 22 20:37:17 CST 2013 x86_64 x86_64 x86_64 GNU/Linux
Filesystem            Size  Used Avail Use% Mounted on
/dev/sda3              20G  3.1G   16G  17% /
tmpfs                  32G     0   32G   0% /dev/shm
/dev/sda1              97M   32M   61M  35% /boot
/dev/sda4             416G  6.8G  409G   2% /export/data1
fuse_dfs              4.9P  4.5P  449T  91% /mnt/hadoop
/dev/sdb1             2.7T  2.5T  285G  90% /export/00b
/dev/sdc1             2.7T  2.5T  265G  91% /export/00c
/dev/sdd1             2.7T  2.5T  293G  90% /export/00d
/dev/sde1             2.7T  2.5T  276G  90% /export/00e
/dev/sdf1             2.7T  2.5T  268G  91% /export/00f
/dev/sdg1             2.7T  2.5T  278G  90% /export/00g
/dev/sdh1             2.7T  2.5T  260G  91% /export/00h
/dev/sdi1             2.7T  2.5T  266G  91% /export/00i
/dev/sdj1             2.7T  2.5T  268G  91% /export/00j
/dev/sdk1             2.7T  2.5T  282G  90% /export/00k
/dev/sdl1             2.7T  2.5T  276G  90% /export/00l
t2srv0004:/export/db  135G  187M  135G   1% /net/t2srv0004/db
cvmfs2                 98G  5.5G   93G   6% /cvmfs/cms.cern.ch
gcc (GCC) 4.4.7 20120313 (Red Hat 4.4.7-3)
Copyright (C) 2010 Free Software Foundation, Inc.
This is free software; see the source for copying conditions.  There is NO
warranty; not even for MERCHANTABILITY or FITNESS FOR A PARTICULAR PURPOSE.

Processing...
filename: /mnt/hadoop/cms/store/user/dgulhan/PYTHIA_HYDJET_Track9_Jet30_Pyquen_DiJet_TuneZ2_Unquenched_Hydjet1p8_2760GeV_merged/HiForest_PYTHIA_HYDJET_pthat370_Track9_Jet30_matchEqR_merged_forest_0.root
pthat = 370
Total number of events loaded in HiForest = 14031
0/14031
10000/14031
Macro finished: 
CPU time (min)  = 0.366667
Real time (min) = 0.391535
Done!
Copied output files to hadoop rootfiles/JetRAA/June22
