000 (426837.000.000) 06/22 21:36:35 Job submitted from host: <18.12.1.74:48322>
...
001 (426837.000.000) 06/22 21:36:46 Job executing on host: <18.12.8.192:40876>
...
006 (426837.000.000) 06/22 21:36:55 Image size of job updated: 1
	3  -  MemoryUsage of job (MB)
	2356  -  ResidentSetSize of job (KB)
...
006 (426837.000.000) 06/22 21:41:55 Image size of job updated: 409948
	197  -  MemoryUsage of job (MB)
	200764  -  ResidentSetSize of job (KB)
...
006 (426837.000.000) 06/22 21:46:55 Image size of job updated: 409948
	197  -  MemoryUsage of job (MB)
	200820  -  ResidentSetSize of job (KB)
...
006 (426837.000.000) 06/22 21:56:57 Image size of job updated: 415268
	232  -  MemoryUsage of job (MB)
	237440  -  ResidentSetSize of job (KB)
...
005 (426837.000.000) 06/22 22:02:08 Job terminated.
	(1) Normal termination (return value 0)
		Usr 0 00:17:32, Sys 0 00:00:12  -  Run Remote Usage
		Usr 0 00:00:00, Sys 0 00:00:00  -  Run Local Usage
		Usr 0 00:17:32, Sys 0 00:00:12  -  Total Remote Usage
		Usr 0 00:00:00, Sys 0 00:00:00  -  Total Local Usage
	128205  -  Run Bytes Sent By Job
	28496  -  Run Bytes Received By Job
	128205  -  Total Bytes Sent By Job
	28496  -  Total Bytes Received By Job
	Partitionable Resources :    Usage  Request          
	   Cpus                 :                 1          
	   Disk (KB)            :      179      179          
	   Memory (MB)          :      232      232          
...
000 (491491.000.000) 06/29 08:39:45 Job submitted from host: <18.12.1.74:48322>
...
001 (491491.000.000) 06/29 08:40:09 Job executing on host: <18.12.6.97:49636>
...
006 (491491.000.000) 06/29 08:40:18 Image size of job updated: 412156
	181  -  MemoryUsage of job (MB)
	185040  -  ResidentSetSize of job (KB)
...
006 (491491.000.000) 06/29 08:45:19 Image size of job updated: 418592
	203  -  MemoryUsage of job (MB)
	207456  -  ResidentSetSize of job (KB)
...
006 (491491.000.000) 06/29 08:50:20 Image size of job updated: 420916
	245  -  MemoryUsage of job (MB)
	250300  -  ResidentSetSize of job (KB)
...
006 (491491.000.000) 06/29 08:55:20 Image size of job updated: 423944
	248  -  MemoryUsage of job (MB)
	253276  -  ResidentSetSize of job (KB)
...
005 (491491.000.000) 06/29 09:01:30 Job terminated.
	(1) Normal termination (return value 0)
		Usr 0 00:18:17, Sys 0 00:00:09  -  Run Remote Usage
		Usr 0 00:00:00, Sys 0 00:00:00  -  Run Local Usage
		Usr 0 00:18:17, Sys 0 00:00:09  -  Total Remote Usage
		Usr 0 00:00:00, Sys 0 00:00:00  -  Total Local Usage
	35026044  -  Run Bytes Sent By Job
	18573400  -  Run Bytes Received By Job
	35026044  -  Total Bytes Sent By Job
	18573400  -  Total Bytes Received By Job
	Partitionable Resources :    Usage  Request          
	   Cpus                 :                 1          
	   Disk (KB)            :    52369    52369          
	   Memory (MB)          :      248      248          
...
000 (495864.000.000) 07/03 12:34:17 Job submitted from host: <18.12.1.74:48322>
...
001 (495864.000.000) 07/03 12:35:43 Job executing on host: <18.12.8.22:40584>
...
006 (495864.000.000) 07/03 12:35:51 Image size of job updated: 1
	3  -  MemoryUsage of job (MB)
	2356  -  ResidentSetSize of job (KB)
...
006 (495864.000.000) 07/03 12:40:51 Image size of job updated: 560088
	328  -  MemoryUsage of job (MB)
	335300  -  ResidentSetSize of job (KB)
...
006 (495864.000.000) 07/03 12:50:53 Image size of job updated: 562412
	370  -  MemoryUsage of job (MB)
	378068  -  ResidentSetSize of job (KB)
...
006 (495864.000.000) 07/03 12:55:53 Image size of job updated: 565444
	372  -  MemoryUsage of job (MB)
	380788  -  ResidentSetSize of job (KB)
...
006 (495864.000.000) 07/03 13:00:54 Image size of job updated: 565444
	372  -  MemoryUsage of job (MB)
	380792  -  ResidentSetSize of job (KB)
...
006 (495864.000.000) 07/03 13:05:55 Image size of job updated: 565444
	372  -  MemoryUsage of job (MB)
	380804  -  ResidentSetSize of job (KB)
...
005 (495864.000.000) 07/03 13:12:25 Job terminated.
	(1) Normal termination (return value 0)
		Usr 0 00:31:48, Sys 0 00:00:39  -  Run Remote Usage
		Usr 0 00:00:00, Sys 0 00:00:00  -  Run Local Usage
		Usr 0 00:31:48, Sys 0 00:00:39  -  Total Remote Usage
		Usr 0 00:00:00, Sys 0 00:00:00  -  Total Local Usage
	40985408  -  Run Bytes Sent By Job
	18576446  -  Run Bytes Received By Job
	40985408  -  Total Bytes Sent By Job
	18576446  -  Total Bytes Received By Job
	Partitionable Resources :    Usage  Request          
	   Cpus                 :                 1          
	   Disk (KB)            :    58191    58191          
	   Memory (MB)          :      372      372          
...
