000 (426845.000.000) 06/22 21:36:36 Job submitted from host: <18.12.1.74:48322>
...
001 (426845.000.000) 06/22 21:36:46 Job executing on host: <18.12.6.82:43942>
...
006 (426845.000.000) 06/22 21:36:55 Image size of job updated: 1
	3  -  MemoryUsage of job (MB)
	2356  -  ResidentSetSize of job (KB)
...
006 (426845.000.000) 06/22 21:41:55 Image size of job updated: 409752
	198  -  MemoryUsage of job (MB)
	202220  -  ResidentSetSize of job (KB)
...
006 (426845.000.000) 06/22 21:46:55 Image size of job updated: 410028
	198  -  MemoryUsage of job (MB)
	202568  -  ResidentSetSize of job (KB)
...
006 (426845.000.000) 06/22 21:51:56 Image size of job updated: 410028
	199  -  MemoryUsage of job (MB)
	202864  -  ResidentSetSize of job (KB)
...
006 (426845.000.000) 06/22 21:56:57 Image size of job updated: 415336
	236  -  MemoryUsage of job (MB)
	241292  -  ResidentSetSize of job (KB)
...
005 (426845.000.000) 06/22 21:57:29 Job terminated.
	(1) Normal termination (return value 0)
		Usr 0 00:18:02, Sys 0 00:00:09  -  Run Remote Usage
		Usr 0 00:00:00, Sys 0 00:00:00  -  Run Local Usage
		Usr 0 00:18:02, Sys 0 00:00:09  -  Total Remote Usage
		Usr 0 00:00:00, Sys 0 00:00:00  -  Total Local Usage
	128142  -  Run Bytes Sent By Job
	28496  -  Run Bytes Received By Job
	128142  -  Total Bytes Sent By Job
	28496  -  Total Bytes Received By Job
	Partitionable Resources :    Usage  Request          
	   Cpus                 :                 1          
	   Disk (KB)            :      179      179          
	   Memory (MB)          :      236      236          
...
000 (491499.000.000) 06/29 08:39:45 Job submitted from host: <18.12.1.74:48322>
...
001 (491499.000.000) 06/29 08:40:15 Job executing on host: <18.12.8.166:49782>
...
006 (491499.000.000) 06/29 08:40:23 Image size of job updated: 75480
	19  -  MemoryUsage of job (MB)
	18952  -  ResidentSetSize of job (KB)
...
006 (491499.000.000) 06/29 08:45:23 Image size of job updated: 416536
	205  -  MemoryUsage of job (MB)
	209212  -  ResidentSetSize of job (KB)
...
006 (491499.000.000) 06/29 08:55:25 Image size of job updated: 419708
	248  -  MemoryUsage of job (MB)
	253552  -  ResidentSetSize of job (KB)
...
006 (491499.000.000) 06/29 09:00:25 Image size of job updated: 422028
	250  -  MemoryUsage of job (MB)
	255772  -  ResidentSetSize of job (KB)
...
005 (491499.000.000) 06/29 09:09:51 Job terminated.
	(1) Normal termination (return value 0)
		Usr 0 00:18:09, Sys 0 00:00:08  -  Run Remote Usage
		Usr 0 00:00:00, Sys 0 00:00:00  -  Run Local Usage
		Usr 0 00:18:09, Sys 0 00:00:08  -  Total Remote Usage
		Usr 0 00:00:00, Sys 0 00:00:00  -  Total Local Usage
	37582760  -  Run Bytes Sent By Job
	18573400  -  Run Bytes Received By Job
	37582760  -  Total Bytes Sent By Job
	18573400  -  Total Bytes Received By Job
	Partitionable Resources :    Usage  Request          
	   Cpus                 :                 1          
	   Disk (KB)            :    54865    54865          
	   Memory (MB)          :      250      250          
...
000 (495872.000.000) 07/03 12:34:17 Job submitted from host: <18.12.1.74:48322>
...
001 (495872.000.000) 07/03 12:35:43 Job executing on host: <18.12.9.75:47081>
...
006 (495872.000.000) 07/03 12:35:52 Image size of job updated: 146984
	32  -  MemoryUsage of job (MB)
	31996  -  ResidentSetSize of job (KB)
...
006 (495872.000.000) 07/03 12:40:53 Image size of job updated: 558032
	341  -  MemoryUsage of job (MB)
	348700  -  ResidentSetSize of job (KB)
...
006 (495872.000.000) 07/03 12:45:54 Image size of job updated: 561940
	385  -  MemoryUsage of job (MB)
	393772  -  ResidentSetSize of job (KB)
...
006 (495872.000.000) 07/03 12:50:54 Image size of job updated: 563528
	387  -  MemoryUsage of job (MB)
	395456  -  ResidentSetSize of job (KB)
...
005 (495872.000.000) 07/03 12:54:28 Job terminated.
	(1) Normal termination (return value 0)
		Usr 0 00:15:10, Sys 0 00:00:20  -  Run Remote Usage
		Usr 0 00:00:00, Sys 0 00:00:00  -  Run Local Usage
		Usr 0 00:15:10, Sys 0 00:00:20  -  Total Remote Usage
		Usr 0 00:00:00, Sys 0 00:00:00  -  Total Local Usage
	45240700  -  Run Bytes Sent By Job
	18576446  -  Run Bytes Received By Job
	45240700  -  Total Bytes Sent By Job
	18576446  -  Total Bytes Received By Job
	Partitionable Resources :    Usage  Request          
	   Cpus                 :                 1          
	   Disk (KB)            :    62347    62347          
	   Memory (MB)          :      387      387          
...
