
----------------------------------------------------
Job started on Mon Jun 22 21:36:46 EDT 2015 at WN: t2bat0301.cmsaf.mit.edu 
Job is running on Linux t2bat0301.cmsaf.mit.edu 2.6.32-358.el6.x86_64 #1 SMP Fri Feb 22 20:37:17 CST 2013 x86_64 x86_64 x86_64 GNU/Linux
Filesystem            Size  Used Avail Use% Mounted on
tmpfs                  32G     0   32G   0% /dev/shm
/dev/sda1              97M   32M   61M  35% /boot
/dev/sda4             416G   56G  360G  14% /export/data1
/dev/sda1              97M   32M   61M  35% /boot
/dev/sda4             416G   56G  360G  14% /export/data1
fuse_dfs              4.9P  4.4P  522T  90% /mnt/hadoop
/dev/sdb1             3.6T  3.1T  511G  87% /export/00b
/dev/sdc1             3.6T  3.1T  535G  86% /export/00c
/dev/sdd1             3.6T  3.1T  524G  86% /export/00d
/dev/sde1             3.6T  3.1T  546G  86% /export/00e
/dev/sdf1             3.6T  3.2T  494G  87% /export/00f
/dev/sdg1             3.6T  3.1T  528G  86% /export/00g
/dev/sdh1             3.6T  3.1T  519G  86% /export/00h
/dev/sdi1             3.6T  3.1T  559G  85% /export/00i
/dev/sdj1             3.6T  3.1T  539G  86% /export/00j
/dev/sdk1             3.6T  3.1T  538G  86% /export/00k
/dev/sdl1             3.6T  3.1T  555G  85% /export/00l
cvmfs2                 98G   52G   46G  53% /cvmfs/cms.cern.ch
t2srv0004:/export/db  135G  187M  135G   1% /net/t2srv0004/db
cvmfs2                 98G   52G   46G  53% /cvmfs/oasis.opensciencegrid.org
cvmfs2                 98G   52G   46G  53% /cvmfs/cdfcfs.fnal.gov
cvmfs2                 98G   52G   46G  53% /cvmfs/cvmfs.cmsaf.mit.edu
gcc (GCC) 4.4.7 20120313 (Red Hat 4.4.7-3)
Copyright (C) 2010 Free Software Foundation, Inc.
This is free software; see the source for copying conditions.  There is NO
warranty; not even for MERCHANTABILITY or FITNESS FOR A PARTICULAR PURPOSE.

Processing...
0/1232472
10000/1232472
20000/1232472
30000/1232472
40000/1232472
50000/1232472
60000/1232472
70000/1232472
80000/1232472
90000/1232472
100000/1232472
110000/1232472
120000/1232472
130000/1232472
140000/1232472
150000/1232472
160000/1232472
170000/1232472
180000/1232472
190000/1232472
200000/1232472
210000/1232472
220000/1232472
230000/1232472
240000/1232472
250000/1232472
260000/1232472
270000/1232472
280000/1232472
290000/1232472
300000/1232472
310000/1232472
320000/1232472
330000/1232472
340000/1232472
350000/1232472
360000/1232472
370000/1232472
380000/1232472
390000/1232472
400000/1232472
410000/1232472
420000/1232472
430000/1232472
440000/1232472
450000/1232472
460000/1232472
470000/1232472
480000/1232472
490000/1232472
500000/1232472
510000/1232472
520000/1232472
530000/1232472
540000/1232472
550000/1232472
560000/1232472
570000/1232472
580000/1232472
590000/1232472
600000/1232472
610000/1232472
620000/1232472
630000/1232472
640000/1232472
650000/1232472
660000/1232472
670000/1232472
680000/1232472
690000/1232472
700000/1232472
710000/1232472
720000/1232472
730000/1232472
740000/1232472
750000/1232472
760000/1232472
770000/1232472
780000/1232472
790000/1232472
800000/1232472
810000/1232472
820000/1232472
830000/1232472
840000/1232472
850000/1232472
860000/1232472
870000/1232472
880000/1232472
890000/1232472
900000/1232472
910000/1232472
920000/1232472
930000/1232472
940000/1232472
950000/1232472
960000/1232472
970000/1232472
980000/1232472
990000/1232472
1000000/1232472
1010000/1232472
1020000/1232472
1030000/1232472
1040000/1232472
1050000/1232472
1060000/1232472
1070000/1232472
1080000/1232472
1090000/1232472
1100000/1232472
1110000/1232472
1120000/1232472
1130000/1232472
1140000/1232472
1150000/1232472
1160000/1232472
1170000/1232472
1180000/1232472
1190000/1232472
1200000/1232472
1210000/1232472
1220000/1232472
1230000/1232472
Macro finished: 
CPU time (min)  = 14.423
Real time (min) = 17.1469
Done!
Copied output files to hadoop rootfiles/JetRAA/June22
