000 (426826.000.000) 06/22 21:36:34 Job submitted from host: <18.12.1.74:48322>
...
001 (426826.000.000) 06/22 21:36:45 Job executing on host: <18.12.6.100:47957>
...
006 (426826.000.000) 06/22 21:36:54 Image size of job updated: 1
	3  -  MemoryUsage of job (MB)
	2356  -  ResidentSetSize of job (KB)
...
006 (426826.000.000) 06/22 21:41:55 Image size of job updated: 407820
	196  -  MemoryUsage of job (MB)
	200124  -  ResidentSetSize of job (KB)
...
006 (426826.000.000) 06/22 21:46:55 Image size of job updated: 407820
	196  -  MemoryUsage of job (MB)
	200284  -  ResidentSetSize of job (KB)
...
006 (426826.000.000) 06/22 21:51:56 Image size of job updated: 407820
	196  -  MemoryUsage of job (MB)
	200292  -  ResidentSetSize of job (KB)
...
006 (426826.000.000) 06/22 21:56:57 Image size of job updated: 412508
	233  -  MemoryUsage of job (MB)
	238252  -  ResidentSetSize of job (KB)
...
005 (426826.000.000) 06/22 21:59:22 Job terminated.
	(1) Normal termination (return value 0)
		Usr 0 00:18:50, Sys 0 00:00:11  -  Run Remote Usage
		Usr 0 00:00:00, Sys 0 00:00:00  -  Run Local Usage
		Usr 0 00:18:50, Sys 0 00:00:11  -  Total Remote Usage
		Usr 0 00:00:00, Sys 0 00:00:00  -  Total Local Usage
	128002  -  Run Bytes Sent By Job
	28496  -  Run Bytes Received By Job
	128002  -  Total Bytes Sent By Job
	28496  -  Total Bytes Received By Job
	Partitionable Resources :    Usage  Request          
	   Cpus                 :                 1          
	   Disk (KB)            :      178      178          
	   Memory (MB)          :      233      233          
...
000 (491480.000.000) 06/29 08:39:44 Job submitted from host: <18.12.1.74:48322>
...
001 (491480.000.000) 06/29 08:40:08 Job executing on host: <18.12.8.219:42482>
...
006 (491480.000.000) 06/29 08:40:16 Image size of job updated: 1
	3  -  MemoryUsage of job (MB)
	2360  -  ResidentSetSize of job (KB)
...
006 (491480.000.000) 06/29 08:45:16 Image size of job updated: 415220
	201  -  MemoryUsage of job (MB)
	205744  -  ResidentSetSize of job (KB)
...
006 (491480.000.000) 06/29 08:50:17 Image size of job updated: 417668
	244  -  MemoryUsage of job (MB)
	249588  -  ResidentSetSize of job (KB)
...
006 (491480.000.000) 06/29 08:55:18 Image size of job updated: 420080
	247  -  MemoryUsage of job (MB)
	251980  -  ResidentSetSize of job (KB)
...
006 (491480.000.000) 06/29 09:00:22 Image size of job updated: 454564
	247  -  MemoryUsage of job (MB)
	251980  -  ResidentSetSize of job (KB)
...
005 (491480.000.000) 06/29 09:00:23 Job terminated.
	(1) Normal termination (return value 0)
		Usr 0 00:16:54, Sys 0 00:00:10  -  Run Remote Usage
		Usr 0 00:00:00, Sys 0 00:00:00  -  Run Local Usage
		Usr 0 00:16:54, Sys 0 00:00:10  -  Total Remote Usage
		Usr 0 00:00:00, Sys 0 00:00:00  -  Total Local Usage
	31971464  -  Run Bytes Sent By Job
	18573400  -  Run Bytes Received By Job
	31971464  -  Total Bytes Sent By Job
	18573400  -  Total Bytes Received By Job
	Partitionable Resources :    Usage  Request          
	   Cpus                 :                 1          
	   Disk (KB)            :    49386    49386          
	   Memory (MB)          :      247      247          
...
000 (495853.000.000) 07/03 12:34:15 Job submitted from host: <18.12.1.74:48322>
...
001 (495853.000.000) 07/03 12:35:45 Job executing on host: <18.12.9.57:42920>
...
006 (495853.000.000) 07/03 12:35:55 Image size of job updated: 1
	3  -  MemoryUsage of job (MB)
	2376  -  ResidentSetSize of job (KB)
...
006 (495853.000.000) 07/03 12:40:55 Image size of job updated: 556716
	325  -  MemoryUsage of job (MB)
	332308  -  ResidentSetSize of job (KB)
...
006 (495853.000.000) 07/03 12:45:55 Image size of job updated: 559296
	368  -  MemoryUsage of job (MB)
	376324  -  ResidentSetSize of job (KB)
...
006 (495853.000.000) 07/03 12:50:56 Image size of job updated: 561572
	370  -  MemoryUsage of job (MB)
	378596  -  ResidentSetSize of job (KB)
...
006 (495853.000.000) 07/03 12:55:57 Image size of job updated: 561572
	370  -  MemoryUsage of job (MB)
	378660  -  ResidentSetSize of job (KB)
...
005 (495853.000.000) 07/03 12:56:13 Job terminated.
	(1) Normal termination (return value 0)
		Usr 0 00:15:54, Sys 0 00:00:27  -  Run Remote Usage
		Usr 0 00:00:00, Sys 0 00:00:00  -  Run Local Usage
		Usr 0 00:15:54, Sys 0 00:00:27  -  Total Remote Usage
		Usr 0 00:00:00, Sys 0 00:00:00  -  Total Local Usage
	35938932  -  Run Bytes Sent By Job
	18576446  -  Run Bytes Received By Job
	35938932  -  Total Bytes Sent By Job
	18576446  -  Total Bytes Received By Job
	Partitionable Resources :    Usage  Request          
	   Cpus                 :                 1          
	   Disk (KB)            :    53263    53263          
	   Memory (MB)          :      370      370          
...
