000 (426808.000.000) 06/22 21:36:33 Job submitted from host: <18.12.1.74:48322>
...
001 (426808.000.000) 06/22 21:36:43 Job executing on host: <18.12.9.36:44307>
...
006 (426808.000.000) 06/22 21:36:51 Image size of job updated: 68520
	13  -  MemoryUsage of job (MB)
	12664  -  ResidentSetSize of job (KB)
...
006 (426808.000.000) 06/22 21:41:51 Image size of job updated: 409956
	152  -  MemoryUsage of job (MB)
	155536  -  ResidentSetSize of job (KB)
...
006 (426808.000.000) 06/22 21:46:52 Image size of job updated: 416896
	201  -  MemoryUsage of job (MB)
	205420  -  ResidentSetSize of job (KB)
...
006 (426808.000.000) 06/22 21:51:53 Image size of job updated: 417812
	202  -  MemoryUsage of job (MB)
	206412  -  ResidentSetSize of job (KB)
...
006 (426808.000.000) 06/22 22:01:53 Image size of job updated: 417812
	202  -  MemoryUsage of job (MB)
	206472  -  ResidentSetSize of job (KB)
...
006 (426808.000.000) 06/22 22:21:55 Image size of job updated: 417812
	202  -  MemoryUsage of job (MB)
	206576  -  ResidentSetSize of job (KB)
...
006 (426808.000.000) 06/22 22:26:56 Image size of job updated: 418288
	203  -  MemoryUsage of job (MB)
	207252  -  ResidentSetSize of job (KB)
...
006 (426808.000.000) 06/22 22:56:59 Image size of job updated: 422508
	226  -  MemoryUsage of job (MB)
	230520  -  ResidentSetSize of job (KB)
...
005 (426808.000.000) 06/22 23:08:31 Job terminated.
	(1) Normal termination (return value 0)
		Usr 0 00:22:51, Sys 0 00:00:13  -  Run Remote Usage
		Usr 0 00:00:00, Sys 0 00:00:00  -  Run Local Usage
		Usr 0 00:22:51, Sys 0 00:00:13  -  Total Remote Usage
		Usr 0 00:00:00, Sys 0 00:00:00  -  Total Local Usage
	128445  -  Run Bytes Sent By Job
	28496  -  Run Bytes Received By Job
	128445  -  Total Bytes Sent By Job
	28496  -  Total Bytes Received By Job
	Partitionable Resources :    Usage  Request          
	   Cpus                 :                 1          
	   Disk (KB)            :      179      179          
	   Memory (MB)          :      226      226          
...
000 (491462.000.000) 06/29 08:39:42 Job submitted from host: <18.12.1.74:48322>
...
001 (491462.000.000) 06/29 08:40:06 Job executing on host: <18.12.8.146:43066>
...
006 (491462.000.000) 06/29 08:40:16 Image size of job updated: 343948
	160  -  MemoryUsage of job (MB)
	163740  -  ResidentSetSize of job (KB)
...
006 (491462.000.000) 06/29 08:45:16 Image size of job updated: 416320
	198  -  MemoryUsage of job (MB)
	202288  -  ResidentSetSize of job (KB)
...
006 (491462.000.000) 06/29 08:50:16 Image size of job updated: 422412
	245  -  MemoryUsage of job (MB)
	250740  -  ResidentSetSize of job (KB)
...
006 (491462.000.000) 06/29 08:55:17 Image size of job updated: 422412
	245  -  MemoryUsage of job (MB)
	250748  -  ResidentSetSize of job (KB)
...
005 (491462.000.000) 06/29 08:56:18 Job terminated.
	(1) Normal termination (return value 0)
		Usr 0 00:10:55, Sys 0 00:00:14  -  Run Remote Usage
		Usr 0 00:00:00, Sys 0 00:00:00  -  Run Local Usage
		Usr 0 00:10:55, Sys 0 00:00:14  -  Total Remote Usage
		Usr 0 00:00:00, Sys 0 00:00:00  -  Total Local Usage
	27524096  -  Run Bytes Sent By Job
	18573400  -  Run Bytes Received By Job
	27524096  -  Total Bytes Sent By Job
	18573400  -  Total Bytes Received By Job
	Partitionable Resources :    Usage  Request          
	   Cpus                 :                 1          
	   Disk (KB)            :    45042    45042          
	   Memory (MB)          :      245      245          
...
000 (495835.000.000) 07/03 12:34:14 Job submitted from host: <18.12.1.74:48322>
...
001 (495835.000.000) 07/03 12:34:43 Job executing on host: <18.12.8.189:49271>
...
006 (495835.000.000) 07/03 12:34:52 Image size of job updated: 93700
	3  -  MemoryUsage of job (MB)
	2436  -  ResidentSetSize of job (KB)
...
006 (495835.000.000) 07/03 12:39:53 Image size of job updated: 557812
	336  -  MemoryUsage of job (MB)
	343248  -  ResidentSetSize of job (KB)
...
006 (495835.000.000) 07/03 12:49:53 Image size of job updated: 563904
	371  -  MemoryUsage of job (MB)
	379840  -  ResidentSetSize of job (KB)
...
005 (495835.000.000) 07/03 12:56:08 Job terminated.
	(1) Normal termination (return value 0)
		Usr 0 00:17:17, Sys 0 00:00:12  -  Run Remote Usage
		Usr 0 00:00:00, Sys 0 00:00:00  -  Run Local Usage
		Usr 0 00:17:17, Sys 0 00:00:12  -  Total Remote Usage
		Usr 0 00:00:00, Sys 0 00:00:00  -  Total Local Usage
	28849478  -  Run Bytes Sent By Job
	18576446  -  Run Bytes Received By Job
	28849478  -  Total Bytes Sent By Job
	18576446  -  Total Bytes Received By Job
	Partitionable Resources :    Usage  Request          
	   Cpus                 :                 1          
	   Disk (KB)            :    46340    46340          
	   Memory (MB)          :      371      371          
...
