000 (426843.000.000) 06/22 21:36:36 Job submitted from host: <18.12.1.74:48322>
...
001 (426843.000.000) 06/22 21:36:47 Job executing on host: <18.12.8.130:47227>
...
006 (426843.000.000) 06/22 21:36:55 Image size of job updated: 1
	3  -  MemoryUsage of job (MB)
	2356  -  ResidentSetSize of job (KB)
...
006 (426843.000.000) 06/22 21:41:55 Image size of job updated: 417252
	185  -  MemoryUsage of job (MB)
	188952  -  ResidentSetSize of job (KB)
...
006 (426843.000.000) 06/22 21:51:56 Image size of job updated: 419012
	224  -  MemoryUsage of job (MB)
	228364  -  ResidentSetSize of job (KB)
...
005 (426843.000.000) 06/22 21:52:15 Job terminated.
	(1) Normal termination (return value 0)
		Usr 0 00:12:23, Sys 0 00:00:20  -  Run Remote Usage
		Usr 0 00:00:00, Sys 0 00:00:00  -  Run Local Usage
		Usr 0 00:12:23, Sys 0 00:00:20  -  Total Remote Usage
		Usr 0 00:00:00, Sys 0 00:00:00  -  Total Local Usage
	127970  -  Run Bytes Sent By Job
	28496  -  Run Bytes Received By Job
	127970  -  Total Bytes Sent By Job
	28496  -  Total Bytes Received By Job
	Partitionable Resources :    Usage  Request          
	   Cpus                 :                 1          
	   Disk (KB)            :      178      178          
	   Memory (MB)          :      224      224          
...
