000 (426813.000.000) 06/22 21:36:33 Job submitted from host: <18.12.1.74:48322>
...
001 (426813.000.000) 06/22 21:36:49 Job executing on host: <18.12.12.10:48176>
...
006 (426813.000.000) 06/22 21:36:57 Image size of job updated: 68128
	12  -  MemoryUsage of job (MB)
	12224  -  ResidentSetSize of job (KB)
...
006 (426813.000.000) 06/22 21:41:57 Image size of job updated: 419828
	203  -  MemoryUsage of job (MB)
	207796  -  ResidentSetSize of job (KB)
...
006 (426813.000.000) 06/22 21:56:59 Image size of job updated: 422020
	230  -  MemoryUsage of job (MB)
	235084  -  ResidentSetSize of job (KB)
...
005 (426813.000.000) 06/22 21:59:53 Job terminated.
	(1) Normal termination (return value 0)
		Usr 0 00:17:06, Sys 0 00:00:17  -  Run Remote Usage
		Usr 0 00:00:00, Sys 0 00:00:00  -  Run Local Usage
		Usr 0 00:17:06, Sys 0 00:00:17  -  Total Remote Usage
		Usr 0 00:00:00, Sys 0 00:00:00  -  Total Local Usage
	128044  -  Run Bytes Sent By Job
	28496  -  Run Bytes Received By Job
	128044  -  Total Bytes Sent By Job
	28496  -  Total Bytes Received By Job
	Partitionable Resources :    Usage  Request          
	   Cpus                 :                 1          
	   Disk (KB)            :      178      178          
	   Memory (MB)          :      230      230          
...
