000 (426841.000.000) 06/22 21:36:36 Job submitted from host: <18.12.1.74:48322>
...
001 (426841.000.000) 06/22 21:36:46 Job executing on host: <18.12.9.45:42482>
...
006 (426841.000.000) 06/22 21:36:55 Image size of job updated: 1
	3  -  MemoryUsage of job (MB)
	2360  -  ResidentSetSize of job (KB)
...
006 (426841.000.000) 06/22 21:41:56 Image size of job updated: 409512
	197  -  MemoryUsage of job (MB)
	201404  -  ResidentSetSize of job (KB)
...
006 (426841.000.000) 06/22 21:46:56 Image size of job updated: 409660
	197  -  MemoryUsage of job (MB)
	201592  -  ResidentSetSize of job (KB)
...
006 (426841.000.000) 06/22 21:51:56 Image size of job updated: 414868
	222  -  MemoryUsage of job (MB)
	226536  -  ResidentSetSize of job (KB)
...
005 (426841.000.000) 06/22 21:54:01 Job terminated.
	(1) Normal termination (return value 0)
		Usr 0 00:14:04, Sys 0 00:00:12  -  Run Remote Usage
		Usr 0 00:00:00, Sys 0 00:00:00  -  Run Local Usage
		Usr 0 00:14:04, Sys 0 00:00:12  -  Total Remote Usage
		Usr 0 00:00:00, Sys 0 00:00:00  -  Total Local Usage
	128647  -  Run Bytes Sent By Job
	28496  -  Run Bytes Received By Job
	128647  -  Total Bytes Sent By Job
	28496  -  Total Bytes Received By Job
	Partitionable Resources :    Usage  Request          
	   Cpus                 :                 1          
	   Disk (KB)            :      179      179          
	   Memory (MB)          :      222      222          
...
000 (491495.000.000) 06/29 08:39:45 Job submitted from host: <18.12.1.74:48322>
...
001 (491495.000.000) 06/29 08:40:44 Job executing on host: <18.12.8.229:47592>
...
006 (491495.000.000) 06/29 08:40:52 Image size of job updated: 346164
	164  -  MemoryUsage of job (MB)
	167220  -  ResidentSetSize of job (KB)
...
006 (491495.000.000) 06/29 08:45:52 Image size of job updated: 417580
	203  -  MemoryUsage of job (MB)
	207744  -  ResidentSetSize of job (KB)
...
006 (491495.000.000) 06/29 08:50:52 Image size of job updated: 420720
	246  -  MemoryUsage of job (MB)
	251260  -  ResidentSetSize of job (KB)
...
005 (491495.000.000) 06/29 09:00:03 Job terminated.
	(1) Normal termination (return value 0)
		Usr 0 00:15:21, Sys 0 00:00:11  -  Run Remote Usage
		Usr 0 00:00:00, Sys 0 00:00:00  -  Run Local Usage
		Usr 0 00:15:21, Sys 0 00:00:11  -  Total Remote Usage
		Usr 0 00:00:00, Sys 0 00:00:00  -  Total Local Usage
	36443972  -  Run Bytes Sent By Job
	18573400  -  Run Bytes Received By Job
	36443972  -  Total Bytes Sent By Job
	18573400  -  Total Bytes Received By Job
	Partitionable Resources :    Usage  Request          
	   Cpus                 :                 1          
	   Disk (KB)            :    53753    53753          
	   Memory (MB)          :      246      246          
...
000 (495868.000.000) 07/03 12:34:17 Job submitted from host: <18.12.1.74:48322>
...
001 (495868.000.000) 07/03 12:35:43 Job executing on host: <18.12.6.5:44453>
...
006 (495868.000.000) 07/03 12:35:51 Image size of job updated: 456508
	287  -  MemoryUsage of job (MB)
	293684  -  ResidentSetSize of job (KB)
...
006 (495868.000.000) 07/03 12:40:51 Image size of job updated: 558704
	342  -  MemoryUsage of job (MB)
	349768  -  ResidentSetSize of job (KB)
...
006 (495868.000.000) 07/03 12:45:52 Image size of job updated: 561840
	387  -  MemoryUsage of job (MB)
	395272  -  ResidentSetSize of job (KB)
...
005 (495868.000.000) 07/03 12:57:29 Job terminated.
	(1) Normal termination (return value 0)
		Usr 0 00:18:45, Sys 0 00:00:09  -  Run Remote Usage
		Usr 0 00:00:00, Sys 0 00:00:00  -  Run Local Usage
		Usr 0 00:18:45, Sys 0 00:00:09  -  Total Remote Usage
		Usr 0 00:00:00, Sys 0 00:00:00  -  Total Local Usage
	43340172  -  Run Bytes Sent By Job
	18576446  -  Run Bytes Received By Job
	43340172  -  Total Bytes Sent By Job
	18576446  -  Total Bytes Received By Job
	Partitionable Resources :    Usage  Request          
	   Cpus                 :                 1          
	   Disk (KB)            :    60491    60491          
	   Memory (MB)          :      387      387          
...
