000 (426819.000.000) 06/22 21:36:34 Job submitted from host: <18.12.1.74:48322>
...
001 (426819.000.000) 06/22 21:36:49 Job executing on host: <18.12.8.249:44161>
...
006 (426819.000.000) 06/22 21:36:57 Image size of job updated: 1
	3  -  MemoryUsage of job (MB)
	2368  -  ResidentSetSize of job (KB)
...
006 (426819.000.000) 06/22 21:41:57 Image size of job updated: 406644
	196  -  MemoryUsage of job (MB)
	200336  -  ResidentSetSize of job (KB)
...
006 (426819.000.000) 06/22 21:46:57 Image size of job updated: 406868
	196  -  MemoryUsage of job (MB)
	200608  -  ResidentSetSize of job (KB)
...
006 (426819.000.000) 06/22 21:51:58 Image size of job updated: 407048
	197  -  MemoryUsage of job (MB)
	200876  -  ResidentSetSize of job (KB)
...
006 (426819.000.000) 06/22 21:56:58 Image size of job updated: 412416
	222  -  MemoryUsage of job (MB)
	226720  -  ResidentSetSize of job (KB)
...
005 (426819.000.000) 06/22 22:00:49 Job terminated.
	(1) Normal termination (return value 0)
		Usr 0 00:16:40, Sys 0 00:00:11  -  Run Remote Usage
		Usr 0 00:00:00, Sys 0 00:00:00  -  Run Local Usage
		Usr 0 00:16:40, Sys 0 00:00:11  -  Total Remote Usage
		Usr 0 00:00:00, Sys 0 00:00:00  -  Total Local Usage
	128190  -  Run Bytes Sent By Job
	28496  -  Run Bytes Received By Job
	128190  -  Total Bytes Sent By Job
	28496  -  Total Bytes Received By Job
	Partitionable Resources :    Usage  Request          
	   Cpus                 :                 1          
	   Disk (KB)            :      178      178          
	   Memory (MB)          :      222      222          
...
000 (491473.000.000) 06/29 08:39:43 Job submitted from host: <18.12.1.74:48322>
...
001 (491473.000.000) 06/29 08:40:44 Job executing on host: <18.12.8.191:47519>
...
006 (491473.000.000) 06/29 08:40:53 Image size of job updated: 1196
	1  -  MemoryUsage of job (MB)
	156  -  ResidentSetSize of job (KB)
...
006 (491473.000.000) 06/29 08:45:54 Image size of job updated: 26968
	3  -  MemoryUsage of job (MB)
	2240  -  ResidentSetSize of job (KB)
...
006 (491473.000.000) 06/29 08:50:55 Image size of job updated: 414312
	202  -  MemoryUsage of job (MB)
	206152  -  ResidentSetSize of job (KB)
...
006 (491473.000.000) 06/29 08:55:55 Image size of job updated: 417556
	244  -  MemoryUsage of job (MB)
	249636  -  ResidentSetSize of job (KB)
...
006 (491473.000.000) 06/29 09:00:56 Image size of job updated: 417556
	244  -  MemoryUsage of job (MB)
	249648  -  ResidentSetSize of job (KB)
...
006 (491473.000.000) 06/29 09:05:57 Image size of job updated: 418368
	244  -  MemoryUsage of job (MB)
	249648  -  ResidentSetSize of job (KB)
...
005 (491473.000.000) 06/29 09:07:24 Job terminated.
	(1) Normal termination (return value 0)
		Usr 0 00:16:57, Sys 0 00:00:11  -  Run Remote Usage
		Usr 0 00:00:00, Sys 0 00:00:00  -  Run Local Usage
		Usr 0 00:16:57, Sys 0 00:00:11  -  Total Remote Usage
		Usr 0 00:00:00, Sys 0 00:00:00  -  Total Local Usage
	29601264  -  Run Bytes Sent By Job
	18573400  -  Run Bytes Received By Job
	29601264  -  Total Bytes Sent By Job
	18573400  -  Total Bytes Received By Job
	Partitionable Resources :    Usage  Request          
	   Cpus                 :                 1          
	   Disk (KB)            :    47071    47071          
	   Memory (MB)          :      244      244          
...
000 (495846.000.000) 07/03 12:34:15 Job submitted from host: <18.12.1.74:48322>
...
001 (495846.000.000) 07/03 12:35:45 Job executing on host: <18.12.9.63:45475>
...
006 (495846.000.000) 07/03 12:35:53 Image size of job updated: 147116
	33  -  MemoryUsage of job (MB)
	33544  -  ResidentSetSize of job (KB)
...
006 (495846.000.000) 07/03 12:40:53 Image size of job updated: 555808
	327  -  MemoryUsage of job (MB)
	334240  -  ResidentSetSize of job (KB)
...
006 (495846.000.000) 07/03 12:45:54 Image size of job updated: 559048
	369  -  MemoryUsage of job (MB)
	377708  -  ResidentSetSize of job (KB)
...
006 (495846.000.000) 07/03 12:50:55 Image size of job updated: 559048
	369  -  MemoryUsage of job (MB)
	377744  -  ResidentSetSize of job (KB)
...
006 (495846.000.000) 07/03 12:55:55 Image size of job updated: 559860
	370  -  MemoryUsage of job (MB)
	378588  -  ResidentSetSize of job (KB)
...
005 (495846.000.000) 07/03 12:56:54 Job terminated.
	(1) Normal termination (return value 0)
		Usr 0 00:16:10, Sys 0 00:00:23  -  Run Remote Usage
		Usr 0 00:00:00, Sys 0 00:00:00  -  Run Local Usage
		Usr 0 00:16:10, Sys 0 00:00:23  -  Total Remote Usage
		Usr 0 00:00:00, Sys 0 00:00:00  -  Total Local Usage
	32221016  -  Run Bytes Sent By Job
	18576446  -  Run Bytes Received By Job
	32221016  -  Total Bytes Sent By Job
	18576446  -  Total Bytes Received By Job
	Partitionable Resources :    Usage  Request          
	   Cpus                 :                 1          
	   Disk (KB)            :    49632    49632          
	   Memory (MB)          :      370      370          
...
