
----------------------------------------------------
Job started on Fri Jul  3 12:34:44 EDT 2015 at WN: t2bat0197.cmsaf.mit.edu 
Job is running on Linux t2bat0197.cmsaf.mit.edu 2.6.32-358.el6.x86_64 #1 SMP Fri Feb 22 20:37:17 CST 2013 x86_64 x86_64 x86_64 GNU/Linux
Filesystem            Size  Used Avail Use% Mounted on
/dev/sda3              20G  3.0G   16G  16% /
tmpfs                  12G     0   12G   0% /dev/shm
/dev/sda1              97M   32M   61M  35% /boot
/dev/sda4             874G   93G  781G  11% /export/data1
/dev/sdb1             1.8T  1.7T  190G  90% /export/00b
/dev/sdc1             1.8T  1.6T  206G  89% /export/00c
/dev/sdd1             1.8T  1.7T  193G  90% /export/00d
/dev/sde1             1.8T  1.7T  186G  90% /export/00e
/dev/sdf1             1.8T  1.6T  198G  90% /export/00f
fuse_dfs              4.9P  4.4P  508T  90% /mnt/hadoop
t2srv0004:/export/db  135G  187M  135G   1% /net/t2srv0004/db
cvmfs2                 98G   91G  6.8G  94% /cvmfs/cms.cern.ch
cvmfs2                 98G   91G  6.8G  94% /cvmfs/oasis.opensciencegrid.org
cvmfs2                 98G   91G  6.8G  94% /cvmfs/cdfcfs.fnal.gov
cvmfs2                 98G   91G  6.8G  94% /cvmfs/cvmfs.cmsaf.mit.edu
gcc (GCC) 4.4.7 20120313 (Red Hat 4.4.7-3)
Copyright (C) 2010 Free Software Foundation, Inc.
This is free software; see the source for copying conditions.  There is NO
warranty; not even for MERCHANTABILITY or FITNESS FOR A PARTICULAR PURPOSE.

Processing...
0/1233632
10000/1233632
20000/1233632
30000/1233632
40000/1233632
50000/1233632
60000/1233632
70000/1233632
80000/1233632
90000/1233632
100000/1233632
110000/1233632
120000/1233632
130000/1233632
140000/1233632
150000/1233632
160000/1233632
170000/1233632
180000/1233632
190000/1233632
200000/1233632
210000/1233632
220000/1233632
230000/1233632
240000/1233632
250000/1233632
260000/1233632
270000/1233632
280000/1233632
290000/1233632
300000/1233632
310000/1233632
320000/1233632
330000/1233632
340000/1233632
350000/1233632
360000/1233632
370000/1233632
380000/1233632
390000/1233632
400000/1233632
410000/1233632
420000/1233632
430000/1233632
440000/1233632
450000/1233632
460000/1233632
470000/1233632
480000/1233632
490000/1233632
500000/1233632
510000/1233632
520000/1233632
530000/1233632
540000/1233632
550000/1233632
560000/1233632
570000/1233632
580000/1233632
590000/1233632
600000/1233632
610000/1233632
620000/1233632
630000/1233632
640000/1233632
650000/1233632
660000/1233632
670000/1233632
680000/1233632
690000/1233632
700000/1233632
710000/1233632
720000/1233632
730000/1233632
740000/1233632
750000/1233632
760000/1233632
770000/1233632
780000/1233632
790000/1233632
800000/1233632
810000/1233632
820000/1233632
830000/1233632
840000/1233632
850000/1233632
860000/1233632
870000/1233632
880000/1233632
890000/1233632
900000/1233632
910000/1233632
920000/1233632
930000/1233632
940000/1233632
950000/1233632
960000/1233632
970000/1233632
980000/1233632
990000/1233632
1000000/1233632
1010000/1233632
1020000/1233632
1030000/1233632
1040000/1233632
1050000/1233632
1060000/1233632
1070000/1233632
1080000/1233632
1090000/1233632
1100000/1233632
1110000/1233632
1120000/1233632
1130000/1233632
1140000/1233632
1150000/1233632
1160000/1233632
1170000/1233632
1180000/1233632
1190000/1233632
1200000/1233632
1210000/1233632
1220000/1233632
1230000/1233632
Macro finished: 
CPU time (min)  = 17.5268
Real time (min) = 23.5022
Done!
Copied output files to hadoop rootfiles/JetRAA/June22
