000 (426807.000.000) 06/22 21:36:33 Job submitted from host: <18.12.1.74:48322>
...
001 (426807.000.000) 06/22 21:37:12 Job executing on host: <18.12.9.64:47738>
...
006 (426807.000.000) 06/22 21:37:20 Image size of job updated: 1
	3  -  MemoryUsage of job (MB)
	2376  -  ResidentSetSize of job (KB)
...
006 (426807.000.000) 06/22 21:42:20 Image size of job updated: 422776
	206  -  MemoryUsage of job (MB)
	209924  -  ResidentSetSize of job (KB)
...
006 (426807.000.000) 06/22 21:47:20 Image size of job updated: 422776
	206  -  MemoryUsage of job (MB)
	210088  -  ResidentSetSize of job (KB)
...
005 (426807.000.000) 06/22 21:56:14 Job terminated.
	(1) Normal termination (return value 0)
		Usr 0 00:14:28, Sys 0 00:00:12  -  Run Remote Usage
		Usr 0 00:00:00, Sys 0 00:00:00  -  Run Local Usage
		Usr 0 00:14:28, Sys 0 00:00:12  -  Total Remote Usage
		Usr 0 00:00:00, Sys 0 00:00:00  -  Total Local Usage
	128295  -  Run Bytes Sent By Job
	28496  -  Run Bytes Received By Job
	128295  -  Total Bytes Sent By Job
	28496  -  Total Bytes Received By Job
	Partitionable Resources :    Usage  Request          
	   Cpus                 :                 1          
	   Disk (KB)            :      179      179          
	   Memory (MB)          :      206      206          
...
