000 (426809.000.000) 06/22 21:36:33 Job submitted from host: <18.12.1.74:48322>
...
001 (426809.000.000) 06/22 21:36:43 Job executing on host: <18.12.9.18:41460>
...
006 (426809.000.000) 06/22 21:36:52 Image size of job updated: 60928
	3  -  MemoryUsage of job (MB)
	2512  -  ResidentSetSize of job (KB)
...
006 (426809.000.000) 06/22 21:41:53 Image size of job updated: 418032
	201  -  MemoryUsage of job (MB)
	204968  -  ResidentSetSize of job (KB)
...
006 (426809.000.000) 06/22 21:46:53 Image size of job updated: 419064
	201  -  MemoryUsage of job (MB)
	205692  -  ResidentSetSize of job (KB)
...
006 (426809.000.000) 06/22 21:56:55 Image size of job updated: 422200
	210  -  MemoryUsage of job (MB)
	214296  -  ResidentSetSize of job (KB)
...
006 (426809.000.000) 06/22 22:00:05 Image size of job updated: 422772
	210  -  MemoryUsage of job (MB)
	214296  -  ResidentSetSize of job (KB)
...
005 (426809.000.000) 06/22 22:00:05 Job terminated.
	(1) Normal termination (return value 0)
		Usr 0 00:16:15, Sys 0 00:00:11  -  Run Remote Usage
		Usr 0 00:00:00, Sys 0 00:00:00  -  Run Local Usage
		Usr 0 00:16:15, Sys 0 00:00:11  -  Total Remote Usage
		Usr 0 00:00:00, Sys 0 00:00:00  -  Total Local Usage
	128030  -  Run Bytes Sent By Job
	28496  -  Run Bytes Received By Job
	128030  -  Total Bytes Sent By Job
	28496  -  Total Bytes Received By Job
	Partitionable Resources :    Usage  Request          
	   Cpus                 :                 1          
	   Disk (KB)            :      178      178          
	   Memory (MB)          :      210      210          
...
000 (491463.000.000) 06/29 08:39:42 Job submitted from host: <18.12.1.74:48322>
...
001 (491463.000.000) 06/29 08:40:06 Job executing on host: <18.12.8.227:44380>
...
006 (491463.000.000) 06/29 08:40:15 Image size of job updated: 410272
	180  -  MemoryUsage of job (MB)
	183360  -  ResidentSetSize of job (KB)
...
006 (491463.000.000) 06/29 08:45:16 Image size of job updated: 416308
	201  -  MemoryUsage of job (MB)
	205116  -  ResidentSetSize of job (KB)
...
006 (491463.000.000) 06/29 08:50:16 Image size of job updated: 422404
	246  -  MemoryUsage of job (MB)
	251328  -  ResidentSetSize of job (KB)
...
005 (491463.000.000) 06/29 08:59:00 Job terminated.
	(1) Normal termination (return value 0)
		Usr 0 00:15:34, Sys 0 00:00:10  -  Run Remote Usage
		Usr 0 00:00:00, Sys 0 00:00:00  -  Run Local Usage
		Usr 0 00:15:34, Sys 0 00:00:10  -  Total Remote Usage
		Usr 0 00:00:00, Sys 0 00:00:00  -  Total Local Usage
	27521116  -  Run Bytes Sent By Job
	18573400  -  Run Bytes Received By Job
	27521116  -  Total Bytes Sent By Job
	18573400  -  Total Bytes Received By Job
	Partitionable Resources :    Usage  Request          
	   Cpus                 :                 1          
	   Disk (KB)            :    45040    45040          
	   Memory (MB)          :      246      246          
...
000 (495836.000.000) 07/03 12:34:14 Job submitted from host: <18.12.1.74:48322>
...
001 (495836.000.000) 07/03 12:34:42 Job executing on host: <18.12.9.16:44599>
...
006 (495836.000.000) 07/03 12:34:50 Image size of job updated: 551768
	318  -  MemoryUsage of job (MB)
	324664  -  ResidentSetSize of job (KB)
...
006 (495836.000.000) 07/03 12:39:50 Image size of job updated: 557804
	339  -  MemoryUsage of job (MB)
	346332  -  ResidentSetSize of job (KB)
...
006 (495836.000.000) 07/03 12:44:51 Image size of job updated: 563900
	384  -  MemoryUsage of job (MB)
	393168  -  ResidentSetSize of job (KB)
...
005 (495836.000.000) 07/03 12:54:57 Job terminated.
	(1) Normal termination (return value 0)
		Usr 0 00:16:39, Sys 0 00:00:12  -  Run Remote Usage
		Usr 0 00:00:00, Sys 0 00:00:00  -  Run Local Usage
		Usr 0 00:16:39, Sys 0 00:00:12  -  Total Remote Usage
		Usr 0 00:00:00, Sys 0 00:00:00  -  Total Local Usage
	28843948  -  Run Bytes Sent By Job
	18576446  -  Run Bytes Received By Job
	28843948  -  Total Bytes Sent By Job
	18576446  -  Total Bytes Received By Job
	Partitionable Resources :    Usage  Request          
	   Cpus                 :                 1          
	   Disk (KB)            :    46334    46334          
	   Memory (MB)          :      384      384          
...
