000 (426833.000.000) 06/22 21:36:35 Job submitted from host: <18.12.1.74:48322>
...
001 (426833.000.000) 06/22 21:36:51 Job executing on host: <18.12.9.73:46059>
...
006 (426833.000.000) 06/22 21:36:59 Image size of job updated: 137228
	21  -  MemoryUsage of job (MB)
	21188  -  ResidentSetSize of job (KB)
...
006 (426833.000.000) 06/22 21:41:59 Image size of job updated: 408268
	185  -  MemoryUsage of job (MB)
	188848  -  ResidentSetSize of job (KB)
...
006 (426833.000.000) 06/22 21:46:59 Image size of job updated: 408412
	185  -  MemoryUsage of job (MB)
	189076  -  ResidentSetSize of job (KB)
...
006 (426833.000.000) 06/22 21:57:00 Image size of job updated: 408412
	185  -  MemoryUsage of job (MB)
	189100  -  ResidentSetSize of job (KB)
...
006 (426833.000.000) 06/22 22:02:00 Image size of job updated: 413584
	223  -  MemoryUsage of job (MB)
	228232  -  ResidentSetSize of job (KB)
...
005 (426833.000.000) 06/22 22:06:08 Job terminated.
	(1) Normal termination (return value 0)
		Usr 0 00:14:42, Sys 0 00:00:13  -  Run Remote Usage
		Usr 0 00:00:00, Sys 0 00:00:00  -  Run Local Usage
		Usr 0 00:14:42, Sys 0 00:00:13  -  Total Remote Usage
		Usr 0 00:00:00, Sys 0 00:00:00  -  Total Local Usage
	127887  -  Run Bytes Sent By Job
	28496  -  Run Bytes Received By Job
	127887  -  Total Bytes Sent By Job
	28496  -  Total Bytes Received By Job
	Partitionable Resources :    Usage  Request          
	   Cpus                 :                 1          
	   Disk (KB)            :      178      178          
	   Memory (MB)          :      223      223          
...
000 (491487.000.000) 06/29 08:39:44 Job submitted from host: <18.12.1.74:48322>
...
001 (491487.000.000) 06/29 08:40:43 Job executing on host: <18.12.8.156:40657>
...
006 (491487.000.000) 06/29 08:40:52 Image size of job updated: 1
	3  -  MemoryUsage of job (MB)
	2376  -  ResidentSetSize of job (KB)
...
006 (491487.000.000) 06/29 08:45:53 Image size of job updated: 416896
	198  -  MemoryUsage of job (MB)
	201740  -  ResidentSetSize of job (KB)
...
006 (491487.000.000) 06/29 08:50:53 Image size of job updated: 416896
	198  -  MemoryUsage of job (MB)
	201832  -  ResidentSetSize of job (KB)
...
006 (491487.000.000) 06/29 08:55:53 Image size of job updated: 419196
	244  -  MemoryUsage of job (MB)
	249072  -  ResidentSetSize of job (KB)
...
006 (491487.000.000) 06/29 09:00:54 Image size of job updated: 422276
	247  -  MemoryUsage of job (MB)
	252124  -  ResidentSetSize of job (KB)
...
006 (491487.000.000) 06/29 09:05:54 Image size of job updated: 422276
	247  -  MemoryUsage of job (MB)
	252140  -  ResidentSetSize of job (KB)
...
006 (491487.000.000) 06/29 09:10:30 Image size of job updated: 454508
	247  -  MemoryUsage of job (MB)
	252140  -  ResidentSetSize of job (KB)
...
005 (491487.000.000) 06/29 09:10:31 Job terminated.
	(1) Normal termination (return value 0)
		Usr 0 00:15:42, Sys 0 00:00:07  -  Run Remote Usage
		Usr 0 00:00:00, Sys 0 00:00:00  -  Run Local Usage
		Usr 0 00:15:42, Sys 0 00:00:07  -  Total Remote Usage
		Usr 0 00:00:00, Sys 0 00:00:00  -  Total Local Usage
	33283632  -  Run Bytes Sent By Job
	18573400  -  Run Bytes Received By Job
	33283632  -  Total Bytes Sent By Job
	18573400  -  Total Bytes Received By Job
	Partitionable Resources :    Usage  Request          
	   Cpus                 :                 1          
	   Disk (KB)            :    50667    50667          
	   Memory (MB)          :      247      247          
...
000 (495860.000.000) 07/03 12:34:16 Job submitted from host: <18.12.1.74:48322>
...
001 (495860.000.000) 07/03 12:35:42 Job executing on host: <18.12.9.5:49709>
...
006 (495860.000.000) 07/03 12:35:50 Image size of job updated: 1
	3  -  MemoryUsage of job (MB)
	2356  -  ResidentSetSize of job (KB)
...
006 (495860.000.000) 07/03 12:40:50 Image size of job updated: 558392
	336  -  MemoryUsage of job (MB)
	343268  -  ResidentSetSize of job (KB)
...
006 (495860.000.000) 07/03 12:45:51 Image size of job updated: 560696
	382  -  MemoryUsage of job (MB)
	390528  -  ResidentSetSize of job (KB)
...
006 (495860.000.000) 07/03 12:50:52 Image size of job updated: 563772
	382  -  MemoryUsage of job (MB)
	390528  -  ResidentSetSize of job (KB)
...
006 (495860.000.000) 07/03 12:58:13 Image size of job updated: 589764
	382  -  MemoryUsage of job (MB)
	390528  -  ResidentSetSize of job (KB)
...
005 (495860.000.000) 07/03 12:58:14 Job terminated.
	(1) Normal termination (return value 0)
		Usr 0 00:16:50, Sys 0 00:00:13  -  Run Remote Usage
		Usr 0 00:00:00, Sys 0 00:00:00  -  Run Local Usage
		Usr 0 00:16:50, Sys 0 00:00:13  -  Total Remote Usage
		Usr 0 00:00:00, Sys 0 00:00:00  -  Total Local Usage
	38098428  -  Run Bytes Sent By Job
	18576446  -  Run Bytes Received By Job
	38098428  -  Total Bytes Sent By Job
	18576446  -  Total Bytes Received By Job
	Partitionable Resources :    Usage  Request          
	   Cpus                 :                 1          
	   Disk (KB)            :    55372    55372          
	   Memory (MB)          :      382      382          
...
