000 (426831.000.000) 06/22 21:36:35 Job submitted from host: <18.12.1.74:48322>
...
001 (426831.000.000) 06/22 21:36:44 Job executing on host: <18.12.9.80:44526>
...
006 (426831.000.000) 06/22 21:36:52 Image size of job updated: 1
	3  -  MemoryUsage of job (MB)
	2360  -  ResidentSetSize of job (KB)
...
006 (426831.000.000) 06/22 21:41:52 Image size of job updated: 407520
	202  -  MemoryUsage of job (MB)
	206780  -  ResidentSetSize of job (KB)
...
006 (426831.000.000) 06/22 21:46:53 Image size of job updated: 407520
	202  -  MemoryUsage of job (MB)
	206832  -  ResidentSetSize of job (KB)
...
006 (426831.000.000) 06/22 21:51:54 Image size of job updated: 412668
	238  -  MemoryUsage of job (MB)
	242916  -  ResidentSetSize of job (KB)
...
005 (426831.000.000) 06/22 21:54:37 Job terminated.
	(1) Normal termination (return value 0)
		Usr 0 00:14:18, Sys 0 00:00:10  -  Run Remote Usage
		Usr 0 00:00:00, Sys 0 00:00:00  -  Run Local Usage
		Usr 0 00:14:18, Sys 0 00:00:10  -  Total Remote Usage
		Usr 0 00:00:00, Sys 0 00:00:00  -  Total Local Usage
	128102  -  Run Bytes Sent By Job
	28496  -  Run Bytes Received By Job
	128102  -  Total Bytes Sent By Job
	28496  -  Total Bytes Received By Job
	Partitionable Resources :    Usage  Request          
	   Cpus                 :                 1          
	   Disk (KB)            :      178      178          
	   Memory (MB)          :      238      238          
...
