
----------------------------------------------------
Job started on Mon Jun 22 21:36:44 EDT 2015 at WN: t2bat0310.cmsaf.mit.edu 
Job is running on Linux t2bat0310.cmsaf.mit.edu 2.6.32-358.el6.x86_64 #1 SMP Fri Feb 22 20:37:17 CST 2013 x86_64 x86_64 x86_64 GNU/Linux
Filesystem            Size  Used Avail Use% Mounted on
/dev/sda3              20G  3.1G   16G  17% /
tmpfs                  32G     0   32G   0% /dev/shm
/dev/sda1              97M   32M   61M  35% /boot
/dev/sda4             416G  100G  316G  25% /export/data1
fuse_dfs              4.9P  4.4P  522T  90% /mnt/hadoop
/dev/sdb1             3.6T  3.2T  414G  89% /export/00b
/dev/sdc1             3.6T  3.3T  379G  90% /export/00c
/dev/sdd1             3.6T  3.2T  409G  89% /export/00d
/dev/sde1             3.6T  3.2T  423G  89% /export/00e
/dev/sdf1             3.6T  3.2T  404G  89% /export/00f
/dev/sdg1             3.6T  3.2T  405G  89% /export/00g
t2srv0004:/export/db  135G  187M  135G   1% /net/t2srv0004/db
cvmfs2                 98G   97G  1.7G  99% /cvmfs/cms.cern.ch
cvmfs2                 98G   97G  1.7G  99% /cvmfs/oasis.opensciencegrid.org
cvmfs2                 98G   97G  1.7G  99% /cvmfs/grid.cern.ch
cvmfs2                 98G   97G  1.7G  99% /cvmfs/cdfcfs.fnal.gov
cvmfs2                 98G   97G  1.7G  99% /cvmfs/cvmfs.cmsaf.mit.edu
gcc (GCC) 4.4.7 20120313 (Red Hat 4.4.7-3)
Copyright (C) 2010 Free Software Foundation, Inc.
This is free software; see the source for copying conditions.  There is NO
warranty; not even for MERCHANTABILITY or FITNESS FOR A PARTICULAR PURPOSE.

Processing...
0/1200772
10000/1200772
20000/1200772
30000/1200772
40000/1200772
50000/1200772
60000/1200772
70000/1200772
80000/1200772
90000/1200772
100000/1200772
110000/1200772
120000/1200772
130000/1200772
140000/1200772
150000/1200772
160000/1200772
170000/1200772
180000/1200772
190000/1200772
200000/1200772
210000/1200772
220000/1200772
230000/1200772
240000/1200772
250000/1200772
260000/1200772
270000/1200772
280000/1200772
290000/1200772
300000/1200772
310000/1200772
320000/1200772
330000/1200772
340000/1200772
350000/1200772
360000/1200772
370000/1200772
380000/1200772
390000/1200772
400000/1200772
410000/1200772
420000/1200772
430000/1200772
440000/1200772
450000/1200772
460000/1200772
470000/1200772
480000/1200772
490000/1200772
500000/1200772
510000/1200772
520000/1200772
530000/1200772
540000/1200772
550000/1200772
560000/1200772
570000/1200772
580000/1200772
590000/1200772
600000/1200772
610000/1200772
620000/1200772
630000/1200772
640000/1200772
650000/1200772
660000/1200772
670000/1200772
680000/1200772
690000/1200772
700000/1200772
710000/1200772
720000/1200772
730000/1200772
740000/1200772
750000/1200772
760000/1200772
770000/1200772
780000/1200772
790000/1200772
800000/1200772
810000/1200772
820000/1200772
830000/1200772
840000/1200772
850000/1200772
860000/1200772
870000/1200772
880000/1200772
890000/1200772
900000/1200772
910000/1200772
920000/1200772
930000/1200772
940000/1200772
950000/1200772
960000/1200772
970000/1200772
980000/1200772
990000/1200772
1000000/1200772
1010000/1200772
1020000/1200772
1030000/1200772
1040000/1200772
1050000/1200772
1060000/1200772
1070000/1200772
1080000/1200772
1090000/1200772
1100000/1200772
1110000/1200772
1120000/1200772
1130000/1200772
1140000/1200772
1150000/1200772
1160000/1200772
1170000/1200772
1180000/1200772
1190000/1200772
1200000/1200772
Macro finished: 
CPU time (min)  = 13.4862
Real time (min) = 15.6078
Done!
Copied output files to hadoop rootfiles/JetRAA/June22
