
----------------------------------------------------
Job started on Fri Jul  3 12:35:45 EDT 2015 at WN: t2bat0319.cmsaf.mit.edu 
Job is running on Linux t2bat0319.cmsaf.mit.edu 2.6.32-358.el6.x86_64 #1 SMP Fri Feb 22 20:37:17 CST 2013 x86_64 x86_64 x86_64 GNU/Linux
Filesystem            Size  Used Avail Use% Mounted on
/dev/sda3              20G  2.6G   17G  14% /
tmpfs                  32G     0   32G   0% /dev/shm
/dev/sda1              97M   32M   61M  35% /boot
/dev/sda4             416G   73G  344G  18% /export/data1
fuse_dfs              4.9P  4.4P  508T  90% /mnt/hadoop
/dev/sdb1             3.6T  3.3T  329G  92% /export/00b
/dev/sdc1             3.6T  3.3T  308G  92% /export/00c
/dev/sdd1             3.6T  3.2T  418G  89% /export/00d
/dev/sde1             3.6T  3.2T  407G  89% /export/00e
/dev/sdf1             3.6T  3.2T  426G  89% /export/00f
/dev/sdg1             3.6T  3.2T  438G  89% /export/00g
cvmfs2                 98G   68G   31G  70% /cvmfs/cms.cern.ch
t2srv0004:/export/db  135G  187M  135G   1% /net/t2srv0004/db
cvmfs2                 98G   68G   31G  70% /cvmfs/oasis.opensciencegrid.org
cvmfs2                 98G   68G   31G  70% /cvmfs/cdfcfs.fnal.gov
cvmfs2                 98G   68G   31G  70% /cvmfs/cvmfs.cmsaf.mit.edu
gcc (GCC) 4.4.7 20120313 (Red Hat 4.4.7-3)
Copyright (C) 2010 Free Software Foundation, Inc.
This is free software; see the source for copying conditions.  There is NO
warranty; not even for MERCHANTABILITY or FITNESS FOR A PARTICULAR PURPOSE.

Processing...
0/1238875
10000/1238875
20000/1238875
30000/1238875
40000/1238875
50000/1238875
60000/1238875
70000/1238875
80000/1238875
90000/1238875
100000/1238875
110000/1238875
120000/1238875
130000/1238875
140000/1238875
150000/1238875
160000/1238875
170000/1238875
180000/1238875
190000/1238875
200000/1238875
210000/1238875
220000/1238875
230000/1238875
240000/1238875
250000/1238875
260000/1238875
270000/1238875
280000/1238875
290000/1238875
300000/1238875
310000/1238875
320000/1238875
330000/1238875
340000/1238875
350000/1238875
360000/1238875
370000/1238875
380000/1238875
390000/1238875
400000/1238875
410000/1238875
420000/1238875
430000/1238875
440000/1238875
450000/1238875
460000/1238875
470000/1238875
480000/1238875
490000/1238875
500000/1238875
510000/1238875
520000/1238875
530000/1238875
540000/1238875
550000/1238875
560000/1238875
570000/1238875
580000/1238875
590000/1238875
600000/1238875
610000/1238875
620000/1238875
630000/1238875
640000/1238875
650000/1238875
660000/1238875
670000/1238875
680000/1238875
690000/1238875
700000/1238875
710000/1238875
720000/1238875
730000/1238875
740000/1238875
750000/1238875
760000/1238875
770000/1238875
780000/1238875
790000/1238875
800000/1238875
810000/1238875
820000/1238875
830000/1238875
840000/1238875
850000/1238875
860000/1238875
870000/1238875
880000/1238875
890000/1238875
900000/1238875
910000/1238875
920000/1238875
930000/1238875
940000/1238875
950000/1238875
960000/1238875
970000/1238875
980000/1238875
990000/1238875
1000000/1238875
1010000/1238875
1020000/1238875
1030000/1238875
1040000/1238875
1050000/1238875
1060000/1238875
1070000/1238875
1080000/1238875
1090000/1238875
1100000/1238875
1110000/1238875
1120000/1238875
1130000/1238875
1140000/1238875
1150000/1238875
1160000/1238875
1170000/1238875
1180000/1238875
1190000/1238875
1200000/1238875
1210000/1238875
1220000/1238875
1230000/1238875
Macro finished: 
CPU time (min)  = 16.6915
Real time (min) = 21.0918
Done!
Copied output files to hadoop rootfiles/JetRAA/June22
