000 (426803.000.000) 06/22 21:36:32 Job submitted from host: <18.12.1.74:48322>
...
001 (426803.000.000) 06/22 21:36:42 Job executing on host: <18.12.9.56:40657>
...
006 (426803.000.000) 06/22 21:36:51 Image size of job updated: 1
	3  -  MemoryUsage of job (MB)
	2360  -  ResidentSetSize of job (KB)
...
006 (426803.000.000) 06/22 21:41:52 Image size of job updated: 382016
	181  -  MemoryUsage of job (MB)
	184508  -  ResidentSetSize of job (KB)
...
006 (426803.000.000) 06/22 21:46:52 Image size of job updated: 384044
	183  -  MemoryUsage of job (MB)
	186652  -  ResidentSetSize of job (KB)
...
006 (426803.000.000) 06/22 21:51:53 Image size of job updated: 384044
	183  -  MemoryUsage of job (MB)
	186692  -  ResidentSetSize of job (KB)
...
005 (426803.000.000) 06/22 21:52:45 Job terminated.
	(1) Normal termination (return value 0)
		Usr 0 00:13:16, Sys 0 00:00:10  -  Run Remote Usage
		Usr 0 00:00:00, Sys 0 00:00:00  -  Run Local Usage
		Usr 0 00:13:16, Sys 0 00:00:10  -  Total Remote Usage
		Usr 0 00:00:00, Sys 0 00:00:00  -  Total Local Usage
	128198  -  Run Bytes Sent By Job
	28496  -  Run Bytes Received By Job
	128198  -  Total Bytes Sent By Job
	28496  -  Total Bytes Received By Job
	Partitionable Resources :    Usage  Request          
	   Cpus                 :                 1          
	   Disk (KB)            :      178      178          
	   Memory (MB)          :      183      183          
...
