
----------------------------------------------------
Job started on Fri Jul  3 12:35:41 EDT 2015 at WN: t2bat0187.cmsaf.mit.edu 
Job is running on Linux t2bat0187.cmsaf.mit.edu 2.6.32-358.el6.x86_64 #1 SMP Fri Feb 22 20:37:17 CST 2013 x86_64 x86_64 x86_64 GNU/Linux
Filesystem            Size  Used Avail Use% Mounted on
/dev/sda3              20G  3.0G   16G  16% /
tmpfs                  12G     0   12G   0% /dev/shm
/dev/sda1              97M   32M   61M  35% /boot
/dev/sda4             874G   30G  844G   4% /export/data1
/dev/sdb1             1.8T  1.6T  207G  89% /export/00b
/dev/sdc1             1.8T  1.7T  186G  90% /export/00c
/dev/sdd1             1.8T  1.6T  211G  89% /export/00d
/dev/sde1             1.8T  1.7T  190G  90% /export/00e
/dev/sdf1             1.8T  1.6T  198G  90% /export/00f
fuse_dfs              4.9P  4.4P  508T  90% /mnt/hadoop
t2srv0004:/export/db  135G  187M  135G   1% /net/t2srv0004/db
cvmfs2                 98G   28G   71G  28% /cvmfs/cms.cern.ch
cvmfs2                 98G   28G   71G  28% /cvmfs/oasis.opensciencegrid.org
cvmfs2                 98G   28G   71G  28% /cvmfs/cdfcfs.fnal.gov
cvmfs2                 98G   28G   71G  28% /cvmfs/cvmfs.cmsaf.mit.edu
gcc (GCC) 4.4.7 20120313 (Red Hat 4.4.7-3)
Copyright (C) 2010 Free Software Foundation, Inc.
This is free software; see the source for copying conditions.  There is NO
warranty; not even for MERCHANTABILITY or FITNESS FOR A PARTICULAR PURPOSE.

Processing...
0/1244150
10000/1244150
20000/1244150
30000/1244150
40000/1244150
50000/1244150
60000/1244150
70000/1244150
80000/1244150
90000/1244150
100000/1244150
110000/1244150
120000/1244150
130000/1244150
140000/1244150
150000/1244150
160000/1244150
170000/1244150
180000/1244150
190000/1244150
200000/1244150
210000/1244150
220000/1244150
230000/1244150
240000/1244150
250000/1244150
260000/1244150
270000/1244150
280000/1244150
290000/1244150
300000/1244150
310000/1244150
320000/1244150
330000/1244150
340000/1244150
350000/1244150
360000/1244150
370000/1244150
380000/1244150
390000/1244150
400000/1244150
410000/1244150
420000/1244150
430000/1244150
440000/1244150
450000/1244150
460000/1244150
470000/1244150
480000/1244150
490000/1244150
500000/1244150
510000/1244150
520000/1244150
530000/1244150
540000/1244150
550000/1244150
560000/1244150
570000/1244150
580000/1244150
590000/1244150
600000/1244150
610000/1244150
620000/1244150
630000/1244150
640000/1244150
650000/1244150
660000/1244150
670000/1244150
680000/1244150
690000/1244150
700000/1244150
710000/1244150
720000/1244150
730000/1244150
740000/1244150
750000/1244150
760000/1244150
770000/1244150
780000/1244150
790000/1244150
800000/1244150
810000/1244150
820000/1244150
830000/1244150
840000/1244150
850000/1244150
860000/1244150
870000/1244150
880000/1244150
890000/1244150
900000/1244150
910000/1244150
920000/1244150
930000/1244150
940000/1244150
950000/1244150
960000/1244150
970000/1244150
980000/1244150
990000/1244150
1000000/1244150
1010000/1244150
1020000/1244150
1030000/1244150
1040000/1244150
1050000/1244150
1060000/1244150
1070000/1244150
1080000/1244150
1090000/1244150
1100000/1244150
1110000/1244150
1120000/1244150
1130000/1244150
1140000/1244150
1150000/1244150
1160000/1244150
1170000/1244150
1180000/1244150
1190000/1244150
1200000/1244150
1210000/1244150
1220000/1244150
1230000/1244150
1240000/1244150
Macro finished: 
CPU time (min)  = 17.9907
Real time (min) = 21.9134
Done!
Copied output files to hadoop rootfiles/JetRAA/June22
