000 (426802.000.000) 06/22 21:36:32 Job submitted from host: <18.12.1.74:48322>
...
001 (426802.000.000) 06/22 21:36:43 Job executing on host: <18.12.9.80:44526>
...
006 (426802.000.000) 06/22 21:36:51 Image size of job updated: 102692
	21  -  MemoryUsage of job (MB)
	20852  -  ResidentSetSize of job (KB)
...
006 (426802.000.000) 06/22 21:41:51 Image size of job updated: 378764
	193  -  MemoryUsage of job (MB)
	197460  -  ResidentSetSize of job (KB)
...
006 (426802.000.000) 06/22 21:46:51 Image size of job updated: 380304
	195  -  MemoryUsage of job (MB)
	199048  -  ResidentSetSize of job (KB)
...
006 (426802.000.000) 06/22 21:51:52 Image size of job updated: 380772
	195  -  MemoryUsage of job (MB)
	199520  -  ResidentSetSize of job (KB)
...
005 (426802.000.000) 06/22 21:52:18 Job terminated.
	(1) Normal termination (return value 0)
		Usr 0 00:13:09, Sys 0 00:00:09  -  Run Remote Usage
		Usr 0 00:00:00, Sys 0 00:00:00  -  Run Local Usage
		Usr 0 00:13:09, Sys 0 00:00:09  -  Total Remote Usage
		Usr 0 00:00:00, Sys 0 00:00:00  -  Total Local Usage
	128053  -  Run Bytes Sent By Job
	28496  -  Run Bytes Received By Job
	128053  -  Total Bytes Sent By Job
	28496  -  Total Bytes Received By Job
	Partitionable Resources :    Usage  Request          
	   Cpus                 :                 1          
	   Disk (KB)            :      178      178          
	   Memory (MB)          :      195      195          
...
