
----------------------------------------------------
Job started on Fri Jul  3 12:35:43 EDT 2015 at WN: t2bat0064.cmsaf.mit.edu 
Job is running on Linux t2bat0064.cmsaf.mit.edu 2.6.32-358.el6.x86_64 #1 SMP Fri Feb 22 20:37:17 CST 2013 x86_64 x86_64 x86_64 GNU/Linux
Filesystem            Size  Used Avail Use% Mounted on
/dev/sda3              20G  3.8G   15G  21% /
tmpfs                 7.8G     0  7.8G   0% /dev/shm
/dev/sda1              97M   33M   60M  36% /boot
/dev/sda4             415G   70G  345G  17% /export/data1
/dev/sdb1             1.8T  1.6T  199G  90% /export/00b
/dev/sdc1             1.8T  1.6T  199G  90% /export/00c
/dev/sdd1             1.8T  1.6T  209G  89% /export/00d
/dev/sde1             1.8T  1.6T  206G  89% /export/00e
/dev/sdf1             1.8T  1.6T  207G  89% /export/00f
fuse_dfs              4.9P  4.4P  508T  90% /mnt/hadoop
cvmfs2                 98G   69G   30G  70% /cvmfs/cms.cern.ch
t2srv0004:/export/db  135G  187M  135G   1% /net/t2srv0004/db
cvmfs2                 98G   69G   30G  70% /cvmfs/oasis.opensciencegrid.org
cvmfs2                 98G   69G   30G  70% /cvmfs/cdfcfs.fnal.gov
cvmfs2                 98G   69G   30G  70% /cvmfs/cvmfs.cmsaf.mit.edu
gcc (GCC) 4.4.7 20120313 (Red Hat 4.4.7-3)
Copyright (C) 2010 Free Software Foundation, Inc.
This is free software; see the source for copying conditions.  There is NO
warranty; not even for MERCHANTABILITY or FITNESS FOR A PARTICULAR PURPOSE.

Processing...
0/1223641
10000/1223641
20000/1223641
30000/1223641
40000/1223641
50000/1223641
60000/1223641
70000/1223641
80000/1223641
90000/1223641
100000/1223641
110000/1223641
120000/1223641
130000/1223641
140000/1223641
150000/1223641
160000/1223641
170000/1223641
180000/1223641
190000/1223641
200000/1223641
210000/1223641
220000/1223641
230000/1223641
240000/1223641
250000/1223641
260000/1223641
270000/1223641
280000/1223641
290000/1223641
300000/1223641
310000/1223641
320000/1223641
330000/1223641
340000/1223641
350000/1223641
360000/1223641
370000/1223641
380000/1223641
390000/1223641
400000/1223641
410000/1223641
420000/1223641
430000/1223641
440000/1223641
450000/1223641
460000/1223641
470000/1223641
480000/1223641
490000/1223641
500000/1223641
510000/1223641
520000/1223641
530000/1223641
540000/1223641
550000/1223641
560000/1223641
570000/1223641
580000/1223641
590000/1223641
600000/1223641
610000/1223641
620000/1223641
630000/1223641
640000/1223641
650000/1223641
660000/1223641
670000/1223641
680000/1223641
690000/1223641
700000/1223641
710000/1223641
720000/1223641
730000/1223641
740000/1223641
750000/1223641
760000/1223641
770000/1223641
780000/1223641
790000/1223641
800000/1223641
810000/1223641
820000/1223641
830000/1223641
840000/1223641
850000/1223641
860000/1223641
870000/1223641
880000/1223641
890000/1223641
900000/1223641
910000/1223641
920000/1223641
930000/1223641
940000/1223641
950000/1223641
960000/1223641
970000/1223641
980000/1223641
990000/1223641
1000000/1223641
1010000/1223641
1020000/1223641
1030000/1223641
1040000/1223641
1050000/1223641
1060000/1223641
1070000/1223641
1080000/1223641
1090000/1223641
1100000/1223641
1110000/1223641
1120000/1223641
1130000/1223641
1140000/1223641
1150000/1223641
1160000/1223641
1170000/1223641
1180000/1223641
1190000/1223641
1200000/1223641
1210000/1223641
1220000/1223641
Macro finished: 
CPU time (min)  = 20.8343
Real time (min) = 25.6208
Done!
Copied output files to hadoop rootfiles/JetRAA/June22
