
----------------------------------------------------
Job started on Mon Jun 22 21:36:46 EDT 2015 at WN: t2bat0305.cmsaf.mit.edu 
Job is running on Linux t2bat0305.cmsaf.mit.edu 2.6.32-358.el6.x86_64 #1 SMP Fri Feb 22 20:37:17 CST 2013 x86_64 x86_64 x86_64 GNU/Linux
Filesystem            Size  Used Avail Use% Mounted on
/dev/sda3              20G  3.1G   16G  17% /
tmpfs                  32G     0   32G   0% /dev/shm
/dev/sda1              97M   32M   61M  35% /boot
/dev/sda4             416G   92G  324G  23% /export/data1
fuse_dfs              4.9P  4.4P  522T  90% /mnt/hadoop
/dev/sdb1             3.6T  3.3T  338G  91% /export/00b
/dev/sdc1             3.6T  3.3T  373G  90% /export/00c
/dev/sdd1             3.6T  3.2T  402G  90% /export/00d
/dev/sde1             3.6T  3.2T  422G  89% /export/00e
/dev/sdf1             3.6T  3.2T  429G  89% /export/00f
/dev/sdg1             3.6T  3.2T  463G  88% /export/00g
t2srv0004:/export/db  135G  187M  135G   1% /net/t2srv0004/db
cvmfs2                 98G   87G   11G  89% /cvmfs/cms.cern.ch
cvmfs2                 98G   87G   11G  89% /cvmfs/oasis.opensciencegrid.org
cvmfs2                 98G   87G   11G  89% /cvmfs/mu2e.opensciencegrid.org
cvmfs2                 98G   87G   11G  89% /cvmfs/cdfcfs.fnal.gov
cvmfs2                 98G   87G   11G  89% /cvmfs/cvmfs.cmsaf.mit.edu
cvmfs2                 98G   87G   11G  89% /cvmfs/grid.cern.ch
cvmfs2                 98G   87G   11G  89% /cvmfs/fermilab.opensciencegrid.org
gcc (GCC) 4.4.7 20120313 (Red Hat 4.4.7-3)
Copyright (C) 2010 Free Software Foundation, Inc.
This is free software; see the source for copying conditions.  There is NO
warranty; not even for MERCHANTABILITY or FITNESS FOR A PARTICULAR PURPOSE.

Processing...
0/1236375
10000/1236375
20000/1236375
30000/1236375
40000/1236375
50000/1236375
60000/1236375
70000/1236375
80000/1236375
90000/1236375
100000/1236375
110000/1236375
120000/1236375
130000/1236375
140000/1236375
150000/1236375
160000/1236375
170000/1236375
180000/1236375
190000/1236375
200000/1236375
210000/1236375
220000/1236375
230000/1236375
240000/1236375
250000/1236375
260000/1236375
270000/1236375
280000/1236375
290000/1236375
300000/1236375
310000/1236375
320000/1236375
330000/1236375
340000/1236375
350000/1236375
360000/1236375
370000/1236375
380000/1236375
390000/1236375
400000/1236375
410000/1236375
420000/1236375
430000/1236375
440000/1236375
450000/1236375
460000/1236375
470000/1236375
480000/1236375
490000/1236375
500000/1236375
510000/1236375
520000/1236375
530000/1236375
540000/1236375
550000/1236375
560000/1236375
570000/1236375
580000/1236375
590000/1236375
600000/1236375
610000/1236375
620000/1236375
630000/1236375
640000/1236375
650000/1236375
660000/1236375
670000/1236375
680000/1236375
690000/1236375
700000/1236375
710000/1236375
720000/1236375
730000/1236375
740000/1236375
750000/1236375
760000/1236375
770000/1236375
780000/1236375
790000/1236375
800000/1236375
810000/1236375
820000/1236375
830000/1236375
840000/1236375
850000/1236375
860000/1236375
870000/1236375
880000/1236375
890000/1236375
900000/1236375
910000/1236375
920000/1236375
930000/1236375
940000/1236375
950000/1236375
960000/1236375
970000/1236375
980000/1236375
990000/1236375
1000000/1236375
1010000/1236375
1020000/1236375
1030000/1236375
1040000/1236375
1050000/1236375
1060000/1236375
1070000/1236375
1080000/1236375
1090000/1236375
1100000/1236375
1110000/1236375
1120000/1236375
1130000/1236375
1140000/1236375
1150000/1236375
1160000/1236375
1170000/1236375
1180000/1236375
1190000/1236375
1200000/1236375
1210000/1236375
1220000/1236375
1230000/1236375
Macro finished: 
CPU time (min)  = 15.4593
Real time (min) = 18.2633
Done!
Copied output files to hadoop rootfiles/JetRAA/June22
