000 (426804.000.000) 06/22 21:36:32 Job submitted from host: <18.12.1.74:48322>
...
001 (426804.000.000) 06/22 21:36:43 Job executing on host: <18.12.9.51:49855>
...
006 (426804.000.000) 06/22 21:36:51 Image size of job updated: 1
	3  -  MemoryUsage of job (MB)
	2356  -  ResidentSetSize of job (KB)
...
006 (426804.000.000) 06/22 21:41:51 Image size of job updated: 379460
	195  -  MemoryUsage of job (MB)
	198748  -  ResidentSetSize of job (KB)
...
006 (426804.000.000) 06/22 21:46:52 Image size of job updated: 381740
	197  -  MemoryUsage of job (MB)
	201124  -  ResidentSetSize of job (KB)
...
006 (426804.000.000) 06/22 21:51:53 Image size of job updated: 383552
	199  -  MemoryUsage of job (MB)
	203036  -  ResidentSetSize of job (KB)
...
005 (426804.000.000) 06/22 21:52:57 Job terminated.
	(1) Normal termination (return value 0)
		Usr 0 00:14:02, Sys 0 00:00:07  -  Run Remote Usage
		Usr 0 00:00:00, Sys 0 00:00:00  -  Run Local Usage
		Usr 0 00:14:02, Sys 0 00:00:07  -  Total Remote Usage
		Usr 0 00:00:00, Sys 0 00:00:00  -  Total Local Usage
	127977  -  Run Bytes Sent By Job
	28496  -  Run Bytes Received By Job
	127977  -  Total Bytes Sent By Job
	28496  -  Total Bytes Received By Job
	Partitionable Resources :    Usage  Request          
	   Cpus                 :                 1          
	   Disk (KB)            :      178      178          
	   Memory (MB)          :      199      199          
...
