000 (426829.000.000) 06/22 21:36:35 Job submitted from host: <18.12.1.74:48322>
...
001 (426829.000.000) 06/22 21:37:13 Job executing on host: <18.12.8.154:48979>
...
006 (426829.000.000) 06/22 21:37:21 Image size of job updated: 69176
	14  -  MemoryUsage of job (MB)
	13320  -  ResidentSetSize of job (KB)
...
006 (426829.000.000) 06/22 21:42:21 Image size of job updated: 406716
	196  -  MemoryUsage of job (MB)
	200024  -  ResidentSetSize of job (KB)
...
006 (426829.000.000) 06/22 21:47:23 Image size of job updated: 406900
	196  -  MemoryUsage of job (MB)
	200208  -  ResidentSetSize of job (KB)
...
006 (426829.000.000) 06/22 21:57:23 Image size of job updated: 406900
	196  -  MemoryUsage of job (MB)
	200220  -  ResidentSetSize of job (KB)
...
006 (426829.000.000) 06/22 22:02:24 Image size of job updated: 412112
	234  -  MemoryUsage of job (MB)
	238808  -  ResidentSetSize of job (KB)
...
005 (426829.000.000) 06/22 22:09:03 Job terminated.
	(1) Normal termination (return value 0)
		Usr 0 00:16:43, Sys 0 00:00:08  -  Run Remote Usage
		Usr 0 00:00:00, Sys 0 00:00:00  -  Run Local Usage
		Usr 0 00:16:43, Sys 0 00:00:08  -  Total Remote Usage
		Usr 0 00:00:00, Sys 0 00:00:00  -  Total Local Usage
	128046  -  Run Bytes Sent By Job
	28496  -  Run Bytes Received By Job
	128046  -  Total Bytes Sent By Job
	28496  -  Total Bytes Received By Job
	Partitionable Resources :    Usage  Request          
	   Cpus                 :                 1          
	   Disk (KB)            :      178      178          
	   Memory (MB)          :      234      234          
...
