
----------------------------------------------------
Job started on Mon Jun 22 21:36:53 EDT 2015 at WN: lnbat0005.cmsaf.mit.edu 
Job is running on Linux lnbat0005.cmsaf.mit.edu 2.6.32-358.el6.x86_64 #1 SMP Fri Feb 22 20:37:17 CST 2013 x86_64 x86_64 x86_64 GNU/Linux
Filesystem            Size  Used Avail Use% Mounted on
/dev/sda3              20G  3.2G   16G  17% /
tmpfs                  12G     0   12G   0% /dev/shm
/dev/sda1              97M   32M   61M  35% /boot
/dev/sda4             874G  8.3G  866G   1% /export/data1
fuse_dfs              4.9P  4.4P  522T  90% /mnt/hadoop
/dev/sdc1             1.8T  1.6T  205G  89% /export/00b
/dev/sdd1             1.8T  1.6T  223G  88% /export/00c
/dev/sde1             1.8T  1.6T  200G  90% /export/00d
/dev/sdb1             1.8T  1.6T  207G  89% /export/00e
/dev/sdf1             1.8T  1.7T  185G  90% /export/00f
cvmfs2                 98G  6.4G   92G   7% /cvmfs/cms.cern.ch
t2srv0004:/export/db  135G  187M  135G   1% /net/t2srv0004/db
cvmfs2                 98G  6.4G   92G   7% /cvmfs/mu2e.opensciencegrid.org
cvmfs2                 98G  6.4G   92G   7% /cvmfs/oasis.opensciencegrid.org
cvmfs2                 98G  6.4G   92G   7% /cvmfs/cdfcfs.fnal.gov
cvmfs2                 98G  6.4G   92G   7% /cvmfs/cvmfs.cmsaf.mit.edu
cvmfs2                 98G  6.4G   92G   7% /cvmfs/grid.cern.ch
cvmfs2                 98G  6.4G   92G   7% /cvmfs/fermilab.opensciencegrid.org
gcc (GCC) 4.4.7 20120313 (Red Hat 4.4.7-3)
Copyright (C) 2010 Free Software Foundation, Inc.
This is free software; see the source for copying conditions.  There is NO
warranty; not even for MERCHANTABILITY or FITNESS FOR A PARTICULAR PURPOSE.

Processing...
0/1225586
10000/1225586
20000/1225586
30000/1225586
40000/1225586
50000/1225586
60000/1225586
70000/1225586
80000/1225586
90000/1225586
100000/1225586
110000/1225586
120000/1225586
130000/1225586
140000/1225586
150000/1225586
160000/1225586
170000/1225586
180000/1225586
190000/1225586
200000/1225586
210000/1225586
220000/1225586
230000/1225586
240000/1225586
250000/1225586
260000/1225586
270000/1225586
280000/1225586
290000/1225586
300000/1225586
310000/1225586
320000/1225586
330000/1225586
340000/1225586
350000/1225586
360000/1225586
370000/1225586
380000/1225586
390000/1225586
400000/1225586
410000/1225586
420000/1225586
430000/1225586
440000/1225586
450000/1225586
460000/1225586
470000/1225586
480000/1225586
490000/1225586
500000/1225586
510000/1225586
520000/1225586
530000/1225586
540000/1225586
550000/1225586
560000/1225586
570000/1225586
580000/1225586
590000/1225586
600000/1225586
610000/1225586
620000/1225586
630000/1225586
640000/1225586
650000/1225586
660000/1225586
670000/1225586
680000/1225586
690000/1225586
700000/1225586
710000/1225586
720000/1225586
730000/1225586
740000/1225586
750000/1225586
760000/1225586
770000/1225586
780000/1225586
790000/1225586
800000/1225586
810000/1225586
820000/1225586
830000/1225586
840000/1225586
850000/1225586
860000/1225586
870000/1225586
880000/1225586
890000/1225586
900000/1225586
910000/1225586
920000/1225586
930000/1225586
940000/1225586
950000/1225586
960000/1225586
970000/1225586
980000/1225586
990000/1225586
1000000/1225586
1010000/1225586
1020000/1225586
1030000/1225586
1040000/1225586
1050000/1225586
1060000/1225586
1070000/1225586
1080000/1225586
1090000/1225586
1100000/1225586
1110000/1225586
1120000/1225586
1130000/1225586
1140000/1225586
1150000/1225586
1160000/1225586
1170000/1225586
1180000/1225586
1190000/1225586
1200000/1225586
1210000/1225586
1220000/1225586
Macro finished: 
CPU time (min)  = 17.4738
Real time (min) = 31.2891
Done!
Copied output files to hadoop rootfiles/JetRAA/June22
