000 (426806.000.000) 06/22 21:36:32 Job submitted from host: <18.12.1.74:48322>
...
001 (426806.000.000) 06/22 21:36:43 Job executing on host: <18.12.9.6:43212>
...
006 (426806.000.000) 06/22 21:36:51 Image size of job updated: 1
	3  -  MemoryUsage of job (MB)
	2356  -  ResidentSetSize of job (KB)
...
006 (426806.000.000) 06/22 21:41:51 Image size of job updated: 417584
	200  -  MemoryUsage of job (MB)
	204800  -  ResidentSetSize of job (KB)
...
006 (426806.000.000) 06/22 21:46:51 Image size of job updated: 418856
	202  -  MemoryUsage of job (MB)
	206076  -  ResidentSetSize of job (KB)
...
006 (426806.000.000) 06/22 21:56:53 Image size of job updated: 423228
	221  -  MemoryUsage of job (MB)
	226132  -  ResidentSetSize of job (KB)
...
005 (426806.000.000) 06/22 21:57:25 Job terminated.
	(1) Normal termination (return value 0)
		Usr 0 00:16:00, Sys 0 00:00:11  -  Run Remote Usage
		Usr 0 00:00:00, Sys 0 00:00:00  -  Run Local Usage
		Usr 0 00:16:00, Sys 0 00:00:11  -  Total Remote Usage
		Usr 0 00:00:00, Sys 0 00:00:00  -  Total Local Usage
	128173  -  Run Bytes Sent By Job
	28496  -  Run Bytes Received By Job
	128173  -  Total Bytes Sent By Job
	28496  -  Total Bytes Received By Job
	Partitionable Resources :    Usage  Request          
	   Cpus                 :                 1          
	   Disk (KB)            :      179      179          
	   Memory (MB)          :      221      221          
...
000 (491460.000.000) 06/29 08:39:42 Job submitted from host: <18.12.1.74:48322>
...
001 (491460.000.000) 06/29 08:40:09 Job executing on host: <18.12.8.218:47738>
...
006 (491460.000.000) 06/29 08:40:17 Image size of job updated: 1
	3  -  MemoryUsage of job (MB)
	2360  -  ResidentSetSize of job (KB)
...
006 (491460.000.000) 06/29 08:45:17 Image size of job updated: 416732
	198  -  MemoryUsage of job (MB)
	202412  -  ResidentSetSize of job (KB)
...
006 (491460.000.000) 06/29 08:50:17 Image size of job updated: 422824
	245  -  MemoryUsage of job (MB)
	250724  -  ResidentSetSize of job (KB)
...
006 (491460.000.000) 06/29 08:55:18 Image size of job updated: 426884
	245  -  MemoryUsage of job (MB)
	250724  -  ResidentSetSize of job (KB)
...
005 (491460.000.000) 06/29 08:58:34 Job terminated.
	(1) Normal termination (return value 0)
		Usr 0 00:15:34, Sys 0 00:00:08  -  Run Remote Usage
		Usr 0 00:00:00, Sys 0 00:00:00  -  Run Local Usage
		Usr 0 00:15:34, Sys 0 00:00:08  -  Total Remote Usage
		Usr 0 00:00:00, Sys 0 00:00:00  -  Total Local Usage
	27528300  -  Run Bytes Sent By Job
	18573400  -  Run Bytes Received By Job
	27528300  -  Total Bytes Sent By Job
	18573400  -  Total Bytes Received By Job
	Partitionable Resources :    Usage  Request          
	   Cpus                 :                 1          
	   Disk (KB)            :    45047    45047          
	   Memory (MB)          :      245      245          
...
000 (495833.000.000) 07/03 12:34:13 Job submitted from host: <18.12.1.74:48322>
...
001 (495833.000.000) 07/03 12:34:44 Job executing on host: <18.12.6.88:46278>
...
006 (495833.000.000) 07/03 12:34:52 Image size of job updated: 13384
	2  -  MemoryUsage of job (MB)
	1984  -  ResidentSetSize of job (KB)
...
006 (495833.000.000) 07/03 12:39:52 Image size of job updated: 558232
	336  -  MemoryUsage of job (MB)
	343448  -  ResidentSetSize of job (KB)
...
006 (495833.000.000) 07/03 12:49:54 Image size of job updated: 564324
	372  -  MemoryUsage of job (MB)
	380108  -  ResidentSetSize of job (KB)
...
006 (495833.000.000) 07/03 12:54:54 Image size of job updated: 568384
	376  -  MemoryUsage of job (MB)
	384168  -  ResidentSetSize of job (KB)
...
005 (495833.000.000) 07/03 12:58:18 Job terminated.
	(1) Normal termination (return value 0)
		Usr 0 00:18:37, Sys 0 00:00:11  -  Run Remote Usage
		Usr 0 00:00:00, Sys 0 00:00:00  -  Run Local Usage
		Usr 0 00:18:37, Sys 0 00:00:11  -  Total Remote Usage
		Usr 0 00:00:00, Sys 0 00:00:00  -  Total Local Usage
	28858778  -  Run Bytes Sent By Job
	18576446  -  Run Bytes Received By Job
	28858778  -  Total Bytes Sent By Job
	18576446  -  Total Bytes Received By Job
	Partitionable Resources :    Usage  Request          
	   Cpus                 :                 1          
	   Disk (KB)            :    46349    46349          
	   Memory (MB)          :      376      376          
...
