000 (426816.000.000) 06/22 21:36:33 Job submitted from host: <18.12.1.74:48322>
...
001 (426816.000.000) 06/22 21:36:45 Job executing on host: <18.12.8.212:44234>
...
006 (426816.000.000) 06/22 21:36:53 Image size of job updated: 72344
	16  -  MemoryUsage of job (MB)
	16312  -  ResidentSetSize of job (KB)
...
006 (426816.000.000) 06/22 21:41:53 Image size of job updated: 409728
	201  -  MemoryUsage of job (MB)
	205540  -  ResidentSetSize of job (KB)
...
006 (426816.000.000) 06/22 21:46:54 Image size of job updated: 409928
	201  -  MemoryUsage of job (MB)
	205808  -  ResidentSetSize of job (KB)
...
006 (426816.000.000) 06/22 21:51:55 Image size of job updated: 410748
	202  -  MemoryUsage of job (MB)
	206496  -  ResidentSetSize of job (KB)
...
006 (426816.000.000) 06/22 21:56:55 Image size of job updated: 416228
	231  -  MemoryUsage of job (MB)
	236360  -  ResidentSetSize of job (KB)
...
005 (426816.000.000) 06/22 21:57:31 Job terminated.
	(1) Normal termination (return value 0)
		Usr 0 00:16:30, Sys 0 00:00:10  -  Run Remote Usage
		Usr 0 00:00:00, Sys 0 00:00:00  -  Run Local Usage
		Usr 0 00:16:30, Sys 0 00:00:10  -  Total Remote Usage
		Usr 0 00:00:00, Sys 0 00:00:00  -  Total Local Usage
	127986  -  Run Bytes Sent By Job
	28496  -  Run Bytes Received By Job
	127986  -  Total Bytes Sent By Job
	28496  -  Total Bytes Received By Job
	Partitionable Resources :    Usage  Request          
	   Cpus                 :                 1          
	   Disk (KB)            :      178      178          
	   Memory (MB)          :      231      231          
...
