000 (426820.000.000) 06/22 21:36:34 Job submitted from host: <18.12.1.74:48322>
...
001 (426820.000.000) 06/22 21:36:49 Job executing on host: <18.12.9.1:42409>
...
006 (426820.000.000) 06/22 21:36:58 Image size of job updated: 9524
	2  -  MemoryUsage of job (MB)
	1320  -  ResidentSetSize of job (KB)
...
006 (426820.000.000) 06/22 21:41:59 Image size of job updated: 407740
	197  -  MemoryUsage of job (MB)
	201056  -  ResidentSetSize of job (KB)
...
006 (426820.000.000) 06/22 21:57:00 Image size of job updated: 413504
	220  -  MemoryUsage of job (MB)
	224532  -  ResidentSetSize of job (KB)
...
005 (426820.000.000) 06/22 21:58:37 Job terminated.
	(1) Normal termination (return value 0)
		Usr 0 00:16:50, Sys 0 00:00:11  -  Run Remote Usage
		Usr 0 00:00:00, Sys 0 00:00:00  -  Run Local Usage
		Usr 0 00:16:50, Sys 0 00:00:11  -  Total Remote Usage
		Usr 0 00:00:00, Sys 0 00:00:00  -  Total Local Usage
	128190  -  Run Bytes Sent By Job
	28496  -  Run Bytes Received By Job
	128190  -  Total Bytes Sent By Job
	28496  -  Total Bytes Received By Job
	Partitionable Resources :    Usage  Request          
	   Cpus                 :                 1          
	   Disk (KB)            :      178      178          
	   Memory (MB)          :      220      220          
...
