
----------------------------------------------------
Job started on Mon Jun 22 21:36:44 EDT 2015 at WN: t2bat0336.cmsaf.mit.edu 
Job is running on Linux t2bat0336.cmsaf.mit.edu 2.6.32-358.el6.x86_64 #1 SMP Fri Feb 22 20:37:17 CST 2013 x86_64 x86_64 x86_64 GNU/Linux
Filesystem            Size  Used Avail Use% Mounted on
/dev/sda3              20G  2.5G   17G  14% /
tmpfs                  32G     0   32G   0% /dev/shm
/dev/sda1              97M   32M   61M  35% /boot
/dev/sda4             416G   90G  326G  22% /export/data1
fuse_dfs              4.9P  4.4P  522T  90% /mnt/hadoop
/dev/sdb1             3.6T  3.2T  410G  89% /export/00b
/dev/sdc1             3.6T  3.3T  391G  90% /export/00c
/dev/sdd1             3.6T  3.2T  409G  89% /export/00d
/dev/sde1             3.6T  3.2T  393G  90% /export/00e
/dev/sdf1             3.6T  3.3T  381G  90% /export/00f
/dev/sdg1             3.6T  3.2T  434G  89% /export/00g
cvmfs2                 98G   87G   12G  89% /cvmfs/cms.cern.ch
t2srv0004:/export/db  135G  187M  135G   1% /net/t2srv0004/db
cvmfs2                 98G   87G   12G  89% /cvmfs/mu2e.opensciencegrid.org
cvmfs2                 98G   87G   12G  89% /cvmfs/oasis.opensciencegrid.org
cvmfs2                 98G   87G   12G  89% /cvmfs/cdfcfs.fnal.gov
cvmfs2                 98G   87G   12G  89% /cvmfs/cvmfs.cmsaf.mit.edu
gcc (GCC) 4.4.7 20120313 (Red Hat 4.4.7-3)
Copyright (C) 2010 Free Software Foundation, Inc.
This is free software; see the source for copying conditions.  There is NO
warranty; not even for MERCHANTABILITY or FITNESS FOR A PARTICULAR PURPOSE.

Processing...
0/1232858
10000/1232858
20000/1232858
30000/1232858
40000/1232858
50000/1232858
60000/1232858
70000/1232858
80000/1232858
90000/1232858
100000/1232858
110000/1232858
120000/1232858
130000/1232858
140000/1232858
150000/1232858
160000/1232858
170000/1232858
180000/1232858
190000/1232858
200000/1232858
210000/1232858
220000/1232858
230000/1232858
240000/1232858
250000/1232858
260000/1232858
270000/1232858
280000/1232858
290000/1232858
300000/1232858
310000/1232858
320000/1232858
330000/1232858
340000/1232858
350000/1232858
360000/1232858
370000/1232858
380000/1232858
390000/1232858
400000/1232858
410000/1232858
420000/1232858
430000/1232858
440000/1232858
450000/1232858
460000/1232858
470000/1232858
480000/1232858
490000/1232858
500000/1232858
510000/1232858
520000/1232858
530000/1232858
540000/1232858
550000/1232858
560000/1232858
570000/1232858
580000/1232858
590000/1232858
600000/1232858
610000/1232858
620000/1232858
630000/1232858
640000/1232858
650000/1232858
660000/1232858
670000/1232858
680000/1232858
690000/1232858
700000/1232858
710000/1232858
720000/1232858
730000/1232858
740000/1232858
750000/1232858
760000/1232858
770000/1232858
780000/1232858
790000/1232858
800000/1232858
810000/1232858
820000/1232858
830000/1232858
840000/1232858
850000/1232858
860000/1232858
870000/1232858
880000/1232858
890000/1232858
900000/1232858
910000/1232858
920000/1232858
930000/1232858
940000/1232858
950000/1232858
960000/1232858
970000/1232858
980000/1232858
990000/1232858
1000000/1232858
1010000/1232858
1020000/1232858
1030000/1232858
1040000/1232858
1050000/1232858
1060000/1232858
1070000/1232858
1080000/1232858
1090000/1232858
1100000/1232858
1110000/1232858
1120000/1232858
1130000/1232858
1140000/1232858
1150000/1232858
1160000/1232858
1170000/1232858
1180000/1232858
1190000/1232858
1200000/1232858
1210000/1232858
1220000/1232858
1230000/1232858
Macro finished: 
CPU time (min)  = 14.5912
Real time (min) = 17.8683
Done!
Copied output files to hadoop rootfiles/JetRAA/June22
