000 (426828.000.000) 06/22 21:36:35 Job submitted from host: <18.12.1.74:48322>
...
001 (426828.000.000) 06/22 21:36:45 Job executing on host: <18.12.9.17:47592>
...
006 (426828.000.000) 06/22 21:36:54 Image size of job updated: 1
	3  -  MemoryUsage of job (MB)
	2352  -  ResidentSetSize of job (KB)
...
006 (426828.000.000) 06/22 21:41:55 Image size of job updated: 407400
	195  -  MemoryUsage of job (MB)
	199240  -  ResidentSetSize of job (KB)
...
006 (426828.000.000) 06/22 21:46:55 Image size of job updated: 407400
	195  -  MemoryUsage of job (MB)
	199244  -  ResidentSetSize of job (KB)
...
006 (426828.000.000) 06/22 21:56:57 Image size of job updated: 412876
	200  -  MemoryUsage of job (MB)
	204484  -  ResidentSetSize of job (KB)
...
006 (426828.000.000) 06/22 22:01:57 Image size of job updated: 413732
	233  -  MemoryUsage of job (MB)
	238564  -  ResidentSetSize of job (KB)
...
005 (426828.000.000) 06/22 22:04:53 Job terminated.
	(1) Normal termination (return value 0)
		Usr 0 00:16:40, Sys 0 00:00:11  -  Run Remote Usage
		Usr 0 00:00:00, Sys 0 00:00:00  -  Run Local Usage
		Usr 0 00:16:40, Sys 0 00:00:11  -  Total Remote Usage
		Usr 0 00:00:00, Sys 0 00:00:00  -  Total Local Usage
	128190  -  Run Bytes Sent By Job
	28496  -  Run Bytes Received By Job
	128190  -  Total Bytes Sent By Job
	28496  -  Total Bytes Received By Job
	Partitionable Resources :    Usage  Request          
	   Cpus                 :                 1          
	   Disk (KB)            :      178      178          
	   Memory (MB)          :      233      233          
...
