000 (426821.000.000) 06/22 21:36:34 Job submitted from host: <18.12.1.74:48322>
...
001 (426821.000.000) 06/22 21:36:45 Job executing on host: <18.12.9.60:41752>
...
006 (426821.000.000) 06/22 21:36:53 Image size of job updated: 158408
	46  -  MemoryUsage of job (MB)
	46972  -  ResidentSetSize of job (KB)
...
006 (426821.000.000) 06/22 21:41:53 Image size of job updated: 407084
	187  -  MemoryUsage of job (MB)
	190896  -  ResidentSetSize of job (KB)
...
006 (426821.000.000) 06/22 21:46:54 Image size of job updated: 412584
	192  -  MemoryUsage of job (MB)
	196408  -  ResidentSetSize of job (KB)
...
006 (426821.000.000) 06/22 21:51:55 Image size of job updated: 413168
	223  -  MemoryUsage of job (MB)
	227976  -  ResidentSetSize of job (KB)
...
006 (426821.000.000) 06/22 21:56:11 Image size of job updated: 414192
	223  -  MemoryUsage of job (MB)
	227976  -  ResidentSetSize of job (KB)
...
005 (426821.000.000) 06/22 21:56:11 Job terminated.
	(1) Normal termination (return value 0)
		Usr 0 00:14:34, Sys 0 00:00:14  -  Run Remote Usage
		Usr 0 00:00:00, Sys 0 00:00:00  -  Run Local Usage
		Usr 0 00:14:34, Sys 0 00:00:14  -  Total Remote Usage
		Usr 0 00:00:00, Sys 0 00:00:00  -  Total Local Usage
	128102  -  Run Bytes Sent By Job
	28496  -  Run Bytes Received By Job
	128102  -  Total Bytes Sent By Job
	28496  -  Total Bytes Received By Job
	Partitionable Resources :    Usage  Request          
	   Cpus                 :                 1          
	   Disk (KB)            :      178      178          
	   Memory (MB)          :      223      223          
...
