
----------------------------------------------------
Job started on Mon Jun 22 21:36:47 EDT 2015 at WN: hibat0100.cmsaf.mit.edu 
Job is running on Linux hibat0100.cmsaf.mit.edu 2.6.32-358.el6.x86_64 #1 SMP Fri Feb 22 20:37:17 CST 2013 x86_64 x86_64 x86_64 GNU/Linux
Filesystem            Size  Used Avail Use% Mounted on
/dev/sda3              20G  3.6G   16G  20% /
tmpfs                  24G     0   24G   0% /dev/shm
/dev/sda1              97M   32M   61M  35% /boot
/dev/sda4             873G   89G  785G  11% /export/data1
/dev/sdb1             2.7T  2.7T   75G  98% /export/00b
/dev/sdc1             2.7T  2.7T   71G  98% /export/00c
/dev/sdd1             2.7T  2.7T   78G  98% /export/00d
/dev/sde1             2.7T  2.7T   71G  98% /export/00e
/dev/sdf1             2.7T  2.7T   86G  97% /export/00f
/dev/sdg1             3.6T  3.0T  609G  84% /export/00g
/dev/sdh1             3.6T  3.1T  592G  84% /export/00h
fuse_dfs              4.9P  4.4P  522T  90% /mnt/hadoop
t2srv0004:/export/db  135G  187M  135G   1% /net/t2srv0004/db
cvmfs2                 98G   88G   11G  90% /cvmfs/cms.cern.ch
cvmfs2                 98G   88G   11G  90% /cvmfs/oasis.opensciencegrid.org
cvmfs2                 98G   88G   11G  90% /cvmfs/mu2e.opensciencegrid.org
gcc (GCC) 4.4.7 20120313 (Red Hat 4.4.7-3)
Copyright (C) 2010 Free Software Foundation, Inc.
This is free software; see the source for copying conditions.  There is NO
warranty; not even for MERCHANTABILITY or FITNESS FOR A PARTICULAR PURPOSE.

Processing...
0/1228827
10000/1228827
20000/1228827
30000/1228827
40000/1228827
50000/1228827
60000/1228827
70000/1228827
80000/1228827
90000/1228827
100000/1228827
110000/1228827
120000/1228827
130000/1228827
140000/1228827
150000/1228827
160000/1228827
170000/1228827
180000/1228827
190000/1228827
200000/1228827
210000/1228827
220000/1228827
230000/1228827
240000/1228827
250000/1228827
260000/1228827
270000/1228827
280000/1228827
290000/1228827
300000/1228827
310000/1228827
320000/1228827
330000/1228827
340000/1228827
350000/1228827
360000/1228827
370000/1228827
380000/1228827
390000/1228827
400000/1228827
410000/1228827
420000/1228827
430000/1228827
440000/1228827
450000/1228827
460000/1228827
470000/1228827
480000/1228827
490000/1228827
500000/1228827
510000/1228827
520000/1228827
530000/1228827
540000/1228827
550000/1228827
560000/1228827
570000/1228827
580000/1228827
590000/1228827
600000/1228827
610000/1228827
620000/1228827
630000/1228827
640000/1228827
650000/1228827
660000/1228827
670000/1228827
680000/1228827
690000/1228827
700000/1228827
710000/1228827
720000/1228827
730000/1228827
740000/1228827
750000/1228827
760000/1228827
770000/1228827
780000/1228827
790000/1228827
800000/1228827
810000/1228827
820000/1228827
830000/1228827
840000/1228827
850000/1228827
860000/1228827
870000/1228827
880000/1228827
890000/1228827
900000/1228827
910000/1228827
920000/1228827
930000/1228827
940000/1228827
950000/1228827
960000/1228827
970000/1228827
980000/1228827
990000/1228827
1000000/1228827
1010000/1228827
1020000/1228827
1030000/1228827
1040000/1228827
1050000/1228827
1060000/1228827
1070000/1228827
1080000/1228827
1090000/1228827
1100000/1228827
1110000/1228827
1120000/1228827
1130000/1228827
1140000/1228827
1150000/1228827
1160000/1228827
1170000/1228827
1180000/1228827
1190000/1228827
1200000/1228827
1210000/1228827
1220000/1228827
Macro finished: 
CPU time (min)  = 19.08
Real time (min) = 22.5276
Done!
Copied output files to hadoop rootfiles/JetRAA/June22
