000 (426817.000.000) 06/22 21:36:33 Job submitted from host: <18.12.1.74:48322>
...
001 (426817.000.000) 06/22 21:36:44 Job executing on host: <18.12.8.230:40657>
...
006 (426817.000.000) 06/22 21:36:53 Image size of job updated: 1
	3  -  MemoryUsage of job (MB)
	2360  -  ResidentSetSize of job (KB)
...
006 (426817.000.000) 06/22 21:41:54 Image size of job updated: 409208
	203  -  MemoryUsage of job (MB)
	207644  -  ResidentSetSize of job (KB)
...
006 (426817.000.000) 06/22 21:46:55 Image size of job updated: 415228
	209  -  MemoryUsage of job (MB)
	213700  -  ResidentSetSize of job (KB)
...
006 (426817.000.000) 06/22 22:06:56 Image size of job updated: 417124
	225  -  MemoryUsage of job (MB)
	230192  -  ResidentSetSize of job (KB)
...
005 (426817.000.000) 06/22 22:10:22 Job terminated.
	(1) Normal termination (return value 0)
		Usr 0 00:16:42, Sys 0 00:00:11  -  Run Remote Usage
		Usr 0 00:00:00, Sys 0 00:00:00  -  Run Local Usage
		Usr 0 00:16:42, Sys 0 00:00:11  -  Total Remote Usage
		Usr 0 00:00:00, Sys 0 00:00:00  -  Total Local Usage
	127831  -  Run Bytes Sent By Job
	28496  -  Run Bytes Received By Job
	127831  -  Total Bytes Sent By Job
	28496  -  Total Bytes Received By Job
	Partitionable Resources :    Usage  Request          
	   Cpus                 :                 1          
	   Disk (KB)            :      178      178          
	   Memory (MB)          :      225      225          
...
000 (491471.000.000) 06/29 08:39:43 Job submitted from host: <18.12.1.74:48322>
...
001 (491471.000.000) 06/29 08:40:12 Job executing on host: <18.12.8.155:49344>
...
006 (491471.000.000) 06/29 08:40:21 Image size of job updated: 410920
	175  -  MemoryUsage of job (MB)
	178876  -  ResidentSetSize of job (KB)
...
006 (491471.000.000) 06/29 08:45:22 Image size of job updated: 411860
	191  -  MemoryUsage of job (MB)
	195516  -  ResidentSetSize of job (KB)
...
006 (491471.000.000) 06/29 08:50:22 Image size of job updated: 420288
	244  -  MemoryUsage of job (MB)
	249616  -  ResidentSetSize of job (KB)
...
006 (491471.000.000) 06/29 08:55:22 Image size of job updated: 421092
	245  -  MemoryUsage of job (MB)
	250536  -  ResidentSetSize of job (KB)
...
006 (491471.000.000) 06/29 09:00:23 Image size of job updated: 421092
	245  -  MemoryUsage of job (MB)
	250588  -  ResidentSetSize of job (KB)
...
005 (491471.000.000) 06/29 09:03:56 Job terminated.
	(1) Normal termination (return value 0)
		Usr 0 00:19:02, Sys 0 00:00:12  -  Run Remote Usage
		Usr 0 00:00:00, Sys 0 00:00:00  -  Run Local Usage
		Usr 0 00:19:02, Sys 0 00:00:12  -  Total Remote Usage
		Usr 0 00:00:00, Sys 0 00:00:00  -  Total Local Usage
	28634786  -  Run Bytes Sent By Job
	18573400  -  Run Bytes Received By Job
	28634786  -  Total Bytes Sent By Job
	18573400  -  Total Bytes Received By Job
	Partitionable Resources :    Usage  Request          
	   Cpus                 :                 1          
	   Disk (KB)            :    46127    46127          
	   Memory (MB)          :      245      245          
...
000 (495844.000.000) 07/03 12:34:15 Job submitted from host: <18.12.1.74:48322>
...
001 (495844.000.000) 07/03 12:35:40 Job executing on host: <18.12.9.29:47519>
...
006 (495844.000.000) 07/03 12:35:49 Image size of job updated: 1
	3  -  MemoryUsage of job (MB)
	2360  -  ResidentSetSize of job (KB)
...
006 (495844.000.000) 07/03 12:40:50 Image size of job updated: 553352
	330  -  MemoryUsage of job (MB)
	336956  -  ResidentSetSize of job (KB)
...
006 (495844.000.000) 07/03 12:50:51 Image size of job updated: 553352
	330  -  MemoryUsage of job (MB)
	337032  -  ResidentSetSize of job (KB)
...
006 (495844.000.000) 07/03 13:05:53 Image size of job updated: 553352
	330  -  MemoryUsage of job (MB)
	337060  -  ResidentSetSize of job (KB)
...
006 (495844.000.000) 07/03 13:10:53 Image size of job updated: 558372
	335  -  MemoryUsage of job (MB)
	342056  -  ResidentSetSize of job (KB)
...
006 (495844.000.000) 07/03 13:20:54 Image size of job updated: 561788
	382  -  MemoryUsage of job (MB)
	390312  -  ResidentSetSize of job (KB)
...
006 (495844.000.000) 07/03 13:35:56 Image size of job updated: 562588
	382  -  MemoryUsage of job (MB)
	391044  -  ResidentSetSize of job (KB)
...
006 (495844.000.000) 07/03 13:40:56 Image size of job updated: 562588
	382  -  MemoryUsage of job (MB)
	391128  -  ResidentSetSize of job (KB)
...
006 (495844.000.000) 07/03 14:24:54 Image size of job updated: 585588
	382  -  MemoryUsage of job (MB)
	391128  -  ResidentSetSize of job (KB)
...
005 (495844.000.000) 07/03 14:24:56 Job terminated.
	(1) Normal termination (return value 0)
		Usr 0 00:24:22, Sys 0 00:00:12  -  Run Remote Usage
		Usr 0 00:00:00, Sys 0 00:00:00  -  Run Local Usage
		Usr 0 00:24:22, Sys 0 00:00:12  -  Total Remote Usage
		Usr 0 00:00:00, Sys 0 00:00:00  -  Total Local Usage
	30829744  -  Run Bytes Sent By Job
	18576446  -  Run Bytes Received By Job
	30829744  -  Total Bytes Sent By Job
	18576446  -  Total Bytes Received By Job
	Partitionable Resources :    Usage  Request          
	   Cpus                 :                 1          
	   Disk (KB)            :    48274    48274          
	   Memory (MB)          :      382      382          
...
