000 (426815.000.000) 06/22 21:36:33 Job submitted from host: <18.12.1.74:48322>
...
001 (426815.000.000) 06/22 21:36:44 Job executing on host: <18.12.8.113:46716>
...
006 (426815.000.000) 06/22 21:36:53 Image size of job updated: 69180
	13  -  MemoryUsage of job (MB)
	13304  -  ResidentSetSize of job (KB)
...
006 (426815.000.000) 06/22 21:41:54 Image size of job updated: 409124
	196  -  MemoryUsage of job (MB)
	199764  -  ResidentSetSize of job (KB)
...
006 (426815.000.000) 06/22 21:46:54 Image size of job updated: 409404
	196  -  MemoryUsage of job (MB)
	199764  -  ResidentSetSize of job (KB)
...
006 (426815.000.000) 06/22 21:51:54 Image size of job updated: 409880
	196  -  MemoryUsage of job (MB)
	199764  -  ResidentSetSize of job (KB)
...
006 (426815.000.000) 06/22 22:11:56 Image size of job updated: 415200
	220  -  MemoryUsage of job (MB)
	224528  -  ResidentSetSize of job (KB)
...
006 (426815.000.000) 06/22 22:16:57 Image size of job updated: 415200
	220  -  MemoryUsage of job (MB)
	224600  -  ResidentSetSize of job (KB)
...
005 (426815.000.000) 06/22 22:18:14 Job terminated.
	(1) Normal termination (return value 0)
		Usr 0 00:13:31, Sys 0 00:00:14  -  Run Remote Usage
		Usr 0 00:00:00, Sys 0 00:00:00  -  Run Local Usage
		Usr 0 00:13:31, Sys 0 00:00:14  -  Total Remote Usage
		Usr 0 00:00:00, Sys 0 00:00:00  -  Total Local Usage
	127911  -  Run Bytes Sent By Job
	28496  -  Run Bytes Received By Job
	127911  -  Total Bytes Sent By Job
	28496  -  Total Bytes Received By Job
	Partitionable Resources :    Usage  Request          
	   Cpus                 :                 1          
	   Disk (KB)            :      178      178          
	   Memory (MB)          :      220      220          
...
000 (491469.000.000) 06/29 08:39:42 Job submitted from host: <18.12.1.74:48322>
...
001 (491469.000.000) 06/29 08:40:07 Job executing on host: <18.12.8.119:47154>
...
006 (491469.000.000) 06/29 08:40:16 Image size of job updated: 1
	3  -  MemoryUsage of job (MB)
	2352  -  ResidentSetSize of job (KB)
...
006 (491469.000.000) 06/29 08:45:17 Image size of job updated: 416464
	202  -  MemoryUsage of job (MB)
	206844  -  ResidentSetSize of job (KB)
...
006 (491469.000.000) 06/29 08:50:18 Image size of job updated: 419880
	245  -  MemoryUsage of job (MB)
	250104  -  ResidentSetSize of job (KB)
...
006 (491469.000.000) 06/29 08:55:01 Image size of job updated: 420732
	245  -  MemoryUsage of job (MB)
	250104  -  ResidentSetSize of job (KB)
...
005 (491469.000.000) 06/29 08:55:02 Job terminated.
	(1) Normal termination (return value 0)
		Usr 0 00:11:19, Sys 0 00:00:15  -  Run Remote Usage
		Usr 0 00:00:00, Sys 0 00:00:00  -  Run Local Usage
		Usr 0 00:11:19, Sys 0 00:00:15  -  Total Remote Usage
		Usr 0 00:00:00, Sys 0 00:00:00  -  Total Local Usage
	28647292  -  Run Bytes Sent By Job
	18573400  -  Run Bytes Received By Job
	28647292  -  Total Bytes Sent By Job
	18573400  -  Total Bytes Received By Job
	Partitionable Resources :    Usage  Request          
	   Cpus                 :                 1          
	   Disk (KB)            :    46139    46139          
	   Memory (MB)          :      245      245          
...
000 (495842.000.000) 07/03 12:34:14 Job submitted from host: <18.12.1.74:48322>
...
001 (495842.000.000) 07/03 12:34:43 Job executing on host: <18.12.8.128:44672>
...
006 (495842.000.000) 07/03 12:34:52 Image size of job updated: 1
	3  -  MemoryUsage of job (MB)
	2356  -  ResidentSetSize of job (KB)
...
006 (495842.000.000) 07/03 12:39:53 Image size of job updated: 557960
	341  -  MemoryUsage of job (MB)
	348304  -  ResidentSetSize of job (KB)
...
006 (495842.000.000) 07/03 12:44:53 Image size of job updated: 561380
	383  -  MemoryUsage of job (MB)
	391424  -  ResidentSetSize of job (KB)
...
006 (495842.000.000) 07/03 12:49:53 Image size of job updated: 562228
	384  -  MemoryUsage of job (MB)
	392352  -  ResidentSetSize of job (KB)
...
005 (495842.000.000) 07/03 12:49:56 Job terminated.
	(1) Normal termination (return value 0)
		Usr 0 00:11:52, Sys 0 00:00:16  -  Run Remote Usage
		Usr 0 00:00:00, Sys 0 00:00:00  -  Run Local Usage
		Usr 0 00:11:52, Sys 0 00:00:16  -  Total Remote Usage
		Usr 0 00:00:00, Sys 0 00:00:00  -  Total Local Usage
	30850832  -  Run Bytes Sent By Job
	18576446  -  Run Bytes Received By Job
	30850832  -  Total Bytes Sent By Job
	18576446  -  Total Bytes Received By Job
	Partitionable Resources :    Usage  Request          
	   Cpus                 :                 1          
	   Disk (KB)            :    48294    48294          
	   Memory (MB)          :      384      384          
...
