000 (426858.000.000) 06/22 21:36:57 Job submitted from host: <18.12.1.74:48322>
...
001 (426858.000.000) 06/22 21:37:17 Job executing on host: <18.12.6.31:46862>
...
006 (426858.000.000) 06/22 21:37:26 Image size of job updated: 66156
	12  -  MemoryUsage of job (MB)
	11772  -  ResidentSetSize of job (KB)
...
006 (426858.000.000) 06/22 21:42:27 Image size of job updated: 420392
	207  -  MemoryUsage of job (MB)
	211456  -  ResidentSetSize of job (KB)
...
006 (426858.000.000) 06/22 21:47:28 Image size of job updated: 420392
	207  -  MemoryUsage of job (MB)
	211496  -  ResidentSetSize of job (KB)
...
006 (426858.000.000) 06/22 21:52:28 Image size of job updated: 420392
	207  -  MemoryUsage of job (MB)
	211628  -  ResidentSetSize of job (KB)
...
006 (426858.000.000) 06/22 21:57:29 Image size of job updated: 422200
	234  -  MemoryUsage of job (MB)
	238684  -  ResidentSetSize of job (KB)
...
005 (426858.000.000) 06/22 21:59:42 Job terminated.
	(1) Normal termination (return value 0)
		Usr 0 00:18:19, Sys 0 00:00:12  -  Run Remote Usage
		Usr 0 00:00:00, Sys 0 00:00:00  -  Run Local Usage
		Usr 0 00:18:19, Sys 0 00:00:12  -  Total Remote Usage
		Usr 0 00:00:00, Sys 0 00:00:00  -  Total Local Usage
	128046  -  Run Bytes Sent By Job
	28496  -  Run Bytes Received By Job
	128046  -  Total Bytes Sent By Job
	28496  -  Total Bytes Received By Job
	Partitionable Resources :    Usage  Request          
	   Cpus                 :                 1          
	   Disk (KB)            :      178      178          
	   Memory (MB)          :      234      234          
...
