000 (426854.000.000) 06/22 21:36:57 Job submitted from host: <18.12.1.74:48322>
...
001 (426854.000.000) 06/22 21:37:17 Job executing on host: <18.12.9.33:40949>
...
006 (426854.000.000) 06/22 21:37:25 Image size of job updated: 1
	3  -  MemoryUsage of job (MB)
	2364  -  ResidentSetSize of job (KB)
...
006 (426854.000.000) 06/22 21:42:25 Image size of job updated: 405672
	145  -  MemoryUsage of job (MB)
	148240  -  ResidentSetSize of job (KB)
...
006 (426854.000.000) 06/22 21:47:26 Image size of job updated: 417600
	200  -  MemoryUsage of job (MB)
	204200  -  ResidentSetSize of job (KB)
...
006 (426854.000.000) 06/22 21:52:26 Image size of job updated: 417892
	200  -  MemoryUsage of job (MB)
	204552  -  ResidentSetSize of job (KB)
...
006 (426854.000.000) 06/22 21:57:26 Image size of job updated: 418504
	201  -  MemoryUsage of job (MB)
	205148  -  ResidentSetSize of job (KB)
...
006 (426854.000.000) 06/22 22:07:28 Image size of job updated: 418504
	201  -  MemoryUsage of job (MB)
	205164  -  ResidentSetSize of job (KB)
...
006 (426854.000.000) 06/22 22:12:28 Image size of job updated: 418904
	201  -  MemoryUsage of job (MB)
	205564  -  ResidentSetSize of job (KB)
...
006 (426854.000.000) 06/22 22:17:29 Image size of job updated: 418904
	201  -  MemoryUsage of job (MB)
	205636  -  ResidentSetSize of job (KB)
...
006 (426854.000.000) 06/22 22:22:30 Image size of job updated: 420140
	203  -  MemoryUsage of job (MB)
	206872  -  ResidentSetSize of job (KB)
...
006 (426854.000.000) 06/22 22:27:30 Image size of job updated: 420140
	203  -  MemoryUsage of job (MB)
	206964  -  ResidentSetSize of job (KB)
...
006 (426854.000.000) 06/22 22:57:33 Image size of job updated: 423688
	224  -  MemoryUsage of job (MB)
	229116  -  ResidentSetSize of job (KB)
...
006 (426854.000.000) 06/22 23:02:33 Image size of job updated: 423984
	225  -  MemoryUsage of job (MB)
	229412  -  ResidentSetSize of job (KB)
...
005 (426854.000.000) 06/22 23:09:13 Job terminated.
	(1) Normal termination (return value 0)
		Usr 0 00:23:52, Sys 0 00:00:10  -  Run Remote Usage
		Usr 0 00:00:00, Sys 0 00:00:00  -  Run Local Usage
		Usr 0 00:23:52, Sys 0 00:00:10  -  Total Remote Usage
		Usr 0 00:00:00, Sys 0 00:00:00  -  Total Local Usage
	128366  -  Run Bytes Sent By Job
	28496  -  Run Bytes Received By Job
	128366  -  Total Bytes Sent By Job
	28496  -  Total Bytes Received By Job
	Partitionable Resources :    Usage  Request          
	   Cpus                 :                 1          
	   Disk (KB)            :      179      179          
	   Memory (MB)          :      225      225          
...
000 (451540.000.000) 06/25 13:25:29 Job submitted from host: <18.12.1.74:48322>
...
001 (451540.000.000) 06/25 13:25:41 Job executing on host: <18.12.9.31:42701>
...
006 (451540.000.000) 06/25 13:25:49 Image size of job updated: 1
	3  -  MemoryUsage of job (MB)
	2360  -  ResidentSetSize of job (KB)
...
006 (451540.000.000) 06/25 13:30:49 Image size of job updated: 375428
	165  -  MemoryUsage of job (MB)
	168292  -  ResidentSetSize of job (KB)
...
006 (451540.000.000) 06/25 13:35:50 Image size of job updated: 380468
	170  -  MemoryUsage of job (MB)
	173236  -  ResidentSetSize of job (KB)
...
006 (451540.000.000) 06/25 13:40:51 Image size of job updated: 380468
	170  -  MemoryUsage of job (MB)
	173248  -  ResidentSetSize of job (KB)
...
006 (451540.000.000) 06/25 14:10:55 Image size of job updated: 386596
	205  -  MemoryUsage of job (MB)
	209232  -  ResidentSetSize of job (KB)
...
006 (451540.000.000) 06/25 14:25:56 Image size of job updated: 391700
	210  -  MemoryUsage of job (MB)
	214336  -  ResidentSetSize of job (KB)
...
005 (451540.000.000) 06/25 14:48:02 Job terminated.
	(1) Normal termination (return value 0)
		Usr 0 00:24:04, Sys 0 00:00:14  -  Run Remote Usage
		Usr 0 00:00:00, Sys 0 00:00:00  -  Run Local Usage
		Usr 0 00:24:04, Sys 0 00:00:14  -  Total Remote Usage
		Usr 0 00:00:00, Sys 0 00:00:00  -  Total Local Usage
	129951  -  Run Bytes Sent By Job
	28774  -  Run Bytes Received By Job
	129951  -  Total Bytes Sent By Job
	28774  -  Total Bytes Received By Job
	Partitionable Resources :    Usage  Request          
	   Cpus                 :                 1          
	   Disk (KB)            :      181      181          
	   Memory (MB)          :      210      210          
...
000 (451588.000.000) 06/25 16:35:15 Job submitted from host: <18.12.1.74:48322>
...
001 (451588.000.000) 06/25 16:35:32 Job executing on host: <18.12.6.91:40511>
...
006 (451588.000.000) 06/25 16:35:40 Image size of job updated: 1
	3  -  MemoryUsage of job (MB)
	2356  -  ResidentSetSize of job (KB)
...
006 (451588.000.000) 06/25 16:40:40 Image size of job updated: 380784
	167  -  MemoryUsage of job (MB)
	170944  -  ResidentSetSize of job (KB)
...
006 (451588.000.000) 06/25 16:45:41 Image size of job updated: 386912
	211  -  MemoryUsage of job (MB)
	215924  -  ResidentSetSize of job (KB)
...
006 (451588.000.000) 06/25 16:50:42 Image size of job updated: 392016
	216  -  MemoryUsage of job (MB)
	221040  -  ResidentSetSize of job (KB)
...
005 (451588.000.000) 06/25 16:55:41 Job terminated.
	(1) Normal termination (return value 0)
		Usr 0 00:18:02, Sys 0 00:00:05  -  Run Remote Usage
		Usr 0 00:00:00, Sys 0 00:00:00  -  Run Local Usage
		Usr 0 00:18:02, Sys 0 00:00:05  -  Total Remote Usage
		Usr 0 00:00:00, Sys 0 00:00:00  -  Total Local Usage
	26583624  -  Run Bytes Sent By Job
	18573894  -  Run Bytes Received By Job
	26583624  -  Total Bytes Sent By Job
	18573894  -  Total Bytes Received By Job
	Partitionable Resources :    Usage  Request          
	   Cpus                 :                 1          
	   Disk (KB)            :    44125    44125          
	   Memory (MB)          :      216      216          
...
000 (452219.000.000) 06/26 10:52:52 Job submitted from host: <18.12.1.74:48322>
...
001 (452219.000.000) 06/26 10:53:16 Job executing on host: <18.12.8.244:44745>
...
006 (452219.000.000) 06/26 10:53:25 Image size of job updated: 68256
	15  -  MemoryUsage of job (MB)
	14936  -  ResidentSetSize of job (KB)
...
006 (452219.000.000) 06/26 10:58:26 Image size of job updated: 384052
	173  -  MemoryUsage of job (MB)
	177012  -  ResidentSetSize of job (KB)
...
006 (452219.000.000) 06/26 11:03:26 Image size of job updated: 390180
	216  -  MemoryUsage of job (MB)
	221144  -  ResidentSetSize of job (KB)
...
000 (452274.000.000) 06/26 11:04:15 Job submitted from host: <18.12.1.74:48322>
...
001 (452274.000.000) 06/26 11:04:44 Job executing on host: <18.12.8.205:41752>
...
006 (452274.000.000) 06/26 11:04:53 Image size of job updated: 1
	3  -  MemoryUsage of job (MB)
	2360  -  ResidentSetSize of job (KB)
...
006 (452219.000.000) 06/26 11:08:27 Image size of job updated: 394264
	216  -  MemoryUsage of job (MB)
	221144  -  ResidentSetSize of job (KB)
...
006 (452274.000.000) 06/26 11:09:54 Image size of job updated: 380876
	168  -  MemoryUsage of job (MB)
	171012  -  ResidentSetSize of job (KB)
...
005 (452219.000.000) 06/26 11:14:36 Job terminated.
	(1) Normal termination (return value 0)
		Usr 0 00:17:14, Sys 0 00:00:13  -  Run Remote Usage
		Usr 0 00:00:00, Sys 0 00:00:00  -  Run Local Usage
		Usr 0 00:17:14, Sys 0 00:00:13  -  Total Remote Usage
		Usr 0 00:00:00, Sys 0 00:00:00  -  Total Local Usage
	26583132  -  Run Bytes Sent By Job
	18573696  -  Run Bytes Received By Job
	26583132  -  Total Bytes Sent By Job
	18573696  -  Total Bytes Received By Job
	Partitionable Resources :    Usage  Request          
	   Cpus                 :                 1          
	   Disk (KB)            :    44124    44124          
	   Memory (MB)          :      216      216          
...
006 (452274.000.000) 06/26 11:14:55 Image size of job updated: 387004
	211  -  MemoryUsage of job (MB)
	216024  -  ResidentSetSize of job (KB)
...
006 (452274.000.000) 06/26 11:19:55 Image size of job updated: 391088
	215  -  MemoryUsage of job (MB)
	220060  -  ResidentSetSize of job (KB)
...
005 (452274.000.000) 06/26 11:24:38 Job terminated.
	(1) Normal termination (return value 0)
		Usr 0 00:16:00, Sys 0 00:00:12  -  Run Remote Usage
		Usr 0 00:00:00, Sys 0 00:00:00  -  Run Local Usage
		Usr 0 00:16:00, Sys 0 00:00:12  -  Total Remote Usage
		Usr 0 00:00:00, Sys 0 00:00:00  -  Total Local Usage
	26583342  -  Run Bytes Sent By Job
	18573676  -  Run Bytes Received By Job
	26583342  -  Total Bytes Sent By Job
	18573676  -  Total Bytes Received By Job
	Partitionable Resources :    Usage  Request          
	   Cpus                 :                 1          
	   Disk (KB)            :    44124    44124          
	   Memory (MB)          :      215      215          
...
000 (491409.000.000) 06/29 08:24:32 Job submitted from host: <18.12.1.74:48322>
...
001 (491409.000.000) 06/29 08:25:03 Job executing on host: <18.12.8.201:47008>
...
006 (491409.000.000) 06/29 08:25:12 Image size of job updated: 1
	3  -  MemoryUsage of job (MB)
	2356  -  ResidentSetSize of job (KB)
...
006 (491409.000.000) 06/29 08:30:13 Image size of job updated: 416328
	202  -  MemoryUsage of job (MB)
	206440  -  ResidentSetSize of job (KB)
...
006 (491409.000.000) 06/29 08:35:13 Image size of job updated: 422456
	246  -  MemoryUsage of job (MB)
	251456  -  ResidentSetSize of job (KB)
...
006 (491409.000.000) 06/29 08:40:13 Image size of job updated: 426540
	250  -  MemoryUsage of job (MB)
	255540  -  ResidentSetSize of job (KB)
...
005 (491409.000.000) 06/29 08:42:45 Job terminated.
	(1) Normal termination (return value 0)
		Usr 0 00:15:03, Sys 0 00:00:08  -  Run Remote Usage
		Usr 0 00:00:00, Sys 0 00:00:00  -  Run Local Usage
		Usr 0 00:15:03, Sys 0 00:00:08  -  Total Remote Usage
		Usr 0 00:00:00, Sys 0 00:00:00  -  Total Local Usage
	26587276  -  Run Bytes Sent By Job
	18573444  -  Run Bytes Received By Job
	26587276  -  Total Bytes Sent By Job
	18573444  -  Total Bytes Received By Job
	Partitionable Resources :    Usage  Request          
	   Cpus                 :                 1          
	   Disk (KB)            :    44128    44128          
	   Memory (MB)          :      250      250          
...
000 (495890.000.000) 07/03 12:36:24 Job submitted from host: <18.12.1.74:48322>
...
001 (495890.000.000) 07/03 12:36:45 Job executing on host: <18.12.6.16:48176>
...
006 (495890.000.000) 07/03 12:36:54 Image size of job updated: 551780
	322  -  MemoryUsage of job (MB)
	329604  -  ResidentSetSize of job (KB)
...
006 (495890.000.000) 07/03 12:41:55 Image size of job updated: 557816
	344  -  MemoryUsage of job (MB)
	351536  -  ResidentSetSize of job (KB)
...
006 (495890.000.000) 07/03 12:46:56 Image size of job updated: 563944
	388  -  MemoryUsage of job (MB)
	396544  -  ResidentSetSize of job (KB)
...
006 (495890.000.000) 07/03 12:51:56 Image size of job updated: 568028
	392  -  MemoryUsage of job (MB)
	400628  -  ResidentSetSize of job (KB)
...
005 (495890.000.000) 07/03 12:56:55 Job terminated.
	(1) Normal termination (return value 0)
		Usr 0 00:17:50, Sys 0 00:00:11  -  Run Remote Usage
		Usr 0 00:00:00, Sys 0 00:00:00  -  Run Local Usage
		Usr 0 00:17:50, Sys 0 00:00:11  -  Total Remote Usage
		Usr 0 00:00:00, Sys 0 00:00:00  -  Total Local Usage
	28861700  -  Run Bytes Sent By Job
	18576446  -  Run Bytes Received By Job
	28861700  -  Total Bytes Sent By Job
	18576446  -  Total Bytes Received By Job
	Partitionable Resources :    Usage  Request          
	   Cpus                 :                 1          
	   Disk (KB)            :    46352    46352          
	   Memory (MB)          :      392      392          
...
