000 (426863.000.000) 06/22 21:36:58 Job submitted from host: <18.12.1.74:48322>
...
001 (426863.000.000) 06/22 21:37:18 Job executing on host: <18.12.8.110:47300>
...
006 (426863.000.000) 06/22 21:37:26 Image size of job updated: 1
	3  -  MemoryUsage of job (MB)
	2360  -  ResidentSetSize of job (KB)
...
006 (426863.000.000) 06/22 21:42:26 Image size of job updated: 409628
	191  -  MemoryUsage of job (MB)
	195212  -  ResidentSetSize of job (KB)
...
006 (426863.000.000) 06/22 21:47:26 Image size of job updated: 409780
	191  -  MemoryUsage of job (MB)
	195212  -  ResidentSetSize of job (KB)
...
006 (426863.000.000) 06/22 21:52:27 Image size of job updated: 414812
	232  -  MemoryUsage of job (MB)
	236972  -  ResidentSetSize of job (KB)
...
005 (426863.000.000) 06/22 21:52:43 Job terminated.
	(1) Normal termination (return value 0)
		Usr 0 00:11:58, Sys 0 00:00:17  -  Run Remote Usage
		Usr 0 00:00:00, Sys 0 00:00:00  -  Run Local Usage
		Usr 0 00:11:58, Sys 0 00:00:17  -  Total Remote Usage
		Usr 0 00:00:00, Sys 0 00:00:00  -  Total Local Usage
	127970  -  Run Bytes Sent By Job
	28496  -  Run Bytes Received By Job
	127970  -  Total Bytes Sent By Job
	28496  -  Total Bytes Received By Job
	Partitionable Resources :    Usage  Request          
	   Cpus                 :                 1          
	   Disk (KB)            :      178      178          
	   Memory (MB)          :      232      232          
...
