000 (426881.000.000) 06/22 21:37:00 Job submitted from host: <18.12.1.74:48322>
...
001 (426881.000.000) 06/22 21:37:18 Job executing on host: <18.12.9.23:49198>
...
006 (426881.000.000) 06/22 21:37:27 Image size of job updated: 1
	2  -  MemoryUsage of job (MB)
	1736  -  ResidentSetSize of job (KB)
...
006 (426881.000.000) 06/22 21:42:29 Image size of job updated: 415640
	206  -  MemoryUsage of job (MB)
	209956  -  ResidentSetSize of job (KB)
...
006 (426881.000.000) 06/22 21:47:29 Image size of job updated: 415640
	206  -  MemoryUsage of job (MB)
	209960  -  ResidentSetSize of job (KB)
...
006 (426881.000.000) 06/22 21:57:31 Image size of job updated: 418160
	231  -  MemoryUsage of job (MB)
	236500  -  ResidentSetSize of job (KB)
...
005 (426881.000.000) 06/22 21:57:44 Job terminated.
	(1) Normal termination (return value 0)
		Usr 0 00:16:30, Sys 0 00:00:11  -  Run Remote Usage
		Usr 0 00:00:00, Sys 0 00:00:00  -  Run Local Usage
		Usr 0 00:16:30, Sys 0 00:00:11  -  Total Remote Usage
		Usr 0 00:00:00, Sys 0 00:00:00  -  Total Local Usage
	127831  -  Run Bytes Sent By Job
	28496  -  Run Bytes Received By Job
	127831  -  Total Bytes Sent By Job
	28496  -  Total Bytes Received By Job
	Partitionable Resources :    Usage  Request          
	   Cpus                 :                 1          
	   Disk (KB)            :      178      178          
	   Memory (MB)          :      231      231          
...
000 (451567.000.000) 06/25 13:25:32 Job submitted from host: <18.12.1.74:48322>
...
001 (451567.000.000) 06/25 13:25:45 Job executing on host: <18.12.8.230:40657>
...
006 (451567.000.000) 06/25 13:25:53 Image size of job updated: 1
	3  -  MemoryUsage of job (MB)
	2360  -  ResidentSetSize of job (KB)
...
006 (451567.000.000) 06/25 13:30:53 Image size of job updated: 382908
	167  -  MemoryUsage of job (MB)
	170788  -  ResidentSetSize of job (KB)
...
006 (451567.000.000) 06/25 13:35:54 Image size of job updated: 387224
	211  -  MemoryUsage of job (MB)
	216008  -  ResidentSetSize of job (KB)
...
006 (451567.000.000) 06/25 13:40:55 Image size of job updated: 390628
	215  -  MemoryUsage of job (MB)
	219440  -  ResidentSetSize of job (KB)
...
005 (451567.000.000) 06/25 13:45:18 Job terminated.
	(1) Normal termination (return value 0)
		Usr 0 00:16:11, Sys 0 00:00:07  -  Run Remote Usage
		Usr 0 00:00:00, Sys 0 00:00:00  -  Run Local Usage
		Usr 0 00:16:11, Sys 0 00:00:07  -  Total Remote Usage
		Usr 0 00:00:00, Sys 0 00:00:00  -  Total Local Usage
	129565  -  Run Bytes Sent By Job
	28774  -  Run Bytes Received By Job
	129565  -  Total Bytes Sent By Job
	28774  -  Total Bytes Received By Job
	Partitionable Resources :    Usage  Request          
	   Cpus                 :                 1          
	   Disk (KB)            :      180      180          
	   Memory (MB)          :      215      215          
...
000 (451615.000.000) 06/25 16:35:18 Job submitted from host: <18.12.1.74:48322>
...
001 (451615.000.000) 06/25 16:35:40 Job executing on host: <18.12.6.45:41168>
...
006 (451615.000.000) 06/25 16:35:48 Image size of job updated: 68256
	17  -  MemoryUsage of job (MB)
	16624  -  ResidentSetSize of job (KB)
...
006 (451615.000.000) 06/25 16:40:48 Image size of job updated: 383236
	173  -  MemoryUsage of job (MB)
	176984  -  ResidentSetSize of job (KB)
...
006 (451615.000.000) 06/25 16:45:48 Image size of job updated: 390956
	220  -  MemoryUsage of job (MB)
	224280  -  ResidentSetSize of job (KB)
...
006 (451615.000.000) 06/25 16:50:49 Image size of job updated: 390956
	220  -  MemoryUsage of job (MB)
	224296  -  ResidentSetSize of job (KB)
...
005 (451615.000.000) 06/25 16:52:44 Job terminated.
	(1) Normal termination (return value 0)
		Usr 0 00:14:19, Sys 0 00:00:06  -  Run Remote Usage
		Usr 0 00:00:00, Sys 0 00:00:00  -  Run Local Usage
		Usr 0 00:14:19, Sys 0 00:00:06  -  Total Remote Usage
		Usr 0 00:00:00, Sys 0 00:00:00  -  Total Local Usage
	26583254  -  Run Bytes Sent By Job
	18573894  -  Run Bytes Received By Job
	26583254  -  Total Bytes Sent By Job
	18573894  -  Total Bytes Received By Job
	Partitionable Resources :    Usage  Request          
	   Cpus                 :                 1          
	   Disk (KB)            :    44124    44124          
	   Memory (MB)          :      220      220          
...
000 (452246.000.000) 06/26 10:52:55 Job submitted from host: <18.12.1.74:48322>
...
001 (452246.000.000) 06/26 10:53:19 Job executing on host: <18.12.12.9:49125>
...
006 (452246.000.000) 06/26 10:53:28 Image size of job updated: 1
	3  -  MemoryUsage of job (MB)
	2356  -  ResidentSetSize of job (KB)
...
006 (452246.000.000) 06/26 10:58:29 Image size of job updated: 386504
	171  -  MemoryUsage of job (MB)
	174424  -  ResidentSetSize of job (KB)
...
006 (452246.000.000) 06/26 11:03:29 Image size of job updated: 390820
	213  -  MemoryUsage of job (MB)
	218008  -  ResidentSetSize of job (KB)
...
000 (452301.000.000) 06/26 11:04:18 Job submitted from host: <18.12.1.74:48322>
...
001 (452301.000.000) 06/26 11:04:47 Job executing on host: <18.12.6.96:42044>
...
006 (452301.000.000) 06/26 11:04:56 Image size of job updated: 1
	3  -  MemoryUsage of job (MB)
	2352  -  ResidentSetSize of job (KB)
...
006 (452246.000.000) 06/26 11:08:30 Image size of job updated: 394224
	214  -  MemoryUsage of job (MB)
	219056  -  ResidentSetSize of job (KB)
...
006 (452301.000.000) 06/26 11:09:57 Image size of job updated: 383328
	168  -  MemoryUsage of job (MB)
	171704  -  ResidentSetSize of job (KB)
...
006 (452301.000.000) 06/26 11:14:57 Image size of job updated: 387644
	212  -  MemoryUsage of job (MB)
	216800  -  ResidentSetSize of job (KB)
...
005 (452246.000.000) 06/26 11:17:26 Job terminated.
	(1) Normal termination (return value 0)
		Usr 0 00:17:32, Sys 0 00:00:13  -  Run Remote Usage
		Usr 0 00:00:00, Sys 0 00:00:00  -  Run Local Usage
		Usr 0 00:17:32, Sys 0 00:00:13  -  Total Remote Usage
		Usr 0 00:00:00, Sys 0 00:00:00  -  Total Local Usage
	26583148  -  Run Bytes Sent By Job
	18573696  -  Run Bytes Received By Job
	26583148  -  Total Bytes Sent By Job
	18573696  -  Total Bytes Received By Job
	Partitionable Resources :    Usage  Request          
	   Cpus                 :                 1          
	   Disk (KB)            :    44124    44124          
	   Memory (MB)          :      214      214          
...
006 (452301.000.000) 06/26 11:19:58 Image size of job updated: 391048
	216  -  MemoryUsage of job (MB)
	220204  -  ResidentSetSize of job (KB)
...
006 (452301.000.000) 06/26 11:24:59 Image size of job updated: 391048
	216  -  MemoryUsage of job (MB)
	220228  -  ResidentSetSize of job (KB)
...
005 (452301.000.000) 06/26 11:26:26 Job terminated.
	(1) Normal termination (return value 0)
		Usr 0 00:18:05, Sys 0 00:00:10  -  Run Remote Usage
		Usr 0 00:00:00, Sys 0 00:00:00  -  Run Local Usage
		Usr 0 00:18:05, Sys 0 00:00:10  -  Total Remote Usage
		Usr 0 00:00:00, Sys 0 00:00:00  -  Total Local Usage
	26583470  -  Run Bytes Sent By Job
	18573676  -  Run Bytes Received By Job
	26583470  -  Total Bytes Sent By Job
	18573676  -  Total Bytes Received By Job
	Partitionable Resources :    Usage  Request          
	   Cpus                 :                 1          
	   Disk (KB)            :    44124    44124          
	   Memory (MB)          :      216      216          
...
000 (491436.000.000) 06/29 08:24:35 Job submitted from host: <18.12.1.74:48322>
...
001 (491436.000.000) 06/29 08:25:32 Job executing on host: <18.12.8.140:45986>
...
006 (491436.000.000) 06/29 08:25:41 Image size of job updated: 412536
	181  -  MemoryUsage of job (MB)
	184324  -  ResidentSetSize of job (KB)
...
006 (491436.000.000) 06/29 08:30:42 Image size of job updated: 418776
	202  -  MemoryUsage of job (MB)
	206624  -  ResidentSetSize of job (KB)
...
006 (491436.000.000) 06/29 08:35:42 Image size of job updated: 423092
	246  -  MemoryUsage of job (MB)
	251720  -  ResidentSetSize of job (KB)
...
006 (491436.000.000) 06/29 08:40:42 Image size of job updated: 426496
	250  -  MemoryUsage of job (MB)
	255140  -  ResidentSetSize of job (KB)
...
006 (491436.000.000) 06/29 08:44:57 Image size of job updated: 450708
	250  -  MemoryUsage of job (MB)
	255140  -  ResidentSetSize of job (KB)
...
005 (491436.000.000) 06/29 08:44:57 Job terminated.
	(1) Normal termination (return value 0)
		Usr 0 00:15:22, Sys 0 00:00:12  -  Run Remote Usage
		Usr 0 00:00:00, Sys 0 00:00:00  -  Run Local Usage
		Usr 0 00:15:22, Sys 0 00:00:12  -  Total Remote Usage
		Usr 0 00:00:00, Sys 0 00:00:00  -  Total Local Usage
	26587288  -  Run Bytes Sent By Job
	18573444  -  Run Bytes Received By Job
	26587288  -  Total Bytes Sent By Job
	18573444  -  Total Bytes Received By Job
	Partitionable Resources :    Usage  Request          
	   Cpus                 :                 1          
	   Disk (KB)            :    44128    44128          
	   Memory (MB)          :      250      250          
...
000 (495917.000.000) 07/03 12:36:27 Job submitted from host: <18.12.1.74:48322>
...
001 (495917.000.000) 07/03 12:38:16 Job executing on host: <18.12.9.47:46351>
...
006 (495917.000.000) 07/03 12:38:25 Image size of job updated: 1
	3  -  MemoryUsage of job (MB)
	2356  -  ResidentSetSize of job (KB)
...
006 (495917.000.000) 07/03 12:43:26 Image size of job updated: 560280
	340  -  MemoryUsage of job (MB)
	348152  -  ResidentSetSize of job (KB)
...
006 (495917.000.000) 07/03 12:48:26 Image size of job updated: 564596
	385  -  MemoryUsage of job (MB)
	393228  -  ResidentSetSize of job (KB)
...
006 (495917.000.000) 07/03 12:53:27 Image size of job updated: 568000
	388  -  MemoryUsage of job (MB)
	396564  -  ResidentSetSize of job (KB)
...
006 (495917.000.000) 07/03 12:58:49 Image size of job updated: 599824
	388  -  MemoryUsage of job (MB)
	396564  -  ResidentSetSize of job (KB)
...
005 (495917.000.000) 07/03 12:58:51 Job terminated.
	(1) Normal termination (return value 0)
		Usr 0 00:16:01, Sys 0 00:00:26  -  Run Remote Usage
		Usr 0 00:00:00, Sys 0 00:00:00  -  Run Local Usage
		Usr 0 00:16:01, Sys 0 00:00:26  -  Total Remote Usage
		Usr 0 00:00:00, Sys 0 00:00:00  -  Total Local Usage
	40103376  -  Run Bytes Sent By Job
	18576446  -  Run Bytes Received By Job
	40103376  -  Total Bytes Sent By Job
	18576446  -  Total Bytes Received By Job
	Partitionable Resources :    Usage  Request          
	   Cpus                 :                 1          
	   Disk (KB)            :    57330    57330          
	   Memory (MB)          :      388      388          
...
