000 (426890.000.000) 06/22 21:37:00 Job submitted from host: <18.12.1.74:48322>
...
001 (426890.000.000) 06/22 21:37:18 Job executing on host: <18.12.8.234:44891>
...
006 (426890.000.000) 06/22 21:37:27 Image size of job updated: 399588
	148  -  MemoryUsage of job (MB)
	150964  -  ResidentSetSize of job (KB)
...
006 (426890.000.000) 06/22 21:42:28 Image size of job updated: 410728
	187  -  MemoryUsage of job (MB)
	190744  -  ResidentSetSize of job (KB)
...
006 (426890.000.000) 06/22 21:57:30 Image size of job updated: 416568
	220  -  MemoryUsage of job (MB)
	225256  -  ResidentSetSize of job (KB)
...
005 (426890.000.000) 06/22 21:58:10 Job terminated.
	(1) Normal termination (return value 0)
		Usr 0 00:16:54, Sys 0 00:00:21  -  Run Remote Usage
		Usr 0 00:00:00, Sys 0 00:00:00  -  Run Local Usage
		Usr 0 00:16:54, Sys 0 00:00:21  -  Total Remote Usage
		Usr 0 00:00:00, Sys 0 00:00:00  -  Total Local Usage
	127953  -  Run Bytes Sent By Job
	28496  -  Run Bytes Received By Job
	127953  -  Total Bytes Sent By Job
	28496  -  Total Bytes Received By Job
	Partitionable Resources :    Usage  Request          
	   Cpus                 :                 1          
	   Disk (KB)            :      178      178          
	   Memory (MB)          :      220      220          
...
000 (451576.000.000) 06/25 13:25:33 Job submitted from host: <18.12.1.74:48322>
...
001 (451576.000.000) 06/25 13:25:46 Job executing on host: <18.12.8.252:48395>
...
006 (451576.000.000) 06/25 13:25:54 Image size of job updated: 308824
	129  -  MemoryUsage of job (MB)
	131828  -  ResidentSetSize of job (KB)
...
006 (451576.000.000) 06/25 13:30:54 Image size of job updated: 380112
	168  -  MemoryUsage of job (MB)
	171652  -  ResidentSetSize of job (KB)
...
006 (451576.000.000) 06/25 13:35:54 Image size of job updated: 385460
	212  -  MemoryUsage of job (MB)
	216552  -  ResidentSetSize of job (KB)
...
006 (451576.000.000) 06/25 13:40:55 Image size of job updated: 386348
	213  -  MemoryUsage of job (MB)
	217516  -  ResidentSetSize of job (KB)
...
005 (451576.000.000) 06/25 13:44:03 Job terminated.
	(1) Normal termination (return value 0)
		Usr 0 00:15:25, Sys 0 00:00:07  -  Run Remote Usage
		Usr 0 00:00:00, Sys 0 00:00:00  -  Run Local Usage
		Usr 0 00:15:25, Sys 0 00:00:07  -  Total Remote Usage
		Usr 0 00:00:00, Sys 0 00:00:00  -  Total Local Usage
	129747  -  Run Bytes Sent By Job
	28774  -  Run Bytes Received By Job
	129747  -  Total Bytes Sent By Job
	28774  -  Total Bytes Received By Job
	Partitionable Resources :    Usage  Request          
	   Cpus                 :                 1          
	   Disk (KB)            :      180      180          
	   Memory (MB)          :      213      213          
...
000 (451624.000.000) 06/25 16:35:19 Job submitted from host: <18.12.1.74:48322>
...
001 (451624.000.000) 06/25 16:35:41 Job executing on host: <18.12.8.208:40292>
...
006 (451624.000.000) 06/25 16:35:49 Image size of job updated: 1
	3  -  MemoryUsage of job (MB)
	2384  -  ResidentSetSize of job (KB)
...
006 (451624.000.000) 06/25 16:40:49 Image size of job updated: 380420
	168  -  MemoryUsage of job (MB)
	171972  -  ResidentSetSize of job (KB)
...
006 (451624.000.000) 06/25 16:45:49 Image size of job updated: 385768
	212  -  MemoryUsage of job (MB)
	216884  -  ResidentSetSize of job (KB)
...
006 (451624.000.000) 06/25 16:50:50 Image size of job updated: 385768
	212  -  MemoryUsage of job (MB)
	216988  -  ResidentSetSize of job (KB)
...
006 (451624.000.000) 06/25 16:54:20 Image size of job updated: 386656
	212  -  MemoryUsage of job (MB)
	216988  -  ResidentSetSize of job (KB)
...
005 (451624.000.000) 06/25 16:54:21 Job terminated.
	(1) Normal termination (return value 0)
		Usr 0 00:16:20, Sys 0 00:00:06  -  Run Remote Usage
		Usr 0 00:00:00, Sys 0 00:00:00  -  Run Local Usage
		Usr 0 00:16:20, Sys 0 00:00:06  -  Total Remote Usage
		Usr 0 00:00:00, Sys 0 00:00:00  -  Total Local Usage
	26583236  -  Run Bytes Sent By Job
	18573894  -  Run Bytes Received By Job
	26583236  -  Total Bytes Sent By Job
	18573894  -  Total Bytes Received By Job
	Partitionable Resources :    Usage  Request          
	   Cpus                 :                 1          
	   Disk (KB)            :    44124    44124          
	   Memory (MB)          :      212      212          
...
000 (452255.000.000) 06/26 10:52:56 Job submitted from host: <18.12.1.74:48322>
...
001 (452255.000.000) 06/26 10:53:19 Job executing on host: <18.12.8.173:40000>
...
006 (452255.000.000) 06/26 10:53:28 Image size of job updated: 1
	3  -  MemoryUsage of job (MB)
	2352  -  ResidentSetSize of job (KB)
...
006 (452255.000.000) 06/26 10:58:29 Image size of job updated: 383704
	173  -  MemoryUsage of job (MB)
	177060  -  ResidentSetSize of job (KB)
...
006 (452255.000.000) 06/26 11:03:30 Image size of job updated: 383704
	173  -  MemoryUsage of job (MB)
	177064  -  ResidentSetSize of job (KB)
...
000 (452310.000.000) 06/26 11:04:19 Job submitted from host: <18.12.1.74:48322>
...
001 (452310.000.000) 06/26 11:04:46 Job executing on host: <18.12.8.149:49052>
...
006 (452310.000.000) 06/26 11:04:55 Image size of job updated: 1
	2  -  MemoryUsage of job (MB)
	1732  -  ResidentSetSize of job (KB)
...
006 (452255.000.000) 06/26 11:08:30 Image size of job updated: 389052
	217  -  MemoryUsage of job (MB)
	221956  -  ResidentSetSize of job (KB)
...
006 (452310.000.000) 06/26 11:09:56 Image size of job updated: 380576
	169  -  MemoryUsage of job (MB)
	172184  -  ResidentSetSize of job (KB)
...
006 (452255.000.000) 06/26 11:13:31 Image size of job updated: 389052
	217  -  MemoryUsage of job (MB)
	221964  -  ResidentSetSize of job (KB)
...
006 (452310.000.000) 06/26 11:14:56 Image size of job updated: 380576
	169  -  MemoryUsage of job (MB)
	172192  -  ResidentSetSize of job (KB)
...
006 (452255.000.000) 06/26 11:18:32 Image size of job updated: 389940
	218  -  MemoryUsage of job (MB)
	222928  -  ResidentSetSize of job (KB)
...
005 (452255.000.000) 06/26 11:22:53 Job terminated.
	(1) Normal termination (return value 0)
		Usr 0 00:17:08, Sys 0 00:00:06  -  Run Remote Usage
		Usr 0 00:00:00, Sys 0 00:00:00  -  Run Local Usage
		Usr 0 00:17:08, Sys 0 00:00:06  -  Total Remote Usage
		Usr 0 00:00:00, Sys 0 00:00:00  -  Total Local Usage
	26583132  -  Run Bytes Sent By Job
	18573696  -  Run Bytes Received By Job
	26583132  -  Total Bytes Sent By Job
	18573696  -  Total Bytes Received By Job
	Partitionable Resources :    Usage  Request          
	   Cpus                 :                 1          
	   Disk (KB)            :    44124    44124          
	   Memory (MB)          :      218      218          
...
006 (452310.000.000) 06/26 11:24:57 Image size of job updated: 385924
	213  -  MemoryUsage of job (MB)
	217096  -  ResidentSetSize of job (KB)
...
006 (452310.000.000) 06/26 11:39:59 Image size of job updated: 386812
	213  -  MemoryUsage of job (MB)
	217420  -  ResidentSetSize of job (KB)
...
005 (452310.000.000) 06/26 11:41:51 Job terminated.
	(1) Normal termination (return value 0)
		Usr 0 00:16:03, Sys 0 00:00:07  -  Run Remote Usage
		Usr 0 00:00:00, Sys 0 00:00:00  -  Run Local Usage
		Usr 0 00:16:03, Sys 0 00:00:07  -  Total Remote Usage
		Usr 0 00:00:00, Sys 0 00:00:00  -  Total Local Usage
	26583428  -  Run Bytes Sent By Job
	18573676  -  Run Bytes Received By Job
	26583428  -  Total Bytes Sent By Job
	18573676  -  Total Bytes Received By Job
	Partitionable Resources :    Usage  Request          
	   Cpus                 :                 1          
	   Disk (KB)            :    44124    44124          
	   Memory (MB)          :      213      213          
...
000 (491445.000.000) 06/29 08:24:36 Job submitted from host: <18.12.1.74:48322>
...
001 (491445.000.000) 06/29 08:25:07 Job executing on host: <18.12.6.81:48176>
...
006 (491445.000.000) 06/29 08:25:16 Image size of job updated: 93700
	3  -  MemoryUsage of job (MB)
	2432  -  ResidentSetSize of job (KB)
...
006 (491445.000.000) 06/29 08:30:17 Image size of job updated: 415984
	203  -  MemoryUsage of job (MB)
	207660  -  ResidentSetSize of job (KB)
...
006 (491445.000.000) 06/29 08:35:18 Image size of job updated: 421328
	247  -  MemoryUsage of job (MB)
	252568  -  ResidentSetSize of job (KB)
...
006 (491445.000.000) 06/29 08:45:18 Image size of job updated: 422220
	247  -  MemoryUsage of job (MB)
	252568  -  ResidentSetSize of job (KB)
...
005 (491445.000.000) 06/29 08:46:29 Job terminated.
	(1) Normal termination (return value 0)
		Usr 0 00:17:54, Sys 0 00:00:08  -  Run Remote Usage
		Usr 0 00:00:00, Sys 0 00:00:00  -  Run Local Usage
		Usr 0 00:17:54, Sys 0 00:00:08  -  Total Remote Usage
		Usr 0 00:00:00, Sys 0 00:00:00  -  Total Local Usage
	26587388  -  Run Bytes Sent By Job
	18573444  -  Run Bytes Received By Job
	26587388  -  Total Bytes Sent By Job
	18573444  -  Total Bytes Received By Job
	Partitionable Resources :    Usage  Request          
	   Cpus                 :                 1          
	   Disk (KB)            :    44128    44128          
	   Memory (MB)          :      247      247          
...
000 (495926.000.000) 07/03 12:36:28 Job submitted from host: <18.12.1.74:48322>
...
001 (495926.000.000) 07/03 12:38:18 Job executing on host: <18.12.8.193:47738>
...
006 (495926.000.000) 07/03 12:38:26 Image size of job updated: 1
	3  -  MemoryUsage of job (MB)
	2348  -  ResidentSetSize of job (KB)
...
006 (495926.000.000) 07/03 12:43:26 Image size of job updated: 557484
	341  -  MemoryUsage of job (MB)
	349144  -  ResidentSetSize of job (KB)
...
006 (495926.000.000) 07/03 12:48:27 Image size of job updated: 562832
	383  -  MemoryUsage of job (MB)
	391396  -  ResidentSetSize of job (KB)
...
006 (495926.000.000) 07/03 12:58:28 Image size of job updated: 563720
	383  -  MemoryUsage of job (MB)
	391396  -  ResidentSetSize of job (KB)
...
006 (495926.000.000) 07/03 12:59:33 Image size of job updated: 592856
	383  -  MemoryUsage of job (MB)
	391396  -  ResidentSetSize of job (KB)
...
005 (495926.000.000) 07/03 12:59:38 Job terminated.
	(1) Normal termination (return value 0)
		Usr 0 00:17:14, Sys 0 00:00:13  -  Run Remote Usage
		Usr 0 00:00:00, Sys 0 00:00:00  -  Run Local Usage
		Usr 0 00:17:14, Sys 0 00:00:13  -  Total Remote Usage
		Usr 0 00:00:00, Sys 0 00:00:00  -  Total Local Usage
	43719624  -  Run Bytes Sent By Job
	18576446  -  Run Bytes Received By Job
	43719624  -  Total Bytes Sent By Job
	18576446  -  Total Bytes Received By Job
	Partitionable Resources :    Usage  Request          
	   Cpus                 :                 1          
	   Disk (KB)            :    60861    60861          
	   Memory (MB)          :      383      383          
...
