000 (426859.000.000) 06/22 21:36:57 Job submitted from host: <18.12.1.74:48322>
...
001 (426859.000.000) 06/22 21:37:17 Job executing on host: <18.12.8.100:41679>
...
006 (426859.000.000) 06/22 21:37:26 Image size of job updated: 75484
	17  -  MemoryUsage of job (MB)
	17148  -  ResidentSetSize of job (KB)
...
006 (426859.000.000) 06/22 21:42:27 Image size of job updated: 411504
	197  -  MemoryUsage of job (MB)
	201608  -  ResidentSetSize of job (KB)
...
006 (426859.000.000) 06/22 21:47:28 Image size of job updated: 411504
	197  -  MemoryUsage of job (MB)
	201644  -  ResidentSetSize of job (KB)
...
006 (426859.000.000) 06/22 21:52:28 Image size of job updated: 417508
	234  -  MemoryUsage of job (MB)
	239064  -  ResidentSetSize of job (KB)
...
005 (426859.000.000) 06/22 21:52:53 Job terminated.
	(1) Normal termination (return value 0)
		Usr 0 00:12:03, Sys 0 00:00:16  -  Run Remote Usage
		Usr 0 00:00:00, Sys 0 00:00:00  -  Run Local Usage
		Usr 0 00:12:03, Sys 0 00:00:16  -  Total Remote Usage
		Usr 0 00:00:00, Sys 0 00:00:00  -  Total Local Usage
	127930  -  Run Bytes Sent By Job
	28496  -  Run Bytes Received By Job
	127930  -  Total Bytes Sent By Job
	28496  -  Total Bytes Received By Job
	Partitionable Resources :    Usage  Request          
	   Cpus                 :                 1          
	   Disk (KB)            :      178      178          
	   Memory (MB)          :      234      234          
...
