
----------------------------------------------------
Job started on Fri Jul  3 12:36:45 EDT 2015 at WN: t2bat0328.cmsaf.mit.edu 
Job is running on Linux t2bat0328.cmsaf.mit.edu 2.6.32-358.el6.x86_64 #1 SMP Fri Feb 22 20:37:17 CST 2013 x86_64 x86_64 x86_64 GNU/Linux
Filesystem            Size  Used Avail Use% Mounted on
/dev/sda3              20G  2.6G   17G  14% /
tmpfs                  32G     0   32G   0% /dev/shm
/dev/sda1              97M   32M   61M  35% /boot
/dev/sda4             416G  100G  316G  24% /export/data1
fuse_dfs              4.9P  4.4P  508T  90% /mnt/hadoop
/dev/sdb1             3.6T  3.2T  393G  90% /export/00b
/dev/sdc1             3.6T  3.3T  370G  90% /export/00c
/dev/sdd1             3.6T  3.3T  386G  90% /export/00d
/dev/sde1             3.6T  3.3T  377G  90% /export/00e
/dev/sdf1             3.6T  3.3T  380G  90% /export/00f
/dev/sdg1             3.6T  3.2T  434G  89% /export/00g
t2srv0004:/export/db  135G  187M  135G   1% /net/t2srv0004/db
cvmfs2                 98G   95G  3.4G  97% /cvmfs/cms.cern.ch
cvmfs2                 98G   95G  3.4G  97% /cvmfs/cvmfs.cmsaf.mit.edu
cvmfs2                 98G   95G  3.4G  97% /cvmfs/oasis.opensciencegrid.org
cvmfs2                 98G   95G  3.4G  97% /cvmfs/cdfcfs.fnal.gov
gcc (GCC) 4.4.7 20120313 (Red Hat 4.4.7-3)
Copyright (C) 2010 Free Software Foundation, Inc.
This is free software; see the source for copying conditions.  There is NO
warranty; not even for MERCHANTABILITY or FITNESS FOR A PARTICULAR PURPOSE.

Processing...
0/1209500
10000/1209500
20000/1209500
30000/1209500
40000/1209500
50000/1209500
60000/1209500
70000/1209500
80000/1209500
90000/1209500
100000/1209500
110000/1209500
120000/1209500
130000/1209500
140000/1209500
150000/1209500
160000/1209500
170000/1209500
180000/1209500
190000/1209500
200000/1209500
210000/1209500
220000/1209500
230000/1209500
240000/1209500
250000/1209500
260000/1209500
270000/1209500
280000/1209500
290000/1209500
300000/1209500
310000/1209500
320000/1209500
330000/1209500
340000/1209500
350000/1209500
360000/1209500
370000/1209500
380000/1209500
390000/1209500
400000/1209500
410000/1209500
420000/1209500
430000/1209500
440000/1209500
450000/1209500
460000/1209500
470000/1209500
480000/1209500
490000/1209500
500000/1209500
510000/1209500
520000/1209500
530000/1209500
540000/1209500
550000/1209500
560000/1209500
570000/1209500
580000/1209500
590000/1209500
600000/1209500
610000/1209500
620000/1209500
630000/1209500
640000/1209500
650000/1209500
660000/1209500
670000/1209500
680000/1209500
690000/1209500
700000/1209500
710000/1209500
720000/1209500
730000/1209500
740000/1209500
750000/1209500
760000/1209500
770000/1209500
780000/1209500
790000/1209500
800000/1209500
810000/1209500
820000/1209500
830000/1209500
840000/1209500
850000/1209500
860000/1209500
870000/1209500
880000/1209500
890000/1209500
900000/1209500
910000/1209500
920000/1209500
930000/1209500
940000/1209500
950000/1209500
960000/1209500
970000/1209500
980000/1209500
990000/1209500
1000000/1209500
1010000/1209500
1020000/1209500
1030000/1209500
1040000/1209500
1050000/1209500
1060000/1209500
1070000/1209500
1080000/1209500
1090000/1209500
1100000/1209500
1110000/1209500
1120000/1209500
1130000/1209500
1140000/1209500
1150000/1209500
1160000/1209500
1170000/1209500
1180000/1209500
1190000/1209500
1200000/1209500
Macro finished: 
CPU time (min)  = 14.3467
Real time (min) = 17.7165
Done!
Copied output files to hadoop rootfiles/JetRAA/June22
