000 (426853.000.000) 06/22 21:36:57 Job submitted from host: <18.12.1.74:48322>
...
001 (426853.000.000) 06/22 21:37:17 Job executing on host: <18.12.9.75:47081>
...
006 (426853.000.000) 06/22 21:37:26 Image size of job updated: 287416
	107  -  MemoryUsage of job (MB)
	108608  -  ResidentSetSize of job (KB)
...
006 (426853.000.000) 06/22 21:42:28 Image size of job updated: 418396
	203  -  MemoryUsage of job (MB)
	207024  -  ResidentSetSize of job (KB)
...
006 (426853.000.000) 06/22 21:47:28 Image size of job updated: 419608
	204  -  MemoryUsage of job (MB)
	208280  -  ResidentSetSize of job (KB)
...
006 (426853.000.000) 06/22 21:52:28 Image size of job updated: 419608
	204  -  MemoryUsage of job (MB)
	208372  -  ResidentSetSize of job (KB)
...
006 (426853.000.000) 06/22 21:55:14 Image size of job updated: 422952
	204  -  MemoryUsage of job (MB)
	208372  -  ResidentSetSize of job (KB)
...
005 (426853.000.000) 06/22 21:55:14 Job terminated.
	(1) Normal termination (return value 0)
		Usr 0 00:13:48, Sys 0 00:00:14  -  Run Remote Usage
		Usr 0 00:00:00, Sys 0 00:00:00  -  Run Local Usage
		Usr 0 00:13:48, Sys 0 00:00:14  -  Total Remote Usage
		Usr 0 00:00:00, Sys 0 00:00:00  -  Total Local Usage
	127948  -  Run Bytes Sent By Job
	28496  -  Run Bytes Received By Job
	127948  -  Total Bytes Sent By Job
	28496  -  Total Bytes Received By Job
	Partitionable Resources :    Usage  Request          
	   Cpus                 :                 1          
	   Disk (KB)            :      178      178          
	   Memory (MB)          :      204      204          
...
000 (451539.000.000) 06/25 13:25:29 Job submitted from host: <18.12.1.74:48322>
...
001 (451539.000.000) 06/25 13:25:41 Job executing on host: <18.12.9.69:44380>
...
006 (451539.000.000) 06/25 13:25:49 Image size of job updated: 181800
	66  -  MemoryUsage of job (MB)
	66640  -  ResidentSetSize of job (KB)
...
006 (451539.000.000) 06/25 13:30:49 Image size of job updated: 380448
	166  -  MemoryUsage of job (MB)
	169216  -  ResidentSetSize of job (KB)
...
006 (451539.000.000) 06/25 13:35:50 Image size of job updated: 380448
	166  -  MemoryUsage of job (MB)
	169336  -  ResidentSetSize of job (KB)
...
006 (451539.000.000) 06/25 13:40:51 Image size of job updated: 386568
	211  -  MemoryUsage of job (MB)
	215444  -  ResidentSetSize of job (KB)
...
005 (451539.000.000) 06/25 13:46:21 Job terminated.
	(1) Normal termination (return value 0)
		Usr 0 00:14:06, Sys 0 00:00:07  -  Run Remote Usage
		Usr 0 00:00:00, Sys 0 00:00:00  -  Run Local Usage
		Usr 0 00:14:06, Sys 0 00:00:07  -  Total Remote Usage
		Usr 0 00:00:00, Sys 0 00:00:00  -  Total Local Usage
	129593  -  Run Bytes Sent By Job
	28774  -  Run Bytes Received By Job
	129593  -  Total Bytes Sent By Job
	28774  -  Total Bytes Received By Job
	Partitionable Resources :    Usage  Request          
	   Cpus                 :                 1          
	   Disk (KB)            :      180      180          
	   Memory (MB)          :      211      211          
...
000 (451587.000.000) 06/25 16:35:15 Job submitted from host: <18.12.1.74:48322>
...
001 (451587.000.000) 06/25 16:36:06 Job executing on host: <18.12.8.193:47738>
...
006 (451587.000.000) 06/25 16:36:15 Image size of job updated: 148196
	33  -  MemoryUsage of job (MB)
	33788  -  ResidentSetSize of job (KB)
...
006 (451587.000.000) 06/25 16:41:16 Image size of job updated: 380784
	167  -  MemoryUsage of job (MB)
	170076  -  ResidentSetSize of job (KB)
...
006 (451587.000.000) 06/25 16:46:16 Image size of job updated: 386908
	212  -  MemoryUsage of job (MB)
	216140  -  ResidentSetSize of job (KB)
...
006 (451587.000.000) 06/25 16:51:16 Image size of job updated: 386908
	212  -  MemoryUsage of job (MB)
	216192  -  ResidentSetSize of job (KB)
...
005 (451587.000.000) 06/25 16:55:31 Job terminated.
	(1) Normal termination (return value 0)
		Usr 0 00:17:01, Sys 0 00:00:06  -  Run Remote Usage
		Usr 0 00:00:00, Sys 0 00:00:00  -  Run Local Usage
		Usr 0 00:17:01, Sys 0 00:00:06  -  Total Remote Usage
		Usr 0 00:00:00, Sys 0 00:00:00  -  Total Local Usage
	26583394  -  Run Bytes Sent By Job
	18573894  -  Run Bytes Received By Job
	26583394  -  Total Bytes Sent By Job
	18573894  -  Total Bytes Received By Job
	Partitionable Resources :    Usage  Request          
	   Cpus                 :                 1          
	   Disk (KB)            :    44124    44124          
	   Memory (MB)          :      212      212          
...
000 (452218.000.000) 06/26 10:52:52 Job submitted from host: <18.12.1.74:48322>
...
001 (452218.000.000) 06/26 10:53:21 Job executing on host: <18.12.12.17:41241>
...
006 (452218.000.000) 06/26 10:53:29 Image size of job updated: 31196
	3  -  MemoryUsage of job (MB)
	2804  -  ResidentSetSize of job (KB)
...
006 (452218.000.000) 06/26 10:58:29 Image size of job updated: 384052
	169  -  MemoryUsage of job (MB)
	172888  -  ResidentSetSize of job (KB)
...
000 (452273.000.000) 06/26 11:04:15 Job submitted from host: <18.12.1.74:48322>
...
001 (452273.000.000) 06/26 11:04:43 Job executing on host: <18.12.8.222:45621>
...
006 (452273.000.000) 06/26 11:04:52 Image size of job updated: 66156
	10  -  MemoryUsage of job (MB)
	9280  -  ResidentSetSize of job (KB)
...
006 (452218.000.000) 06/26 11:08:31 Image size of job updated: 390172
	214  -  MemoryUsage of job (MB)
	218988  -  ResidentSetSize of job (KB)
...
006 (452273.000.000) 06/26 11:09:52 Image size of job updated: 380880
	168  -  MemoryUsage of job (MB)
	171280  -  ResidentSetSize of job (KB)
...
006 (452273.000.000) 06/26 11:14:52 Image size of job updated: 380880
	168  -  MemoryUsage of job (MB)
	171328  -  ResidentSetSize of job (KB)
...
005 (452218.000.000) 06/26 11:17:39 Job terminated.
	(1) Normal termination (return value 0)
		Usr 0 00:16:58, Sys 0 00:00:09  -  Run Remote Usage
		Usr 0 00:00:00, Sys 0 00:00:00  -  Run Local Usage
		Usr 0 00:16:58, Sys 0 00:00:09  -  Total Remote Usage
		Usr 0 00:00:00, Sys 0 00:00:00  -  Total Local Usage
	26583132  -  Run Bytes Sent By Job
	18573696  -  Run Bytes Received By Job
	26583132  -  Total Bytes Sent By Job
	18573696  -  Total Bytes Received By Job
	Partitionable Resources :    Usage  Request          
	   Cpus                 :                 1          
	   Disk (KB)            :    44124    44124          
	   Memory (MB)          :      214      214          
...
006 (452273.000.000) 06/26 11:19:53 Image size of job updated: 387004
	213  -  MemoryUsage of job (MB)
	217292  -  ResidentSetSize of job (KB)
...
005 (452273.000.000) 06/26 11:25:02 Job terminated.
	(1) Normal termination (return value 0)
		Usr 0 00:16:04, Sys 0 00:00:09  -  Run Remote Usage
		Usr 0 00:00:00, Sys 0 00:00:00  -  Run Local Usage
		Usr 0 00:16:04, Sys 0 00:00:09  -  Total Remote Usage
		Usr 0 00:00:00, Sys 0 00:00:00  -  Total Local Usage
	26583264  -  Run Bytes Sent By Job
	18573676  -  Run Bytes Received By Job
	26583264  -  Total Bytes Sent By Job
	18573676  -  Total Bytes Received By Job
	Partitionable Resources :    Usage  Request          
	   Cpus                 :                 1          
	   Disk (KB)            :    44124    44124          
	   Memory (MB)          :      213      213          
...
000 (491408.000.000) 06/29 08:24:32 Job submitted from host: <18.12.1.74:48322>
...
001 (491408.000.000) 06/29 08:25:04 Job executing on host: <18.12.12.3:45987>
...
006 (491408.000.000) 06/29 08:25:12 Image size of job updated: 410312
	180  -  MemoryUsage of job (MB)
	183968  -  ResidentSetSize of job (KB)
...
006 (491408.000.000) 06/29 08:30:12 Image size of job updated: 416328
	201  -  MemoryUsage of job (MB)
	205584  -  ResidentSetSize of job (KB)
...
006 (491408.000.000) 06/29 08:35:13 Image size of job updated: 422452
	246  -  MemoryUsage of job (MB)
	251692  -  ResidentSetSize of job (KB)
...
006 (491408.000.000) 06/29 08:40:14 Image size of job updated: 422452
	246  -  MemoryUsage of job (MB)
	251728  -  ResidentSetSize of job (KB)
...
005 (491408.000.000) 06/29 08:44:53 Job terminated.
	(1) Normal termination (return value 0)
		Usr 0 00:17:06, Sys 0 00:00:10  -  Run Remote Usage
		Usr 0 00:00:00, Sys 0 00:00:00  -  Run Local Usage
		Usr 0 00:17:06, Sys 0 00:00:10  -  Total Remote Usage
		Usr 0 00:00:00, Sys 0 00:00:00  -  Total Local Usage
	26587274  -  Run Bytes Sent By Job
	18573444  -  Run Bytes Received By Job
	26587274  -  Total Bytes Sent By Job
	18573444  -  Total Bytes Received By Job
	Partitionable Resources :    Usage  Request          
	   Cpus                 :                 1          
	   Disk (KB)            :    44128    44128          
	   Memory (MB)          :      246      246          
...
000 (495889.000.000) 07/03 12:36:24 Job submitted from host: <18.12.1.74:48322>
...
001 (495889.000.000) 07/03 12:36:45 Job executing on host: <18.12.8.168:45840>
...
006 (495889.000.000) 07/03 12:36:53 Image size of job updated: 19220
	3  -  MemoryUsage of job (MB)
	2144  -  ResidentSetSize of job (KB)
...
006 (495889.000.000) 07/03 12:41:53 Image size of job updated: 557824
	328  -  MemoryUsage of job (MB)
	335056  -  ResidentSetSize of job (KB)
...
006 (495889.000.000) 07/03 12:56:55 Image size of job updated: 563944
	373  -  MemoryUsage of job (MB)
	381452  -  ResidentSetSize of job (KB)
...
005 (495889.000.000) 07/03 13:09:29 Job terminated.
	(1) Normal termination (return value 0)
		Usr 0 00:17:59, Sys 0 00:00:07  -  Run Remote Usage
		Usr 0 00:00:00, Sys 0 00:00:00  -  Run Local Usage
		Usr 0 00:17:59, Sys 0 00:00:07  -  Total Remote Usage
		Usr 0 00:00:00, Sys 0 00:00:00  -  Total Local Usage
	28861892  -  Run Bytes Sent By Job
	18576446  -  Run Bytes Received By Job
	28861892  -  Total Bytes Sent By Job
	18576446  -  Total Bytes Received By Job
	Partitionable Resources :    Usage  Request          
	   Cpus                 :                 1          
	   Disk (KB)            :    46352    46352          
	   Memory (MB)          :      373      373          
...
