000 (426877.000.000) 06/22 21:36:59 Job submitted from host: <18.12.1.74:48322>
...
001 (426877.000.000) 06/22 21:37:17 Job executing on host: <18.12.9.55:40657>
...
006 (426877.000.000) 06/22 21:37:26 Image size of job updated: 400676
	145  -  MemoryUsage of job (MB)
	147640  -  ResidentSetSize of job (KB)
...
006 (426877.000.000) 06/22 21:42:27 Image size of job updated: 409864
	183  -  MemoryUsage of job (MB)
	187184  -  ResidentSetSize of job (KB)
...
006 (426877.000.000) 06/22 21:47:27 Image size of job updated: 409864
	183  -  MemoryUsage of job (MB)
	187336  -  ResidentSetSize of job (KB)
...
006 (426877.000.000) 06/22 21:52:28 Image size of job updated: 414796
	219  -  MemoryUsage of job (MB)
	223848  -  ResidentSetSize of job (KB)
...
006 (426877.000.000) 06/22 21:55:56 Image size of job updated: 416000
	219  -  MemoryUsage of job (MB)
	223848  -  ResidentSetSize of job (KB)
...
005 (426877.000.000) 06/22 21:55:56 Job terminated.
	(1) Normal termination (return value 0)
		Usr 0 00:15:39, Sys 0 00:00:15  -  Run Remote Usage
		Usr 0 00:00:00, Sys 0 00:00:00  -  Run Local Usage
		Usr 0 00:15:39, Sys 0 00:00:15  -  Total Remote Usage
		Usr 0 00:00:00, Sys 0 00:00:00  -  Total Local Usage
	128520  -  Run Bytes Sent By Job
	28496  -  Run Bytes Received By Job
	128520  -  Total Bytes Sent By Job
	28496  -  Total Bytes Received By Job
	Partitionable Resources :    Usage  Request          
	   Cpus                 :                 1          
	   Disk (KB)            :      179      179          
	   Memory (MB)          :      219      219          
...
000 (451563.000.000) 06/25 13:25:32 Job submitted from host: <18.12.1.74:48322>
...
001 (451563.000.000) 06/25 13:25:44 Job executing on host: <18.12.9.5:49709>
...
006 (451563.000.000) 06/25 13:25:53 Image size of job updated: 375164
	146  -  MemoryUsage of job (MB)
	149268  -  ResidentSetSize of job (KB)
...
006 (451563.000.000) 06/25 13:30:53 Image size of job updated: 381096
	167  -  MemoryUsage of job (MB)
	170944  -  ResidentSetSize of job (KB)
...
006 (451563.000.000) 06/25 13:35:53 Image size of job updated: 384508
	210  -  MemoryUsage of job (MB)
	214188  -  ResidentSetSize of job (KB)
...
006 (451563.000.000) 06/25 13:40:54 Image size of job updated: 387068
	212  -  MemoryUsage of job (MB)
	216420  -  ResidentSetSize of job (KB)
...
005 (451563.000.000) 06/25 13:46:38 Job terminated.
	(1) Normal termination (return value 0)
		Usr 0 00:17:16, Sys 0 00:00:06  -  Run Remote Usage
		Usr 0 00:00:00, Sys 0 00:00:00  -  Run Local Usage
		Usr 0 00:17:16, Sys 0 00:00:06  -  Total Remote Usage
		Usr 0 00:00:00, Sys 0 00:00:00  -  Total Local Usage
	129692  -  Run Bytes Sent By Job
	28774  -  Run Bytes Received By Job
	129692  -  Total Bytes Sent By Job
	28774  -  Total Bytes Received By Job
	Partitionable Resources :    Usage  Request          
	   Cpus                 :                 1          
	   Disk (KB)            :      180      180          
	   Memory (MB)          :      212      212          
...
000 (451611.000.000) 06/25 16:35:17 Job submitted from host: <18.12.1.74:48322>
...
001 (451611.000.000) 06/25 16:35:38 Job executing on host: <18.12.8.188:44161>
...
006 (451611.000.000) 06/25 16:35:46 Image size of job updated: 69704
	14  -  MemoryUsage of job (MB)
	13908  -  ResidentSetSize of job (KB)
...
006 (451611.000.000) 06/25 16:40:46 Image size of job updated: 381416
	168  -  MemoryUsage of job (MB)
	171324  -  ResidentSetSize of job (KB)
...
006 (451611.000.000) 06/25 16:45:47 Image size of job updated: 384828
	210  -  MemoryUsage of job (MB)
	214612  -  ResidentSetSize of job (KB)
...
006 (451611.000.000) 06/25 16:50:48 Image size of job updated: 387388
	213  -  MemoryUsage of job (MB)
	217208  -  ResidentSetSize of job (KB)
...
005 (451611.000.000) 06/25 16:55:35 Job terminated.
	(1) Normal termination (return value 0)
		Usr 0 00:17:22, Sys 0 00:00:09  -  Run Remote Usage
		Usr 0 00:00:00, Sys 0 00:00:00  -  Run Local Usage
		Usr 0 00:17:22, Sys 0 00:00:09  -  Total Remote Usage
		Usr 0 00:00:00, Sys 0 00:00:00  -  Total Local Usage
	26583254  -  Run Bytes Sent By Job
	18573894  -  Run Bytes Received By Job
	26583254  -  Total Bytes Sent By Job
	18573894  -  Total Bytes Received By Job
	Partitionable Resources :    Usage  Request          
	   Cpus                 :                 1          
	   Disk (KB)            :    44124    44124          
	   Memory (MB)          :      213      213          
...
000 (452242.000.000) 06/26 10:52:54 Job submitted from host: <18.12.1.74:48322>
...
001 (452242.000.000) 06/26 10:53:21 Job executing on host: <18.12.8.208:40292>
...
006 (452242.000.000) 06/26 10:53:29 Image size of job updated: 102796
	19  -  MemoryUsage of job (MB)
	18768  -  ResidentSetSize of job (KB)
...
006 (452242.000.000) 06/26 10:58:29 Image size of job updated: 384700
	172  -  MemoryUsage of job (MB)
	175916  -  ResidentSetSize of job (KB)
...
006 (452242.000.000) 06/26 11:03:30 Image size of job updated: 388108
	215  -  MemoryUsage of job (MB)
	219196  -  ResidentSetSize of job (KB)
...
000 (452297.000.000) 06/26 11:04:18 Job submitted from host: <18.12.1.74:48322>
...
001 (452297.000.000) 06/26 11:04:46 Job executing on host: <18.12.6.86:44818>
...
006 (452297.000.000) 06/26 11:04:55 Image size of job updated: 375540
	147  -  MemoryUsage of job (MB)
	149852  -  ResidentSetSize of job (KB)
...
006 (452242.000.000) 06/26 11:08:31 Image size of job updated: 391524
	218  -  MemoryUsage of job (MB)
	222672  -  ResidentSetSize of job (KB)
...
006 (452297.000.000) 06/26 11:09:55 Image size of job updated: 381516
	168  -  MemoryUsage of job (MB)
	171480  -  ResidentSetSize of job (KB)
...
006 (452297.000.000) 06/26 11:14:55 Image size of job updated: 384928
	210  -  MemoryUsage of job (MB)
	214748  -  ResidentSetSize of job (KB)
...
005 (452242.000.000) 06/26 11:16:06 Job terminated.
	(1) Normal termination (return value 0)
		Usr 0 00:17:00, Sys 0 00:00:11  -  Run Remote Usage
		Usr 0 00:00:00, Sys 0 00:00:00  -  Run Local Usage
		Usr 0 00:17:00, Sys 0 00:00:11  -  Total Remote Usage
		Usr 0 00:00:00, Sys 0 00:00:00  -  Total Local Usage
	26583148  -  Run Bytes Sent By Job
	18573696  -  Run Bytes Received By Job
	26583148  -  Total Bytes Sent By Job
	18573696  -  Total Bytes Received By Job
	Partitionable Resources :    Usage  Request          
	   Cpus                 :                 1          
	   Disk (KB)            :    44124    44124          
	   Memory (MB)          :      218      218          
...
006 (452297.000.000) 06/26 11:19:56 Image size of job updated: 387488
	213  -  MemoryUsage of job (MB)
	217344  -  ResidentSetSize of job (KB)
...
005 (452297.000.000) 06/26 11:26:26 Job terminated.
	(1) Normal termination (return value 0)
		Usr 0 00:18:53, Sys 0 00:00:11  -  Run Remote Usage
		Usr 0 00:00:00, Sys 0 00:00:00  -  Run Local Usage
		Usr 0 00:18:53, Sys 0 00:00:11  -  Total Remote Usage
		Usr 0 00:00:00, Sys 0 00:00:00  -  Total Local Usage
	26583392  -  Run Bytes Sent By Job
	18573676  -  Run Bytes Received By Job
	26583392  -  Total Bytes Sent By Job
	18573676  -  Total Bytes Received By Job
	Partitionable Resources :    Usage  Request          
	   Cpus                 :                 1          
	   Disk (KB)            :    44124    44124          
	   Memory (MB)          :      213      213          
...
000 (491432.000.000) 06/29 08:24:34 Job submitted from host: <18.12.1.74:48322>
...
001 (491432.000.000) 06/29 08:25:09 Job executing on host: <18.12.8.230:40657>
...
006 (491432.000.000) 06/29 08:25:18 Image size of job updated: 1
	3  -  MemoryUsage of job (MB)
	2380  -  ResidentSetSize of job (KB)
...
006 (491432.000.000) 06/29 08:30:19 Image size of job updated: 416968
	203  -  MemoryUsage of job (MB)
	206884  -  ResidentSetSize of job (KB)
...
006 (491432.000.000) 06/29 08:35:19 Image size of job updated: 420380
	245  -  MemoryUsage of job (MB)
	250168  -  ResidentSetSize of job (KB)
...
006 (491432.000.000) 06/29 08:40:19 Image size of job updated: 422940
	247  -  MemoryUsage of job (MB)
	252748  -  ResidentSetSize of job (KB)
...
005 (491432.000.000) 06/29 08:44:47 Job terminated.
	(1) Normal termination (return value 0)
		Usr 0 00:16:05, Sys 0 00:00:09  -  Run Remote Usage
		Usr 0 00:00:00, Sys 0 00:00:00  -  Run Local Usage
		Usr 0 00:16:05, Sys 0 00:00:09  -  Total Remote Usage
		Usr 0 00:00:00, Sys 0 00:00:00  -  Total Local Usage
	26587292  -  Run Bytes Sent By Job
	18573444  -  Run Bytes Received By Job
	26587292  -  Total Bytes Sent By Job
	18573444  -  Total Bytes Received By Job
	Partitionable Resources :    Usage  Request          
	   Cpus                 :                 1          
	   Disk (KB)            :    44128    44128          
	   Memory (MB)          :      247      247          
...
000 (495913.000.000) 07/03 12:36:27 Job submitted from host: <18.12.1.74:48322>
...
001 (495913.000.000) 07/03 12:37:17 Job executing on host: <18.12.8.11:44088>
...
006 (495913.000.000) 07/03 12:37:26 Image size of job updated: 114864
	19  -  MemoryUsage of job (MB)
	18840  -  ResidentSetSize of job (KB)
...
006 (495913.000.000) 07/03 12:42:27 Image size of job updated: 558472
	342  -  MemoryUsage of job (MB)
	349712  -  ResidentSetSize of job (KB)
...
006 (495913.000.000) 07/03 12:47:27 Image size of job updated: 561884
	384  -  MemoryUsage of job (MB)
	392984  -  ResidentSetSize of job (KB)
...
006 (495913.000.000) 07/03 12:52:28 Image size of job updated: 565296
	388  -  MemoryUsage of job (MB)
	396408  -  ResidentSetSize of job (KB)
...
005 (495913.000.000) 07/03 12:56:43 Job terminated.
	(1) Normal termination (return value 0)
		Usr 0 00:16:38, Sys 0 00:00:06  -  Run Remote Usage
		Usr 0 00:00:00, Sys 0 00:00:00  -  Run Local Usage
		Usr 0 00:16:38, Sys 0 00:00:06  -  Total Remote Usage
		Usr 0 00:00:00, Sys 0 00:00:00  -  Total Local Usage
	37530912  -  Run Bytes Sent By Job
	18576446  -  Run Bytes Received By Job
	37530912  -  Total Bytes Sent By Job
	18576446  -  Total Bytes Received By Job
	Partitionable Resources :    Usage  Request          
	   Cpus                 :                 1          
	   Disk (KB)            :    54818    54818          
	   Memory (MB)          :      388      388          
...
