000 (426882.000.000) 06/22 21:37:00 Job submitted from host: <18.12.1.74:48322>
...
001 (426882.000.000) 06/22 21:37:19 Job executing on host: <18.12.8.39:43139>
...
006 (426882.000.000) 06/22 21:37:27 Image size of job updated: 1
	3  -  MemoryUsage of job (MB)
	2356  -  ResidentSetSize of job (KB)
...
006 (426882.000.000) 06/22 21:42:27 Image size of job updated: 410712
	196  -  MemoryUsage of job (MB)
	200564  -  ResidentSetSize of job (KB)
...
006 (426882.000.000) 06/22 21:47:27 Image size of job updated: 411416
	197  -  MemoryUsage of job (MB)
	201304  -  ResidentSetSize of job (KB)
...
006 (426882.000.000) 06/22 21:52:29 Image size of job updated: 411416
	197  -  MemoryUsage of job (MB)
	201408  -  ResidentSetSize of job (KB)
...
006 (426882.000.000) 06/22 21:57:29 Image size of job updated: 411416
	197  -  MemoryUsage of job (MB)
	201496  -  ResidentSetSize of job (KB)
...
006 (426882.000.000) 06/22 22:02:29 Image size of job updated: 417136
	220  -  MemoryUsage of job (MB)
	225148  -  ResidentSetSize of job (KB)
...
006 (426882.000.000) 06/22 22:07:30 Image size of job updated: 417336
	221  -  MemoryUsage of job (MB)
	225344  -  ResidentSetSize of job (KB)
...
006 (426882.000.000) 06/22 22:07:37 Image size of job updated: 418516
	221  -  MemoryUsage of job (MB)
	225344  -  ResidentSetSize of job (KB)
...
005 (426882.000.000) 06/22 22:07:37 Job terminated.
	(1) Normal termination (return value 0)
		Usr 0 00:26:54, Sys 0 00:00:27  -  Run Remote Usage
		Usr 0 00:00:00, Sys 0 00:00:00  -  Run Local Usage
		Usr 0 00:26:54, Sys 0 00:00:27  -  Total Remote Usage
		Usr 0 00:00:00, Sys 0 00:00:00  -  Total Local Usage
	127986  -  Run Bytes Sent By Job
	28496  -  Run Bytes Received By Job
	127986  -  Total Bytes Sent By Job
	28496  -  Total Bytes Received By Job
	Partitionable Resources :    Usage  Request          
	   Cpus                 :                 1          
	   Disk (KB)            :      178      178          
	   Memory (MB)          :      221      221          
...
000 (451568.000.000) 06/25 13:25:32 Job submitted from host: <18.12.1.74:48322>
...
001 (451568.000.000) 06/25 13:25:48 Job executing on host: <18.12.8.204:49125>
...
006 (451568.000.000) 06/25 13:25:57 Image size of job updated: 146188
	31  -  MemoryUsage of job (MB)
	31464  -  ResidentSetSize of job (KB)
...
006 (451568.000.000) 06/25 13:30:58 Image size of job updated: 382344
	160  -  MemoryUsage of job (MB)
	163472  -  ResidentSetSize of job (KB)
...
006 (451568.000.000) 06/25 13:35:58 Image size of job updated: 386664
	203  -  MemoryUsage of job (MB)
	207600  -  ResidentSetSize of job (KB)
...
006 (451568.000.000) 06/25 13:40:58 Image size of job updated: 387528
	206  -  MemoryUsage of job (MB)
	210332  -  ResidentSetSize of job (KB)
...
006 (451568.000.000) 06/25 13:45:59 Image size of job updated: 387528
	209  -  MemoryUsage of job (MB)
	213584  -  ResidentSetSize of job (KB)
...
005 (451568.000.000) 06/25 13:46:30 Job terminated.
	(1) Normal termination (return value 0)
		Usr 0 00:15:19, Sys 0 00:00:08  -  Run Remote Usage
		Usr 0 00:00:00, Sys 0 00:00:00  -  Run Local Usage
		Usr 0 00:15:19, Sys 0 00:00:08  -  Total Remote Usage
		Usr 0 00:00:00, Sys 0 00:00:00  -  Total Local Usage
	129779  -  Run Bytes Sent By Job
	28774  -  Run Bytes Received By Job
	129779  -  Total Bytes Sent By Job
	28774  -  Total Bytes Received By Job
	Partitionable Resources :    Usage  Request          
	   Cpus                 :                 1          
	   Disk (KB)            :      180      180          
	   Memory (MB)          :      209      209          
...
000 (451616.000.000) 06/25 16:35:18 Job submitted from host: <18.12.1.74:48322>
...
001 (451616.000.000) 06/25 16:35:37 Job executing on host: <18.12.8.204:49125>
...
006 (451616.000.000) 06/25 16:35:46 Image size of job updated: 1
	3  -  MemoryUsage of job (MB)
	2364  -  ResidentSetSize of job (KB)
...
006 (451616.000.000) 06/25 16:40:47 Image size of job updated: 382692
	168  -  MemoryUsage of job (MB)
	171480  -  ResidentSetSize of job (KB)
...
006 (451616.000.000) 06/25 16:45:47 Image size of job updated: 387012
	211  -  MemoryUsage of job (MB)
	215624  -  ResidentSetSize of job (KB)
...
006 (451616.000.000) 06/25 16:50:47 Image size of job updated: 388740
	213  -  MemoryUsage of job (MB)
	217352  -  ResidentSetSize of job (KB)
...
005 (451616.000.000) 06/25 16:55:12 Job terminated.
	(1) Normal termination (return value 0)
		Usr 0 00:16:23, Sys 0 00:00:07  -  Run Remote Usage
		Usr 0 00:00:00, Sys 0 00:00:00  -  Run Local Usage
		Usr 0 00:16:23, Sys 0 00:00:07  -  Total Remote Usage
		Usr 0 00:00:00, Sys 0 00:00:00  -  Total Local Usage
	26583270  -  Run Bytes Sent By Job
	18573894  -  Run Bytes Received By Job
	26583270  -  Total Bytes Sent By Job
	18573894  -  Total Bytes Received By Job
	Partitionable Resources :    Usage  Request          
	   Cpus                 :                 1          
	   Disk (KB)            :    44124    44124          
	   Memory (MB)          :      213      213          
...
000 (452247.000.000) 06/26 10:52:55 Job submitted from host: <18.12.1.74:48322>
...
001 (452247.000.000) 06/26 10:53:19 Job executing on host: <18.12.8.228:42847>
...
006 (452247.000.000) 06/26 10:53:28 Image size of job updated: 31196
	3  -  MemoryUsage of job (MB)
	2808  -  ResidentSetSize of job (KB)
...
006 (452247.000.000) 06/26 10:58:29 Image size of job updated: 385964
	173  -  MemoryUsage of job (MB)
	176244  -  ResidentSetSize of job (KB)
...
006 (452247.000.000) 06/26 11:03:29 Image size of job updated: 390284
	216  -  MemoryUsage of job (MB)
	220352  -  ResidentSetSize of job (KB)
...
000 (452302.000.000) 06/26 11:04:18 Job submitted from host: <18.12.1.74:48322>
...
001 (452302.000.000) 06/26 11:04:48 Job executing on host: <18.12.12.68:45986>
...
006 (452302.000.000) 06/26 11:04:57 Image size of job updated: 1
	3  -  MemoryUsage of job (MB)
	2352  -  ResidentSetSize of job (KB)
...
006 (452247.000.000) 06/26 11:08:29 Image size of job updated: 391148
	216  -  MemoryUsage of job (MB)
	221064  -  ResidentSetSize of job (KB)
...
006 (452302.000.000) 06/26 11:09:57 Image size of job updated: 382792
	168  -  MemoryUsage of job (MB)
	171728  -  ResidentSetSize of job (KB)
...
006 (452302.000.000) 06/26 11:14:57 Image size of job updated: 387112
	211  -  MemoryUsage of job (MB)
	215868  -  ResidentSetSize of job (KB)
...
005 (452247.000.000) 06/26 11:15:50 Job terminated.
	(1) Normal termination (return value 0)
		Usr 0 00:16:23, Sys 0 00:00:11  -  Run Remote Usage
		Usr 0 00:00:00, Sys 0 00:00:00  -  Run Local Usage
		Usr 0 00:16:23, Sys 0 00:00:11  -  Total Remote Usage
		Usr 0 00:00:00, Sys 0 00:00:00  -  Total Local Usage
	26583164  -  Run Bytes Sent By Job
	18573696  -  Run Bytes Received By Job
	26583164  -  Total Bytes Sent By Job
	18573696  -  Total Bytes Received By Job
	Partitionable Resources :    Usage  Request          
	   Cpus                 :                 1          
	   Disk (KB)            :    44124    44124          
	   Memory (MB)          :      216      216          
...
006 (452302.000.000) 06/26 11:19:58 Image size of job updated: 387976
	212  -  MemoryUsage of job (MB)
	216732  -  ResidentSetSize of job (KB)
...
006 (452302.000.000) 06/26 11:24:59 Image size of job updated: 387976
	212  -  MemoryUsage of job (MB)
	216736  -  ResidentSetSize of job (KB)
...
005 (452302.000.000) 06/26 11:30:07 Job terminated.
	(1) Normal termination (return value 0)
		Usr 0 00:18:59, Sys 0 00:00:12  -  Run Remote Usage
		Usr 0 00:00:00, Sys 0 00:00:00  -  Run Local Usage
		Usr 0 00:18:59, Sys 0 00:00:12  -  Total Remote Usage
		Usr 0 00:00:00, Sys 0 00:00:00  -  Total Local Usage
	26583302  -  Run Bytes Sent By Job
	18573676  -  Run Bytes Received By Job
	26583302  -  Total Bytes Sent By Job
	18573676  -  Total Bytes Received By Job
	Partitionable Resources :    Usage  Request          
	   Cpus                 :                 1          
	   Disk (KB)            :    44124    44124          
	   Memory (MB)          :      212      212          
...
000 (491437.000.000) 06/29 08:24:35 Job submitted from host: <18.12.1.74:48322>
...
001 (491437.000.000) 06/29 08:25:07 Job executing on host: <18.12.8.104:49709>
...
006 (491437.000.000) 06/29 08:25:15 Image size of job updated: 1
	3  -  MemoryUsage of job (MB)
	2344  -  ResidentSetSize of job (KB)
...
006 (491437.000.000) 06/29 08:30:15 Image size of job updated: 418236
	203  -  MemoryUsage of job (MB)
	207232  -  ResidentSetSize of job (KB)
...
006 (491437.000.000) 06/29 08:35:16 Image size of job updated: 423420
	247  -  MemoryUsage of job (MB)
	252172  -  ResidentSetSize of job (KB)
...
005 (491437.000.000) 06/29 08:39:37 Job terminated.
	(1) Normal termination (return value 0)
		Usr 0 00:11:15, Sys 0 00:00:15  -  Run Remote Usage
		Usr 0 00:00:00, Sys 0 00:00:00  -  Run Local Usage
		Usr 0 00:11:15, Sys 0 00:00:15  -  Total Remote Usage
		Usr 0 00:00:00, Sys 0 00:00:00  -  Total Local Usage
	26587306  -  Run Bytes Sent By Job
	18573444  -  Run Bytes Received By Job
	26587306  -  Total Bytes Sent By Job
	18573444  -  Total Bytes Received By Job
	Partitionable Resources :    Usage  Request          
	   Cpus                 :                 1          
	   Disk (KB)            :    44128    44128          
	   Memory (MB)          :      247      247          
...
000 (495918.000.000) 07/03 12:36:27 Job submitted from host: <18.12.1.74:48322>
...
001 (495918.000.000) 07/03 12:38:17 Job executing on host: <18.12.9.48:49271>
...
006 (495918.000.000) 07/03 12:38:25 Image size of job updated: 1
	3  -  MemoryUsage of job (MB)
	2356  -  ResidentSetSize of job (KB)
...
006 (495918.000.000) 07/03 12:43:25 Image size of job updated: 559736
	342  -  MemoryUsage of job (MB)
	349484  -  ResidentSetSize of job (KB)
...
006 (495918.000.000) 07/03 12:48:26 Image size of job updated: 564056
	385  -  MemoryUsage of job (MB)
	393612  -  ResidentSetSize of job (KB)
...
006 (495918.000.000) 07/03 12:53:27 Image size of job updated: 564920
	386  -  MemoryUsage of job (MB)
	394472  -  ResidentSetSize of job (KB)
...
006 (495918.000.000) 07/03 12:58:54 Image size of job updated: 595108
	386  -  MemoryUsage of job (MB)
	394472  -  ResidentSetSize of job (KB)
...
005 (495918.000.000) 07/03 12:58:55 Job terminated.
	(1) Normal termination (return value 0)
		Usr 0 00:15:46, Sys 0 00:00:23  -  Run Remote Usage
		Usr 0 00:00:00, Sys 0 00:00:00  -  Run Local Usage
		Usr 0 00:15:46, Sys 0 00:00:23  -  Total Remote Usage
		Usr 0 00:00:00, Sys 0 00:00:00  -  Total Local Usage
	40092272  -  Run Bytes Sent By Job
	18576446  -  Run Bytes Received By Job
	40092272  -  Total Bytes Sent By Job
	18576446  -  Total Bytes Received By Job
	Partitionable Resources :    Usage  Request          
	   Cpus                 :                 1          
	   Disk (KB)            :    57319    57319          
	   Memory (MB)          :      386      386          
...
