000 (426891.000.000) 06/22 21:37:00 Job submitted from host: <18.12.1.74:48322>
...
001 (426891.000.000) 06/22 21:37:24 Job executing on host: <18.12.8.207:49125>
...
006 (426891.000.000) 06/22 21:37:33 Image size of job updated: 1
	3  -  MemoryUsage of job (MB)
	2376  -  ResidentSetSize of job (KB)
...
006 (426891.000.000) 06/22 21:42:34 Image size of job updated: 411072
	199  -  MemoryUsage of job (MB)
	203736  -  ResidentSetSize of job (KB)
...
006 (426891.000.000) 06/22 22:02:36 Image size of job updated: 416504
	228  -  MemoryUsage of job (MB)
	232792  -  ResidentSetSize of job (KB)
...
005 (426891.000.000) 06/22 22:03:38 Job terminated.
	(1) Normal termination (return value 0)
		Usr 0 00:15:54, Sys 0 00:00:11  -  Run Remote Usage
		Usr 0 00:00:00, Sys 0 00:00:00  -  Run Local Usage
		Usr 0 00:15:54, Sys 0 00:00:11  -  Total Remote Usage
		Usr 0 00:00:00, Sys 0 00:00:00  -  Total Local Usage
	128174  -  Run Bytes Sent By Job
	28496  -  Run Bytes Received By Job
	128174  -  Total Bytes Sent By Job
	28496  -  Total Bytes Received By Job
	Partitionable Resources :    Usage  Request          
	   Cpus                 :                 1          
	   Disk (KB)            :      179      179          
	   Memory (MB)          :      228      228          
...
