000 (426864.000.000) 06/22 21:36:58 Job submitted from host: <18.12.1.74:48322>
...
001 (426864.000.000) 06/22 21:37:18 Job executing on host: <18.12.8.102:45475>
...
006 (426864.000.000) 06/22 21:37:26 Image size of job updated: 1
	3  -  MemoryUsage of job (MB)
	2356  -  ResidentSetSize of job (KB)
...
006 (426864.000.000) 06/22 21:42:26 Image size of job updated: 408976
	199  -  MemoryUsage of job (MB)
	203272  -  ResidentSetSize of job (KB)
...
006 (426864.000.000) 06/22 21:47:27 Image size of job updated: 408976
	199  -  MemoryUsage of job (MB)
	203276  -  ResidentSetSize of job (KB)
...
006 (426864.000.000) 06/22 21:52:28 Image size of job updated: 414564
	236  -  MemoryUsage of job (MB)
	241200  -  ResidentSetSize of job (KB)
...
005 (426864.000.000) 06/22 21:52:53 Job terminated.
	(1) Normal termination (return value 0)
		Usr 0 00:11:47, Sys 0 00:00:16  -  Run Remote Usage
		Usr 0 00:00:00, Sys 0 00:00:00  -  Run Local Usage
		Usr 0 00:11:47, Sys 0 00:00:16  -  Total Remote Usage
		Usr 0 00:00:00, Sys 0 00:00:00  -  Total Local Usage
	127969  -  Run Bytes Sent By Job
	28496  -  Run Bytes Received By Job
	127969  -  Total Bytes Sent By Job
	28496  -  Total Bytes Received By Job
	Partitionable Resources :    Usage  Request          
	   Cpus                 :                 1          
	   Disk (KB)            :      178      178          
	   Memory (MB)          :      236      236          
...
