
----------------------------------------------------
Job started on Fri Jul  3 12:37:16 EDT 2015 at WN: hibat0081.cmsaf.mit.edu 
Job is running on Linux hibat0081.cmsaf.mit.edu 2.6.32-358.el6.x86_64 #1 SMP Fri Feb 22 20:37:17 CST 2013 x86_64 x86_64 x86_64 GNU/Linux
Filesystem            Size  Used Avail Use% Mounted on
/dev/sda3              20G  3.3G   16G  18% /
tmpfs                  24G     0   24G   0% /dev/shm
/dev/sda1              97M   32M   61M  35% /boot
/dev/sda4             873G   94G  780G  11% /export/data1
/dev/sdb1             2.7T  2.7T   48G  99% /export/00b
/dev/sdc1             2.7T  2.7T   54G  99% /export/00c
/dev/sdd1             2.7T  2.7T   60G  98% /export/00d
/dev/sde1             2.7T  2.7T   60G  98% /export/00e
/dev/sdf1             2.7T  2.7T   47G  99% /export/00f
/dev/sdg1             3.6T  3.1T  550G  86% /export/00g
/dev/sdh1             3.6T  3.1T  553G  85% /export/00h
fuse_dfs              4.9P  4.4P  508T  90% /mnt/hadoop
cvmfs2                 98G   92G  6.2G  94% /cvmfs/cms.cern.ch
t2srv0004:/export/db  135G  187M  135G   1% /net/t2srv0004/db
cvmfs2                 98G   92G  6.2G  94% /cvmfs/oasis.opensciencegrid.org
cvmfs2                 98G   92G  6.2G  94% /cvmfs/cdfcfs.fnal.gov
cvmfs2                 98G   92G  6.2G  94% /cvmfs/cvmfs.cmsaf.mit.edu
gcc (GCC) 4.4.7 20120313 (Red Hat 4.4.7-3)
Copyright (C) 2010 Free Software Foundation, Inc.
This is free software; see the source for copying conditions.  There is NO
warranty; not even for MERCHANTABILITY or FITNESS FOR A PARTICULAR PURPOSE.

Processing...
0/1248125
10000/1248125
20000/1248125
30000/1248125
40000/1248125
50000/1248125
60000/1248125
70000/1248125
80000/1248125
90000/1248125
100000/1248125
110000/1248125
120000/1248125
130000/1248125
140000/1248125
150000/1248125
160000/1248125
170000/1248125
180000/1248125
190000/1248125
200000/1248125
210000/1248125
220000/1248125
230000/1248125
240000/1248125
250000/1248125
260000/1248125
270000/1248125
280000/1248125
290000/1248125
300000/1248125
310000/1248125
320000/1248125
330000/1248125
340000/1248125
350000/1248125
360000/1248125
370000/1248125
380000/1248125
390000/1248125
400000/1248125
410000/1248125
420000/1248125
430000/1248125
440000/1248125
450000/1248125
460000/1248125
470000/1248125
480000/1248125
490000/1248125
500000/1248125
510000/1248125
520000/1248125
530000/1248125
540000/1248125
550000/1248125
560000/1248125
570000/1248125
580000/1248125
590000/1248125
600000/1248125
610000/1248125
620000/1248125
630000/1248125
640000/1248125
650000/1248125
660000/1248125
670000/1248125
680000/1248125
690000/1248125
700000/1248125
710000/1248125
720000/1248125
730000/1248125
740000/1248125
750000/1248125
760000/1248125
770000/1248125
780000/1248125
790000/1248125
800000/1248125
810000/1248125
820000/1248125
830000/1248125
840000/1248125
850000/1248125
860000/1248125
870000/1248125
880000/1248125
890000/1248125
900000/1248125
910000/1248125
920000/1248125
930000/1248125
940000/1248125
950000/1248125
960000/1248125
970000/1248125
980000/1248125
990000/1248125
1000000/1248125
1010000/1248125
1020000/1248125
1030000/1248125
1040000/1248125
1050000/1248125
1060000/1248125
1070000/1248125
1080000/1248125
1090000/1248125
1100000/1248125
1110000/1248125
1120000/1248125
1130000/1248125
1140000/1248125
1150000/1248125
1160000/1248125
1170000/1248125
1180000/1248125
1190000/1248125
1200000/1248125
1210000/1248125
1220000/1248125
1230000/1248125
1240000/1248125
Macro finished: 
CPU time (min)  = 19.5618
Real time (min) = 22.9406
Done!
Copied output files to hadoop rootfiles/JetRAA/June22
