
----------------------------------------------------
Job started on Fri Jul  3 12:38:18 EDT 2015 at WN: t2bat0193.cmsaf.mit.edu 
Job is running on Linux t2bat0193.cmsaf.mit.edu 2.6.32-358.el6.x86_64 #1 SMP Fri Feb 22 20:37:17 CST 2013 x86_64 x86_64 x86_64 GNU/Linux
Filesystem            Size  Used Avail Use% Mounted on
/dev/sda3              20G  3.0G   16G  16% /
tmpfs                  12G     0   12G   0% /dev/shm
/dev/sda1              97M   32M   61M  35% /boot
/dev/sda4             874G   63G  812G   8% /export/data1
/dev/sdb1             1.8T  1.6T  198G  90% /export/00b
/dev/sdc1             1.8T  1.6T  201G  90% /export/00c
/dev/sdd1             1.8T  1.7T  193G  90% /export/00d
/dev/sde1             1.8T  1.6T  221G  88% /export/00e
/dev/sdf1             1.8T  1.6T  213G  89% /export/00f
fuse_dfs              4.9P  4.4P  508T  90% /mnt/hadoop
cvmfs2                 98G   59G   39G  61% /cvmfs/cms.cern.ch
t2srv0004:/export/db  135G  187M  135G   1% /net/t2srv0004/db
cvmfs2                 98G   59G   39G  61% /cvmfs/cvmfs.cmsaf.mit.edu
cvmfs2                 98G   59G   39G  61% /cvmfs/oasis.opensciencegrid.org
cvmfs2                 98G   59G   39G  61% /cvmfs/cdfcfs.fnal.gov
gcc (GCC) 4.4.7 20120313 (Red Hat 4.4.7-3)
Copyright (C) 2010 Free Software Foundation, Inc.
This is free software; see the source for copying conditions.  There is NO
warranty; not even for MERCHANTABILITY or FITNESS FOR A PARTICULAR PURPOSE.

Processing...
0/1221194
10000/1221194
20000/1221194
30000/1221194
40000/1221194
50000/1221194
60000/1221194
70000/1221194
80000/1221194
90000/1221194
100000/1221194
110000/1221194
120000/1221194
130000/1221194
140000/1221194
150000/1221194
160000/1221194
170000/1221194
180000/1221194
190000/1221194
200000/1221194
210000/1221194
220000/1221194
230000/1221194
240000/1221194
250000/1221194
260000/1221194
270000/1221194
280000/1221194
290000/1221194
300000/1221194
310000/1221194
320000/1221194
330000/1221194
340000/1221194
350000/1221194
360000/1221194
370000/1221194
380000/1221194
390000/1221194
400000/1221194
410000/1221194
420000/1221194
430000/1221194
440000/1221194
450000/1221194
460000/1221194
470000/1221194
480000/1221194
490000/1221194
500000/1221194
510000/1221194
520000/1221194
530000/1221194
540000/1221194
550000/1221194
560000/1221194
570000/1221194
580000/1221194
590000/1221194
600000/1221194
610000/1221194
620000/1221194
630000/1221194
640000/1221194
650000/1221194
660000/1221194
670000/1221194
680000/1221194
690000/1221194
700000/1221194
710000/1221194
720000/1221194
730000/1221194
740000/1221194
750000/1221194
760000/1221194
770000/1221194
780000/1221194
790000/1221194
800000/1221194
810000/1221194
820000/1221194
830000/1221194
840000/1221194
850000/1221194
860000/1221194
870000/1221194
880000/1221194
890000/1221194
900000/1221194
910000/1221194
920000/1221194
930000/1221194
940000/1221194
950000/1221194
960000/1221194
970000/1221194
980000/1221194
990000/1221194
1000000/1221194
1010000/1221194
1020000/1221194
1030000/1221194
1040000/1221194
1050000/1221194
1060000/1221194
1070000/1221194
1080000/1221194
1090000/1221194
1100000/1221194
1110000/1221194
1120000/1221194
1130000/1221194
1140000/1221194
1150000/1221194
1160000/1221194
1170000/1221194
1180000/1221194
1190000/1221194
1200000/1221194
1210000/1221194
1220000/1221194
Macro finished: 
CPU time (min)  = 17.5017
Real time (min) = 21.2187
Done!
Copied output files to hadoop rootfiles/JetRAA/June22
