000 (426855.000.000) 06/22 21:36:57 Job submitted from host: <18.12.1.74:48322>
...
001 (426855.000.000) 06/22 21:37:17 Job executing on host: <18.12.9.79:45767>
...
006 (426855.000.000) 06/22 21:37:25 Image size of job updated: 404768
	129  -  MemoryUsage of job (MB)
	131256  -  ResidentSetSize of job (KB)
...
006 (426855.000.000) 06/22 21:42:25 Image size of job updated: 414684
	196  -  MemoryUsage of job (MB)
	200696  -  ResidentSetSize of job (KB)
...
006 (426855.000.000) 06/22 21:47:26 Image size of job updated: 420636
	196  -  MemoryUsage of job (MB)
	200696  -  ResidentSetSize of job (KB)
...
006 (426855.000.000) 06/22 21:52:26 Image size of job updated: 421568
	216  -  MemoryUsage of job (MB)
	221104  -  ResidentSetSize of job (KB)
...
005 (426855.000.000) 06/22 21:55:43 Job terminated.
	(1) Normal termination (return value 0)
		Usr 0 00:15:00, Sys 0 00:00:14  -  Run Remote Usage
		Usr 0 00:00:00, Sys 0 00:00:00  -  Run Local Usage
		Usr 0 00:15:00, Sys 0 00:00:14  -  Total Remote Usage
		Usr 0 00:00:00, Sys 0 00:00:00  -  Total Local Usage
	128246  -  Run Bytes Sent By Job
	28496  -  Run Bytes Received By Job
	128246  -  Total Bytes Sent By Job
	28496  -  Total Bytes Received By Job
	Partitionable Resources :    Usage  Request          
	   Cpus                 :                 1          
	   Disk (KB)            :      178      178          
	   Memory (MB)          :      216      216          
...
000 (451541.000.000) 06/25 13:25:29 Job submitted from host: <18.12.1.74:48322>
...
001 (451541.000.000) 06/25 13:25:41 Job executing on host: <18.12.9.61:47593>
...
006 (451541.000.000) 06/25 13:25:49 Image size of job updated: 169720
	50  -  MemoryUsage of job (MB)
	50292  -  ResidentSetSize of job (KB)
...
006 (451541.000.000) 06/25 13:30:49 Image size of job updated: 377600
	164  -  MemoryUsage of job (MB)
	167084  -  ResidentSetSize of job (KB)
...
006 (451541.000.000) 06/25 13:35:50 Image size of job updated: 387644
	212  -  MemoryUsage of job (MB)
	216248  -  ResidentSetSize of job (KB)
...
006 (451541.000.000) 06/25 13:40:51 Image size of job updated: 388564
	213  -  MemoryUsage of job (MB)
	217288  -  ResidentSetSize of job (KB)
...
005 (451541.000.000) 06/25 13:42:44 Job terminated.
	(1) Normal termination (return value 0)
		Usr 0 00:13:48, Sys 0 00:00:10  -  Run Remote Usage
		Usr 0 00:00:00, Sys 0 00:00:00  -  Run Local Usage
		Usr 0 00:13:48, Sys 0 00:00:10  -  Total Remote Usage
		Usr 0 00:00:00, Sys 0 00:00:00  -  Total Local Usage
	129689  -  Run Bytes Sent By Job
	28774  -  Run Bytes Received By Job
	129689  -  Total Bytes Sent By Job
	28774  -  Total Bytes Received By Job
	Partitionable Resources :    Usage  Request          
	   Cpus                 :                 1          
	   Disk (KB)            :      180      180          
	   Memory (MB)          :      213      213          
...
000 (451589.000.000) 06/25 16:35:15 Job submitted from host: <18.12.1.74:48322>
...
001 (451589.000.000) 06/25 16:35:33 Job executing on host: <18.12.8.241:49709>
...
006 (451589.000.000) 06/25 16:35:41 Image size of job updated: 1
	3  -  MemoryUsage of job (MB)
	2356  -  ResidentSetSize of job (KB)
...
006 (451589.000.000) 06/25 16:40:41 Image size of job updated: 377996
	164  -  MemoryUsage of job (MB)
	167720  -  ResidentSetSize of job (KB)
...
006 (451589.000.000) 06/25 16:45:41 Image size of job updated: 388004
	212  -  MemoryUsage of job (MB)
	216832  -  ResidentSetSize of job (KB)
...
006 (451589.000.000) 06/25 16:50:42 Image size of job updated: 388924
	213  -  MemoryUsage of job (MB)
	217868  -  ResidentSetSize of job (KB)
...
005 (451589.000.000) 06/25 16:53:52 Job terminated.
	(1) Normal termination (return value 0)
		Usr 0 00:16:08, Sys 0 00:00:07  -  Run Remote Usage
		Usr 0 00:00:00, Sys 0 00:00:00  -  Run Local Usage
		Usr 0 00:16:08, Sys 0 00:00:07  -  Total Remote Usage
		Usr 0 00:00:00, Sys 0 00:00:00  -  Total Local Usage
	26583604  -  Run Bytes Sent By Job
	18573894  -  Run Bytes Received By Job
	26583604  -  Total Bytes Sent By Job
	18573894  -  Total Bytes Received By Job
	Partitionable Resources :    Usage  Request          
	   Cpus                 :                 1          
	   Disk (KB)            :    44125    44125          
	   Memory (MB)          :      213      213          
...
000 (452220.000.000) 06/26 10:52:52 Job submitted from host: <18.12.1.74:48322>
...
001 (452220.000.000) 06/26 10:53:16 Job executing on host: <18.12.8.207:49125>
...
006 (452220.000.000) 06/26 10:53:24 Image size of job updated: 17148
	2  -  MemoryUsage of job (MB)
	1488  -  ResidentSetSize of job (KB)
...
006 (452220.000.000) 06/26 10:58:24 Image size of job updated: 381272
	170  -  MemoryUsage of job (MB)
	173156  -  ResidentSetSize of job (KB)
...
006 (452220.000.000) 06/26 11:03:25 Image size of job updated: 391268
	218  -  MemoryUsage of job (MB)
	222268  -  ResidentSetSize of job (KB)
...
000 (452275.000.000) 06/26 11:04:15 Job submitted from host: <18.12.1.74:48322>
...
001 (452275.000.000) 06/26 11:04:48 Job executing on host: <18.12.8.214:44088>
...
006 (452275.000.000) 06/26 11:04:57 Image size of job updated: 277304
	113  -  MemoryUsage of job (MB)
	114796  -  ResidentSetSize of job (KB)
...
006 (452220.000.000) 06/26 11:08:25 Image size of job updated: 392188
	218  -  MemoryUsage of job (MB)
	222268  -  ResidentSetSize of job (KB)
...
006 (452275.000.000) 06/26 11:09:57 Image size of job updated: 378092
	163  -  MemoryUsage of job (MB)
	166636  -  ResidentSetSize of job (KB)
...
005 (452220.000.000) 06/26 11:14:45 Job terminated.
	(1) Normal termination (return value 0)
		Usr 0 00:17:08, Sys 0 00:00:14  -  Run Remote Usage
		Usr 0 00:00:00, Sys 0 00:00:00  -  Run Local Usage
		Usr 0 00:17:08, Sys 0 00:00:14  -  Total Remote Usage
		Usr 0 00:00:00, Sys 0 00:00:00  -  Total Local Usage
	26583148  -  Run Bytes Sent By Job
	18573696  -  Run Bytes Received By Job
	26583148  -  Total Bytes Sent By Job
	18573696  -  Total Bytes Received By Job
	Partitionable Resources :    Usage  Request          
	   Cpus                 :                 1          
	   Disk (KB)            :    44124    44124          
	   Memory (MB)          :      218      218          
...
006 (452275.000.000) 06/26 11:14:57 Image size of job updated: 388100
	208  -  MemoryUsage of job (MB)
	212908  -  ResidentSetSize of job (KB)
...
006 (452275.000.000) 06/26 11:19:58 Image size of job updated: 389020
	208  -  MemoryUsage of job (MB)
	212908  -  ResidentSetSize of job (KB)
...
005 (452275.000.000) 06/26 11:25:05 Job terminated.
	(1) Normal termination (return value 0)
		Usr 0 00:16:26, Sys 0 00:00:10  -  Run Remote Usage
		Usr 0 00:00:00, Sys 0 00:00:00  -  Run Local Usage
		Usr 0 00:16:26, Sys 0 00:00:10  -  Total Remote Usage
		Usr 0 00:00:00, Sys 0 00:00:00  -  Total Local Usage
	26583568  -  Run Bytes Sent By Job
	18573676  -  Run Bytes Received By Job
	26583568  -  Total Bytes Sent By Job
	18573676  -  Total Bytes Received By Job
	Partitionable Resources :    Usage  Request          
	   Cpus                 :                 1          
	   Disk (KB)            :    44698    44698          
	   Memory (MB)          :      208      208          
...
000 (491410.000.000) 06/29 08:24:32 Job submitted from host: <18.12.1.74:48322>
...
001 (491410.000.000) 06/29 08:25:03 Job executing on host: <18.12.8.210:48030>
...
006 (491410.000.000) 06/29 08:25:12 Image size of job updated: 69180
	14  -  MemoryUsage of job (MB)
	13332  -  ResidentSetSize of job (KB)
...
006 (491410.000.000) 06/29 08:30:13 Image size of job updated: 413540
	198  -  MemoryUsage of job (MB)
	202092  -  ResidentSetSize of job (KB)
...
006 (491410.000.000) 06/29 08:35:14 Image size of job updated: 423548
	246  -  MemoryUsage of job (MB)
	251196  -  ResidentSetSize of job (KB)
...
006 (491410.000.000) 06/29 08:40:14 Image size of job updated: 424468
	247  -  MemoryUsage of job (MB)
	252224  -  ResidentSetSize of job (KB)
...
005 (491410.000.000) 06/29 08:44:02 Job terminated.
	(1) Normal termination (return value 0)
		Usr 0 00:15:54, Sys 0 00:00:08  -  Run Remote Usage
		Usr 0 00:00:00, Sys 0 00:00:00  -  Run Local Usage
		Usr 0 00:15:54, Sys 0 00:00:08  -  Total Remote Usage
		Usr 0 00:00:00, Sys 0 00:00:00  -  Total Local Usage
	26587290  -  Run Bytes Sent By Job
	18573444  -  Run Bytes Received By Job
	26587290  -  Total Bytes Sent By Job
	18573444  -  Total Bytes Received By Job
	Partitionable Resources :    Usage  Request          
	   Cpus                 :                 1          
	   Disk (KB)            :    44128    44128          
	   Memory (MB)          :      247      247          
...
000 (495891.000.000) 07/03 12:36:24 Job submitted from host: <18.12.1.74:48322>
...
001 (495891.000.000) 07/03 12:36:44 Job executing on host: <18.12.12.11:40949>
...
006 (495891.000.000) 07/03 12:36:53 Image size of job updated: 553816
	319  -  MemoryUsage of job (MB)
	326108  -  ResidentSetSize of job (KB)
...
006 (495891.000.000) 07/03 12:41:54 Image size of job updated: 555052
	336  -  MemoryUsage of job (MB)
	343492  -  ResidentSetSize of job (KB)
...
006 (495891.000.000) 07/03 12:46:55 Image size of job updated: 565044
	380  -  MemoryUsage of job (MB)
	388832  -  ResidentSetSize of job (KB)
...
006 (495891.000.000) 07/03 12:51:55 Image size of job updated: 565964
	380  -  MemoryUsage of job (MB)
	388832  -  ResidentSetSize of job (KB)
...
005 (495891.000.000) 07/03 12:57:15 Job terminated.
	(1) Normal termination (return value 0)
		Usr 0 00:17:01, Sys 0 00:00:13  -  Run Remote Usage
		Usr 0 00:00:00, Sys 0 00:00:00  -  Run Local Usage
		Usr 0 00:17:01, Sys 0 00:00:13  -  Total Remote Usage
		Usr 0 00:00:00, Sys 0 00:00:00  -  Total Local Usage
	29703532  -  Run Bytes Sent By Job
	18576446  -  Run Bytes Received By Job
	29703532  -  Total Bytes Sent By Job
	18576446  -  Total Bytes Received By Job
	Partitionable Resources :    Usage  Request          
	   Cpus                 :                 1          
	   Disk (KB)            :    47174    47174          
	   Memory (MB)          :      380      380          
...
