000 (426849.000.000) 06/22 21:36:56 Job submitted from host: <18.12.1.74:48322>
...
001 (426849.000.000) 06/22 21:37:17 Job executing on host: <18.12.8.190:43358>
...
006 (426849.000.000) 06/22 21:37:25 Image size of job updated: 1
	3  -  MemoryUsage of job (MB)
	2356  -  ResidentSetSize of job (KB)
...
006 (426849.000.000) 06/22 21:42:25 Image size of job updated: 378580
	184  -  MemoryUsage of job (MB)
	187504  -  ResidentSetSize of job (KB)
...
006 (426849.000.000) 06/22 21:47:25 Image size of job updated: 381520
	187  -  MemoryUsage of job (MB)
	190580  -  ResidentSetSize of job (KB)
...
006 (426849.000.000) 06/22 21:52:26 Image size of job updated: 381664
	187  -  MemoryUsage of job (MB)
	190864  -  ResidentSetSize of job (KB)
...
005 (426849.000.000) 06/22 21:55:36 Job terminated.
	(1) Normal termination (return value 0)
		Usr 0 00:16:05, Sys 0 00:00:09  -  Run Remote Usage
		Usr 0 00:00:00, Sys 0 00:00:00  -  Run Local Usage
		Usr 0 00:16:05, Sys 0 00:00:09  -  Total Remote Usage
		Usr 0 00:00:00, Sys 0 00:00:00  -  Total Local Usage
	127998  -  Run Bytes Sent By Job
	28496  -  Run Bytes Received By Job
	127998  -  Total Bytes Sent By Job
	28496  -  Total Bytes Received By Job
	Partitionable Resources :    Usage  Request          
	   Cpus                 :                 1          
	   Disk (KB)            :      178      178          
	   Memory (MB)          :      187      187          
...
