
----------------------------------------------------
Job started on Mon Jun 22 21:37:24 EDT 2015 at WN: t2bat0138.cmsaf.mit.edu 
Job is running on Linux t2bat0138.cmsaf.mit.edu 2.6.32-358.el6.x86_64 #1 SMP Fri Feb 22 20:37:17 CST 2013 x86_64 x86_64 x86_64 GNU/Linux
Filesystem            Size  Used Avail Use% Mounted on
/dev/sda3              20G  3.0G   16G  16% /
tmpfs                 7.8G     0  7.8G   0% /dev/shm
/dev/sda1              97M   33M   60M  36% /boot
/dev/sda4             415G   81G  335G  20% /export/data1
/dev/sdb1             1.8T  1.6T  195G  90% /export/00b
/dev/sdc1             1.8T  1.6T  204G  89% /export/00c
/dev/sdd1             1.8T  1.6T  199G  90% /export/00d
/dev/sde1             1.8T  1.6T  198G  90% /export/00e
/dev/sdf1             1.8T  1.6T  214G  89% /export/00f
fuse_dfs              4.9P  4.4P  522T  90% /mnt/hadoop
t2srv0004:/export/db  135G  187M  135G   1% /net/t2srv0004/db
cvmfs2                 98G   79G   20G  81% /cvmfs/cms.cern.ch
cvmfs2                 98G   79G   20G  81% /cvmfs/mu2e.opensciencegrid.org
cvmfs2                 98G   79G   20G  81% /cvmfs/oasis.opensciencegrid.org
cvmfs2                 98G   79G   20G  81% /cvmfs/cdfcfs.fnal.gov
cvmfs2                 98G   79G   20G  81% /cvmfs/cvmfs.cmsaf.mit.edu
gcc (GCC) 4.4.7 20120313 (Red Hat 4.4.7-3)
Copyright (C) 2010 Free Software Foundation, Inc.
This is free software; see the source for copying conditions.  There is NO
warranty; not even for MERCHANTABILITY or FITNESS FOR A PARTICULAR PURPOSE.

Processing...
0/1227375
10000/1227375
20000/1227375
30000/1227375
40000/1227375
50000/1227375
60000/1227375
70000/1227375
80000/1227375
90000/1227375
100000/1227375
110000/1227375
120000/1227375
130000/1227375
140000/1227375
150000/1227375
160000/1227375
170000/1227375
180000/1227375
190000/1227375
200000/1227375
210000/1227375
220000/1227375
230000/1227375
240000/1227375
250000/1227375
260000/1227375
270000/1227375
280000/1227375
290000/1227375
300000/1227375
310000/1227375
320000/1227375
330000/1227375
340000/1227375
350000/1227375
360000/1227375
370000/1227375
380000/1227375
390000/1227375
400000/1227375
410000/1227375
420000/1227375
430000/1227375
440000/1227375
450000/1227375
460000/1227375
470000/1227375
480000/1227375
490000/1227375
500000/1227375
510000/1227375
520000/1227375
530000/1227375
540000/1227375
550000/1227375
560000/1227375
570000/1227375
580000/1227375
590000/1227375
600000/1227375
610000/1227375
620000/1227375
630000/1227375
640000/1227375
650000/1227375
660000/1227375
670000/1227375
680000/1227375
690000/1227375
700000/1227375
710000/1227375
720000/1227375
730000/1227375
740000/1227375
750000/1227375
760000/1227375
770000/1227375
780000/1227375
790000/1227375
800000/1227375
810000/1227375
820000/1227375
830000/1227375
840000/1227375
850000/1227375
860000/1227375
870000/1227375
880000/1227375
890000/1227375
900000/1227375
910000/1227375
920000/1227375
930000/1227375
940000/1227375
950000/1227375
960000/1227375
970000/1227375
980000/1227375
990000/1227375
1000000/1227375
1010000/1227375
1020000/1227375
1030000/1227375
1040000/1227375
1050000/1227375
1060000/1227375
1070000/1227375
1080000/1227375
1090000/1227375
1100000/1227375
1110000/1227375
1120000/1227375
1130000/1227375
1140000/1227375
1150000/1227375
1160000/1227375
1170000/1227375
1180000/1227375
1190000/1227375
1200000/1227375
1210000/1227375
1220000/1227375
Macro finished: 
CPU time (min)  = 11.738
Real time (min) = 15.6079
Done!
Copied output files to hadoop rootfiles/JetRAA/June22
