
----------------------------------------------------
Job started on Mon Jun 22 21:37:19 EDT 2015 at WN: t2bat0039.cmsaf.mit.edu 
Job is running on Linux t2bat0039.cmsaf.mit.edu 2.6.32-358.el6.x86_64 #1 SMP Fri Feb 22 20:37:17 CST 2013 x86_64 x86_64 x86_64 GNU/Linux
Filesystem            Size  Used Avail Use% Mounted on
/dev/sda3              20G  3.0G   16G  16% /
tmpfs                 7.8G     0  7.8G   0% /dev/shm
/dev/sda1              97M   33M   60M  36% /boot
/dev/sda4             415G   65G  350G  16% /export/data1
/dev/sdb1             1.8T  1.6T  200G  90% /export/00b
/dev/sdc1             1.8T  1.6T  201G  90% /export/00c
/dev/sdd1             1.8T  1.6T  204G  89% /export/00d
/dev/sde1             1.8T  1.7T  194G  90% /export/00e
/dev/sdf1             1.8T  1.7T  192G  90% /export/00f
fuse_dfs              4.9P  4.4P  522T  90% /mnt/hadoop
t2srv0004:/export/db  135G  187M  135G   1% /net/t2srv0004/db
cvmfs2                 98G   64G   35G  66% /cvmfs/cms.cern.ch
cvmfs2                 98G   64G   35G  66% /cvmfs/oasis.opensciencegrid.org
cvmfs2                 98G   64G   35G  66% /cvmfs/cdfcfs.fnal.gov
cvmfs2                 98G   64G   35G  66% /cvmfs/cvmfs.cmsaf.mit.edu
gcc (GCC) 4.4.7 20120313 (Red Hat 4.4.7-3)
Copyright (C) 2010 Free Software Foundation, Inc.
This is free software; see the source for copying conditions.  There is NO
warranty; not even for MERCHANTABILITY or FITNESS FOR A PARTICULAR PURPOSE.

Processing...
0/1240222
10000/1240222
20000/1240222
30000/1240222
40000/1240222
50000/1240222
60000/1240222
70000/1240222
80000/1240222
90000/1240222
100000/1240222
110000/1240222
120000/1240222
130000/1240222
140000/1240222
150000/1240222
160000/1240222
170000/1240222
180000/1240222
190000/1240222
200000/1240222
210000/1240222
220000/1240222
230000/1240222
240000/1240222
250000/1240222
260000/1240222
270000/1240222
280000/1240222
290000/1240222
300000/1240222
310000/1240222
320000/1240222
330000/1240222
340000/1240222
350000/1240222
360000/1240222
370000/1240222
380000/1240222
390000/1240222
400000/1240222
410000/1240222
420000/1240222
430000/1240222
440000/1240222
450000/1240222
460000/1240222
470000/1240222
480000/1240222
490000/1240222
500000/1240222
510000/1240222
520000/1240222
530000/1240222
540000/1240222
550000/1240222
560000/1240222
570000/1240222
580000/1240222
590000/1240222
600000/1240222
610000/1240222
620000/1240222
630000/1240222
640000/1240222
650000/1240222
660000/1240222
670000/1240222
680000/1240222
690000/1240222
700000/1240222
710000/1240222
720000/1240222
730000/1240222
740000/1240222
750000/1240222
760000/1240222
770000/1240222
780000/1240222
790000/1240222
800000/1240222
810000/1240222
820000/1240222
830000/1240222
840000/1240222
850000/1240222
860000/1240222
870000/1240222
880000/1240222
890000/1240222
900000/1240222
910000/1240222
920000/1240222
930000/1240222
940000/1240222
950000/1240222
960000/1240222
970000/1240222
980000/1240222
990000/1240222
1000000/1240222
1010000/1240222
1020000/1240222
1030000/1240222
1040000/1240222
1050000/1240222
1060000/1240222
1070000/1240222
1080000/1240222
1090000/1240222
1100000/1240222
1110000/1240222
1120000/1240222
1130000/1240222
1140000/1240222
1150000/1240222
1160000/1240222
1170000/1240222
1180000/1240222
1190000/1240222
1200000/1240222
1210000/1240222
1220000/1240222
1230000/1240222
1240000/1240222
Macro finished: 
CPU time (min)  = 27.3592
Real time (min) = 30.1183
Done!
Copied output files to hadoop rootfiles/JetRAA/June22
