
----------------------------------------------------
Job started on Mon Jun 22 21:37:18 EDT 2015 at WN: hibat0016.cmsaf.mit.edu 
Job is running on Linux hibat0016.cmsaf.mit.edu 2.6.32-358.el6.x86_64 #1 SMP Fri Feb 22 20:37:17 CST 2013 x86_64 x86_64 x86_64 GNU/Linux
Filesystem            Size  Used Avail Use% Mounted on
/dev/sda3              20G  3.7G   16G  20% /
tmpfs                  24G     0   24G   0% /dev/shm
/dev/sda1              97M   32M   61M  35% /boot
/dev/sda4             1.8T   91G  1.7T   6% /export/data1
/dev/sdb1             1.8T  1.6T  212G  89% /export/00b
/dev/sdc1             1.8T  1.6T  222G  88% /export/00c
/dev/sdd1             1.8T  1.6T  220G  89% /export/00d
/dev/sde1             1.8T  1.6T  198G  90% /export/00e
/dev/sdf1             1.8T  1.6T  215G  89% /export/00f
fuse_dfs              4.9P  4.4P  522T  90% /mnt/hadoop
cvmfs2                 98G   88G   11G  90% /cvmfs/cms.cern.ch
t2srv0004:/export/db  135G  187M  135G   1% /net/t2srv0004/db
gcc (GCC) 4.4.7 20120313 (Red Hat 4.4.7-3)
Copyright (C) 2010 Free Software Foundation, Inc.
This is free software; see the source for copying conditions.  There is NO
warranty; not even for MERCHANTABILITY or FITNESS FOR A PARTICULAR PURPOSE.

Processing...
0/1235216
10000/1235216
20000/1235216
30000/1235216
40000/1235216
50000/1235216
60000/1235216
70000/1235216
80000/1235216
90000/1235216
100000/1235216
110000/1235216
120000/1235216
130000/1235216
140000/1235216
150000/1235216
160000/1235216
170000/1235216
180000/1235216
190000/1235216
200000/1235216
210000/1235216
220000/1235216
230000/1235216
240000/1235216
250000/1235216
260000/1235216
270000/1235216
280000/1235216
290000/1235216
300000/1235216
310000/1235216
320000/1235216
330000/1235216
340000/1235216
350000/1235216
360000/1235216
370000/1235216
380000/1235216
390000/1235216
400000/1235216
410000/1235216
420000/1235216
430000/1235216
440000/1235216
450000/1235216
460000/1235216
470000/1235216
480000/1235216
490000/1235216
500000/1235216
510000/1235216
520000/1235216
530000/1235216
540000/1235216
550000/1235216
560000/1235216
570000/1235216
580000/1235216
590000/1235216
600000/1235216
610000/1235216
620000/1235216
630000/1235216
640000/1235216
650000/1235216
660000/1235216
670000/1235216
680000/1235216
690000/1235216
700000/1235216
710000/1235216
720000/1235216
730000/1235216
740000/1235216
750000/1235216
760000/1235216
770000/1235216
780000/1235216
790000/1235216
800000/1235216
810000/1235216
820000/1235216
830000/1235216
840000/1235216
850000/1235216
860000/1235216
870000/1235216
880000/1235216
890000/1235216
900000/1235216
910000/1235216
920000/1235216
930000/1235216
940000/1235216
950000/1235216
960000/1235216
970000/1235216
980000/1235216
990000/1235216
1000000/1235216
1010000/1235216
1020000/1235216
1030000/1235216
1040000/1235216
1050000/1235216
1060000/1235216
1070000/1235216
1080000/1235216
1090000/1235216
1100000/1235216
1110000/1235216
1120000/1235216
1130000/1235216
1140000/1235216
1150000/1235216
1160000/1235216
1170000/1235216
1180000/1235216
1190000/1235216
1200000/1235216
1210000/1235216
1220000/1235216
1230000/1235216
Macro finished: 
CPU time (min)  = 16.9345
Real time (min) = 19.8189
Done!
Copied output files to hadoop rootfiles/JetRAA/June22
