
----------------------------------------------------
Job started on Mon Jun 22 21:37:19 EDT 2015 at WN: t2bat0323.cmsaf.mit.edu 
Job is running on Linux t2bat0323.cmsaf.mit.edu 2.6.32-358.el6.x86_64 #1 SMP Fri Feb 22 20:37:17 CST 2013 x86_64 x86_64 x86_64 GNU/Linux
Filesystem            Size  Used Avail Use% Mounted on
/dev/sda3              20G   13G  6.5G  66% /
tmpfs                  32G     0   32G   0% /dev/shm
/dev/sda1              97M   32M   61M  35% /boot
/dev/sda4             416G   93G  323G  23% /export/data1
fuse_dfs              4.9P  4.4P  522T  90% /mnt/hadoop
/dev/sdb1             3.6T  3.2T  477G  88% /export/00b
/dev/sdc1             3.6T  3.2T  473G  88% /export/00c
/dev/sdd1             3.6T  3.2T  443G  88% /export/00d
/dev/sde1             3.6T  3.2T  471G  88% /export/00e
/dev/sdf1             3.6T  3.2T  466G  88% /export/00f
/dev/sdg1             3.6T  3.2T  461G  88% /export/00g
cvmfs2                 98G   90G  8.6G  92% /cvmfs/cms.cern.ch
t2srv0004:/export/db  135G  187M  135G   1% /net/t2srv0004/db
cvmfs2                 98G   90G  8.6G  92% /cvmfs/oasis.opensciencegrid.org
cvmfs2                 98G   90G  8.6G  92% /cvmfs/cdfcfs.fnal.gov
cvmfs2                 98G   90G  8.6G  92% /cvmfs/cvmfs.cmsaf.mit.edu
cvmfs2                 98G   90G  8.6G  92% /cvmfs/mu2e.opensciencegrid.org
gcc (GCC) 4.4.7 20120313 (Red Hat 4.4.7-3)
Copyright (C) 2010 Free Software Foundation, Inc.
This is free software; see the source for copying conditions.  There is NO
warranty; not even for MERCHANTABILITY or FITNESS FOR A PARTICULAR PURPOSE.

Processing...
0/1242875
10000/1242875
20000/1242875
30000/1242875
40000/1242875
50000/1242875
60000/1242875
70000/1242875
80000/1242875
90000/1242875
100000/1242875
110000/1242875
120000/1242875
130000/1242875
140000/1242875
150000/1242875
160000/1242875
170000/1242875
180000/1242875
190000/1242875
200000/1242875
210000/1242875
220000/1242875
230000/1242875
240000/1242875
250000/1242875
260000/1242875
270000/1242875
280000/1242875
290000/1242875
300000/1242875
310000/1242875
320000/1242875
330000/1242875
340000/1242875
350000/1242875
360000/1242875
370000/1242875
380000/1242875
390000/1242875
400000/1242875
410000/1242875
420000/1242875
430000/1242875
440000/1242875
450000/1242875
460000/1242875
470000/1242875
480000/1242875
490000/1242875
500000/1242875
510000/1242875
520000/1242875
530000/1242875
540000/1242875
550000/1242875
560000/1242875
570000/1242875
580000/1242875
590000/1242875
600000/1242875
610000/1242875
620000/1242875
630000/1242875
640000/1242875
650000/1242875
660000/1242875
670000/1242875
680000/1242875
690000/1242875
700000/1242875
710000/1242875
720000/1242875
730000/1242875
740000/1242875
750000/1242875
760000/1242875
770000/1242875
780000/1242875
790000/1242875
800000/1242875
810000/1242875
820000/1242875
830000/1242875
840000/1242875
850000/1242875
860000/1242875
870000/1242875
880000/1242875
890000/1242875
900000/1242875
910000/1242875
920000/1242875
930000/1242875
940000/1242875
950000/1242875
960000/1242875
970000/1242875
980000/1242875
990000/1242875
1000000/1242875
1010000/1242875
1020000/1242875
1030000/1242875
1040000/1242875
1050000/1242875
1060000/1242875
1070000/1242875
1080000/1242875
1090000/1242875
1100000/1242875
1110000/1242875
1120000/1242875
1130000/1242875
1140000/1242875
1150000/1242875
1160000/1242875
1170000/1242875
1180000/1242875
1190000/1242875
1200000/1242875
1210000/1242875
1220000/1242875
1230000/1242875
1240000/1242875
Macro finished: 
CPU time (min)  = 14.3135
Real time (min) = 18.5046
Done!
Copied output files to hadoop rootfiles/JetRAA/June22
