
----------------------------------------------------
Job started on Mon Jun 22 21:37:23 EDT 2015 at WN: t2bat0104.cmsaf.mit.edu 
Job is running on Linux t2bat0104.cmsaf.mit.edu 2.6.32-358.el6.x86_64 #1 SMP Fri Feb 22 20:37:17 CST 2013 x86_64 x86_64 x86_64 GNU/Linux
Filesystem            Size  Used Avail Use% Mounted on
/dev/sda3              20G  3.0G   16G  16% /
tmpfs                 7.8G     0  7.8G   0% /dev/shm
/dev/sda1              97M   33M   60M  36% /boot
/dev/sda4             415G   76G  340G  19% /export/data1
fuse_dfs              4.9P  4.4P  522T  90% /mnt/hadoop
/dev/sdb1             1.8T  1.6T  206G  89% /export/00b
/dev/sdc1             1.8T  1.7T  193G  90% /export/00c
/dev/sdd1             1.8T  1.6T  199G  90% /export/00d
/dev/sde1             1.8T  1.6T  199G  90% /export/00e
/dev/sdf1             1.8T  1.6T  196G  90% /export/00f
cvmfs2                 98G   75G   24G  76% /cvmfs/cms.cern.ch
t2srv0004:/export/db  135G  187M  135G   1% /net/t2srv0004/db
cvmfs2                 98G   75G   24G  76% /cvmfs/oasis.opensciencegrid.org
cvmfs2                 98G   75G   24G  76% /cvmfs/cdfcfs.fnal.gov
cvmfs2                 98G   75G   24G  76% /cvmfs/cvmfs.cmsaf.mit.edu
cvmfs2                 98G   75G   24G  76% /cvmfs/grid.cern.ch
cvmfs2                 98G   75G   24G  76% /cvmfs/fermilab.opensciencegrid.org
cvmfs2                 98G   75G   24G  76% /cvmfs/mu2e.opensciencegrid.org
gcc (GCC) 4.4.7 20120313 (Red Hat 4.4.7-3)
Copyright (C) 2010 Free Software Foundation, Inc.
This is free software; see the source for copying conditions.  There is NO
warranty; not even for MERCHANTABILITY or FITNESS FOR A PARTICULAR PURPOSE.

Processing...
0/1242385
10000/1242385
20000/1242385
30000/1242385
40000/1242385
50000/1242385
60000/1242385
70000/1242385
80000/1242385
90000/1242385
100000/1242385
110000/1242385
120000/1242385
130000/1242385
140000/1242385
150000/1242385
160000/1242385
170000/1242385
180000/1242385
190000/1242385
200000/1242385
210000/1242385
220000/1242385
230000/1242385
240000/1242385
250000/1242385
260000/1242385
270000/1242385
280000/1242385
290000/1242385
300000/1242385
310000/1242385
320000/1242385
330000/1242385
340000/1242385
350000/1242385
360000/1242385
370000/1242385
380000/1242385
390000/1242385
400000/1242385
410000/1242385
420000/1242385
430000/1242385
440000/1242385
450000/1242385
460000/1242385
470000/1242385
480000/1242385
490000/1242385
500000/1242385
510000/1242385
520000/1242385
530000/1242385
540000/1242385
550000/1242385
560000/1242385
570000/1242385
580000/1242385
590000/1242385
600000/1242385
610000/1242385
620000/1242385
630000/1242385
640000/1242385
650000/1242385
660000/1242385
670000/1242385
680000/1242385
690000/1242385
700000/1242385
710000/1242385
720000/1242385
730000/1242385
740000/1242385
750000/1242385
760000/1242385
770000/1242385
780000/1242385
790000/1242385
800000/1242385
810000/1242385
820000/1242385
830000/1242385
840000/1242385
850000/1242385
860000/1242385
870000/1242385
880000/1242385
890000/1242385
900000/1242385
910000/1242385
920000/1242385
930000/1242385
940000/1242385
950000/1242385
960000/1242385
970000/1242385
980000/1242385
990000/1242385
1000000/1242385
1010000/1242385
1020000/1242385
1030000/1242385
1040000/1242385
1050000/1242385
1060000/1242385
1070000/1242385
1080000/1242385
1090000/1242385
1100000/1242385
1110000/1242385
1120000/1242385
1130000/1242385
1140000/1242385
1150000/1242385
1160000/1242385
1170000/1242385
1180000/1242385
1190000/1242385
1200000/1242385
1210000/1242385
1220000/1242385
1230000/1242385
1240000/1242385
Macro finished: 
CPU time (min)  = 12.3612
Real time (min) = 21.9476
Done!
Copied output files to hadoop rootfiles/JetRAA/June22
