000 (426865.000.000) 06/22 21:36:58 Job submitted from host: <18.12.1.74:48322>
...
001 (426865.000.000) 06/22 21:37:18 Job executing on host: <18.12.8.120:40146>
...
006 (426865.000.000) 06/22 21:37:26 Image size of job updated: 1
	3  -  MemoryUsage of job (MB)
	2356  -  ResidentSetSize of job (KB)
...
006 (426865.000.000) 06/22 21:42:26 Image size of job updated: 409476
	197  -  MemoryUsage of job (MB)
	200720  -  ResidentSetSize of job (KB)
...
006 (426865.000.000) 06/22 21:47:27 Image size of job updated: 409476
	197  -  MemoryUsage of job (MB)
	200724  -  ResidentSetSize of job (KB)
...
006 (426865.000.000) 06/22 21:52:18 Image size of job updated: 415040
	197  -  MemoryUsage of job (MB)
	200724  -  ResidentSetSize of job (KB)
...
005 (426865.000.000) 06/22 21:52:18 Job terminated.
	(1) Normal termination (return value 0)
		Usr 0 00:11:44, Sys 0 00:00:16  -  Run Remote Usage
		Usr 0 00:00:00, Sys 0 00:00:00  -  Run Local Usage
		Usr 0 00:11:44, Sys 0 00:00:16  -  Total Remote Usage
		Usr 0 00:00:00, Sys 0 00:00:00  -  Total Local Usage
	127755  -  Run Bytes Sent By Job
	28496  -  Run Bytes Received By Job
	127755  -  Total Bytes Sent By Job
	28496  -  Total Bytes Received By Job
	Partitionable Resources :    Usage  Request          
	   Cpus                 :                 1          
	   Disk (KB)            :      178      178          
	   Memory (MB)          :      197      197          
...
000 (451551.000.000) 06/25 13:25:31 Job submitted from host: <18.12.1.74:48322>
...
001 (451551.000.000) 06/25 13:25:43 Job executing on host: <18.12.9.4:40438>
...
006 (451551.000.000) 06/25 13:25:51 Image size of job updated: 181800
	66  -  MemoryUsage of job (MB)
	66648  -  ResidentSetSize of job (KB)
...
006 (451551.000.000) 06/25 13:30:51 Image size of job updated: 379132
	166  -  MemoryUsage of job (MB)
	169984  -  ResidentSetSize of job (KB)
...
006 (451551.000.000) 06/25 13:35:52 Image size of job updated: 382620
	209  -  MemoryUsage of job (MB)
	213172  -  ResidentSetSize of job (KB)
...
006 (451551.000.000) 06/25 13:40:53 Image size of job updated: 383440
	209  -  MemoryUsage of job (MB)
	213992  -  ResidentSetSize of job (KB)
...
005 (451551.000.000) 06/25 13:45:31 Job terminated.
	(1) Normal termination (return value 0)
		Usr 0 00:16:44, Sys 0 00:00:06  -  Run Remote Usage
		Usr 0 00:00:00, Sys 0 00:00:00  -  Run Local Usage
		Usr 0 00:16:44, Sys 0 00:00:06  -  Total Remote Usage
		Usr 0 00:00:00, Sys 0 00:00:00  -  Total Local Usage
	129489  -  Run Bytes Sent By Job
	28774  -  Run Bytes Received By Job
	129489  -  Total Bytes Sent By Job
	28774  -  Total Bytes Received By Job
	Partitionable Resources :    Usage  Request          
	   Cpus                 :                 1          
	   Disk (KB)            :      180      180          
	   Memory (MB)          :      209      209          
...
000 (451599.000.000) 06/25 16:35:16 Job submitted from host: <18.12.1.74:48322>
...
001 (451599.000.000) 06/25 16:35:39 Job executing on host: <18.12.8.216:48833>
...
006 (451599.000.000) 06/25 16:35:47 Image size of job updated: 97904
	3  -  MemoryUsage of job (MB)
	2456  -  ResidentSetSize of job (KB)
...
006 (451599.000.000) 06/25 16:40:47 Image size of job updated: 379464
	167  -  MemoryUsage of job (MB)
	170508  -  ResidentSetSize of job (KB)
...
006 (451599.000.000) 06/25 16:45:47 Image size of job updated: 382948
	209  -  MemoryUsage of job (MB)
	213696  -  ResidentSetSize of job (KB)
...
006 (451599.000.000) 06/25 16:50:48 Image size of job updated: 383772
	210  -  MemoryUsage of job (MB)
	214524  -  ResidentSetSize of job (KB)
...
006 (451599.000.000) 06/25 16:54:57 Image size of job updated: 403068
	210  -  MemoryUsage of job (MB)
	214524  -  ResidentSetSize of job (KB)
...
005 (451599.000.000) 06/25 16:54:58 Job terminated.
	(1) Normal termination (return value 0)
		Usr 0 00:16:54, Sys 0 00:00:07  -  Run Remote Usage
		Usr 0 00:00:00, Sys 0 00:00:00  -  Run Local Usage
		Usr 0 00:16:54, Sys 0 00:00:07  -  Total Remote Usage
		Usr 0 00:00:00, Sys 0 00:00:00  -  Total Local Usage
	26583396  -  Run Bytes Sent By Job
	18573894  -  Run Bytes Received By Job
	26583396  -  Total Bytes Sent By Job
	18573894  -  Total Bytes Received By Job
	Partitionable Resources :    Usage  Request          
	   Cpus                 :                 1          
	   Disk (KB)            :    44124    44124          
	   Memory (MB)          :      210      210          
...
000 (452230.000.000) 06/26 10:52:53 Job submitted from host: <18.12.1.74:48322>
...
001 (452230.000.000) 06/26 10:53:19 Job executing on host: <18.12.8.127:48906>
...
006 (452230.000.000) 06/26 10:53:28 Image size of job updated: 24080
	2  -  MemoryUsage of job (MB)
	1476  -  ResidentSetSize of job (KB)
...
006 (452230.000.000) 06/26 10:58:29 Image size of job updated: 382768
	170  -  MemoryUsage of job (MB)
	174040  -  ResidentSetSize of job (KB)
...
000 (452285.000.000) 06/26 11:04:16 Job submitted from host: <18.12.1.74:48322>
...
001 (452285.000.000) 06/26 11:04:49 Job executing on host: <18.12.9.53:46424>
...
006 (452285.000.000) 06/26 11:04:58 Image size of job updated: 1
	3  -  MemoryUsage of job (MB)
	2376  -  ResidentSetSize of job (KB)
...
006 (452230.000.000) 06/26 11:08:30 Image size of job updated: 386256
	213  -  MemoryUsage of job (MB)
	217128  -  ResidentSetSize of job (KB)
...
006 (452285.000.000) 06/26 11:09:59 Image size of job updated: 379564
	154  -  MemoryUsage of job (MB)
	156696  -  ResidentSetSize of job (KB)
...
006 (452230.000.000) 06/26 11:13:30 Image size of job updated: 387080
	213  -  MemoryUsage of job (MB)
	217128  -  ResidentSetSize of job (KB)
...
006 (452285.000.000) 06/26 11:15:00 Image size of job updated: 383048
	195  -  MemoryUsage of job (MB)
	198984  -  ResidentSetSize of job (KB)
...
006 (452285.000.000) 06/26 11:20:00 Image size of job updated: 383872
	196  -  MemoryUsage of job (MB)
	199868  -  ResidentSetSize of job (KB)
...
005 (452285.000.000) 06/26 11:23:02 Job terminated.
	(1) Normal termination (return value 0)
		Usr 0 00:14:43, Sys 0 00:00:15  -  Run Remote Usage
		Usr 0 00:00:00, Sys 0 00:00:00  -  Run Local Usage
		Usr 0 00:14:43, Sys 0 00:00:15  -  Total Remote Usage
		Usr 0 00:00:00, Sys 0 00:00:00  -  Total Local Usage
	26583336  -  Run Bytes Sent By Job
	18573676  -  Run Bytes Received By Job
	26583336  -  Total Bytes Sent By Job
	18573676  -  Total Bytes Received By Job
	Partitionable Resources :    Usage  Request          
	   Cpus                 :                 1          
	   Disk (KB)            :    44124    44124          
	   Memory (MB)          :      196      196          
...
005 (452230.000.000) 06/26 11:24:15 Job terminated.
	(1) Normal termination (return value 0)
		Usr 0 00:12:41, Sys 0 00:00:12  -  Run Remote Usage
		Usr 0 00:00:00, Sys 0 00:00:00  -  Run Local Usage
		Usr 0 00:12:41, Sys 0 00:00:12  -  Total Remote Usage
		Usr 0 00:00:00, Sys 0 00:00:00  -  Total Local Usage
	26583236  -  Run Bytes Sent By Job
	18573696  -  Run Bytes Received By Job
	26583236  -  Total Bytes Sent By Job
	18573696  -  Total Bytes Received By Job
	Partitionable Resources :    Usage  Request          
	   Cpus                 :                 1          
	   Disk (KB)            :    44124    44124          
	   Memory (MB)          :      213      213          
...
000 (491420.000.000) 06/29 08:24:33 Job submitted from host: <18.12.1.74:48322>
...
001 (491420.000.000) 06/29 08:25:04 Job executing on host: <18.12.8.220:42920>
...
006 (491420.000.000) 06/29 08:25:13 Image size of job updated: 1
	3  -  MemoryUsage of job (MB)
	2360  -  ResidentSetSize of job (KB)
...
006 (491420.000.000) 06/29 08:30:14 Image size of job updated: 415008
	202  -  MemoryUsage of job (MB)
	205852  -  ResidentSetSize of job (KB)
...
006 (491420.000.000) 06/29 08:35:14 Image size of job updated: 418492
	244  -  MemoryUsage of job (MB)
	249028  -  ResidentSetSize of job (KB)
...
006 (491420.000.000) 06/29 08:40:14 Image size of job updated: 419316
	245  -  MemoryUsage of job (MB)
	249908  -  ResidentSetSize of job (KB)
...
006 (491420.000.000) 06/29 08:43:55 Image size of job updated: 450380
	245  -  MemoryUsage of job (MB)
	249908  -  ResidentSetSize of job (KB)
...
005 (491420.000.000) 06/29 08:43:56 Job terminated.
	(1) Normal termination (return value 0)
		Usr 0 00:16:08, Sys 0 00:00:08  -  Run Remote Usage
		Usr 0 00:00:00, Sys 0 00:00:00  -  Run Local Usage
		Usr 0 00:16:08, Sys 0 00:00:08  -  Total Remote Usage
		Usr 0 00:00:00, Sys 0 00:00:00  -  Total Local Usage
	26587152  -  Run Bytes Sent By Job
	18573444  -  Run Bytes Received By Job
	26587152  -  Total Bytes Sent By Job
	18573444  -  Total Bytes Received By Job
	Partitionable Resources :    Usage  Request          
	   Cpus                 :                 1          
	   Disk (KB)            :    44128    44128          
	   Memory (MB)          :      245      245          
...
000 (495901.000.000) 07/03 12:36:25 Job submitted from host: <18.12.1.74:48322>
...
001 (495901.000.000) 07/03 12:37:16 Job executing on host: <18.12.8.220:42920>
...
006 (495901.000.000) 07/03 12:37:24 Image size of job updated: 1
	3  -  MemoryUsage of job (MB)
	2360  -  ResidentSetSize of job (KB)
...
006 (495901.000.000) 07/03 12:42:24 Image size of job updated: 556504
	340  -  MemoryUsage of job (MB)
	347312  -  ResidentSetSize of job (KB)
...
006 (495901.000.000) 07/03 12:47:24 Image size of job updated: 559992
	382  -  MemoryUsage of job (MB)
	390456  -  ResidentSetSize of job (KB)
...
006 (495901.000.000) 07/03 12:52:25 Image size of job updated: 560812
	382  -  MemoryUsage of job (MB)
	390456  -  ResidentSetSize of job (KB)
...
005 (495901.000.000) 07/03 13:00:08 Job terminated.
	(1) Normal termination (return value 0)
		Usr 0 00:17:40, Sys 0 00:00:15  -  Run Remote Usage
		Usr 0 00:00:00, Sys 0 00:00:00  -  Run Local Usage
		Usr 0 00:17:40, Sys 0 00:00:15  -  Total Remote Usage
		Usr 0 00:00:00, Sys 0 00:00:00  -  Total Local Usage
	32151104  -  Run Bytes Sent By Job
	18576446  -  Run Bytes Received By Job
	32151104  -  Total Bytes Sent By Job
	18576446  -  Total Bytes Received By Job
	Partitionable Resources :    Usage  Request          
	   Cpus                 :                 1          
	   Disk (KB)            :    49564    49564          
	   Memory (MB)          :      382      382          
...
