000 (426873.000.000) 06/22 21:36:59 Job submitted from host: <18.12.1.74:48322>
...
001 (426873.000.000) 06/22 21:37:17 Job executing on host: <18.12.6.73:46935>
...
006 (426873.000.000) 06/22 21:37:26 Image size of job updated: 75484
	17  -  MemoryUsage of job (MB)
	17148  -  ResidentSetSize of job (KB)
...
006 (426873.000.000) 06/22 21:42:27 Image size of job updated: 407712
	195  -  MemoryUsage of job (MB)
	198820  -  ResidentSetSize of job (KB)
...
006 (426873.000.000) 06/22 21:47:28 Image size of job updated: 407880
	195  -  MemoryUsage of job (MB)
	199000  -  ResidentSetSize of job (KB)
...
006 (426873.000.000) 06/22 21:52:28 Image size of job updated: 408908
	196  -  MemoryUsage of job (MB)
	200052  -  ResidentSetSize of job (KB)
...
006 (426873.000.000) 06/22 21:57:28 Image size of job updated: 414860
	234  -  MemoryUsage of job (MB)
	239044  -  ResidentSetSize of job (KB)
...
005 (426873.000.000) 06/22 21:59:22 Job terminated.
	(1) Normal termination (return value 0)
		Usr 0 00:18:37, Sys 0 00:00:11  -  Run Remote Usage
		Usr 0 00:00:00, Sys 0 00:00:00  -  Run Local Usage
		Usr 0 00:18:37, Sys 0 00:00:11  -  Total Remote Usage
		Usr 0 00:00:00, Sys 0 00:00:00  -  Total Local Usage
	128046  -  Run Bytes Sent By Job
	28496  -  Run Bytes Received By Job
	128046  -  Total Bytes Sent By Job
	28496  -  Total Bytes Received By Job
	Partitionable Resources :    Usage  Request          
	   Cpus                 :                 1          
	   Disk (KB)            :      178      178          
	   Memory (MB)          :      234      234          
...
000 (451559.000.000) 06/25 13:25:31 Job submitted from host: <18.12.1.74:48322>
...
001 (451559.000.000) 06/25 13:25:44 Job executing on host: <18.12.8.209:48249>
...
006 (451559.000.000) 06/25 13:25:52 Image size of job updated: 308532
	129  -  MemoryUsage of job (MB)
	131436  -  ResidentSetSize of job (KB)
...
006 (451559.000.000) 06/25 13:30:52 Image size of job updated: 374872
	163  -  MemoryUsage of job (MB)
	166868  -  ResidentSetSize of job (KB)
...
006 (451559.000.000) 06/25 13:35:52 Image size of job updated: 387632
	222  -  MemoryUsage of job (MB)
	226336  -  ResidentSetSize of job (KB)
...
006 (451559.000.000) 06/25 13:40:53 Image size of job updated: 387632
	222  -  MemoryUsage of job (MB)
	226352  -  ResidentSetSize of job (KB)
...
005 (451559.000.000) 06/25 13:41:12 Job terminated.
	(1) Normal termination (return value 0)
		Usr 0 00:12:21, Sys 0 00:00:06  -  Run Remote Usage
		Usr 0 00:00:00, Sys 0 00:00:00  -  Run Local Usage
		Usr 0 00:12:21, Sys 0 00:00:06  -  Total Remote Usage
		Usr 0 00:00:00, Sys 0 00:00:00  -  Total Local Usage
	129842  -  Run Bytes Sent By Job
	28774  -  Run Bytes Received By Job
	129842  -  Total Bytes Sent By Job
	28774  -  Total Bytes Received By Job
	Partitionable Resources :    Usage  Request          
	   Cpus                 :                 1          
	   Disk (KB)            :      180      180          
	   Memory (MB)          :      222      222          
...
000 (451607.000.000) 06/25 16:35:17 Job submitted from host: <18.12.1.74:48322>
...
001 (451607.000.000) 06/25 16:35:39 Job executing on host: <18.12.8.237:48103>
...
006 (451607.000.000) 06/25 16:35:47 Image size of job updated: 146852
	32  -  MemoryUsage of job (MB)
	31980  -  ResidentSetSize of job (KB)
...
006 (451607.000.000) 06/25 16:40:47 Image size of job updated: 375156
	162  -  MemoryUsage of job (MB)
	165676  -  ResidentSetSize of job (KB)
...
006 (451607.000.000) 06/25 16:45:48 Image size of job updated: 382564
	209  -  MemoryUsage of job (MB)
	213768  -  ResidentSetSize of job (KB)
...
006 (451607.000.000) 06/25 16:50:48 Image size of job updated: 387968
	214  -  MemoryUsage of job (MB)
	219072  -  ResidentSetSize of job (KB)
...
005 (451607.000.000) 06/25 16:55:49 Job terminated.
	(1) Normal termination (return value 0)
		Usr 0 00:16:57, Sys 0 00:00:06  -  Run Remote Usage
		Usr 0 00:00:00, Sys 0 00:00:00  -  Run Local Usage
		Usr 0 00:16:57, Sys 0 00:00:06  -  Total Remote Usage
		Usr 0 00:00:00, Sys 0 00:00:00  -  Total Local Usage
	26583252  -  Run Bytes Sent By Job
	18573894  -  Run Bytes Received By Job
	26583252  -  Total Bytes Sent By Job
	18573894  -  Total Bytes Received By Job
	Partitionable Resources :    Usage  Request          
	   Cpus                 :                 1          
	   Disk (KB)            :    46046    46046          
	   Memory (MB)          :      214      214          
...
000 (452238.000.000) 06/26 10:52:54 Job submitted from host: <18.12.1.74:48322>
...
001 (452238.000.000) 06/26 10:53:16 Job executing on host: <18.12.8.190:43358>
...
006 (452238.000.000) 06/26 10:53:25 Image size of job updated: 1
	3  -  MemoryUsage of job (MB)
	2352  -  ResidentSetSize of job (KB)
...
006 (452238.000.000) 06/26 10:58:26 Image size of job updated: 378428
	166  -  MemoryUsage of job (MB)
	169504  -  ResidentSetSize of job (KB)
...
006 (452238.000.000) 06/26 11:03:27 Image size of job updated: 385808
	213  -  MemoryUsage of job (MB)
	217448  -  ResidentSetSize of job (KB)
...
000 (452293.000.000) 06/26 11:04:17 Job submitted from host: <18.12.1.74:48322>
...
001 (452293.000.000) 06/26 11:04:46 Job executing on host: <18.12.8.182:47592>
...
006 (452293.000.000) 06/26 11:04:54 Image size of job updated: 31152
	3  -  MemoryUsage of job (MB)
	2676  -  ResidentSetSize of job (KB)
...
006 (452238.000.000) 06/26 11:08:27 Image size of job updated: 391236
	216  -  MemoryUsage of job (MB)
	220216  -  ResidentSetSize of job (KB)
...
006 (452293.000.000) 06/26 11:09:54 Image size of job updated: 375268
	162  -  MemoryUsage of job (MB)
	165748  -  ResidentSetSize of job (KB)
...
006 (452293.000.000) 06/26 11:14:55 Image size of job updated: 375268
	162  -  MemoryUsage of job (MB)
	165768  -  ResidentSetSize of job (KB)
...
005 (452238.000.000) 06/26 11:16:22 Job terminated.
	(1) Normal termination (return value 0)
		Usr 0 00:17:39, Sys 0 00:00:10  -  Run Remote Usage
		Usr 0 00:00:00, Sys 0 00:00:00  -  Run Local Usage
		Usr 0 00:17:39, Sys 0 00:00:10  -  Total Remote Usage
		Usr 0 00:00:00, Sys 0 00:00:00  -  Total Local Usage
	26583076  -  Run Bytes Sent By Job
	18573696  -  Run Bytes Received By Job
	26583076  -  Total Bytes Sent By Job
	18573696  -  Total Bytes Received By Job
	Partitionable Resources :    Usage  Request          
	   Cpus                 :                 1          
	   Disk (KB)            :    44124    44124          
	   Memory (MB)          :      216      216          
...
006 (452293.000.000) 06/26 11:19:56 Image size of job updated: 382648
	207  -  MemoryUsage of job (MB)
	211668  -  ResidentSetSize of job (KB)
...
006 (452293.000.000) 06/26 11:24:56 Image size of job updated: 388060
	212  -  MemoryUsage of job (MB)
	216720  -  ResidentSetSize of job (KB)
...
006 (452293.000.000) 06/26 11:29:57 Image size of job updated: 388060
	212  -  MemoryUsage of job (MB)
	216724  -  ResidentSetSize of job (KB)
...
006 (452293.000.000) 06/26 11:35:37 Image size of job updated: 395928
	212  -  MemoryUsage of job (MB)
	216724  -  ResidentSetSize of job (KB)
...
005 (452293.000.000) 06/26 11:35:38 Job terminated.
	(1) Normal termination (return value 0)
		Usr 0 00:14:51, Sys 0 00:00:08  -  Run Remote Usage
		Usr 0 00:00:00, Sys 0 00:00:00  -  Run Local Usage
		Usr 0 00:14:51, Sys 0 00:00:08  -  Total Remote Usage
		Usr 0 00:00:00, Sys 0 00:00:00  -  Total Local Usage
	26583358  -  Run Bytes Sent By Job
	18573676  -  Run Bytes Received By Job
	26583358  -  Total Bytes Sent By Job
	18573676  -  Total Bytes Received By Job
	Partitionable Resources :    Usage  Request          
	   Cpus                 :                 1          
	   Disk (KB)            :    44124    44124          
	   Memory (MB)          :      212      212          
...
000 (491428.000.000) 06/29 08:24:34 Job submitted from host: <18.12.1.74:48322>
...
001 (491428.000.000) 06/29 08:25:05 Job executing on host: <18.12.6.26:48979>
...
006 (491428.000.000) 06/29 08:25:14 Image size of job updated: 409896
	181  -  MemoryUsage of job (MB)
	185288  -  ResidentSetSize of job (KB)
...
006 (491428.000.000) 06/29 08:30:14 Image size of job updated: 410692
	197  -  MemoryUsage of job (MB)
	201720  -  ResidentSetSize of job (KB)
...
006 (491428.000.000) 06/29 08:35:14 Image size of job updated: 423508
	249  -  MemoryUsage of job (MB)
	254288  -  ResidentSetSize of job (KB)
...
006 (491428.000.000) 06/29 08:40:15 Image size of job updated: 423508
	249  -  MemoryUsage of job (MB)
	254300  -  ResidentSetSize of job (KB)
...
005 (491428.000.000) 06/29 08:44:20 Job terminated.
	(1) Normal termination (return value 0)
		Usr 0 00:16:38, Sys 0 00:00:09  -  Run Remote Usage
		Usr 0 00:00:00, Sys 0 00:00:00  -  Run Local Usage
		Usr 0 00:16:38, Sys 0 00:00:09  -  Total Remote Usage
		Usr 0 00:00:00, Sys 0 00:00:00  -  Total Local Usage
	26587292  -  Run Bytes Sent By Job
	18573444  -  Run Bytes Received By Job
	26587292  -  Total Bytes Sent By Job
	18573444  -  Total Bytes Received By Job
	Partitionable Resources :    Usage  Request          
	   Cpus                 :                 1          
	   Disk (KB)            :    44128    44128          
	   Memory (MB)          :      249      249          
...
000 (495909.000.000) 07/03 12:36:26 Job submitted from host: <18.12.1.74:48322>
...
001 (495909.000.000) 07/03 12:37:18 Job executing on host: <18.12.8.205:41752>
...
006 (495909.000.000) 07/03 12:37:26 Image size of job updated: 1
	3  -  MemoryUsage of job (MB)
	2360  -  ResidentSetSize of job (KB)
...
006 (495909.000.000) 07/03 12:42:26 Image size of job updated: 552204
	335  -  MemoryUsage of job (MB)
	342704  -  ResidentSetSize of job (KB)
...
006 (495909.000.000) 07/03 12:47:26 Image size of job updated: 559580
	381  -  MemoryUsage of job (MB)
	389864  -  ResidentSetSize of job (KB)
...
006 (495909.000.000) 07/03 12:52:27 Image size of job updated: 565008
	381  -  MemoryUsage of job (MB)
	389864  -  ResidentSetSize of job (KB)
...
005 (495909.000.000) 07/03 12:58:47 Job terminated.
	(1) Normal termination (return value 0)
		Usr 0 00:17:17, Sys 0 00:00:17  -  Run Remote Usage
		Usr 0 00:00:00, Sys 0 00:00:00  -  Run Local Usage
		Usr 0 00:17:17, Sys 0 00:00:17  -  Total Remote Usage
		Usr 0 00:00:00, Sys 0 00:00:00  -  Total Local Usage
	35594696  -  Run Bytes Sent By Job
	18576446  -  Run Bytes Received By Job
	35594696  -  Total Bytes Sent By Job
	18576446  -  Total Bytes Received By Job
	Partitionable Resources :    Usage  Request          
	   Cpus                 :                 1          
	   Disk (KB)            :    52927    52927          
	   Memory (MB)          :      381      381          
...
