000 (426885.000.000) 06/22 21:37:00 Job submitted from host: <18.12.1.74:48322>
...
001 (426885.000.000) 06/22 21:37:19 Job executing on host: <18.12.8.182:47592>
...
006 (426885.000.000) 06/22 21:37:27 Image size of job updated: 18856
	2  -  MemoryUsage of job (MB)
	2004  -  ResidentSetSize of job (KB)
...
006 (426885.000.000) 06/22 21:42:27 Image size of job updated: 409880
	199  -  MemoryUsage of job (MB)
	202876  -  ResidentSetSize of job (KB)
...
006 (426885.000.000) 06/22 21:47:27 Image size of job updated: 409880
	199  -  MemoryUsage of job (MB)
	202968  -  ResidentSetSize of job (KB)
...
006 (426885.000.000) 06/22 21:57:28 Image size of job updated: 414356
	201  -  MemoryUsage of job (MB)
	205304  -  ResidentSetSize of job (KB)
...
006 (426885.000.000) 06/22 22:07:29 Image size of job updated: 417280
	229  -  MemoryUsage of job (MB)
	234352  -  ResidentSetSize of job (KB)
...
006 (426885.000.000) 06/22 22:11:40 Image size of job updated: 419128
	229  -  MemoryUsage of job (MB)
	234352  -  ResidentSetSize of job (KB)
...
005 (426885.000.000) 06/22 22:11:41 Job terminated.
	(1) Normal termination (return value 0)
		Usr 0 00:17:37, Sys 0 00:00:07  -  Run Remote Usage
		Usr 0 00:00:00, Sys 0 00:00:00  -  Run Local Usage
		Usr 0 00:17:37, Sys 0 00:00:07  -  Total Remote Usage
		Usr 0 00:00:00, Sys 0 00:00:00  -  Total Local Usage
	128046  -  Run Bytes Sent By Job
	28496  -  Run Bytes Received By Job
	128046  -  Total Bytes Sent By Job
	28496  -  Total Bytes Received By Job
	Partitionable Resources :    Usage  Request          
	   Cpus                 :                 1          
	   Disk (KB)            :      178      178          
	   Memory (MB)          :      229      229          
...
