
----------------------------------------------------
Job started on Mon Jun 22 21:37:18 EDT 2015 at WN: t2bat0302.cmsaf.mit.edu 
Job is running on Linux t2bat0302.cmsaf.mit.edu 2.6.32-358.el6.x86_64 #1 SMP Fri Feb 22 20:37:17 CST 2013 x86_64 x86_64 x86_64 GNU/Linux
Filesystem            Size  Used Avail Use% Mounted on
/dev/sda3              20G  2.7G   17G  15% /
tmpfs                  32G     0   32G   0% /dev/shm
/dev/sda1              97M   32M   61M  35% /boot
/dev/sda4             416G   69G  347G  17% /export/data1
fuse_dfs              4.9P  4.4P  522T  90% /mnt/hadoop
/dev/sdb1             3.6T  3.1T  530G  86% /export/00b
/dev/sdc1             3.6T  3.1T  506G  87% /export/00c
/dev/sdd1             3.6T  3.1T  543G  86% /export/00d
/dev/sde1             3.6T  3.1T  534G  86% /export/00e
/dev/sdf1             3.6T  3.1T  527G  86% /export/00f
/dev/sdg1             3.6T  3.1T  564G  85% /export/00g
/dev/sdh1             3.6T  3.1T  530G  86% /export/00h
/dev/sdi1             3.6T  3.1T  550G  86% /export/00i
/dev/sdj1             3.6T  3.1T  513G  87% /export/00j
/dev/sdk1             3.6T  3.1T  549G  86% /export/00k
/dev/sdl1             3.6T  3.1T  553G  85% /export/00l
cvmfs2                 98G   66G   33G  68% /cvmfs/cms.cern.ch
t2srv0004:/export/db  135G  187M  135G   1% /net/t2srv0004/db
gcc (GCC) 4.4.7 20120313 (Red Hat 4.4.7-3)
Copyright (C) 2010 Free Software Foundation, Inc.
This is free software; see the source for copying conditions.  There is NO
warranty; not even for MERCHANTABILITY or FITNESS FOR A PARTICULAR PURPOSE.

Processing...
0/1230363
10000/1230363
20000/1230363
30000/1230363
40000/1230363
50000/1230363
60000/1230363
70000/1230363
80000/1230363
90000/1230363
100000/1230363
110000/1230363
120000/1230363
130000/1230363
140000/1230363
150000/1230363
160000/1230363
170000/1230363
180000/1230363
190000/1230363
200000/1230363
210000/1230363
220000/1230363
230000/1230363
240000/1230363
250000/1230363
260000/1230363
270000/1230363
280000/1230363
290000/1230363
300000/1230363
310000/1230363
320000/1230363
330000/1230363
340000/1230363
350000/1230363
360000/1230363
370000/1230363
380000/1230363
390000/1230363
400000/1230363
410000/1230363
420000/1230363
430000/1230363
440000/1230363
450000/1230363
460000/1230363
470000/1230363
480000/1230363
490000/1230363
500000/1230363
510000/1230363
520000/1230363
530000/1230363
540000/1230363
550000/1230363
560000/1230363
570000/1230363
580000/1230363
590000/1230363
600000/1230363
610000/1230363
620000/1230363
630000/1230363
640000/1230363
650000/1230363
660000/1230363
670000/1230363
680000/1230363
690000/1230363
700000/1230363
710000/1230363
720000/1230363
730000/1230363
740000/1230363
750000/1230363
760000/1230363
770000/1230363
780000/1230363
790000/1230363
800000/1230363
810000/1230363
820000/1230363
830000/1230363
840000/1230363
850000/1230363
860000/1230363
870000/1230363
880000/1230363
890000/1230363
900000/1230363
910000/1230363
920000/1230363
930000/1230363
940000/1230363
950000/1230363
960000/1230363
970000/1230363
980000/1230363
990000/1230363
1000000/1230363
1010000/1230363
1020000/1230363
1030000/1230363
1040000/1230363
1050000/1230363
1060000/1230363
1070000/1230363
1080000/1230363
1090000/1230363
1100000/1230363
1110000/1230363
1120000/1230363
1130000/1230363
1140000/1230363
1150000/1230363
1160000/1230363
1170000/1230363
1180000/1230363
1190000/1230363
1200000/1230363
1210000/1230363
1220000/1230363
1230000/1230363
Macro finished: 
CPU time (min)  = 15.0828
Real time (min) = 28.6268
Done!
Copied output files to hadoop rootfiles/JetRAA/June22
