
----------------------------------------------------
Job started on Mon Jun 22 21:37:18 EDT 2015 at WN: t2bat0331.cmsaf.mit.edu 
Job is running on Linux t2bat0331.cmsaf.mit.edu 2.6.32-358.el6.x86_64 #1 SMP Fri Feb 22 20:37:17 CST 2013 x86_64 x86_64 x86_64 GNU/Linux
Filesystem            Size  Used Avail Use% Mounted on
/dev/sda3              20G  2.5G   17G  14% /
tmpfs                  32G     0   32G   0% /dev/shm
/dev/sda1              97M   32M   61M  35% /boot
/dev/sda4             416G   92G  324G  22% /export/data1
fuse_dfs              4.9P  4.4P  522T  90% /mnt/hadoop
/dev/sdb1             3.6T  3.2T  396G  90% /export/00b
/dev/sdc1             3.6T  3.2T  422G  89% /export/00c
/dev/sdd1             3.6T  3.2T  402G  90% /export/00d
/dev/sde1             3.6T  3.2T  408G  89% /export/00e
/dev/sdf1             3.6T  3.3T  389G  90% /export/00f
/dev/sdg1             3.6T  3.2T  412G  89% /export/00g
t2srv0004:/export/db  135G  187M  135G   1% /net/t2srv0004/db
cvmfs2                 98G   87G   11G  89% /cvmfs/cms.cern.ch
cvmfs2                 98G   87G   11G  89% /cvmfs/mu2e.opensciencegrid.org
cvmfs2                 98G   87G   11G  89% /cvmfs/oasis.opensciencegrid.org
gcc (GCC) 4.4.7 20120313 (Red Hat 4.4.7-3)
Copyright (C) 2010 Free Software Foundation, Inc.
This is free software; see the source for copying conditions.  There is NO
warranty; not even for MERCHANTABILITY or FITNESS FOR A PARTICULAR PURPOSE.

Processing...
0/1223970
10000/1223970
20000/1223970
30000/1223970
40000/1223970
50000/1223970
60000/1223970
70000/1223970
80000/1223970
90000/1223970
100000/1223970
110000/1223970
120000/1223970
130000/1223970
140000/1223970
150000/1223970
160000/1223970
170000/1223970
180000/1223970
190000/1223970
200000/1223970
210000/1223970
220000/1223970
230000/1223970
240000/1223970
250000/1223970
260000/1223970
270000/1223970
280000/1223970
290000/1223970
300000/1223970
310000/1223970
320000/1223970
330000/1223970
340000/1223970
350000/1223970
360000/1223970
370000/1223970
380000/1223970
390000/1223970
400000/1223970
410000/1223970
420000/1223970
430000/1223970
440000/1223970
450000/1223970
460000/1223970
470000/1223970
480000/1223970
490000/1223970
500000/1223970
510000/1223970
520000/1223970
530000/1223970
540000/1223970
550000/1223970
560000/1223970
570000/1223970
580000/1223970
590000/1223970
600000/1223970
610000/1223970
620000/1223970
630000/1223970
640000/1223970
650000/1223970
660000/1223970
670000/1223970
680000/1223970
690000/1223970
700000/1223970
710000/1223970
720000/1223970
730000/1223970
740000/1223970
750000/1223970
760000/1223970
770000/1223970
780000/1223970
790000/1223970
800000/1223970
810000/1223970
820000/1223970
830000/1223970
840000/1223970
850000/1223970
860000/1223970
870000/1223970
880000/1223970
890000/1223970
900000/1223970
910000/1223970
920000/1223970
930000/1223970
940000/1223970
950000/1223970
960000/1223970
970000/1223970
980000/1223970
990000/1223970
1000000/1223970
1010000/1223970
1020000/1223970
1030000/1223970
1040000/1223970
1050000/1223970
1060000/1223970
1070000/1223970
1080000/1223970
1090000/1223970
1100000/1223970
1110000/1223970
1120000/1223970
1130000/1223970
1140000/1223970
1150000/1223970
1160000/1223970
1170000/1223970
1180000/1223970
1190000/1223970
1200000/1223970
1210000/1223970
1220000/1223970
Macro finished: 
CPU time (min)  = 14.2293
Real time (min) = 17.8788
Done!
Copied output files to hadoop rootfiles/JetRAA/June22
