000 (426867.000.000) 06/22 21:36:58 Job submitted from host: <18.12.1.74:48322>
...
001 (426867.000.000) 06/22 21:37:17 Job executing on host: <18.12.8.130:47227>
...
006 (426867.000.000) 06/22 21:37:25 Image size of job updated: 1
	3  -  MemoryUsage of job (MB)
	2356  -  ResidentSetSize of job (KB)
...
006 (426867.000.000) 06/22 21:42:25 Image size of job updated: 407252
	196  -  MemoryUsage of job (MB)
	200056  -  ResidentSetSize of job (KB)
...
006 (426867.000.000) 06/22 21:47:26 Image size of job updated: 407852
	196  -  MemoryUsage of job (MB)
	200056  -  ResidentSetSize of job (KB)
...
006 (426867.000.000) 06/22 22:01:52 Image size of job updated: 412716
	196  -  MemoryUsage of job (MB)
	200056  -  ResidentSetSize of job (KB)
...
005 (426867.000.000) 06/22 22:01:52 Job terminated.
	(1) Normal termination (return value 0)
		Usr 0 00:12:39, Sys 0 00:00:20  -  Run Remote Usage
		Usr 0 00:00:00, Sys 0 00:00:00  -  Run Local Usage
		Usr 0 00:12:39, Sys 0 00:00:20  -  Total Remote Usage
		Usr 0 00:00:00, Sys 0 00:00:00  -  Total Local Usage
	127986  -  Run Bytes Sent By Job
	28496  -  Run Bytes Received By Job
	127986  -  Total Bytes Sent By Job
	28496  -  Total Bytes Received By Job
	Partitionable Resources :    Usage  Request          
	   Cpus                 :                 1          
	   Disk (KB)            :      178      178          
	   Memory (MB)          :      196      196          
...
000 (451553.000.000) 06/25 13:25:31 Job submitted from host: <18.12.1.74:48322>
...
001 (451553.000.000) 06/25 13:25:43 Job executing on host: <18.12.9.54:46570>
...
006 (451553.000.000) 06/25 13:25:52 Image size of job updated: 1
	3  -  MemoryUsage of job (MB)
	2356  -  ResidentSetSize of job (KB)
...
006 (451553.000.000) 06/25 13:30:53 Image size of job updated: 374164
	162  -  MemoryUsage of job (MB)
	165300  -  ResidentSetSize of job (KB)
...
006 (451553.000.000) 06/25 13:35:54 Image size of job updated: 381708
	208  -  MemoryUsage of job (MB)
	212688  -  ResidentSetSize of job (KB)
...
006 (451553.000.000) 06/25 13:40:54 Image size of job updated: 381708
	208  -  MemoryUsage of job (MB)
	212716  -  ResidentSetSize of job (KB)
...
006 (451553.000.000) 06/25 13:45:34 Image size of job updated: 382656
	208  -  MemoryUsage of job (MB)
	212716  -  ResidentSetSize of job (KB)
...
005 (451553.000.000) 06/25 13:45:34 Job terminated.
	(1) Normal termination (return value 0)
		Usr 0 00:14:47, Sys 0 00:00:08  -  Run Remote Usage
		Usr 0 00:00:00, Sys 0 00:00:00  -  Run Local Usage
		Usr 0 00:14:47, Sys 0 00:00:08  -  Total Remote Usage
		Usr 0 00:00:00, Sys 0 00:00:00  -  Total Local Usage
	129560  -  Run Bytes Sent By Job
	28774  -  Run Bytes Received By Job
	129560  -  Total Bytes Sent By Job
	28774  -  Total Bytes Received By Job
	Partitionable Resources :    Usage  Request          
	   Cpus                 :                 1          
	   Disk (KB)            :      180      180          
	   Memory (MB)          :      208      208          
...
000 (451601.000.000) 06/25 16:35:16 Job submitted from host: <18.12.1.74:48322>
...
001 (451601.000.000) 06/25 16:35:34 Job executing on host: <18.12.8.236:40657>
...
006 (451601.000.000) 06/25 16:35:43 Image size of job updated: 1
	3  -  MemoryUsage of job (MB)
	2352  -  ResidentSetSize of job (KB)
...
006 (451601.000.000) 06/25 16:40:43 Image size of job updated: 374456
	164  -  MemoryUsage of job (MB)
	167196  -  ResidentSetSize of job (KB)
...
006 (451601.000.000) 06/25 16:45:43 Image size of job updated: 381956
	210  -  MemoryUsage of job (MB)
	214564  -  ResidentSetSize of job (KB)
...
006 (451601.000.000) 06/25 16:50:44 Image size of job updated: 382088
	210  -  MemoryUsage of job (MB)
	214668  -  ResidentSetSize of job (KB)
...
006 (451601.000.000) 06/25 16:55:45 Image size of job updated: 382088
	210  -  MemoryUsage of job (MB)
	214688  -  ResidentSetSize of job (KB)
...
005 (451601.000.000) 06/25 16:55:56 Job terminated.
	(1) Normal termination (return value 0)
		Usr 0 00:17:17, Sys 0 00:00:07  -  Run Remote Usage
		Usr 0 00:00:00, Sys 0 00:00:00  -  Run Local Usage
		Usr 0 00:17:17, Sys 0 00:00:07  -  Total Remote Usage
		Usr 0 00:00:00, Sys 0 00:00:00  -  Total Local Usage
	26583544  -  Run Bytes Sent By Job
	18573894  -  Run Bytes Received By Job
	26583544  -  Total Bytes Sent By Job
	18573894  -  Total Bytes Received By Job
	Partitionable Resources :    Usage  Request          
	   Cpus                 :                 1          
	   Disk (KB)            :    44125    44125          
	   Memory (MB)          :      210      210          
...
000 (452232.000.000) 06/26 10:52:53 Job submitted from host: <18.12.1.74:48322>
...
001 (452232.000.000) 06/26 10:53:17 Job executing on host: <18.12.8.155:49344>
...
006 (452232.000.000) 06/26 10:53:26 Image size of job updated: 69172
	16  -  MemoryUsage of job (MB)
	15864  -  ResidentSetSize of job (KB)
...
006 (452232.000.000) 06/26 10:58:26 Image size of job updated: 377708
	168  -  MemoryUsage of job (MB)
	171196  -  ResidentSetSize of job (KB)
...
006 (452232.000.000) 06/26 11:03:26 Image size of job updated: 385196
	214  -  MemoryUsage of job (MB)
	218552  -  ResidentSetSize of job (KB)
...
000 (452287.000.000) 06/26 11:04:17 Job submitted from host: <18.12.1.74:48322>
...
001 (452287.000.000) 06/26 11:04:46 Job executing on host: <18.12.9.69:44380>
...
006 (452287.000.000) 06/26 11:04:54 Image size of job updated: 362080
	144  -  MemoryUsage of job (MB)
	147164  -  ResidentSetSize of job (KB)
...
006 (452232.000.000) 06/26 11:08:27 Image size of job updated: 385332
	214  -  MemoryUsage of job (MB)
	218708  -  ResidentSetSize of job (KB)
...
006 (452287.000.000) 06/26 11:09:54 Image size of job updated: 374536
	162  -  MemoryUsage of job (MB)
	165584  -  ResidentSetSize of job (KB)
...
006 (452287.000.000) 06/26 11:14:55 Image size of job updated: 382012
	208  -  MemoryUsage of job (MB)
	212888  -  ResidentSetSize of job (KB)
...
005 (452232.000.000) 06/26 11:18:41 Job terminated.
	(1) Normal termination (return value 0)
		Usr 0 00:19:36, Sys 0 00:00:13  -  Run Remote Usage
		Usr 0 00:00:00, Sys 0 00:00:00  -  Run Local Usage
		Usr 0 00:19:36, Sys 0 00:00:13  -  Total Remote Usage
		Usr 0 00:00:00, Sys 0 00:00:00  -  Total Local Usage
	26583232  -  Run Bytes Sent By Job
	18573696  -  Run Bytes Received By Job
	26583232  -  Total Bytes Sent By Job
	18573696  -  Total Bytes Received By Job
	Partitionable Resources :    Usage  Request          
	   Cpus                 :                 1          
	   Disk (KB)            :    44124    44124          
	   Memory (MB)          :      214      214          
...
006 (452287.000.000) 06/26 11:19:56 Image size of job updated: 382144
	209  -  MemoryUsage of job (MB)
	213048  -  ResidentSetSize of job (KB)
...
005 (452287.000.000) 06/26 11:28:59 Job terminated.
	(1) Normal termination (return value 0)
		Usr 0 00:14:34, Sys 0 00:00:14  -  Run Remote Usage
		Usr 0 00:00:00, Sys 0 00:00:00  -  Run Local Usage
		Usr 0 00:14:34, Sys 0 00:00:14  -  Total Remote Usage
		Usr 0 00:00:00, Sys 0 00:00:00  -  Total Local Usage
	26583430  -  Run Bytes Sent By Job
	18573676  -  Run Bytes Received By Job
	26583430  -  Total Bytes Sent By Job
	18573676  -  Total Bytes Received By Job
	Partitionable Resources :    Usage  Request          
	   Cpus                 :                 1          
	   Disk (KB)            :    44124    44124          
	   Memory (MB)          :      209      209          
...
000 (491422.000.000) 06/29 08:24:33 Job submitted from host: <18.12.1.74:48322>
...
001 (491422.000.000) 06/29 08:25:06 Job executing on host: <18.12.8.112:40657>
...
006 (491422.000.000) 06/29 08:25:14 Image size of job updated: 219392
	103  -  MemoryUsage of job (MB)
	105020  -  ResidentSetSize of job (KB)
...
006 (491422.000.000) 06/29 08:30:14 Image size of job updated: 409988
	197  -  MemoryUsage of job (MB)
	201008  -  ResidentSetSize of job (KB)
...
006 (491422.000.000) 06/29 08:35:14 Image size of job updated: 417596
	243  -  MemoryUsage of job (MB)
	248380  -  ResidentSetSize of job (KB)
...
005 (491422.000.000) 06/29 08:40:48 Job terminated.
	(1) Normal termination (return value 0)
		Usr 0 00:11:50, Sys 0 00:00:16  -  Run Remote Usage
		Usr 0 00:00:00, Sys 0 00:00:00  -  Run Local Usage
		Usr 0 00:11:50, Sys 0 00:00:16  -  Total Remote Usage
		Usr 0 00:00:00, Sys 0 00:00:00  -  Total Local Usage
	26587308  -  Run Bytes Sent By Job
	18573444  -  Run Bytes Received By Job
	26587308  -  Total Bytes Sent By Job
	18573444  -  Total Bytes Received By Job
	Partitionable Resources :    Usage  Request          
	   Cpus                 :                 1          
	   Disk (KB)            :    44128    44128          
	   Memory (MB)          :      243      243          
...
000 (495903.000.000) 07/03 12:36:26 Job submitted from host: <18.12.1.74:48322>
...
001 (495903.000.000) 07/03 12:37:16 Job executing on host: <18.12.8.154:48979>
...
006 (495903.000.000) 07/03 12:37:25 Image size of job updated: 18496
	2  -  MemoryUsage of job (MB)
	1648  -  ResidentSetSize of job (KB)
...
006 (495903.000.000) 07/03 12:42:26 Image size of job updated: 551484
	335  -  MemoryUsage of job (MB)
	342596  -  ResidentSetSize of job (KB)
...
006 (495903.000.000) 07/03 12:47:26 Image size of job updated: 551484
	335  -  MemoryUsage of job (MB)
	342712  -  ResidentSetSize of job (KB)
...
006 (495903.000.000) 07/03 12:52:27 Image size of job updated: 558968
	381  -  MemoryUsage of job (MB)
	389988  -  ResidentSetSize of job (KB)
...
006 (495903.000.000) 07/03 12:57:28 Image size of job updated: 559100
	381  -  MemoryUsage of job (MB)
	389988  -  ResidentSetSize of job (KB)
...
005 (495903.000.000) 07/03 13:11:08 Job terminated.
	(1) Normal termination (return value 0)
		Usr 0 00:17:07, Sys 0 00:00:09  -  Run Remote Usage
		Usr 0 00:00:00, Sys 0 00:00:00  -  Run Local Usage
		Usr 0 00:17:07, Sys 0 00:00:09  -  Total Remote Usage
		Usr 0 00:00:00, Sys 0 00:00:00  -  Total Local Usage
	33933780  -  Run Bytes Sent By Job
	18576446  -  Run Bytes Received By Job
	33933780  -  Total Bytes Sent By Job
	18576446  -  Total Bytes Received By Job
	Partitionable Resources :    Usage  Request          
	   Cpus                 :                 1          
	   Disk (KB)            :    51305    51305          
	   Memory (MB)          :      381      381          
...
