000 (426869.000.000) 06/22 21:36:58 Job submitted from host: <18.12.1.74:48322>
...
001 (426869.000.000) 06/22 21:37:18 Job executing on host: <18.12.6.44:44453>
...
006 (426869.000.000) 06/22 21:37:26 Image size of job updated: 1
	3  -  MemoryUsage of job (MB)
	2352  -  ResidentSetSize of job (KB)
...
006 (426869.000.000) 06/22 21:42:26 Image size of job updated: 412192
	194  -  MemoryUsage of job (MB)
	198280  -  ResidentSetSize of job (KB)
...
006 (426869.000.000) 06/22 21:52:28 Image size of job updated: 414092
	233  -  MemoryUsage of job (MB)
	237788  -  ResidentSetSize of job (KB)
...
005 (426869.000.000) 06/22 21:56:27 Job terminated.
	(1) Normal termination (return value 0)
		Usr 0 00:16:21, Sys 0 00:00:08  -  Run Remote Usage
		Usr 0 00:00:00, Sys 0 00:00:00  -  Run Local Usage
		Usr 0 00:16:21, Sys 0 00:00:08  -  Total Remote Usage
		Usr 0 00:00:00, Sys 0 00:00:00  -  Total Local Usage
	128062  -  Run Bytes Sent By Job
	28496  -  Run Bytes Received By Job
	128062  -  Total Bytes Sent By Job
	28496  -  Total Bytes Received By Job
	Partitionable Resources :    Usage  Request          
	   Cpus                 :                 1          
	   Disk (KB)            :      178      178          
	   Memory (MB)          :      233      233          
...
000 (451555.000.000) 06/25 13:25:31 Job submitted from host: <18.12.1.74:48322>
...
001 (451555.000.000) 06/25 13:25:43 Job executing on host: <18.12.9.24:46205>
...
006 (451555.000.000) 06/25 13:25:52 Image size of job updated: 373504
	140  -  MemoryUsage of job (MB)
	142504  -  ResidentSetSize of job (KB)
...
006 (451555.000.000) 06/25 13:30:53 Image size of job updated: 379404
	161  -  MemoryUsage of job (MB)
	163976  -  ResidentSetSize of job (KB)
...
006 (451555.000.000) 06/25 13:35:53 Image size of job updated: 382832
	208  -  MemoryUsage of job (MB)
	212524  -  ResidentSetSize of job (KB)
...
006 (451555.000.000) 06/25 13:45:54 Image size of job updated: 384544
	210  -  MemoryUsage of job (MB)
	214276  -  ResidentSetSize of job (KB)
...
005 (451555.000.000) 06/25 13:45:56 Job terminated.
	(1) Normal termination (return value 0)
		Usr 0 00:17:04, Sys 0 00:00:07  -  Run Remote Usage
		Usr 0 00:00:00, Sys 0 00:00:00  -  Run Local Usage
		Usr 0 00:17:04, Sys 0 00:00:07  -  Total Remote Usage
		Usr 0 00:00:00, Sys 0 00:00:00  -  Total Local Usage
	129661  -  Run Bytes Sent By Job
	28774  -  Run Bytes Received By Job
	129661  -  Total Bytes Sent By Job
	28774  -  Total Bytes Received By Job
	Partitionable Resources :    Usage  Request          
	   Cpus                 :                 1          
	   Disk (KB)            :      180      180          
	   Memory (MB)          :      210      210          
...
000 (451603.000.000) 06/25 16:35:17 Job submitted from host: <18.12.1.74:48322>
...
001 (451603.000.000) 06/25 16:35:34 Job executing on host: <18.12.8.254:47957>
...
006 (451603.000.000) 06/25 16:35:43 Image size of job updated: 183824
	68  -  MemoryUsage of job (MB)
	69488  -  ResidentSetSize of job (KB)
...
006 (451603.000.000) 06/25 16:40:44 Image size of job updated: 379740
	167  -  MemoryUsage of job (MB)
	170704  -  ResidentSetSize of job (KB)
...
006 (451603.000.000) 06/25 16:45:45 Image size of job updated: 383168
	210  -  MemoryUsage of job (MB)
	214768  -  ResidentSetSize of job (KB)
...
006 (451603.000.000) 06/25 16:50:45 Image size of job updated: 384884
	212  -  MemoryUsage of job (MB)
	216488  -  ResidentSetSize of job (KB)
...
005 (451603.000.000) 06/25 16:54:46 Job terminated.
	(1) Normal termination (return value 0)
		Usr 0 00:16:23, Sys 0 00:00:07  -  Run Remote Usage
		Usr 0 00:00:00, Sys 0 00:00:00  -  Run Local Usage
		Usr 0 00:16:23, Sys 0 00:00:07  -  Total Remote Usage
		Usr 0 00:00:00, Sys 0 00:00:00  -  Total Local Usage
	26583270  -  Run Bytes Sent By Job
	18573894  -  Run Bytes Received By Job
	26583270  -  Total Bytes Sent By Job
	18573894  -  Total Bytes Received By Job
	Partitionable Resources :    Usage  Request          
	   Cpus                 :                 1          
	   Disk (KB)            :    44124    44124          
	   Memory (MB)          :      212      212          
...
000 (452234.000.000) 06/26 10:52:54 Job submitted from host: <18.12.1.74:48322>
...
001 (452234.000.000) 06/26 10:53:14 Job executing on host: <18.12.8.235:46351>
...
006 (452234.000.000) 06/26 10:53:22 Image size of job updated: 1
	3  -  MemoryUsage of job (MB)
	2348  -  ResidentSetSize of job (KB)
...
006 (452234.000.000) 06/26 10:58:22 Image size of job updated: 383008
	164  -  MemoryUsage of job (MB)
	167848  -  ResidentSetSize of job (KB)
...
006 (452234.000.000) 06/26 11:03:23 Image size of job updated: 386436
	212  -  MemoryUsage of job (MB)
	216236  -  ResidentSetSize of job (KB)
...
000 (452289.000.000) 06/26 11:04:17 Job submitted from host: <18.12.1.74:48322>
...
001 (452289.000.000) 06/26 11:04:46 Job executing on host: <18.12.6.23:42044>
...
006 (452289.000.000) 06/26 11:04:55 Image size of job updated: 1
	3  -  MemoryUsage of job (MB)
	2352  -  ResidentSetSize of job (KB)
...
006 (452289.000.000) 06/26 11:09:56 Image size of job updated: 379844
	161  -  MemoryUsage of job (MB)
	164452  -  ResidentSetSize of job (KB)
...
006 (452234.000.000) 06/26 11:13:24 Image size of job updated: 388148
	212  -  MemoryUsage of job (MB)
	216524  -  ResidentSetSize of job (KB)
...
005 (452234.000.000) 06/26 11:14:53 Job terminated.
	(1) Normal termination (return value 0)
		Usr 0 00:16:49, Sys 0 00:00:10  -  Run Remote Usage
		Usr 0 00:00:00, Sys 0 00:00:00  -  Run Local Usage
		Usr 0 00:16:49, Sys 0 00:00:10  -  Total Remote Usage
		Usr 0 00:00:00, Sys 0 00:00:00  -  Total Local Usage
	26583230  -  Run Bytes Sent By Job
	18573696  -  Run Bytes Received By Job
	26583230  -  Total Bytes Sent By Job
	18573696  -  Total Bytes Received By Job
	Partitionable Resources :    Usage  Request          
	   Cpus                 :                 1          
	   Disk (KB)            :    44124    44124          
	   Memory (MB)          :      212      212          
...
006 (452289.000.000) 06/26 11:14:57 Image size of job updated: 383268
	209  -  MemoryUsage of job (MB)
	213356  -  ResidentSetSize of job (KB)
...
006 (452289.000.000) 06/26 11:19:57 Image size of job updated: 383268
	209  -  MemoryUsage of job (MB)
	213360  -  ResidentSetSize of job (KB)
...
006 (452289.000.000) 06/26 11:24:57 Image size of job updated: 384984
	211  -  MemoryUsage of job (MB)
	215160  -  ResidentSetSize of job (KB)
...
005 (452289.000.000) 06/26 11:26:05 Job terminated.
	(1) Normal termination (return value 0)
		Usr 0 00:18:30, Sys 0 00:00:11  -  Run Remote Usage
		Usr 0 00:00:00, Sys 0 00:00:00  -  Run Local Usage
		Usr 0 00:18:30, Sys 0 00:00:11  -  Total Remote Usage
		Usr 0 00:00:00, Sys 0 00:00:00  -  Total Local Usage
	26583296  -  Run Bytes Sent By Job
	18573676  -  Run Bytes Received By Job
	26583296  -  Total Bytes Sent By Job
	18573676  -  Total Bytes Received By Job
	Partitionable Resources :    Usage  Request          
	   Cpus                 :                 1          
	   Disk (KB)            :    44124    44124          
	   Memory (MB)          :      211      211          
...
000 (491424.000.000) 06/29 08:24:34 Job submitted from host: <18.12.1.74:48322>
...
001 (491424.000.000) 06/29 08:25:07 Job executing on host: <18.12.8.211:42920>
...
006 (491424.000.000) 06/29 08:25:15 Image size of job updated: 409320
	178  -  MemoryUsage of job (MB)
	181796  -  ResidentSetSize of job (KB)
...
006 (491424.000.000) 06/29 08:30:15 Image size of job updated: 415288
	199  -  MemoryUsage of job (MB)
	203580  -  ResidentSetSize of job (KB)
...
006 (491424.000.000) 06/29 08:35:16 Image size of job updated: 418712
	247  -  MemoryUsage of job (MB)
	251948  -  ResidentSetSize of job (KB)
...
006 (491424.000.000) 06/29 08:40:17 Image size of job updated: 420428
	248  -  MemoryUsage of job (MB)
	253664  -  ResidentSetSize of job (KB)
...
005 (491424.000.000) 06/29 08:44:28 Job terminated.
	(1) Normal termination (return value 0)
		Usr 0 00:16:11, Sys 0 00:00:09  -  Run Remote Usage
		Usr 0 00:00:00, Sys 0 00:00:00  -  Run Local Usage
		Usr 0 00:16:11, Sys 0 00:00:09  -  Total Remote Usage
		Usr 0 00:00:00, Sys 0 00:00:00  -  Total Local Usage
	26587306  -  Run Bytes Sent By Job
	18573444  -  Run Bytes Received By Job
	26587306  -  Total Bytes Sent By Job
	18573444  -  Total Bytes Received By Job
	Partitionable Resources :    Usage  Request          
	   Cpus                 :                 1          
	   Disk (KB)            :    44128    44128          
	   Memory (MB)          :      248      248          
...
000 (495905.000.000) 07/03 12:36:26 Job submitted from host: <18.12.1.74:48322>
...
001 (495905.000.000) 07/03 12:37:41 Job executing on host: <18.12.8.247:45913>
...
006 (495905.000.000) 07/03 12:37:49 Image size of job updated: 1
	3  -  MemoryUsage of job (MB)
	2376  -  ResidentSetSize of job (KB)
...
006 (495905.000.000) 07/03 12:42:49 Image size of job updated: 556780
	334  -  MemoryUsage of job (MB)
	341408  -  ResidentSetSize of job (KB)
...
006 (495905.000.000) 07/03 12:47:50 Image size of job updated: 560208
	381  -  MemoryUsage of job (MB)
	389776  -  ResidentSetSize of job (KB)
...
006 (495905.000.000) 07/03 12:57:51 Image size of job updated: 561920
	381  -  MemoryUsage of job (MB)
	389776  -  ResidentSetSize of job (KB)
...
005 (495905.000.000) 07/03 12:58:45 Job terminated.
	(1) Normal termination (return value 0)
		Usr 0 00:17:06, Sys 0 00:00:11  -  Run Remote Usage
		Usr 0 00:00:00, Sys 0 00:00:00  -  Run Local Usage
		Usr 0 00:17:06, Sys 0 00:00:11  -  Total Remote Usage
		Usr 0 00:00:00, Sys 0 00:00:00  -  Total Local Usage
	33931448  -  Run Bytes Sent By Job
	18576446  -  Run Bytes Received By Job
	33931448  -  Total Bytes Sent By Job
	18576446  -  Total Bytes Received By Job
	Partitionable Resources :    Usage  Request          
	   Cpus                 :                 1          
	   Disk (KB)            :    51303    51303          
	   Memory (MB)          :      381      381          
...
