000 (426862.000.000) 06/22 21:36:58 Job submitted from host: <18.12.1.74:48322>
...
001 (426862.000.000) 06/22 21:37:18 Job executing on host: <18.12.8.101:49490>
...
006 (426862.000.000) 06/22 21:37:26 Image size of job updated: 68256
	13  -  MemoryUsage of job (MB)
	12964  -  ResidentSetSize of job (KB)
...
006 (426862.000.000) 06/22 21:42:26 Image size of job updated: 411460
	198  -  MemoryUsage of job (MB)
	202184  -  ResidentSetSize of job (KB)
...
006 (426862.000.000) 06/22 21:47:26 Image size of job updated: 415900
	202  -  MemoryUsage of job (MB)
	206700  -  ResidentSetSize of job (KB)
...
006 (426862.000.000) 06/22 22:01:23 Image size of job updated: 418344
	202  -  MemoryUsage of job (MB)
	206700  -  ResidentSetSize of job (KB)
...
005 (426862.000.000) 06/22 22:01:24 Job terminated.
	(1) Normal termination (return value 0)
		Usr 0 00:12:08, Sys 0 00:00:16  -  Run Remote Usage
		Usr 0 00:00:00, Sys 0 00:00:00  -  Run Local Usage
		Usr 0 00:12:08, Sys 0 00:00:16  -  Total Remote Usage
		Usr 0 00:00:00, Sys 0 00:00:00  -  Total Local Usage
	127970  -  Run Bytes Sent By Job
	28496  -  Run Bytes Received By Job
	127970  -  Total Bytes Sent By Job
	28496  -  Total Bytes Received By Job
	Partitionable Resources :    Usage  Request          
	   Cpus                 :                 1          
	   Disk (KB)            :      178      178          
	   Memory (MB)          :      202      202          
...
000 (451548.000.000) 06/25 13:25:30 Job submitted from host: <18.12.1.74:48322>
...
001 (451548.000.000) 06/25 13:25:42 Job executing on host: <18.12.9.82:44891>
...
006 (451548.000.000) 06/25 13:25:51 Image size of job updated: 373684
	134  -  MemoryUsage of job (MB)
	136540  -  ResidentSetSize of job (KB)
...
006 (451548.000.000) 06/25 13:30:52 Image size of job updated: 375708
	152  -  MemoryUsage of job (MB)
	155280  -  ResidentSetSize of job (KB)
...
006 (451548.000.000) 06/25 13:35:53 Image size of job updated: 385496
	201  -  MemoryUsage of job (MB)
	205632  -  ResidentSetSize of job (KB)
...
006 (451548.000.000) 06/25 13:40:53 Image size of job updated: 386352
	202  -  MemoryUsage of job (MB)
	206628  -  ResidentSetSize of job (KB)
...
005 (451548.000.000) 06/25 13:46:08 Job terminated.
	(1) Normal termination (return value 0)
		Usr 0 00:14:23, Sys 0 00:00:10  -  Run Remote Usage
		Usr 0 00:00:00, Sys 0 00:00:00  -  Run Local Usage
		Usr 0 00:14:23, Sys 0 00:00:10  -  Total Remote Usage
		Usr 0 00:00:00, Sys 0 00:00:00  -  Total Local Usage
	129545  -  Run Bytes Sent By Job
	28774  -  Run Bytes Received By Job
	129545  -  Total Bytes Sent By Job
	28774  -  Total Bytes Received By Job
	Partitionable Resources :    Usage  Request          
	   Cpus                 :                 1          
	   Disk (KB)            :      180      180          
	   Memory (MB)          :      202      202          
...
000 (451596.000.000) 06/25 16:35:16 Job submitted from host: <18.12.1.74:48322>
...
001 (451596.000.000) 06/25 16:35:33 Job executing on host: <18.12.6.84:41606>
...
006 (451596.000.000) 06/25 16:35:42 Image size of job updated: 146716
	31  -  MemoryUsage of job (MB)
	31720  -  ResidentSetSize of job (KB)
...
006 (451596.000.000) 06/25 16:40:43 Image size of job updated: 376020
	161  -  MemoryUsage of job (MB)
	164620  -  ResidentSetSize of job (KB)
...
006 (451596.000.000) 06/25 16:45:43 Image size of job updated: 385824
	210  -  MemoryUsage of job (MB)
	214976  -  ResidentSetSize of job (KB)
...
006 (451596.000.000) 06/25 16:50:43 Image size of job updated: 386680
	211  -  MemoryUsage of job (MB)
	215960  -  ResidentSetSize of job (KB)
...
006 (451596.000.000) 06/25 16:55:44 Image size of job updated: 386680
	211  -  MemoryUsage of job (MB)
	216000  -  ResidentSetSize of job (KB)
...
005 (451596.000.000) 06/25 16:57:16 Job terminated.
	(1) Normal termination (return value 0)
		Usr 0 00:18:41, Sys 0 00:00:06  -  Run Remote Usage
		Usr 0 00:00:00, Sys 0 00:00:00  -  Run Local Usage
		Usr 0 00:18:41, Sys 0 00:00:06  -  Total Remote Usage
		Usr 0 00:00:00, Sys 0 00:00:00  -  Total Local Usage
	26583640  -  Run Bytes Sent By Job
	18573894  -  Run Bytes Received By Job
	26583640  -  Total Bytes Sent By Job
	18573894  -  Total Bytes Received By Job
	Partitionable Resources :    Usage  Request          
	   Cpus                 :                 1          
	   Disk (KB)            :    44125    44125          
	   Memory (MB)          :      211      211          
...
000 (452227.000.000) 06/26 10:52:53 Job submitted from host: <18.12.1.74:48322>
...
001 (452227.000.000) 06/26 10:53:18 Job executing on host: <18.12.8.174:44088>
...
006 (452227.000.000) 06/26 10:53:26 Image size of job updated: 1
	3  -  MemoryUsage of job (MB)
	2352  -  ResidentSetSize of job (KB)
...
006 (452227.000.000) 06/26 10:58:26 Image size of job updated: 379256
	164  -  MemoryUsage of job (MB)
	167804  -  ResidentSetSize of job (KB)
...
006 (452227.000.000) 06/26 11:03:27 Image size of job updated: 379256
	164  -  MemoryUsage of job (MB)
	167908  -  ResidentSetSize of job (KB)
...
000 (452282.000.000) 06/26 11:04:16 Job submitted from host: <18.12.1.74:48322>
...
001 (452282.000.000) 06/26 11:04:45 Job executing on host: <18.12.6.57:49855>
...
006 (452282.000.000) 06/26 11:04:54 Image size of job updated: 1
	3  -  MemoryUsage of job (MB)
	2352  -  ResidentSetSize of job (KB)
...
006 (452227.000.000) 06/26 11:08:28 Image size of job updated: 384584
	170  -  MemoryUsage of job (MB)
	173204  -  ResidentSetSize of job (KB)
...
006 (452282.000.000) 06/26 11:09:55 Image size of job updated: 376112
	163  -  MemoryUsage of job (MB)
	166504  -  ResidentSetSize of job (KB)
...
006 (452227.000.000) 06/26 11:13:28 Image size of job updated: 389088
	214  -  MemoryUsage of job (MB)
	219116  -  ResidentSetSize of job (KB)
...
006 (452282.000.000) 06/26 11:14:55 Image size of job updated: 385916
	212  -  MemoryUsage of job (MB)
	216880  -  ResidentSetSize of job (KB)
...
006 (452227.000.000) 06/26 11:18:29 Image size of job updated: 389948
	215  -  MemoryUsage of job (MB)
	220048  -  ResidentSetSize of job (KB)
...
006 (452282.000.000) 06/26 11:19:55 Image size of job updated: 386772
	213  -  MemoryUsage of job (MB)
	217864  -  ResidentSetSize of job (KB)
...
006 (452282.000.000) 06/26 11:24:56 Image size of job updated: 386772
	213  -  MemoryUsage of job (MB)
	217908  -  ResidentSetSize of job (KB)
...
005 (452282.000.000) 06/26 11:27:05 Job terminated.
	(1) Normal termination (return value 0)
		Usr 0 00:18:55, Sys 0 00:00:11  -  Run Remote Usage
		Usr 0 00:00:00, Sys 0 00:00:00  -  Run Local Usage
		Usr 0 00:18:55, Sys 0 00:00:11  -  Total Remote Usage
		Usr 0 00:00:00, Sys 0 00:00:00  -  Total Local Usage
	26583392  -  Run Bytes Sent By Job
	18573676  -  Run Bytes Received By Job
	26583392  -  Total Bytes Sent By Job
	18573676  -  Total Bytes Received By Job
	Partitionable Resources :    Usage  Request          
	   Cpus                 :                 1          
	   Disk (KB)            :    44124    44124          
	   Memory (MB)          :      213      213          
...
005 (452227.000.000) 06/26 11:31:14 Job terminated.
	(1) Normal termination (return value 0)
		Usr 0 00:17:20, Sys 0 00:00:07  -  Run Remote Usage
		Usr 0 00:00:00, Sys 0 00:00:00  -  Run Local Usage
		Usr 0 00:17:20, Sys 0 00:00:07  -  Total Remote Usage
		Usr 0 00:00:00, Sys 0 00:00:00  -  Total Local Usage
	26583148  -  Run Bytes Sent By Job
	18573696  -  Run Bytes Received By Job
	26583148  -  Total Bytes Sent By Job
	18573696  -  Total Bytes Received By Job
	Partitionable Resources :    Usage  Request          
	   Cpus                 :                 1          
	   Disk (KB)            :    44124    44124          
	   Memory (MB)          :      215      215          
...
000 (491417.000.000) 06/29 08:24:33 Job submitted from host: <18.12.1.74:48322>
...
001 (491417.000.000) 06/29 08:25:04 Job executing on host: <18.12.6.25:44453>
...
006 (491417.000.000) 06/29 08:25:13 Image size of job updated: 1
	3  -  MemoryUsage of job (MB)
	2356  -  ResidentSetSize of job (KB)
...
006 (491417.000.000) 06/29 08:30:14 Image size of job updated: 411568
	199  -  MemoryUsage of job (MB)
	203636  -  ResidentSetSize of job (KB)
...
006 (491417.000.000) 06/29 08:35:14 Image size of job updated: 421372
	249  -  MemoryUsage of job (MB)
	253988  -  ResidentSetSize of job (KB)
...
006 (491417.000.000) 06/29 08:40:14 Image size of job updated: 422228
	249  -  MemoryUsage of job (MB)
	254928  -  ResidentSetSize of job (KB)
...
005 (491417.000.000) 06/29 08:46:09 Job terminated.
	(1) Normal termination (return value 0)
		Usr 0 00:17:16, Sys 0 00:00:09  -  Run Remote Usage
		Usr 0 00:00:00, Sys 0 00:00:00  -  Run Local Usage
		Usr 0 00:17:16, Sys 0 00:00:09  -  Total Remote Usage
		Usr 0 00:00:00, Sys 0 00:00:00  -  Total Local Usage
	26587292  -  Run Bytes Sent By Job
	18573444  -  Run Bytes Received By Job
	26587292  -  Total Bytes Sent By Job
	18573444  -  Total Bytes Received By Job
	Partitionable Resources :    Usage  Request          
	   Cpus                 :                 1          
	   Disk (KB)            :    44128    44128          
	   Memory (MB)          :      249      249          
...
000 (495898.000.000) 07/03 12:36:25 Job submitted from host: <18.12.1.74:48322>
...
001 (495898.000.000) 07/03 12:36:49 Job executing on host: <18.12.9.73:46059>
...
006 (495898.000.000) 07/03 12:36:57 Image size of job updated: 550884
	318  -  MemoryUsage of job (MB)
	325276  -  ResidentSetSize of job (KB)
...
006 (495898.000.000) 07/03 12:41:57 Image size of job updated: 553032
	337  -  MemoryUsage of job (MB)
	344076  -  ResidentSetSize of job (KB)
...
006 (495898.000.000) 07/03 12:46:57 Image size of job updated: 562864
	386  -  MemoryUsage of job (MB)
	394452  -  ResidentSetSize of job (KB)
...
006 (495898.000.000) 07/03 12:51:59 Image size of job updated: 563720
	387  -  MemoryUsage of job (MB)
	395384  -  ResidentSetSize of job (KB)
...
006 (495898.000.000) 07/03 12:56:59 Image size of job updated: 593104
	406  -  MemoryUsage of job (MB)
	415144  -  ResidentSetSize of job (KB)
...
005 (495898.000.000) 07/03 12:58:23 Job terminated.
	(1) Normal termination (return value 0)
		Usr 0 00:14:25, Sys 0 00:00:12  -  Run Remote Usage
		Usr 0 00:00:00, Sys 0 00:00:00  -  Run Local Usage
		Usr 0 00:14:25, Sys 0 00:00:12  -  Total Remote Usage
		Usr 0 00:00:00, Sys 0 00:00:00  -  Total Local Usage
	30852912  -  Run Bytes Sent By Job
	18576446  -  Run Bytes Received By Job
	30852912  -  Total Bytes Sent By Job
	18576446  -  Total Bytes Received By Job
	Partitionable Resources :    Usage  Request          
	   Cpus                 :                 1          
	   Disk (KB)            :    48297    48297          
	   Memory (MB)          :      406      406          
...
