000 (426884.000.000) 06/22 21:37:00 Job submitted from host: <18.12.1.74:48322>
...
001 (426884.000.000) 06/22 21:37:18 Job executing on host: <18.12.6.31:46862>
...
006 (426884.000.000) 06/22 21:37:26 Image size of job updated: 1
	3  -  MemoryUsage of job (MB)
	2352  -  ResidentSetSize of job (KB)
...
006 (426884.000.000) 06/22 21:42:26 Image size of job updated: 410392
	199  -  MemoryUsage of job (MB)
	203460  -  ResidentSetSize of job (KB)
...
006 (426884.000.000) 06/22 21:47:27 Image size of job updated: 410532
	199  -  MemoryUsage of job (MB)
	203608  -  ResidentSetSize of job (KB)
...
006 (426884.000.000) 06/22 21:57:28 Image size of job updated: 415832
	235  -  MemoryUsage of job (MB)
	239696  -  ResidentSetSize of job (KB)
...
006 (426884.000.000) 06/22 21:58:50 Image size of job updated: 416444
	235  -  MemoryUsage of job (MB)
	239696  -  ResidentSetSize of job (KB)
...
005 (426884.000.000) 06/22 21:58:50 Job terminated.
	(1) Normal termination (return value 0)
		Usr 0 00:18:16, Sys 0 00:00:12  -  Run Remote Usage
		Usr 0 00:00:00, Sys 0 00:00:00  -  Run Local Usage
		Usr 0 00:18:16, Sys 0 00:00:12  -  Total Remote Usage
		Usr 0 00:00:00, Sys 0 00:00:00  -  Total Local Usage
	128045  -  Run Bytes Sent By Job
	28496  -  Run Bytes Received By Job
	128045  -  Total Bytes Sent By Job
	28496  -  Total Bytes Received By Job
	Partitionable Resources :    Usage  Request          
	   Cpus                 :                 1          
	   Disk (KB)            :      178      178          
	   Memory (MB)          :      235      235          
...
000 (451570.000.000) 06/25 13:25:33 Job submitted from host: <18.12.1.74:48322>
...
001 (451570.000.000) 06/25 13:25:44 Job executing on host: <18.12.8.251:47811>
...
006 (451570.000.000) 06/25 13:25:53 Image size of job updated: 182332
	66  -  MemoryUsage of job (MB)
	67520  -  ResidentSetSize of job (KB)
...
006 (451570.000.000) 06/25 13:30:53 Image size of job updated: 381312
	163  -  MemoryUsage of job (MB)
	166632  -  ResidentSetSize of job (KB)
...
006 (451570.000.000) 06/25 13:35:53 Image size of job updated: 385704
	210  -  MemoryUsage of job (MB)
	214756  -  ResidentSetSize of job (KB)
...
006 (451570.000.000) 06/25 13:40:54 Image size of job updated: 388336
	213  -  MemoryUsage of job (MB)
	217408  -  ResidentSetSize of job (KB)
...
005 (451570.000.000) 06/25 13:44:57 Job terminated.
	(1) Normal termination (return value 0)
		Usr 0 00:16:15, Sys 0 00:00:05  -  Run Remote Usage
		Usr 0 00:00:00, Sys 0 00:00:00  -  Run Local Usage
		Usr 0 00:16:15, Sys 0 00:00:05  -  Total Remote Usage
		Usr 0 00:00:00, Sys 0 00:00:00  -  Total Local Usage
	129633  -  Run Bytes Sent By Job
	28774  -  Run Bytes Received By Job
	129633  -  Total Bytes Sent By Job
	28774  -  Total Bytes Received By Job
	Partitionable Resources :    Usage  Request          
	   Cpus                 :                 1          
	   Disk (KB)            :      180      180          
	   Memory (MB)          :      213      213          
...
000 (451618.000.000) 06/25 16:35:18 Job submitted from host: <18.12.1.74:48322>
...
001 (451618.000.000) 06/25 16:35:41 Job executing on host: <18.12.6.94:42336>
...
006 (451618.000.000) 06/25 16:35:50 Image size of job updated: 375600
	143  -  MemoryUsage of job (MB)
	145784  -  ResidentSetSize of job (KB)
...
006 (451618.000.000) 06/25 16:40:51 Image size of job updated: 381664
	164  -  MemoryUsage of job (MB)
	167872  -  ResidentSetSize of job (KB)
...
006 (451618.000.000) 06/25 16:45:51 Image size of job updated: 386056
	211  -  MemoryUsage of job (MB)
	215988  -  ResidentSetSize of job (KB)
...
006 (451618.000.000) 06/25 16:50:51 Image size of job updated: 389568
	215  -  MemoryUsage of job (MB)
	219500  -  ResidentSetSize of job (KB)
...
006 (451618.000.000) 06/25 16:55:52 Image size of job updated: 389568
	215  -  MemoryUsage of job (MB)
	219528  -  ResidentSetSize of job (KB)
...
005 (451618.000.000) 06/25 16:56:39 Job terminated.
	(1) Normal termination (return value 0)
		Usr 0 00:18:22, Sys 0 00:00:06  -  Run Remote Usage
		Usr 0 00:00:00, Sys 0 00:00:00  -  Run Local Usage
		Usr 0 00:18:22, Sys 0 00:00:06  -  Total Remote Usage
		Usr 0 00:00:00, Sys 0 00:00:00  -  Total Local Usage
	26583364  -  Run Bytes Sent By Job
	18573894  -  Run Bytes Received By Job
	26583364  -  Total Bytes Sent By Job
	18573894  -  Total Bytes Received By Job
	Partitionable Resources :    Usage  Request          
	   Cpus                 :                 1          
	   Disk (KB)            :    44124    44124          
	   Memory (MB)          :      215      215          
...
000 (452249.000.000) 06/26 10:52:55 Job submitted from host: <18.12.1.74:48322>
...
001 (452249.000.000) 06/26 10:53:19 Job executing on host: <18.12.8.236:40657>
...
006 (452249.000.000) 06/26 10:53:27 Image size of job updated: 55012
	3  -  MemoryUsage of job (MB)
	2444  -  ResidentSetSize of job (KB)
...
006 (452249.000.000) 06/26 10:58:27 Image size of job updated: 384928
	175  -  MemoryUsage of job (MB)
	178952  -  ResidentSetSize of job (KB)
...
006 (452249.000.000) 06/26 11:03:28 Image size of job updated: 389320
	218  -  MemoryUsage of job (MB)
	223004  -  ResidentSetSize of job (KB)
...
000 (452304.000.000) 06/26 11:04:18 Job submitted from host: <18.12.1.74:48322>
...
001 (452304.000.000) 06/26 11:04:49 Job executing on host: <18.12.6.29:43942>
...
006 (452304.000.000) 06/26 11:04:57 Image size of job updated: 85108
	17  -  MemoryUsage of job (MB)
	17260  -  ResidentSetSize of job (KB)
...
006 (452249.000.000) 06/26 11:08:29 Image size of job updated: 392836
	219  -  MemoryUsage of job (MB)
	224188  -  ResidentSetSize of job (KB)
...
006 (452304.000.000) 06/26 11:09:57 Image size of job updated: 381760
	169  -  MemoryUsage of job (MB)
	172532  -  ResidentSetSize of job (KB)
...
005 (452249.000.000) 06/26 11:14:59 Job terminated.
	(1) Normal termination (return value 0)
		Usr 0 00:16:39, Sys 0 00:00:13  -  Run Remote Usage
		Usr 0 00:00:00, Sys 0 00:00:00  -  Run Local Usage
		Usr 0 00:16:39, Sys 0 00:00:13  -  Total Remote Usage
		Usr 0 00:00:00, Sys 0 00:00:00  -  Total Local Usage
	26583148  -  Run Bytes Sent By Job
	18573696  -  Run Bytes Received By Job
	26583148  -  Total Bytes Sent By Job
	18573696  -  Total Bytes Received By Job
	Partitionable Resources :    Usage  Request          
	   Cpus                 :                 1          
	   Disk (KB)            :    44124    44124          
	   Memory (MB)          :      219      219          
...
006 (452304.000.000) 06/26 11:19:58 Image size of job updated: 386152
	212  -  MemoryUsage of job (MB)
	216576  -  ResidentSetSize of job (KB)
...
006 (452304.000.000) 06/26 11:24:58 Image size of job updated: 389664
	215  -  MemoryUsage of job (MB)
	220088  -  ResidentSetSize of job (KB)
...
006 (452304.000.000) 06/26 11:29:58 Image size of job updated: 389664
	215  -  MemoryUsage of job (MB)
	220096  -  ResidentSetSize of job (KB)
...
006 (452304.000.000) 06/26 11:34:59 Image size of job updated: 389664
	215  -  MemoryUsage of job (MB)
	220108  -  ResidentSetSize of job (KB)
...
005 (452304.000.000) 06/26 11:35:54 Job terminated.
	(1) Normal termination (return value 0)
		Usr 0 00:18:20, Sys 0 00:00:12  -  Run Remote Usage
		Usr 0 00:00:00, Sys 0 00:00:00  -  Run Local Usage
		Usr 0 00:18:20, Sys 0 00:00:12  -  Total Remote Usage
		Usr 0 00:00:00, Sys 0 00:00:00  -  Total Local Usage
	26583280  -  Run Bytes Sent By Job
	18573676  -  Run Bytes Received By Job
	26583280  -  Total Bytes Sent By Job
	18573676  -  Total Bytes Received By Job
	Partitionable Resources :    Usage  Request          
	   Cpus                 :                 1          
	   Disk (KB)            :    44124    44124          
	   Memory (MB)          :      215      215          
...
000 (491439.000.000) 06/29 08:24:35 Job submitted from host: <18.12.1.74:48322>
...
001 (491439.000.000) 06/29 08:25:07 Job executing on host: <18.12.8.113:46716>
...
006 (491439.000.000) 06/29 08:25:16 Image size of job updated: 1
	3  -  MemoryUsage of job (MB)
	2360  -  ResidentSetSize of job (KB)
...
006 (491439.000.000) 06/29 08:30:17 Image size of job updated: 417204
	203  -  MemoryUsage of job (MB)
	207808  -  ResidentSetSize of job (KB)
...
006 (491439.000.000) 06/29 08:40:17 Image size of job updated: 421596
	246  -  MemoryUsage of job (MB)
	251024  -  ResidentSetSize of job (KB)
...
006 (491439.000.000) 06/29 08:45:18 Image size of job updated: 425108
	246  -  MemoryUsage of job (MB)
	251024  -  ResidentSetSize of job (KB)
...
005 (491439.000.000) 06/29 08:52:05 Job terminated.
	(1) Normal termination (return value 0)
		Usr 0 00:12:03, Sys 0 00:00:14  -  Run Remote Usage
		Usr 0 00:00:00, Sys 0 00:00:00  -  Run Local Usage
		Usr 0 00:12:03, Sys 0 00:00:14  -  Total Remote Usage
		Usr 0 00:00:00, Sys 0 00:00:00  -  Total Local Usage
	26587152  -  Run Bytes Sent By Job
	18573444  -  Run Bytes Received By Job
	26587152  -  Total Bytes Sent By Job
	18573444  -  Total Bytes Received By Job
	Partitionable Resources :    Usage  Request          
	   Cpus                 :                 1          
	   Disk (KB)            :    44128    44128          
	   Memory (MB)          :      246      246          
...
000 (495920.000.000) 07/03 12:36:27 Job submitted from host: <18.12.1.74:48322>
...
001 (495920.000.000) 07/03 12:38:17 Job executing on host: <18.12.8.209:48249>
...
006 (495920.000.000) 07/03 12:38:26 Image size of job updated: 1
	3  -  MemoryUsage of job (MB)
	2364  -  ResidentSetSize of job (KB)
...
006 (495920.000.000) 07/03 12:43:27 Image size of job updated: 558704
	345  -  MemoryUsage of job (MB)
	352380  -  ResidentSetSize of job (KB)
...
006 (495920.000.000) 07/03 12:48:27 Image size of job updated: 563096
	387  -  MemoryUsage of job (MB)
	396152  -  ResidentSetSize of job (KB)
...
006 (495920.000.000) 07/03 12:53:27 Image size of job updated: 566612
	391  -  MemoryUsage of job (MB)
	399452  -  ResidentSetSize of job (KB)
...
005 (495920.000.000) 07/03 12:58:30 Job terminated.
	(1) Normal termination (return value 0)
		Usr 0 00:17:00, Sys 0 00:00:11  -  Run Remote Usage
		Usr 0 00:00:00, Sys 0 00:00:00  -  Run Local Usage
		Usr 0 00:17:00, Sys 0 00:00:11  -  Total Remote Usage
		Usr 0 00:00:00, Sys 0 00:00:00  -  Total Local Usage
	42123756  -  Run Bytes Sent By Job
	18576446  -  Run Bytes Received By Job
	42123756  -  Total Bytes Sent By Job
	18576446  -  Total Bytes Received By Job
	Partitionable Resources :    Usage  Request          
	   Cpus                 :                 1          
	   Disk (KB)            :    59303    59303          
	   Memory (MB)          :      391      391          
...
