
----------------------------------------------------
Job started on Mon Jun 22 21:37:21 EDT 2015 at WN: t2bat0182.cmsaf.mit.edu 
Job is running on Linux t2bat0182.cmsaf.mit.edu 2.6.32-358.el6.x86_64 #1 SMP Fri Feb 22 20:37:17 CST 2013 x86_64 x86_64 x86_64 GNU/Linux
Filesystem            Size  Used Avail Use% Mounted on
/dev/sda3              20G  3.7G   15G  20% /
tmpfs                  12G     0   12G   0% /dev/shm
/dev/sda1              97M   32M   61M  35% /boot
/dev/sda4             874G   93G  781G  11% /export/data1
/dev/sdb1             1.8T  1.6T  200G  90% /export/00b
/dev/sdc1             1.8T  1.6T  201G  90% /export/00c
/dev/sdd1             1.8T  1.7T  190G  90% /export/00d
/dev/sde1             1.8T  1.6T  205G  89% /export/00e
/dev/sdf1             1.8T  1.6T  202G  90% /export/00f
fuse_dfs              4.9P  4.4P  522T  90% /mnt/hadoop
t2srv0004:/export/db  135G  187M  135G   1% /net/t2srv0004/db
cvmfs2                 98G   91G  6.8G  94% /cvmfs/cms.cern.ch
cvmfs2                 98G   91G  6.8G  94% /cvmfs/mu2e.opensciencegrid.org
cvmfs2                 98G   91G  6.8G  94% /cvmfs/oasis.opensciencegrid.org
cvmfs2                 98G   91G  6.8G  94% /cvmfs/cdfcfs.fnal.gov
cvmfs2                 98G   91G  6.8G  94% /cvmfs/cvmfs.cmsaf.mit.edu
gcc (GCC) 4.4.7 20120313 (Red Hat 4.4.7-3)
Copyright (C) 2010 Free Software Foundation, Inc.
This is free software; see the source for copying conditions.  There is NO
warranty; not even for MERCHANTABILITY or FITNESS FOR A PARTICULAR PURPOSE.

Processing...
0/1232875
10000/1232875
20000/1232875
30000/1232875
40000/1232875
50000/1232875
60000/1232875
70000/1232875
80000/1232875
90000/1232875
100000/1232875
110000/1232875
120000/1232875
130000/1232875
140000/1232875
150000/1232875
160000/1232875
170000/1232875
180000/1232875
190000/1232875
200000/1232875
210000/1232875
220000/1232875
230000/1232875
240000/1232875
250000/1232875
260000/1232875
270000/1232875
280000/1232875
290000/1232875
300000/1232875
310000/1232875
320000/1232875
330000/1232875
340000/1232875
350000/1232875
360000/1232875
370000/1232875
380000/1232875
390000/1232875
400000/1232875
410000/1232875
420000/1232875
430000/1232875
440000/1232875
450000/1232875
460000/1232875
470000/1232875
480000/1232875
490000/1232875
500000/1232875
510000/1232875
520000/1232875
530000/1232875
540000/1232875
550000/1232875
560000/1232875
570000/1232875
580000/1232875
590000/1232875
600000/1232875
610000/1232875
620000/1232875
630000/1232875
640000/1232875
650000/1232875
660000/1232875
670000/1232875
680000/1232875
690000/1232875
700000/1232875
710000/1232875
720000/1232875
730000/1232875
740000/1232875
750000/1232875
760000/1232875
770000/1232875
780000/1232875
790000/1232875
800000/1232875
810000/1232875
820000/1232875
830000/1232875
840000/1232875
850000/1232875
860000/1232875
870000/1232875
880000/1232875
890000/1232875
900000/1232875
910000/1232875
920000/1232875
930000/1232875
940000/1232875
950000/1232875
960000/1232875
970000/1232875
980000/1232875
990000/1232875
1000000/1232875
1010000/1232875
1020000/1232875
1030000/1232875
1040000/1232875
1050000/1232875
1060000/1232875
1070000/1232875
1080000/1232875
1090000/1232875
1100000/1232875
1110000/1232875
1120000/1232875
1130000/1232875
1140000/1232875
1150000/1232875
1160000/1232875
1170000/1232875
1180000/1232875
1190000/1232875
1200000/1232875
1210000/1232875
1220000/1232875
1230000/1232875
Macro finished: 
CPU time (min)  = 17.7443
Real time (min) = 34.1203
Done!
Copied output files to hadoop rootfiles/JetRAA/June22
