000 (426861.000.000) 06/22 21:36:58 Job submitted from host: <18.12.1.74:48322>
...
001 (426861.000.000) 06/22 21:37:22 Job executing on host: <18.12.6.32:47519>
...
006 (426861.000.000) 06/22 21:37:31 Image size of job updated: 1
	3  -  MemoryUsage of job (MB)
	2372  -  ResidentSetSize of job (KB)
...
006 (426861.000.000) 06/22 21:42:32 Image size of job updated: 412216
	199  -  MemoryUsage of job (MB)
	202940  -  ResidentSetSize of job (KB)
...
006 (426861.000.000) 06/22 21:47:32 Image size of job updated: 412216
	199  -  MemoryUsage of job (MB)
	202952  -  ResidentSetSize of job (KB)
...
006 (426861.000.000) 06/22 21:57:34 Image size of job updated: 418212
	234  -  MemoryUsage of job (MB)
	239400  -  ResidentSetSize of job (KB)
...
005 (426861.000.000) 06/22 21:59:06 Job terminated.
	(1) Normal termination (return value 0)
		Usr 0 00:18:41, Sys 0 00:00:11  -  Run Remote Usage
		Usr 0 00:00:00, Sys 0 00:00:00  -  Run Local Usage
		Usr 0 00:18:41, Sys 0 00:00:11  -  Total Remote Usage
		Usr 0 00:00:00, Sys 0 00:00:00  -  Total Local Usage
	128061  -  Run Bytes Sent By Job
	28496  -  Run Bytes Received By Job
	128061  -  Total Bytes Sent By Job
	28496  -  Total Bytes Received By Job
	Partitionable Resources :    Usage  Request          
	   Cpus                 :                 1          
	   Disk (KB)            :      178      178          
	   Memory (MB)          :      234      234          
...
000 (451547.000.000) 06/25 13:25:30 Job submitted from host: <18.12.1.74:48322>
...
001 (451547.000.000) 06/25 13:25:42 Job executing on host: <18.12.9.59:44891>
...
006 (451547.000.000) 06/25 13:25:51 Image size of job updated: 181808
	69  -  MemoryUsage of job (MB)
	70108  -  ResidentSetSize of job (KB)
...
006 (451547.000.000) 06/25 13:30:52 Image size of job updated: 380360
	169  -  MemoryUsage of job (MB)
	172760  -  ResidentSetSize of job (KB)
...
006 (451547.000.000) 06/25 13:35:53 Image size of job updated: 384860
	214  -  MemoryUsage of job (MB)
	218588  -  ResidentSetSize of job (KB)
...
006 (451547.000.000) 06/25 13:40:53 Image size of job updated: 387520
	217  -  MemoryUsage of job (MB)
	221288  -  ResidentSetSize of job (KB)
...
005 (451547.000.000) 06/25 13:43:46 Job terminated.
	(1) Normal termination (return value 0)
		Usr 0 00:13:51, Sys 0 00:00:10  -  Run Remote Usage
		Usr 0 00:00:00, Sys 0 00:00:00  -  Run Local Usage
		Usr 0 00:13:51, Sys 0 00:00:10  -  Total Remote Usage
		Usr 0 00:00:00, Sys 0 00:00:00  -  Total Local Usage
	129561  -  Run Bytes Sent By Job
	28774  -  Run Bytes Received By Job
	129561  -  Total Bytes Sent By Job
	28774  -  Total Bytes Received By Job
	Partitionable Resources :    Usage  Request          
	   Cpus                 :                 1          
	   Disk (KB)            :      180      180          
	   Memory (MB)          :      217      217          
...
000 (451595.000.000) 06/25 16:35:16 Job submitted from host: <18.12.1.74:48322>
...
001 (451595.000.000) 06/25 16:35:33 Job executing on host: <18.12.12.9:49125>
...
006 (451595.000.000) 06/25 16:35:42 Image size of job updated: 1
	3  -  MemoryUsage of job (MB)
	2348  -  ResidentSetSize of job (KB)
...
006 (451595.000.000) 06/25 16:40:42 Image size of job updated: 380716
	166  -  MemoryUsage of job (MB)
	169728  -  ResidentSetSize of job (KB)
...
006 (451595.000.000) 06/25 16:45:42 Image size of job updated: 385216
	210  -  MemoryUsage of job (MB)
	214792  -  ResidentSetSize of job (KB)
...
006 (451595.000.000) 06/25 16:50:43 Image size of job updated: 387872
	213  -  MemoryUsage of job (MB)
	217512  -  ResidentSetSize of job (KB)
...
005 (451595.000.000) 06/25 16:56:06 Job terminated.
	(1) Normal termination (return value 0)
		Usr 0 00:17:26, Sys 0 00:00:06  -  Run Remote Usage
		Usr 0 00:00:00, Sys 0 00:00:00  -  Run Local Usage
		Usr 0 00:17:26, Sys 0 00:00:06  -  Total Remote Usage
		Usr 0 00:00:00, Sys 0 00:00:00  -  Total Local Usage
	26583624  -  Run Bytes Sent By Job
	18573894  -  Run Bytes Received By Job
	26583624  -  Total Bytes Sent By Job
	18573894  -  Total Bytes Received By Job
	Partitionable Resources :    Usage  Request          
	   Cpus                 :                 1          
	   Disk (KB)            :    44125    44125          
	   Memory (MB)          :      213      213          
...
000 (452226.000.000) 06/26 10:52:53 Job submitted from host: <18.12.1.74:48322>
...
001 (452226.000.000) 06/26 10:53:19 Job executing on host: <18.12.8.254:47957>
...
006 (452226.000.000) 06/26 10:53:28 Image size of job updated: 187000
	71  -  MemoryUsage of job (MB)
	72648  -  ResidentSetSize of job (KB)
...
006 (452226.000.000) 06/26 10:58:29 Image size of job updated: 383984
	169  -  MemoryUsage of job (MB)
	173028  -  ResidentSetSize of job (KB)
...
006 (452226.000.000) 06/26 11:03:30 Image size of job updated: 388484
	210  -  MemoryUsage of job (MB)
	214804  -  ResidentSetSize of job (KB)
...
000 (452281.000.000) 06/26 11:04:16 Job submitted from host: <18.12.1.74:48322>
...
001 (452281.000.000) 06/26 11:04:45 Job executing on host: <18.12.6.84:41606>
...
006 (452281.000.000) 06/26 11:04:53 Image size of job updated: 1
	3  -  MemoryUsage of job (MB)
	2352  -  ResidentSetSize of job (KB)
...
006 (452226.000.000) 06/26 11:08:30 Image size of job updated: 391144
	212  -  MemoryUsage of job (MB)
	216568  -  ResidentSetSize of job (KB)
...
006 (452281.000.000) 06/26 11:09:53 Image size of job updated: 380816
	166  -  MemoryUsage of job (MB)
	169864  -  ResidentSetSize of job (KB)
...
006 (452281.000.000) 06/26 11:14:54 Image size of job updated: 385316
	210  -  MemoryUsage of job (MB)
	214932  -  ResidentSetSize of job (KB)
...
005 (452226.000.000) 06/26 11:15:59 Job terminated.
	(1) Normal termination (return value 0)
		Usr 0 00:16:50, Sys 0 00:00:14  -  Run Remote Usage
		Usr 0 00:00:00, Sys 0 00:00:00  -  Run Local Usage
		Usr 0 00:16:50, Sys 0 00:00:14  -  Total Remote Usage
		Usr 0 00:00:00, Sys 0 00:00:00  -  Total Local Usage
	26583164  -  Run Bytes Sent By Job
	18573696  -  Run Bytes Received By Job
	26583164  -  Total Bytes Sent By Job
	18573696  -  Total Bytes Received By Job
	Partitionable Resources :    Usage  Request          
	   Cpus                 :                 1          
	   Disk (KB)            :    44124    44124          
	   Memory (MB)          :      212      212          
...
006 (452281.000.000) 06/26 11:19:55 Image size of job updated: 387972
	213  -  MemoryUsage of job (MB)
	217588  -  ResidentSetSize of job (KB)
...
006 (452281.000.000) 06/26 11:24:55 Image size of job updated: 387972
	213  -  MemoryUsage of job (MB)
	217616  -  ResidentSetSize of job (KB)
...
005 (452281.000.000) 06/26 11:26:26 Job terminated.
	(1) Normal termination (return value 0)
		Usr 0 00:18:32, Sys 0 00:00:10  -  Run Remote Usage
		Usr 0 00:00:00, Sys 0 00:00:00  -  Run Local Usage
		Usr 0 00:18:32, Sys 0 00:00:10  -  Total Remote Usage
		Usr 0 00:00:00, Sys 0 00:00:00  -  Total Local Usage
	26583408  -  Run Bytes Sent By Job
	18573676  -  Run Bytes Received By Job
	26583408  -  Total Bytes Sent By Job
	18573676  -  Total Bytes Received By Job
	Partitionable Resources :    Usage  Request          
	   Cpus                 :                 1          
	   Disk (KB)            :    44124    44124          
	   Memory (MB)          :      213      213          
...
000 (491416.000.000) 06/29 08:24:33 Job submitted from host: <18.12.1.74:48322>
...
001 (491416.000.000) 06/29 08:25:05 Job executing on host: <18.12.6.61:47227>
...
006 (491416.000.000) 06/29 08:25:13 Image size of job updated: 410132
	179  -  MemoryUsage of job (MB)
	183128  -  ResidentSetSize of job (KB)
...
006 (491416.000.000) 06/29 08:30:13 Image size of job updated: 416260
	201  -  MemoryUsage of job (MB)
	205292  -  ResidentSetSize of job (KB)
...
006 (491416.000.000) 06/29 08:35:14 Image size of job updated: 420760
	246  -  MemoryUsage of job (MB)
	250936  -  ResidentSetSize of job (KB)
...
006 (491416.000.000) 06/29 08:40:15 Image size of job updated: 423416
	248  -  MemoryUsage of job (MB)
	253624  -  ResidentSetSize of job (KB)
...
005 (491416.000.000) 06/29 08:46:45 Job terminated.
	(1) Normal termination (return value 0)
		Usr 0 00:18:11, Sys 0 00:00:09  -  Run Remote Usage
		Usr 0 00:00:00, Sys 0 00:00:00  -  Run Local Usage
		Usr 0 00:18:11, Sys 0 00:00:09  -  Total Remote Usage
		Usr 0 00:00:00, Sys 0 00:00:00  -  Total Local Usage
	26587280  -  Run Bytes Sent By Job
	18573444  -  Run Bytes Received By Job
	26587280  -  Total Bytes Sent By Job
	18573444  -  Total Bytes Received By Job
	Partitionable Resources :    Usage  Request          
	   Cpus                 :                 1          
	   Disk (KB)            :    44128    44128          
	   Memory (MB)          :      248      248          
...
000 (495897.000.000) 07/03 12:36:25 Job submitted from host: <18.12.1.74:48322>
...
001 (495897.000.000) 07/03 12:36:44 Job executing on host: <18.12.9.63:45475>
...
006 (495897.000.000) 07/03 12:36:52 Image size of job updated: 289816
	169  -  MemoryUsage of job (MB)
	172348  -  ResidentSetSize of job (KB)
...
006 (495897.000.000) 07/03 12:41:52 Image size of job updated: 557752
	327  -  MemoryUsage of job (MB)
	334188  -  ResidentSetSize of job (KB)
...
006 (495897.000.000) 07/03 12:46:53 Image size of job updated: 562252
	369  -  MemoryUsage of job (MB)
	377192  -  ResidentSetSize of job (KB)
...
006 (495897.000.000) 07/03 12:51:53 Image size of job updated: 564912
	372  -  MemoryUsage of job (MB)
	379968  -  ResidentSetSize of job (KB)
...
006 (495897.000.000) 07/03 12:56:53 Image size of job updated: 564912
	372  -  MemoryUsage of job (MB)
	379972  -  ResidentSetSize of job (KB)
...
005 (495897.000.000) 07/03 12:58:41 Job terminated.
	(1) Normal termination (return value 0)
		Usr 0 00:16:17, Sys 0 00:00:26  -  Run Remote Usage
		Usr 0 00:00:00, Sys 0 00:00:00  -  Run Local Usage
		Usr 0 00:16:17, Sys 0 00:00:26  -  Total Remote Usage
		Usr 0 00:00:00, Sys 0 00:00:00  -  Total Local Usage
	30875728  -  Run Bytes Sent By Job
	18576446  -  Run Bytes Received By Job
	30875728  -  Total Bytes Sent By Job
	18576446  -  Total Bytes Received By Job
	Partitionable Resources :    Usage  Request          
	   Cpus                 :                 1          
	   Disk (KB)            :    48319    48319          
	   Memory (MB)          :      372      372          
...
