000 (426880.000.000) 06/22 21:36:59 Job submitted from host: <18.12.1.74:48322>
...
001 (426880.000.000) 06/22 21:37:18 Job executing on host: <18.12.9.67:49271>
...
006 (426880.000.000) 06/22 21:37:27 Image size of job updated: 343512
	122  -  MemoryUsage of job (MB)
	124148  -  ResidentSetSize of job (KB)
...
006 (426880.000.000) 06/22 21:42:28 Image size of job updated: 416344
	201  -  MemoryUsage of job (MB)
	205296  -  ResidentSetSize of job (KB)
...
006 (426880.000.000) 06/22 21:47:28 Image size of job updated: 416344
	201  -  MemoryUsage of job (MB)
	205460  -  ResidentSetSize of job (KB)
...
006 (426880.000.000) 06/22 21:52:29 Image size of job updated: 418264
	235  -  MemoryUsage of job (MB)
	240104  -  ResidentSetSize of job (KB)
...
005 (426880.000.000) 06/22 21:55:52 Job terminated.
	(1) Normal termination (return value 0)
		Usr 0 00:14:05, Sys 0 00:00:10  -  Run Remote Usage
		Usr 0 00:00:00, Sys 0 00:00:00  -  Run Local Usage
		Usr 0 00:14:05, Sys 0 00:00:10  -  Total Remote Usage
		Usr 0 00:00:00, Sys 0 00:00:00  -  Total Local Usage
	128118  -  Run Bytes Sent By Job
	28496  -  Run Bytes Received By Job
	128118  -  Total Bytes Sent By Job
	28496  -  Total Bytes Received By Job
	Partitionable Resources :    Usage  Request          
	   Cpus                 :                 1          
	   Disk (KB)            :      178      178          
	   Memory (MB)          :      235      235          
...
