
----------------------------------------------------
Job started on Mon Jun 22 21:37:19 EDT 2015 at WN: t2bat0233.cmsaf.mit.edu 
Job is running on Linux t2bat0233.cmsaf.mit.edu 2.6.32-358.el6.x86_64 #1 SMP Fri Feb 22 20:37:17 CST 2013 x86_64 x86_64 x86_64 GNU/Linux
Filesystem            Size  Used Avail Use% Mounted on
/dev/sda3              20G  3.0G   16G  16% /
tmpfs                  12G     0   12G   0% /dev/shm
/dev/sda1              97M   32M   61M  35% /boot
/dev/sda4             874G   76G  798G   9% /export/data1
/dev/sdb1             1.8T  1.7T  189G  90% /export/00b
/dev/sdc1             1.8T  1.7T  183G  91% /export/00c
/dev/sdd1             1.8T  1.6T  204G  89% /export/00d
/dev/sde1             1.8T  1.6T  215G  89% /export/00e
/dev/sdf1             1.8T  1.6T  203G  89% /export/00f
fuse_dfs              4.9P  4.4P  522T  90% /mnt/hadoop
t2srv0004:/export/db  135G  187M  135G   1% /net/t2srv0004/db
cvmfs2                 98G   65G   33G  67% /cvmfs/cms.cern.ch
cvmfs2                 98G   65G   33G  67% /cvmfs/atlas.cern.ch
cvmfs2                 98G   65G   33G  67% /cvmfs/mu2e.opensciencegrid.org
cvmfs2                 98G   65G   33G  67% /cvmfs/grid.cern.ch
cvmfs2                 98G   65G   33G  67% /cvmfs/oasis.opensciencegrid.org
cvmfs2                 98G   65G   33G  67% /cvmfs/fermilab.opensciencegrid.org
cvmfs2                 98G   65G   33G  67% /cvmfs/cdfcfs.fnal.gov
cvmfs2                 98G   65G   33G  67% /cvmfs/cvmfs.cmsaf.mit.edu
gcc (GCC) 4.4.7 20120313 (Red Hat 4.4.7-3)
Copyright (C) 2010 Free Software Foundation, Inc.
This is free software; see the source for copying conditions.  There is NO
warranty; not even for MERCHANTABILITY or FITNESS FOR A PARTICULAR PURPOSE.

Processing...
0/1234074
10000/1234074
20000/1234074
30000/1234074
40000/1234074
50000/1234074
60000/1234074
70000/1234074
80000/1234074
90000/1234074
100000/1234074
110000/1234074
120000/1234074
130000/1234074
140000/1234074
150000/1234074
160000/1234074
170000/1234074
180000/1234074
190000/1234074
200000/1234074
210000/1234074
220000/1234074
230000/1234074
240000/1234074
250000/1234074
260000/1234074
270000/1234074
280000/1234074
290000/1234074
300000/1234074
310000/1234074
320000/1234074
330000/1234074
340000/1234074
350000/1234074
360000/1234074
370000/1234074
380000/1234074
390000/1234074
400000/1234074
410000/1234074
420000/1234074
430000/1234074
440000/1234074
450000/1234074
460000/1234074
470000/1234074
480000/1234074
490000/1234074
500000/1234074
510000/1234074
520000/1234074
530000/1234074
540000/1234074
550000/1234074
560000/1234074
570000/1234074
580000/1234074
590000/1234074
600000/1234074
610000/1234074
620000/1234074
630000/1234074
640000/1234074
650000/1234074
660000/1234074
670000/1234074
680000/1234074
690000/1234074
700000/1234074
710000/1234074
720000/1234074
730000/1234074
740000/1234074
750000/1234074
760000/1234074
770000/1234074
780000/1234074
790000/1234074
800000/1234074
810000/1234074
820000/1234074
830000/1234074
840000/1234074
850000/1234074
860000/1234074
870000/1234074
880000/1234074
890000/1234074
900000/1234074
910000/1234074
920000/1234074
930000/1234074
940000/1234074
950000/1234074
960000/1234074
970000/1234074
980000/1234074
990000/1234074
1000000/1234074
1010000/1234074
1020000/1234074
1030000/1234074
1040000/1234074
1050000/1234074
1060000/1234074
1070000/1234074
1080000/1234074
1090000/1234074
1100000/1234074
1110000/1234074
1120000/1234074
1130000/1234074
1140000/1234074
1150000/1234074
1160000/1234074
1170000/1234074
1180000/1234074
1190000/1234074
1200000/1234074
1210000/1234074
1220000/1234074
1230000/1234074
Macro finished: 
CPU time (min)  = 17.1037
Real time (min) = 22.4738
Done!
Copied output files to hadoop rootfiles/JetRAA/June22
