000 (426887.000.000) 06/22 21:37:00 Job submitted from host: <18.12.1.74:48322>
...
001 (426887.000.000) 06/22 21:37:19 Job executing on host: <18.12.8.107:45840>
...
006 (426887.000.000) 06/22 21:37:27 Image size of job updated: 69172
	13  -  MemoryUsage of job (MB)
	13300  -  ResidentSetSize of job (KB)
...
006 (426887.000.000) 06/22 21:42:27 Image size of job updated: 411036
	200  -  MemoryUsage of job (MB)
	203856  -  ResidentSetSize of job (KB)
...
006 (426887.000.000) 06/22 21:47:27 Image size of job updated: 411708
	200  -  MemoryUsage of job (MB)
	203932  -  ResidentSetSize of job (KB)
...
006 (426887.000.000) 06/22 21:51:45 Image size of job updated: 417212
	200  -  MemoryUsage of job (MB)
	203932  -  ResidentSetSize of job (KB)
...
005 (426887.000.000) 06/22 21:51:46 Job terminated.
	(1) Normal termination (return value 0)
		Usr 0 00:11:33, Sys 0 00:00:15  -  Run Remote Usage
		Usr 0 00:00:00, Sys 0 00:00:00  -  Run Local Usage
		Usr 0 00:11:33, Sys 0 00:00:15  -  Total Remote Usage
		Usr 0 00:00:00, Sys 0 00:00:00  -  Total Local Usage
	128046  -  Run Bytes Sent By Job
	28496  -  Run Bytes Received By Job
	128046  -  Total Bytes Sent By Job
	28496  -  Total Bytes Received By Job
	Partitionable Resources :    Usage  Request          
	   Cpus                 :                 1          
	   Disk (KB)            :      178      178          
	   Memory (MB)          :      200      200          
...
000 (451573.000.000) 06/25 13:25:33 Job submitted from host: <18.12.1.74:48322>
...
001 (451573.000.000) 06/25 13:25:49 Job executing on host: <18.12.8.204:49125>
...
006 (451573.000.000) 06/25 13:25:57 Image size of job updated: 1
	3  -  MemoryUsage of job (MB)
	2380  -  ResidentSetSize of job (KB)
...
006 (451573.000.000) 06/25 13:30:57 Image size of job updated: 380428
	172  -  MemoryUsage of job (MB)
	175420  -  ResidentSetSize of job (KB)
...
006 (451573.000.000) 06/25 13:35:58 Image size of job updated: 385776
	216  -  MemoryUsage of job (MB)
	220332  -  ResidentSetSize of job (KB)
...
006 (451573.000.000) 06/25 13:40:58 Image size of job updated: 389344
	218  -  MemoryUsage of job (MB)
	222924  -  ResidentSetSize of job (KB)
...
005 (451573.000.000) 06/25 13:46:00 Job terminated.
	(1) Normal termination (return value 0)
		Usr 0 00:16:25, Sys 0 00:00:08  -  Run Remote Usage
		Usr 0 00:00:00, Sys 0 00:00:00  -  Run Local Usage
		Usr 0 00:16:25, Sys 0 00:00:08  -  Total Remote Usage
		Usr 0 00:00:00, Sys 0 00:00:00  -  Total Local Usage
	129763  -  Run Bytes Sent By Job
	28774  -  Run Bytes Received By Job
	129763  -  Total Bytes Sent By Job
	28774  -  Total Bytes Received By Job
	Partitionable Resources :    Usage  Request          
	   Cpus                 :                 1          
	   Disk (KB)            :     3853     3853          
	   Memory (MB)          :      218      218          
...
000 (451621.000.000) 06/25 16:35:18 Job submitted from host: <18.12.1.74:48322>
...
001 (451621.000.000) 06/25 16:35:37 Job executing on host: <18.12.8.235:46351>
...
006 (451621.000.000) 06/25 16:35:46 Image size of job updated: 75480
	17  -  MemoryUsage of job (MB)
	17156  -  ResidentSetSize of job (KB)
...
006 (451621.000.000) 06/25 16:40:47 Image size of job updated: 380744
	169  -  MemoryUsage of job (MB)
	172044  -  ResidentSetSize of job (KB)
...
006 (451621.000.000) 06/25 16:45:48 Image size of job updated: 386088
	212  -  MemoryUsage of job (MB)
	216952  -  ResidentSetSize of job (KB)
...
006 (451621.000.000) 06/25 16:50:48 Image size of job updated: 389656
	216  -  MemoryUsage of job (MB)
	220520  -  ResidentSetSize of job (KB)
...
005 (451621.000.000) 06/25 16:54:22 Job terminated.
	(1) Normal termination (return value 0)
		Usr 0 00:16:14, Sys 0 00:00:07  -  Run Remote Usage
		Usr 0 00:00:00, Sys 0 00:00:00  -  Run Local Usage
		Usr 0 00:16:14, Sys 0 00:00:07  -  Total Remote Usage
		Usr 0 00:00:00, Sys 0 00:00:00  -  Total Local Usage
	26583254  -  Run Bytes Sent By Job
	18573894  -  Run Bytes Received By Job
	26583254  -  Total Bytes Sent By Job
	18573894  -  Total Bytes Received By Job
	Partitionable Resources :    Usage  Request          
	   Cpus                 :                 1          
	   Disk (KB)            :    44124    44124          
	   Memory (MB)          :      216      216          
...
000 (452252.000.000) 06/26 10:52:55 Job submitted from host: <18.12.1.74:48322>
...
001 (452252.000.000) 06/26 10:53:17 Job executing on host: <18.12.8.219:42482>
...
006 (452252.000.000) 06/26 10:53:25 Image size of job updated: 1
	3  -  MemoryUsage of job (MB)
	2360  -  ResidentSetSize of job (KB)
...
006 (452252.000.000) 06/26 10:58:25 Image size of job updated: 384004
	174  -  MemoryUsage of job (MB)
	177156  -  ResidentSetSize of job (KB)
...
006 (452252.000.000) 06/26 11:03:25 Image size of job updated: 389352
	217  -  MemoryUsage of job (MB)
	222068  -  ResidentSetSize of job (KB)
...
000 (452307.000.000) 06/26 11:04:19 Job submitted from host: <18.12.1.74:48322>
...
001 (452307.000.000) 06/26 11:04:49 Job executing on host: <18.12.8.60:44015>
...
006 (452307.000.000) 06/26 11:04:57 Image size of job updated: 1
	3  -  MemoryUsage of job (MB)
	2352  -  ResidentSetSize of job (KB)
...
006 (452252.000.000) 06/26 11:08:26 Image size of job updated: 392920
	221  -  MemoryUsage of job (MB)
	225636  -  ResidentSetSize of job (KB)
...
006 (452307.000.000) 06/26 11:09:57 Image size of job updated: 380836
	169  -  MemoryUsage of job (MB)
	172220  -  ResidentSetSize of job (KB)
...
005 (452252.000.000) 06/26 11:13:37 Job terminated.
	(1) Normal termination (return value 0)
		Usr 0 00:16:19, Sys 0 00:00:10  -  Run Remote Usage
		Usr 0 00:00:00, Sys 0 00:00:00  -  Run Local Usage
		Usr 0 00:16:19, Sys 0 00:00:10  -  Total Remote Usage
		Usr 0 00:00:00, Sys 0 00:00:00  -  Total Local Usage
	26583148  -  Run Bytes Sent By Job
	18573696  -  Run Bytes Received By Job
	26583148  -  Total Bytes Sent By Job
	18573696  -  Total Bytes Received By Job
	Partitionable Resources :    Usage  Request          
	   Cpus                 :                 1          
	   Disk (KB)            :    44124    44124          
	   Memory (MB)          :      221      221          
...
006 (452307.000.000) 06/26 11:14:57 Image size of job updated: 386180
	213  -  MemoryUsage of job (MB)
	217116  -  ResidentSetSize of job (KB)
...
006 (452307.000.000) 06/26 11:19:58 Image size of job updated: 389748
	216  -  MemoryUsage of job (MB)
	220684  -  ResidentSetSize of job (KB)
...
006 (452307.000.000) 06/26 11:24:59 Image size of job updated: 389748
	216  -  MemoryUsage of job (MB)
	220832  -  ResidentSetSize of job (KB)
...
005 (452307.000.000) 06/26 11:28:39 Job terminated.
	(1) Normal termination (return value 0)
		Usr 0 00:21:06, Sys 0 00:00:19  -  Run Remote Usage
		Usr 0 00:00:00, Sys 0 00:00:00  -  Run Local Usage
		Usr 0 00:21:06, Sys 0 00:00:19  -  Total Remote Usage
		Usr 0 00:00:00, Sys 0 00:00:00  -  Total Local Usage
	26583208  -  Run Bytes Sent By Job
	18573676  -  Run Bytes Received By Job
	26583208  -  Total Bytes Sent By Job
	18573676  -  Total Bytes Received By Job
	Partitionable Resources :    Usage  Request          
	   Cpus                 :                 1          
	   Disk (KB)            :    44124    44124          
	   Memory (MB)          :      216      216          
...
000 (491442.000.000) 06/29 08:24:35 Job submitted from host: <18.12.1.74:48322>
...
001 (491442.000.000) 06/29 08:25:06 Job executing on host: <18.12.12.6:46424>
...
006 (491442.000.000) 06/29 08:25:15 Image size of job updated: 344848
	166  -  MemoryUsage of job (MB)
	169204  -  ResidentSetSize of job (KB)
...
006 (491442.000.000) 06/29 08:30:16 Image size of job updated: 416284
	205  -  MemoryUsage of job (MB)
	209296  -  ResidentSetSize of job (KB)
...
006 (491442.000.000) 06/29 08:35:16 Image size of job updated: 421628
	249  -  MemoryUsage of job (MB)
	254196  -  ResidentSetSize of job (KB)
...
006 (491442.000.000) 06/29 08:40:16 Image size of job updated: 425196
	252  -  MemoryUsage of job (MB)
	257764  -  ResidentSetSize of job (KB)
...
005 (491442.000.000) 06/29 08:44:41 Job terminated.
	(1) Normal termination (return value 0)
		Usr 0 00:16:25, Sys 0 00:00:09  -  Run Remote Usage
		Usr 0 00:00:00, Sys 0 00:00:00  -  Run Local Usage
		Usr 0 00:16:25, Sys 0 00:00:09  -  Total Remote Usage
		Usr 0 00:00:00, Sys 0 00:00:00  -  Total Local Usage
	26587292  -  Run Bytes Sent By Job
	18573444  -  Run Bytes Received By Job
	26587292  -  Total Bytes Sent By Job
	18573444  -  Total Bytes Received By Job
	Partitionable Resources :    Usage  Request          
	   Cpus                 :                 1          
	   Disk (KB)            :    44128    44128          
	   Memory (MB)          :      252      252          
...
000 (495923.000.000) 07/03 12:36:27 Job submitted from host: <18.12.1.74:48322>
...
001 (495923.000.000) 07/03 12:38:22 Job executing on host: <18.12.8.245:48906>
...
006 (495923.000.000) 07/03 12:38:30 Image size of job updated: 1
	3  -  MemoryUsage of job (MB)
	2372  -  ResidentSetSize of job (KB)
...
006 (495923.000.000) 07/03 12:43:30 Image size of job updated: 557776
	327  -  MemoryUsage of job (MB)
	334552  -  ResidentSetSize of job (KB)
...
006 (495923.000.000) 07/03 12:58:32 Image size of job updated: 557776
	327  -  MemoryUsage of job (MB)
	334572  -  ResidentSetSize of job (KB)
...
006 (495923.000.000) 07/03 13:03:32 Image size of job updated: 557776
	327  -  MemoryUsage of job (MB)
	334576  -  ResidentSetSize of job (KB)
...
006 (495923.000.000) 07/03 13:08:33 Image size of job updated: 563124
	374  -  MemoryUsage of job (MB)
	382208  -  ResidentSetSize of job (KB)
...
006 (495923.000.000) 07/03 13:13:34 Image size of job updated: 566692
	377  -  MemoryUsage of job (MB)
	385776  -  ResidentSetSize of job (KB)
...
006 (495923.000.000) 07/03 13:18:34 Image size of job updated: 566692
	377  -  MemoryUsage of job (MB)
	385816  -  ResidentSetSize of job (KB)
...
005 (495923.000.000) 07/03 13:20:08 Job terminated.
	(1) Normal termination (return value 0)
		Usr 0 00:16:36, Sys 0 00:00:11  -  Run Remote Usage
		Usr 0 00:00:00, Sys 0 00:00:00  -  Run Local Usage
		Usr 0 00:16:36, Sys 0 00:00:11  -  Total Remote Usage
		Usr 0 00:00:00, Sys 0 00:00:00  -  Total Local Usage
	43727224  -  Run Bytes Sent By Job
	18576446  -  Run Bytes Received By Job
	43727224  -  Total Bytes Sent By Job
	18576446  -  Total Bytes Received By Job
	Partitionable Resources :    Usage  Request          
	   Cpus                 :                 1          
	   Disk (KB)            :    60869    60869          
	   Memory (MB)          :      377      377          
...
