000 (426875.000.000) 06/22 21:36:59 Job submitted from host: <18.12.1.74:48322>
...
001 (426875.000.000) 06/22 21:37:18 Job executing on host: <18.12.8.153:40146>
...
006 (426875.000.000) 06/22 21:37:28 Image size of job updated: 1
	3  -  MemoryUsage of job (MB)
	2356  -  ResidentSetSize of job (KB)
...
006 (426875.000.000) 06/22 21:42:28 Image size of job updated: 409872
	196  -  MemoryUsage of job (MB)
	200516  -  ResidentSetSize of job (KB)
...
006 (426875.000.000) 06/22 21:47:28 Image size of job updated: 409872
	196  -  MemoryUsage of job (MB)
	200520  -  ResidentSetSize of job (KB)
...
006 (426875.000.000) 06/22 21:52:28 Image size of job updated: 409872
	196  -  MemoryUsage of job (MB)
	200524  -  ResidentSetSize of job (KB)
...
006 (426875.000.000) 06/22 22:07:29 Image size of job updated: 415376
	231  -  MemoryUsage of job (MB)
	235788  -  ResidentSetSize of job (KB)
...
005 (426875.000.000) 06/22 22:11:24 Job terminated.
	(1) Normal termination (return value 0)
		Usr 0 00:16:45, Sys 0 00:00:08  -  Run Remote Usage
		Usr 0 00:00:00, Sys 0 00:00:00  -  Run Local Usage
		Usr 0 00:16:45, Sys 0 00:00:08  -  Total Remote Usage
		Usr 0 00:00:00, Sys 0 00:00:00  -  Total Local Usage
	128051  -  Run Bytes Sent By Job
	28496  -  Run Bytes Received By Job
	128051  -  Total Bytes Sent By Job
	28496  -  Total Bytes Received By Job
	Partitionable Resources :    Usage  Request          
	   Cpus                 :                 1          
	   Disk (KB)            :      178      178          
	   Memory (MB)          :      231      231          
...
000 (451561.000.000) 06/25 13:25:32 Job submitted from host: <18.12.1.74:48322>
...
001 (451561.000.000) 06/25 13:25:44 Job executing on host: <18.12.8.194:43139>
...
006 (451561.000.000) 06/25 13:25:53 Image size of job updated: 1
	3  -  MemoryUsage of job (MB)
	2356  -  ResidentSetSize of job (KB)
...
006 (451561.000.000) 06/25 13:30:54 Image size of job updated: 380716
	161  -  MemoryUsage of job (MB)
	164768  -  ResidentSetSize of job (KB)
...
006 (451561.000.000) 06/25 13:35:55 Image size of job updated: 384132
	209  -  MemoryUsage of job (MB)
	213152  -  ResidentSetSize of job (KB)
...
006 (451561.000.000) 06/25 13:40:55 Image size of job updated: 384132
	209  -  MemoryUsage of job (MB)
	213192  -  ResidentSetSize of job (KB)
...
006 (451561.000.000) 06/25 13:45:55 Image size of job updated: 384980
	210  -  MemoryUsage of job (MB)
	214040  -  ResidentSetSize of job (KB)
...
005 (451561.000.000) 06/25 13:49:49 Job terminated.
	(1) Normal termination (return value 0)
		Usr 0 00:17:16, Sys 0 00:00:07  -  Run Remote Usage
		Usr 0 00:00:00, Sys 0 00:00:00  -  Run Local Usage
		Usr 0 00:17:16, Sys 0 00:00:07  -  Total Remote Usage
		Usr 0 00:00:00, Sys 0 00:00:00  -  Total Local Usage
	129489  -  Run Bytes Sent By Job
	28774  -  Run Bytes Received By Job
	129489  -  Total Bytes Sent By Job
	28774  -  Total Bytes Received By Job
	Partitionable Resources :    Usage  Request          
	   Cpus                 :                 1          
	   Disk (KB)            :      180      180          
	   Memory (MB)          :      210      210          
...
000 (451609.000.000) 06/25 16:35:17 Job submitted from host: <18.12.1.74:48322>
...
001 (451609.000.000) 06/25 16:35:36 Job executing on host: <18.12.8.194:43139>
...
006 (451609.000.000) 06/25 16:35:44 Image size of job updated: 309388
	127  -  MemoryUsage of job (MB)
	130004  -  ResidentSetSize of job (KB)
...
006 (451609.000.000) 06/25 16:40:44 Image size of job updated: 381032
	162  -  MemoryUsage of job (MB)
	165164  -  ResidentSetSize of job (KB)
...
006 (451609.000.000) 06/25 16:45:45 Image size of job updated: 384452
	210  -  MemoryUsage of job (MB)
	214040  -  ResidentSetSize of job (KB)
...
006 (451609.000.000) 06/25 16:50:46 Image size of job updated: 384452
	210  -  MemoryUsage of job (MB)
	214084  -  ResidentSetSize of job (KB)
...
006 (451609.000.000) 06/25 16:55:46 Image size of job updated: 385296
	210  -  MemoryUsage of job (MB)
	214928  -  ResidentSetSize of job (KB)
...
005 (451609.000.000) 06/25 16:56:09 Job terminated.
	(1) Normal termination (return value 0)
		Usr 0 00:17:07, Sys 0 00:00:08  -  Run Remote Usage
		Usr 0 00:00:00, Sys 0 00:00:00  -  Run Local Usage
		Usr 0 00:17:07, Sys 0 00:00:08  -  Total Remote Usage
		Usr 0 00:00:00, Sys 0 00:00:00  -  Total Local Usage
	26583330  -  Run Bytes Sent By Job
	18573894  -  Run Bytes Received By Job
	26583330  -  Total Bytes Sent By Job
	18573894  -  Total Bytes Received By Job
	Partitionable Resources :    Usage  Request          
	   Cpus                 :                 1          
	   Disk (KB)            :    44125    44125          
	   Memory (MB)          :      210      210          
...
000 (452240.000.000) 06/26 10:52:54 Job submitted from host: <18.12.1.74:48322>
...
001 (452240.000.000) 06/26 10:53:15 Job executing on host: <18.12.8.216:48833>
...
006 (452240.000.000) 06/26 10:53:24 Image size of job updated: 75480
	17  -  MemoryUsage of job (MB)
	17164  -  ResidentSetSize of job (KB)
...
006 (452240.000.000) 06/26 10:58:25 Image size of job updated: 384296
	167  -  MemoryUsage of job (MB)
	170424  -  ResidentSetSize of job (KB)
...
006 (452240.000.000) 06/26 11:03:26 Image size of job updated: 387716
	213  -  MemoryUsage of job (MB)
	217648  -  ResidentSetSize of job (KB)
...
000 (452295.000.000) 06/26 11:04:17 Job submitted from host: <18.12.1.74:48322>
...
001 (452295.000.000) 06/26 11:04:45 Job executing on host: <18.12.8.233:42555>
...
006 (452295.000.000) 06/26 11:04:53 Image size of job updated: 72340
	13  -  MemoryUsage of job (MB)
	13156  -  ResidentSetSize of job (KB)
...
006 (452240.000.000) 06/26 11:08:26 Image size of job updated: 387716
	213  -  MemoryUsage of job (MB)
	217700  -  ResidentSetSize of job (KB)
...
006 (452295.000.000) 06/26 11:09:53 Image size of job updated: 381124
	162  -  MemoryUsage of job (MB)
	165236  -  ResidentSetSize of job (KB)
...
006 (452240.000.000) 06/26 11:13:27 Image size of job updated: 388560
	214  -  MemoryUsage of job (MB)
	218532  -  ResidentSetSize of job (KB)
...
006 (452295.000.000) 06/26 11:14:55 Image size of job updated: 384544
	209  -  MemoryUsage of job (MB)
	213588  -  ResidentSetSize of job (KB)
...
005 (452240.000.000) 06/26 11:16:25 Job terminated.
	(1) Normal termination (return value 0)
		Usr 0 00:16:54, Sys 0 00:00:12  -  Run Remote Usage
		Usr 0 00:00:00, Sys 0 00:00:00  -  Run Local Usage
		Usr 0 00:16:54, Sys 0 00:00:12  -  Total Remote Usage
		Usr 0 00:00:00, Sys 0 00:00:00  -  Total Local Usage
	26583148  -  Run Bytes Sent By Job
	18573696  -  Run Bytes Received By Job
	26583148  -  Total Bytes Sent By Job
	18573696  -  Total Bytes Received By Job
	Partitionable Resources :    Usage  Request          
	   Cpus                 :                 1          
	   Disk (KB)            :    44124    44124          
	   Memory (MB)          :      214      214          
...
006 (452295.000.000) 06/26 11:24:55 Image size of job updated: 385392
	209  -  MemoryUsage of job (MB)
	213588  -  ResidentSetSize of job (KB)
...
005 (452295.000.000) 06/26 11:26:05 Job terminated.
	(1) Normal termination (return value 0)
		Usr 0 00:17:07, Sys 0 00:00:13  -  Run Remote Usage
		Usr 0 00:00:00, Sys 0 00:00:00  -  Run Local Usage
		Usr 0 00:17:07, Sys 0 00:00:13  -  Total Remote Usage
		Usr 0 00:00:00, Sys 0 00:00:00  -  Total Local Usage
	26583280  -  Run Bytes Sent By Job
	18573676  -  Run Bytes Received By Job
	26583280  -  Total Bytes Sent By Job
	18573676  -  Total Bytes Received By Job
	Partitionable Resources :    Usage  Request          
	   Cpus                 :                 1          
	   Disk (KB)            :    44124    44124          
	   Memory (MB)          :      209      209          
...
000 (491430.000.000) 06/29 08:24:34 Job submitted from host: <18.12.1.74:48322>
...
001 (491430.000.000) 06/29 08:25:33 Job executing on host: <18.12.6.17:46862>
...
006 (491430.000.000) 06/29 08:25:41 Image size of job updated: 1
	3  -  MemoryUsage of job (MB)
	2376  -  ResidentSetSize of job (KB)
...
006 (491430.000.000) 06/29 08:30:41 Image size of job updated: 416572
	197  -  MemoryUsage of job (MB)
	200732  -  ResidentSetSize of job (KB)
...
006 (491430.000.000) 06/29 08:35:42 Image size of job updated: 419992
	245  -  MemoryUsage of job (MB)
	250084  -  ResidentSetSize of job (KB)
...
006 (491430.000.000) 06/29 08:40:43 Image size of job updated: 419992
	245  -  MemoryUsage of job (MB)
	250112  -  ResidentSetSize of job (KB)
...
006 (491430.000.000) 06/29 08:45:35 Image size of job updated: 420840
	245  -  MemoryUsage of job (MB)
	250112  -  ResidentSetSize of job (KB)
...
005 (491430.000.000) 06/29 08:45:36 Job terminated.
	(1) Normal termination (return value 0)
		Usr 0 00:16:41, Sys 0 00:00:08  -  Run Remote Usage
		Usr 0 00:00:00, Sys 0 00:00:00  -  Run Local Usage
		Usr 0 00:16:41, Sys 0 00:00:08  -  Total Remote Usage
		Usr 0 00:00:00, Sys 0 00:00:00  -  Total Local Usage
	26587292  -  Run Bytes Sent By Job
	18573444  -  Run Bytes Received By Job
	26587292  -  Total Bytes Sent By Job
	18573444  -  Total Bytes Received By Job
	Partitionable Resources :    Usage  Request          
	   Cpus                 :                 1          
	   Disk (KB)            :    44128    44128          
	   Memory (MB)          :      245      245          
...
000 (495911.000.000) 07/03 12:36:26 Job submitted from host: <18.12.1.74:48322>
...
001 (495911.000.000) 07/03 12:37:18 Job executing on host: <18.12.8.87:46205>
...
006 (495911.000.000) 07/03 12:37:26 Image size of job updated: 68784
	13  -  MemoryUsage of job (MB)
	12984  -  ResidentSetSize of job (KB)
...
006 (495911.000.000) 07/03 12:42:26 Image size of job updated: 558076
	335  -  MemoryUsage of job (MB)
	342136  -  ResidentSetSize of job (KB)
...
006 (495911.000.000) 07/03 12:47:27 Image size of job updated: 561492
	382  -  MemoryUsage of job (MB)
	390516  -  ResidentSetSize of job (KB)
...
006 (495911.000.000) 07/03 12:52:28 Image size of job updated: 561492
	382  -  MemoryUsage of job (MB)
	390564  -  ResidentSetSize of job (KB)
...
006 (495911.000.000) 07/03 12:57:28 Image size of job updated: 562340
	382  -  MemoryUsage of job (MB)
	390576  -  ResidentSetSize of job (KB)
...
005 (495911.000.000) 07/03 13:03:08 Job terminated.
	(1) Normal termination (return value 0)
		Usr 0 00:20:51, Sys 0 00:00:21  -  Run Remote Usage
		Usr 0 00:00:00, Sys 0 00:00:00  -  Run Local Usage
		Usr 0 00:20:51, Sys 0 00:00:21  -  Total Remote Usage
		Usr 0 00:00:00, Sys 0 00:00:00  -  Total Local Usage
	37546624  -  Run Bytes Sent By Job
	18576446  -  Run Bytes Received By Job
	37546624  -  Total Bytes Sent By Job
	18576446  -  Total Bytes Received By Job
	Partitionable Resources :    Usage  Request          
	   Cpus                 :                 1          
	   Disk (KB)            :    54833    54833          
	   Memory (MB)          :      382      382          
...
