000 (426857.000.000) 06/22 21:36:57 Job submitted from host: <18.12.1.74:48322>
...
001 (426857.000.000) 06/22 21:37:17 Job executing on host: <18.12.8.99:49563>
...
006 (426857.000.000) 06/22 21:37:26 Image size of job updated: 1
	3  -  MemoryUsage of job (MB)
	2352  -  ResidentSetSize of job (KB)
...
006 (426857.000.000) 06/22 21:42:27 Image size of job updated: 414416
	194  -  MemoryUsage of job (MB)
	198116  -  ResidentSetSize of job (KB)
...
006 (426857.000.000) 06/22 21:47:28 Image size of job updated: 415784
	195  -  MemoryUsage of job (MB)
	199428  -  ResidentSetSize of job (KB)
...
006 (426857.000.000) 06/22 21:51:42 Image size of job updated: 421624
	195  -  MemoryUsage of job (MB)
	199428  -  ResidentSetSize of job (KB)
...
005 (426857.000.000) 06/22 21:51:42 Job terminated.
	(1) Normal termination (return value 0)
		Usr 0 00:11:35, Sys 0 00:00:16  -  Run Remote Usage
		Usr 0 00:00:00, Sys 0 00:00:00  -  Run Local Usage
		Usr 0 00:11:35, Sys 0 00:00:16  -  Total Remote Usage
		Usr 0 00:00:00, Sys 0 00:00:00  -  Total Local Usage
	128189  -  Run Bytes Sent By Job
	28496  -  Run Bytes Received By Job
	128189  -  Total Bytes Sent By Job
	28496  -  Total Bytes Received By Job
	Partitionable Resources :    Usage  Request          
	   Cpus                 :                 1          
	   Disk (KB)            :      178      178          
	   Memory (MB)          :      195      195          
...
000 (451543.000.000) 06/25 13:25:30 Job submitted from host: <18.12.1.74:48322>
...
001 (451543.000.000) 06/25 13:25:41 Job executing on host: <18.12.9.35:43869>
...
006 (451543.000.000) 06/25 13:25:50 Image size of job updated: 1
	3  -  MemoryUsage of job (MB)
	2364  -  ResidentSetSize of job (KB)
...
006 (451543.000.000) 06/25 13:30:51 Image size of job updated: 377536
	161  -  MemoryUsage of job (MB)
	164820  -  ResidentSetSize of job (KB)
...
006 (451543.000.000) 06/25 13:35:51 Image size of job updated: 377536
	161  -  MemoryUsage of job (MB)
	164824  -  ResidentSetSize of job (KB)
...
006 (451543.000.000) 06/25 13:50:52 Image size of job updated: 377536
	162  -  MemoryUsage of job (MB)
	164944  -  ResidentSetSize of job (KB)
...
006 (451543.000.000) 06/25 13:55:52 Image size of job updated: 377668
	162  -  MemoryUsage of job (MB)
	165004  -  ResidentSetSize of job (KB)
...
006 (451543.000.000) 06/25 14:05:54 Image size of job updated: 385964
	209  -  MemoryUsage of job (MB)
	213648  -  ResidentSetSize of job (KB)
...
006 (451543.000.000) 06/25 14:30:57 Image size of job updated: 391312
	213  -  MemoryUsage of job (MB)
	217732  -  ResidentSetSize of job (KB)
...
006 (451543.000.000) 06/25 14:35:58 Image size of job updated: 391312
	213  -  MemoryUsage of job (MB)
	217756  -  ResidentSetSize of job (KB)
...
005 (451543.000.000) 06/25 14:44:45 Job terminated.
	(1) Normal termination (return value 0)
		Usr 0 00:24:36, Sys 0 00:00:18  -  Run Remote Usage
		Usr 0 00:00:00, Sys 0 00:00:00  -  Run Local Usage
		Usr 0 00:24:36, Sys 0 00:00:18  -  Total Remote Usage
		Usr 0 00:00:00, Sys 0 00:00:00  -  Total Local Usage
	129825  -  Run Bytes Sent By Job
	28774  -  Run Bytes Received By Job
	129825  -  Total Bytes Sent By Job
	28774  -  Total Bytes Received By Job
	Partitionable Resources :    Usage  Request          
	   Cpus                 :                 1          
	   Disk (KB)            :      180      180          
	   Memory (MB)          :      213      213          
...
000 (451591.000.000) 06/25 16:35:15 Job submitted from host: <18.12.1.74:48322>
...
001 (451591.000.000) 06/25 16:35:34 Job executing on host: <18.12.6.29:43942>
...
006 (451591.000.000) 06/25 16:35:43 Image size of job updated: 1
	3  -  MemoryUsage of job (MB)
	2352  -  ResidentSetSize of job (KB)
...
006 (451591.000.000) 06/25 16:40:44 Image size of job updated: 377932
	168  -  MemoryUsage of job (MB)
	171320  -  ResidentSetSize of job (KB)
...
006 (451591.000.000) 06/25 16:45:45 Image size of job updated: 377932
	168  -  MemoryUsage of job (MB)
	171452  -  ResidentSetSize of job (KB)
...
006 (451591.000.000) 06/25 16:50:45 Image size of job updated: 386308
	211  -  MemoryUsage of job (MB)
	215988  -  ResidentSetSize of job (KB)
...
006 (451591.000.000) 06/25 16:55:45 Image size of job updated: 391652
	217  -  MemoryUsage of job (MB)
	221248  -  ResidentSetSize of job (KB)
...
006 (451591.000.000) 06/25 17:00:46 Image size of job updated: 391652
	217  -  MemoryUsage of job (MB)
	221288  -  ResidentSetSize of job (KB)
...
005 (451591.000.000) 06/25 17:02:29 Job terminated.
	(1) Normal termination (return value 0)
		Usr 0 00:15:51, Sys 0 00:00:06  -  Run Remote Usage
		Usr 0 00:00:00, Sys 0 00:00:00  -  Run Local Usage
		Usr 0 00:15:51, Sys 0 00:00:06  -  Total Remote Usage
		Usr 0 00:00:00, Sys 0 00:00:00  -  Total Local Usage
	26583534  -  Run Bytes Sent By Job
	18573894  -  Run Bytes Received By Job
	26583534  -  Total Bytes Sent By Job
	18573894  -  Total Bytes Received By Job
	Partitionable Resources :    Usage  Request          
	   Cpus                 :                 1          
	   Disk (KB)            :    44125    44125          
	   Memory (MB)          :      217      217          
...
000 (452222.000.000) 06/26 10:52:52 Job submitted from host: <18.12.1.74:48322>
...
001 (452222.000.000) 06/26 10:53:20 Job executing on host: <18.12.8.236:40657>
...
006 (452222.000.000) 06/26 10:53:29 Image size of job updated: 1
	3  -  MemoryUsage of job (MB)
	2352  -  ResidentSetSize of job (KB)
...
006 (452222.000.000) 06/26 10:58:30 Image size of job updated: 381192
	165  -  MemoryUsage of job (MB)
	168528  -  ResidentSetSize of job (KB)
...
006 (452222.000.000) 06/26 11:03:30 Image size of job updated: 389564
	213  -  MemoryUsage of job (MB)
	217372  -  ResidentSetSize of job (KB)
...
000 (452277.000.000) 06/26 11:04:15 Job submitted from host: <18.12.1.74:48322>
...
001 (452277.000.000) 06/26 11:04:44 Job executing on host: <18.12.9.84:47519>
...
006 (452277.000.000) 06/26 11:04:53 Image size of job updated: 75608
	17  -  MemoryUsage of job (MB)
	17176  -  ResidentSetSize of job (KB)
...
006 (452277.000.000) 06/26 11:09:54 Image size of job updated: 378032
	162  -  MemoryUsage of job (MB)
	165436  -  ResidentSetSize of job (KB)
...
006 (452222.000.000) 06/26 11:13:32 Image size of job updated: 394924
	213  -  MemoryUsage of job (MB)
	217372  -  ResidentSetSize of job (KB)
...
006 (452277.000.000) 06/26 11:14:55 Image size of job updated: 386412
	210  -  MemoryUsage of job (MB)
	214184  -  ResidentSetSize of job (KB)
...
005 (452222.000.000) 06/26 11:15:05 Job terminated.
	(1) Normal termination (return value 0)
		Usr 0 00:16:40, Sys 0 00:00:13  -  Run Remote Usage
		Usr 0 00:00:00, Sys 0 00:00:00  -  Run Local Usage
		Usr 0 00:16:40, Sys 0 00:00:13  -  Total Remote Usage
		Usr 0 00:00:00, Sys 0 00:00:00  -  Total Local Usage
	26583148  -  Run Bytes Sent By Job
	18573696  -  Run Bytes Received By Job
	26583148  -  Total Bytes Sent By Job
	18573696  -  Total Bytes Received By Job
	Partitionable Resources :    Usage  Request          
	   Cpus                 :                 1          
	   Disk (KB)            :    44124    44124          
	   Memory (MB)          :      213      213          
...
006 (452277.000.000) 06/26 11:19:55 Image size of job updated: 391760
	215  -  MemoryUsage of job (MB)
	219452  -  ResidentSetSize of job (KB)
...
005 (452277.000.000) 06/26 11:22:39 Job terminated.
	(1) Normal termination (return value 0)
		Usr 0 00:14:34, Sys 0 00:00:13  -  Run Remote Usage
		Usr 0 00:00:00, Sys 0 00:00:00  -  Run Local Usage
		Usr 0 00:14:34, Sys 0 00:00:13  -  Total Remote Usage
		Usr 0 00:00:00, Sys 0 00:00:00  -  Total Local Usage
	26583616  -  Run Bytes Sent By Job
	18573676  -  Run Bytes Received By Job
	26583616  -  Total Bytes Sent By Job
	18573676  -  Total Bytes Received By Job
	Partitionable Resources :    Usage  Request          
	   Cpus                 :                 1          
	   Disk (KB)            :    44124    44124          
	   Memory (MB)          :      215      215          
...
000 (491412.000.000) 06/29 08:24:32 Job submitted from host: <18.12.1.74:48322>
...
001 (491412.000.000) 06/29 08:25:10 Job executing on host: <18.12.8.111:43942>
...
006 (491412.000.000) 06/29 08:25:18 Image size of job updated: 1
	3  -  MemoryUsage of job (MB)
	2372  -  ResidentSetSize of job (KB)
...
006 (491412.000.000) 06/29 08:30:18 Image size of job updated: 413484
	197  -  MemoryUsage of job (MB)
	200936  -  ResidentSetSize of job (KB)
...
006 (491412.000.000) 06/29 08:35:19 Image size of job updated: 421864
	244  -  MemoryUsage of job (MB)
	249624  -  ResidentSetSize of job (KB)
...
006 (491412.000.000) 06/29 08:39:33 Image size of job updated: 427212
	244  -  MemoryUsage of job (MB)
	249624  -  ResidentSetSize of job (KB)
...
005 (491412.000.000) 06/29 08:39:36 Job terminated.
	(1) Normal termination (return value 0)
		Usr 0 00:11:21, Sys 0 00:00:15  -  Run Remote Usage
		Usr 0 00:00:00, Sys 0 00:00:00  -  Run Local Usage
		Usr 0 00:11:21, Sys 0 00:00:15  -  Total Remote Usage
		Usr 0 00:00:00, Sys 0 00:00:00  -  Total Local Usage
	26587292  -  Run Bytes Sent By Job
	18573444  -  Run Bytes Received By Job
	26587292  -  Total Bytes Sent By Job
	18573444  -  Total Bytes Received By Job
	Partitionable Resources :    Usage  Request          
	   Cpus                 :                 1          
	   Disk (KB)            :    44128    44128          
	   Memory (MB)          :      244      244          
...
000 (495893.000.000) 07/03 12:36:25 Job submitted from host: <18.12.1.74:48322>
...
001 (495893.000.000) 07/03 12:37:10 Job executing on host: <18.12.8.220:42920>
...
006 (495893.000.000) 07/03 12:37:19 Image size of job updated: 489908
	302  -  MemoryUsage of job (MB)
	308812  -  ResidentSetSize of job (KB)
...
006 (495893.000.000) 07/03 12:42:20 Image size of job updated: 554976
	320  -  MemoryUsage of job (MB)
	327640  -  ResidentSetSize of job (KB)
...
006 (495893.000.000) 07/03 12:47:20 Image size of job updated: 563092
	368  -  MemoryUsage of job (MB)
	376212  -  ResidentSetSize of job (KB)
...
006 (495893.000.000) 07/03 12:52:20 Image size of job updated: 563356
	368  -  MemoryUsage of job (MB)
	376212  -  ResidentSetSize of job (KB)
...
006 (495893.000.000) 07/03 12:57:21 Image size of job updated: 568708
	373  -  MemoryUsage of job (MB)
	381456  -  ResidentSetSize of job (KB)
...
005 (495893.000.000) 07/03 12:59:27 Job terminated.
	(1) Normal termination (return value 0)
		Usr 0 00:17:36, Sys 0 00:00:16  -  Run Remote Usage
		Usr 0 00:00:00, Sys 0 00:00:00  -  Run Local Usage
		Usr 0 00:17:36, Sys 0 00:00:16  -  Total Remote Usage
		Usr 0 00:00:00, Sys 0 00:00:00  -  Total Local Usage
	29705464  -  Run Bytes Sent By Job
	18576446  -  Run Bytes Received By Job
	29705464  -  Total Bytes Sent By Job
	18576446  -  Total Bytes Received By Job
	Partitionable Resources :    Usage  Request          
	   Cpus                 :                 1          
	   Disk (KB)            :    47176    47176          
	   Memory (MB)          :      373      373          
...
