000 (426872.000.000) 06/22 21:36:59 Job submitted from host: <18.12.1.74:48322>
...
001 (426872.000.000) 06/22 21:37:23 Job executing on host: <18.12.8.231:48030>
...
006 (426872.000.000) 06/22 21:37:31 Image size of job updated: 1
	3  -  MemoryUsage of job (MB)
	2384  -  ResidentSetSize of job (KB)
...
006 (426872.000.000) 06/22 21:42:31 Image size of job updated: 407540
	198  -  MemoryUsage of job (MB)
	202024  -  ResidentSetSize of job (KB)
...
006 (426872.000.000) 06/22 21:47:32 Image size of job updated: 408204
	198  -  MemoryUsage of job (MB)
	202024  -  ResidentSetSize of job (KB)
...
006 (426872.000.000) 06/22 21:52:33 Image size of job updated: 408920
	198  -  MemoryUsage of job (MB)
	202024  -  ResidentSetSize of job (KB)
...
006 (426872.000.000) 06/22 21:57:33 Image size of job updated: 414984
	222  -  MemoryUsage of job (MB)
	227064  -  ResidentSetSize of job (KB)
...
005 (426872.000.000) 06/22 21:58:16 Job terminated.
	(1) Normal termination (return value 0)
		Usr 0 00:16:48, Sys 0 00:00:11  -  Run Remote Usage
		Usr 0 00:00:00, Sys 0 00:00:00  -  Run Local Usage
		Usr 0 00:16:48, Sys 0 00:00:11  -  Total Remote Usage
		Usr 0 00:00:00, Sys 0 00:00:00  -  Total Local Usage
	128190  -  Run Bytes Sent By Job
	28496  -  Run Bytes Received By Job
	128190  -  Total Bytes Sent By Job
	28496  -  Total Bytes Received By Job
	Partitionable Resources :    Usage  Request          
	   Cpus                 :                 1          
	   Disk (KB)            :      179      179          
	   Memory (MB)          :      222      222          
...
000 (451558.000.000) 06/25 13:25:31 Job submitted from host: <18.12.1.74:48322>
...
001 (451558.000.000) 06/25 13:25:47 Job executing on host: <18.12.8.207:49125>
...
006 (451558.000.000) 06/25 13:25:55 Image size of job updated: 1
	3  -  MemoryUsage of job (MB)
	2380  -  ResidentSetSize of job (KB)
...
006 (451558.000.000) 06/25 13:30:55 Image size of job updated: 374820
	161  -  MemoryUsage of job (MB)
	164360  -  ResidentSetSize of job (KB)
...
006 (451558.000.000) 06/25 13:35:57 Image size of job updated: 382272
	208  -  MemoryUsage of job (MB)
	212688  -  ResidentSetSize of job (KB)
...
006 (451558.000.000) 06/25 13:40:57 Image size of job updated: 389912
	208  -  MemoryUsage of job (MB)
	212688  -  ResidentSetSize of job (KB)
...
005 (451558.000.000) 06/25 13:45:53 Job terminated.
	(1) Normal termination (return value 0)
		Usr 0 00:16:46, Sys 0 00:00:07  -  Run Remote Usage
		Usr 0 00:00:00, Sys 0 00:00:00  -  Run Local Usage
		Usr 0 00:16:46, Sys 0 00:00:07  -  Total Remote Usage
		Usr 0 00:00:00, Sys 0 00:00:00  -  Total Local Usage
	129838  -  Run Bytes Sent By Job
	28774  -  Run Bytes Received By Job
	129838  -  Total Bytes Sent By Job
	28774  -  Total Bytes Received By Job
	Partitionable Resources :    Usage  Request          
	   Cpus                 :                 1          
	   Disk (KB)            :      180      180          
	   Memory (MB)          :      208      208          
...
000 (451606.000.000) 06/25 16:35:17 Job submitted from host: <18.12.1.74:48322>
...
001 (451606.000.000) 06/25 16:35:38 Job executing on host: <18.12.6.87:45913>
...
006 (451606.000.000) 06/25 16:35:47 Image size of job updated: 1
	3  -  MemoryUsage of job (MB)
	2356  -  ResidentSetSize of job (KB)
...
006 (451606.000.000) 06/25 16:40:48 Image size of job updated: 375100
	161  -  MemoryUsage of job (MB)
	164664  -  ResidentSetSize of job (KB)
...
006 (451606.000.000) 06/25 16:45:48 Image size of job updated: 382620
	209  -  MemoryUsage of job (MB)
	213016  -  ResidentSetSize of job (KB)
...
006 (451606.000.000) 06/25 16:50:48 Image size of job updated: 390232
	216  -  MemoryUsage of job (MB)
	220612  -  ResidentSetSize of job (KB)
...
005 (451606.000.000) 06/25 16:57:26 Job terminated.
	(1) Normal termination (return value 0)
		Usr 0 00:18:41, Sys 0 00:00:06  -  Run Remote Usage
		Usr 0 00:00:00, Sys 0 00:00:00  -  Run Local Usage
		Usr 0 00:18:41, Sys 0 00:00:06  -  Total Remote Usage
		Usr 0 00:00:00, Sys 0 00:00:00  -  Total Local Usage
	26583366  -  Run Bytes Sent By Job
	18573894  -  Run Bytes Received By Job
	26583366  -  Total Bytes Sent By Job
	18573894  -  Total Bytes Received By Job
	Partitionable Resources :    Usage  Request          
	   Cpus                 :                 1          
	   Disk (KB)            :    44124    44124          
	   Memory (MB)          :      216      216          
...
000 (452237.000.000) 06/26 10:52:54 Job submitted from host: <18.12.1.74:48322>
...
001 (452237.000.000) 06/26 10:53:17 Job executing on host: <18.12.8.243:45475>
...
006 (452237.000.000) 06/26 10:53:25 Image size of job updated: 187176
	72  -  MemoryUsage of job (MB)
	72752  -  ResidentSetSize of job (KB)
...
006 (452237.000.000) 06/26 10:58:25 Image size of job updated: 378504
	165  -  MemoryUsage of job (MB)
	168032  -  ResidentSetSize of job (KB)
...
006 (452237.000.000) 06/26 11:03:26 Image size of job updated: 385864
	212  -  MemoryUsage of job (MB)
	216324  -  ResidentSetSize of job (KB)
...
000 (452292.000.000) 06/26 11:04:17 Job submitted from host: <18.12.1.74:48322>
...
001 (452292.000.000) 06/26 11:04:50 Job executing on host: <18.12.8.207:49125>
...
006 (452292.000.000) 06/26 11:04:58 Image size of job updated: 1
	3  -  MemoryUsage of job (MB)
	2380  -  ResidentSetSize of job (KB)
...
006 (452237.000.000) 06/26 11:08:27 Image size of job updated: 394348
	212  -  MemoryUsage of job (MB)
	216324  -  ResidentSetSize of job (KB)
...
006 (452292.000.000) 06/26 11:09:58 Image size of job updated: 375324
	161  -  MemoryUsage of job (MB)
	164780  -  ResidentSetSize of job (KB)
...
006 (452237.000.000) 06/26 11:14:45 Image size of job updated: 421852
	212  -  MemoryUsage of job (MB)
	216324  -  ResidentSetSize of job (KB)
...
005 (452237.000.000) 06/26 11:14:46 Job terminated.
	(1) Normal termination (return value 0)
		Usr 0 00:16:52, Sys 0 00:00:11  -  Run Remote Usage
		Usr 0 00:00:00, Sys 0 00:00:00  -  Run Local Usage
		Usr 0 00:16:52, Sys 0 00:00:11  -  Total Remote Usage
		Usr 0 00:00:00, Sys 0 00:00:00  -  Total Local Usage
	26583148  -  Run Bytes Sent By Job
	18573696  -  Run Bytes Received By Job
	26583148  -  Total Bytes Sent By Job
	18573696  -  Total Bytes Received By Job
	Partitionable Resources :    Usage  Request          
	   Cpus                 :                 1          
	   Disk (KB)            :    44124    44124          
	   Memory (MB)          :      212      212          
...
006 (452292.000.000) 06/26 11:14:59 Image size of job updated: 382692
	197  -  MemoryUsage of job (MB)
	200880  -  ResidentSetSize of job (KB)
...
006 (452292.000.000) 06/26 11:20:00 Image size of job updated: 391176
	205  -  MemoryUsage of job (MB)
	209372  -  ResidentSetSize of job (KB)
...
005 (452292.000.000) 06/26 11:26:12 Job terminated.
	(1) Normal termination (return value 0)
		Usr 0 00:17:12, Sys 0 00:00:13  -  Run Remote Usage
		Usr 0 00:00:00, Sys 0 00:00:00  -  Run Local Usage
		Usr 0 00:17:12, Sys 0 00:00:13  -  Total Remote Usage
		Usr 0 00:00:00, Sys 0 00:00:00  -  Total Local Usage
	26583280  -  Run Bytes Sent By Job
	18573676  -  Run Bytes Received By Job
	26583280  -  Total Bytes Sent By Job
	18573676  -  Total Bytes Received By Job
	Partitionable Resources :    Usage  Request          
	   Cpus                 :                 1          
	   Disk (KB)            :    44124    44124          
	   Memory (MB)          :      205      205          
...
000 (491427.000.000) 06/29 08:24:34 Job submitted from host: <18.12.1.74:48322>
...
001 (491427.000.000) 06/29 08:25:06 Job executing on host: <18.12.6.44:44453>
...
006 (491427.000.000) 06/29 08:25:15 Image size of job updated: 346316
	164  -  MemoryUsage of job (MB)
	167552  -  ResidentSetSize of job (KB)
...
006 (491427.000.000) 06/29 08:30:16 Image size of job updated: 410776
	196  -  MemoryUsage of job (MB)
	200272  -  ResidentSetSize of job (KB)
...
006 (491427.000.000) 06/29 08:35:17 Image size of job updated: 418144
	243  -  MemoryUsage of job (MB)
	248564  -  ResidentSetSize of job (KB)
...
006 (491427.000.000) 06/29 08:40:17 Image size of job updated: 426632
	251  -  MemoryUsage of job (MB)
	257008  -  ResidentSetSize of job (KB)
...
006 (491427.000.000) 06/29 08:46:12 Image size of job updated: 454132
	251  -  MemoryUsage of job (MB)
	257008  -  ResidentSetSize of job (KB)
...
005 (491427.000.000) 06/29 08:46:13 Job terminated.
	(1) Normal termination (return value 0)
		Usr 0 00:18:08, Sys 0 00:00:09  -  Run Remote Usage
		Usr 0 00:00:00, Sys 0 00:00:00  -  Run Local Usage
		Usr 0 00:18:08, Sys 0 00:00:09  -  Total Remote Usage
		Usr 0 00:00:00, Sys 0 00:00:00  -  Total Local Usage
	26587292  -  Run Bytes Sent By Job
	18573444  -  Run Bytes Received By Job
	26587292  -  Total Bytes Sent By Job
	18573444  -  Total Bytes Received By Job
	Partitionable Resources :    Usage  Request          
	   Cpus                 :                 1          
	   Disk (KB)            :    44128    44128          
	   Memory (MB)          :      251      251          
...
000 (495908.000.000) 07/03 12:36:26 Job submitted from host: <18.12.1.74:48322>
...
001 (495908.000.000) 07/03 12:37:17 Job executing on host: <18.12.8.92:46424>
...
006 (495908.000.000) 07/03 12:37:26 Image size of job updated: 471144
	294  -  MemoryUsage of job (MB)
	300072  -  ResidentSetSize of job (KB)
...
006 (495908.000.000) 07/03 12:42:27 Image size of job updated: 552280
	336  -  MemoryUsage of job (MB)
	343464  -  ResidentSetSize of job (KB)
...
006 (495908.000.000) 07/03 12:47:28 Image size of job updated: 562596
	386  -  MemoryUsage of job (MB)
	394608  -  ResidentSetSize of job (KB)
...
006 (495908.000.000) 07/03 12:52:28 Image size of job updated: 568124
	391  -  MemoryUsage of job (MB)
	400136  -  ResidentSetSize of job (KB)
...
005 (495908.000.000) 07/03 12:54:21 Job terminated.
	(1) Normal termination (return value 0)
		Usr 0 00:12:01, Sys 0 00:00:17  -  Run Remote Usage
		Usr 0 00:00:00, Sys 0 00:00:00  -  Run Local Usage
		Usr 0 00:12:01, Sys 0 00:00:17  -  Total Remote Usage
		Usr 0 00:00:00, Sys 0 00:00:00  -  Total Local Usage
	35620952  -  Run Bytes Sent By Job
	18576446  -  Run Bytes Received By Job
	35620952  -  Total Bytes Sent By Job
	18576446  -  Total Bytes Received By Job
	Partitionable Resources :    Usage  Request          
	   Cpus                 :                 1          
	   Disk (KB)            :    52953    52953          
	   Memory (MB)          :      391      391          
...
