000 (426879.000.000) 06/22 21:36:59 Job submitted from host: <18.12.1.74:48322>
...
001 (426879.000.000) 06/22 21:37:18 Job executing on host: <18.12.9.60:41752>
...
006 (426879.000.000) 06/22 21:37:26 Image size of job updated: 402356
	145  -  MemoryUsage of job (MB)
	148464  -  ResidentSetSize of job (KB)
...
006 (426879.000.000) 06/22 21:42:26 Image size of job updated: 412176
	198  -  MemoryUsage of job (MB)
	202576  -  ResidentSetSize of job (KB)
...
006 (426879.000.000) 06/22 21:47:26 Image size of job updated: 412176
	198  -  MemoryUsage of job (MB)
	202592  -  ResidentSetSize of job (KB)
...
006 (426879.000.000) 06/22 21:52:27 Image size of job updated: 418028
	222  -  MemoryUsage of job (MB)
	226768  -  ResidentSetSize of job (KB)
...
005 (426879.000.000) 06/22 21:55:24 Job terminated.
	(1) Normal termination (return value 0)
		Usr 0 00:14:49, Sys 0 00:00:12  -  Run Remote Usage
		Usr 0 00:00:00, Sys 0 00:00:00  -  Run Local Usage
		Usr 0 00:14:49, Sys 0 00:00:12  -  Total Remote Usage
		Usr 0 00:00:00, Sys 0 00:00:00  -  Total Local Usage
	128118  -  Run Bytes Sent By Job
	28496  -  Run Bytes Received By Job
	128118  -  Total Bytes Sent By Job
	28496  -  Total Bytes Received By Job
	Partitionable Resources :    Usage  Request          
	   Cpus                 :                 1          
	   Disk (KB)            :      178      178          
	   Memory (MB)          :      222      222          
...
000 (451565.000.000) 06/25 13:25:32 Job submitted from host: <18.12.1.74:48322>
...
001 (451565.000.000) 06/25 13:25:44 Job executing on host: <18.12.9.12:49052>
...
006 (451565.000.000) 06/25 13:25:53 Image size of job updated: 1
	3  -  MemoryUsage of job (MB)
	2356  -  ResidentSetSize of job (KB)
...
006 (451565.000.000) 06/25 13:30:53 Image size of job updated: 383128
	172  -  MemoryUsage of job (MB)
	176112  -  ResidentSetSize of job (KB)
...
006 (451565.000.000) 06/25 13:35:53 Image size of job updated: 387452
	215  -  MemoryUsage of job (MB)
	219272  -  ResidentSetSize of job (KB)
...
006 (451565.000.000) 06/25 13:40:54 Image size of job updated: 388264
	215  -  MemoryUsage of job (MB)
	220084  -  ResidentSetSize of job (KB)
...
005 (451565.000.000) 06/25 13:47:28 Job terminated.
	(1) Normal termination (return value 0)
		Usr 0 00:16:26, Sys 0 00:00:06  -  Run Remote Usage
		Usr 0 00:00:00, Sys 0 00:00:00  -  Run Local Usage
		Usr 0 00:16:26, Sys 0 00:00:06  -  Total Remote Usage
		Usr 0 00:00:00, Sys 0 00:00:00  -  Total Local Usage
	129854  -  Run Bytes Sent By Job
	28774  -  Run Bytes Received By Job
	129854  -  Total Bytes Sent By Job
	28774  -  Total Bytes Received By Job
	Partitionable Resources :    Usage  Request          
	   Cpus                 :                 1          
	   Disk (KB)            :      180      180          
	   Memory (MB)          :      215      215          
...
000 (451613.000.000) 06/25 16:35:18 Job submitted from host: <18.12.1.74:48322>
...
001 (451613.000.000) 06/25 16:35:38 Job executing on host: <18.12.9.20:48030>
...
006 (451613.000.000) 06/25 16:35:47 Image size of job updated: 1
	3  -  MemoryUsage of job (MB)
	2372  -  ResidentSetSize of job (KB)
...
006 (451613.000.000) 06/25 16:40:48 Image size of job updated: 383468
	168  -  MemoryUsage of job (MB)
	171208  -  ResidentSetSize of job (KB)
...
006 (451613.000.000) 06/25 16:45:48 Image size of job updated: 387788
	212  -  MemoryUsage of job (MB)
	216296  -  ResidentSetSize of job (KB)
...
006 (451613.000.000) 06/25 16:50:49 Image size of job updated: 388600
	213  -  MemoryUsage of job (MB)
	217108  -  ResidentSetSize of job (KB)
...
005 (451613.000.000) 06/25 16:54:10 Job terminated.
	(1) Normal termination (return value 0)
		Usr 0 00:16:07, Sys 0 00:00:08  -  Run Remote Usage
		Usr 0 00:00:00, Sys 0 00:00:00  -  Run Local Usage
		Usr 0 00:16:07, Sys 0 00:00:08  -  Total Remote Usage
		Usr 0 00:00:00, Sys 0 00:00:00  -  Total Local Usage
	26583270  -  Run Bytes Sent By Job
	18573894  -  Run Bytes Received By Job
	26583270  -  Total Bytes Sent By Job
	18573894  -  Total Bytes Received By Job
	Partitionable Resources :    Usage  Request          
	   Cpus                 :                 1          
	   Disk (KB)            :    44124    44124          
	   Memory (MB)          :      213      213          
...
000 (452244.000.000) 06/26 10:52:55 Job submitted from host: <18.12.1.74:48322>
...
001 (452244.000.000) 06/26 10:53:20 Job executing on host: <18.12.12.66:48176>
...
006 (452244.000.000) 06/26 10:53:29 Image size of job updated: 1
	3  -  MemoryUsage of job (MB)
	2368  -  ResidentSetSize of job (KB)
...
006 (452244.000.000) 06/26 10:58:30 Image size of job updated: 386740
	173  -  MemoryUsage of job (MB)
	176928  -  ResidentSetSize of job (KB)
...
006 (452244.000.000) 06/26 11:03:31 Image size of job updated: 391064
	217  -  MemoryUsage of job (MB)
	221992  -  ResidentSetSize of job (KB)
...
000 (452299.000.000) 06/26 11:04:18 Job submitted from host: <18.12.1.74:48322>
...
001 (452299.000.000) 06/26 11:04:47 Job executing on host: <18.12.6.15:43358>
...
006 (452299.000.000) 06/26 11:04:56 Image size of job updated: 377232
	146  -  MemoryUsage of job (MB)
	148880  -  ResidentSetSize of job (KB)
...
006 (452244.000.000) 06/26 11:08:31 Image size of job updated: 391876
	218  -  MemoryUsage of job (MB)
	222804  -  ResidentSetSize of job (KB)
...
006 (452299.000.000) 06/26 11:09:56 Image size of job updated: 383568
	168  -  MemoryUsage of job (MB)
	171336  -  ResidentSetSize of job (KB)
...
006 (452299.000.000) 06/26 11:14:56 Image size of job updated: 387888
	212  -  MemoryUsage of job (MB)
	216348  -  ResidentSetSize of job (KB)
...
005 (452244.000.000) 06/26 11:17:02 Job terminated.
	(1) Normal termination (return value 0)
		Usr 0 00:18:33, Sys 0 00:00:11  -  Run Remote Usage
		Usr 0 00:00:00, Sys 0 00:00:00  -  Run Local Usage
		Usr 0 00:18:33, Sys 0 00:00:11  -  Total Remote Usage
		Usr 0 00:00:00, Sys 0 00:00:00  -  Total Local Usage
	26583092  -  Run Bytes Sent By Job
	18573696  -  Run Bytes Received By Job
	26583092  -  Total Bytes Sent By Job
	18573696  -  Total Bytes Received By Job
	Partitionable Resources :    Usage  Request          
	   Cpus                 :                 1          
	   Disk (KB)            :    44124    44124          
	   Memory (MB)          :      218      218          
...
006 (452299.000.000) 06/26 11:19:57 Image size of job updated: 388700
	213  -  MemoryUsage of job (MB)
	217164  -  ResidentSetSize of job (KB)
...
005 (452299.000.000) 06/26 11:25:32 Job terminated.
	(1) Normal termination (return value 0)
		Usr 0 00:18:06, Sys 0 00:00:11  -  Run Remote Usage
		Usr 0 00:00:00, Sys 0 00:00:00  -  Run Local Usage
		Usr 0 00:18:06, Sys 0 00:00:11  -  Total Remote Usage
		Usr 0 00:00:00, Sys 0 00:00:00  -  Total Local Usage
	26583296  -  Run Bytes Sent By Job
	18573676  -  Run Bytes Received By Job
	26583296  -  Total Bytes Sent By Job
	18573676  -  Total Bytes Received By Job
	Partitionable Resources :    Usage  Request          
	   Cpus                 :                 1          
	   Disk (KB)            :    44124    44124          
	   Memory (MB)          :      213      213          
...
000 (491434.000.000) 06/29 08:24:35 Job submitted from host: <18.12.1.74:48322>
...
001 (491434.000.000) 06/29 08:25:05 Job executing on host: <18.12.8.122:40511>
...
006 (491434.000.000) 06/29 08:25:13 Image size of job updated: 13384
	2  -  MemoryUsage of job (MB)
	1964  -  ResidentSetSize of job (KB)
...
006 (491434.000.000) 06/29 08:30:13 Image size of job updated: 419016
	202  -  MemoryUsage of job (MB)
	206660  -  ResidentSetSize of job (KB)
...
006 (491434.000.000) 06/29 08:40:13 Image size of job updated: 423336
	245  -  MemoryUsage of job (MB)
	250272  -  ResidentSetSize of job (KB)
...
006 (491434.000.000) 06/29 08:45:13 Image size of job updated: 424148
	245  -  MemoryUsage of job (MB)
	250272  -  ResidentSetSize of job (KB)
...
006 (491434.000.000) 06/29 08:54:13 Image size of job updated: 454388
	245  -  MemoryUsage of job (MB)
	250272  -  ResidentSetSize of job (KB)
...
005 (491434.000.000) 06/29 08:54:14 Job terminated.
	(1) Normal termination (return value 0)
		Usr 0 00:13:12, Sys 0 00:00:14  -  Run Remote Usage
		Usr 0 00:00:00, Sys 0 00:00:00  -  Run Local Usage
		Usr 0 00:13:12, Sys 0 00:00:14  -  Total Remote Usage
		Usr 0 00:00:00, Sys 0 00:00:00  -  Total Local Usage
	26587168  -  Run Bytes Sent By Job
	18573444  -  Run Bytes Received By Job
	26587168  -  Total Bytes Sent By Job
	18573444  -  Total Bytes Received By Job
	Partitionable Resources :    Usage  Request          
	   Cpus                 :                 1          
	   Disk (KB)            :    44127    44127          
	   Memory (MB)          :      245      245          
...
000 (495915.000.000) 07/03 12:36:27 Job submitted from host: <18.12.1.74:48322>
...
001 (495915.000.000) 07/03 12:37:41 Job executing on host: <18.12.9.78:45840>
...
006 (495915.000.000) 07/03 12:37:49 Image size of job updated: 1
	3  -  MemoryUsage of job (MB)
	2364  -  ResidentSetSize of job (KB)
...
006 (495915.000.000) 07/03 12:42:49 Image size of job updated: 560516
	342  -  MemoryUsage of job (MB)
	349604  -  ResidentSetSize of job (KB)
...
006 (495915.000.000) 07/03 12:47:49 Image size of job updated: 564836
	386  -  MemoryUsage of job (MB)
	394592  -  ResidentSetSize of job (KB)
...
006 (495915.000.000) 07/03 12:52:50 Image size of job updated: 565648
	387  -  MemoryUsage of job (MB)
	395400  -  ResidentSetSize of job (KB)
...
005 (495915.000.000) 07/03 12:58:23 Job terminated.
	(1) Normal termination (return value 0)
		Usr 0 00:14:28, Sys 0 00:00:12  -  Run Remote Usage
		Usr 0 00:00:00, Sys 0 00:00:00  -  Run Local Usage
		Usr 0 00:14:28, Sys 0 00:00:12  -  Total Remote Usage
		Usr 0 00:00:00, Sys 0 00:00:00  -  Total Local Usage
	40128056  -  Run Bytes Sent By Job
	18576446  -  Run Bytes Received By Job
	40128056  -  Total Bytes Sent By Job
	18576446  -  Total Bytes Received By Job
	Partitionable Resources :    Usage  Request          
	   Cpus                 :                 1          
	   Disk (KB)            :    57354    57354          
	   Memory (MB)          :      387      387          
...
