
----------------------------------------------------
Job started on Fri Jul  3 12:37:16 EDT 2015 at WN: t2bat0220.cmsaf.mit.edu 
Job is running on Linux t2bat0220.cmsaf.mit.edu 2.6.32-358.el6.x86_64 #1 SMP Fri Feb 22 20:37:17 CST 2013 x86_64 x86_64 x86_64 GNU/Linux
Filesystem            Size  Used Avail Use% Mounted on
/dev/sda3              20G  2.4G   17G  13% /
tmpfs                  12G     0   12G   0% /dev/shm
/dev/sda1              97M   32M   61M  35% /boot
/dev/sda4             874G   64G  810G   8% /export/data1
/dev/sdb1             1.8T  1.7T  189G  90% /export/00b
/dev/sdc1             1.8T  1.6T  199G  90% /export/00c
/dev/sdd1             1.8T  1.7T  188G  90% /export/00d
/dev/sde1             1.8T  1.6T  196G  90% /export/00e
/dev/sdf1             1.8T  1.6T  223G  88% /export/00f
fuse_dfs              4.9P  4.4P  508T  90% /mnt/hadoop
t2srv0004:/export/db  135G  187M  135G   1% /net/t2srv0004/db
cvmfs2                 98G   61G   38G  62% /cvmfs/cms.cern.ch
cvmfs2                 98G   61G   38G  62% /cvmfs/oasis.opensciencegrid.org
cvmfs2                 98G   61G   38G  62% /cvmfs/cdfcfs.fnal.gov
cvmfs2                 98G   61G   38G  62% /cvmfs/cvmfs.cmsaf.mit.edu
gcc (GCC) 4.4.7 20120313 (Red Hat 4.4.7-3)
Copyright (C) 2010 Free Software Foundation, Inc.
This is free software; see the source for copying conditions.  There is NO
warranty; not even for MERCHANTABILITY or FITNESS FOR A PARTICULAR PURPOSE.

Processing...
0/1232625
10000/1232625
20000/1232625
30000/1232625
40000/1232625
50000/1232625
60000/1232625
70000/1232625
80000/1232625
90000/1232625
100000/1232625
110000/1232625
120000/1232625
130000/1232625
140000/1232625
150000/1232625
160000/1232625
170000/1232625
180000/1232625
190000/1232625
200000/1232625
210000/1232625
220000/1232625
230000/1232625
240000/1232625
250000/1232625
260000/1232625
270000/1232625
280000/1232625
290000/1232625
300000/1232625
310000/1232625
320000/1232625
330000/1232625
340000/1232625
350000/1232625
360000/1232625
370000/1232625
380000/1232625
390000/1232625
400000/1232625
410000/1232625
420000/1232625
430000/1232625
440000/1232625
450000/1232625
460000/1232625
470000/1232625
480000/1232625
490000/1232625
500000/1232625
510000/1232625
520000/1232625
530000/1232625
540000/1232625
550000/1232625
560000/1232625
570000/1232625
580000/1232625
590000/1232625
600000/1232625
610000/1232625
620000/1232625
630000/1232625
640000/1232625
650000/1232625
660000/1232625
670000/1232625
680000/1232625
690000/1232625
700000/1232625
710000/1232625
720000/1232625
730000/1232625
740000/1232625
750000/1232625
760000/1232625
770000/1232625
780000/1232625
790000/1232625
800000/1232625
810000/1232625
820000/1232625
830000/1232625
840000/1232625
850000/1232625
860000/1232625
870000/1232625
880000/1232625
890000/1232625
900000/1232625
910000/1232625
920000/1232625
930000/1232625
940000/1232625
950000/1232625
960000/1232625
970000/1232625
980000/1232625
990000/1232625
1000000/1232625
1010000/1232625
1020000/1232625
1030000/1232625
1040000/1232625
1050000/1232625
1060000/1232625
1070000/1232625
1080000/1232625
1090000/1232625
1100000/1232625
1110000/1232625
1120000/1232625
1130000/1232625
1140000/1232625
1150000/1232625
1160000/1232625
1170000/1232625
1180000/1232625
1190000/1232625
1200000/1232625
1210000/1232625
1220000/1232625
1230000/1232625
Macro finished: 
CPU time (min)  = 18.1427
Real time (min) = 22.8204
Done!
Copied output files to hadoop rootfiles/JetRAA/June22
