
----------------------------------------------------
Job started on Fri Jul  3 12:37:11 EDT 2015 at WN: t2bat0179.cmsaf.mit.edu 
Job is running on Linux t2bat0179.cmsaf.mit.edu 2.6.32-358.el6.x86_64 #1 SMP Fri Feb 22 20:37:17 CST 2013 x86_64 x86_64 x86_64 GNU/Linux
Filesystem            Size  Used Avail Use% Mounted on
/dev/sda3              20G  3.0G   16G  16% /
tmpfs                  12G     0   12G   0% /dev/shm
/dev/sda1              97M   32M   61M  35% /boot
/dev/sda4             874G   60G  814G   7% /export/data1
/dev/sdb1             1.8T  1.6T  213G  89% /export/00b
/dev/sdc1             1.8T  1.7T  184G  90% /export/00c
/dev/sdd1             1.8T  1.6T  204G  89% /export/00d
/dev/sde1             1.8T  1.7T  195G  90% /export/00e
/dev/sdf1             1.8T  1.7T  192G  90% /export/00f
fuse_dfs              4.9P  4.4P  508T  90% /mnt/hadoop
cvmfs2                 98G   58G   41G  59% /cvmfs/cms.cern.ch
t2srv0004:/export/db  135G  187M  135G   1% /net/t2srv0004/db
gcc (GCC) 4.4.7 20120313 (Red Hat 4.4.7-3)
Copyright (C) 2010 Free Software Foundation, Inc.
This is free software; see the source for copying conditions.  There is NO
warranty; not even for MERCHANTABILITY or FITNESS FOR A PARTICULAR PURPOSE.

Processing...
0/1230904
10000/1230904
20000/1230904
30000/1230904
40000/1230904
50000/1230904
60000/1230904
70000/1230904
80000/1230904
90000/1230904
100000/1230904
110000/1230904
120000/1230904
130000/1230904
140000/1230904
150000/1230904
160000/1230904
170000/1230904
180000/1230904
190000/1230904
200000/1230904
210000/1230904
220000/1230904
230000/1230904
240000/1230904
250000/1230904
260000/1230904
270000/1230904
280000/1230904
290000/1230904
300000/1230904
310000/1230904
320000/1230904
330000/1230904
340000/1230904
350000/1230904
360000/1230904
370000/1230904
380000/1230904
390000/1230904
400000/1230904
410000/1230904
420000/1230904
430000/1230904
440000/1230904
450000/1230904
460000/1230904
470000/1230904
480000/1230904
490000/1230904
500000/1230904
510000/1230904
520000/1230904
530000/1230904
540000/1230904
550000/1230904
560000/1230904
570000/1230904
580000/1230904
590000/1230904
600000/1230904
610000/1230904
620000/1230904
630000/1230904
640000/1230904
650000/1230904
660000/1230904
670000/1230904
680000/1230904
690000/1230904
700000/1230904
710000/1230904
720000/1230904
730000/1230904
740000/1230904
750000/1230904
760000/1230904
770000/1230904
780000/1230904
790000/1230904
800000/1230904
810000/1230904
820000/1230904
830000/1230904
840000/1230904
850000/1230904
860000/1230904
870000/1230904
880000/1230904
890000/1230904
900000/1230904
910000/1230904
920000/1230904
930000/1230904
940000/1230904
950000/1230904
960000/1230904
970000/1230904
980000/1230904
990000/1230904
1000000/1230904
1010000/1230904
1020000/1230904
1030000/1230904
1040000/1230904
1050000/1230904
1060000/1230904
1070000/1230904
1080000/1230904
1090000/1230904
1100000/1230904
1110000/1230904
1120000/1230904
1130000/1230904
1140000/1230904
1150000/1230904
1160000/1230904
1170000/1230904
1180000/1230904
1190000/1230904
1200000/1230904
1210000/1230904
1220000/1230904
1230000/1230904
Macro finished: 
CPU time (min)  = 17.6423
Real time (min) = 32.6326
Done!
Copied output files to hadoop rootfiles/JetRAA/June22
