000 (426870.000.000) 06/22 21:36:59 Job submitted from host: <18.12.1.74:48322>
...
001 (426870.000.000) 06/22 21:37:23 Job executing on host: <18.12.8.104:49709>
...
006 (426870.000.000) 06/22 21:37:31 Image size of job updated: 67204
	11  -  MemoryUsage of job (MB)
	10672  -  ResidentSetSize of job (KB)
...
006 (426870.000.000) 06/22 21:42:31 Image size of job updated: 412900
	200  -  MemoryUsage of job (MB)
	203860  -  ResidentSetSize of job (KB)
...
006 (426870.000.000) 06/22 21:52:33 Image size of job updated: 415752
	234  -  MemoryUsage of job (MB)
	239432  -  ResidentSetSize of job (KB)
...
005 (426870.000.000) 06/22 21:59:29 Job terminated.
	(1) Normal termination (return value 0)
		Usr 0 00:12:03, Sys 0 00:00:18  -  Run Remote Usage
		Usr 0 00:00:00, Sys 0 00:00:00  -  Run Local Usage
		Usr 0 00:12:03, Sys 0 00:00:18  -  Total Remote Usage
		Usr 0 00:00:00, Sys 0 00:00:00  -  Total Local Usage
	128206  -  Run Bytes Sent By Job
	28496  -  Run Bytes Received By Job
	128206  -  Total Bytes Sent By Job
	28496  -  Total Bytes Received By Job
	Partitionable Resources :    Usage  Request          
	   Cpus                 :                 1          
	   Disk (KB)            :      178      178          
	   Memory (MB)          :      234      234          
...
000 (451556.000.000) 06/25 13:25:31 Job submitted from host: <18.12.1.74:48322>
...
001 (451556.000.000) 06/25 13:25:43 Job executing on host: <18.12.9.48:49271>
...
006 (451556.000.000) 06/25 13:25:52 Image size of job updated: 373732
	148  -  MemoryUsage of job (MB)
	150864  -  ResidentSetSize of job (KB)
...
006 (451556.000.000) 06/25 13:30:53 Image size of job updated: 374792
	164  -  MemoryUsage of job (MB)
	167456  -  ResidentSetSize of job (KB)
...
006 (451556.000.000) 06/25 13:35:53 Image size of job updated: 383588
	213  -  MemoryUsage of job (MB)
	217284  -  ResidentSetSize of job (KB)
...
006 (451556.000.000) 06/25 13:45:54 Image size of job updated: 384576
	214  -  MemoryUsage of job (MB)
	218272  -  ResidentSetSize of job (KB)
...
005 (451556.000.000) 06/25 13:47:25 Job terminated.
	(1) Normal termination (return value 0)
		Usr 0 00:13:54, Sys 0 00:00:09  -  Run Remote Usage
		Usr 0 00:00:00, Sys 0 00:00:00  -  Run Local Usage
		Usr 0 00:13:54, Sys 0 00:00:09  -  Total Remote Usage
		Usr 0 00:00:00, Sys 0 00:00:00  -  Total Local Usage
	129561  -  Run Bytes Sent By Job
	28774  -  Run Bytes Received By Job
	129561  -  Total Bytes Sent By Job
	28774  -  Total Bytes Received By Job
	Partitionable Resources :    Usage  Request          
	   Cpus                 :                 1          
	   Disk (KB)            :      180      180          
	   Memory (MB)          :      214      214          
...
000 (451604.000.000) 06/25 16:35:17 Job submitted from host: <18.12.1.74:48322>
...
001 (451604.000.000) 06/25 16:35:35 Job executing on host: <18.12.8.173:40000>
...
006 (451604.000.000) 06/25 16:35:44 Image size of job updated: 1
	3  -  MemoryUsage of job (MB)
	2356  -  ResidentSetSize of job (KB)
...
006 (451604.000.000) 06/25 16:40:45 Image size of job updated: 380516
	163  -  MemoryUsage of job (MB)
	166052  -  ResidentSetSize of job (KB)
...
006 (451604.000.000) 06/25 16:45:46 Image size of job updated: 383940
	209  -  MemoryUsage of job (MB)
	213428  -  ResidentSetSize of job (KB)
...
006 (451604.000.000) 06/25 16:50:46 Image size of job updated: 384928
	210  -  MemoryUsage of job (MB)
	214424  -  ResidentSetSize of job (KB)
...
005 (451604.000.000) 06/25 16:54:30 Job terminated.
	(1) Normal termination (return value 0)
		Usr 0 00:16:08, Sys 0 00:00:06  -  Run Remote Usage
		Usr 0 00:00:00, Sys 0 00:00:00  -  Run Local Usage
		Usr 0 00:16:08, Sys 0 00:00:06  -  Total Remote Usage
		Usr 0 00:00:00, Sys 0 00:00:00  -  Total Local Usage
	26583544  -  Run Bytes Sent By Job
	18573894  -  Run Bytes Received By Job
	26583544  -  Total Bytes Sent By Job
	18573894  -  Total Bytes Received By Job
	Partitionable Resources :    Usage  Request          
	   Cpus                 :                 1          
	   Disk (KB)            :    44125    44125          
	   Memory (MB)          :      210      210          
...
000 (452235.000.000) 06/26 10:52:54 Job submitted from host: <18.12.1.74:48322>
...
001 (452235.000.000) 06/26 10:53:15 Job executing on host: <18.12.8.191:47519>
...
006 (452235.000.000) 06/26 10:53:24 Image size of job updated: 377292
	149  -  MemoryUsage of job (MB)
	152096  -  ResidentSetSize of job (KB)
...
006 (452235.000.000) 06/26 10:58:25 Image size of job updated: 383784
	171  -  MemoryUsage of job (MB)
	174280  -  ResidentSetSize of job (KB)
...
006 (452235.000.000) 06/26 11:03:25 Image size of job updated: 387212
	213  -  MemoryUsage of job (MB)
	217516  -  ResidentSetSize of job (KB)
...
000 (452290.000.000) 06/26 11:04:17 Job submitted from host: <18.12.1.74:48322>
...
001 (452290.000.000) 06/26 11:04:46 Job executing on host: <18.12.6.61:47227>
...
006 (452290.000.000) 06/26 11:04:55 Image size of job updated: 374112
	146  -  MemoryUsage of job (MB)
	148944  -  ResidentSetSize of job (KB)
...
006 (452290.000.000) 06/26 11:09:56 Image size of job updated: 380608
	168  -  MemoryUsage of job (MB)
	171116  -  ResidentSetSize of job (KB)
...
006 (452290.000.000) 06/26 11:14:57 Image size of job updated: 384032
	210  -  MemoryUsage of job (MB)
	214460  -  ResidentSetSize of job (KB)
...
005 (452235.000.000) 06/26 11:16:19 Job terminated.
	(1) Normal termination (return value 0)
		Usr 0 00:17:45, Sys 0 00:00:11  -  Run Remote Usage
		Usr 0 00:00:00, Sys 0 00:00:00  -  Run Local Usage
		Usr 0 00:17:45, Sys 0 00:00:11  -  Total Remote Usage
		Usr 0 00:00:00, Sys 0 00:00:00  -  Total Local Usage
	26583164  -  Run Bytes Sent By Job
	18573696  -  Run Bytes Received By Job
	26583164  -  Total Bytes Sent By Job
	18573696  -  Total Bytes Received By Job
	Partitionable Resources :    Usage  Request          
	   Cpus                 :                 1          
	   Disk (KB)            :    44124    44124          
	   Memory (MB)          :      213      213          
...
006 (452290.000.000) 06/26 11:24:58 Image size of job updated: 384032
	210  -  MemoryUsage of job (MB)
	214464  -  ResidentSetSize of job (KB)
...
005 (452290.000.000) 06/26 11:27:15 Job terminated.
	(1) Normal termination (return value 0)
		Usr 0 00:18:48, Sys 0 00:00:10  -  Run Remote Usage
		Usr 0 00:00:00, Sys 0 00:00:00  -  Run Local Usage
		Usr 0 00:18:48, Sys 0 00:00:10  -  Total Remote Usage
		Usr 0 00:00:00, Sys 0 00:00:00  -  Total Local Usage
	26583408  -  Run Bytes Sent By Job
	18573676  -  Run Bytes Received By Job
	26583408  -  Total Bytes Sent By Job
	18573676  -  Total Bytes Received By Job
	Partitionable Resources :    Usage  Request          
	   Cpus                 :                 1          
	   Disk (KB)            :    44124    44124          
	   Memory (MB)          :      210      210          
...
000 (491425.000.000) 06/29 08:24:34 Job submitted from host: <18.12.1.74:48322>
...
001 (491425.000.000) 06/29 08:25:05 Job executing on host: <18.12.8.202:45256>
...
006 (491425.000.000) 06/29 08:25:14 Image size of job updated: 409576
	181  -  MemoryUsage of job (MB)
	184432  -  ResidentSetSize of job (KB)
...
006 (491425.000.000) 06/29 08:30:14 Image size of job updated: 416052
	202  -  MemoryUsage of job (MB)
	206576  -  ResidentSetSize of job (KB)
...
006 (491425.000.000) 06/29 08:35:14 Image size of job updated: 419476
	244  -  MemoryUsage of job (MB)
	249808  -  ResidentSetSize of job (KB)
...
006 (491425.000.000) 06/29 08:40:15 Image size of job updated: 419476
	244  -  MemoryUsage of job (MB)
	249812  -  ResidentSetSize of job (KB)
...
005 (491425.000.000) 06/29 08:44:08 Job terminated.
	(1) Normal termination (return value 0)
		Usr 0 00:15:48, Sys 0 00:00:09  -  Run Remote Usage
		Usr 0 00:00:00, Sys 0 00:00:00  -  Run Local Usage
		Usr 0 00:15:48, Sys 0 00:00:09  -  Total Remote Usage
		Usr 0 00:00:00, Sys 0 00:00:00  -  Total Local Usage
	26587308  -  Run Bytes Sent By Job
	18573444  -  Run Bytes Received By Job
	26587308  -  Total Bytes Sent By Job
	18573444  -  Total Bytes Received By Job
	Partitionable Resources :    Usage  Request          
	   Cpus                 :                 1          
	   Disk (KB)            :    44128    44128          
	   Memory (MB)          :      244      244          
...
000 (495906.000.000) 07/03 12:36:26 Job submitted from host: <18.12.1.74:48322>
...
001 (495906.000.000) 07/03 12:37:17 Job executing on host: <18.12.6.23:42044>
...
006 (495906.000.000) 07/03 12:37:26 Image size of job updated: 551064
	319  -  MemoryUsage of job (MB)
	325832  -  ResidentSetSize of job (KB)
...
006 (495906.000.000) 07/03 12:42:27 Image size of job updated: 557552
	340  -  MemoryUsage of job (MB)
	348040  -  ResidentSetSize of job (KB)
...
006 (495906.000.000) 07/03 12:47:27 Image size of job updated: 560980
	383  -  MemoryUsage of job (MB)
	391276  -  ResidentSetSize of job (KB)
...
006 (495906.000.000) 07/03 12:52:27 Image size of job updated: 560980
	383  -  MemoryUsage of job (MB)
	391280  -  ResidentSetSize of job (KB)
...
005 (495906.000.000) 07/03 12:59:48 Job terminated.
	(1) Normal termination (return value 0)
		Usr 0 00:18:25, Sys 0 00:00:13  -  Run Remote Usage
		Usr 0 00:00:00, Sys 0 00:00:00  -  Run Local Usage
		Usr 0 00:18:25, Sys 0 00:00:13  -  Total Remote Usage
		Usr 0 00:00:00, Sys 0 00:00:00  -  Total Local Usage
	33932064  -  Run Bytes Sent By Job
	18576446  -  Run Bytes Received By Job
	33932064  -  Total Bytes Sent By Job
	18576446  -  Total Bytes Received By Job
	Partitionable Resources :    Usage  Request          
	   Cpus                 :                 1          
	   Disk (KB)            :    51303    51303          
	   Memory (MB)          :      383      383          
...
