000 (426899.000.000) 06/22 21:37:31 Job submitted from host: <18.12.1.74:48322>
...
001 (426899.000.000) 06/22 21:37:51 Job executing on host: <18.12.6.61:47227>
...
006 (426899.000.000) 06/22 21:38:00 Image size of job updated: 404440
	147  -  MemoryUsage of job (MB)
	149900  -  ResidentSetSize of job (KB)
...
006 (426899.000.000) 06/22 21:43:01 Image size of job updated: 417088
	204  -  MemoryUsage of job (MB)
	208708  -  ResidentSetSize of job (KB)
...
006 (426899.000.000) 06/22 21:48:02 Image size of job updated: 417928
	205  -  MemoryUsage of job (MB)
	209716  -  ResidentSetSize of job (KB)
...
006 (426899.000.000) 06/22 21:53:02 Image size of job updated: 417928
	205  -  MemoryUsage of job (MB)
	209756  -  ResidentSetSize of job (KB)
...
006 (426899.000.000) 06/22 22:03:03 Image size of job updated: 421492
	229  -  MemoryUsage of job (MB)
	233640  -  ResidentSetSize of job (KB)
...
006 (426899.000.000) 06/22 22:04:17 Image size of job updated: 421676
	229  -  MemoryUsage of job (MB)
	233640  -  ResidentSetSize of job (KB)
...
005 (426899.000.000) 06/22 22:04:17 Job terminated.
	(1) Normal termination (return value 0)
		Usr 0 00:17:56, Sys 0 00:00:09  -  Run Remote Usage
		Usr 0 00:00:00, Sys 0 00:00:00  -  Run Local Usage
		Usr 0 00:17:56, Sys 0 00:00:09  -  Total Remote Usage
		Usr 0 00:00:00, Sys 0 00:00:00  -  Total Local Usage
	128286  -  Run Bytes Sent By Job
	28496  -  Run Bytes Received By Job
	128286  -  Total Bytes Sent By Job
	28496  -  Total Bytes Received By Job
	Partitionable Resources :    Usage  Request          
	   Cpus                 :                 1          
	   Disk (KB)            :      179      179          
	   Memory (MB)          :      229      229          
...
000 (451137.000.000) 06/25 11:25:05 Job submitted from host: <18.12.1.74:48322>
...
001 (451137.000.000) 06/25 11:25:26 Job executing on host: <18.12.9.72:42336>
...
006 (451137.000.000) 06/25 11:25:31 Image size of job updated: 1
	0  -  MemoryUsage of job (MB)
	0  -  ResidentSetSize of job (KB)
...
005 (451137.000.000) 06/25 11:25:31 Job terminated.
	(1) Normal termination (return value 0)
		Usr 0 00:00:00, Sys 0 00:00:00  -  Run Remote Usage
		Usr 0 00:00:00, Sys 0 00:00:00  -  Run Local Usage
		Usr 0 00:00:00, Sys 0 00:00:00  -  Total Remote Usage
		Usr 0 00:00:00, Sys 0 00:00:00  -  Total Local Usage
	132194  -  Run Bytes Sent By Job
	30951  -  Run Bytes Received By Job
	132194  -  Total Bytes Sent By Job
	30951  -  Total Bytes Received By Job
	Partitionable Resources :    Usage  Request          
	   Cpus                 :                 1          
	   Disk (KB)            :      185      185          
	   Memory (MB)          :        0        0          
...
000 (451182.000.000) 06/25 11:26:13 Job submitted from host: <18.12.1.74:48322>
...
001 (451182.000.000) 06/25 11:26:22 Job executing on host: <18.12.9.54:46570>
...
006 (451182.000.000) 06/25 11:26:31 Image size of job updated: 1
	3  -  MemoryUsage of job (MB)
	2352  -  ResidentSetSize of job (KB)
...
006 (451182.000.000) 06/25 11:31:32 Image size of job updated: 380676
	162  -  MemoryUsage of job (MB)
	165620  -  ResidentSetSize of job (KB)
...
004 (451182.000.000) 06/25 11:34:04 Job was evicted.
	(0) Job was not checkpointed.
		Usr 0 00:06:43, Sys 0 00:00:02  -  Run Remote Usage
		Usr 0 00:00:00, Sys 0 00:00:00  -  Run Local Usage
	0  -  Run Bytes Sent By Job
	28758  -  Run Bytes Received By Job
	Partitionable Resources :    Usage  Request          
	   Cpus                 :                 1          
	   Disk (KB)            :      179      179          
	   Memory (MB)          :      162      162          
...
009 (451182.000.000) 06/25 11:34:08 Job was aborted by the user.
	via condor_rm (by user rkunnawa)
...
000 (451227.000.000) 06/25 11:34:29 Job submitted from host: <18.12.1.74:48322>
...
001 (451227.000.000) 06/25 11:34:38 Job executing on host: <18.12.9.54:46570>
...
006 (451227.000.000) 06/25 11:34:47 Image size of job updated: 1
	3  -  MemoryUsage of job (MB)
	2360  -  ResidentSetSize of job (KB)
...
006 (451227.000.000) 06/25 11:39:47 Image size of job updated: 380676
	163  -  MemoryUsage of job (MB)
	166656  -  ResidentSetSize of job (KB)
...
006 (451227.000.000) 06/25 11:44:47 Image size of job updated: 385684
	198  -  MemoryUsage of job (MB)
	202208  -  ResidentSetSize of job (KB)
...
006 (451227.000.000) 06/25 11:49:48 Image size of job updated: 386680
	199  -  MemoryUsage of job (MB)
	203208  -  ResidentSetSize of job (KB)
...
005 (451227.000.000) 06/25 11:51:25 Job terminated.
	(1) Normal termination (return value 0)
		Usr 0 00:14:47, Sys 0 00:00:06  -  Run Remote Usage
		Usr 0 00:00:00, Sys 0 00:00:00  -  Run Local Usage
		Usr 0 00:14:47, Sys 0 00:00:06  -  Total Remote Usage
		Usr 0 00:00:00, Sys 0 00:00:00  -  Total Local Usage
	129478  -  Run Bytes Sent By Job
	28758  -  Run Bytes Received By Job
	129478  -  Total Bytes Sent By Job
	28758  -  Total Bytes Received By Job
	Partitionable Resources :    Usage  Request          
	   Cpus                 :                 1          
	   Disk (KB)            :      180      180          
	   Memory (MB)          :      199      199          
...
000 (491517.000.000) 06/29 08:42:17 Job submitted from host: <18.12.1.74:48322>
...
001 (491517.000.000) 06/29 08:42:40 Job executing on host: <18.12.8.184:47592>
...
006 (491517.000.000) 06/29 08:42:48 Image size of job updated: 1
	3  -  MemoryUsage of job (MB)
	2368  -  ResidentSetSize of job (KB)
...
006 (491517.000.000) 06/29 08:47:48 Image size of job updated: 416568
	198  -  MemoryUsage of job (MB)
	202016  -  ResidentSetSize of job (KB)
...
006 (491517.000.000) 06/29 08:52:48 Image size of job updated: 421580
	244  -  MemoryUsage of job (MB)
	249556  -  ResidentSetSize of job (KB)
...
006 (491517.000.000) 06/29 08:57:50 Image size of job updated: 422572
	245  -  MemoryUsage of job (MB)
	250548  -  ResidentSetSize of job (KB)
...
005 (491517.000.000) 06/29 09:02:32 Job terminated.
	(1) Normal termination (return value 0)
		Usr 0 00:15:55, Sys 0 00:00:08  -  Run Remote Usage
		Usr 0 00:00:00, Sys 0 00:00:00  -  Run Local Usage
		Usr 0 00:15:55, Sys 0 00:00:08  -  Total Remote Usage
		Usr 0 00:00:00, Sys 0 00:00:00  -  Total Local Usage
	27542878  -  Run Bytes Sent By Job
	18573400  -  Run Bytes Received By Job
	27542878  -  Total Bytes Sent By Job
	18573400  -  Total Bytes Received By Job
	Partitionable Resources :    Usage  Request          
	   Cpus                 :                 1          
	   Disk (KB)            :    45061    45061          
	   Memory (MB)          :      245      245          
...
000 (495944.000.000) 07/03 12:38:57 Job submitted from host: <18.12.1.74:48322>
...
001 (495944.000.000) 07/03 12:39:13 Job executing on host: <18.12.12.5:44088>
...
006 (495944.000.000) 07/03 12:39:22 Image size of job updated: 1
	3  -  MemoryUsage of job (MB)
	2376  -  ResidentSetSize of job (KB)
...
006 (495944.000.000) 07/03 12:44:23 Image size of job updated: 558068
	336  -  MemoryUsage of job (MB)
	343696  -  ResidentSetSize of job (KB)
...
006 (495944.000.000) 07/03 12:49:24 Image size of job updated: 563080
	377  -  MemoryUsage of job (MB)
	385988  -  ResidentSetSize of job (KB)
...
006 (495944.000.000) 07/03 12:54:24 Image size of job updated: 564072
	378  -  MemoryUsage of job (MB)
	386128  -  ResidentSetSize of job (KB)
...
005 (495944.000.000) 07/03 13:00:38 Job terminated.
	(1) Normal termination (return value 0)
		Usr 0 00:17:22, Sys 0 00:00:12  -  Run Remote Usage
		Usr 0 00:00:00, Sys 0 00:00:00  -  Run Local Usage
		Usr 0 00:17:22, Sys 0 00:00:12  -  Total Remote Usage
		Usr 0 00:00:00, Sys 0 00:00:00  -  Total Local Usage
	28888544  -  Run Bytes Sent By Job
	18576446  -  Run Bytes Received By Job
	28888544  -  Total Bytes Sent By Job
	18576446  -  Total Bytes Received By Job
	Partitionable Resources :    Usage  Request          
	   Cpus                 :                 1          
	   Disk (KB)            :    46378    46378          
	   Memory (MB)          :      378      378          
...
