
----------------------------------------------------
Job started on Fri Jul  3 12:39:14 EDT 2015 at WN: hibat0097.cmsaf.mit.edu 
Job is running on Linux hibat0097.cmsaf.mit.edu 2.6.32-358.el6.x86_64 #1 SMP Fri Feb 22 20:37:17 CST 2013 x86_64 x86_64 x86_64 GNU/Linux
Filesystem            Size  Used Avail Use% Mounted on
/dev/sda3              20G  3.8G   15G  21% /
tmpfs                  24G     0   24G   0% /dev/shm
/dev/sda1              97M   32M   61M  35% /boot
/dev/sda4             873G   57G  817G   7% /export/data1
/dev/sdb1             2.7T  2.7T   53G  99% /export/00b
/dev/sdc1             2.7T  2.7T   29G  99% /export/00c
/dev/sdd1             2.7T  2.7T   51G  99% /export/00d
/dev/sde1             2.7T  2.7T   62G  98% /export/00e
/dev/sdf1             2.7T  2.7T   38G  99% /export/00f
/dev/sdg1             3.6T  3.1T  558G  85% /export/00g
/dev/sdh1             3.6T  3.1T  572G  85% /export/00h
fuse_dfs              4.9P  4.4P  508T  90% /mnt/hadoop
cvmfs2                 98G   55G   44G  56% /cvmfs/cms.cern.ch
t2srv0004:/export/db  135G  187M  135G   1% /net/t2srv0004/db
cvmfs2                 98G   55G   44G  56% /cvmfs/oasis.opensciencegrid.org
cvmfs2                 98G   55G   44G  56% /cvmfs/cdfcfs.fnal.gov
cvmfs2                 98G   55G   44G  56% /cvmfs/cvmfs.cmsaf.mit.edu
gcc (GCC) 4.4.7 20120313 (Red Hat 4.4.7-3)
Copyright (C) 2010 Free Software Foundation, Inc.
This is free software; see the source for copying conditions.  There is NO
warranty; not even for MERCHANTABILITY or FITNESS FOR A PARTICULAR PURPOSE.

Processing...
0/1239104
10000/1239104
20000/1239104
30000/1239104
40000/1239104
50000/1239104
60000/1239104
70000/1239104
80000/1239104
90000/1239104
100000/1239104
110000/1239104
120000/1239104
130000/1239104
140000/1239104
150000/1239104
160000/1239104
170000/1239104
180000/1239104
190000/1239104
200000/1239104
210000/1239104
220000/1239104
230000/1239104
240000/1239104
250000/1239104
260000/1239104
270000/1239104
280000/1239104
290000/1239104
300000/1239104
310000/1239104
320000/1239104
330000/1239104
340000/1239104
350000/1239104
360000/1239104
370000/1239104
380000/1239104
390000/1239104
400000/1239104
410000/1239104
420000/1239104
430000/1239104
440000/1239104
450000/1239104
460000/1239104
470000/1239104
480000/1239104
490000/1239104
500000/1239104
510000/1239104
520000/1239104
530000/1239104
540000/1239104
550000/1239104
560000/1239104
570000/1239104
580000/1239104
590000/1239104
600000/1239104
610000/1239104
620000/1239104
630000/1239104
640000/1239104
650000/1239104
660000/1239104
670000/1239104
680000/1239104
690000/1239104
700000/1239104
710000/1239104
720000/1239104
730000/1239104
740000/1239104
750000/1239104
760000/1239104
770000/1239104
780000/1239104
790000/1239104
800000/1239104
810000/1239104
820000/1239104
830000/1239104
840000/1239104
850000/1239104
860000/1239104
870000/1239104
880000/1239104
890000/1239104
900000/1239104
910000/1239104
920000/1239104
930000/1239104
940000/1239104
950000/1239104
960000/1239104
970000/1239104
980000/1239104
990000/1239104
1000000/1239104
1010000/1239104
1020000/1239104
1030000/1239104
1040000/1239104
1050000/1239104
1060000/1239104
1070000/1239104
1080000/1239104
1090000/1239104
1100000/1239104
1110000/1239104
1120000/1239104
1130000/1239104
1140000/1239104
1150000/1239104
1160000/1239104
1170000/1239104
1180000/1239104
1190000/1239104
1200000/1239104
1210000/1239104
1220000/1239104
1230000/1239104
Macro finished: 
CPU time (min)  = 19.4303
Real time (min) = 24.1061
Done!
Copied output files to hadoop rootfiles/JetRAA/June22
