000 (426903.000.000) 06/22 21:37:31 Job submitted from host: <18.12.1.74:48322>
...
001 (426903.000.000) 06/22 21:37:52 Job executing on host: <18.12.6.95:49928>
...
006 (426903.000.000) 06/22 21:38:00 Image size of job updated: 1
	3  -  MemoryUsage of job (MB)
	2352  -  ResidentSetSize of job (KB)
...
006 (426903.000.000) 06/22 21:43:00 Image size of job updated: 419844
	202  -  MemoryUsage of job (MB)
	206304  -  ResidentSetSize of job (KB)
...
006 (426903.000.000) 06/22 21:48:00 Image size of job updated: 419844
	202  -  MemoryUsage of job (MB)
	206324  -  ResidentSetSize of job (KB)
...
006 (426903.000.000) 06/22 21:53:01 Image size of job updated: 419844
	202  -  MemoryUsage of job (MB)
	206436  -  ResidentSetSize of job (KB)
...
006 (426903.000.000) 06/22 21:58:02 Image size of job updated: 421916
	230  -  MemoryUsage of job (MB)
	235164  -  ResidentSetSize of job (KB)
...
005 (426903.000.000) 06/22 21:59:22 Job terminated.
	(1) Normal termination (return value 0)
		Usr 0 00:18:09, Sys 0 00:00:10  -  Run Remote Usage
		Usr 0 00:00:00, Sys 0 00:00:00  -  Run Local Usage
		Usr 0 00:18:09, Sys 0 00:00:10  -  Total Remote Usage
		Usr 0 00:00:00, Sys 0 00:00:00  -  Total Local Usage
	128158  -  Run Bytes Sent By Job
	28496  -  Run Bytes Received By Job
	128158  -  Total Bytes Sent By Job
	28496  -  Total Bytes Received By Job
	Partitionable Resources :    Usage  Request          
	   Cpus                 :                 1          
	   Disk (KB)            :      178      178          
	   Memory (MB)          :      230      230          
...
