000 (426904.000.000) 06/22 21:37:31 Job submitted from host: <18.12.1.74:48322>
...
001 (426904.000.000) 06/22 21:37:50 Job executing on host: <18.12.9.46:40292>
...
006 (426904.000.000) 06/22 21:37:58 Image size of job updated: 399588
	129  -  MemoryUsage of job (MB)
	131448  -  ResidentSetSize of job (KB)
...
006 (426904.000.000) 06/22 21:42:58 Image size of job updated: 409280
	197  -  MemoryUsage of job (MB)
	200844  -  ResidentSetSize of job (KB)
...
006 (426904.000.000) 06/22 21:48:00 Image size of job updated: 410248
	198  -  MemoryUsage of job (MB)
	201796  -  ResidentSetSize of job (KB)
...
006 (426904.000.000) 06/22 21:57:33 Image size of job updated: 416208
	198  -  MemoryUsage of job (MB)
	201796  -  ResidentSetSize of job (KB)
...
005 (426904.000.000) 06/22 21:57:33 Job terminated.
	(1) Normal termination (return value 0)
		Usr 0 00:15:40, Sys 0 00:00:13  -  Run Remote Usage
		Usr 0 00:00:00, Sys 0 00:00:00  -  Run Local Usage
		Usr 0 00:15:40, Sys 0 00:00:13  -  Total Remote Usage
		Usr 0 00:00:00, Sys 0 00:00:00  -  Total Local Usage
	128107  -  Run Bytes Sent By Job
	28496  -  Run Bytes Received By Job
	128107  -  Total Bytes Sent By Job
	28496  -  Total Bytes Received By Job
	Partitionable Resources :    Usage  Request          
	   Cpus                 :                 1          
	   Disk (KB)            :      178      178          
	   Memory (MB)          :      198      198          
...
000 (451142.000.000) 06/25 11:25:05 Job submitted from host: <18.12.1.74:48322>
...
001 (451142.000.000) 06/25 11:25:26 Job executing on host: <18.12.9.67:49271>
...
006 (451142.000.000) 06/25 11:25:31 Image size of job updated: 147232
	0  -  MemoryUsage of job (MB)
	0  -  ResidentSetSize of job (KB)
...
005 (451142.000.000) 06/25 11:25:31 Job terminated.
	(1) Normal termination (return value 0)
		Usr 0 00:00:00, Sys 0 00:00:00  -  Run Remote Usage
		Usr 0 00:00:00, Sys 0 00:00:00  -  Run Local Usage
		Usr 0 00:00:00, Sys 0 00:00:00  -  Total Remote Usage
		Usr 0 00:00:00, Sys 0 00:00:00  -  Total Local Usage
	132692  -  Run Bytes Sent By Job
	30951  -  Run Bytes Received By Job
	132692  -  Total Bytes Sent By Job
	30951  -  Total Bytes Received By Job
	Partitionable Resources :    Usage  Request          
	   Cpus                 :                 1          
	   Disk (KB)            :      185      185          
	   Memory (MB)          :        0        0          
...
000 (451187.000.000) 06/25 11:26:13 Job submitted from host: <18.12.1.74:48322>
...
001 (451187.000.000) 06/25 11:26:23 Job executing on host: <18.12.9.46:40292>
...
006 (451187.000.000) 06/25 11:26:31 Image size of job updated: 1
	3  -  MemoryUsage of job (MB)
	2360  -  ResidentSetSize of job (KB)
...
006 (451187.000.000) 06/25 11:31:31 Image size of job updated: 379960
	166  -  MemoryUsage of job (MB)
	169684  -  ResidentSetSize of job (KB)
...
006 (451187.000.000) 06/25 11:34:04 Image size of job updated: 384484
	166  -  MemoryUsage of job (MB)
	169684  -  ResidentSetSize of job (KB)
...
004 (451187.000.000) 06/25 11:34:04 Job was evicted.
	(0) Job was not checkpointed.
		Usr 0 00:05:55, Sys 0 00:00:04  -  Run Remote Usage
		Usr 0 00:00:00, Sys 0 00:00:00  -  Run Local Usage
	0  -  Run Bytes Sent By Job
	28758  -  Run Bytes Received By Job
	Partitionable Resources :    Usage  Request          
	   Cpus                 :                 1          
	   Disk (KB)            :      179      179          
	   Memory (MB)          :      166      166          
...
009 (451187.000.000) 06/25 11:34:08 Job was aborted by the user.
	via condor_rm (by user rkunnawa)
...
000 (451232.000.000) 06/25 11:34:30 Job submitted from host: <18.12.1.74:48322>
...
001 (451232.000.000) 06/25 11:34:44 Job executing on host: <18.12.9.52:45037>
...
006 (451232.000.000) 06/25 11:34:53 Image size of job updated: 373852
	153  -  MemoryUsage of job (MB)
	156136  -  ResidentSetSize of job (KB)
...
006 (451232.000.000) 06/25 11:39:53 Image size of job updated: 379960
	175  -  MemoryUsage of job (MB)
	178240  -  ResidentSetSize of job (KB)
...
006 (451232.000.000) 06/25 11:44:53 Image size of job updated: 385348
	204  -  MemoryUsage of job (MB)
	208264  -  ResidentSetSize of job (KB)
...
006 (451232.000.000) 06/25 11:49:54 Image size of job updated: 385348
	204  -  MemoryUsage of job (MB)
	208316  -  ResidentSetSize of job (KB)
...
005 (451232.000.000) 06/25 11:51:31 Job terminated.
	(1) Normal termination (return value 0)
		Usr 0 00:14:15, Sys 0 00:00:07  -  Run Remote Usage
		Usr 0 00:00:00, Sys 0 00:00:00  -  Run Local Usage
		Usr 0 00:14:15, Sys 0 00:00:07  -  Total Remote Usage
		Usr 0 00:00:00, Sys 0 00:00:00  -  Total Local Usage
	129784  -  Run Bytes Sent By Job
	28758  -  Run Bytes Received By Job
	129784  -  Total Bytes Sent By Job
	28758  -  Total Bytes Received By Job
	Partitionable Resources :    Usage  Request          
	   Cpus                 :                 1          
	   Disk (KB)            :      180      180          
	   Memory (MB)          :      204      204          
...
000 (491522.000.000) 06/29 08:42:18 Job submitted from host: <18.12.1.74:48322>
...
001 (491522.000.000) 06/29 08:42:36 Job executing on host: <18.12.8.185:42920>
...
006 (491522.000.000) 06/29 08:42:45 Image size of job updated: 409320
	180  -  MemoryUsage of job (MB)
	184040  -  ResidentSetSize of job (KB)
...
006 (491522.000.000) 06/29 08:47:46 Image size of job updated: 415800
	202  -  MemoryUsage of job (MB)
	206468  -  ResidentSetSize of job (KB)
...
006 (491522.000.000) 06/29 08:52:47 Image size of job updated: 420324
	245  -  MemoryUsage of job (MB)
	250452  -  ResidentSetSize of job (KB)
...
006 (491522.000.000) 06/29 08:57:47 Image size of job updated: 421188
	246  -  MemoryUsage of job (MB)
	251336  -  ResidentSetSize of job (KB)
...
005 (491522.000.000) 06/29 09:02:40 Job terminated.
	(1) Normal termination (return value 0)
		Usr 0 00:16:40, Sys 0 00:00:10  -  Run Remote Usage
		Usr 0 00:00:00, Sys 0 00:00:00  -  Run Local Usage
		Usr 0 00:16:40, Sys 0 00:00:10  -  Total Remote Usage
		Usr 0 00:00:00, Sys 0 00:00:00  -  Total Local Usage
	28649340  -  Run Bytes Sent By Job
	18573400  -  Run Bytes Received By Job
	28649340  -  Total Bytes Sent By Job
	18573400  -  Total Bytes Received By Job
	Partitionable Resources :    Usage  Request          
	   Cpus                 :                 1          
	   Disk (KB)            :    46141    46141          
	   Memory (MB)          :      246      246          
...
000 (495949.000.000) 07/03 12:38:57 Job submitted from host: <18.12.1.74:48322>
...
001 (495949.000.000) 07/03 12:39:08 Job executing on host: <18.12.6.94:42336>
...
006 (495949.000.000) 07/03 12:39:17 Image size of job updated: 1
	3  -  MemoryUsage of job (MB)
	2348  -  ResidentSetSize of job (KB)
...
006 (495949.000.000) 07/03 12:44:18 Image size of job updated: 557292
	340  -  MemoryUsage of job (MB)
	347996  -  ResidentSetSize of job (KB)
...
006 (495949.000.000) 07/03 12:49:18 Image size of job updated: 561816
	383  -  MemoryUsage of job (MB)
	391972  -  ResidentSetSize of job (KB)
...
006 (495949.000.000) 07/03 12:54:18 Image size of job updated: 562680
	384  -  MemoryUsage of job (MB)
	392872  -  ResidentSetSize of job (KB)
...
006 (495949.000.000) 07/03 12:59:19 Image size of job updated: 562680
	384  -  MemoryUsage of job (MB)
	392908  -  ResidentSetSize of job (KB)
...
005 (495949.000.000) 07/03 13:02:20 Job terminated.
	(1) Normal termination (return value 0)
		Usr 0 00:19:30, Sys 0 00:00:15  -  Run Remote Usage
		Usr 0 00:00:00, Sys 0 00:00:00  -  Run Local Usage
		Usr 0 00:19:30, Sys 0 00:00:15  -  Total Remote Usage
		Usr 0 00:00:00, Sys 0 00:00:00  -  Total Local Usage
	30883952  -  Run Bytes Sent By Job
	18576446  -  Run Bytes Received By Job
	30883952  -  Total Bytes Sent By Job
	18576446  -  Total Bytes Received By Job
	Partitionable Resources :    Usage  Request          
	   Cpus                 :                 1          
	   Disk (KB)            :    48327    48327          
	   Memory (MB)          :      384      384          
...
