
----------------------------------------------------
Job started on Mon Jun 22 21:38:21 EDT 2015 at WN: t2bat0321.cmsaf.mit.edu 
Job is running on Linux t2bat0321.cmsaf.mit.edu 2.6.32-358.el6.x86_64 #1 SMP Fri Feb 22 20:37:17 CST 2013 x86_64 x86_64 x86_64 GNU/Linux
Filesystem            Size  Used Avail Use% Mounted on
/dev/sda3              20G  2.5G   17G  14% /
/dev/sda3              20G  2.5G   17G  14% /
/dev/sda1              97M   32M   61M  35% /boot
/dev/sda4             416G   97G  319G  24% /export/data1
fuse_dfs              4.9P  4.4P  522T  90% /mnt/hadoop
/dev/sdb1             3.6T  3.2T  399G  90% /export/00b
/dev/sda4             416G   97G  319G  24% /export/data1
fuse_dfs              4.9P  4.4P  522T  90% /mnt/hadoop
/dev/sdb1             3.6T  3.2T  399G  90% /export/00b
/dev/sdc1             3.6T  3.2T  412G  89% /export/00c
/dev/sdd1             3.6T  3.2T  412G  89% /export/00d
/dev/sde1             3.6T  3.2T  404G  89% /export/00e
/dev/sdf1             3.6T  3.2T  401G  90% /export/00f
/dev/sdg1             3.6T  3.3T  383G  90% /export/00g
t2srv0004:/export/db  135G  187M  135G   1% /net/t2srv0004/db
cvmfs2                 98G   94G  4.0G  96% /cvmfs/cms.cern.ch
cvmfs2                 98G   94G  4.0G  96% /cvmfs/grid.cern.ch
gcc (GCC) 4.4.7 20120313 (Red Hat 4.4.7-3)
Copyright (C) 2010 Free Software Foundation, Inc.
This is free software; see the source for copying conditions.  There is NO
warranty; not even for MERCHANTABILITY or FITNESS FOR A PARTICULAR PURPOSE.

Processing...
0/1233250
10000/1233250
20000/1233250
30000/1233250
40000/1233250
50000/1233250
60000/1233250
70000/1233250
80000/1233250
90000/1233250
100000/1233250
110000/1233250
120000/1233250
130000/1233250
140000/1233250
150000/1233250
160000/1233250
170000/1233250
180000/1233250
190000/1233250
200000/1233250
210000/1233250
220000/1233250
230000/1233250
240000/1233250
250000/1233250
260000/1233250
270000/1233250
280000/1233250
290000/1233250
300000/1233250
310000/1233250
320000/1233250
330000/1233250
340000/1233250
350000/1233250
360000/1233250
370000/1233250
380000/1233250
390000/1233250
400000/1233250
410000/1233250
420000/1233250
430000/1233250
440000/1233250
450000/1233250
460000/1233250
470000/1233250
480000/1233250
490000/1233250
500000/1233250
510000/1233250
520000/1233250
530000/1233250
540000/1233250
550000/1233250
560000/1233250
570000/1233250
580000/1233250
590000/1233250
600000/1233250
610000/1233250
620000/1233250
630000/1233250
640000/1233250
650000/1233250
660000/1233250
670000/1233250
680000/1233250
690000/1233250
700000/1233250
710000/1233250
720000/1233250
730000/1233250
740000/1233250
750000/1233250
760000/1233250
770000/1233250
780000/1233250
790000/1233250
800000/1233250
810000/1233250
820000/1233250
830000/1233250
840000/1233250
850000/1233250
860000/1233250
870000/1233250
880000/1233250
890000/1233250
900000/1233250
910000/1233250
920000/1233250
930000/1233250
940000/1233250
950000/1233250
960000/1233250
970000/1233250
980000/1233250
990000/1233250
1000000/1233250
1010000/1233250
1020000/1233250
1030000/1233250
1040000/1233250
1050000/1233250
1060000/1233250
1070000/1233250
1080000/1233250
1090000/1233250
1100000/1233250
1110000/1233250
1120000/1233250
1130000/1233250
1140000/1233250
1150000/1233250
1160000/1233250
1170000/1233250
1180000/1233250
1190000/1233250
1200000/1233250
1210000/1233250
1220000/1233250
1230000/1233250
Macro finished: 
CPU time (min)  = 14.32
Real time (min) = 16.5561
Done!
Copied output files to hadoop rootfiles/JetRAA/June22
