000 (426900.000.000) 06/22 21:37:31 Job submitted from host: <18.12.1.74:48322>
...
001 (426900.000.000) 06/22 21:37:50 Job executing on host: <18.12.8.112:40657>
...
006 (426900.000.000) 06/22 21:37:58 Image size of job updated: 1
	3  -  MemoryUsage of job (MB)
	2352  -  ResidentSetSize of job (KB)
...
006 (426900.000.000) 06/22 21:42:58 Image size of job updated: 414712
	199  -  MemoryUsage of job (MB)
	203092  -  ResidentSetSize of job (KB)
...
006 (426900.000.000) 06/22 21:47:58 Image size of job updated: 419836
	200  -  MemoryUsage of job (MB)
	204220  -  ResidentSetSize of job (KB)
...
006 (426900.000.000) 06/22 21:58:00 Image size of job updated: 420772
	224  -  MemoryUsage of job (MB)
	228676  -  ResidentSetSize of job (KB)
...
006 (426900.000.000) 06/22 22:00:24 Image size of job updated: 421016
	224  -  MemoryUsage of job (MB)
	228676  -  ResidentSetSize of job (KB)
...
005 (426900.000.000) 06/22 22:00:25 Job terminated.
	(1) Normal termination (return value 0)
		Usr 0 00:11:55, Sys 0 00:00:19  -  Run Remote Usage
		Usr 0 00:00:00, Sys 0 00:00:00  -  Run Local Usage
		Usr 0 00:11:55, Sys 0 00:00:19  -  Total Remote Usage
		Usr 0 00:00:00, Sys 0 00:00:00  -  Total Local Usage
	127969  -  Run Bytes Sent By Job
	28496  -  Run Bytes Received By Job
	127969  -  Total Bytes Sent By Job
	28496  -  Total Bytes Received By Job
	Partitionable Resources :    Usage  Request          
	   Cpus                 :                 1          
	   Disk (KB)            :      178      178          
	   Memory (MB)          :      224      224          
...
000 (451138.000.000) 06/25 11:25:05 Job submitted from host: <18.12.1.74:48322>
...
001 (451138.000.000) 06/25 11:25:26 Job executing on host: <18.12.9.46:40292>
...
006 (451138.000.000) 06/25 11:25:29 Image size of job updated: 1
	0  -  MemoryUsage of job (MB)
	0  -  ResidentSetSize of job (KB)
...
005 (451138.000.000) 06/25 11:25:29 Job terminated.
	(1) Normal termination (return value 0)
		Usr 0 00:00:00, Sys 0 00:00:00  -  Run Remote Usage
		Usr 0 00:00:00, Sys 0 00:00:00  -  Run Local Usage
		Usr 0 00:00:00, Sys 0 00:00:00  -  Total Remote Usage
		Usr 0 00:00:00, Sys 0 00:00:00  -  Total Local Usage
	132616  -  Run Bytes Sent By Job
	30951  -  Run Bytes Received By Job
	132616  -  Total Bytes Sent By Job
	30951  -  Total Bytes Received By Job
	Partitionable Resources :    Usage  Request          
	   Cpus                 :                 1          
	   Disk (KB)            :      185      185          
	   Memory (MB)          :        0        0          
...
000 (451183.000.000) 06/25 11:26:13 Job submitted from host: <18.12.1.74:48322>
...
001 (451183.000.000) 06/25 11:26:22 Job executing on host: <18.12.9.46:40292>
...
006 (451183.000.000) 06/25 11:26:31 Image size of job updated: 209068
	70  -  MemoryUsage of job (MB)
	70672  -  ResidentSetSize of job (KB)
...
006 (451183.000.000) 06/25 11:31:32 Image size of job updated: 377724
	152  -  MemoryUsage of job (MB)
	154788  -  ResidentSetSize of job (KB)
...
006 (451183.000.000) 06/25 11:34:04 Image size of job updated: 387656
	152  -  MemoryUsage of job (MB)
	154788  -  ResidentSetSize of job (KB)
...
004 (451183.000.000) 06/25 11:34:04 Job was evicted.
	(0) Job was not checkpointed.
		Usr 0 00:06:31, Sys 0 00:00:05  -  Run Remote Usage
		Usr 0 00:00:00, Sys 0 00:00:00  -  Run Local Usage
	0  -  Run Bytes Sent By Job
	28758  -  Run Bytes Received By Job
	Partitionable Resources :    Usage  Request          
	   Cpus                 :                 1          
	   Disk (KB)            :      179      179          
	   Memory (MB)          :      152      152          
...
009 (451183.000.000) 06/25 11:34:08 Job was aborted by the user.
	via condor_rm (by user rkunnawa)
...
000 (451228.000.000) 06/25 11:34:29 Job submitted from host: <18.12.1.74:48322>
...
001 (451228.000.000) 06/25 11:34:39 Job executing on host: <18.12.9.46:40292>
...
006 (451228.000.000) 06/25 11:34:47 Image size of job updated: 13384
	2  -  MemoryUsage of job (MB)
	1980  -  ResidentSetSize of job (KB)
...
006 (451228.000.000) 06/25 11:39:47 Image size of job updated: 377724
	163  -  MemoryUsage of job (MB)
	166016  -  ResidentSetSize of job (KB)
...
006 (451228.000.000) 06/25 11:44:47 Image size of job updated: 387656
	197  -  MemoryUsage of job (MB)
	200772  -  ResidentSetSize of job (KB)
...
005 (451228.000.000) 06/25 11:51:40 Job terminated.
	(1) Normal termination (return value 0)
		Usr 0 00:14:24, Sys 0 00:00:09  -  Run Remote Usage
		Usr 0 00:00:00, Sys 0 00:00:00  -  Run Local Usage
		Usr 0 00:14:24, Sys 0 00:00:09  -  Total Remote Usage
		Usr 0 00:00:00, Sys 0 00:00:00  -  Total Local Usage
	129774  -  Run Bytes Sent By Job
	28758  -  Run Bytes Received By Job
	129774  -  Total Bytes Sent By Job
	28758  -  Total Bytes Received By Job
	Partitionable Resources :    Usage  Request          
	   Cpus                 :                 1          
	   Disk (KB)            :      180      180          
	   Memory (MB)          :      197      197          
...
000 (491518.000.000) 06/29 08:42:17 Job submitted from host: <18.12.1.74:48322>
...
001 (491518.000.000) 06/29 08:42:35 Job executing on host: <18.12.6.98:47884>
...
006 (491518.000.000) 06/29 08:42:44 Image size of job updated: 412992
	181  -  MemoryUsage of job (MB)
	185320  -  ResidentSetSize of job (KB)
...
006 (491518.000.000) 06/29 08:47:45 Image size of job updated: 413540
	198  -  MemoryUsage of job (MB)
	202128  -  ResidentSetSize of job (KB)
...
006 (491518.000.000) 06/29 08:52:45 Image size of job updated: 423536
	246  -  MemoryUsage of job (MB)
	251228  -  ResidentSetSize of job (KB)
...
006 (491518.000.000) 06/29 08:57:46 Image size of job updated: 423536
	246  -  MemoryUsage of job (MB)
	251332  -  ResidentSetSize of job (KB)
...
005 (491518.000.000) 06/29 09:02:47 Job terminated.
	(1) Normal termination (return value 0)
		Usr 0 00:17:43, Sys 0 00:00:08  -  Run Remote Usage
		Usr 0 00:00:00, Sys 0 00:00:00  -  Run Local Usage
		Usr 0 00:17:43, Sys 0 00:00:08  -  Total Remote Usage
		Usr 0 00:00:00, Sys 0 00:00:00  -  Total Local Usage
	27975024  -  Run Bytes Sent By Job
	18573400  -  Run Bytes Received By Job
	27975024  -  Total Bytes Sent By Job
	18573400  -  Total Bytes Received By Job
	Partitionable Resources :    Usage  Request          
	   Cpus                 :                 1          
	   Disk (KB)            :    45483    45483          
	   Memory (MB)          :      246      246          
...
000 (495945.000.000) 07/03 12:38:57 Job submitted from host: <18.12.1.74:48322>
...
001 (495945.000.000) 07/03 12:39:08 Job executing on host: <18.12.8.212:44234>
...
006 (495945.000.000) 07/03 12:39:16 Image size of job updated: 554484
	320  -  MemoryUsage of job (MB)
	326760  -  ResidentSetSize of job (KB)
...
006 (495945.000.000) 07/03 12:44:16 Image size of job updated: 555024
	336  -  MemoryUsage of job (MB)
	343516  -  ResidentSetSize of job (KB)
...
006 (495945.000.000) 07/03 12:49:17 Image size of job updated: 565036
	384  -  MemoryUsage of job (MB)
	392608  -  ResidentSetSize of job (KB)
...
006 (495945.000.000) 07/03 12:54:17 Image size of job updated: 565036
	384  -  MemoryUsage of job (MB)
	392708  -  ResidentSetSize of job (KB)
...
005 (495945.000.000) 07/03 13:01:22 Job terminated.
	(1) Normal termination (return value 0)
		Usr 0 00:17:15, Sys 0 00:00:11  -  Run Remote Usage
		Usr 0 00:00:00, Sys 0 00:00:00  -  Run Local Usage
		Usr 0 00:17:15, Sys 0 00:00:11  -  Total Remote Usage
		Usr 0 00:00:00, Sys 0 00:00:00  -  Total Local Usage
	29739130  -  Run Bytes Sent By Job
	18576446  -  Run Bytes Received By Job
	29739130  -  Total Bytes Sent By Job
	18576446  -  Total Bytes Received By Job
	Partitionable Resources :    Usage  Request          
	   Cpus                 :                 1          
	   Disk (KB)            :    47209    47209          
	   Memory (MB)          :      384      384          
...
