000 (426902.000.000) 06/22 21:37:31 Job submitted from host: <18.12.1.74:48322>
...
001 (426902.000.000) 06/22 21:38:21 Job executing on host: <18.12.8.244:44745>
...
006 (426902.000.000) 06/22 21:38:30 Image size of job updated: 1
	3  -  MemoryUsage of job (MB)
	2380  -  ResidentSetSize of job (KB)
...
006 (426902.000.000) 06/22 21:43:31 Image size of job updated: 414500
	199  -  MemoryUsage of job (MB)
	202980  -  ResidentSetSize of job (KB)
...
006 (426902.000.000) 06/22 21:53:31 Image size of job updated: 419040
	203  -  MemoryUsage of job (MB)
	207524  -  ResidentSetSize of job (KB)
...
006 (426902.000.000) 06/22 21:58:09 Image size of job updated: 425692
	203  -  MemoryUsage of job (MB)
	207524  -  ResidentSetSize of job (KB)
...
005 (426902.000.000) 06/22 21:58:09 Job terminated.
	(1) Normal termination (return value 0)
		Usr 0 00:16:35, Sys 0 00:00:11  -  Run Remote Usage
		Usr 0 00:00:00, Sys 0 00:00:00  -  Run Local Usage
		Usr 0 00:16:35, Sys 0 00:00:11  -  Total Remote Usage
		Usr 0 00:00:00, Sys 0 00:00:00  -  Total Local Usage
	127831  -  Run Bytes Sent By Job
	28496  -  Run Bytes Received By Job
	127831  -  Total Bytes Sent By Job
	28496  -  Total Bytes Received By Job
	Partitionable Resources :    Usage  Request          
	   Cpus                 :                 1          
	   Disk (KB)            :      178      178          
	   Memory (MB)          :      203      203          
...
