000 (426906.000.000) 06/22 21:37:32 Job submitted from host: <18.12.1.74:48322>
...
001 (426906.000.000) 06/22 21:37:52 Job executing on host: <18.12.6.29:43942>
...
006 (426906.000.000) 06/22 21:38:00 Image size of job updated: 400324
	130  -  MemoryUsage of job (MB)
	132284  -  ResidentSetSize of job (KB)
...
006 (426906.000.000) 06/22 21:43:00 Image size of job updated: 410064
	197  -  MemoryUsage of job (MB)
	201636  -  ResidentSetSize of job (KB)
...
006 (426906.000.000) 06/22 21:48:00 Image size of job updated: 410212
	198  -  MemoryUsage of job (MB)
	201920  -  ResidentSetSize of job (KB)
...
006 (426906.000.000) 06/22 21:53:01 Image size of job updated: 410508
	198  -  MemoryUsage of job (MB)
	202216  -  ResidentSetSize of job (KB)
...
006 (426906.000.000) 06/22 22:03:02 Image size of job updated: 416456
	233  -  MemoryUsage of job (MB)
	238560  -  ResidentSetSize of job (KB)
...
006 (426906.000.000) 06/22 22:08:03 Image size of job updated: 416456
	233  -  MemoryUsage of job (MB)
	238564  -  ResidentSetSize of job (KB)
...
005 (426906.000.000) 06/22 22:09:15 Job terminated.
	(1) Normal termination (return value 0)
		Usr 0 00:18:27, Sys 0 00:00:13  -  Run Remote Usage
		Usr 0 00:00:00, Sys 0 00:00:00  -  Run Local Usage
		Usr 0 00:18:27, Sys 0 00:00:13  -  Total Remote Usage
		Usr 0 00:00:00, Sys 0 00:00:00  -  Total Local Usage
	128205  -  Run Bytes Sent By Job
	28496  -  Run Bytes Received By Job
	128205  -  Total Bytes Sent By Job
	28496  -  Total Bytes Received By Job
	Partitionable Resources :    Usage  Request          
	   Cpus                 :                 1          
	   Disk (KB)            :      179      179          
	   Memory (MB)          :      233      233          
...
000 (451144.000.000) 06/25 11:25:06 Job submitted from host: <18.12.1.74:48322>
...
001 (451144.000.000) 06/25 11:25:26 Job executing on host: <18.12.9.31:42701>
...
006 (451144.000.000) 06/25 11:25:35 Image size of job updated: 3440
	1  -  MemoryUsage of job (MB)
	208  -  ResidentSetSize of job (KB)
...
006 (451144.000.000) 06/25 11:26:02 Image size of job updated: 119064
	1  -  MemoryUsage of job (MB)
	208  -  ResidentSetSize of job (KB)
...
004 (451144.000.000) 06/25 11:26:02 Job was evicted.
	(0) Job was not checkpointed.
		Usr 0 00:00:00, Sys 0 00:00:00  -  Run Remote Usage
		Usr 0 00:00:00, Sys 0 00:00:00  -  Run Local Usage
	0  -  Run Bytes Sent By Job
	30951  -  Run Bytes Received By Job
	Partitionable Resources :    Usage  Request          
	   Cpus                 :                 1          
	   Disk (KB)            :      185      185          
	   Memory (MB)          :        1        1          
...
009 (451144.000.000) 06/25 11:26:03 Job was aborted by the user.
	via condor_rm (by user rkunnawa)
...
000 (451189.000.000) 06/25 11:26:14 Job submitted from host: <18.12.1.74:48322>
...
001 (451189.000.000) 06/25 11:26:23 Job executing on host: <18.12.9.52:45037>
...
006 (451189.000.000) 06/25 11:26:31 Image size of job updated: 375360
	162  -  MemoryUsage of job (MB)
	164980  -  ResidentSetSize of job (KB)
...
006 (451189.000.000) 06/25 11:31:31 Image size of job updated: 380428
	162  -  MemoryUsage of job (MB)
	164980  -  ResidentSetSize of job (KB)
...
006 (451189.000.000) 06/25 11:34:04 Image size of job updated: 384944
	162  -  MemoryUsage of job (MB)
	164980  -  ResidentSetSize of job (KB)
...
004 (451189.000.000) 06/25 11:34:04 Job was evicted.
	(0) Job was not checkpointed.
		Usr 0 00:06:29, Sys 0 00:00:03  -  Run Remote Usage
		Usr 0 00:00:00, Sys 0 00:00:00  -  Run Local Usage
	0  -  Run Bytes Sent By Job
	28758  -  Run Bytes Received By Job
	Partitionable Resources :    Usage  Request          
	   Cpus                 :                 1          
	   Disk (KB)            :      179      179          
	   Memory (MB)          :      162      162          
...
009 (451189.000.000) 06/25 11:34:08 Job was aborted by the user.
	via condor_rm (by user rkunnawa)
...
000 (451234.000.000) 06/25 11:34:30 Job submitted from host: <18.12.1.74:48322>
...
001 (451234.000.000) 06/25 11:34:39 Job executing on host: <18.12.9.71:48103>
...
006 (451234.000.000) 06/25 11:34:48 Image size of job updated: 374296
	143  -  MemoryUsage of job (MB)
	145748  -  ResidentSetSize of job (KB)
...
006 (451234.000.000) 06/25 11:39:49 Image size of job updated: 380432
	164  -  MemoryUsage of job (MB)
	167916  -  ResidentSetSize of job (KB)
...
006 (451234.000.000) 06/25 11:44:50 Image size of job updated: 387616
	204  -  MemoryUsage of job (MB)
	207940  -  ResidentSetSize of job (KB)
...
006 (451234.000.000) 06/25 11:49:50 Image size of job updated: 387616
	204  -  MemoryUsage of job (MB)
	208052  -  ResidentSetSize of job (KB)
...
005 (451234.000.000) 06/25 11:51:34 Job terminated.
	(1) Normal termination (return value 0)
		Usr 0 00:13:36, Sys 0 00:00:10  -  Run Remote Usage
		Usr 0 00:00:00, Sys 0 00:00:00  -  Run Local Usage
		Usr 0 00:13:36, Sys 0 00:00:10  -  Total Remote Usage
		Usr 0 00:00:00, Sys 0 00:00:00  -  Total Local Usage
	129784  -  Run Bytes Sent By Job
	28758  -  Run Bytes Received By Job
	129784  -  Total Bytes Sent By Job
	28758  -  Total Bytes Received By Job
	Partitionable Resources :    Usage  Request          
	   Cpus                 :                 1          
	   Disk (KB)            :      180      180          
	   Memory (MB)          :      204      204          
...
000 (491524.000.000) 06/29 08:42:18 Job submitted from host: <18.12.1.74:48322>
...
001 (491524.000.000) 06/29 08:42:35 Job executing on host: <18.12.8.149:49052>
...
006 (491524.000.000) 06/29 08:42:44 Image size of job updated: 69172
	15  -  MemoryUsage of job (MB)
	14800  -  ResidentSetSize of job (KB)
...
006 (491524.000.000) 06/29 08:47:46 Image size of job updated: 416340
	197  -  MemoryUsage of job (MB)
	201728  -  ResidentSetSize of job (KB)
...
006 (491524.000.000) 06/29 08:52:46 Image size of job updated: 416340
	198  -  MemoryUsage of job (MB)
	201824  -  ResidentSetSize of job (KB)
...
006 (491524.000.000) 06/29 08:57:47 Image size of job updated: 420860
	247  -  MemoryUsage of job (MB)
	252756  -  ResidentSetSize of job (KB)
...
006 (491524.000.000) 06/29 09:07:48 Image size of job updated: 423528
	248  -  MemoryUsage of job (MB)
	253220  -  ResidentSetSize of job (KB)
...
006 (491524.000.000) 06/29 09:18:53 Image size of job updated: 451712
	248  -  MemoryUsage of job (MB)
	253220  -  ResidentSetSize of job (KB)
...
005 (491524.000.000) 06/29 09:18:55 Job terminated.
	(1) Normal termination (return value 0)
		Usr 0 00:16:19, Sys 0 00:00:08  -  Run Remote Usage
		Usr 0 00:00:00, Sys 0 00:00:00  -  Run Local Usage
		Usr 0 00:16:19, Sys 0 00:00:08  -  Total Remote Usage
		Usr 0 00:00:00, Sys 0 00:00:00  -  Total Local Usage
	28657584  -  Run Bytes Sent By Job
	18573400  -  Run Bytes Received By Job
	28657584  -  Total Bytes Sent By Job
	18573400  -  Total Bytes Received By Job
	Partitionable Resources :    Usage  Request          
	   Cpus                 :                 1          
	   Disk (KB)            :    46149    46149          
	   Memory (MB)          :      248      248          
...
000 (495951.000.000) 07/03 12:38:58 Job submitted from host: <18.12.1.74:48322>
...
001 (495951.000.000) 07/03 12:39:08 Job executing on host: <18.12.9.7:46351>
...
006 (495951.000.000) 07/03 12:39:18 Image size of job updated: 1
	3  -  MemoryUsage of job (MB)
	2356  -  ResidentSetSize of job (KB)
...
006 (495951.000.000) 07/03 12:44:18 Image size of job updated: 557804
	334  -  MemoryUsage of job (MB)
	341944  -  ResidentSetSize of job (KB)
...
006 (495951.000.000) 07/03 12:49:18 Image size of job updated: 562320
	382  -  MemoryUsage of job (MB)
	390780  -  ResidentSetSize of job (KB)
...
006 (495951.000.000) 07/03 12:54:19 Image size of job updated: 564992
	384  -  MemoryUsage of job (MB)
	393196  -  ResidentSetSize of job (KB)
...
005 (495951.000.000) 07/03 12:59:16 Job terminated.
	(1) Normal termination (return value 0)
		Usr 0 00:16:26, Sys 0 00:00:14  -  Run Remote Usage
		Usr 0 00:00:00, Sys 0 00:00:00  -  Run Local Usage
		Usr 0 00:16:26, Sys 0 00:00:14  -  Total Remote Usage
		Usr 0 00:00:00, Sys 0 00:00:00  -  Total Local Usage
	30904812  -  Run Bytes Sent By Job
	18576446  -  Run Bytes Received By Job
	30904812  -  Total Bytes Sent By Job
	18576446  -  Total Bytes Received By Job
	Partitionable Resources :    Usage  Request          
	   Cpus                 :                 1          
	   Disk (KB)            :    48347    48347          
	   Memory (MB)          :      384      384          
...
