
----------------------------------------------------
Job started on Mon Jun 22 21:37:50 EDT 2015 at WN: t2bat0112.cmsaf.mit.edu 
Job is running on Linux t2bat0112.cmsaf.mit.edu 2.6.32-358.el6.x86_64 #1 SMP Fri Feb 22 20:37:17 CST 2013 x86_64 x86_64 x86_64 GNU/Linux
Filesystem            Size  Used Avail Use% Mounted on
/dev/sda3              20G  3.0G   16G  16% /
tmpfs                 7.8G     0  7.8G   0% /dev/shm
/dev/sda1              97M   33M   60M  36% /boot
/dev/sda4             415G   67G  348G  17% /export/data1
fuse_dfs              4.9P  4.4P  522T  90% /mnt/hadoop
/dev/sdb1             1.8T  1.6T  199G  90% /export/00b
/dev/sdc1             1.8T  1.7T  186G  90% /export/00c
/dev/sdd1             1.8T  1.7T  194G  90% /export/00d
/dev/sde1             1.8T  1.6T  206G  89% /export/00e
/dev/sdf1             1.8T  1.6T  209G  89% /export/00f
t2srv0004:/export/db  135G  187M  135G   1% /net/t2srv0004/db
cvmfs2                 98G   67G   32G  68% /cvmfs/cms.cern.ch
cvmfs2                 98G   67G   32G  68% /cvmfs/oasis.opensciencegrid.org
cvmfs2                 98G   67G   32G  68% /cvmfs/cdfcfs.fnal.gov
cvmfs2                 98G   67G   32G  68% /cvmfs/cvmfs.cmsaf.mit.edu
gcc (GCC) 4.4.7 20120313 (Red Hat 4.4.7-3)
Copyright (C) 2010 Free Software Foundation, Inc.
This is free software; see the source for copying conditions.  There is NO
warranty; not even for MERCHANTABILITY or FITNESS FOR A PARTICULAR PURPOSE.

Processing...
0/1237000
10000/1237000
20000/1237000
30000/1237000
40000/1237000
50000/1237000
60000/1237000
70000/1237000
80000/1237000
90000/1237000
100000/1237000
110000/1237000
120000/1237000
130000/1237000
140000/1237000
150000/1237000
160000/1237000
170000/1237000
180000/1237000
190000/1237000
200000/1237000
210000/1237000
220000/1237000
230000/1237000
240000/1237000
250000/1237000
260000/1237000
270000/1237000
280000/1237000
290000/1237000
300000/1237000
310000/1237000
320000/1237000
330000/1237000
340000/1237000
350000/1237000
360000/1237000
370000/1237000
380000/1237000
390000/1237000
400000/1237000
410000/1237000
420000/1237000
430000/1237000
440000/1237000
450000/1237000
460000/1237000
470000/1237000
480000/1237000
490000/1237000
500000/1237000
510000/1237000
520000/1237000
530000/1237000
540000/1237000
550000/1237000
560000/1237000
570000/1237000
580000/1237000
590000/1237000
600000/1237000
610000/1237000
620000/1237000
630000/1237000
640000/1237000
650000/1237000
660000/1237000
670000/1237000
680000/1237000
690000/1237000
700000/1237000
710000/1237000
720000/1237000
730000/1237000
740000/1237000
750000/1237000
760000/1237000
770000/1237000
780000/1237000
790000/1237000
800000/1237000
810000/1237000
820000/1237000
830000/1237000
840000/1237000
850000/1237000
860000/1237000
870000/1237000
880000/1237000
890000/1237000
900000/1237000
910000/1237000
920000/1237000
930000/1237000
940000/1237000
950000/1237000
960000/1237000
970000/1237000
980000/1237000
990000/1237000
1000000/1237000
1010000/1237000
1020000/1237000
1030000/1237000
1040000/1237000
1050000/1237000
1060000/1237000
1070000/1237000
1080000/1237000
1090000/1237000
1100000/1237000
1110000/1237000
1120000/1237000
1130000/1237000
1140000/1237000
1150000/1237000
1160000/1237000
1170000/1237000
1180000/1237000
1190000/1237000
1200000/1237000
1210000/1237000
1220000/1237000
1230000/1237000
Macro finished: 
CPU time (min)  = 12.263
Real time (min) = 22.5641
Done!
Copied output files to hadoop rootfiles/JetRAA/June22
