000 (426926.000.000) 06/22 21:37:33 Job submitted from host: <18.12.1.74:48322>
...
001 (426926.000.000) 06/22 21:37:51 Job executing on host: <18.12.9.84:47519>
...
006 (426926.000.000) 06/22 21:38:00 Image size of job updated: 72348
	19  -  MemoryUsage of job (MB)
	18544  -  ResidentSetSize of job (KB)
...
006 (426926.000.000) 06/22 21:43:01 Image size of job updated: 415496
	203  -  MemoryUsage of job (MB)
	207380  -  ResidentSetSize of job (KB)
...
006 (426926.000.000) 06/22 21:53:02 Image size of job updated: 417464
	235  -  MemoryUsage of job (MB)
	239868  -  ResidentSetSize of job (KB)
...
006 (426926.000.000) 06/22 21:56:48 Image size of job updated: 417672
	235  -  MemoryUsage of job (MB)
	239868  -  ResidentSetSize of job (KB)
...
005 (426926.000.000) 06/22 21:56:48 Job terminated.
	(1) Normal termination (return value 0)
		Usr 0 00:14:42, Sys 0 00:00:17  -  Run Remote Usage
		Usr 0 00:00:00, Sys 0 00:00:00  -  Run Local Usage
		Usr 0 00:14:42, Sys 0 00:00:17  -  Total Remote Usage
		Usr 0 00:00:00, Sys 0 00:00:00  -  Total Local Usage
	128381  -  Run Bytes Sent By Job
	28496  -  Run Bytes Received By Job
	128381  -  Total Bytes Sent By Job
	28496  -  Total Bytes Received By Job
	Partitionable Resources :    Usage  Request          
	   Cpus                 :                 1          
	   Disk (KB)            :      179      179          
	   Memory (MB)          :      235      235          
...
000 (451164.000.000) 06/25 11:25:09 Job submitted from host: <18.12.1.74:48322>
...
001 (451164.000.000) 06/25 11:25:28 Job executing on host: <18.12.9.65:40146>
...
006 (451164.000.000) 06/25 11:25:31 Image size of job updated: 1
	0  -  MemoryUsage of job (MB)
	0  -  ResidentSetSize of job (KB)
...
005 (451164.000.000) 06/25 11:25:32 Job terminated.
	(1) Normal termination (return value 0)
		Usr 0 00:00:00, Sys 0 00:00:00  -  Run Remote Usage
		Usr 0 00:00:00, Sys 0 00:00:00  -  Run Local Usage
		Usr 0 00:00:00, Sys 0 00:00:00  -  Total Remote Usage
		Usr 0 00:00:00, Sys 0 00:00:00  -  Total Local Usage
	132697  -  Run Bytes Sent By Job
	30951  -  Run Bytes Received By Job
	132697  -  Total Bytes Sent By Job
	30951  -  Total Bytes Received By Job
	Partitionable Resources :    Usage  Request          
	   Cpus                 :                 1          
	   Disk (KB)            :      185      185          
	   Memory (MB)          :        0        0          
...
000 (451209.000.000) 06/25 11:26:17 Job submitted from host: <18.12.1.74:48322>
...
001 (451209.000.000) 06/25 11:26:24 Job executing on host: <18.12.9.37:43285>
...
006 (451209.000.000) 06/25 11:26:33 Image size of job updated: 1
	3  -  MemoryUsage of job (MB)
	2352  -  ResidentSetSize of job (KB)
...
006 (451209.000.000) 06/25 11:31:34 Image size of job updated: 377292
	154  -  MemoryUsage of job (MB)
	157156  -  ResidentSetSize of job (KB)
...
006 (451209.000.000) 06/25 11:34:04 Image size of job updated: 382836
	154  -  MemoryUsage of job (MB)
	157156  -  ResidentSetSize of job (KB)
...
004 (451209.000.000) 06/25 11:34:04 Job was evicted.
	(0) Job was not checkpointed.
		Usr 0 00:02:11, Sys 0 00:00:01  -  Run Remote Usage
		Usr 0 00:00:00, Sys 0 00:00:00  -  Run Local Usage
	0  -  Run Bytes Sent By Job
	28758  -  Run Bytes Received By Job
	Partitionable Resources :    Usage  Request          
	   Cpus                 :                 1          
	   Disk (KB)            :      179      179          
	   Memory (MB)          :      154      154          
...
009 (451209.000.000) 06/25 11:34:08 Job was aborted by the user.
	via condor_rm (by user rkunnawa)
...
000 (451254.000.000) 06/25 11:34:33 Job submitted from host: <18.12.1.74:48322>
...
001 (451254.000.000) 06/25 11:34:41 Job executing on host: <18.12.8.12:49855>
...
006 (451254.000.000) 06/25 11:34:49 Image size of job updated: 69052
	13  -  MemoryUsage of job (MB)
	13280  -  ResidentSetSize of job (KB)
...
006 (451254.000.000) 06/25 11:39:49 Image size of job updated: 382848
	153  -  MemoryUsage of job (MB)
	155912  -  ResidentSetSize of job (KB)
...
006 (451254.000.000) 06/25 11:49:51 Image size of job updated: 382848
	153  -  MemoryUsage of job (MB)
	156052  -  ResidentSetSize of job (KB)
...
006 (451254.000.000) 06/25 12:04:53 Image size of job updated: 386400
	196  -  MemoryUsage of job (MB)
	200500  -  ResidentSetSize of job (KB)
...
006 (451254.000.000) 06/25 12:19:54 Image size of job updated: 390796
	201  -  MemoryUsage of job (MB)
	204848  -  ResidentSetSize of job (KB)
...
006 (451254.000.000) 06/25 12:24:54 Image size of job updated: 390796
	201  -  MemoryUsage of job (MB)
	204864  -  ResidentSetSize of job (KB)
...
005 (451254.000.000) 06/25 12:46:55 Job terminated.
	(1) Normal termination (return value 0)
		Usr 0 00:22:47, Sys 0 00:00:16  -  Run Remote Usage
		Usr 0 00:00:00, Sys 0 00:00:00  -  Run Local Usage
		Usr 0 00:22:47, Sys 0 00:00:16  -  Total Remote Usage
		Usr 0 00:00:00, Sys 0 00:00:00  -  Total Local Usage
	129774  -  Run Bytes Sent By Job
	28758  -  Run Bytes Received By Job
	129774  -  Total Bytes Sent By Job
	28758  -  Total Bytes Received By Job
	Partitionable Resources :    Usage  Request          
	   Cpus                 :                 1          
	   Disk (KB)            :      180      180          
	   Memory (MB)          :      201      201          
...
000 (491544.000.000) 06/29 08:42:20 Job submitted from host: <18.12.1.74:48322>
...
001 (491544.000.000) 06/29 08:42:46 Job executing on host: <18.12.8.199:47665>
...
006 (491544.000.000) 06/29 08:42:54 Image size of job updated: 1
	3  -  MemoryUsage of job (MB)
	2376  -  ResidentSetSize of job (KB)
...
006 (491544.000.000) 06/29 08:47:54 Image size of job updated: 418720
	204  -  MemoryUsage of job (MB)
	208456  -  ResidentSetSize of job (KB)
...
006 (491544.000.000) 06/29 08:52:55 Image size of job updated: 422272
	246  -  MemoryUsage of job (MB)
	251584  -  ResidentSetSize of job (KB)
...
006 (491544.000.000) 06/29 08:57:56 Image size of job updated: 426668
	250  -  MemoryUsage of job (MB)
	255992  -  ResidentSetSize of job (KB)
...
005 (491544.000.000) 06/29 09:03:08 Job terminated.
	(1) Normal termination (return value 0)
		Usr 0 00:16:37, Sys 0 00:00:10  -  Run Remote Usage
		Usr 0 00:00:00, Sys 0 00:00:00  -  Run Local Usage
		Usr 0 00:16:37, Sys 0 00:00:10  -  Total Remote Usage
		Usr 0 00:00:00, Sys 0 00:00:00  -  Total Local Usage
	34197360  -  Run Bytes Sent By Job
	18573400  -  Run Bytes Received By Job
	34197360  -  Total Bytes Sent By Job
	18573400  -  Total Bytes Received By Job
	Partitionable Resources :    Usage  Request          
	   Cpus                 :                 1          
	   Disk (KB)            :    51559    51559          
	   Memory (MB)          :      250      250          
...
000 (495971.000.000) 07/03 12:39:00 Job submitted from host: <18.12.1.74:48322>
...
001 (495971.000.000) 07/03 12:40:08 Job executing on host: <18.12.8.157:47081>
...
006 (495971.000.000) 07/03 12:40:17 Image size of job updated: 75476
	17  -  MemoryUsage of job (MB)
	17156  -  ResidentSetSize of job (KB)
...
006 (495971.000.000) 07/03 12:45:18 Image size of job updated: 560216
	340  -  MemoryUsage of job (MB)
	348024  -  ResidentSetSize of job (KB)
...
006 (495971.000.000) 07/03 12:50:18 Image size of job updated: 560216
	340  -  MemoryUsage of job (MB)
	348036  -  ResidentSetSize of job (KB)
...
006 (495971.000.000) 07/03 12:55:19 Image size of job updated: 563768
	384  -  MemoryUsage of job (MB)
	392220  -  ResidentSetSize of job (KB)
...
006 (495971.000.000) 07/03 13:00:20 Image size of job updated: 568168
	388  -  MemoryUsage of job (MB)
	396608  -  ResidentSetSize of job (KB)
...
006 (495971.000.000) 07/03 13:05:20 Image size of job updated: 568168
	388  -  MemoryUsage of job (MB)
	396624  -  ResidentSetSize of job (KB)
...
005 (495971.000.000) 07/03 13:10:16 Job terminated.
	(1) Normal termination (return value 0)
		Usr 0 00:16:30, Sys 0 00:00:08  -  Run Remote Usage
		Usr 0 00:00:00, Sys 0 00:00:00  -  Run Local Usage
		Usr 0 00:16:30, Sys 0 00:00:08  -  Total Remote Usage
		Usr 0 00:00:00, Sys 0 00:00:00  -  Total Local Usage
	39601248  -  Run Bytes Sent By Job
	18576446  -  Run Bytes Received By Job
	39601248  -  Total Bytes Sent By Job
	18576446  -  Total Bytes Received By Job
	Partitionable Resources :    Usage  Request          
	   Cpus                 :                 1          
	   Disk (KB)            :    56840    56840          
	   Memory (MB)          :      388      388          
...
