000 (426932.000.000) 06/22 21:37:34 Job submitted from host: <18.12.1.74:48322>
...
001 (426932.000.000) 06/22 21:38:21 Job executing on host: <18.12.9.65:40146>
...
006 (426932.000.000) 06/22 21:38:29 Image size of job updated: 399788
	135  -  MemoryUsage of job (MB)
	137324  -  ResidentSetSize of job (KB)
...
006 (426932.000.000) 06/22 21:43:29 Image size of job updated: 411216
	198  -  MemoryUsage of job (MB)
	202300  -  ResidentSetSize of job (KB)
...
006 (426932.000.000) 06/22 21:48:30 Image size of job updated: 411832
	199  -  MemoryUsage of job (MB)
	202916  -  ResidentSetSize of job (KB)
...
006 (426932.000.000) 06/22 21:53:30 Image size of job updated: 416700
	231  -  MemoryUsage of job (MB)
	235588  -  ResidentSetSize of job (KB)
...
005 (426932.000.000) 06/22 21:54:56 Job terminated.
	(1) Normal termination (return value 0)
		Usr 0 00:14:00, Sys 0 00:00:11  -  Run Remote Usage
		Usr 0 00:00:00, Sys 0 00:00:00  -  Run Local Usage
		Usr 0 00:14:00, Sys 0 00:00:11  -  Total Remote Usage
		Usr 0 00:00:00, Sys 0 00:00:00  -  Total Local Usage
	128246  -  Run Bytes Sent By Job
	28496  -  Run Bytes Received By Job
	128246  -  Total Bytes Sent By Job
	28496  -  Total Bytes Received By Job
	Partitionable Resources :    Usage  Request          
	   Cpus                 :                 1          
	   Disk (KB)            :      179      179          
	   Memory (MB)          :      231      231          
...
