000 (426922.000.000) 06/22 21:37:33 Job submitted from host: <18.12.1.74:48322>
...
001 (426922.000.000) 06/22 21:37:51 Job executing on host: <18.12.9.55:40657>
...
006 (426922.000.000) 06/22 21:37:59 Image size of job updated: 400332
	135  -  MemoryUsage of job (MB)
	138064  -  ResidentSetSize of job (KB)
...
006 (426922.000.000) 06/22 21:42:59 Image size of job updated: 410088
	196  -  MemoryUsage of job (MB)
	200516  -  ResidentSetSize of job (KB)
...
006 (426922.000.000) 06/22 21:48:00 Image size of job updated: 410552
	196  -  MemoryUsage of job (MB)
	200516  -  ResidentSetSize of job (KB)
...
006 (426922.000.000) 06/22 21:53:01 Image size of job updated: 415476
	219  -  MemoryUsage of job (MB)
	223552  -  ResidentSetSize of job (KB)
...
005 (426922.000.000) 06/22 21:55:56 Job terminated.
	(1) Normal termination (return value 0)
		Usr 0 00:16:12, Sys 0 00:00:12  -  Run Remote Usage
		Usr 0 00:00:00, Sys 0 00:00:00  -  Run Local Usage
		Usr 0 00:16:12, Sys 0 00:00:12  -  Total Remote Usage
		Usr 0 00:00:00, Sys 0 00:00:00  -  Total Local Usage
	128520  -  Run Bytes Sent By Job
	28496  -  Run Bytes Received By Job
	128520  -  Total Bytes Sent By Job
	28496  -  Total Bytes Received By Job
	Partitionable Resources :    Usage  Request          
	   Cpus                 :                 1          
	   Disk (KB)            :      179      179          
	   Memory (MB)          :      219      219          
...
