000 (426924.000.000) 06/22 21:37:33 Job submitted from host: <18.12.1.74:48322>
...
001 (426924.000.000) 06/22 21:37:53 Job executing on host: <18.12.9.34:47227>
...
006 (426924.000.000) 06/22 21:38:02 Image size of job updated: 70896
	19  -  MemoryUsage of job (MB)
	18856  -  ResidentSetSize of job (KB)
...
006 (426924.000.000) 06/22 21:43:02 Image size of job updated: 407152
	156  -  MemoryUsage of job (MB)
	158928  -  ResidentSetSize of job (KB)
...
006 (426924.000.000) 06/22 21:48:02 Image size of job updated: 411048
	202  -  MemoryUsage of job (MB)
	206384  -  ResidentSetSize of job (KB)
...
006 (426924.000.000) 06/22 21:53:03 Image size of job updated: 411732
	203  -  MemoryUsage of job (MB)
	207160  -  ResidentSetSize of job (KB)
...
006 (426924.000.000) 06/22 21:58:04 Image size of job updated: 411732
	203  -  MemoryUsage of job (MB)
	207284  -  ResidentSetSize of job (KB)
...
006 (426924.000.000) 06/22 22:03:04 Image size of job updated: 411732
	203  -  MemoryUsage of job (MB)
	207300  -  ResidentSetSize of job (KB)
...
006 (426924.000.000) 06/22 22:23:06 Image size of job updated: 412228
	203  -  MemoryUsage of job (MB)
	207760  -  ResidentSetSize of job (KB)
...
006 (426924.000.000) 06/22 22:53:09 Image size of job updated: 417352
	237  -  MemoryUsage of job (MB)
	242636  -  ResidentSetSize of job (KB)
...
006 (426924.000.000) 06/22 22:58:10 Image size of job updated: 417560
	238  -  MemoryUsage of job (MB)
	242844  -  ResidentSetSize of job (KB)
...
006 (426924.000.000) 06/22 23:03:11 Image size of job updated: 417764
	238  -  MemoryUsage of job (MB)
	243048  -  ResidentSetSize of job (KB)
...
005 (426924.000.000) 06/22 23:13:52 Job terminated.
	(1) Normal termination (return value 0)
		Usr 0 00:23:43, Sys 0 00:00:13  -  Run Remote Usage
		Usr 0 00:00:00, Sys 0 00:00:00  -  Run Local Usage
		Usr 0 00:23:43, Sys 0 00:00:13  -  Total Remote Usage
		Usr 0 00:00:00, Sys 0 00:00:00  -  Total Local Usage
	128542  -  Run Bytes Sent By Job
	28496  -  Run Bytes Received By Job
	128542  -  Total Bytes Sent By Job
	28496  -  Total Bytes Received By Job
	Partitionable Resources :    Usage  Request          
	   Cpus                 :                 1          
	   Disk (KB)            :      179      179          
	   Memory (MB)          :      238      238          
...
000 (451162.000.000) 06/25 11:25:08 Job submitted from host: <18.12.1.74:48322>
...
001 (451162.000.000) 06/25 11:25:28 Job executing on host: <18.12.9.79:45767>
...
006 (451162.000.000) 06/25 11:25:32 Image size of job updated: 194940
	0  -  MemoryUsage of job (MB)
	0  -  ResidentSetSize of job (KB)
...
005 (451162.000.000) 06/25 11:25:33 Job terminated.
	(1) Normal termination (return value 0)
		Usr 0 00:00:00, Sys 0 00:00:00  -  Run Remote Usage
		Usr 0 00:00:00, Sys 0 00:00:00  -  Run Local Usage
		Usr 0 00:00:00, Sys 0 00:00:00  -  Total Remote Usage
		Usr 0 00:00:00, Sys 0 00:00:00  -  Total Local Usage
	132609  -  Run Bytes Sent By Job
	30951  -  Run Bytes Received By Job
	132609  -  Total Bytes Sent By Job
	30951  -  Total Bytes Received By Job
	Partitionable Resources :    Usage  Request          
	   Cpus                 :                 1          
	   Disk (KB)            :      185      185          
	   Memory (MB)          :        0        0          
...
000 (451207.000.000) 06/25 11:26:17 Job submitted from host: <18.12.1.74:48322>
...
001 (451207.000.000) 06/25 11:26:24 Job executing on host: <18.12.9.41:42410>
...
006 (451207.000.000) 06/25 11:26:32 Image size of job updated: 182336
	66  -  MemoryUsage of job (MB)
	67548  -  ResidentSetSize of job (KB)
...
006 (451207.000.000) 06/25 11:31:32 Image size of job updated: 382952
	168  -  MemoryUsage of job (MB)
	171416  -  ResidentSetSize of job (KB)
...
004 (451207.000.000) 06/25 11:34:04 Job was evicted.
	(0) Job was not checkpointed.
		Usr 0 00:02:31, Sys 0 00:00:01  -  Run Remote Usage
		Usr 0 00:00:00, Sys 0 00:00:00  -  Run Local Usage
	0  -  Run Bytes Sent By Job
	28758  -  Run Bytes Received By Job
	Partitionable Resources :    Usage  Request          
	   Cpus                 :                 1          
	   Disk (KB)            :      179      179          
	   Memory (MB)          :      168      168          
...
009 (451207.000.000) 06/25 11:34:08 Job was aborted by the user.
	via condor_rm (by user rkunnawa)
...
000 (451252.000.000) 06/25 11:34:32 Job submitted from host: <18.12.1.74:48322>
...
001 (451252.000.000) 06/25 11:34:41 Job executing on host: <18.12.9.37:43285>
...
006 (451252.000.000) 06/25 11:34:50 Image size of job updated: 1
	3  -  MemoryUsage of job (MB)
	2364  -  ResidentSetSize of job (KB)
...
006 (451252.000.000) 06/25 11:39:51 Image size of job updated: 382952
	171  -  MemoryUsage of job (MB)
	174844  -  ResidentSetSize of job (KB)
...
006 (451252.000.000) 06/25 11:49:51 Image size of job updated: 382952
	171  -  MemoryUsage of job (MB)
	174932  -  ResidentSetSize of job (KB)
...
006 (451252.000.000) 06/25 11:54:52 Image size of job updated: 382952
	171  -  MemoryUsage of job (MB)
	175012  -  ResidentSetSize of job (KB)
...
006 (451252.000.000) 06/25 12:04:52 Image size of job updated: 387396
	216  -  MemoryUsage of job (MB)
	220264  -  ResidentSetSize of job (KB)
...
006 (451252.000.000) 06/25 12:14:54 Image size of job updated: 387396
	216  -  MemoryUsage of job (MB)
	220268  -  ResidentSetSize of job (KB)
...
005 (451252.000.000) 06/25 12:40:01 Job terminated.
	(1) Normal termination (return value 0)
		Usr 0 00:21:44, Sys 0 00:00:11  -  Run Remote Usage
		Usr 0 00:00:00, Sys 0 00:00:00  -  Run Local Usage
		Usr 0 00:21:44, Sys 0 00:00:11  -  Total Remote Usage
		Usr 0 00:00:00, Sys 0 00:00:00  -  Total Local Usage
	129790  -  Run Bytes Sent By Job
	28758  -  Run Bytes Received By Job
	129790  -  Total Bytes Sent By Job
	28758  -  Total Bytes Received By Job
	Partitionable Resources :    Usage  Request          
	   Cpus                 :                 1          
	   Disk (KB)            :      180      180          
	   Memory (MB)          :      216      216          
...
000 (491542.000.000) 06/29 08:42:20 Job submitted from host: <18.12.1.74:48322>
...
001 (491542.000.000) 06/29 08:42:42 Job executing on host: <18.12.8.189:49271>
...
006 (491542.000.000) 06/29 08:42:51 Image size of job updated: 145364
	30  -  MemoryUsage of job (MB)
	29960  -  ResidentSetSize of job (KB)
...
006 (491542.000.000) 06/29 08:47:52 Image size of job updated: 418836
	203  -  MemoryUsage of job (MB)
	207500  -  ResidentSetSize of job (KB)
...
006 (491542.000.000) 06/29 08:52:53 Image size of job updated: 423280
	246  -  MemoryUsage of job (MB)
	251516  -  ResidentSetSize of job (KB)
...
006 (491542.000.000) 06/29 08:57:53 Image size of job updated: 423280
	246  -  MemoryUsage of job (MB)
	251520  -  ResidentSetSize of job (KB)
...
005 (491542.000.000) 06/29 09:04:38 Job terminated.
	(1) Normal termination (return value 0)
		Usr 0 00:16:50, Sys 0 00:00:10  -  Run Remote Usage
		Usr 0 00:00:00, Sys 0 00:00:00  -  Run Local Usage
		Usr 0 00:16:50, Sys 0 00:00:10  -  Total Remote Usage
		Usr 0 00:00:00, Sys 0 00:00:00  -  Total Local Usage
	34231888  -  Run Bytes Sent By Job
	18573400  -  Run Bytes Received By Job
	34231888  -  Total Bytes Sent By Job
	18573400  -  Total Bytes Received By Job
	Partitionable Resources :    Usage  Request          
	   Cpus                 :                 1          
	   Disk (KB)            :    51593    51593          
	   Memory (MB)          :      246      246          
...
000 (495969.000.000) 07/03 12:38:59 Job submitted from host: <18.12.1.74:48322>
...
001 (495969.000.000) 07/03 12:39:39 Job executing on host: <18.12.8.21:47008>
...
006 (495969.000.000) 07/03 12:39:48 Image size of job updated: 554184
	320  -  MemoryUsage of job (MB)
	326696  -  ResidentSetSize of job (KB)
...
006 (495969.000.000) 07/03 12:44:49 Image size of job updated: 560336
	341  -  MemoryUsage of job (MB)
	348980  -  ResidentSetSize of job (KB)
...
006 (495969.000.000) 07/03 12:54:49 Image size of job updated: 564780
	382  -  MemoryUsage of job (MB)
	390928  -  ResidentSetSize of job (KB)
...
006 (495969.000.000) 07/03 13:08:08 Image size of job updated: 595708
	382  -  MemoryUsage of job (MB)
	390928  -  ResidentSetSize of job (KB)
...
005 (495969.000.000) 07/03 13:08:10 Job terminated.
	(1) Normal termination (return value 0)
		Usr 0 00:24:55, Sys 0 00:00:29  -  Run Remote Usage
		Usr 0 00:00:00, Sys 0 00:00:00  -  Run Local Usage
		Usr 0 00:24:55, Sys 0 00:00:29  -  Total Remote Usage
		Usr 0 00:00:00, Sys 0 00:00:00  -  Total Local Usage
	39662688  -  Run Bytes Sent By Job
	18576446  -  Run Bytes Received By Job
	39662688  -  Total Bytes Sent By Job
	18576446  -  Total Bytes Received By Job
	Partitionable Resources :    Usage  Request          
	   Cpus                 :                 1          
	   Disk (KB)            :    56900    56900          
	   Memory (MB)          :      382      382          
...
