000 (426910.000.000) 06/22 21:37:32 Job submitted from host: <18.12.1.74:48322>
...
001 (426910.000.000) 06/22 21:38:21 Job executing on host: <18.12.6.93:40000>
...
006 (426910.000.000) 06/22 21:38:29 Image size of job updated: 185592
	46  -  MemoryUsage of job (MB)
	46916  -  ResidentSetSize of job (KB)
...
006 (426910.000.000) 06/22 21:43:29 Image size of job updated: 407636
	196  -  MemoryUsage of job (MB)
	200544  -  ResidentSetSize of job (KB)
...
006 (426910.000.000) 06/22 21:48:30 Image size of job updated: 407636
	196  -  MemoryUsage of job (MB)
	200572  -  ResidentSetSize of job (KB)
...
006 (426910.000.000) 06/22 21:53:31 Image size of job updated: 408332
	197  -  MemoryUsage of job (MB)
	201272  -  ResidentSetSize of job (KB)
...
006 (426910.000.000) 06/22 21:58:31 Image size of job updated: 413484
	233  -  MemoryUsage of job (MB)
	237720  -  ResidentSetSize of job (KB)
...
005 (426910.000.000) 06/22 22:00:38 Job terminated.
	(1) Normal termination (return value 0)
		Usr 0 00:18:55, Sys 0 00:00:13  -  Run Remote Usage
		Usr 0 00:00:00, Sys 0 00:00:00  -  Run Local Usage
		Usr 0 00:18:55, Sys 0 00:00:13  -  Total Remote Usage
		Usr 0 00:00:00, Sys 0 00:00:00  -  Total Local Usage
	128302  -  Run Bytes Sent By Job
	28496  -  Run Bytes Received By Job
	128302  -  Total Bytes Sent By Job
	28496  -  Total Bytes Received By Job
	Partitionable Resources :    Usage  Request          
	   Cpus                 :                 1          
	   Disk (KB)            :      179      179          
	   Memory (MB)          :      233      233          
...
000 (451148.000.000) 06/25 11:25:06 Job submitted from host: <18.12.1.74:48322>
...
001 (451148.000.000) 06/25 11:25:27 Job executing on host: <18.12.9.42:42628>
...
006 (451148.000.000) 06/25 11:25:35 Image size of job updated: 68260
	13  -  MemoryUsage of job (MB)
	12424  -  ResidentSetSize of job (KB)
...
005 (451148.000.000) 06/25 11:25:41 Job terminated.
	(1) Normal termination (return value 0)
		Usr 0 00:00:00, Sys 0 00:00:00  -  Run Remote Usage
		Usr 0 00:00:00, Sys 0 00:00:00  -  Run Local Usage
		Usr 0 00:00:00, Sys 0 00:00:00  -  Total Remote Usage
		Usr 0 00:00:00, Sys 0 00:00:00  -  Total Local Usage
	132616  -  Run Bytes Sent By Job
	30951  -  Run Bytes Received By Job
	132616  -  Total Bytes Sent By Job
	30951  -  Total Bytes Received By Job
	Partitionable Resources :    Usage  Request          
	   Cpus                 :                 1          
	   Disk (KB)            :      185      185          
	   Memory (MB)          :       13       13          
...
000 (451193.000.000) 06/25 11:26:14 Job submitted from host: <18.12.1.74:48322>
...
001 (451193.000.000) 06/25 11:26:23 Job executing on host: <18.12.9.33:40949>
...
006 (451193.000.000) 06/25 11:26:32 Image size of job updated: 68520
	13  -  MemoryUsage of job (MB)
	12672  -  ResidentSetSize of job (KB)
...
006 (451193.000.000) 06/25 11:31:33 Image size of job updated: 378968
	166  -  MemoryUsage of job (MB)
	169736  -  ResidentSetSize of job (KB)
...
004 (451193.000.000) 06/25 11:34:04 Job was evicted.
	(0) Job was not checkpointed.
		Usr 0 00:02:05, Sys 0 00:00:01  -  Run Remote Usage
		Usr 0 00:00:00, Sys 0 00:00:00  -  Run Local Usage
	0  -  Run Bytes Sent By Job
	28758  -  Run Bytes Received By Job
	Partitionable Resources :    Usage  Request          
	   Cpus                 :                 1          
	   Disk (KB)            :      179      179          
	   Memory (MB)          :      166      166          
...
009 (451193.000.000) 06/25 11:34:08 Job was aborted by the user.
	via condor_rm (by user rkunnawa)
...
000 (451238.000.000) 06/25 11:34:30 Job submitted from host: <18.12.1.74:48322>
...
001 (451238.000.000) 06/25 11:34:40 Job executing on host: <18.12.9.79:45767>
...
006 (451238.000.000) 06/25 11:34:49 Image size of job updated: 372608
	130  -  MemoryUsage of job (MB)
	133096  -  ResidentSetSize of job (KB)
...
006 (451238.000.000) 06/25 11:39:50 Image size of job updated: 378964
	152  -  MemoryUsage of job (MB)
	155324  -  ResidentSetSize of job (KB)
...
006 (451238.000.000) 06/25 11:44:51 Image size of job updated: 383328
	195  -  MemoryUsage of job (MB)
	199284  -  ResidentSetSize of job (KB)
...
006 (451238.000.000) 06/25 11:49:51 Image size of job updated: 383328
	195  -  MemoryUsage of job (MB)
	199332  -  ResidentSetSize of job (KB)
...
005 (451238.000.000) 06/25 11:51:26 Job terminated.
	(1) Normal termination (return value 0)
		Usr 0 00:14:05, Sys 0 00:00:10  -  Run Remote Usage
		Usr 0 00:00:00, Sys 0 00:00:00  -  Run Local Usage
		Usr 0 00:14:05, Sys 0 00:00:10  -  Total Remote Usage
		Usr 0 00:00:00, Sys 0 00:00:00  -  Total Local Usage
	129768  -  Run Bytes Sent By Job
	28758  -  Run Bytes Received By Job
	129768  -  Total Bytes Sent By Job
	28758  -  Total Bytes Received By Job
	Partitionable Resources :    Usage  Request          
	   Cpus                 :                 1          
	   Disk (KB)            :      180      180          
	   Memory (MB)          :      195      195          
...
000 (491528.000.000) 06/29 08:42:18 Job submitted from host: <18.12.1.74:48322>
...
001 (491528.000.000) 06/29 08:42:37 Job executing on host: <18.12.6.99:41095>
...
006 (491528.000.000) 06/29 08:42:45 Image size of job updated: 408436
	174  -  MemoryUsage of job (MB)
	177896  -  ResidentSetSize of job (KB)
...
006 (491528.000.000) 06/29 08:47:45 Image size of job updated: 414836
	196  -  MemoryUsage of job (MB)
	199956  -  ResidentSetSize of job (KB)
...
006 (491528.000.000) 06/29 08:52:46 Image size of job updated: 418368
	243  -  MemoryUsage of job (MB)
	248192  -  ResidentSetSize of job (KB)
...
006 (491528.000.000) 06/29 08:57:47 Image size of job updated: 419200
	244  -  MemoryUsage of job (MB)
	249028  -  ResidentSetSize of job (KB)
...
006 (491528.000.000) 06/29 09:02:47 Image size of job updated: 419200
	244  -  MemoryUsage of job (MB)
	249076  -  ResidentSetSize of job (KB)
...
005 (491528.000.000) 06/29 09:04:11 Job terminated.
	(1) Normal termination (return value 0)
		Usr 0 00:18:34, Sys 0 00:00:10  -  Run Remote Usage
		Usr 0 00:00:00, Sys 0 00:00:00  -  Run Local Usage
		Usr 0 00:18:34, Sys 0 00:00:10  -  Total Remote Usage
		Usr 0 00:00:00, Sys 0 00:00:00  -  Total Local Usage
	29552534  -  Run Bytes Sent By Job
	18573400  -  Run Bytes Received By Job
	29552534  -  Total Bytes Sent By Job
	18573400  -  Total Bytes Received By Job
	Partitionable Resources :    Usage  Request          
	   Cpus                 :                 1          
	   Disk (KB)            :    47023    47023          
	   Memory (MB)          :      244      244          
...
000 (495955.000.000) 07/03 12:38:58 Job submitted from host: <18.12.1.74:48322>
...
001 (495955.000.000) 07/03 12:39:09 Job executing on host: <18.12.8.118:41606>
...
006 (495955.000.000) 07/03 12:39:17 Image size of job updated: 1
	3  -  MemoryUsage of job (MB)
	2356  -  ResidentSetSize of job (KB)
...
006 (495955.000.000) 07/03 12:44:17 Image size of job updated: 556332
	334  -  MemoryUsage of job (MB)
	341396  -  ResidentSetSize of job (KB)
...
006 (495955.000.000) 07/03 12:49:17 Image size of job updated: 560700
	379  -  MemoryUsage of job (MB)
	387864  -  ResidentSetSize of job (KB)
...
005 (495955.000.000) 07/03 12:55:42 Job terminated.
	(1) Normal termination (return value 0)
		Usr 0 00:12:09, Sys 0 00:00:17  -  Run Remote Usage
		Usr 0 00:00:00, Sys 0 00:00:00  -  Run Local Usage
		Usr 0 00:12:09, Sys 0 00:00:17  -  Total Remote Usage
		Usr 0 00:00:00, Sys 0 00:00:00  -  Total Local Usage
	32157900  -  Run Bytes Sent By Job
	18576446  -  Run Bytes Received By Job
	32157900  -  Total Bytes Sent By Job
	18576446  -  Total Bytes Received By Job
	Partitionable Resources :    Usage  Request          
	   Cpus                 :                 1          
	   Disk (KB)            :    49571    49571          
	   Memory (MB)          :      379      379          
...
