000 (426908.000.000) 06/22 21:37:32 Job submitted from host: <18.12.1.74:48322>
...
001 (426908.000.000) 06/22 21:37:52 Job executing on host: <18.12.6.84:41606>
...
006 (426908.000.000) 06/22 21:38:01 Image size of job updated: 1
	3  -  MemoryUsage of job (MB)
	2352  -  ResidentSetSize of job (KB)
...
006 (426908.000.000) 06/22 21:43:03 Image size of job updated: 407908
	197  -  MemoryUsage of job (MB)
	201132  -  ResidentSetSize of job (KB)
...
006 (426908.000.000) 06/22 21:48:03 Image size of job updated: 407908
	197  -  MemoryUsage of job (MB)
	201140  -  ResidentSetSize of job (KB)
...
006 (426908.000.000) 06/22 21:53:03 Image size of job updated: 407908
	197  -  MemoryUsage of job (MB)
	201316  -  ResidentSetSize of job (KB)
...
006 (426908.000.000) 06/22 21:58:03 Image size of job updated: 413136
	232  -  MemoryUsage of job (MB)
	237376  -  ResidentSetSize of job (KB)
...
006 (426908.000.000) 06/22 22:00:13 Image size of job updated: 413340
	232  -  MemoryUsage of job (MB)
	237376  -  ResidentSetSize of job (KB)
...
005 (426908.000.000) 06/22 22:00:13 Job terminated.
	(1) Normal termination (return value 0)
		Usr 0 00:18:39, Sys 0 00:00:11  -  Run Remote Usage
		Usr 0 00:00:00, Sys 0 00:00:00  -  Run Local Usage
		Usr 0 00:18:39, Sys 0 00:00:11  -  Total Remote Usage
		Usr 0 00:00:00, Sys 0 00:00:00  -  Total Local Usage
	128302  -  Run Bytes Sent By Job
	28496  -  Run Bytes Received By Job
	128302  -  Total Bytes Sent By Job
	28496  -  Total Bytes Received By Job
	Partitionable Resources :    Usage  Request          
	   Cpus                 :                 1          
	   Disk (KB)            :      179      179          
	   Memory (MB)          :      232      232          
...
000 (451146.000.000) 06/25 11:25:06 Job submitted from host: <18.12.1.74:48322>
...
001 (451146.000.000) 06/25 11:25:27 Job executing on host: <18.12.9.77:41533>
...
006 (451146.000.000) 06/25 11:25:31 Image size of job updated: 1
	0  -  MemoryUsage of job (MB)
	0  -  ResidentSetSize of job (KB)
...
005 (451146.000.000) 06/25 11:25:31 Job terminated.
	(1) Normal termination (return value 0)
		Usr 0 00:00:00, Sys 0 00:00:00  -  Run Remote Usage
		Usr 0 00:00:00, Sys 0 00:00:00  -  Run Local Usage
		Usr 0 00:00:00, Sys 0 00:00:00  -  Total Remote Usage
		Usr 0 00:00:00, Sys 0 00:00:00  -  Total Local Usage
	132416  -  Run Bytes Sent By Job
	30951  -  Run Bytes Received By Job
	132416  -  Total Bytes Sent By Job
	30951  -  Total Bytes Received By Job
	Partitionable Resources :    Usage  Request          
	   Cpus                 :                 1          
	   Disk (KB)            :      185      185          
	   Memory (MB)          :        0        0          
...
000 (451191.000.000) 06/25 11:26:14 Job submitted from host: <18.12.1.74:48322>
...
001 (451191.000.000) 06/25 11:26:24 Job executing on host: <18.12.9.35:43869>
...
006 (451191.000.000) 06/25 11:26:32 Image size of job updated: 1
	3  -  MemoryUsage of job (MB)
	2360  -  ResidentSetSize of job (KB)
...
006 (451191.000.000) 06/25 11:31:32 Image size of job updated: 379260
	166  -  MemoryUsage of job (MB)
	169268  -  ResidentSetSize of job (KB)
...
004 (451191.000.000) 06/25 11:34:04 Job was evicted.
	(0) Job was not checkpointed.
		Usr 0 00:02:23, Sys 0 00:00:02  -  Run Remote Usage
		Usr 0 00:00:00, Sys 0 00:00:00  -  Run Local Usage
	0  -  Run Bytes Sent By Job
	28758  -  Run Bytes Received By Job
	Partitionable Resources :    Usage  Request          
	   Cpus                 :                 1          
	   Disk (KB)            :      179      179          
	   Memory (MB)          :      166      166          
...
009 (451191.000.000) 06/25 11:34:08 Job was aborted by the user.
	via condor_rm (by user rkunnawa)
...
000 (451236.000.000) 06/25 11:34:30 Job submitted from host: <18.12.1.74:48322>
...
001 (451236.000.000) 06/25 11:34:40 Job executing on host: <18.12.9.81:45256>
...
006 (451236.000.000) 06/25 11:34:48 Image size of job updated: 74696
	15  -  MemoryUsage of job (MB)
	15092  -  ResidentSetSize of job (KB)
...
006 (451236.000.000) 06/25 11:39:48 Image size of job updated: 379256
	157  -  MemoryUsage of job (MB)
	160136  -  ResidentSetSize of job (KB)
...
006 (451236.000.000) 06/25 11:44:49 Image size of job updated: 382788
	200  -  MemoryUsage of job (MB)
	204352  -  ResidentSetSize of job (KB)
...
006 (451236.000.000) 06/25 11:49:50 Image size of job updated: 384552
	202  -  MemoryUsage of job (MB)
	206124  -  ResidentSetSize of job (KB)
...
005 (451236.000.000) 06/25 11:53:11 Job terminated.
	(1) Normal termination (return value 0)
		Usr 0 00:15:15, Sys 0 00:00:08  -  Run Remote Usage
		Usr 0 00:00:00, Sys 0 00:00:00  -  Run Local Usage
		Usr 0 00:15:15, Sys 0 00:00:08  -  Total Remote Usage
		Usr 0 00:00:00, Sys 0 00:00:00  -  Total Local Usage
	129768  -  Run Bytes Sent By Job
	28758  -  Run Bytes Received By Job
	129768  -  Total Bytes Sent By Job
	28758  -  Total Bytes Received By Job
	Partitionable Resources :    Usage  Request          
	   Cpus                 :                 1          
	   Disk (KB)            :      180      180          
	   Memory (MB)          :      202      202          
...
000 (491526.000.000) 06/29 08:42:18 Job submitted from host: <18.12.1.74:48322>
...
001 (491526.000.000) 06/29 08:42:37 Job executing on host: <18.12.8.248:48760>
...
006 (491526.000.000) 06/29 08:42:45 Image size of job updated: 75480
	17  -  MemoryUsage of job (MB)
	17168  -  ResidentSetSize of job (KB)
...
006 (491526.000.000) 06/29 08:47:45 Image size of job updated: 415100
	202  -  MemoryUsage of job (MB)
	206552  -  ResidentSetSize of job (KB)
...
006 (491526.000.000) 06/29 08:52:46 Image size of job updated: 418632
	244  -  MemoryUsage of job (MB)
	249740  -  ResidentSetSize of job (KB)
...
006 (491526.000.000) 06/29 08:57:47 Image size of job updated: 419468
	245  -  MemoryUsage of job (MB)
	250608  -  ResidentSetSize of job (KB)
...
005 (491526.000.000) 06/29 09:02:56 Job terminated.
	(1) Normal termination (return value 0)
		Usr 0 00:15:51, Sys 0 00:00:10  -  Run Remote Usage
		Usr 0 00:00:00, Sys 0 00:00:00  -  Run Local Usage
		Usr 0 00:15:51, Sys 0 00:00:10  -  Total Remote Usage
		Usr 0 00:00:00, Sys 0 00:00:00  -  Total Local Usage
	29548132  -  Run Bytes Sent By Job
	18573400  -  Run Bytes Received By Job
	29548132  -  Total Bytes Sent By Job
	18573400  -  Total Bytes Received By Job
	Partitionable Resources :    Usage  Request          
	   Cpus                 :                 1          
	   Disk (KB)            :    47019    47019          
	   Memory (MB)          :      245      245          
...
000 (495953.000.000) 07/03 12:38:58 Job submitted from host: <18.12.1.74:48322>
...
001 (495953.000.000) 07/03 12:39:09 Job executing on host: <18.12.8.239:41022>
...
006 (495953.000.000) 07/03 12:39:17 Image size of job updated: 1
	3  -  MemoryUsage of job (MB)
	2352  -  ResidentSetSize of job (KB)
...
006 (495953.000.000) 07/03 12:44:17 Image size of job updated: 556600
	340  -  MemoryUsage of job (MB)
	347928  -  ResidentSetSize of job (KB)
...
006 (495953.000.000) 07/03 12:49:17 Image size of job updated: 560132
	384  -  MemoryUsage of job (MB)
	392580  -  ResidentSetSize of job (KB)
...
006 (495953.000.000) 07/03 12:54:18 Image size of job updated: 560964
	384  -  MemoryUsage of job (MB)
	392580  -  ResidentSetSize of job (KB)
...
005 (495953.000.000) 07/03 13:01:52 Job terminated.
	(1) Normal termination (return value 0)
		Usr 0 00:16:59, Sys 0 00:00:13  -  Run Remote Usage
		Usr 0 00:00:00, Sys 0 00:00:00  -  Run Local Usage
		Usr 0 00:16:59, Sys 0 00:00:13  -  Total Remote Usage
		Usr 0 00:00:00, Sys 0 00:00:00  -  Total Local Usage
	32153168  -  Run Bytes Sent By Job
	18576446  -  Run Bytes Received By Job
	32153168  -  Total Bytes Sent By Job
	18576446  -  Total Bytes Received By Job
	Partitionable Resources :    Usage  Request          
	   Cpus                 :                 1          
	   Disk (KB)            :    49566    49566          
	   Memory (MB)          :      384      384          
...
