
----------------------------------------------------
Job started on Mon Jun 22 21:38:15 EDT 2015 at WN: hibat0014.cmsaf.mit.edu 
Job is running on Linux hibat0014.cmsaf.mit.edu 2.6.32-358.el6.x86_64 #1 SMP Fri Feb 22 20:37:17 CST 2013 x86_64 x86_64 x86_64 GNU/Linux
Filesystem            Size  Used Avail Use% Mounted on
/dev/sda3              20G  5.3G   14G  29% /
tmpfs                  24G     0   24G   0% /dev/shm
/dev/sda1              97M   32M   61M  35% /boot
/dev/sda4             1.8T   99G  1.7T   6% /export/data1
/dev/sdb1             1.8T  1.7T  135G  93% /export/00b
/dev/sdc1             1.8T  1.7T  111G  94% /export/00c
/dev/sdd1             1.8T  1.7T  141G  93% /export/00d
/dev/sde1             1.8T  1.5T  304G  84% /export/00e
/dev/sdf1             1.8T  1.5T  302G  84% /export/00f
fuse_dfs              4.9P  4.4P  522T  90% /mnt/hadoop
t2srv0004:/export/db  135G  187M  135G   1% /net/t2srv0004/db
cvmfs2                 98G   98G   92M 100% /cvmfs/cms.cern.ch
cvmfs2                 98G   98G   92M 100% /cvmfs/mu2e.opensciencegrid.org
gcc (GCC) 4.4.7 20120313 (Red Hat 4.4.7-3)
Copyright (C) 2010 Free Software Foundation, Inc.
This is free software; see the source for copying conditions.  There is NO
warranty; not even for MERCHANTABILITY or FITNESS FOR A PARTICULAR PURPOSE.

Processing...
0/1239008
10000/1239008
20000/1239008
30000/1239008
40000/1239008
50000/1239008
60000/1239008
70000/1239008
80000/1239008
90000/1239008
100000/1239008
110000/1239008
120000/1239008
130000/1239008
140000/1239008
150000/1239008
160000/1239008
170000/1239008
180000/1239008
190000/1239008
200000/1239008
210000/1239008
220000/1239008
230000/1239008
240000/1239008
250000/1239008
260000/1239008
270000/1239008
280000/1239008
290000/1239008
300000/1239008
310000/1239008
320000/1239008
330000/1239008
340000/1239008
350000/1239008
360000/1239008
370000/1239008
380000/1239008
390000/1239008
400000/1239008
410000/1239008
420000/1239008
430000/1239008
440000/1239008
450000/1239008
460000/1239008
470000/1239008
480000/1239008
490000/1239008
500000/1239008
510000/1239008
520000/1239008
530000/1239008
540000/1239008
550000/1239008
560000/1239008
570000/1239008
580000/1239008
590000/1239008
600000/1239008
610000/1239008
620000/1239008
630000/1239008
640000/1239008
650000/1239008
660000/1239008
670000/1239008
680000/1239008
690000/1239008
700000/1239008
710000/1239008
720000/1239008
730000/1239008
740000/1239008
750000/1239008
760000/1239008
770000/1239008
780000/1239008
790000/1239008
800000/1239008
810000/1239008
820000/1239008
830000/1239008
840000/1239008
850000/1239008
860000/1239008
870000/1239008
880000/1239008
890000/1239008
900000/1239008
910000/1239008
920000/1239008
930000/1239008
940000/1239008
950000/1239008
960000/1239008
970000/1239008
980000/1239008
990000/1239008
1000000/1239008
1010000/1239008
1020000/1239008
1030000/1239008
1040000/1239008
1050000/1239008
1060000/1239008
1070000/1239008
1080000/1239008
1090000/1239008
1100000/1239008
1110000/1239008
1120000/1239008
1130000/1239008
1140000/1239008
1150000/1239008
1160000/1239008
1170000/1239008
1180000/1239008
1190000/1239008
1200000/1239008
1210000/1239008
1220000/1239008
1230000/1239008
Macro finished: 
CPU time (min)  = 18.7663
Real time (min) = 21.3416
Done!
Copied output files to hadoop rootfiles/JetRAA/June22
