000 (426892.000.000) 06/22 21:37:30 Job submitted from host: <18.12.1.74:48322>
...
001 (426892.000.000) 06/22 21:37:50 Job executing on host: <18.12.9.71:48103>
...
006 (426892.000.000) 06/22 21:37:59 Image size of job updated: 1
	3  -  MemoryUsage of job (MB)
	2356  -  ResidentSetSize of job (KB)
...
006 (426892.000.000) 06/22 21:43:00 Image size of job updated: 423384
	199  -  MemoryUsage of job (MB)
	203268  -  ResidentSetSize of job (KB)
...
006 (426892.000.000) 06/22 21:48:01 Image size of job updated: 426292
	202  -  MemoryUsage of job (MB)
	206300  -  ResidentSetSize of job (KB)
...
005 (426892.000.000) 06/22 21:52:52 Job terminated.
	(1) Normal termination (return value 0)
		Usr 0 00:13:07, Sys 0 00:00:09  -  Run Remote Usage
		Usr 0 00:00:00, Sys 0 00:00:00  -  Run Local Usage
		Usr 0 00:13:07, Sys 0 00:00:09  -  Total Remote Usage
		Usr 0 00:00:00, Sys 0 00:00:00  -  Total Local Usage
	127978  -  Run Bytes Sent By Job
	28496  -  Run Bytes Received By Job
	127978  -  Total Bytes Sent By Job
	28496  -  Total Bytes Received By Job
	Partitionable Resources :    Usage  Request          
	   Cpus                 :                 1          
	   Disk (KB)            :      178      178          
	   Memory (MB)          :      202      202          
...
