000 (426929.000.000) 06/22 21:37:34 Job submitted from host: <18.12.1.74:48322>
...
001 (426929.000.000) 06/22 21:37:54 Job executing on host: <18.12.9.20:48030>
...
006 (426929.000.000) 06/22 21:38:03 Image size of job updated: 69176
	16  -  MemoryUsage of job (MB)
	15928  -  ResidentSetSize of job (KB)
...
006 (426929.000.000) 06/22 21:43:03 Image size of job updated: 409872
	199  -  MemoryUsage of job (MB)
	202784  -  ResidentSetSize of job (KB)
...
006 (426929.000.000) 06/22 21:48:03 Image size of job updated: 409872
	199  -  MemoryUsage of job (MB)
	202792  -  ResidentSetSize of job (KB)
...
006 (426929.000.000) 06/22 21:53:04 Image size of job updated: 410448
	199  -  MemoryUsage of job (MB)
	203364  -  ResidentSetSize of job (KB)
...
006 (426929.000.000) 06/22 21:57:25 Image size of job updated: 416340
	199  -  MemoryUsage of job (MB)
	203364  -  ResidentSetSize of job (KB)
...
005 (426929.000.000) 06/22 21:57:25 Job terminated.
	(1) Normal termination (return value 0)
		Usr 0 00:16:21, Sys 0 00:00:10  -  Run Remote Usage
		Usr 0 00:00:00, Sys 0 00:00:00  -  Run Local Usage
		Usr 0 00:16:21, Sys 0 00:00:10  -  Total Remote Usage
		Usr 0 00:00:00, Sys 0 00:00:00  -  Total Local Usage
	127830  -  Run Bytes Sent By Job
	28496  -  Run Bytes Received By Job
	127830  -  Total Bytes Sent By Job
	28496  -  Total Bytes Received By Job
	Partitionable Resources :    Usage  Request          
	   Cpus                 :                 1          
	   Disk (KB)            :      178      178          
	   Memory (MB)          :      199      199          
...
