000 (426927.000.000) 06/22 21:37:34 Job submitted from host: <18.12.1.74:48322>
...
001 (426927.000.000) 06/22 21:37:53 Job executing on host: <18.12.9.48:49271>
...
006 (426927.000.000) 06/22 21:38:01 Image size of job updated: 137232
	19  -  MemoryUsage of job (MB)
	18448  -  ResidentSetSize of job (KB)
...
006 (426927.000.000) 06/22 21:43:01 Image size of job updated: 410996
	186  -  MemoryUsage of job (MB)
	189704  -  ResidentSetSize of job (KB)
...
006 (426927.000.000) 06/22 21:53:02 Image size of job updated: 416492
	219  -  MemoryUsage of job (MB)
	223712  -  ResidentSetSize of job (KB)
...
006 (426927.000.000) 06/22 21:58:02 Image size of job updated: 417108
	220  -  MemoryUsage of job (MB)
	224328  -  ResidentSetSize of job (KB)
...
006 (426927.000.000) 06/22 21:59:42 Image size of job updated: 417312
	220  -  MemoryUsage of job (MB)
	224328  -  ResidentSetSize of job (KB)
...
005 (426927.000.000) 06/22 21:59:42 Job terminated.
	(1) Normal termination (return value 0)
		Usr 0 00:14:13, Sys 0 00:00:11  -  Run Remote Usage
		Usr 0 00:00:00, Sys 0 00:00:00  -  Run Local Usage
		Usr 0 00:14:13, Sys 0 00:00:11  -  Total Remote Usage
		Usr 0 00:00:00, Sys 0 00:00:00  -  Total Local Usage
	128262  -  Run Bytes Sent By Job
	28496  -  Run Bytes Received By Job
	128262  -  Total Bytes Sent By Job
	28496  -  Total Bytes Received By Job
	Partitionable Resources :    Usage  Request          
	   Cpus                 :                 1          
	   Disk (KB)            :      179      179          
	   Memory (MB)          :      220      220          
...
