000 (426897.000.000) 06/22 21:37:31 Job submitted from host: <18.12.1.74:48322>
...
001 (426897.000.000) 06/22 21:37:51 Job executing on host: <18.12.9.49:44526>
...
006 (426897.000.000) 06/22 21:37:59 Image size of job updated: 185816
	67  -  MemoryUsage of job (MB)
	67920  -  ResidentSetSize of job (KB)
...
006 (426897.000.000) 06/22 21:42:59 Image size of job updated: 421360
	195  -  MemoryUsage of job (MB)
	199020  -  ResidentSetSize of job (KB)
...
006 (426897.000.000) 06/22 21:53:01 Image size of job updated: 421360
	213  -  MemoryUsage of job (MB)
	218044  -  ResidentSetSize of job (KB)
...
005 (426897.000.000) 06/22 21:54:53 Job terminated.
	(1) Normal termination (return value 0)
		Usr 0 00:14:21, Sys 0 00:00:12  -  Run Remote Usage
		Usr 0 00:00:00, Sys 0 00:00:00  -  Run Local Usage
		Usr 0 00:14:21, Sys 0 00:00:12  -  Total Remote Usage
		Usr 0 00:00:00, Sys 0 00:00:00  -  Total Local Usage
	128229  -  Run Bytes Sent By Job
	28496  -  Run Bytes Received By Job
	128229  -  Total Bytes Sent By Job
	28496  -  Total Bytes Received By Job
	Partitionable Resources :    Usage  Request          
	   Cpus                 :                 1          
	   Disk (KB)            :      178      178          
	   Memory (MB)          :      213      213          
...
