
----------------------------------------------------
Job started on Mon Jun 22 21:38:16 EDT 2015 at WN: t2bat0075.cmsaf.mit.edu 
Job is running on Linux t2bat0075.cmsaf.mit.edu 2.6.32-358.el6.x86_64 #1 SMP Fri Feb 22 20:37:17 CST 2013 x86_64 x86_64 x86_64 GNU/Linux
Filesystem            Size  Used Avail Use% Mounted on
/dev/sda3              20G  3.0G   16G  16% /
tmpfs                 7.8G     0  7.8G   0% /dev/shm
/dev/sda1              97M   33M   60M  36% /boot
/dev/sda4             415G   68G  348G  17% /export/data1
/dev/sdb1             1.8T  1.6T  202G  90% /export/00b
/dev/sdc1             1.8T  1.6T  202G  89% /export/00c
/dev/sdd1             1.8T  1.6T  204G  89% /export/00d
/dev/sde1             1.8T  1.6T  197G  90% /export/00e
/dev/sdf1             1.8T  1.6T  197G  90% /export/00f
fuse_dfs              4.9P  4.4P  522T  90% /mnt/hadoop
cvmfs2                 98G   66G   33G  67% /cvmfs/cms.cern.ch
t2srv0004:/export/db  135G  187M  135G   1% /net/t2srv0004/db
cvmfs2                 98G   66G   33G  67% /cvmfs/mu2e.opensciencegrid.org
gcc (GCC) 4.4.7 20120313 (Red Hat 4.4.7-3)
Copyright (C) 2010 Free Software Foundation, Inc.
This is free software; see the source for copying conditions.  There is NO
warranty; not even for MERCHANTABILITY or FITNESS FOR A PARTICULAR PURPOSE.

Processing...
0/1232472
10000/1232472
20000/1232472
30000/1232472
40000/1232472
50000/1232472
60000/1232472
70000/1232472
80000/1232472
90000/1232472
100000/1232472
110000/1232472
120000/1232472
130000/1232472
140000/1232472
150000/1232472
160000/1232472
170000/1232472
180000/1232472
190000/1232472
200000/1232472
210000/1232472
220000/1232472
230000/1232472
240000/1232472
250000/1232472
260000/1232472
270000/1232472
280000/1232472
290000/1232472
300000/1232472
310000/1232472
320000/1232472
330000/1232472
340000/1232472
350000/1232472
360000/1232472
370000/1232472
380000/1232472
390000/1232472
400000/1232472
410000/1232472
420000/1232472
430000/1232472
440000/1232472
450000/1232472
460000/1232472
470000/1232472
480000/1232472
490000/1232472
500000/1232472
510000/1232472
520000/1232472
530000/1232472
540000/1232472
550000/1232472
560000/1232472
570000/1232472
580000/1232472
590000/1232472
600000/1232472
610000/1232472
620000/1232472
630000/1232472
640000/1232472
650000/1232472
660000/1232472
670000/1232472
680000/1232472
690000/1232472
700000/1232472
710000/1232472
720000/1232472
730000/1232472
740000/1232472
750000/1232472
760000/1232472
770000/1232472
780000/1232472
790000/1232472
800000/1232472
810000/1232472
820000/1232472
830000/1232472
840000/1232472
850000/1232472
860000/1232472
870000/1232472
880000/1232472
890000/1232472
900000/1232472
910000/1232472
920000/1232472
930000/1232472
940000/1232472
950000/1232472
960000/1232472
970000/1232472
980000/1232472
990000/1232472
1000000/1232472
1010000/1232472
1020000/1232472
1030000/1232472
1040000/1232472
1050000/1232472
1060000/1232472
1070000/1232472
1080000/1232472
1090000/1232472
1100000/1232472
1110000/1232472
1120000/1232472
1130000/1232472
1140000/1232472
1150000/1232472
1160000/1232472
1170000/1232472
1180000/1232472
1190000/1232472
1200000/1232472
1210000/1232472
1220000/1232472
1230000/1232472
Macro finished: 
CPU time (min)  = 22.125
Real time (min) = 24.4989
Done!
Copied output files to hadoop rootfiles/JetRAA/June22
