
----------------------------------------------------
Job started on Mon Jun 22 21:37:51 EDT 2015 at WN: t2bat0340.cmsaf.mit.edu 
Job is running on Linux t2bat0340.cmsaf.mit.edu 2.6.32-358.el6.x86_64 #1 SMP Fri Feb 22 20:37:17 CST 2013 x86_64 x86_64 x86_64 GNU/Linux
Filesystem            Size  Used Avail Use% Mounted on
/dev/sda3              20G  2.6G   17G  14% /
tmpfs                  32G     0   32G   0% /dev/shm
/dev/sda1              97M   32M   61M  35% /boot
/dev/sda4             416G   26G  390G   7% /export/data1
/dev/sdb1             3.6T  3.1T  513G  87% /export/00b
/dev/sdc1             3.6T  3.1T  529G  86% /export/00c
/dev/sdd1             3.6T  3.1T  549G  86% /export/00d
/dev/sde1             3.6T  3.1T  524G  86% /export/00e
/dev/sdh1             3.6T  3.1T  548G  86% /export/00f
/dev/sdf1             3.6T  3.1T  532G  86% /export/00g
/dev/sdg1             3.6T  3.1T  528G  86% /export/00h
/dev/sdj1             3.6T  3.1T  521G  86% /export/00i
/dev/sdi1             3.6T  3.1T  539G  86% /export/00j
/dev/sdk1             3.6T  3.1T  535G  86% /export/00k
/dev/sdl1             3.6T  3.1T  546G  86% /export/00l
fuse_dfs              4.9P  4.4P  522T  90% /mnt/hadoop
t2srv0004:/export/db  135G  187M  135G   1% /net/t2srv0004/db
cvmfs2                 98G   21G   77G  22% /cvmfs/cms.cern.ch
cvmfs2                 98G   21G   77G  22% /cvmfs/mu2e.opensciencegrid.org
cvmfs2                 98G   21G   77G  22% /cvmfs/oasis.opensciencegrid.org
cvmfs2                 98G   21G   77G  22% /cvmfs/cdfcfs.fnal.gov
cvmfs2                 98G   21G   77G  22% /cvmfs/cvmfs.cmsaf.mit.edu
gcc (GCC) 4.4.7 20120313 (Red Hat 4.4.7-3)
Copyright (C) 2010 Free Software Foundation, Inc.
This is free software; see the source for copying conditions.  There is NO
warranty; not even for MERCHANTABILITY or FITNESS FOR A PARTICULAR PURPOSE.

Processing...
0/1235651
10000/1235651
20000/1235651
30000/1235651
40000/1235651
50000/1235651
60000/1235651
70000/1235651
80000/1235651
90000/1235651
100000/1235651
110000/1235651
120000/1235651
130000/1235651
140000/1235651
150000/1235651
160000/1235651
170000/1235651
180000/1235651
190000/1235651
200000/1235651
210000/1235651
220000/1235651
230000/1235651
240000/1235651
250000/1235651
260000/1235651
270000/1235651
280000/1235651
290000/1235651
300000/1235651
310000/1235651
320000/1235651
330000/1235651
340000/1235651
350000/1235651
360000/1235651
370000/1235651
380000/1235651
390000/1235651
400000/1235651
410000/1235651
420000/1235651
430000/1235651
440000/1235651
450000/1235651
460000/1235651
470000/1235651
480000/1235651
490000/1235651
500000/1235651
510000/1235651
520000/1235651
530000/1235651
540000/1235651
550000/1235651
560000/1235651
570000/1235651
580000/1235651
590000/1235651
600000/1235651
610000/1235651
620000/1235651
630000/1235651
640000/1235651
650000/1235651
660000/1235651
670000/1235651
680000/1235651
690000/1235651
700000/1235651
710000/1235651
720000/1235651
730000/1235651
740000/1235651
750000/1235651
760000/1235651
770000/1235651
780000/1235651
790000/1235651
800000/1235651
810000/1235651
820000/1235651
830000/1235651
840000/1235651
850000/1235651
860000/1235651
870000/1235651
880000/1235651
890000/1235651
900000/1235651
910000/1235651
920000/1235651
930000/1235651
940000/1235651
950000/1235651
960000/1235651
970000/1235651
980000/1235651
990000/1235651
1000000/1235651
1010000/1235651
1020000/1235651
1030000/1235651
1040000/1235651
1050000/1235651
1060000/1235651
1070000/1235651
1080000/1235651
1090000/1235651
1100000/1235651
1110000/1235651
1120000/1235651
1130000/1235651
1140000/1235651
1150000/1235651
1160000/1235651
1170000/1235651
1180000/1235651
1190000/1235651
1200000/1235651
1210000/1235651
1220000/1235651
1230000/1235651
Macro finished: 
CPU time (min)  = 15.0077
Real time (min) = 18.854
Done!
Copied output files to hadoop rootfiles/JetRAA/June22
