000 (426915.000.000) 06/22 21:37:32 Job submitted from host: <18.12.1.74:48322>
...
001 (426915.000.000) 06/22 21:37:53 Job executing on host: <18.12.9.24:46205>
...
006 (426915.000.000) 06/22 21:38:02 Image size of job updated: 158404
	46  -  MemoryUsage of job (MB)
	46660  -  ResidentSetSize of job (KB)
...
006 (426915.000.000) 06/22 21:43:03 Image size of job updated: 412556
	206  -  MemoryUsage of job (MB)
	210684  -  ResidentSetSize of job (KB)
...
006 (426915.000.000) 06/22 21:58:05 Image size of job updated: 414496
	223  -  MemoryUsage of job (MB)
	228244  -  ResidentSetSize of job (KB)
...
005 (426915.000.000) 06/22 21:59:43 Job terminated.
	(1) Normal termination (return value 0)
		Usr 0 00:17:06, Sys 0 00:00:12  -  Run Remote Usage
		Usr 0 00:00:00, Sys 0 00:00:00  -  Run Local Usage
		Usr 0 00:17:06, Sys 0 00:00:12  -  Total Remote Usage
		Usr 0 00:00:00, Sys 0 00:00:00  -  Total Local Usage
	127847  -  Run Bytes Sent By Job
	28496  -  Run Bytes Received By Job
	127847  -  Total Bytes Sent By Job
	28496  -  Total Bytes Received By Job
	Partitionable Resources :    Usage  Request          
	   Cpus                 :                 1          
	   Disk (KB)            :      178      178          
	   Memory (MB)          :      223      223          
...
