000 (426901.000.000) 06/22 21:37:31 Job submitted from host: <18.12.1.74:48322>
...
001 (426901.000.000) 06/22 21:37:50 Job executing on host: <18.12.8.190:43358>
...
006 (426901.000.000) 06/22 21:37:58 Image size of job updated: 1
	3  -  MemoryUsage of job (MB)
	2352  -  ResidentSetSize of job (KB)
...
006 (426901.000.000) 06/22 21:42:58 Image size of job updated: 414944
	203  -  MemoryUsage of job (MB)
	207684  -  ResidentSetSize of job (KB)
...
006 (426901.000.000) 06/22 21:47:59 Image size of job updated: 414944
	203  -  MemoryUsage of job (MB)
	207780  -  ResidentSetSize of job (KB)
...
006 (426901.000.000) 06/22 22:03:00 Image size of job updated: 419776
	232  -  MemoryUsage of job (MB)
	236704  -  ResidentSetSize of job (KB)
...
006 (426901.000.000) 06/22 22:06:21 Image size of job updated: 420744
	232  -  MemoryUsage of job (MB)
	236704  -  ResidentSetSize of job (KB)
...
005 (426901.000.000) 06/22 22:06:21 Job terminated.
	(1) Normal termination (return value 0)
		Usr 0 00:17:20, Sys 0 00:00:11  -  Run Remote Usage
		Usr 0 00:00:00, Sys 0 00:00:00  -  Run Local Usage
		Usr 0 00:17:20, Sys 0 00:00:11  -  Total Remote Usage
		Usr 0 00:00:00, Sys 0 00:00:00  -  Total Local Usage
	128046  -  Run Bytes Sent By Job
	28496  -  Run Bytes Received By Job
	128046  -  Total Bytes Sent By Job
	28496  -  Total Bytes Received By Job
	Partitionable Resources :    Usage  Request          
	   Cpus                 :                 1          
	   Disk (KB)            :      178      178          
	   Memory (MB)          :      232      232          
...
