
----------------------------------------------------
Job started on Fri Jul  3 12:39:09 EDT 2015 at WN: t2bat0293.cmsaf.mit.edu 
Job is running on Linux t2bat0293.cmsaf.mit.edu 2.6.32-358.el6.x86_64 #1 SMP Fri Feb 22 20:37:17 CST 2013 x86_64 x86_64 x86_64 GNU/Linux
Filesystem            Size  Used Avail Use% Mounted on
/dev/sda3              20G   14G  4.8G  75% /
tmpfs                  32G     0   32G   0% /dev/shm
/dev/sda1              97M   32M   61M  35% /boot
/dev/sda4             416G   73G  343G  18% /export/data1
fuse_dfs              4.9P  4.4P  508T  90% /mnt/hadoop
/dev/sdb1             2.7T  2.5T  288G  90% /export/00b
/dev/sdc1             2.7T  2.5T  268G  91% /export/00c
/dev/sdd1             2.7T  2.4T  300G  90% /export/00d
/dev/sde1             2.7T  2.4T  294G  90% /export/00e
/dev/sdf1             2.7T  2.4T  299G  90% /export/00f
/dev/sdg1             2.7T  2.4T  302G  90% /export/00g
/dev/sdh1             2.7T  2.4T  310G  89% /export/00h
/dev/sdi1             2.7T  2.4T  311G  89% /export/00i
/dev/sdj1             2.7T  2.5T  276G  90% /export/00j
/dev/sdk1             2.7T  2.4T  299G  90% /export/00k
/dev/sdl1             2.7T  2.5T  293G  90% /export/00l
cvmfs2                 98G   69G   30G  71% /cvmfs/cms.cern.ch
t2srv0004:/export/db  135G  187M  135G   1% /net/t2srv0004/db
cvmfs2                 98G   69G   30G  71% /cvmfs/oasis.opensciencegrid.org
cvmfs2                 98G   69G   30G  71% /cvmfs/cdfcfs.fnal.gov
cvmfs2                 98G   69G   30G  71% /cvmfs/cvmfs.cmsaf.mit.edu
gcc (GCC) 4.4.7 20120313 (Red Hat 4.4.7-3)
Copyright (C) 2010 Free Software Foundation, Inc.
This is free software; see the source for copying conditions.  There is NO
warranty; not even for MERCHANTABILITY or FITNESS FOR A PARTICULAR PURPOSE.

Processing...
0/1208784
10000/1208784
20000/1208784
30000/1208784
40000/1208784
50000/1208784
60000/1208784
70000/1208784
80000/1208784
90000/1208784
100000/1208784
110000/1208784
120000/1208784
130000/1208784
140000/1208784
150000/1208784
160000/1208784
170000/1208784
180000/1208784
190000/1208784
200000/1208784
210000/1208784
220000/1208784
230000/1208784
240000/1208784
250000/1208784
260000/1208784
270000/1208784
280000/1208784
290000/1208784
300000/1208784
310000/1208784
320000/1208784
330000/1208784
340000/1208784
350000/1208784
360000/1208784
370000/1208784
380000/1208784
390000/1208784
400000/1208784
410000/1208784
420000/1208784
430000/1208784
440000/1208784
450000/1208784
460000/1208784
470000/1208784
480000/1208784
490000/1208784
500000/1208784
510000/1208784
520000/1208784
530000/1208784
540000/1208784
550000/1208784
560000/1208784
570000/1208784
580000/1208784
590000/1208784
600000/1208784
610000/1208784
620000/1208784
630000/1208784
640000/1208784
650000/1208784
660000/1208784
670000/1208784
680000/1208784
690000/1208784
700000/1208784
710000/1208784
720000/1208784
730000/1208784
740000/1208784
750000/1208784
760000/1208784
770000/1208784
780000/1208784
790000/1208784
800000/1208784
810000/1208784
820000/1208784
830000/1208784
840000/1208784
850000/1208784
860000/1208784
870000/1208784
880000/1208784
890000/1208784
900000/1208784
910000/1208784
920000/1208784
930000/1208784
940000/1208784
950000/1208784
960000/1208784
970000/1208784
980000/1208784
990000/1208784
1000000/1208784
1010000/1208784
1020000/1208784
1030000/1208784
1040000/1208784
1050000/1208784
1060000/1208784
1070000/1208784
1080000/1208784
1090000/1208784
1100000/1208784
1110000/1208784
1120000/1208784
1130000/1208784
1140000/1208784
1150000/1208784
1160000/1208784
1170000/1208784
1180000/1208784
1190000/1208784
1200000/1208784
Macro finished: 
CPU time (min)  = 23.7573
Real time (min) = 105.084
Done!
Copied output files to hadoop rootfiles/JetRAA/June22
