
----------------------------------------------------
Job started on Fri Jul 10 16:56:17 EDT 2015 at WN: t2bat0186.cmsaf.mit.edu 
Job is running on Linux t2bat0186.cmsaf.mit.edu 2.6.32-358.el6.x86_64 #1 SMP Fri Feb 22 20:37:17 CST 2013 x86_64 x86_64 x86_64 GNU/Linux
Filesystem            Size  Used Avail Use% Mounted on
/dev/sda3              20G  3.0G   16G  16% /
tmpfs                  12G     0   12G   0% /dev/shm
/dev/sda1              97M   32M   61M  35% /boot
/dev/sda4             874G   97G  778G  12% /export/data1
/dev/sdb1             1.8T  1.8T  9.1G 100% /export/00b
/dev/sdc1             1.8T  1.8T  9.2G 100% /export/00c
/dev/sdd1             1.8T  1.8T  9.2G 100% /export/00d
/dev/sde1             1.8T  1.1T  789G  57% /export/00e
/dev/sdf1             1.8T  1.8T  9.2G 100% /export/00f
fuse_dfs              4.9P  4.5P  447T  92% /mnt/hadoop
cvmfs2                 98G   94G  3.7G  97% /cvmfs/cms.cern.ch
t2srv0004:/export/db  135G  187M  135G   1% /net/t2srv0004/db
cvmfs2                 98G   94G  3.7G  97% /cvmfs/cvmfs.cmsaf.mit.edu
gcc (GCC) 4.4.7 20120313 (Red Hat 4.4.7-3)
Copyright (C) 2010 Free Software Foundation, Inc.
This is free software; see the source for copying conditions.  There is NO
warranty; not even for MERCHANTABILITY or FITNESS FOR A PARTICULAR PURPOSE.

Processing...
0/151507
10000/151507
Done!
Copied output files to hadoop rootfiles/JetRAA/June22
