000 (426399.000.000) 06/22 20:50:02 Job submitted from host: <18.12.1.74:48322>
...
001 (426399.000.000) 06/22 20:50:46 Job executing on host: <18.12.8.231:48030>
...
006 (426399.000.000) 06/22 20:50:54 Image size of job updated: 1
	3  -  MemoryUsage of job (MB)
	2356  -  ResidentSetSize of job (KB)
...
006 (426399.000.000) 06/22 20:51:02 Image size of job updated: 147020
	32  -  MemoryUsage of job (MB)
	32108  -  ResidentSetSize of job (KB)
...
004 (426399.000.000) 06/22 20:51:02 Job was evicted.
	(0) Job was not checkpointed.
		Usr 0 00:00:00, Sys 0 00:00:00  -  Run Remote Usage
		Usr 0 00:00:00, Sys 0 00:00:00  -  Run Local Usage
	0  -  Run Bytes Sent By Job
	41910  -  Run Bytes Received By Job
	Partitionable Resources :    Usage  Request          
	   Cpus                 :                 1          
	   Disk (KB)            :      550      550          
	   Memory (MB)          :       32       32          
...
009 (426399.000.000) 06/22 20:51:10 Job was aborted by the user.
	via condor_rm (by user rkunnawa)
...
