000 (426667.000.000) 06/22 20:54:18 Job submitted from host: <18.12.1.74:48322>
...
001 (426667.000.000) 06/22 20:54:46 Job executing on host: <18.12.8.151:42628>
...
006 (426667.000.000) 06/22 20:54:55 Image size of job updated: 184724
	52  -  MemoryUsage of job (MB)
	52368  -  ResidentSetSize of job (KB)
...
006 (426667.000.000) 06/22 20:59:56 Image size of job updated: 245620
	128  -  MemoryUsage of job (MB)
	130380  -  ResidentSetSize of job (KB)
...
005 (426667.000.000) 06/22 21:00:14 Job terminated.
	(1) Normal termination (return value 0)
		Usr 0 00:02:12, Sys 0 00:00:03  -  Run Remote Usage
		Usr 0 00:00:00, Sys 0 00:00:00  -  Run Local Usage
		Usr 0 00:02:12, Sys 0 00:00:03  -  Total Remote Usage
		Usr 0 00:00:00, Sys 0 00:00:00  -  Total Local Usage
	495061  -  Run Bytes Sent By Job
	41910  -  Run Bytes Received By Job
	495061  -  Total Bytes Sent By Job
	41910  -  Total Bytes Received By Job
	Partitionable Resources :    Usage  Request          
	   Cpus                 :                 1          
	   Disk (KB)            :      550      550          
	   Memory (MB)          :      128      128          
...
000 (428080.000.000) 06/23 16:48:26 Job submitted from host: <18.12.1.74:48322>
...
001 (428080.000.000) 06/23 16:48:38 Job executing on host: <18.12.8.252:48395>
...
006 (428080.000.000) 06/23 16:48:47 Image size of job updated: 13384
	2  -  MemoryUsage of job (MB)
	1976  -  ResidentSetSize of job (KB)
...
006 (428080.000.000) 06/23 16:52:03 Image size of job updated: 245312
	2  -  MemoryUsage of job (MB)
	1976  -  ResidentSetSize of job (KB)
...
005 (428080.000.000) 06/23 16:52:03 Job terminated.
	(1) Normal termination (return value 0)
		Usr 0 00:01:55, Sys 0 00:00:02  -  Run Remote Usage
		Usr 0 00:00:00, Sys 0 00:00:00  -  Run Local Usage
		Usr 0 00:01:55, Sys 0 00:00:02  -  Total Remote Usage
		Usr 0 00:00:00, Sys 0 00:00:00  -  Total Local Usage
	511608  -  Run Bytes Sent By Job
	47429  -  Run Bytes Received By Job
	511608  -  Total Bytes Sent By Job
	47429  -  Total Bytes Received By Job
	Partitionable Resources :    Usage  Request          
	   Cpus                 :                 1          
	   Disk (KB)            :      571      571          
	   Memory (MB)          :        2        2          
...
000 (429396.000.000) 06/24 21:33:22 Job submitted from host: <18.12.1.74:48322>
...
001 (429396.000.000) 06/24 21:33:49 Job executing on host: <18.12.9.70:40511>
...
006 (429396.000.000) 06/24 21:33:58 Image size of job updated: 184808
	43  -  MemoryUsage of job (MB)
	43500  -  ResidentSetSize of job (KB)
...
006 (429396.000.000) 06/24 21:35:36 Image size of job updated: 244624
	43  -  MemoryUsage of job (MB)
	43500  -  ResidentSetSize of job (KB)
...
005 (429396.000.000) 06/24 21:35:36 Job terminated.
	(1) Normal termination (return value 0)
		Usr 0 00:01:07, Sys 0 00:00:01  -  Run Remote Usage
		Usr 0 00:00:00, Sys 0 00:00:00  -  Run Local Usage
		Usr 0 00:01:07, Sys 0 00:00:01  -  Total Remote Usage
		Usr 0 00:00:00, Sys 0 00:00:00  -  Total Local Usage
	512798  -  Run Bytes Sent By Job
	47957  -  Run Bytes Received By Job
	512798  -  Total Bytes Sent By Job
	47957  -  Total Bytes Received By Job
	Partitionable Resources :    Usage  Request          
	   Cpus                 :                 1          
	   Disk (KB)            :      573      573          
	   Memory (MB)          :       43       43          
...
000 (429577.000.000) 06/24 21:48:02 Job submitted from host: <18.12.1.74:48322>
...
001 (429577.000.000) 06/24 21:48:10 Job executing on host: <18.12.8.3:46059>
...
006 (429577.000.000) 06/24 21:48:19 Image size of job updated: 1
	3  -  MemoryUsage of job (MB)
	2352  -  ResidentSetSize of job (KB)
...
006 (429577.000.000) 06/24 21:49:59 Image size of job updated: 244628
	3  -  MemoryUsage of job (MB)
	2352  -  ResidentSetSize of job (KB)
...
005 (429577.000.000) 06/24 21:49:59 Job terminated.
	(1) Normal termination (return value 0)
		Usr 0 00:01:19, Sys 0 00:00:01  -  Run Remote Usage
		Usr 0 00:00:00, Sys 0 00:00:00  -  Run Local Usage
		Usr 0 00:01:19, Sys 0 00:00:01  -  Total Remote Usage
		Usr 0 00:00:00, Sys 0 00:00:00  -  Total Local Usage
	512231  -  Run Bytes Sent By Job
	47957  -  Run Bytes Received By Job
	512231  -  Total Bytes Sent By Job
	47957  -  Total Bytes Received By Job
	Partitionable Resources :    Usage  Request          
	   Cpus                 :                 1          
	   Disk (KB)            :      573      573          
	   Memory (MB)          :        3        3          
...
000 (451312.000.000) 06/25 11:40:10 Job submitted from host: <18.12.1.74:48322>
...
001 (451312.000.000) 06/25 11:40:47 Job executing on host: <18.12.9.43:40876>
...
006 (451312.000.000) 06/25 11:40:56 Image size of job updated: 148344
	35  -  MemoryUsage of job (MB)
	34932  -  ResidentSetSize of job (KB)
...
006 (451312.000.000) 06/25 11:45:57 Image size of job updated: 189956
	67  -  MemoryUsage of job (MB)
	68020  -  ResidentSetSize of job (KB)
...
005 (451312.000.000) 06/25 11:47:39 Job terminated.
	(1) Normal termination (return value 0)
		Usr 0 00:01:55, Sys 0 00:00:03  -  Run Remote Usage
		Usr 0 00:00:00, Sys 0 00:00:00  -  Run Local Usage
		Usr 0 00:01:55, Sys 0 00:00:03  -  Total Remote Usage
		Usr 0 00:00:00, Sys 0 00:00:00  -  Total Local Usage
	10557702  -  Run Bytes Sent By Job
	46060  -  Run Bytes Received By Job
	10557702  -  Total Bytes Sent By Job
	46060  -  Total Bytes Received By Job
	Partitionable Resources :    Usage  Request          
	   Cpus                 :                 1          
	   Disk (KB)            :    10381    10381          
	   Memory (MB)          :       67       67          
...
000 (452114.000.000) 06/26 10:10:30 Job submitted from host: <18.12.1.74:48322>
...
001 (452114.000.000) 06/26 10:10:52 Job executing on host: <18.12.8.140:45986>
...
006 (452114.000.000) 06/26 10:11:01 Image size of job updated: 68256
	13  -  MemoryUsage of job (MB)
	12392  -  ResidentSetSize of job (KB)
...
006 (452114.000.000) 06/26 10:13:44 Image size of job updated: 189472
	13  -  MemoryUsage of job (MB)
	12392  -  ResidentSetSize of job (KB)
...
005 (452114.000.000) 06/26 10:13:44 Job terminated.
	(1) Normal termination (return value 0)
		Usr 0 00:01:03, Sys 0 00:00:01  -  Run Remote Usage
		Usr 0 00:00:00, Sys 0 00:00:00  -  Run Local Usage
		Usr 0 00:01:03, Sys 0 00:00:01  -  Total Remote Usage
		Usr 0 00:00:00, Sys 0 00:00:00  -  Total Local Usage
	6465518  -  Run Bytes Sent By Job
	46038  -  Run Bytes Received By Job
	6465518  -  Total Bytes Sent By Job
	46038  -  Total Bytes Received By Job
	Partitionable Resources :    Usage  Request          
	   Cpus                 :                 1          
	   Disk (KB)            :     6384     6384          
	   Memory (MB)          :       13       13          
...
000 (472778.000.000) 06/26 16:38:24 Job submitted from host: <18.12.1.74:48322>
...
001 (472778.000.000) 06/26 16:38:47 Job executing on host: <18.12.9.49:44526>
...
006 (472778.000.000) 06/26 16:38:56 Image size of job updated: 1
	3  -  MemoryUsage of job (MB)
	2360  -  ResidentSetSize of job (KB)
...
006 (472778.000.000) 06/26 16:41:36 Image size of job updated: 189480
	3  -  MemoryUsage of job (MB)
	2360  -  ResidentSetSize of job (KB)
...
005 (472778.000.000) 06/26 16:41:36 Job terminated.
	(1) Normal termination (return value 0)
		Usr 0 00:01:51, Sys 0 00:00:03  -  Run Remote Usage
		Usr 0 00:00:00, Sys 0 00:00:00  -  Run Local Usage
		Usr 0 00:01:51, Sys 0 00:00:03  -  Total Remote Usage
		Usr 0 00:00:00, Sys 0 00:00:00  -  Total Local Usage
	10557871  -  Run Bytes Sent By Job
	46344  -  Run Bytes Received By Job
	10557871  -  Total Bytes Sent By Job
	46344  -  Total Bytes Received By Job
	Partitionable Resources :    Usage  Request          
	   Cpus                 :                 1          
	   Disk (KB)            :    10381    10381          
	   Memory (MB)          :        3        3          
...
000 (491685.000.000) 06/29 09:41:45 Job submitted from host: <18.12.1.74:48322>
...
001 (491685.000.000) 06/29 09:41:59 Job executing on host: <18.12.8.109:44599>
...
006 (491685.000.000) 06/29 09:42:08 Image size of job updated: 1
	3  -  MemoryUsage of job (MB)
	2352  -  ResidentSetSize of job (KB)
...
006 (491685.000.000) 06/29 09:43:43 Image size of job updated: 244896
	3  -  MemoryUsage of job (MB)
	2352  -  ResidentSetSize of job (KB)
...
005 (491685.000.000) 06/29 09:43:43 Job terminated.
	(1) Normal termination (return value 0)
		Usr 0 00:01:05, Sys 0 00:00:03  -  Run Remote Usage
		Usr 0 00:00:00, Sys 0 00:00:00  -  Run Local Usage
		Usr 0 00:01:05, Sys 0 00:00:03  -  Total Remote Usage
		Usr 0 00:00:00, Sys 0 00:00:00  -  Total Local Usage
	508876  -  Run Bytes Sent By Job
	46550  -  Run Bytes Received By Job
	508876  -  Total Bytes Sent By Job
	46550  -  Total Bytes Received By Job
	Partitionable Resources :    Usage  Request          
	   Cpus                 :                 1          
	   Disk (KB)            :      568      568          
	   Memory (MB)          :        3        3          
...
000 (492799.000.000) 06/29 10:15:10 Job submitted from host: <18.12.1.74:48322>
...
001 (492799.000.000) 06/29 10:15:24 Job executing on host: <18.12.8.32:41168>
...
006 (492799.000.000) 06/29 10:15:32 Image size of job updated: 242836
	60  -  MemoryUsage of job (MB)
	61376  -  ResidentSetSize of job (KB)
...
006 (492799.000.000) 06/29 10:17:57 Image size of job updated: 244812
	60  -  MemoryUsage of job (MB)
	61376  -  ResidentSetSize of job (KB)
...
005 (492799.000.000) 06/29 10:17:58 Job terminated.
	(1) Normal termination (return value 0)
		Usr 0 00:01:43, Sys 0 00:00:05  -  Run Remote Usage
		Usr 0 00:00:00, Sys 0 00:00:00  -  Run Local Usage
		Usr 0 00:01:43, Sys 0 00:00:05  -  Total Remote Usage
		Usr 0 00:00:00, Sys 0 00:00:00  -  Total Local Usage
	508961  -  Run Bytes Sent By Job
	46566  -  Run Bytes Received By Job
	508961  -  Total Bytes Sent By Job
	46566  -  Total Bytes Received By Job
	Partitionable Resources :    Usage  Request          
	   Cpus                 :                 1          
	   Disk (KB)            :      568      568          
	   Memory (MB)          :       60       60          
...
000 (495156.000.000) 06/29 21:57:26 Job submitted from host: <18.12.1.74:48322>
...
001 (495156.000.000) 06/29 21:57:35 Job executing on host: <18.12.8.45:40949>
...
006 (495156.000.000) 06/29 21:57:44 Image size of job updated: 1
	3  -  MemoryUsage of job (MB)
	2352  -  ResidentSetSize of job (KB)
...
006 (495156.000.000) 06/29 22:00:11 Image size of job updated: 246108
	3  -  MemoryUsage of job (MB)
	2352  -  ResidentSetSize of job (KB)
...
005 (495156.000.000) 06/29 22:00:11 Job terminated.
	(1) Normal termination (return value 0)
		Usr 0 00:01:45, Sys 0 00:00:04  -  Run Remote Usage
		Usr 0 00:00:00, Sys 0 00:00:00  -  Run Local Usage
		Usr 0 00:01:45, Sys 0 00:00:04  -  Total Remote Usage
		Usr 0 00:00:00, Sys 0 00:00:00  -  Total Local Usage
	508966  -  Run Bytes Sent By Job
	46564  -  Run Bytes Received By Job
	508966  -  Total Bytes Sent By Job
	46564  -  Total Bytes Received By Job
	Partitionable Resources :    Usage  Request          
	   Cpus                 :                 1          
	   Disk (KB)            :      568      568          
	   Memory (MB)          :        3        3          
...
000 (497290.000.000) 07/09 13:07:11 Job submitted from host: <18.12.1.74:48322>
...
001 (497290.000.000) 07/09 13:07:23 Job executing on host: <18.12.9.69:44380>
...
006 (497290.000.000) 07/09 13:07:31 Image size of job updated: 185384
	52  -  MemoryUsage of job (MB)
	52888  -  ResidentSetSize of job (KB)
...
006 (497290.000.000) 07/09 13:09:23 Image size of job updated: 245376
	52  -  MemoryUsage of job (MB)
	52888  -  ResidentSetSize of job (KB)
...
005 (497290.000.000) 07/09 13:09:23 Job terminated.
	(1) Normal termination (return value 0)
		Usr 0 00:01:06, Sys 0 00:00:01  -  Run Remote Usage
		Usr 0 00:00:00, Sys 0 00:00:00  -  Run Local Usage
		Usr 0 00:01:06, Sys 0 00:00:01  -  Total Remote Usage
		Usr 0 00:00:00, Sys 0 00:00:00  -  Total Local Usage
	509308  -  Run Bytes Sent By Job
	46648  -  Run Bytes Received By Job
	509308  -  Total Bytes Sent By Job
	46648  -  Total Bytes Received By Job
	Partitionable Resources :    Usage  Request          
	   Cpus                 :                 1          
	   Disk (KB)            :      568      568          
	   Memory (MB)          :       52       52          
...
000 (497480.000.000) 07/09 15:41:11 Job submitted from host: <18.12.1.74:48322>
...
001 (497480.000.000) 07/09 15:41:51 Job executing on host: <18.12.9.19:49782>
...
006 (497480.000.000) 07/09 15:42:00 Image size of job updated: 93704
	3  -  MemoryUsage of job (MB)
	2432  -  ResidentSetSize of job (KB)
...
006 (497480.000.000) 07/09 15:44:21 Image size of job updated: 245380
	3  -  MemoryUsage of job (MB)
	2432  -  ResidentSetSize of job (KB)
...
005 (497480.000.000) 07/09 15:44:21 Job terminated.
	(1) Normal termination (return value 0)
		Usr 0 00:01:32, Sys 0 00:00:02  -  Run Remote Usage
		Usr 0 00:00:00, Sys 0 00:00:00  -  Run Local Usage
		Usr 0 00:01:32, Sys 0 00:00:02  -  Total Remote Usage
		Usr 0 00:00:00, Sys 0 00:00:00  -  Total Local Usage
	509155  -  Run Bytes Sent By Job
	46609  -  Run Bytes Received By Job
	509155  -  Total Bytes Sent By Job
	46609  -  Total Bytes Received By Job
	Partitionable Resources :    Usage  Request          
	   Cpus                 :                 1          
	   Disk (KB)            :      568      568          
	   Memory (MB)          :        3        3          
...
000 (497778.000.000) 07/09 16:39:13 Job submitted from host: <18.12.1.74:48322>
...
001 (497778.000.000) 07/09 16:39:33 Job executing on host: <18.12.6.15:43358>
...
006 (497778.000.000) 07/09 16:39:42 Image size of job updated: 243400
	89  -  MemoryUsage of job (MB)
	90824  -  ResidentSetSize of job (KB)
...
006 (497778.000.000) 07/09 16:42:07 Image size of job updated: 246340
	89  -  MemoryUsage of job (MB)
	90824  -  ResidentSetSize of job (KB)
...
005 (497778.000.000) 07/09 16:42:07 Job terminated.
	(1) Normal termination (return value 0)
		Usr 0 00:01:50, Sys 0 00:00:03  -  Run Remote Usage
		Usr 0 00:00:00, Sys 0 00:00:00  -  Run Local Usage
		Usr 0 00:01:50, Sys 0 00:00:03  -  Total Remote Usage
		Usr 0 00:00:00, Sys 0 00:00:00  -  Total Local Usage
	509505  -  Run Bytes Sent By Job
	46604  -  Run Bytes Received By Job
	509505  -  Total Bytes Sent By Job
	46604  -  Total Bytes Received By Job
	Partitionable Resources :    Usage  Request          
	   Cpus                 :                 1          
	   Disk (KB)            :      569      569          
	   Memory (MB)          :       89       89          
...
000 (498120.000.000) 07/10 12:07:24 Job submitted from host: <18.12.1.74:48322>
...
001 (498120.000.000) 07/10 12:07:40 Job executing on host: <18.12.9.41:45256>
...
006 (498120.000.000) 07/10 12:07:49 Image size of job updated: 243400
	46  -  MemoryUsage of job (MB)
	46504  -  ResidentSetSize of job (KB)
...
006 (498120.000.000) 07/10 12:11:07 Image size of job updated: 245464
	46  -  MemoryUsage of job (MB)
	46504  -  ResidentSetSize of job (KB)
...
005 (498120.000.000) 07/10 12:11:07 Job terminated.
	(1) Normal termination (return value 0)
		Usr 0 00:01:27, Sys 0 00:00:05  -  Run Remote Usage
		Usr 0 00:00:00, Sys 0 00:00:00  -  Run Local Usage
		Usr 0 00:01:27, Sys 0 00:00:05  -  Total Remote Usage
		Usr 0 00:00:00, Sys 0 00:00:00  -  Total Local Usage
	509483  -  Run Bytes Sent By Job
	46586  -  Run Bytes Received By Job
	509483  -  Total Bytes Sent By Job
	46586  -  Total Bytes Received By Job
	Partitionable Resources :    Usage  Request          
	   Cpus                 :                 1          
	   Disk (KB)            :      568      568          
	   Memory (MB)          :       46       46          
...
000 (498601.000.000) 07/10 16:45:22 Job submitted from host: <18.12.1.74:48322>
...
001 (498601.000.000) 07/10 16:45:49 Job executing on host: <18.12.8.236:48468>
...
006 (498601.000.000) 07/10 16:45:58 Image size of job updated: 262348
	62  -  MemoryUsage of job (MB)
	63396  -  ResidentSetSize of job (KB)
...
005 (498601.000.000) 07/10 17:26:57 Job terminated.
	(1) Normal termination (return value 0)
		Usr 0 00:00:04, Sys 0 00:00:00  -  Run Remote Usage
		Usr 0 00:00:00, Sys 0 00:00:00  -  Run Local Usage
		Usr 0 00:00:04, Sys 0 00:00:00  -  Total Remote Usage
		Usr 0 00:00:00, Sys 0 00:00:00  -  Total Local Usage
	519420  -  Run Bytes Sent By Job
	47454  -  Run Bytes Received By Job
	519420  -  Total Bytes Sent By Job
	47454  -  Total Bytes Received By Job
	Partitionable Resources :    Usage  Request          
	   Cpus                 :                 1          
	   Disk (KB)            :      579      579          
	   Memory (MB)          :       62       62          
...
