
----------------------------------------------------
Job started on Fri Jul 10 16:45:36 EDT 2015 at WN: t2bat0166.cmsaf.mit.edu 
Job is running on Linux t2bat0166.cmsaf.mit.edu 2.6.32-358.el6.x86_64 #1 SMP Fri Feb 22 20:37:17 CST 2013 x86_64 x86_64 x86_64 GNU/Linux
Filesystem            Size  Used Avail Use% Mounted on
/dev/sda3              20G  3.7G   16G  20% /
tmpfs                  12G     0   12G   0% /dev/shm
/dev/sda1              97M   32M   61M  35% /boot
/dev/sda4             1.8T   27G  1.8T   2% /export/data1
/dev/sdb1             1.8T  1.7T  168G  91% /export/00b
/dev/sdc1             1.8T  1.7T  160G  92% /export/00c
/dev/sdd1             1.8T  1.7T  164G  92% /export/00d
/dev/sde1             1.8T  1.7T  174G  91% /export/00e
/dev/sdf1             1.8T  1.7T  161G  92% /export/00f
fuse_dfs              4.9P  4.5P  447T  92% /mnt/hadoop
t2srv0004:/export/db  135G  187M  135G   1% /net/t2srv0004/db
cvmfs2                 98G   23G   75G  24% /cvmfs/cms.cern.ch
cvmfs2                 98G   23G   75G  24% /cvmfs/cvmfs.cmsaf.mit.edu
cvmfs2                 98G   23G   75G  24% /cvmfs/oasis.opensciencegrid.org
cvmfs2                 98G   23G   75G  24% /cvmfs/cdfcfs.fnal.gov
gcc (GCC) 4.4.7 20120313 (Red Hat 4.4.7-3)
Copyright (C) 2010 Free Software Foundation, Inc.
This is free software; see the source for copying conditions.  There is NO
warranty; not even for MERCHANTABILITY or FITNESS FOR A PARTICULAR PURPOSE.

Processing...
0/85815
10000/85815
20000/85815
30000/85815
Done!
Copied output files to hadoop rootfiles/JetRAA/June22
