
----------------------------------------------------
Job started on Tue Jun 23 16:48:38 EDT 2015 at WN: t2bat0275.cmsaf.mit.edu 
Job is running on Linux t2bat0275.cmsaf.mit.edu 2.6.32-358.el6.x86_64 #1 SMP Fri Feb 22 20:37:17 CST 2013 x86_64 x86_64 x86_64 GNU/Linux
Filesystem            Size  Used Avail Use% Mounted on
/dev/sda3              20G  3.0G   16G  16% /
tmpfs                  12G     0   12G   0% /dev/shm
/dev/sda1              97M   32M   61M  35% /boot
/dev/sda4             874G   94G  781G  11% /export/data1
/dev/sdb1             1.8T  1.7T  196G  90% /export/00b
/dev/sdc1             1.8T  1.6T  197G  90% /export/00c
/dev/sdd1             1.8T  1.7T  193G  90% /export/00d
/dev/sde1             1.8T  1.6T  200G  90% /export/00e
/dev/sdf1             1.8T  1.6T  206G  89% /export/00f
fuse_dfs              4.9P  4.4P  516T  90% /mnt/hadoop
t2srv0004:/export/db  135G  187M  135G   1% /net/t2srv0004/db
cvmfs2                 98G   92G  6.3G  94% /cvmfs/cms.cern.ch
cvmfs2                 98G   92G  6.3G  94% /cvmfs/oasis.opensciencegrid.org
cvmfs2                 98G   92G  6.3G  94% /cvmfs/mu2e.opensciencegrid.org
cvmfs2                 98G   92G  6.3G  94% /cvmfs/fermilab.opensciencegrid.org
cvmfs2                 98G   92G  6.3G  94% /cvmfs/grid.cern.ch
gcc (GCC) 4.4.7 20120313 (Red Hat 4.4.7-3)
Copyright (C) 2010 Free Software Foundation, Inc.
This is free software; see the source for copying conditions.  There is NO
warranty; not even for MERCHANTABILITY or FITNESS FOR A PARTICULAR PURPOSE.

Processing...
0/350643
10000/350643
20000/350643
30000/350643
40000/350643
50000/350643
60000/350643
70000/350643
80000/350643
90000/350643
100000/350643
110000/350643
120000/350643
130000/350643
140000/350643
150000/350643
160000/350643
170000/350643
180000/350643
190000/350643
200000/350643
210000/350643
220000/350643
230000/350643
240000/350643
250000/350643
260000/350643
270000/350643
280000/350643
290000/350643
300000/350643
310000/350643
320000/350643
330000/350643
340000/350643
350000/350643
Macro finished: 
CPU time (min)  = 3.049
Real time (min) = 4.51945
Done!
Copied output files to hadoop rootfiles/JetRAA/June22
