000 (426800.000.000) 06/22 20:55:22 Job submitted from host: <18.12.1.74:48322>
...
001 (426800.000.000) 06/22 20:55:31 Job executing on host: <18.12.8.173:40000>
...
006 (426800.000.000) 06/22 20:55:39 Image size of job updated: 9580
	2  -  MemoryUsage of job (MB)
	1424  -  ResidentSetSize of job (KB)
...
006 (426800.000.000) 06/22 21:00:39 Image size of job updated: 243944
	129  -  MemoryUsage of job (MB)
	131344  -  ResidentSetSize of job (KB)
...
005 (426800.000.000) 06/22 21:01:11 Job terminated.
	(1) Normal termination (return value 0)
		Usr 0 00:02:11, Sys 0 00:00:02  -  Run Remote Usage
		Usr 0 00:00:00, Sys 0 00:00:00  -  Run Local Usage
		Usr 0 00:02:11, Sys 0 00:00:02  -  Total Remote Usage
		Usr 0 00:00:00, Sys 0 00:00:00  -  Total Local Usage
	495088  -  Run Bytes Sent By Job
	41910  -  Run Bytes Received By Job
	495088  -  Total Bytes Sent By Job
	41910  -  Total Bytes Received By Job
	Partitionable Resources :    Usage  Request          
	   Cpus                 :                 1          
	   Disk (KB)            :      550      550          
	   Memory (MB)          :      129      129          
...
