
----------------------------------------------------
Job started on Mon Jun 29 21:59:48 EDT 2015 at WN: t2bat0075.cmsaf.mit.edu 
Job is running on Linux t2bat0075.cmsaf.mit.edu 2.6.32-358.el6.x86_64 #1 SMP Fri Feb 22 20:37:17 CST 2013 x86_64 x86_64 x86_64 GNU/Linux
Filesystem            Size  Used Avail Use% Mounted on
/dev/sda3              20G  3.2G   16G  17% /
tmpfs                 7.8G     0  7.8G   0% /dev/shm
/dev/sda1              97M   33M   60M  36% /boot
/dev/sda4             415G   62G  354G  15% /export/data1
/dev/sdb1             1.8T  1.6T  208G  89% /export/00b
/dev/sdc1             1.8T  1.6T  207G  89% /export/00c
/dev/sdd1             1.8T  1.6T  209G  89% /export/00d
/dev/sde1             1.8T  1.6T  201G  90% /export/00e
/dev/sdf1             1.8T  1.6T  203G  89% /export/00f
fuse_dfs              4.9P  4.4P  527T  90% /mnt/hadoop
cvmfs2                 98G   60G   38G  62% /cvmfs/cms.cern.ch
t2srv0004:/export/db  135G  187M  135G   1% /net/t2srv0004/db
cvmfs2                 98G   60G   38G  62% /cvmfs/cvmfs.cmsaf.mit.edu
cvmfs2                 98G   60G   38G  62% /cvmfs/oasis.opensciencegrid.org
gcc (GCC) 4.4.7 20120313 (Red Hat 4.4.7-3)
Copyright (C) 2010 Free Software Foundation, Inc.
This is free software; see the source for copying conditions.  There is NO
warranty; not even for MERCHANTABILITY or FITNESS FOR A PARTICULAR PURPOSE.

Processing...
0/119537
10000/119537
20000/119537
30000/119537
40000/119537
50000/119537
60000/119537
70000/119537
80000/119537
90000/119537
100000/119537
110000/119537
Macro finished: 
CPU time (min)  = 1.33133
Real time (min) = 1.76324
Done!
Copied output files to hadoop rootfiles/JetRAA/June22
