000 (426516.000.000) 06/22 20:50:13 Job submitted from host: <18.12.1.74:48322>
...
001 (426516.000.000) 06/22 20:50:53 Job executing on host: <18.12.6.19:40365>
...
006 (426516.000.000) 06/22 20:51:02 Image size of job updated: 187720
	0  -  MemoryUsage of job (MB)
	0  -  ResidentSetSize of job (KB)
...
004 (426516.000.000) 06/22 20:51:02 Job was evicted.
	(0) Job was not checkpointed.
		Usr 0 00:00:00, Sys 0 00:00:00  -  Run Remote Usage
		Usr 0 00:00:00, Sys 0 00:00:00  -  Run Local Usage
	0  -  Run Bytes Sent By Job
	41910  -  Run Bytes Received By Job
	Partitionable Resources :    Usage  Request          
	   Cpus                 :                 1          
	   Disk (KB)            :      550      550          
	   Memory (MB)          :        0        0          
...
009 (426516.000.000) 06/22 20:51:10 Job was aborted by the user.
	via condor_rm (by user rkunnawa)
...
000 (426613.000.000) 06/22 20:51:46 Job submitted from host: <18.12.1.74:48322>
...
001 (426613.000.000) 06/22 20:52:14 Job executing on host: <18.12.8.113:46716>
...
006 (426613.000.000) 06/22 20:52:23 Image size of job updated: 66156
	8  -  MemoryUsage of job (MB)
	7312  -  ResidentSetSize of job (KB)
...
006 (426613.000.000) 06/22 20:57:24 Image size of job updated: 247384
	132  -  MemoryUsage of job (MB)
	134840  -  ResidentSetSize of job (KB)
...
005 (426613.000.000) 06/22 20:59:50 Job terminated.
	(1) Normal termination (return value 0)
		Usr 0 00:02:32, Sys 0 00:00:04  -  Run Remote Usage
		Usr 0 00:00:00, Sys 0 00:00:00  -  Run Local Usage
		Usr 0 00:02:32, Sys 0 00:00:04  -  Total Remote Usage
		Usr 0 00:00:00, Sys 0 00:00:00  -  Total Local Usage
	495187  -  Run Bytes Sent By Job
	41910  -  Run Bytes Received By Job
	495187  -  Total Bytes Sent By Job
	41910  -  Total Bytes Received By Job
	Partitionable Resources :    Usage  Request          
	   Cpus                 :                 1          
	   Disk (KB)            :      550      550          
	   Memory (MB)          :      132      132          
...
