
----------------------------------------------------
Job started on Mon Jun 29 21:59:54 EDT 2015 at WN: t2bat0270.cmsaf.mit.edu 
Job is running on Linux t2bat0270.cmsaf.mit.edu 2.6.32-358.el6.x86_64 #1 SMP Fri Feb 22 20:37:17 CST 2013 x86_64 x86_64 x86_64 GNU/Linux
Filesystem            Size  Used Avail Use% Mounted on
/dev/sda3              20G  3.2G   16G  17% /
tmpfs                  12G     0   12G   0% /dev/shm
/dev/sda1              97M   32M   61M  35% /boot
/dev/sda4             874G   82G  793G  10% /export/data1
/dev/sdb1             1.8T  1.6T  211G  89% /export/00b
/dev/sdc1             1.8T  1.7T  193G  90% /export/00c
/dev/sdd1             1.8T  1.6T  206G  89% /export/00d
/dev/sde1             1.8T  1.6T  210G  89% /export/00e
/dev/sdf1             1.8T  1.6T  202G  90% /export/00f
fuse_dfs              4.9P  4.4P  527T  90% /mnt/hadoop
t2srv0004:/export/db  135G  187M  135G   1% /net/t2srv0004/db
cvmfs2                 98G   76G   23G  77% /cvmfs/cms.cern.ch
cvmfs2                 98G   76G   23G  77% /cvmfs/oasis.opensciencegrid.org
cvmfs2                 98G   76G   23G  77% /cvmfs/cdfcfs.fnal.gov
gcc (GCC) 4.4.7 20120313 (Red Hat 4.4.7-3)
Copyright (C) 2010 Free Software Foundation, Inc.
This is free software; see the source for copying conditions.  There is NO
warranty; not even for MERCHANTABILITY or FITNESS FOR A PARTICULAR PURPOSE.

Processing...
0/227714
10000/227714
20000/227714
30000/227714
40000/227714
50000/227714
60000/227714
70000/227714
80000/227714
90000/227714
100000/227714
110000/227714
120000/227714
130000/227714
140000/227714
150000/227714
160000/227714
170000/227714
180000/227714
190000/227714
200000/227714
210000/227714
220000/227714
Macro finished: 
CPU time (min)  = 2.393
Real time (min) = 3.16056
Done!
Copied output files to hadoop rootfiles/JetRAA/June22
