
----------------------------------------------------
Job started on Mon Jun 29 21:59:43 EDT 2015 at WN: t2bat0165.cmsaf.mit.edu 
Job is running on Linux t2bat0165.cmsaf.mit.edu 2.6.32-358.el6.x86_64 #1 SMP Fri Feb 22 20:37:17 CST 2013 x86_64 x86_64 x86_64 GNU/Linux
Filesystem            Size  Used Avail Use% Mounted on
/dev/sda3              20G  2.5G   17G  13% /
tmpfs                  12G     0   12G   0% /dev/shm
/dev/sda1              97M   32M   61M  35% /boot
/dev/sda4             416G   75G  341G  18% /export/data1
/dev/sdb1             917G  899G   19G  99% /export/00b
/dev/sdc1             917G  899G   19G  98% /export/00c
/dev/sdd1             917G  898G   20G  98% /export/00d
/dev/sdf1             917G  901G   17G  99% /export/00f
fuse_dfs              4.9P  4.4P  527T  90% /mnt/hadoop
/dev/sde1             917G  443G  475G  49% /export/00e
cvmfs2                 98G   72G   27G  74% /cvmfs/cms.cern.ch
t2srv0004:/export/db  135G  187M  135G   1% /net/t2srv0004/db
cvmfs2                 98G   72G   27G  74% /cvmfs/cvmfs.cmsaf.mit.edu
cvmfs2                 98G   72G   27G  74% /cvmfs/oasis.opensciencegrid.org
cvmfs2                 98G   72G   27G  74% /cvmfs/grid.cern.ch
cvmfs2                 98G   72G   27G  74% /cvmfs/fermilab.opensciencegrid.org
gcc (GCC) 4.4.7 20120313 (Red Hat 4.4.7-3)
Copyright (C) 2010 Free Software Foundation, Inc.
This is free software; see the source for copying conditions.  There is NO
warranty; not even for MERCHANTABILITY or FITNESS FOR A PARTICULAR PURPOSE.

Processing...
0/56827
10000/56827
20000/56827
30000/56827
40000/56827
50000/56827
Macro finished: 
CPU time (min)  = 0.742167
Real time (min) = 0.930985
Done!
Copied output files to hadoop rootfiles/JetRAA/June22
