000 (426517.000.000) 06/22 20:50:13 Job submitted from host: <18.12.1.74:48322>
...
004 (426517.000.000) 06/22 20:51:32 Job was evicted.
	(0) Job was not checkpointed.
		Usr 0 00:00:00, Sys 0 00:00:00  -  Run Remote Usage
		Usr 0 00:00:00, Sys 0 00:00:00  -  Run Local Usage
	0  -  Run Bytes Sent By Job
	0  -  Run Bytes Received By Job
	Partitionable Resources :    Usage  Request          
	   Cpus                 :                 1          
	   Disk (KB)            :       42       42          
	   Memory (MB)          :                 1          
...
009 (426517.000.000) 06/22 20:51:32 Job was aborted by the user.
	via condor_rm (by user rkunnawa)
...
000 (491954.000.000) 06/29 09:48:26 Job submitted from host: <18.12.1.74:48322>
...
001 (491954.000.000) 06/29 09:49:05 Job executing on host: <18.12.8.181:40803>
...
006 (491954.000.000) 06/29 09:49:13 Image size of job updated: 1
	3  -  MemoryUsage of job (MB)
	2356  -  ResidentSetSize of job (KB)
...
006 (491954.000.000) 06/29 09:53:45 Image size of job updated: 247140
	3  -  MemoryUsage of job (MB)
	2356  -  ResidentSetSize of job (KB)
...
005 (491954.000.000) 06/29 09:53:45 Job terminated.
	(1) Normal termination (return value 0)
		Usr 0 00:01:12, Sys 0 00:00:01  -  Run Remote Usage
		Usr 0 00:00:00, Sys 0 00:00:00  -  Run Local Usage
		Usr 0 00:01:12, Sys 0 00:00:01  -  Total Remote Usage
		Usr 0 00:00:00, Sys 0 00:00:00  -  Total Local Usage
	508752  -  Run Bytes Sent By Job
	46550  -  Run Bytes Received By Job
	508752  -  Total Bytes Sent By Job
	46550  -  Total Bytes Received By Job
	Partitionable Resources :    Usage  Request          
	   Cpus                 :                 1          
	   Disk (KB)            :      568      568          
	   Memory (MB)          :        3        3          
...
000 (492693.000.000) 06/29 10:14:34 Job submitted from host: <18.12.1.74:48322>
...
001 (492693.000.000) 06/29 10:14:49 Job executing on host: <18.12.9.57:42920>
...
006 (492693.000.000) 06/29 10:14:58 Image size of job updated: 1
	3  -  MemoryUsage of job (MB)
	2360  -  ResidentSetSize of job (KB)
...
006 (492693.000.000) 06/29 10:18:11 Image size of job updated: 247084
	3  -  MemoryUsage of job (MB)
	2360  -  ResidentSetSize of job (KB)
...
005 (492693.000.000) 06/29 10:18:11 Job terminated.
	(1) Normal termination (return value 0)
		Usr 0 00:01:24, Sys 0 00:00:03  -  Run Remote Usage
		Usr 0 00:00:00, Sys 0 00:00:00  -  Run Local Usage
		Usr 0 00:01:24, Sys 0 00:00:03  -  Total Remote Usage
		Usr 0 00:00:00, Sys 0 00:00:00  -  Total Local Usage
	508919  -  Run Bytes Sent By Job
	46566  -  Run Bytes Received By Job
	508919  -  Total Bytes Sent By Job
	46566  -  Total Bytes Received By Job
	Partitionable Resources :    Usage  Request          
	   Cpus                 :                 1          
	   Disk (KB)            :      568      568          
	   Memory (MB)          :        3        3          
...
000 (495412.000.000) 06/29 21:59:49 Job submitted from host: <18.12.1.74:48322>
...
001 (495412.000.000) 06/29 21:59:54 Job executing on host: <18.12.9.46:40292>
...
006 (495412.000.000) 06/29 22:00:02 Image size of job updated: 1
	3  -  MemoryUsage of job (MB)
	2360  -  ResidentSetSize of job (KB)
...
006 (495412.000.000) 06/29 22:02:31 Image size of job updated: 247636
	3  -  MemoryUsage of job (MB)
	2360  -  ResidentSetSize of job (KB)
...
005 (495412.000.000) 06/29 22:02:31 Job terminated.
	(1) Normal termination (return value 0)
		Usr 0 00:01:26, Sys 0 00:00:04  -  Run Remote Usage
		Usr 0 00:00:00, Sys 0 00:00:00  -  Run Local Usage
		Usr 0 00:01:26, Sys 0 00:00:04  -  Total Remote Usage
		Usr 0 00:00:00, Sys 0 00:00:00  -  Total Local Usage
	509249  -  Run Bytes Sent By Job
	46564  -  Run Bytes Received By Job
	509249  -  Total Bytes Sent By Job
	46564  -  Total Bytes Received By Job
	Partitionable Resources :    Usage  Request          
	   Cpus                 :                 1          
	   Disk (KB)            :      568      568          
	   Memory (MB)          :        3        3          
...
