000 (426387.000.000) 06/22 20:50:01 Job submitted from host: <18.12.1.74:48322>
...
001 (426387.000.000) 06/22 20:50:43 Job executing on host: <18.12.6.38:45037>
...
006 (426387.000.000) 06/22 20:50:51 Image size of job updated: 68656
	17  -  MemoryUsage of job (MB)
	16968  -  ResidentSetSize of job (KB)
...
006 (426387.000.000) 06/22 20:51:02 Image size of job updated: 245076
	17  -  MemoryUsage of job (MB)
	16968  -  ResidentSetSize of job (KB)
...
004 (426387.000.000) 06/22 20:51:02 Job was evicted.
	(0) Job was not checkpointed.
		Usr 0 00:00:05, Sys 0 00:00:00  -  Run Remote Usage
		Usr 0 00:00:00, Sys 0 00:00:00  -  Run Local Usage
	0  -  Run Bytes Sent By Job
	41910  -  Run Bytes Received By Job
	Partitionable Resources :    Usage  Request          
	   Cpus                 :                 1          
	   Disk (KB)            :      550      550          
	   Memory (MB)          :       17       17          
...
009 (426387.000.000) 06/22 20:51:10 Job was aborted by the user.
	via condor_rm (by user rkunnawa)
...
000 (491811.000.000) 06/29 09:48:05 Job submitted from host: <18.12.1.74:48322>
...
001 (491811.000.000) 06/29 09:48:16 Job executing on host: <18.12.8.109:44599>
...
006 (491811.000.000) 06/29 09:48:26 Image size of job updated: 244960
	62  -  MemoryUsage of job (MB)
	63144  -  ResidentSetSize of job (KB)
...
006 (491811.000.000) 06/29 09:48:54 Image size of job updated: 246256
	62  -  MemoryUsage of job (MB)
	63144  -  ResidentSetSize of job (KB)
...
005 (491811.000.000) 06/29 09:48:54 Job terminated.
	(1) Normal termination (return value 0)
		Usr 0 00:00:15, Sys 0 00:00:00  -  Run Remote Usage
		Usr 0 00:00:00, Sys 0 00:00:00  -  Run Local Usage
		Usr 0 00:00:15, Sys 0 00:00:00  -  Total Remote Usage
		Usr 0 00:00:00, Sys 0 00:00:00  -  Total Local Usage
	508750  -  Run Bytes Sent By Job
	46550  -  Run Bytes Received By Job
	508750  -  Total Bytes Sent By Job
	46550  -  Total Bytes Received By Job
	Partitionable Resources :    Usage  Request          
	   Cpus                 :                 1          
	   Disk (KB)            :      568      568          
	   Memory (MB)          :       62       62          
...
000 (492563.000.000) 06/29 10:14:04 Job submitted from host: <18.12.1.74:48322>
...
001 (492563.000.000) 06/29 10:14:12 Job executing on host: <18.12.8.152:49563>
...
006 (492563.000.000) 06/29 10:14:20 Image size of job updated: 93716
	3  -  MemoryUsage of job (MB)
	2440  -  ResidentSetSize of job (KB)
...
006 (492563.000.000) 06/29 10:14:51 Image size of job updated: 247508
	3  -  MemoryUsage of job (MB)
	2440  -  ResidentSetSize of job (KB)
...
005 (492563.000.000) 06/29 10:14:51 Job terminated.
	(1) Normal termination (return value 0)
		Usr 0 00:00:22, Sys 0 00:00:00  -  Run Remote Usage
		Usr 0 00:00:00, Sys 0 00:00:00  -  Run Local Usage
		Usr 0 00:00:22, Sys 0 00:00:00  -  Total Remote Usage
		Usr 0 00:00:00, Sys 0 00:00:00  -  Total Local Usage
	508980  -  Run Bytes Sent By Job
	46566  -  Run Bytes Received By Job
	508980  -  Total Bytes Sent By Job
	46566  -  Total Bytes Received By Job
	Partitionable Resources :    Usage  Request          
	   Cpus                 :                 1          
	   Disk (KB)            :      568      568          
	   Memory (MB)          :        3        3          
...
000 (495282.000.000) 06/29 21:59:26 Job submitted from host: <18.12.1.74:48322>
...
001 (495282.000.000) 06/29 21:59:41 Job executing on host: <18.12.8.176:44745>
...
006 (495282.000.000) 06/29 21:59:49 Image size of job updated: 245476
	57  -  MemoryUsage of job (MB)
	57652  -  ResidentSetSize of job (KB)
...
006 (495282.000.000) 06/29 22:01:01 Image size of job updated: 248060
	57  -  MemoryUsage of job (MB)
	57652  -  ResidentSetSize of job (KB)
...
005 (495282.000.000) 06/29 22:01:01 Job terminated.
	(1) Normal termination (return value 0)
		Usr 0 00:00:25, Sys 0 00:00:00  -  Run Remote Usage
		Usr 0 00:00:00, Sys 0 00:00:00  -  Run Local Usage
		Usr 0 00:00:25, Sys 0 00:00:00  -  Total Remote Usage
		Usr 0 00:00:00, Sys 0 00:00:00  -  Total Local Usage
	508768  -  Run Bytes Sent By Job
	46564  -  Run Bytes Received By Job
	508768  -  Total Bytes Sent By Job
	46564  -  Total Bytes Received By Job
	Partitionable Resources :    Usage  Request          
	   Cpus                 :                 1          
	   Disk (KB)            :      568      568          
	   Memory (MB)          :       57       57          
...
