
----------------------------------------------------
Job started on Mon Jun 22 20:55:24 EDT 2015 at WN: hibat0091.cmsaf.mit.edu 
Job is running on Linux hibat0091.cmsaf.mit.edu 2.6.32-358.el6.x86_64 #1 SMP Fri Feb 22 20:37:17 CST 2013 x86_64 x86_64 x86_64 GNU/Linux
Filesystem            Size  Used Avail Use% Mounted on
/dev/sda3              20G  3.6G   16G  19% /
tmpfs                  24G     0   24G   0% /dev/shm
/dev/sda1              97M   32M   61M  35% /boot
/dev/sda4             873G   83G  791G  10% /export/data1
/dev/sdb1             2.7T  2.7T   80G  98% /export/00b
/dev/sdc1             2.7T  2.7T   87G  97% /export/00c
/dev/sdd1             2.7T  2.7T   77G  98% /export/00d
/dev/sde1             2.7T  2.7T   75G  98% /export/00e
/dev/sdf1             2.7T  2.7T   84G  97% /export/00f
/dev/sdg1             3.6T  3.0T  599G  84% /export/00g
/dev/sdh1             3.6T  3.0T  627G  83% /export/00h
fuse_dfs              4.9P  4.4P  522T  90% /mnt/hadoop
cvmfs2                 98G   81G   17G  83% /cvmfs/cms.cern.ch
t2srv0004:/export/db  135G  187M  135G   1% /net/t2srv0004/db
cvmfs2                 98G   81G   17G  83% /cvmfs/mu2e.opensciencegrid.org
gcc (GCC) 4.4.7 20120313 (Red Hat 4.4.7-3)
Copyright (C) 2010 Free Software Foundation, Inc.
This is free software; see the source for copying conditions.  There is NO
warranty; not even for MERCHANTABILITY or FITNESS FOR A PARTICULAR PURPOSE.

Processing...
0/147471
10000/147471
20000/147471
30000/147471
40000/147471
50000/147471
60000/147471
70000/147471
80000/147471
90000/147471
100000/147471
110000/147471
120000/147471
130000/147471
140000/147471
Macro finished: 
CPU time (min)  = 1.63533
Real time (min) = 2.16356
Done!
Copied output files to hadoop rootfiles/JetRAA/June22
