
----------------------------------------------------
Job started on Mon Jun 22 20:55:25 EDT 2015 at WN: t2bat0099.cmsaf.mit.edu 
Job is running on Linux t2bat0099.cmsaf.mit.edu 2.6.32-358.el6.x86_64 #1 SMP Fri Feb 22 20:37:17 CST 2013 x86_64 x86_64 x86_64 GNU/Linux
Filesystem            Size  Used Avail Use% Mounted on
/dev/sda3              20G  3.4G   16G  19% /
tmpfs                 7.8G     0  7.8G   0% /dev/shm
/dev/sda1              97M   33M   60M  36% /boot
/dev/sda4             644G   82G  562G  13% /export/data1
/dev/sdb1             688G  622G   67G  91% /export/00b
/dev/sdc1             688G  607G   81G  89% /export/00c
/dev/sdd1             688G  612G   76G  89% /export/00d
/dev/sde1             688G  622G   66G  91% /export/00e
/dev/sdf1             688G  609G   80G  89% /export/00f
fuse_dfs              4.9P  4.4P  522T  90% /mnt/hadoop
t2srv0004:/export/db  135G  187M  135G   1% /net/t2srv0004/db
cvmfs2                 98G   81G   18G  83% /cvmfs/cms.cern.ch
cvmfs2                 98G   81G   18G  83% /cvmfs/mu2e.opensciencegrid.org
gcc (GCC) 4.4.7 20120313 (Red Hat 4.4.7-3)
Copyright (C) 2010 Free Software Foundation, Inc.
This is free software; see the source for copying conditions.  There is NO
warranty; not even for MERCHANTABILITY or FITNESS FOR A PARTICULAR PURPOSE.

Processing...
0/114409
10000/114409
20000/114409
30000/114409
40000/114409
50000/114409
60000/114409
70000/114409
80000/114409
90000/114409
100000/114409
110000/114409
Macro finished: 
CPU time (min)  = 0.977167
Real time (min) = 3.40022
Done!
Copied output files to hadoop rootfiles/JetRAA/June22
