000 (426678.000.000) 06/22 20:54:20 Job submitted from host: <18.12.1.74:48322>
...
001 (426678.000.000) 06/22 20:54:44 Job executing on host: <18.12.8.214:44088>
...
006 (426678.000.000) 06/22 20:54:53 Image size of job updated: 243072
	44  -  MemoryUsage of job (MB)
	44096  -  ResidentSetSize of job (KB)
...
006 (426678.000.000) 06/22 20:57:30 Image size of job updated: 244892
	44  -  MemoryUsage of job (MB)
	44096  -  ResidentSetSize of job (KB)
...
005 (426678.000.000) 06/22 20:57:30 Job terminated.
	(1) Normal termination (return value 0)
		Usr 0 00:01:39, Sys 0 00:00:03  -  Run Remote Usage
		Usr 0 00:00:00, Sys 0 00:00:00  -  Run Local Usage
		Usr 0 00:01:39, Sys 0 00:00:03  -  Total Remote Usage
		Usr 0 00:00:00, Sys 0 00:00:00  -  Total Local Usage
	495012  -  Run Bytes Sent By Job
	41910  -  Run Bytes Received By Job
	495012  -  Total Bytes Sent By Job
	41910  -  Total Bytes Received By Job
	Partitionable Resources :    Usage  Request          
	   Cpus                 :                 1          
	   Disk (KB)            :      550      550          
	   Memory (MB)          :       44       44          
...
000 (428091.000.000) 06/23 16:48:27 Job submitted from host: <18.12.1.74:48322>
...
001 (428091.000.000) 06/23 16:48:37 Job executing on host: <18.12.9.84:47519>
...
006 (428091.000.000) 06/23 16:48:46 Image size of job updated: 1
	3  -  MemoryUsage of job (MB)
	2352  -  ResidentSetSize of job (KB)
...
006 (428091.000.000) 06/23 16:51:20 Image size of job updated: 244488
	3  -  MemoryUsage of job (MB)
	2352  -  ResidentSetSize of job (KB)
...
005 (428091.000.000) 06/23 16:51:20 Job terminated.
	(1) Normal termination (return value 0)
		Usr 0 00:01:00, Sys 0 00:00:01  -  Run Remote Usage
		Usr 0 00:00:00, Sys 0 00:00:00  -  Run Local Usage
		Usr 0 00:01:00, Sys 0 00:00:01  -  Total Remote Usage
		Usr 0 00:00:00, Sys 0 00:00:00  -  Total Local Usage
	511818  -  Run Bytes Sent By Job
	47429  -  Run Bytes Received By Job
	511818  -  Total Bytes Sent By Job
	47429  -  Total Bytes Received By Job
	Partitionable Resources :    Usage  Request          
	   Cpus                 :                 1          
	   Disk (KB)            :      572      572          
	   Memory (MB)          :        3        3          
...
