
----------------------------------------------------
Job started on Tue Jun 23 16:48:45 EDT 2015 at WN: nubat0002.cmsaf.mit.edu 
Job is running on Linux nubat0002.cmsaf.mit.edu 2.6.32-358.el6.x86_64 #1 SMP Fri Feb 22 20:37:17 CST 2013 x86_64 x86_64 x86_64 GNU/Linux
Filesystem            Size  Used Avail Use% Mounted on
/dev/sda3              20G  3.7G   16G  20% /
tmpfs                  12G     0   12G   0% /dev/shm
/dev/sda1              97M   32M   61M  35% /boot
/dev/sda4             1.8T   71G  1.7T   4% /export/data1
/dev/sdb1             1.8T  1.7T  113G  94% /export/00b
/dev/sdc1             1.8T  1.7T  121G  94% /export/00c
/dev/sdd1             1.8T  1.7T  111G  94% /export/00d
/dev/sde1             2.7T  2.3T  432G  85% /export/00e
/dev/sdf1             2.7T  2.3T  408G  86% /export/00f
fuse_dfs              4.9P  4.4P  516T  90% /mnt/hadoop
cvmfs2                 98G   69G   29G  71% /cvmfs/cms.cern.ch
t2srv0004:/export/db  135G  187M  135G   1% /net/t2srv0004/db
cvmfs2                 98G   69G   29G  71% /cvmfs/mu2e.opensciencegrid.org
cvmfs2                 98G   69G   29G  71% /cvmfs/oasis.opensciencegrid.org
cvmfs2                 98G   69G   29G  71% /cvmfs/cdfcfs.fnal.gov
cvmfs2                 98G   69G   29G  71% /cvmfs/cvmfs.cmsaf.mit.edu
gcc (GCC) 4.4.7 20120313 (Red Hat 4.4.7-3)
Copyright (C) 2010 Free Software Foundation, Inc.
This is free software; see the source for copying conditions.  There is NO
warranty; not even for MERCHANTABILITY or FITNESS FOR A PARTICULAR PURPOSE.

Processing...
0/360338
10000/360338
20000/360338
30000/360338
40000/360338
50000/360338
60000/360338
70000/360338
80000/360338
90000/360338
100000/360338
110000/360338
120000/360338
130000/360338
140000/360338
150000/360338
160000/360338
170000/360338
180000/360338
190000/360338
200000/360338
210000/360338
220000/360338
230000/360338
240000/360338
250000/360338
260000/360338
270000/360338
280000/360338
290000/360338
300000/360338
310000/360338
320000/360338
330000/360338
340000/360338
350000/360338
360000/360338
Macro finished: 
CPU time (min)  = 3.51
Real time (min) = 5.17232
Done!
Copied output files to hadoop rootfiles/JetRAA/June22
