000 (426410.000.000) 06/22 20:50:03 Job submitted from host: <18.12.1.74:48322>
...
001 (426410.000.000) 06/22 20:50:45 Job executing on host: <18.12.8.150:43869>
...
006 (426410.000.000) 06/22 20:50:54 Image size of job updated: 67204
	15  -  MemoryUsage of job (MB)
	14368  -  ResidentSetSize of job (KB)
...
006 (426410.000.000) 06/22 20:51:02 Image size of job updated: 245412
	15  -  MemoryUsage of job (MB)
	14368  -  ResidentSetSize of job (KB)
...
004 (426410.000.000) 06/22 20:51:02 Job was evicted.
	(0) Job was not checkpointed.
		Usr 0 00:00:02, Sys 0 00:00:00  -  Run Remote Usage
		Usr 0 00:00:00, Sys 0 00:00:00  -  Run Local Usage
	0  -  Run Bytes Sent By Job
	41910  -  Run Bytes Received By Job
	Partitionable Resources :    Usage  Request          
	   Cpus                 :                 1          
	   Disk (KB)            :      550      550          
	   Memory (MB)          :       15       15          
...
009 (426410.000.000) 06/22 20:51:10 Job was aborted by the user.
	via condor_rm (by user rkunnawa)
...
000 (426560.000.000) 06/22 20:51:41 Job submitted from host: <18.12.1.74:48322>
...
001 (426560.000.000) 06/22 20:52:10 Job executing on host: <18.12.9.50:46059>
...
006 (426560.000.000) 06/22 20:52:18 Image size of job updated: 245328
	47  -  MemoryUsage of job (MB)
	47800  -  ResidentSetSize of job (KB)
...
006 (426560.000.000) 06/22 20:56:47 Image size of job updated: 247108
	47  -  MemoryUsage of job (MB)
	47800  -  ResidentSetSize of job (KB)
...
005 (426560.000.000) 06/22 20:56:47 Job terminated.
	(1) Normal termination (return value 0)
		Usr 0 00:02:51, Sys 0 00:00:06  -  Run Remote Usage
		Usr 0 00:00:00, Sys 0 00:00:00  -  Run Local Usage
		Usr 0 00:02:51, Sys 0 00:00:06  -  Total Remote Usage
		Usr 0 00:00:00, Sys 0 00:00:00  -  Total Local Usage
	495428  -  Run Bytes Sent By Job
	41910  -  Run Bytes Received By Job
	495428  -  Total Bytes Sent By Job
	41910  -  Total Bytes Received By Job
	Partitionable Resources :    Usage  Request          
	   Cpus                 :                 1          
	   Disk (KB)            :      550      550          
	   Memory (MB)          :       47       47          
...
000 (491834.000.000) 06/29 09:48:08 Job submitted from host: <18.12.1.74:48322>
...
001 (491834.000.000) 06/29 09:48:18 Job executing on host: <18.12.6.7:49928>
...
006 (491834.000.000) 06/29 09:48:27 Image size of job updated: 245736
	59  -  MemoryUsage of job (MB)
	60088  -  ResidentSetSize of job (KB)
...
006 (491834.000.000) 06/29 09:50:04 Image size of job updated: 247084
	59  -  MemoryUsage of job (MB)
	60088  -  ResidentSetSize of job (KB)
...
005 (491834.000.000) 06/29 09:50:05 Job terminated.
	(1) Normal termination (return value 0)
		Usr 0 00:01:08, Sys 0 00:00:00  -  Run Remote Usage
		Usr 0 00:00:00, Sys 0 00:00:00  -  Run Local Usage
		Usr 0 00:01:08, Sys 0 00:00:00  -  Total Remote Usage
		Usr 0 00:00:00, Sys 0 00:00:00  -  Total Local Usage
	508890  -  Run Bytes Sent By Job
	46550  -  Run Bytes Received By Job
	508890  -  Total Bytes Sent By Job
	46550  -  Total Bytes Received By Job
	Partitionable Resources :    Usage  Request          
	   Cpus                 :                 1          
	   Disk (KB)            :      568      568          
	   Memory (MB)          :       59       59          
...
000 (492586.000.000) 06/29 10:14:11 Job submitted from host: <18.12.1.74:48322>
...
001 (492586.000.000) 06/29 10:14:38 Job executing on host: <18.12.9.48:49271>
...
006 (492586.000.000) 06/29 10:14:47 Image size of job updated: 1196
	1  -  MemoryUsage of job (MB)
	156  -  ResidentSetSize of job (KB)
...
006 (492586.000.000) 06/29 10:18:00 Image size of job updated: 247040
	1  -  MemoryUsage of job (MB)
	156  -  ResidentSetSize of job (KB)
...
005 (492586.000.000) 06/29 10:18:00 Job terminated.
	(1) Normal termination (return value 0)
		Usr 0 00:01:21, Sys 0 00:00:02  -  Run Remote Usage
		Usr 0 00:00:00, Sys 0 00:00:00  -  Run Local Usage
		Usr 0 00:01:21, Sys 0 00:00:02  -  Total Remote Usage
		Usr 0 00:00:00, Sys 0 00:00:00  -  Total Local Usage
	509030  -  Run Bytes Sent By Job
	46566  -  Run Bytes Received By Job
	509030  -  Total Bytes Sent By Job
	46566  -  Total Bytes Received By Job
	Partitionable Resources :    Usage  Request          
	   Cpus                 :                 1          
	   Disk (KB)            :      568      568          
	   Memory (MB)          :        1        1          
...
000 (495305.000.000) 06/29 21:59:29 Job submitted from host: <18.12.1.74:48322>
...
001 (495305.000.000) 06/29 21:59:44 Job executing on host: <18.12.6.47:47300>
...
006 (495305.000.000) 06/29 21:59:52 Image size of job updated: 1
	3  -  MemoryUsage of job (MB)
	2356  -  ResidentSetSize of job (KB)
...
006 (495305.000.000) 06/29 22:01:52 Image size of job updated: 247584
	3  -  MemoryUsage of job (MB)
	2356  -  ResidentSetSize of job (KB)
...
005 (495305.000.000) 06/29 22:01:52 Job terminated.
	(1) Normal termination (return value 0)
		Usr 0 00:01:28, Sys 0 00:00:01  -  Run Remote Usage
		Usr 0 00:00:00, Sys 0 00:00:00  -  Run Local Usage
		Usr 0 00:01:28, Sys 0 00:00:01  -  Total Remote Usage
		Usr 0 00:00:00, Sys 0 00:00:00  -  Total Local Usage
	508953  -  Run Bytes Sent By Job
	46564  -  Run Bytes Received By Job
	508953  -  Total Bytes Sent By Job
	46564  -  Total Bytes Received By Job
	Partitionable Resources :    Usage  Request          
	   Cpus                 :                 1          
	   Disk (KB)            :      568      568          
	   Memory (MB)          :        3        3          
...
