
----------------------------------------------------
Job started on Mon Jun 22 20:55:27 EDT 2015 at WN: hibat0039.cmsaf.mit.edu 
Job is running on Linux hibat0039.cmsaf.mit.edu 2.6.32-358.el6.x86_64 #1 SMP Fri Feb 22 20:37:17 CST 2013 x86_64 x86_64 x86_64 GNU/Linux
Filesystem            Size  Used Avail Use% Mounted on
/dev/sda3              20G  3.3G   16G  18% /
tmpfs                  24G     0   24G   0% /dev/shm
/dev/sda1              97M   32M   61M  35% /boot
/dev/sda4             874G   75G  799G   9% /export/data1
/dev/sdb1             1.8T  1.6T  209G  89% /export/00b
/dev/sdc1             1.8T  1.6T  197G  90% /export/00c
/dev/sdd1             1.8T  1.6T  199G  90% /export/00d
/dev/sde1             1.8T  1.7T  194G  90% /export/00e
/dev/sdf1             1.8T  1.6T  200G  90% /export/00f
fuse_dfs              4.9P  4.4P  522T  90% /mnt/hadoop
t2srv0004:/export/db  135G  187M  135G   1% /net/t2srv0004/db
cvmfs2                 98G   73G   25G  75% /cvmfs/cms.cern.ch
cvmfs2                 98G   73G   25G  75% /cvmfs/mu2e.opensciencegrid.org
cvmfs2                 98G   73G   25G  75% /cvmfs/oasis.opensciencegrid.org
gcc (GCC) 4.4.7 20120313 (Red Hat 4.4.7-3)
Copyright (C) 2010 Free Software Foundation, Inc.
This is free software; see the source for copying conditions.  There is NO
warranty; not even for MERCHANTABILITY or FITNESS FOR A PARTICULAR PURPOSE.

Processing...
0/369211
10000/369211
20000/369211
30000/369211
40000/369211
50000/369211
60000/369211
70000/369211
80000/369211
90000/369211
100000/369211
110000/369211
120000/369211
130000/369211
140000/369211
150000/369211
160000/369211
170000/369211
180000/369211
190000/369211
200000/369211
210000/369211
220000/369211
230000/369211
240000/369211
250000/369211
260000/369211
270000/369211
280000/369211
290000/369211
300000/369211
310000/369211
320000/369211
330000/369211
340000/369211
350000/369211
360000/369211
Macro finished: 
CPU time (min)  = 4.1835
Real time (min) = 6.36669
Done!
Copied output files to hadoop rootfiles/JetRAA/June22
