000 (426624.000.000) 06/22 20:54:14 Job submitted from host: <18.12.1.74:48322>
...
001 (426624.000.000) 06/22 20:54:26 Job executing on host: <18.12.9.11:47957>
...
006 (426624.000.000) 06/22 20:54:34 Image size of job updated: 1
	3  -  MemoryUsage of job (MB)
	2356  -  ResidentSetSize of job (KB)
...
006 (426624.000.000) 06/22 20:57:03 Image size of job updated: 244092
	3  -  MemoryUsage of job (MB)
	2356  -  ResidentSetSize of job (KB)
...
005 (426624.000.000) 06/22 20:57:03 Job terminated.
	(1) Normal termination (return value 0)
		Usr 0 00:01:40, Sys 0 00:00:02  -  Run Remote Usage
		Usr 0 00:00:00, Sys 0 00:00:00  -  Run Local Usage
		Usr 0 00:01:40, Sys 0 00:00:02  -  Total Remote Usage
		Usr 0 00:00:00, Sys 0 00:00:00  -  Total Local Usage
	495025  -  Run Bytes Sent By Job
	41910  -  Run Bytes Received By Job
	495025  -  Total Bytes Sent By Job
	41910  -  Total Bytes Received By Job
	Partitionable Resources :    Usage  Request          
	   Cpus                 :                 1          
	   Disk (KB)            :      550      550          
	   Memory (MB)          :        3        3          
...
000 (428037.000.000) 06/23 16:48:22 Job submitted from host: <18.12.1.74:48322>
...
001 (428037.000.000) 06/23 16:48:34 Job executing on host: <18.12.8.245:48906>
...
006 (428037.000.000) 06/23 16:48:43 Image size of job updated: 93700
	2  -  MemoryUsage of job (MB)
	1980  -  ResidentSetSize of job (KB)
...
006 (428037.000.000) 06/23 16:51:34 Image size of job updated: 245136
	2  -  MemoryUsage of job (MB)
	1980  -  ResidentSetSize of job (KB)
...
005 (428037.000.000) 06/23 16:51:34 Job terminated.
	(1) Normal termination (return value 0)
		Usr 0 00:01:34, Sys 0 00:00:01  -  Run Remote Usage
		Usr 0 00:00:00, Sys 0 00:00:00  -  Run Local Usage
		Usr 0 00:01:34, Sys 0 00:00:01  -  Total Remote Usage
		Usr 0 00:00:00, Sys 0 00:00:00  -  Total Local Usage
	511495  -  Run Bytes Sent By Job
	47429  -  Run Bytes Received By Job
	511495  -  Total Bytes Sent By Job
	47429  -  Total Bytes Received By Job
	Partitionable Resources :    Usage  Request          
	   Cpus                 :                 1          
	   Disk (KB)            :      571      571          
	   Memory (MB)          :        2        2          
...
