
----------------------------------------------------
Job started on Mon Jun 22 20:52:09 EDT 2015 at WN: t2bat0297.cmsaf.mit.edu 
Job is running on Linux t2bat0297.cmsaf.mit.edu 2.6.32-358.el6.x86_64 #1 SMP Fri Feb 22 20:37:17 CST 2013 x86_64 x86_64 x86_64 GNU/Linux
Filesystem            Size  Used Avail Use% Mounted on
/dev/sda3              20G  3.9G   15G  21% /
tmpfs                  32G     0   32G   0% /dev/shm
/dev/sda1              97M   32M   61M  35% /boot
/dev/sda4             416G  100G  316G  24% /export/data1
fuse_dfs              4.9P  4.4P  522T  90% /mnt/hadoop
/dev/sdb1             2.7T  2.4T  304G  89% /export/00b
/dev/sdc1             2.7T  2.4T  309G  89% /export/00c
/dev/sdd1             2.7T  2.4T  318G  89% /export/00d
/dev/sde1             2.7T  2.4T  298G  90% /export/00e
/dev/sdf1             2.7T  2.4T  312G  89% /export/00f
/dev/sdg1             2.7T  2.4T  309G  89% /export/00g
/dev/sdh1             2.7T  2.4T  317G  89% /export/00h
/dev/sdi1             2.7T  2.4T  320G  89% /export/00i
/dev/sdj1             2.7T  2.4T  309G  89% /export/00j
/dev/sdk1             2.7T  2.4T  301G  90% /export/00k
/dev/sdl1             2.7T  2.4T  305G  89% /export/00l
cvmfs2                 98G   96G  2.4G  98% /cvmfs/cms.cern.ch
t2srv0004:/export/db  135G  187M  135G   1% /net/t2srv0004/db
cvmfs2                 98G   96G  2.4G  98% /cvmfs/oasis.opensciencegrid.org
cvmfs2                 98G   96G  2.4G  98% /cvmfs/mu2e.opensciencegrid.org
gcc (GCC) 4.4.7 20120313 (Red Hat 4.4.7-3)
Copyright (C) 2010 Free Software Foundation, Inc.
This is free software; see the source for copying conditions.  There is NO
warranty; not even for MERCHANTABILITY or FITNESS FOR A PARTICULAR PURPOSE.

Processing...
0/169869
10000/169869
20000/169869
30000/169869
40000/169869
50000/169869
60000/169869
70000/169869
80000/169869
90000/169869
100000/169869
110000/169869
120000/169869
130000/169869
140000/169869
150000/169869
160000/169869
Macro finished: 
CPU time (min)  = 1.62283
Real time (min) = 7.01656
Done!
Copied output files to hadoop rootfiles/JetRAA/June22
