000 (426682.000.000) 06/22 20:54:20 Job submitted from host: <18.12.1.74:48322>
...
001 (426682.000.000) 06/22 20:54:48 Job executing on host: <18.12.6.74:45110>
...
006 (426682.000.000) 06/22 20:54:56 Image size of job updated: 243016
	91  -  MemoryUsage of job (MB)
	92560  -  ResidentSetSize of job (KB)
...
006 (426682.000.000) 06/22 20:57:38 Image size of job updated: 245916
	91  -  MemoryUsage of job (MB)
	92560  -  ResidentSetSize of job (KB)
...
005 (426682.000.000) 06/22 20:57:38 Job terminated.
	(1) Normal termination (return value 0)
		Usr 0 00:02:11, Sys 0 00:00:03  -  Run Remote Usage
		Usr 0 00:00:00, Sys 0 00:00:00  -  Run Local Usage
		Usr 0 00:02:11, Sys 0 00:00:03  -  Total Remote Usage
		Usr 0 00:00:00, Sys 0 00:00:00  -  Total Local Usage
	494991  -  Run Bytes Sent By Job
	41910  -  Run Bytes Received By Job
	494991  -  Total Bytes Sent By Job
	41910  -  Total Bytes Received By Job
	Partitionable Resources :    Usage  Request          
	   Cpus                 :                 1          
	   Disk (KB)            :      550      550          
	   Memory (MB)          :       91       91          
...
000 (428095.000.000) 06/23 16:48:28 Job submitted from host: <18.12.1.74:48322>
...
001 (428095.000.000) 06/23 16:48:38 Job executing on host: <18.12.9.81:45256>
...
006 (428095.000.000) 06/23 16:48:46 Image size of job updated: 1
	3  -  MemoryUsage of job (MB)
	2356  -  ResidentSetSize of job (KB)
...
006 (428095.000.000) 06/23 16:51:42 Image size of job updated: 244184
	3  -  MemoryUsage of job (MB)
	2356  -  ResidentSetSize of job (KB)
...
005 (428095.000.000) 06/23 16:51:42 Job terminated.
	(1) Normal termination (return value 0)
		Usr 0 00:01:32, Sys 0 00:00:02  -  Run Remote Usage
		Usr 0 00:00:00, Sys 0 00:00:00  -  Run Local Usage
		Usr 0 00:01:32, Sys 0 00:00:02  -  Total Remote Usage
		Usr 0 00:00:00, Sys 0 00:00:00  -  Total Local Usage
	511519  -  Run Bytes Sent By Job
	47429  -  Run Bytes Received By Job
	511519  -  Total Bytes Sent By Job
	47429  -  Total Bytes Received By Job
	Partitionable Resources :    Usage  Request          
	   Cpus                 :                 1          
	   Disk (KB)            :      571      571          
	   Memory (MB)          :        3        3          
...
000 (429426.000.000) 06/24 21:33:25 Job submitted from host: <18.12.1.74:48322>
...
001 (429426.000.000) 06/24 21:33:51 Job executing on host: <18.12.8.11:44088>
...
006 (429426.000.000) 06/24 21:33:59 Image size of job updated: 243108
	56  -  MemoryUsage of job (MB)
	56964  -  ResidentSetSize of job (KB)
...
006 (429426.000.000) 06/24 21:35:12 Image size of job updated: 244204
	56  -  MemoryUsage of job (MB)
	56964  -  ResidentSetSize of job (KB)
...
005 (429426.000.000) 06/24 21:35:13 Job terminated.
	(1) Normal termination (return value 0)
		Usr 0 00:00:44, Sys 0 00:00:01  -  Run Remote Usage
		Usr 0 00:00:00, Sys 0 00:00:00  -  Run Local Usage
		Usr 0 00:00:44, Sys 0 00:00:01  -  Total Remote Usage
		Usr 0 00:00:00, Sys 0 00:00:00  -  Total Local Usage
	512284  -  Run Bytes Sent By Job
	47957  -  Run Bytes Received By Job
	512284  -  Total Bytes Sent By Job
	47957  -  Total Bytes Received By Job
	Partitionable Resources :    Usage  Request          
	   Cpus                 :                 1          
	   Disk (KB)            :      573      573          
	   Memory (MB)          :       56       56          
...
000 (429607.000.000) 06/24 21:48:09 Job submitted from host: <18.12.1.74:48322>
...
001 (429607.000.000) 06/24 21:48:41 Job executing on host: <18.12.9.28:45986>
...
006 (429607.000.000) 06/24 21:48:49 Image size of job updated: 128720
	18  -  MemoryUsage of job (MB)
	17676  -  ResidentSetSize of job (KB)
...
006 (429607.000.000) 06/24 21:52:36 Image size of job updated: 244204
	18  -  MemoryUsage of job (MB)
	17676  -  ResidentSetSize of job (KB)
...
005 (429607.000.000) 06/24 21:52:36 Job terminated.
	(1) Normal termination (return value 0)
		Usr 0 00:00:51, Sys 0 00:00:01  -  Run Remote Usage
		Usr 0 00:00:00, Sys 0 00:00:00  -  Run Local Usage
		Usr 0 00:00:51, Sys 0 00:00:01  -  Total Remote Usage
		Usr 0 00:00:00, Sys 0 00:00:00  -  Total Local Usage
	512554  -  Run Bytes Sent By Job
	47957  -  Run Bytes Received By Job
	512554  -  Total Bytes Sent By Job
	47957  -  Total Bytes Received By Job
	Partitionable Resources :    Usage  Request          
	   Cpus                 :                 1          
	   Disk (KB)            :      573      573          
	   Memory (MB)          :       18       18          
...
000 (451327.000.000) 06/25 11:40:11 Job submitted from host: <18.12.1.74:48322>
...
001 (451327.000.000) 06/25 11:40:48 Job executing on host: <18.12.8.234:44891>
...
006 (451327.000.000) 06/25 11:40:56 Image size of job updated: 18184
	2  -  MemoryUsage of job (MB)
	1504  -  ResidentSetSize of job (KB)
...
006 (451327.000.000) 06/25 11:42:45 Image size of job updated: 189280
	2  -  MemoryUsage of job (MB)
	1504  -  ResidentSetSize of job (KB)
...
005 (451327.000.000) 06/25 11:42:45 Job terminated.
	(1) Normal termination (return value 0)
		Usr 0 00:01:16, Sys 0 00:00:01  -  Run Remote Usage
		Usr 0 00:00:00, Sys 0 00:00:00  -  Run Local Usage
		Usr 0 00:01:16, Sys 0 00:00:01  -  Total Remote Usage
		Usr 0 00:00:00, Sys 0 00:00:00  -  Total Local Usage
	8481775  -  Run Bytes Sent By Job
	46060  -  Run Bytes Received By Job
	8481775  -  Total Bytes Sent By Job
	46060  -  Total Bytes Received By Job
	Partitionable Resources :    Usage  Request          
	   Cpus                 :                 1          
	   Disk (KB)            :     8353     8353          
	   Memory (MB)          :        2        2          
...
000 (452144.000.000) 06/26 10:10:33 Job submitted from host: <18.12.1.74:48322>
...
001 (452144.000.000) 06/26 10:11:03 Job executing on host: <18.12.9.70:40511>
...
006 (452144.000.000) 06/26 10:11:12 Image size of job updated: 189008
	53  -  MemoryUsage of job (MB)
	53504  -  ResidentSetSize of job (KB)
...
006 (452144.000.000) 06/26 10:12:05 Image size of job updated: 189272
	53  -  MemoryUsage of job (MB)
	53504  -  ResidentSetSize of job (KB)
...
005 (452144.000.000) 06/26 10:12:05 Job terminated.
	(1) Normal termination (return value 0)
		Usr 0 00:00:34, Sys 0 00:00:01  -  Run Remote Usage
		Usr 0 00:00:00, Sys 0 00:00:00  -  Run Local Usage
		Usr 0 00:00:34, Sys 0 00:00:01  -  Total Remote Usage
		Usr 0 00:00:00, Sys 0 00:00:00  -  Total Local Usage
	4176899  -  Run Bytes Sent By Job
	46038  -  Run Bytes Received By Job
	4176899  -  Total Bytes Sent By Job
	46038  -  Total Bytes Received By Job
	Partitionable Resources :    Usage  Request          
	   Cpus                 :                 1          
	   Disk (KB)            :     4149     4149          
	   Memory (MB)          :       53       53          
...
000 (472793.000.000) 06/26 16:38:26 Job submitted from host: <18.12.1.74:48322>
...
001 (472793.000.000) 06/26 16:38:48 Job executing on host: <18.12.9.32:49125>
...
006 (472793.000.000) 06/26 16:38:57 Image size of job updated: 81588
	21  -  MemoryUsage of job (MB)
	20484  -  ResidentSetSize of job (KB)
...
006 (472793.000.000) 06/26 16:43:58 Image size of job updated: 189280
	62  -  MemoryUsage of job (MB)
	63304  -  ResidentSetSize of job (KB)
...
005 (472793.000.000) 06/26 16:45:43 Job terminated.
	(1) Normal termination (return value 0)
		Usr 0 00:01:38, Sys 0 00:00:03  -  Run Remote Usage
		Usr 0 00:00:00, Sys 0 00:00:00  -  Run Local Usage
		Usr 0 00:01:38, Sys 0 00:00:03  -  Total Remote Usage
		Usr 0 00:00:00, Sys 0 00:00:00  -  Total Local Usage
	8482557  -  Run Bytes Sent By Job
	46344  -  Run Bytes Received By Job
	8482557  -  Total Bytes Sent By Job
	46344  -  Total Bytes Received By Job
	Partitionable Resources :    Usage  Request          
	   Cpus                 :                 1          
	   Disk (KB)            :     8355     8355          
	   Memory (MB)          :       62       62          
...
000 (491715.000.000) 06/29 09:41:49 Job submitted from host: <18.12.1.74:48322>
...
001 (491715.000.000) 06/29 09:42:01 Job executing on host: <18.12.8.24:47373>
...
006 (491715.000.000) 06/29 09:42:10 Image size of job updated: 93700
	3  -  MemoryUsage of job (MB)
	2432  -  ResidentSetSize of job (KB)
...
006 (491715.000.000) 06/29 09:43:42 Image size of job updated: 243660
	3  -  MemoryUsage of job (MB)
	2432  -  ResidentSetSize of job (KB)
...
005 (491715.000.000) 06/29 09:43:42 Job terminated.
	(1) Normal termination (return value 0)
		Usr 0 00:01:01, Sys 0 00:00:03  -  Run Remote Usage
		Usr 0 00:00:00, Sys 0 00:00:00  -  Run Local Usage
		Usr 0 00:01:01, Sys 0 00:00:03  -  Total Remote Usage
		Usr 0 00:00:00, Sys 0 00:00:00  -  Total Local Usage
	508784  -  Run Bytes Sent By Job
	46550  -  Run Bytes Received By Job
	508784  -  Total Bytes Sent By Job
	46550  -  Total Bytes Received By Job
	Partitionable Resources :    Usage  Request          
	   Cpus                 :                 1          
	   Disk (KB)            :      568      568          
	   Memory (MB)          :        3        3          
...
000 (492829.000.000) 06/29 10:15:14 Job submitted from host: <18.12.1.74:48322>
...
001 (492829.000.000) 06/29 10:15:25 Job executing on host: <18.12.9.24:46205>
...
006 (492829.000.000) 06/29 10:15:33 Image size of job updated: 242464
	56  -  MemoryUsage of job (MB)
	57340  -  ResidentSetSize of job (KB)
...
006 (492829.000.000) 06/29 10:17:04 Image size of job updated: 243660
	56  -  MemoryUsage of job (MB)
	57340  -  ResidentSetSize of job (KB)
...
005 (492829.000.000) 06/29 10:17:04 Job terminated.
	(1) Normal termination (return value 0)
		Usr 0 00:00:55, Sys 0 00:00:01  -  Run Remote Usage
		Usr 0 00:00:00, Sys 0 00:00:00  -  Run Local Usage
		Usr 0 00:00:55, Sys 0 00:00:01  -  Total Remote Usage
		Usr 0 00:00:00, Sys 0 00:00:00  -  Total Local Usage
	508733  -  Run Bytes Sent By Job
	46566  -  Run Bytes Received By Job
	508733  -  Total Bytes Sent By Job
	46566  -  Total Bytes Received By Job
	Partitionable Resources :    Usage  Request          
	   Cpus                 :                 1          
	   Disk (KB)            :      568      568          
	   Memory (MB)          :       56       56          
...
000 (495186.000.000) 06/29 21:57:33 Job submitted from host: <18.12.1.74:48322>
...
001 (495186.000.000) 06/29 21:57:38 Job executing on host: <18.12.8.123:45986>
...
006 (495186.000.000) 06/29 21:57:47 Image size of job updated: 153812
	41  -  MemoryUsage of job (MB)
	41868  -  ResidentSetSize of job (KB)
...
006 (495186.000.000) 06/29 21:58:43 Image size of job updated: 244192
	41  -  MemoryUsage of job (MB)
	41868  -  ResidentSetSize of job (KB)
...
005 (495186.000.000) 06/29 21:58:43 Job terminated.
	(1) Normal termination (return value 0)
		Usr 0 00:00:40, Sys 0 00:00:01  -  Run Remote Usage
		Usr 0 00:00:00, Sys 0 00:00:00  -  Run Local Usage
		Usr 0 00:00:40, Sys 0 00:00:01  -  Total Remote Usage
		Usr 0 00:00:00, Sys 0 00:00:00  -  Total Local Usage
	508952  -  Run Bytes Sent By Job
	46564  -  Run Bytes Received By Job
	508952  -  Total Bytes Sent By Job
	46564  -  Total Bytes Received By Job
	Partitionable Resources :    Usage  Request          
	   Cpus                 :                 1          
	   Disk (KB)            :      568      568          
	   Memory (MB)          :       41       41          
...
000 (497320.000.000) 07/09 13:07:17 Job submitted from host: <18.12.1.74:48322>
...
001 (497320.000.000) 07/09 13:07:53 Job executing on host: <18.12.8.72:47665>
...
006 (497320.000.000) 07/09 13:08:01 Image size of job updated: 93704
	3  -  MemoryUsage of job (MB)
	2440  -  ResidentSetSize of job (KB)
...
006 (497320.000.000) 07/09 13:09:34 Image size of job updated: 244220
	3  -  MemoryUsage of job (MB)
	2440  -  ResidentSetSize of job (KB)
...
005 (497320.000.000) 07/09 13:09:35 Job terminated.
	(1) Normal termination (return value 0)
		Usr 0 00:01:00, Sys 0 00:00:02  -  Run Remote Usage
		Usr 0 00:00:00, Sys 0 00:00:00  -  Run Local Usage
		Usr 0 00:01:00, Sys 0 00:00:02  -  Total Remote Usage
		Usr 0 00:00:00, Sys 0 00:00:00  -  Total Local Usage
	508957  -  Run Bytes Sent By Job
	46648  -  Run Bytes Received By Job
	508957  -  Total Bytes Sent By Job
	46648  -  Total Bytes Received By Job
	Partitionable Resources :    Usage  Request          
	   Cpus                 :                 1          
	   Disk (KB)            :      568      568          
	   Memory (MB)          :        3        3          
...
000 (497510.000.000) 07/09 15:41:14 Job submitted from host: <18.12.1.74:48322>
...
001 (497510.000.000) 07/09 15:41:50 Job executing on host: <18.12.8.79:44891>
...
006 (497510.000.000) 07/09 15:41:59 Image size of job updated: 1196
	1  -  MemoryUsage of job (MB)
	152  -  ResidentSetSize of job (KB)
...
006 (497510.000.000) 07/09 15:44:06 Image size of job updated: 244224
	1  -  MemoryUsage of job (MB)
	152  -  ResidentSetSize of job (KB)
...
005 (497510.000.000) 07/09 15:44:06 Job terminated.
	(1) Normal termination (return value 0)
		Usr 0 00:01:21, Sys 0 00:00:05  -  Run Remote Usage
		Usr 0 00:00:00, Sys 0 00:00:00  -  Run Local Usage
		Usr 0 00:01:21, Sys 0 00:00:05  -  Total Remote Usage
		Usr 0 00:00:00, Sys 0 00:00:00  -  Total Local Usage
	508925  -  Run Bytes Sent By Job
	46609  -  Run Bytes Received By Job
	508925  -  Total Bytes Sent By Job
	46609  -  Total Bytes Received By Job
	Partitionable Resources :    Usage  Request          
	   Cpus                 :                 1          
	   Disk (KB)            :      568      568          
	   Memory (MB)          :        1        1          
...
000 (497808.000.000) 07/09 16:39:17 Job submitted from host: <18.12.1.74:48322>
...
001 (497808.000.000) 07/09 16:39:30 Job executing on host: <18.12.8.230:40657>
...
006 (497808.000.000) 07/09 16:39:38 Image size of job updated: 69176
	14  -  MemoryUsage of job (MB)
	13320  -  ResidentSetSize of job (KB)
...
006 (497808.000.000) 07/09 16:41:27 Image size of job updated: 244224
	14  -  MemoryUsage of job (MB)
	13320  -  ResidentSetSize of job (KB)
...
005 (497808.000.000) 07/09 16:41:27 Job terminated.
	(1) Normal termination (return value 0)
		Usr 0 00:00:55, Sys 0 00:00:02  -  Run Remote Usage
		Usr 0 00:00:00, Sys 0 00:00:00  -  Run Local Usage
		Usr 0 00:00:55, Sys 0 00:00:02  -  Total Remote Usage
		Usr 0 00:00:00, Sys 0 00:00:00  -  Total Local Usage
	509123  -  Run Bytes Sent By Job
	46604  -  Run Bytes Received By Job
	509123  -  Total Bytes Sent By Job
	46604  -  Total Bytes Received By Job
	Partitionable Resources :    Usage  Request          
	   Cpus                 :                 1          
	   Disk (KB)            :      568      568          
	   Memory (MB)          :       14       14          
...
000 (498150.000.000) 07/10 12:07:27 Job submitted from host: <18.12.1.74:48322>
...
001 (498150.000.000) 07/10 12:07:42 Job executing on host: <18.12.9.44:43723>
...
006 (498150.000.000) 07/10 12:07:51 Image size of job updated: 239040
	47  -  MemoryUsage of job (MB)
	47480  -  ResidentSetSize of job (KB)
...
006 (498150.000.000) 07/10 12:10:03 Image size of job updated: 244224
	47  -  MemoryUsage of job (MB)
	47480  -  ResidentSetSize of job (KB)
...
005 (498150.000.000) 07/10 12:10:03 Job terminated.
	(1) Normal termination (return value 0)
		Usr 0 00:00:55, Sys 0 00:00:03  -  Run Remote Usage
		Usr 0 00:00:00, Sys 0 00:00:00  -  Run Local Usage
		Usr 0 00:00:55, Sys 0 00:00:03  -  Total Remote Usage
		Usr 0 00:00:00, Sys 0 00:00:00  -  Total Local Usage
	509171  -  Run Bytes Sent By Job
	46586  -  Run Bytes Received By Job
	509171  -  Total Bytes Sent By Job
	46586  -  Total Bytes Received By Job
	Partitionable Resources :    Usage  Request          
	   Cpus                 :                 1          
	   Disk (KB)            :      568      568          
	   Memory (MB)          :       47       47          
...
000 (498662.000.000) 07/10 16:45:27 Job submitted from host: <18.12.1.74:48322>
...
001 (498662.000.000) 07/10 16:50:21 Job executing on host: <18.12.8.233:46716>
...
006 (498662.000.000) 07/10 16:50:29 Image size of job updated: 147872
	32  -  MemoryUsage of job (MB)
	32756  -  ResidentSetSize of job (KB)
...
006 (498662.000.000) 07/10 16:51:02 Image size of job updated: 243220
	32  -  MemoryUsage of job (MB)
	32756  -  ResidentSetSize of job (KB)
...
005 (498662.000.000) 07/10 17:27:47 Job terminated.
	(1) Normal termination (return value 0)
		Usr 0 00:00:04, Sys 0 00:00:00  -  Run Remote Usage
		Usr 0 00:00:00, Sys 0 00:00:00  -  Run Local Usage
		Usr 0 00:00:04, Sys 0 00:00:00  -  Total Remote Usage
		Usr 0 00:00:00, Sys 0 00:00:00  -  Total Local Usage
	519346  -  Run Bytes Sent By Job
	47454  -  Run Bytes Received By Job
	519346  -  Total Bytes Sent By Job
	47454  -  Total Bytes Received By Job
	Partitionable Resources :    Usage  Request          
	   Cpus                 :                 1          
	   Disk (KB)            :      579      579          
	   Memory (MB)          :       32       32          
...
