
----------------------------------------------------
Job started on Fri Jul 10 16:45:48 EDT 2015 at WN: hibat0091.cmsaf.mit.edu 
Job is running on Linux hibat0091.cmsaf.mit.edu 2.6.32-358.el6.x86_64 #1 SMP Fri Feb 22 20:37:17 CST 2013 x86_64 x86_64 x86_64 GNU/Linux
Filesystem            Size  Used Avail Use% Mounted on
/dev/sda3              20G  3.4G   16G  19% /
tmpfs                  24G     0   24G   0% /dev/shm
/dev/sda1              97M   32M   61M  35% /boot
/dev/sda4             873G   76G  798G   9% /export/data1
/dev/sdb1             2.7T  2.7T   28G  99% /export/00b
/dev/sdc1             2.7T  2.7T   35G  99% /export/00c
/dev/sdd1             2.7T  2.7T   32G  99% /export/00d
/dev/sde1             2.7T  2.7T   25G 100% /export/00e
/dev/sdf1             2.7T  2.7T   27G 100% /export/00f
/dev/sdg1             3.6T  3.2T  474G  88% /export/00g
/dev/sdh1             3.6T  3.1T  496G  87% /export/00h
fuse_dfs              4.9P  4.5P  447T  92% /mnt/hadoop
cvmfs2                 98G   69G   30G  70% /cvmfs/cms.cern.ch
cvmfs2                 98G   69G   30G  70% /cvmfs/cvmfs.cmsaf.mit.edu
t2srv0004:/export/db  135G  187M  135G   1% /net/t2srv0004/db
gcc (GCC) 4.4.7 20120313 (Red Hat 4.4.7-3)
Copyright (C) 2010 Free Software Foundation, Inc.
This is free software; see the source for copying conditions.  There is NO
warranty; not even for MERCHANTABILITY or FITNESS FOR A PARTICULAR PURPOSE.

Processing...
0/178131
10000/178131
20000/178131
30000/178131
Done!
Copied output files to hadoop rootfiles/JetRAA/June22
