000 (426513.000.000) 06/22 20:50:13 Job submitted from host: <18.12.1.74:48322>
...
001 (426513.000.000) 06/22 20:50:55 Job executing on host: <18.12.8.144:41533>
...
006 (426513.000.000) 06/22 20:51:02 Image size of job updated: 150368
	0  -  MemoryUsage of job (MB)
	0  -  ResidentSetSize of job (KB)
...
004 (426513.000.000) 06/22 20:51:02 Job was evicted.
	(0) Job was not checkpointed.
		Usr 0 00:00:00, Sys 0 00:00:00  -  Run Remote Usage
		Usr 0 00:00:00, Sys 0 00:00:00  -  Run Local Usage
	0  -  Run Bytes Sent By Job
	41910  -  Run Bytes Received By Job
	Partitionable Resources :    Usage  Request          
	   Cpus                 :                 1          
	   Disk (KB)            :      550      550          
	   Memory (MB)          :        0        0          
...
009 (426513.000.000) 06/22 20:51:06 Job was aborted by the user.
	via condor_rm (by user rkunnawa)
...
000 (491950.000.000) 06/29 09:48:25 Job submitted from host: <18.12.1.74:48322>
...
001 (491950.000.000) 06/29 09:48:59 Job executing on host: <18.12.12.8:48614>
...
006 (491950.000.000) 06/29 09:49:07 Image size of job updated: 1
	3  -  MemoryUsage of job (MB)
	2352  -  ResidentSetSize of job (KB)
...
006 (491950.000.000) 06/29 09:52:10 Image size of job updated: 251724
	3  -  MemoryUsage of job (MB)
	2352  -  ResidentSetSize of job (KB)
...
005 (491950.000.000) 06/29 09:52:10 Job terminated.
	(1) Normal termination (return value 0)
		Usr 0 00:02:17, Sys 0 00:00:02  -  Run Remote Usage
		Usr 0 00:00:00, Sys 0 00:00:00  -  Run Local Usage
		Usr 0 00:02:17, Sys 0 00:00:02  -  Total Remote Usage
		Usr 0 00:00:00, Sys 0 00:00:00  -  Total Local Usage
	508848  -  Run Bytes Sent By Job
	46550  -  Run Bytes Received By Job
	508848  -  Total Bytes Sent By Job
	46550  -  Total Bytes Received By Job
	Partitionable Resources :    Usage  Request          
	   Cpus                 :                 1          
	   Disk (KB)            :      568      568          
	   Memory (MB)          :        3        3          
...
000 (492689.000.000) 06/29 10:14:33 Job submitted from host: <18.12.1.74:48322>
...
001 (492689.000.000) 06/29 10:14:50 Job executing on host: <18.12.9.20:48030>
...
006 (492689.000.000) 06/29 10:14:58 Image size of job updated: 1
	3  -  MemoryUsage of job (MB)
	2352  -  ResidentSetSize of job (KB)
...
006 (492689.000.000) 06/29 10:18:17 Image size of job updated: 251728
	3  -  MemoryUsage of job (MB)
	2352  -  ResidentSetSize of job (KB)
...
005 (492689.000.000) 06/29 10:18:17 Job terminated.
	(1) Normal termination (return value 0)
		Usr 0 00:02:18, Sys 0 00:00:03  -  Run Remote Usage
		Usr 0 00:00:00, Sys 0 00:00:00  -  Run Local Usage
		Usr 0 00:02:18, Sys 0 00:00:03  -  Total Remote Usage
		Usr 0 00:00:00, Sys 0 00:00:00  -  Total Local Usage
	509348  -  Run Bytes Sent By Job
	46566  -  Run Bytes Received By Job
	509348  -  Total Bytes Sent By Job
	46566  -  Total Bytes Received By Job
	Partitionable Resources :    Usage  Request          
	   Cpus                 :                 1          
	   Disk (KB)            :      568      568          
	   Memory (MB)          :        3        3          
...
000 (495408.000.000) 06/29 21:59:49 Job submitted from host: <18.12.1.74:48322>
...
001 (495408.000.000) 06/29 21:59:53 Job executing on host: <18.12.9.14:42117>
...
006 (495408.000.000) 06/29 22:00:02 Image size of job updated: 1
	3  -  MemoryUsage of job (MB)
	2356  -  ResidentSetSize of job (KB)
...
006 (495408.000.000) 06/29 22:03:05 Image size of job updated: 252284
	3  -  MemoryUsage of job (MB)
	2356  -  ResidentSetSize of job (KB)
...
005 (495408.000.000) 06/29 22:03:05 Job terminated.
	(1) Normal termination (return value 0)
		Usr 0 00:02:21, Sys 0 00:00:02  -  Run Remote Usage
		Usr 0 00:00:00, Sys 0 00:00:00  -  Run Local Usage
		Usr 0 00:02:21, Sys 0 00:00:02  -  Total Remote Usage
		Usr 0 00:00:00, Sys 0 00:00:00  -  Total Local Usage
	509005  -  Run Bytes Sent By Job
	46564  -  Run Bytes Received By Job
	509005  -  Total Bytes Sent By Job
	46564  -  Total Bytes Received By Job
	Partitionable Resources :    Usage  Request          
	   Cpus                 :                 1          
	   Disk (KB)            :      568      568          
	   Memory (MB)          :        3        3          
...
