000 (426478.000.000) 06/22 20:50:09 Job submitted from host: <18.12.1.74:48322>
...
001 (426478.000.000) 06/22 20:50:50 Job executing on host: <18.12.9.54:46570>
...
006 (426478.000.000) 06/22 20:50:59 Image size of job updated: 13384
	2  -  MemoryUsage of job (MB)
	1980  -  ResidentSetSize of job (KB)
...
006 (426478.000.000) 06/22 20:51:02 Image size of job updated: 245564
	2  -  MemoryUsage of job (MB)
	1980  -  ResidentSetSize of job (KB)
...
004 (426478.000.000) 06/22 20:51:02 Job was evicted.
	(0) Job was not checkpointed.
		Usr 0 00:00:03, Sys 0 00:00:00  -  Run Remote Usage
		Usr 0 00:00:00, Sys 0 00:00:00  -  Run Local Usage
	0  -  Run Bytes Sent By Job
	41910  -  Run Bytes Received By Job
	Partitionable Resources :    Usage  Request          
	   Cpus                 :                 1          
	   Disk (KB)            :      550      550          
	   Memory (MB)          :        2        2          
...
009 (426478.000.000) 06/22 20:51:10 Job was aborted by the user.
	via condor_rm (by user rkunnawa)
...
000 (426594.000.000) 06/22 20:51:44 Job submitted from host: <18.12.1.74:48322>
...
001 (426594.000.000) 06/22 20:52:18 Job executing on host: <18.12.8.161:45548>
...
006 (426594.000.000) 06/22 20:52:26 Image size of job updated: 61364
	3  -  MemoryUsage of job (MB)
	2544  -  ResidentSetSize of job (KB)
...
006 (426594.000.000) 06/22 20:57:26 Image size of job updated: 251972
	108  -  MemoryUsage of job (MB)
	109708  -  ResidentSetSize of job (KB)
...
005 (426594.000.000) 06/22 20:59:46 Job terminated.
	(1) Normal termination (return value 0)
		Usr 0 00:03:05, Sys 0 00:00:03  -  Run Remote Usage
		Usr 0 00:00:00, Sys 0 00:00:00  -  Run Local Usage
		Usr 0 00:03:05, Sys 0 00:00:03  -  Total Remote Usage
		Usr 0 00:00:00, Sys 0 00:00:00  -  Total Local Usage
	495116  -  Run Bytes Sent By Job
	41910  -  Run Bytes Received By Job
	495116  -  Total Bytes Sent By Job
	41910  -  Total Bytes Received By Job
	Partitionable Resources :    Usage  Request          
	   Cpus                 :                 1          
	   Disk (KB)            :      550      550          
	   Memory (MB)          :      108      108          
...
000 (491915.000.000) 06/29 09:48:21 Job submitted from host: <18.12.1.74:48322>
...
001 (491915.000.000) 06/29 09:49:03 Job executing on host: <18.12.8.111:43942>
...
006 (491915.000.000) 06/29 09:49:11 Image size of job updated: 1
	3  -  MemoryUsage of job (MB)
	2368  -  ResidentSetSize of job (KB)
...
006 (491915.000.000) 06/29 09:50:57 Image size of job updated: 247180
	3  -  MemoryUsage of job (MB)
	2368  -  ResidentSetSize of job (KB)
...
005 (491915.000.000) 06/29 09:50:57 Job terminated.
	(1) Normal termination (return value 0)
		Usr 0 00:01:11, Sys 0 00:00:02  -  Run Remote Usage
		Usr 0 00:00:00, Sys 0 00:00:00  -  Run Local Usage
		Usr 0 00:01:11, Sys 0 00:00:02  -  Total Remote Usage
		Usr 0 00:00:00, Sys 0 00:00:00  -  Total Local Usage
	508792  -  Run Bytes Sent By Job
	46550  -  Run Bytes Received By Job
	508792  -  Total Bytes Sent By Job
	46550  -  Total Bytes Received By Job
	Partitionable Resources :    Usage  Request          
	   Cpus                 :                 1          
	   Disk (KB)            :      568      568          
	   Memory (MB)          :        3        3          
...
000 (492654.000.000) 06/29 10:14:30 Job submitted from host: <18.12.1.74:48322>
...
001 (492654.000.000) 06/29 10:14:45 Job executing on host: <18.12.8.241:49709>
...
006 (492654.000.000) 06/29 10:14:54 Image size of job updated: 245892
	62  -  MemoryUsage of job (MB)
	62944  -  ResidentSetSize of job (KB)
...
006 (492654.000.000) 06/29 10:17:13 Image size of job updated: 247184
	62  -  MemoryUsage of job (MB)
	62944  -  ResidentSetSize of job (KB)
...
005 (492654.000.000) 06/29 10:17:14 Job terminated.
	(1) Normal termination (return value 0)
		Usr 0 00:01:43, Sys 0 00:00:02  -  Run Remote Usage
		Usr 0 00:00:00, Sys 0 00:00:00  -  Run Local Usage
		Usr 0 00:01:43, Sys 0 00:00:02  -  Total Remote Usage
		Usr 0 00:00:00, Sys 0 00:00:00  -  Total Local Usage
	509024  -  Run Bytes Sent By Job
	46566  -  Run Bytes Received By Job
	509024  -  Total Bytes Sent By Job
	46566  -  Total Bytes Received By Job
	Partitionable Resources :    Usage  Request          
	   Cpus                 :                 1          
	   Disk (KB)            :      568      568          
	   Memory (MB)          :       62       62          
...
000 (495373.000.000) 06/29 21:59:37 Job submitted from host: <18.12.1.74:48322>
...
001 (495373.000.000) 06/29 21:59:49 Job executing on host: <18.12.9.55:40657>
...
006 (495373.000.000) 06/29 21:59:57 Image size of job updated: 1
	3  -  MemoryUsage of job (MB)
	2356  -  ResidentSetSize of job (KB)
...
006 (495373.000.000) 06/29 22:02:08 Image size of job updated: 247724
	3  -  MemoryUsage of job (MB)
	2356  -  ResidentSetSize of job (KB)
...
005 (495373.000.000) 06/29 22:02:08 Job terminated.
	(1) Normal termination (return value 0)
		Usr 0 00:01:35, Sys 0 00:00:03  -  Run Remote Usage
		Usr 0 00:00:00, Sys 0 00:00:00  -  Run Local Usage
		Usr 0 00:01:35, Sys 0 00:00:03  -  Total Remote Usage
		Usr 0 00:00:00, Sys 0 00:00:00  -  Total Local Usage
	509010  -  Run Bytes Sent By Job
	46564  -  Run Bytes Received By Job
	509010  -  Total Bytes Sent By Job
	46564  -  Total Bytes Received By Job
	Partitionable Resources :    Usage  Request          
	   Cpus                 :                 1          
	   Disk (KB)            :      568      568          
	   Memory (MB)          :        3        3          
...
