000 (426661.000.000) 06/22 20:54:18 Job submitted from host: <18.12.1.74:48322>
...
001 (426661.000.000) 06/22 20:54:45 Job executing on host: <18.12.8.124:43650>
...
006 (426661.000.000) 06/22 20:54:53 Image size of job updated: 243648
	78  -  MemoryUsage of job (MB)
	79248  -  ResidentSetSize of job (KB)
...
006 (426661.000.000) 06/22 20:59:53 Image size of job updated: 246364
	121  -  MemoryUsage of job (MB)
	123300  -  ResidentSetSize of job (KB)
...
005 (426661.000.000) 06/22 21:00:06 Job terminated.
	(1) Normal termination (return value 0)
		Usr 0 00:03:30, Sys 0 00:00:10  -  Run Remote Usage
		Usr 0 00:00:00, Sys 0 00:00:00  -  Run Local Usage
		Usr 0 00:03:30, Sys 0 00:00:10  -  Total Remote Usage
		Usr 0 00:00:00, Sys 0 00:00:00  -  Total Local Usage
	495555  -  Run Bytes Sent By Job
	41910  -  Run Bytes Received By Job
	495555  -  Total Bytes Sent By Job
	41910  -  Total Bytes Received By Job
	Partitionable Resources :    Usage  Request          
	   Cpus                 :                 1          
	   Disk (KB)            :      550      550          
	   Memory (MB)          :      121      121          
...
000 (428074.000.000) 06/23 16:48:26 Job submitted from host: <18.12.1.74:48322>
...
001 (428074.000.000) 06/23 16:48:38 Job executing on host: <18.12.8.203:42263>
...
006 (428074.000.000) 06/23 16:48:47 Image size of job updated: 1196
	1  -  MemoryUsage of job (MB)
	156  -  ResidentSetSize of job (KB)
...
006 (428074.000.000) 06/23 16:53:47 Image size of job updated: 245168
	122  -  MemoryUsage of job (MB)
	124320  -  ResidentSetSize of job (KB)
...
005 (428074.000.000) 06/23 16:55:04 Job terminated.
	(1) Normal termination (return value 0)
		Usr 0 00:04:05, Sys 0 00:00:04  -  Run Remote Usage
		Usr 0 00:00:00, Sys 0 00:00:00  -  Run Local Usage
		Usr 0 00:04:05, Sys 0 00:00:04  -  Total Remote Usage
		Usr 0 00:00:00, Sys 0 00:00:00  -  Total Local Usage
	511887  -  Run Bytes Sent By Job
	47429  -  Run Bytes Received By Job
	511887  -  Total Bytes Sent By Job
	47429  -  Total Bytes Received By Job
	Partitionable Resources :    Usage  Request          
	   Cpus                 :                 1          
	   Disk (KB)            :      572      572          
	   Memory (MB)          :      122      122          
...
