000 (426684.000.000) 06/22 20:54:20 Job submitted from host: <18.12.1.74:48322>
...
001 (426684.000.000) 06/22 20:54:48 Job executing on host: <18.12.8.125:49125>
...
006 (426684.000.000) 06/22 20:54:56 Image size of job updated: 145224
	30  -  MemoryUsage of job (MB)
	30028  -  ResidentSetSize of job (KB)
...
006 (426684.000.000) 06/22 20:59:24 Image size of job updated: 244620
	30  -  MemoryUsage of job (MB)
	30028  -  ResidentSetSize of job (KB)
...
005 (426684.000.000) 06/22 20:59:24 Job terminated.
	(1) Normal termination (return value 0)
		Usr 0 00:02:59, Sys 0 00:00:06  -  Run Remote Usage
		Usr 0 00:00:00, Sys 0 00:00:00  -  Run Local Usage
		Usr 0 00:02:59, Sys 0 00:00:06  -  Total Remote Usage
		Usr 0 00:00:00, Sys 0 00:00:00  -  Total Local Usage
	495283  -  Run Bytes Sent By Job
	41910  -  Run Bytes Received By Job
	495283  -  Total Bytes Sent By Job
	41910  -  Total Bytes Received By Job
	Partitionable Resources :    Usage  Request          
	   Cpus                 :                 1          
	   Disk (KB)            :      550      550          
	   Memory (MB)          :       30       30          
...
000 (428097.000.000) 06/23 16:48:28 Job submitted from host: <18.12.1.74:48322>
...
001 (428097.000.000) 06/23 16:48:40 Job executing on host: <18.12.9.82:44891>
...
006 (428097.000.000) 06/23 16:48:49 Image size of job updated: 1
	3  -  MemoryUsage of job (MB)
	2360  -  ResidentSetSize of job (KB)
...
006 (428097.000.000) 06/23 16:53:49 Image size of job updated: 244660
	130  -  MemoryUsage of job (MB)
	132460  -  ResidentSetSize of job (KB)
...
005 (428097.000.000) 06/23 16:54:06 Job terminated.
	(1) Normal termination (return value 0)
		Usr 0 00:03:18, Sys 0 00:00:03  -  Run Remote Usage
		Usr 0 00:00:00, Sys 0 00:00:00  -  Run Local Usage
		Usr 0 00:03:18, Sys 0 00:00:03  -  Total Remote Usage
		Usr 0 00:00:00, Sys 0 00:00:00  -  Total Local Usage
	511889  -  Run Bytes Sent By Job
	47429  -  Run Bytes Received By Job
	511889  -  Total Bytes Sent By Job
	47429  -  Total Bytes Received By Job
	Partitionable Resources :    Usage  Request          
	   Cpus                 :                 1          
	   Disk (KB)            :      572      572          
	   Memory (MB)          :      130      130          
...
