
----------------------------------------------------
Job started on Mon Jun 29 22:00:43 EDT 2015 at WN: hibat0019.cmsaf.mit.edu 
Job is running on Linux hibat0019.cmsaf.mit.edu 2.6.32-358.el6.x86_64 #1 SMP Fri Feb 22 20:37:17 CST 2013 x86_64 x86_64 x86_64 GNU/Linux
Filesystem            Size  Used Avail Use% Mounted on
/dev/sda3              20G  3.7G   16G  20% /
tmpfs                  24G     0   24G   0% /dev/shm
/dev/sda1              97M   32M   61M  35% /boot
/dev/sda4             1.8T   80G  1.7T   5% /export/data1
/dev/sdb1             1.8T  1.6T  208G  89% /export/00b
/dev/sdc1             1.8T  1.6T  214G  89% /export/00c
/dev/sdd1             1.8T  1.6T  205G  89% /export/00d
/dev/sde1             1.8T  1.6T  198G  90% /export/00e
/dev/sdf1             1.8T  1.6T  212G  89% /export/00f
fuse_dfs              4.9P  4.4P  527T  90% /mnt/hadoop
t2srv0004:/export/db  135G  187M  135G   1% /net/t2srv0004/db
cvmfs2                 98G   75G   24G  76% /cvmfs/cms.cern.ch
cvmfs2                 98G   75G   24G  76% /cvmfs/cvmfs.cmsaf.mit.edu
cvmfs2                 98G   75G   24G  76% /cvmfs/oasis.opensciencegrid.org
gcc (GCC) 4.4.7 20120313 (Red Hat 4.4.7-3)
Copyright (C) 2010 Free Software Foundation, Inc.
This is free software; see the source for copying conditions.  There is NO
warranty; not even for MERCHANTABILITY or FITNESS FOR A PARTICULAR PURPOSE.

Processing...
0/144631
10000/144631
20000/144631
30000/144631
40000/144631
50000/144631
60000/144631
70000/144631
80000/144631
90000/144631
100000/144631
110000/144631
120000/144631
130000/144631
140000/144631
Macro finished: 
CPU time (min)  = 1.71517
Real time (min) = 2.06813
Done!
Copied output files to hadoop rootfiles/JetRAA/June22
