000 (426522.000.000) 06/22 20:50:14 Job submitted from host: <18.12.1.74:48322>
...
001 (426522.000.000) 06/22 20:50:55 Job executing on host: <18.12.6.37:42555>
...
006 (426522.000.000) 06/22 20:51:02 Image size of job updated: 245628
	0  -  MemoryUsage of job (MB)
	0  -  ResidentSetSize of job (KB)
...
004 (426522.000.000) 06/22 20:51:02 Job was evicted.
	(0) Job was not checkpointed.
		Usr 0 00:00:00, Sys 0 00:00:00  -  Run Remote Usage
		Usr 0 00:00:00, Sys 0 00:00:00  -  Run Local Usage
	0  -  Run Bytes Sent By Job
	41910  -  Run Bytes Received By Job
	Partitionable Resources :    Usage  Request          
	   Cpus                 :                 1          
	   Disk (KB)            :      550      550          
	   Memory (MB)          :        0        0          
...
009 (426522.000.000) 06/22 20:51:06 Job was aborted by the user.
	via condor_rm (by user rkunnawa)
...
000 (426616.000.000) 06/22 20:51:46 Job submitted from host: <18.12.1.74:48322>
...
001 (426616.000.000) 06/22 20:52:17 Job executing on host: <18.12.9.3:40438>
...
006 (426616.000.000) 06/22 20:52:25 Image size of job updated: 1
	3  -  MemoryUsage of job (MB)
	2356  -  ResidentSetSize of job (KB)
...
006 (426616.000.000) 06/22 20:57:19 Image size of job updated: 248132
	3  -  MemoryUsage of job (MB)
	2356  -  ResidentSetSize of job (KB)
...
005 (426616.000.000) 06/22 20:57:19 Job terminated.
	(1) Normal termination (return value 0)
		Usr 0 00:03:45, Sys 0 00:00:03  -  Run Remote Usage
		Usr 0 00:00:00, Sys 0 00:00:00  -  Run Local Usage
		Usr 0 00:03:45, Sys 0 00:00:03  -  Total Remote Usage
		Usr 0 00:00:00, Sys 0 00:00:00  -  Total Local Usage
	495257  -  Run Bytes Sent By Job
	41910  -  Run Bytes Received By Job
	495257  -  Total Bytes Sent By Job
	41910  -  Total Bytes Received By Job
	Partitionable Resources :    Usage  Request          
	   Cpus                 :                 1          
	   Disk (KB)            :      550      550          
	   Memory (MB)          :        3        3          
...
000 (491959.000.000) 06/29 09:48:27 Job submitted from host: <18.12.1.74:48322>
...
001 (491959.000.000) 06/29 09:49:05 Job executing on host: <18.12.8.191:47519>
...
006 (491959.000.000) 06/29 09:49:14 Image size of job updated: 1
	3  -  MemoryUsage of job (MB)
	2376  -  ResidentSetSize of job (KB)
...
006 (491959.000.000) 06/29 09:54:15 Image size of job updated: 247084
	74  -  MemoryUsage of job (MB)
	74788  -  ResidentSetSize of job (KB)
...
006 (491959.000.000) 06/29 09:56:29 Image size of job updated: 247268
	74  -  MemoryUsage of job (MB)
	74788  -  ResidentSetSize of job (KB)
...
005 (491959.000.000) 06/29 09:56:29 Job terminated.
	(1) Normal termination (return value 0)
		Usr 0 00:02:03, Sys 0 00:00:02  -  Run Remote Usage
		Usr 0 00:00:00, Sys 0 00:00:00  -  Run Local Usage
		Usr 0 00:02:03, Sys 0 00:00:02  -  Total Remote Usage
		Usr 0 00:00:00, Sys 0 00:00:00  -  Total Local Usage
	508959  -  Run Bytes Sent By Job
	46550  -  Run Bytes Received By Job
	508959  -  Total Bytes Sent By Job
	46550  -  Total Bytes Received By Job
	Partitionable Resources :    Usage  Request          
	   Cpus                 :                 1          
	   Disk (KB)            :      568      568          
	   Memory (MB)          :       74       74          
...
000 (492698.000.000) 06/29 10:14:34 Job submitted from host: <18.12.1.74:48322>
...
001 (492698.000.000) 06/29 10:14:50 Job executing on host: <18.12.8.47:47957>
...
006 (492698.000.000) 06/29 10:14:59 Image size of job updated: 1
	3  -  MemoryUsage of job (MB)
	2348  -  ResidentSetSize of job (KB)
...
006 (492698.000.000) 06/29 10:20:00 Image size of job updated: 247092
	111  -  MemoryUsage of job (MB)
	113624  -  ResidentSetSize of job (KB)
...
006 (492698.000.000) 06/29 10:25:00 Image size of job updated: 247092
	111  -  MemoryUsage of job (MB)
	113636  -  ResidentSetSize of job (KB)
...
006 (492698.000.000) 06/29 10:28:25 Image size of job updated: 248028
	111  -  MemoryUsage of job (MB)
	113636  -  ResidentSetSize of job (KB)
...
005 (492698.000.000) 06/29 10:28:25 Job terminated.
	(1) Normal termination (return value 0)
		Usr 0 00:02:49, Sys 0 00:00:05  -  Run Remote Usage
		Usr 0 00:00:00, Sys 0 00:00:00  -  Run Local Usage
		Usr 0 00:02:49, Sys 0 00:00:05  -  Total Remote Usage
		Usr 0 00:00:00, Sys 0 00:00:00  -  Total Local Usage
	509044  -  Run Bytes Sent By Job
	46566  -  Run Bytes Received By Job
	509044  -  Total Bytes Sent By Job
	46566  -  Total Bytes Received By Job
	Partitionable Resources :    Usage  Request          
	   Cpus                 :                 1          
	   Disk (KB)            :      568      568          
	   Memory (MB)          :      111      111          
...
000 (495417.000.000) 06/29 21:59:50 Job submitted from host: <18.12.1.74:48322>
...
001 (495417.000.000) 06/29 22:00:04 Job executing on host: <18.12.8.34:42555>
...
006 (495417.000.000) 06/29 22:00:12 Image size of job updated: 97904
	3  -  MemoryUsage of job (MB)
	2460  -  ResidentSetSize of job (KB)
...
006 (495417.000.000) 06/29 22:03:20 Image size of job updated: 247856
	3  -  MemoryUsage of job (MB)
	2460  -  ResidentSetSize of job (KB)
...
005 (495417.000.000) 06/29 22:03:20 Job terminated.
	(1) Normal termination (return value 0)
		Usr 0 00:02:31, Sys 0 00:00:05  -  Run Remote Usage
		Usr 0 00:00:00, Sys 0 00:00:00  -  Run Local Usage
		Usr 0 00:02:31, Sys 0 00:00:05  -  Total Remote Usage
		Usr 0 00:00:00, Sys 0 00:00:00  -  Total Local Usage
	508983  -  Run Bytes Sent By Job
	46564  -  Run Bytes Received By Job
	508983  -  Total Bytes Sent By Job
	46564  -  Total Bytes Received By Job
	Partitionable Resources :    Usage  Request          
	   Cpus                 :                 1          
	   Disk (KB)            :      568      568          
	   Memory (MB)          :        3        3          
...
