
----------------------------------------------------
Job started on Tue Jun 23 16:48:40 EDT 2015 at WN: t2bat0332.cmsaf.mit.edu 
Job is running on Linux t2bat0332.cmsaf.mit.edu 2.6.32-358.el6.x86_64 #1 SMP Fri Feb 22 20:37:17 CST 2013 x86_64 x86_64 x86_64 GNU/Linux
Filesystem            Size  Used Avail Use% Mounted on
/dev/sda3              20G  2.5G   17G  13% /
tmpfs                  32G     0   32G   0% /dev/shm
/dev/sda1              97M   32M   61M  35% /boot
/dev/sda4             416G   94G  322G  23% /export/data1
fuse_dfs              4.9P  4.4P  516T  90% /mnt/hadoop
/dev/sdb1             3.6T  3.2T  398G  90% /export/00b
/dev/sdc1             3.6T  3.2T  410G  89% /export/00c
/dev/sdd1             3.6T  3.2T  432G  89% /export/00d
/dev/sde1             3.6T  3.2T  408G  89% /export/00e
/dev/sdf1             3.6T  3.3T  379G  90% /export/00f
/dev/sdg1             3.6T  3.3T  390G  90% /export/00g
cvmfs2                 98G   91G  6.8G  94% /cvmfs/cms.cern.ch
t2srv0004:/export/db  135G  187M  135G   1% /net/t2srv0004/db
cvmfs2                 98G   91G  6.8G  94% /cvmfs/oasis.opensciencegrid.org
cvmfs2                 98G   91G  6.8G  94% /cvmfs/mu2e.opensciencegrid.org
gcc (GCC) 4.4.7 20120313 (Red Hat 4.4.7-3)
Copyright (C) 2010 Free Software Foundation, Inc.
This is free software; see the source for copying conditions.  There is NO
warranty; not even for MERCHANTABILITY or FITNESS FOR A PARTICULAR PURPOSE.

Processing...
0/147751
10000/147751
20000/147751
30000/147751
40000/147751
50000/147751
60000/147751
70000/147751
80000/147751
90000/147751
100000/147751
110000/147751
120000/147751
130000/147751
140000/147751
Macro finished: 
CPU time (min)  = 1.17733
Real time (min) = 2.19046
Done!
Copied output files to hadoop rootfiles/JetRAA/June22
