000 (426725.000.000) 06/22 20:55:14 Job submitted from host: <18.12.1.74:48322>
...
001 (426725.000.000) 06/22 20:55:24 Job executing on host: <18.12.6.91:40511>
...
006 (426725.000.000) 06/22 20:55:32 Image size of job updated: 241576
	56  -  MemoryUsage of job (MB)
	56932  -  ResidentSetSize of job (KB)
...
006 (426725.000.000) 06/22 20:57:34 Image size of job updated: 243248
	56  -  MemoryUsage of job (MB)
	56932  -  ResidentSetSize of job (KB)
...
005 (426725.000.000) 06/22 20:57:34 Job terminated.
	(1) Normal termination (return value 0)
		Usr 0 00:01:34, Sys 0 00:00:02  -  Run Remote Usage
		Usr 0 00:00:00, Sys 0 00:00:00  -  Run Local Usage
		Usr 0 00:01:34, Sys 0 00:00:02  -  Total Remote Usage
		Usr 0 00:00:00, Sys 0 00:00:00  -  Total Local Usage
	495033  -  Run Bytes Sent By Job
	41910  -  Run Bytes Received By Job
	495033  -  Total Bytes Sent By Job
	41910  -  Total Bytes Received By Job
	Partitionable Resources :    Usage  Request          
	   Cpus                 :                 1          
	   Disk (KB)            :      550      550          
	   Memory (MB)          :       56       56          
...
000 (492007.000.000) 06/29 09:51:33 Job submitted from host: <18.12.1.74:48322>
...
001 (492007.000.000) 06/29 09:51:45 Job executing on host: <18.12.8.106:48760>
...
006 (492007.000.000) 06/29 09:51:54 Image size of job updated: 1
	3  -  MemoryUsage of job (MB)
	2360  -  ResidentSetSize of job (KB)
...
006 (492007.000.000) 06/29 09:52:36 Image size of job updated: 243736
	3  -  MemoryUsage of job (MB)
	2360  -  ResidentSetSize of job (KB)
...
005 (492007.000.000) 06/29 09:52:36 Job terminated.
	(1) Normal termination (return value 0)
		Usr 0 00:00:26, Sys 0 00:00:01  -  Run Remote Usage
		Usr 0 00:00:00, Sys 0 00:00:00  -  Run Local Usage
		Usr 0 00:00:26, Sys 0 00:00:01  -  Total Remote Usage
		Usr 0 00:00:00, Sys 0 00:00:00  -  Total Local Usage
	508622  -  Run Bytes Sent By Job
	46550  -  Run Bytes Received By Job
	508622  -  Total Bytes Sent By Job
	46550  -  Total Bytes Received By Job
	Partitionable Resources :    Usage  Request          
	   Cpus                 :                 1          
	   Disk (KB)            :      568      568          
	   Memory (MB)          :        3        3          
...
000 (492914.000.000) 06/29 10:16:31 Job submitted from host: <18.12.1.74:48322>
...
001 (492914.000.000) 06/29 10:16:38 Job executing on host: <18.12.8.135:42044>
...
006 (492914.000.000) 06/29 10:16:47 Image size of job updated: 1
	3  -  MemoryUsage of job (MB)
	2364  -  ResidentSetSize of job (KB)
...
006 (492914.000.000) 06/29 10:17:35 Image size of job updated: 242828
	3  -  MemoryUsage of job (MB)
	2364  -  ResidentSetSize of job (KB)
...
005 (492914.000.000) 06/29 10:17:35 Job terminated.
	(1) Normal termination (return value 0)
		Usr 0 00:00:22, Sys 0 00:00:01  -  Run Remote Usage
		Usr 0 00:00:00, Sys 0 00:00:00  -  Run Local Usage
		Usr 0 00:00:22, Sys 0 00:00:01  -  Total Remote Usage
		Usr 0 00:00:00, Sys 0 00:00:00  -  Total Local Usage
	508847  -  Run Bytes Sent By Job
	46566  -  Run Bytes Received By Job
	508847  -  Total Bytes Sent By Job
	46566  -  Total Bytes Received By Job
	Partitionable Resources :    Usage  Request          
	   Cpus                 :                 1          
	   Disk (KB)            :      568      568          
	   Memory (MB)          :        3        3          
...
000 (494909.000.000) 06/29 21:56:27 Job submitted from host: <18.12.1.74:48322>
...
001 (494909.000.000) 06/29 21:56:45 Job executing on host: <18.12.8.62:41606>
...
006 (494909.000.000) 06/29 21:56:53 Image size of job updated: 214940
	42  -  MemoryUsage of job (MB)
	42752  -  ResidentSetSize of job (KB)
...
006 (494909.000.000) 06/29 21:58:22 Image size of job updated: 245308
	42  -  MemoryUsage of job (MB)
	42752  -  ResidentSetSize of job (KB)
...
005 (494909.000.000) 06/29 21:58:23 Job terminated.
	(1) Normal termination (return value 0)
		Usr 0 00:01:03, Sys 0 00:00:03  -  Run Remote Usage
		Usr 0 00:00:00, Sys 0 00:00:00  -  Run Local Usage
		Usr 0 00:01:03, Sys 0 00:00:03  -  Total Remote Usage
		Usr 0 00:00:00, Sys 0 00:00:00  -  Total Local Usage
	508781  -  Run Bytes Sent By Job
	46564  -  Run Bytes Received By Job
	508781  -  Total Bytes Sent By Job
	46564  -  Total Bytes Received By Job
	Partitionable Resources :    Usage  Request          
	   Cpus                 :                 1          
	   Disk (KB)            :      568      568          
	   Memory (MB)          :       42       42          
...
