
----------------------------------------------------
Job started on Tue Jun 23 16:48:39 EDT 2015 at WN: t2bat0317.cmsaf.mit.edu 
Job is running on Linux t2bat0317.cmsaf.mit.edu 2.6.32-358.el6.x86_64 #1 SMP Fri Feb 22 20:37:17 CST 2013 x86_64 x86_64 x86_64 GNU/Linux
Filesystem            Size  Used Avail Use% Mounted on
/dev/sda3              20G  2.7G   16G  15% /
tmpfs                  32G     0   32G   0% /dev/shm
/dev/sda1              97M   32M   61M  35% /boot
/dev/sda4             416G  100G  316G  24% /export/data1
fuse_dfs              4.9P  4.4P  516T  90% /mnt/hadoop
/dev/sdb1             3.6T  3.3T  347G  91% /export/00b
/dev/sdc1             3.6T  3.2T  403G  90% /export/00c
/dev/sdd1             3.6T  3.2T  411G  89% /export/00d
/dev/sde1             3.6T  3.2T  392G  90% /export/00e
/dev/sdf1             3.6T  3.2T  430G  89% /export/00f
/dev/sdg1             3.6T  3.2T  435G  89% /export/00g
cvmfs2                 98G   97G  682M 100% /cvmfs/cms.cern.ch
t2srv0004:/export/db  135G  187M  135G   1% /net/t2srv0004/db
cvmfs2                 98G   97G  682M 100% /cvmfs/oasis.opensciencegrid.org
cvmfs2                 98G   97G  682M 100% /cvmfs/mu2e.opensciencegrid.org
cvmfs2                 98G   97G  682M 100% /cvmfs/cdfcfs.fnal.gov
cvmfs2                 98G   97G  682M 100% /cvmfs/cvmfs.cmsaf.mit.edu
gcc (GCC) 4.4.7 20120313 (Red Hat 4.4.7-3)
Copyright (C) 2010 Free Software Foundation, Inc.
This is free software; see the source for copying conditions.  There is NO
warranty; not even for MERCHANTABILITY or FITNESS FOR A PARTICULAR PURPOSE.

Processing...
0/208816
10000/208816
20000/208816
30000/208816
40000/208816
50000/208816
60000/208816
70000/208816
80000/208816
90000/208816
100000/208816
110000/208816
120000/208816
130000/208816
140000/208816
150000/208816
160000/208816
170000/208816
180000/208816
190000/208816
200000/208816
Macro finished: 
CPU time (min)  = 1.60233
Real time (min) = 2.91329
Done!
Copied output files to hadoop rootfiles/JetRAA/June22
