000 (426645.000.000) 06/22 20:54:16 Job submitted from host: <18.12.1.74:48322>
...
001 (426645.000.000) 06/22 20:54:42 Job executing on host: <18.12.8.233:42555>
...
006 (426645.000.000) 06/22 20:54:51 Image size of job updated: 243032
	57  -  MemoryUsage of job (MB)
	57616  -  ResidentSetSize of job (KB)
...
006 (426645.000.000) 06/22 20:57:04 Image size of job updated: 245224
	57  -  MemoryUsage of job (MB)
	57616  -  ResidentSetSize of job (KB)
...
005 (426645.000.000) 06/22 20:57:04 Job terminated.
	(1) Normal termination (return value 0)
		Usr 0 00:01:27, Sys 0 00:00:02  -  Run Remote Usage
		Usr 0 00:00:00, Sys 0 00:00:00  -  Run Local Usage
		Usr 0 00:01:27, Sys 0 00:00:02  -  Total Remote Usage
		Usr 0 00:00:00, Sys 0 00:00:00  -  Total Local Usage
	495000  -  Run Bytes Sent By Job
	41910  -  Run Bytes Received By Job
	495000  -  Total Bytes Sent By Job
	41910  -  Total Bytes Received By Job
	Partitionable Resources :    Usage  Request          
	   Cpus                 :                 1          
	   Disk (KB)            :      550      550          
	   Memory (MB)          :       57       57          
...
000 (428058.000.000) 06/23 16:48:24 Job submitted from host: <18.12.1.74:48322>
...
001 (428058.000.000) 06/23 16:48:43 Job executing on host: <18.12.8.171:48176>
...
006 (428058.000.000) 06/23 16:48:51 Image size of job updated: 1
	3  -  MemoryUsage of job (MB)
	2372  -  ResidentSetSize of job (KB)
...
006 (428058.000.000) 06/23 16:51:27 Image size of job updated: 245252
	3  -  MemoryUsage of job (MB)
	2372  -  ResidentSetSize of job (KB)
...
005 (428058.000.000) 06/23 16:51:27 Job terminated.
	(1) Normal termination (return value 0)
		Usr 0 00:01:14, Sys 0 00:00:01  -  Run Remote Usage
		Usr 0 00:00:00, Sys 0 00:00:00  -  Run Local Usage
		Usr 0 00:01:14, Sys 0 00:00:01  -  Total Remote Usage
		Usr 0 00:00:00, Sys 0 00:00:00  -  Total Local Usage
	511619  -  Run Bytes Sent By Job
	47429  -  Run Bytes Received By Job
	511619  -  Total Bytes Sent By Job
	47429  -  Total Bytes Received By Job
	Partitionable Resources :    Usage  Request          
	   Cpus                 :                 1          
	   Disk (KB)            :      571      571          
	   Memory (MB)          :        3        3          
...
