000 (426474.000.000) 06/22 20:50:09 Job submitted from host: <18.12.1.74:48322>
...
001 (426474.000.000) 06/22 20:50:55 Job executing on host: <18.12.6.56:45986>
...
006 (426474.000.000) 06/22 20:51:02 Image size of job updated: 184472
	52  -  MemoryUsage of job (MB)
	52440  -  ResidentSetSize of job (KB)
...
004 (426474.000.000) 06/22 20:51:02 Job was evicted.
	(0) Job was not checkpointed.
		Usr 0 00:00:00, Sys 0 00:00:00  -  Run Remote Usage
		Usr 0 00:00:00, Sys 0 00:00:00  -  Run Local Usage
	0  -  Run Bytes Sent By Job
	41910  -  Run Bytes Received By Job
	Partitionable Resources :    Usage  Request          
	   Cpus                 :                 1          
	   Disk (KB)            :      550      550          
	   Memory (MB)          :       52       52          
...
009 (426474.000.000) 06/22 20:51:10 Job was aborted by the user.
	via condor_rm (by user rkunnawa)
...
000 (426592.000.000) 06/22 20:51:44 Job submitted from host: <18.12.1.74:48322>
...
001 (426592.000.000) 06/22 20:52:13 Job executing on host: <18.12.6.29:43942>
...
006 (426592.000.000) 06/22 20:52:22 Image size of job updated: 1
	3  -  MemoryUsage of job (MB)
	2352  -  ResidentSetSize of job (KB)
...
006 (426592.000.000) 06/22 20:57:22 Image size of job updated: 246620
	106  -  MemoryUsage of job (MB)
	107748  -  ResidentSetSize of job (KB)
...
006 (426592.000.000) 06/22 21:02:22 Image size of job updated: 249268
	122  -  MemoryUsage of job (MB)
	123928  -  ResidentSetSize of job (KB)
...
005 (426592.000.000) 06/22 21:03:29 Job terminated.
	(1) Normal termination (return value 0)
		Usr 0 00:03:46, Sys 0 00:00:03  -  Run Remote Usage
		Usr 0 00:00:00, Sys 0 00:00:00  -  Run Local Usage
		Usr 0 00:03:46, Sys 0 00:00:03  -  Total Remote Usage
		Usr 0 00:00:00, Sys 0 00:00:00  -  Total Local Usage
	495201  -  Run Bytes Sent By Job
	41910  -  Run Bytes Received By Job
	495201  -  Total Bytes Sent By Job
	41910  -  Total Bytes Received By Job
	Partitionable Resources :    Usage  Request          
	   Cpus                 :                 1          
	   Disk (KB)            :      550      550          
	   Memory (MB)          :      122      122          
...
000 (491911.000.000) 06/29 09:48:20 Job submitted from host: <18.12.1.74:48322>
...
001 (491911.000.000) 06/29 09:48:57 Job executing on host: <18.12.8.110:47300>
...
006 (491911.000.000) 06/29 09:49:06 Image size of job updated: 1
	3  -  MemoryUsage of job (MB)
	2356  -  ResidentSetSize of job (KB)
...
006 (491911.000.000) 06/29 09:50:19 Image size of job updated: 247104
	3  -  MemoryUsage of job (MB)
	2356  -  ResidentSetSize of job (KB)
...
005 (491911.000.000) 06/29 09:50:19 Job terminated.
	(1) Normal termination (return value 0)
		Usr 0 00:00:49, Sys 0 00:00:02  -  Run Remote Usage
		Usr 0 00:00:00, Sys 0 00:00:00  -  Run Local Usage
		Usr 0 00:00:49, Sys 0 00:00:02  -  Total Remote Usage
		Usr 0 00:00:00, Sys 0 00:00:00  -  Total Local Usage
	508724  -  Run Bytes Sent By Job
	46550  -  Run Bytes Received By Job
	508724  -  Total Bytes Sent By Job
	46550  -  Total Bytes Received By Job
	Partitionable Resources :    Usage  Request          
	   Cpus                 :                 1          
	   Disk (KB)            :      568      568          
	   Memory (MB)          :        3        3          
...
000 (492650.000.000) 06/29 10:14:29 Job submitted from host: <18.12.1.74:48322>
...
001 (492650.000.000) 06/29 10:14:45 Job executing on host: <18.12.12.6:46424>
...
006 (492650.000.000) 06/29 10:14:54 Image size of job updated: 1
	3  -  MemoryUsage of job (MB)
	2352  -  ResidentSetSize of job (KB)
...
006 (492650.000.000) 06/29 10:16:38 Image size of job updated: 247132
	3  -  MemoryUsage of job (MB)
	2352  -  ResidentSetSize of job (KB)
...
005 (492650.000.000) 06/29 10:16:39 Job terminated.
	(1) Normal termination (return value 0)
		Usr 0 00:01:12, Sys 0 00:00:01  -  Run Remote Usage
		Usr 0 00:00:00, Sys 0 00:00:00  -  Run Local Usage
		Usr 0 00:01:12, Sys 0 00:00:01  -  Total Remote Usage
		Usr 0 00:00:00, Sys 0 00:00:00  -  Total Local Usage
	509091  -  Run Bytes Sent By Job
	46566  -  Run Bytes Received By Job
	509091  -  Total Bytes Sent By Job
	46566  -  Total Bytes Received By Job
	Partitionable Resources :    Usage  Request          
	   Cpus                 :                 1          
	   Disk (KB)            :      568      568          
	   Memory (MB)          :        3        3          
...
000 (495369.000.000) 06/29 21:59:36 Job submitted from host: <18.12.1.74:48322>
...
001 (495369.000.000) 06/29 21:59:49 Job executing on host: <18.12.8.50:40073>
...
006 (495369.000.000) 06/29 21:59:58 Image size of job updated: 246088
	61  -  MemoryUsage of job (MB)
	62280  -  ResidentSetSize of job (KB)
...
006 (495369.000.000) 06/29 22:01:59 Image size of job updated: 247664
	61  -  MemoryUsage of job (MB)
	62280  -  ResidentSetSize of job (KB)
...
005 (495369.000.000) 06/29 22:01:59 Job terminated.
	(1) Normal termination (return value 0)
		Usr 0 00:01:37, Sys 0 00:00:04  -  Run Remote Usage
		Usr 0 00:00:00, Sys 0 00:00:00  -  Run Local Usage
		Usr 0 00:01:37, Sys 0 00:00:04  -  Total Remote Usage
		Usr 0 00:00:00, Sys 0 00:00:00  -  Total Local Usage
	508885  -  Run Bytes Sent By Job
	46564  -  Run Bytes Received By Job
	508885  -  Total Bytes Sent By Job
	46564  -  Total Bytes Received By Job
	Partitionable Resources :    Usage  Request          
	   Cpus                 :                 1          
	   Disk (KB)            :      568      568          
	   Memory (MB)          :       61       61          
...
