
----------------------------------------------------
Job started on Tue Jun 23 16:48:38 EDT 2015 at WN: t2bat0153.cmsaf.mit.edu 
Job is running on Linux t2bat0153.cmsaf.mit.edu 2.6.32-358.el6.x86_64 #1 SMP Fri Feb 22 20:37:17 CST 2013 x86_64 x86_64 x86_64 GNU/Linux
Filesystem            Size  Used Avail Use% Mounted on
/dev/sda3              20G  3.1G   16G  17% /
tmpfs                  12G     0   12G   0% /dev/shm
/dev/sda1              97M   32M   61M  35% /boot
/dev/sda4             874G   95G  780G  11% /export/data1
fuse_dfs              4.9P  4.4P  516T  90% /mnt/hadoop
/dev/sdc1             1.8T  1.6T  209G  89% /export/00b
/dev/sdd1             1.8T  1.6T  215G  89% /export/00c
/dev/sde1             1.8T  1.6T  224G  88% /export/00d
/dev/sdb1             1.8T  1.6T  228G  88% /export/00e
/dev/sdf1             1.8T  1.6T  225G  88% /export/00f
t2srv0004:/export/db  135G  187M  135G   1% /net/t2srv0004/db
cvmfs2                 98G   93G  4.9G  96% /cvmfs/cms.cern.ch
cvmfs2                 98G   93G  4.9G  96% /cvmfs/oasis.opensciencegrid.org
cvmfs2                 98G   93G  4.9G  96% /cvmfs/mu2e.opensciencegrid.org
gcc (GCC) 4.4.7 20120313 (Red Hat 4.4.7-3)
Copyright (C) 2010 Free Software Foundation, Inc.
This is free software; see the source for copying conditions.  There is NO
warranty; not even for MERCHANTABILITY or FITNESS FOR A PARTICULAR PURPOSE.

Processing...
0/331273
10000/331273
20000/331273
30000/331273
40000/331273
50000/331273
60000/331273
70000/331273
80000/331273
90000/331273
100000/331273
110000/331273
120000/331273
130000/331273
140000/331273
150000/331273
160000/331273
170000/331273
180000/331273
190000/331273
200000/331273
210000/331273
220000/331273
230000/331273
240000/331273
250000/331273
260000/331273
270000/331273
280000/331273
290000/331273
300000/331273
310000/331273
320000/331273
330000/331273
Macro finished: 
CPU time (min)  = 2.9755
Real time (min) = 4.41575
Done!
Copied output files to hadoop rootfiles/JetRAA/June22
