000 (426743.000.000) 06/22 20:55:16 Job submitted from host: <18.12.1.74:48322>
...
001 (426743.000.000) 06/22 20:55:25 Job executing on host: <18.12.6.39:44015>
...
006 (426743.000.000) 06/22 20:55:34 Image size of job updated: 184548
	50  -  MemoryUsage of job (MB)
	50832  -  ResidentSetSize of job (KB)
...
006 (426743.000.000) 06/22 21:00:07 Image size of job updated: 243348
	50  -  MemoryUsage of job (MB)
	50832  -  ResidentSetSize of job (KB)
...
005 (426743.000.000) 06/22 21:00:07 Job terminated.
	(1) Normal termination (return value 0)
		Usr 0 00:02:48, Sys 0 00:00:02  -  Run Remote Usage
		Usr 0 00:00:00, Sys 0 00:00:00  -  Run Local Usage
		Usr 0 00:02:48, Sys 0 00:00:02  -  Total Remote Usage
		Usr 0 00:00:00, Sys 0 00:00:00  -  Total Local Usage
	495149  -  Run Bytes Sent By Job
	41910  -  Run Bytes Received By Job
	495149  -  Total Bytes Sent By Job
	41910  -  Total Bytes Received By Job
	Partitionable Resources :    Usage  Request          
	   Cpus                 :                 1          
	   Disk (KB)            :      550      550          
	   Memory (MB)          :       50       50          
...
