
----------------------------------------------------
Job started on Mon Jun 29 21:59:51 EDT 2015 at WN: t2bat0141.cmsaf.mit.edu 
Job is running on Linux t2bat0141.cmsaf.mit.edu 2.6.32-358.el6.x86_64 #1 SMP Fri Feb 22 20:37:17 CST 2013 x86_64 x86_64 x86_64 GNU/Linux
Filesystem            Size  Used Avail Use% Mounted on
/dev/sda3              20G  2.7G   17G  15% /
tmpfs                 7.8G     0  7.8G   0% /dev/shm
/dev/sda1              97M   33M   60M  36% /boot
/dev/sda4             415G   64G  352G  16% /export/data1
/dev/sdb1             1.8T  1.6T  218G  89% /export/00b
/dev/sdc1             1.8T  1.6T  198G  90% /export/00c
/dev/sdd1             1.8T  1.7T  195G  90% /export/00d
/dev/sde1             1.8T  1.6T  211G  89% /export/00e
/dev/sdf1             1.8T  1.6T  213G  89% /export/00f
fuse_dfs              4.9P  4.4P  527T  90% /mnt/hadoop
t2srv0004:/export/db  135G  187M  135G   1% /net/t2srv0004/db
cvmfs2                 98G   59G   39G  61% /cvmfs/cms.cern.ch
cvmfs2                 98G   59G   39G  61% /cvmfs/cvmfs.cmsaf.mit.edu
cvmfs2                 98G   59G   39G  61% /cvmfs/oasis.opensciencegrid.org
gcc (GCC) 4.4.7 20120313 (Red Hat 4.4.7-3)
Copyright (C) 2010 Free Software Foundation, Inc.
This is free software; see the source for copying conditions.  There is NO
warranty; not even for MERCHANTABILITY or FITNESS FOR A PARTICULAR PURPOSE.

Processing...
0/136863
10000/136863
20000/136863
30000/136863
40000/136863
50000/136863
60000/136863
70000/136863
80000/136863
90000/136863
100000/136863
110000/136863
120000/136863
130000/136863
Macro finished: 
CPU time (min)  = 1.23367
Real time (min) = 3.66224
Done!
Copied output files to hadoop rootfiles/JetRAA/June22
