
----------------------------------------------------
Job started on Mon Jun 29 22:00:24 EDT 2015 at WN: t2bat0257.cmsaf.mit.edu 
Job is running on Linux t2bat0257.cmsaf.mit.edu 2.6.32-358.el6.x86_64 #1 SMP Fri Feb 22 20:37:17 CST 2013 x86_64 x86_64 x86_64 GNU/Linux
Filesystem            Size  Used Avail Use% Mounted on
/dev/sda3              20G  3.2G   16G  17% /
tmpfs                  12G     0   12G   0% /dev/shm
/dev/sda1              97M   32M   61M  35% /boot
/dev/sda4             874G  103G  772G  12% /export/data1
/dev/sdb1             1.8T  1.6T  200G  90% /export/00b
/dev/sdc1             1.8T  1.6T  205G  89% /export/00c
/dev/sdd1             1.8T  1.6T  211G  89% /export/00d
/dev/sde1             1.8T  1.6T  202G  90% /export/00e
/dev/sdf1             1.8T  1.6T  204G  89% /export/00f
fuse_dfs              4.9P  4.4P  527T  90% /mnt/hadoop
t2srv0004:/export/db  135G  187M  135G   1% /net/t2srv0004/db
cvmfs2                 98G   98G  154M 100% /cvmfs/cms.cern.ch
cvmfs2                 98G   98G  154M 100% /cvmfs/cvmfs.cmsaf.mit.edu
cvmfs2                 98G   98G  154M 100% /cvmfs/oasis.opensciencegrid.org
cvmfs2                 98G   98G  154M 100% /cvmfs/grid.cern.ch
cvmfs2                 98G   98G  154M 100% /cvmfs/fermilab.opensciencegrid.org
gcc (GCC) 4.4.7 20120313 (Red Hat 4.4.7-3)
Copyright (C) 2010 Free Software Foundation, Inc.
This is free software; see the source for copying conditions.  There is NO
warranty; not even for MERCHANTABILITY or FITNESS FOR A PARTICULAR PURPOSE.

Processing...
0/148591
10000/148591
20000/148591
30000/148591
40000/148591
50000/148591
60000/148591
70000/148591
80000/148591
90000/148591
100000/148591
110000/148591
120000/148591
130000/148591
140000/148591
Macro finished: 
CPU time (min)  = 1.58333
Real time (min) = 2.20195
Done!
Copied output files to hadoop rootfiles/JetRAA/June22
