000 (426740.000.000) 06/22 20:55:16 Job submitted from host: <18.12.1.74:48322>
...
001 (426740.000.000) 06/22 20:55:31 Job executing on host: <18.12.8.217:43139>
...
006 (426740.000.000) 06/22 20:55:40 Image size of job updated: 13384
	2  -  MemoryUsage of job (MB)
	1984  -  ResidentSetSize of job (KB)
...
006 (426740.000.000) 06/22 21:00:41 Image size of job updated: 243256
	120  -  MemoryUsage of job (MB)
	122312  -  ResidentSetSize of job (KB)
...
005 (426740.000.000) 06/22 21:01:47 Job terminated.
	(1) Normal termination (return value 0)
		Usr 0 00:03:05, Sys 0 00:00:03  -  Run Remote Usage
		Usr 0 00:00:00, Sys 0 00:00:00  -  Run Local Usage
		Usr 0 00:03:05, Sys 0 00:00:03  -  Total Remote Usage
		Usr 0 00:00:00, Sys 0 00:00:00  -  Total Local Usage
	495145  -  Run Bytes Sent By Job
	41910  -  Run Bytes Received By Job
	495145  -  Total Bytes Sent By Job
	41910  -  Total Bytes Received By Job
	Partitionable Resources :    Usage  Request          
	   Cpus                 :                 1          
	   Disk (KB)            :      550      550          
	   Memory (MB)          :      120      120          
...
000 (492037.000.000) 06/29 09:51:37 Job submitted from host: <18.12.1.74:48322>
...
001 (492037.000.000) 06/29 09:52:14 Job executing on host: <18.12.8.154:48979>
...
006 (492037.000.000) 06/29 09:52:22 Image size of job updated: 1
	3  -  MemoryUsage of job (MB)
	2392  -  ResidentSetSize of job (KB)
...
006 (492037.000.000) 06/29 09:56:42 Image size of job updated: 243964
	3  -  MemoryUsage of job (MB)
	2392  -  ResidentSetSize of job (KB)
...
005 (492037.000.000) 06/29 09:56:42 Job terminated.
	(1) Normal termination (return value 0)
		Usr 0 00:01:03, Sys 0 00:00:01  -  Run Remote Usage
		Usr 0 00:00:00, Sys 0 00:00:00  -  Run Local Usage
		Usr 0 00:01:03, Sys 0 00:00:01  -  Total Remote Usage
		Usr 0 00:00:00, Sys 0 00:00:00  -  Total Local Usage
	508833  -  Run Bytes Sent By Job
	46550  -  Run Bytes Received By Job
	508833  -  Total Bytes Sent By Job
	46550  -  Total Bytes Received By Job
	Partitionable Resources :    Usage  Request          
	   Cpus                 :                 1          
	   Disk (KB)            :      568      568          
	   Memory (MB)          :        3        3          
...
000 (492944.000.000) 06/29 10:16:35 Job submitted from host: <18.12.1.74:48322>
...
001 (492944.000.000) 06/29 10:16:41 Job executing on host: <18.12.8.243:45475>
...
006 (492944.000.000) 06/29 10:16:50 Image size of job updated: 151440
	37  -  MemoryUsage of job (MB)
	37164  -  ResidentSetSize of job (KB)
...
006 (492944.000.000) 06/29 10:21:51 Image size of job updated: 243308
	99  -  MemoryUsage of job (MB)
	101024  -  ResidentSetSize of job (KB)
...
006 (492944.000.000) 06/29 10:26:02 Image size of job updated: 243972
	99  -  MemoryUsage of job (MB)
	101024  -  ResidentSetSize of job (KB)
...
005 (492944.000.000) 06/29 10:26:02 Job terminated.
	(1) Normal termination (return value 0)
		Usr 0 00:01:15, Sys 0 00:00:01  -  Run Remote Usage
		Usr 0 00:00:00, Sys 0 00:00:00  -  Run Local Usage
		Usr 0 00:01:15, Sys 0 00:00:01  -  Total Remote Usage
		Usr 0 00:00:00, Sys 0 00:00:00  -  Total Local Usage
	508919  -  Run Bytes Sent By Job
	46566  -  Run Bytes Received By Job
	508919  -  Total Bytes Sent By Job
	46566  -  Total Bytes Received By Job
	Partitionable Resources :    Usage  Request          
	   Cpus                 :                 1          
	   Disk (KB)            :      568      568          
	   Memory (MB)          :       99       99          
...
000 (494939.000.000) 06/29 21:56:30 Job submitted from host: <18.12.1.74:48322>
...
001 (494939.000.000) 06/29 21:56:46 Job executing on host: <18.12.9.45:42482>
...
006 (494939.000.000) 06/29 21:56:55 Image size of job updated: 184800
	37  -  MemoryUsage of job (MB)
	36888  -  ResidentSetSize of job (KB)
...
006 (494939.000.000) 06/29 21:58:40 Image size of job updated: 244524
	37  -  MemoryUsage of job (MB)
	36888  -  ResidentSetSize of job (KB)
...
005 (494939.000.000) 06/29 21:58:41 Job terminated.
	(1) Normal termination (return value 0)
		Usr 0 00:01:09, Sys 0 00:00:02  -  Run Remote Usage
		Usr 0 00:00:00, Sys 0 00:00:00  -  Run Local Usage
		Usr 0 00:01:09, Sys 0 00:00:02  -  Total Remote Usage
		Usr 0 00:00:00, Sys 0 00:00:00  -  Total Local Usage
	509602  -  Run Bytes Sent By Job
	46564  -  Run Bytes Received By Job
	509602  -  Total Bytes Sent By Job
	46564  -  Total Bytes Received By Job
	Partitionable Resources :    Usage  Request          
	   Cpus                 :                 1          
	   Disk (KB)            :      569      569          
	   Memory (MB)          :       37       37          
...
