000 (426769.000.000) 06/22 20:55:19 Job submitted from host: <18.12.1.74:48322>
...
001 (426769.000.000) 06/22 20:55:28 Job executing on host: <18.12.9.47:46351>
...
006 (426769.000.000) 06/22 20:55:37 Image size of job updated: 1
	3  -  MemoryUsage of job (MB)
	2356  -  ResidentSetSize of job (KB)
...
006 (426769.000.000) 06/22 20:57:43 Image size of job updated: 244884
	3  -  MemoryUsage of job (MB)
	2356  -  ResidentSetSize of job (KB)
...
005 (426769.000.000) 06/22 20:57:43 Job terminated.
	(1) Normal termination (return value 0)
		Usr 0 00:01:21, Sys 0 00:00:02  -  Run Remote Usage
		Usr 0 00:00:00, Sys 0 00:00:00  -  Run Local Usage
		Usr 0 00:01:21, Sys 0 00:00:02  -  Total Remote Usage
		Usr 0 00:00:00, Sys 0 00:00:00  -  Total Local Usage
	495066  -  Run Bytes Sent By Job
	41910  -  Run Bytes Received By Job
	495066  -  Total Bytes Sent By Job
	41910  -  Total Bytes Received By Job
	Partitionable Resources :    Usage  Request          
	   Cpus                 :                 1          
	   Disk (KB)            :      550      550          
	   Memory (MB)          :        3        3          
...
