
----------------------------------------------------
Job started on Mon Jun 29 21:56:55 EDT 2015 at WN: t2bat0052.cmsaf.mit.edu 
Job is running on Linux t2bat0052.cmsaf.mit.edu 2.6.32-358.el6.x86_64 #1 SMP Fri Feb 22 20:37:17 CST 2013 x86_64 x86_64 x86_64 GNU/Linux
Filesystem            Size  Used Avail Use% Mounted on
/dev/sda3              20G  2.8G   16G  15% /
tmpfs                 7.8G     0  7.8G   0% /dev/shm
/dev/sda1              97M   33M   60M  36% /boot
/dev/sda4             415G   70G  345G  17% /export/data1
/dev/sdb1             1.8T  1.6T  205G  89% /export/00b
/dev/sdc1             1.8T  1.7T  194G  90% /export/00c
/dev/sdd1             1.8T  1.6T  206G  89% /export/00d
/dev/sde1             1.8T  1.6T  206G  89% /export/00e
/dev/sdf1             1.8T  1.6T  216G  89% /export/00f
fuse_dfs              4.9P  4.4P  527T  90% /mnt/hadoop
cvmfs2                 98G   69G   29G  71% /cvmfs/cms.cern.ch
t2srv0004:/export/db  135G  187M  135G   1% /net/t2srv0004/db
cvmfs2                 98G   69G   29G  71% /cvmfs/cvmfs.cmsaf.mit.edu
cvmfs2                 98G   69G   29G  71% /cvmfs/oasis.opensciencegrid.org
cvmfs2                 98G   69G   29G  71% /cvmfs/cdfcfs.fnal.gov
gcc (GCC) 4.4.7 20120313 (Red Hat 4.4.7-3)
Copyright (C) 2010 Free Software Foundation, Inc.
This is free software; see the source for copying conditions.  There is NO
warranty; not even for MERCHANTABILITY or FITNESS FOR A PARTICULAR PURPOSE.

Processing...
0/175946
10000/175946
20000/175946
30000/175946
40000/175946
50000/175946
60000/175946
70000/175946
80000/175946
90000/175946
100000/175946
110000/175946
120000/175946
130000/175946
140000/175946
150000/175946
160000/175946
170000/175946
Macro finished: 
CPU time (min)  = 2.96817
Real time (min) = 3.80778
Done!
Copied output files to hadoop rootfiles/JetRAA/June22
