
----------------------------------------------------
Job started on Mon Jun 29 21:59:54 EDT 2015 at WN: hibat0007.cmsaf.mit.edu 
Job is running on Linux hibat0007.cmsaf.mit.edu 2.6.32-358.el6.x86_64 #1 SMP Fri Feb 22 20:37:17 CST 2013 x86_64 x86_64 x86_64 GNU/Linux
Filesystem            Size  Used Avail Use% Mounted on
/dev/sda3              20G  3.2G   16G  17% /
tmpfs                  12G     0   12G   0% /dev/shm
/dev/sda1              97M   32M   61M  35% /boot
/dev/sda4             874G   90G  784G  11% /export/data1
/dev/sdb1             1.8T  1.6T  214G  89% /export/00b
/dev/sdc1             1.8T  1.6T  196G  90% /export/00c
/dev/sdd1             1.8T  1.6T  203G  89% /export/00d
/dev/sde1             1.8T  1.6T  206G  89% /export/00e
/dev/sdf1             1.8T  1.6T  208G  89% /export/00f
fuse_dfs              4.9P  4.4P  527T  90% /mnt/hadoop
t2srv0004:/export/db  135G  187M  135G   1% /net/t2srv0004/db
cvmfs2                 98G   88G  9.9G  90% /cvmfs/cms.cern.ch
cvmfs2                 98G   88G  9.9G  90% /cvmfs/cvmfs.cmsaf.mit.edu
gcc (GCC) 4.4.7 20120313 (Red Hat 4.4.7-3)
Copyright (C) 2010 Free Software Foundation, Inc.
This is free software; see the source for copying conditions.  There is NO
warranty; not even for MERCHANTABILITY or FITNESS FOR A PARTICULAR PURPOSE.

Processing...
0/175946
10000/175946
20000/175946
30000/175946
40000/175946
50000/175946
60000/175946
70000/175946
80000/175946
90000/175946
100000/175946
110000/175946
120000/175946
130000/175946
140000/175946
150000/175946
160000/175946
170000/175946
Macro finished: 
CPU time (min)  = 1.50917
Real time (min) = 1.94717
Done!
Copied output files to hadoop rootfiles/JetRAA/June22
