000 (426525.000.000) 06/22 20:50:14 Job submitted from host: <18.12.1.74:48322>
...
001 (426525.000.000) 06/22 20:50:48 Job executing on host: <18.12.9.14:42117>
...
006 (426525.000.000) 06/22 20:50:57 Image size of job updated: 1
	3  -  MemoryUsage of job (MB)
	2352  -  ResidentSetSize of job (KB)
...
006 (426525.000.000) 06/22 20:51:02 Image size of job updated: 245832
	3  -  MemoryUsage of job (MB)
	2352  -  ResidentSetSize of job (KB)
...
004 (426525.000.000) 06/22 20:51:02 Job was evicted.
	(0) Job was not checkpointed.
		Usr 0 00:00:01, Sys 0 00:00:00  -  Run Remote Usage
		Usr 0 00:00:00, Sys 0 00:00:00  -  Run Local Usage
	0  -  Run Bytes Sent By Job
	41910  -  Run Bytes Received By Job
	Partitionable Resources :    Usage  Request          
	   Cpus                 :                 1          
	   Disk (KB)            :      550      550          
	   Memory (MB)          :        3        3          
...
009 (426525.000.000) 06/22 20:51:10 Job was aborted by the user.
	via condor_rm (by user rkunnawa)
...
000 (491962.000.000) 06/29 09:48:27 Job submitted from host: <18.12.1.74:48322>
...
001 (491962.000.000) 06/29 09:49:00 Job executing on host: <18.12.8.138:40073>
...
006 (491962.000.000) 06/29 09:49:09 Image size of job updated: 245820
	59  -  MemoryUsage of job (MB)
	59780  -  ResidentSetSize of job (KB)
...
006 (491962.000.000) 06/29 09:50:34 Image size of job updated: 247056
	59  -  MemoryUsage of job (MB)
	59780  -  ResidentSetSize of job (KB)
...
005 (491962.000.000) 06/29 09:50:34 Job terminated.
	(1) Normal termination (return value 0)
		Usr 0 00:01:03, Sys 0 00:00:02  -  Run Remote Usage
		Usr 0 00:00:00, Sys 0 00:00:00  -  Run Local Usage
		Usr 0 00:01:03, Sys 0 00:00:02  -  Total Remote Usage
		Usr 0 00:00:00, Sys 0 00:00:00  -  Total Local Usage
	508738  -  Run Bytes Sent By Job
	46550  -  Run Bytes Received By Job
	508738  -  Total Bytes Sent By Job
	46550  -  Total Bytes Received By Job
	Partitionable Resources :    Usage  Request          
	   Cpus                 :                 1          
	   Disk (KB)            :      568      568          
	   Memory (MB)          :       59       59          
...
000 (492701.000.000) 06/29 10:14:35 Job submitted from host: <18.12.1.74:48322>
...
001 (492701.000.000) 06/29 10:14:50 Job executing on host: <18.12.8.92:46424>
...
006 (492701.000.000) 06/29 10:14:59 Image size of job updated: 245824
	59  -  MemoryUsage of job (MB)
	59844  -  ResidentSetSize of job (KB)
...
006 (492701.000.000) 06/29 10:16:31 Image size of job updated: 247032
	59  -  MemoryUsage of job (MB)
	59844  -  ResidentSetSize of job (KB)
...
005 (492701.000.000) 06/29 10:16:31 Job terminated.
	(1) Normal termination (return value 0)
		Usr 0 00:01:03, Sys 0 00:00:02  -  Run Remote Usage
		Usr 0 00:00:00, Sys 0 00:00:00  -  Run Local Usage
		Usr 0 00:01:03, Sys 0 00:00:02  -  Total Remote Usage
		Usr 0 00:00:00, Sys 0 00:00:00  -  Total Local Usage
	508968  -  Run Bytes Sent By Job
	46566  -  Run Bytes Received By Job
	508968  -  Total Bytes Sent By Job
	46566  -  Total Bytes Received By Job
	Partitionable Resources :    Usage  Request          
	   Cpus                 :                 1          
	   Disk (KB)            :      568      568          
	   Memory (MB)          :       59       59          
...
000 (495420.000.000) 06/29 21:59:51 Job submitted from host: <18.12.1.74:48322>
...
001 (495420.000.000) 06/29 21:59:58 Job executing on host: <18.12.9.35:43869>
...
006 (495420.000.000) 06/29 22:00:06 Image size of job updated: 1
	3  -  MemoryUsage of job (MB)
	2368  -  ResidentSetSize of job (KB)
...
006 (495420.000.000) 06/29 22:05:06 Image size of job updated: 247616
	116  -  MemoryUsage of job (MB)
	117884  -  ResidentSetSize of job (KB)
...
005 (495420.000.000) 06/29 22:06:36 Job terminated.
	(1) Normal termination (return value 0)
		Usr 0 00:01:22, Sys 0 00:00:02  -  Run Remote Usage
		Usr 0 00:00:00, Sys 0 00:00:00  -  Run Local Usage
		Usr 0 00:01:22, Sys 0 00:00:02  -  Total Remote Usage
		Usr 0 00:00:00, Sys 0 00:00:00  -  Total Local Usage
	509157  -  Run Bytes Sent By Job
	46564  -  Run Bytes Received By Job
	509157  -  Total Bytes Sent By Job
	46564  -  Total Bytes Received By Job
	Partitionable Resources :    Usage  Request          
	   Cpus                 :                 1          
	   Disk (KB)            :      568      568          
	   Memory (MB)          :      116      116          
...
