000 (426390.000.000) 06/22 20:50:01 Job submitted from host: <18.12.1.74:48322>
...
001 (426390.000.000) 06/22 20:50:43 Job executing on host: <18.12.6.43:45694>
...
006 (426390.000.000) 06/22 20:50:51 Image size of job updated: 147016
	35  -  MemoryUsage of job (MB)
	35560  -  ResidentSetSize of job (KB)
...
006 (426390.000.000) 06/22 20:51:02 Image size of job updated: 245080
	35  -  MemoryUsage of job (MB)
	35560  -  ResidentSetSize of job (KB)
...
004 (426390.000.000) 06/22 20:51:02 Job was evicted.
	(0) Job was not checkpointed.
		Usr 0 00:00:04, Sys 0 00:00:00  -  Run Remote Usage
		Usr 0 00:00:00, Sys 0 00:00:00  -  Run Local Usage
	0  -  Run Bytes Sent By Job
	41910  -  Run Bytes Received By Job
	Partitionable Resources :    Usage  Request          
	   Cpus                 :                 1          
	   Disk (KB)            :      550      550          
	   Memory (MB)          :       35       35          
...
009 (426390.000.000) 06/22 20:51:10 Job was aborted by the user.
	via condor_rm (by user rkunnawa)
...
000 (426550.000.000) 06/22 20:51:40 Job submitted from host: <18.12.1.74:48322>
...
001 (426550.000.000) 06/22 20:52:09 Job executing on host: <18.12.8.14:46132>
...
006 (426550.000.000) 06/22 20:52:18 Image size of job updated: 148924
	37  -  MemoryUsage of job (MB)
	37080  -  ResidentSetSize of job (KB)
...
006 (426550.000.000) 06/22 20:57:19 Image size of job updated: 247688
	111  -  MemoryUsage of job (MB)
	113056  -  ResidentSetSize of job (KB)
...
005 (426550.000.000) 06/22 20:58:10 Job terminated.
	(1) Normal termination (return value 0)
		Usr 0 00:01:25, Sys 0 00:00:02  -  Run Remote Usage
		Usr 0 00:00:00, Sys 0 00:00:00  -  Run Local Usage
		Usr 0 00:01:25, Sys 0 00:00:02  -  Total Remote Usage
		Usr 0 00:00:00, Sys 0 00:00:00  -  Total Local Usage
	495271  -  Run Bytes Sent By Job
	41910  -  Run Bytes Received By Job
	495271  -  Total Bytes Sent By Job
	41910  -  Total Bytes Received By Job
	Partitionable Resources :    Usage  Request          
	   Cpus                 :                 1          
	   Disk (KB)            :      550      550          
	   Memory (MB)          :      111      111          
...
000 (491814.000.000) 06/29 09:48:06 Job submitted from host: <18.12.1.74:48322>
...
001 (491814.000.000) 06/29 09:48:16 Job executing on host: <18.12.8.149:49052>
...
006 (491814.000.000) 06/29 09:48:24 Image size of job updated: 69052
	16  -  MemoryUsage of job (MB)
	15848  -  ResidentSetSize of job (KB)
...
006 (491814.000.000) 06/29 09:50:15 Image size of job updated: 246580
	16  -  MemoryUsage of job (MB)
	15848  -  ResidentSetSize of job (KB)
...
005 (491814.000.000) 06/29 09:50:15 Job terminated.
	(1) Normal termination (return value 0)
		Usr 0 00:00:38, Sys 0 00:00:01  -  Run Remote Usage
		Usr 0 00:00:00, Sys 0 00:00:00  -  Run Local Usage
		Usr 0 00:00:38, Sys 0 00:00:01  -  Total Remote Usage
		Usr 0 00:00:00, Sys 0 00:00:00  -  Total Local Usage
	508722  -  Run Bytes Sent By Job
	46550  -  Run Bytes Received By Job
	508722  -  Total Bytes Sent By Job
	46550  -  Total Bytes Received By Job
	Partitionable Resources :    Usage  Request          
	   Cpus                 :                 1          
	   Disk (KB)            :      567      567          
	   Memory (MB)          :       16       16          
...
000 (492566.000.000) 06/29 10:14:05 Job submitted from host: <18.12.1.74:48322>
...
001 (492566.000.000) 06/29 10:14:16 Job executing on host: <18.12.8.135:42044>
...
006 (492566.000.000) 06/29 10:14:24 Image size of job updated: 184380
	49  -  MemoryUsage of job (MB)
	49760  -  ResidentSetSize of job (KB)
...
006 (492566.000.000) 06/29 10:15:10 Image size of job updated: 246100
	49  -  MemoryUsage of job (MB)
	49760  -  ResidentSetSize of job (KB)
...
005 (492566.000.000) 06/29 10:15:10 Job terminated.
	(1) Normal termination (return value 0)
		Usr 0 00:00:31, Sys 0 00:00:01  -  Run Remote Usage
		Usr 0 00:00:00, Sys 0 00:00:00  -  Run Local Usage
		Usr 0 00:00:31, Sys 0 00:00:01  -  Total Remote Usage
		Usr 0 00:00:00, Sys 0 00:00:00  -  Total Local Usage
	508722  -  Run Bytes Sent By Job
	46566  -  Run Bytes Received By Job
	508722  -  Total Bytes Sent By Job
	46566  -  Total Bytes Received By Job
	Partitionable Resources :    Usage  Request          
	   Cpus                 :                 1          
	   Disk (KB)            :      568      568          
	   Memory (MB)          :       49       49          
...
000 (495285.000.000) 06/29 21:59:26 Job submitted from host: <18.12.1.74:48322>
...
001 (495285.000.000) 06/29 21:59:41 Job executing on host: <18.12.9.8:47300>
...
006 (495285.000.000) 06/29 21:59:50 Image size of job updated: 1
	3  -  MemoryUsage of job (MB)
	2360  -  ResidentSetSize of job (KB)
...
006 (495285.000.000) 06/29 22:01:21 Image size of job updated: 246952
	3  -  MemoryUsage of job (MB)
	2360  -  ResidentSetSize of job (KB)
...
005 (495285.000.000) 06/29 22:01:21 Job terminated.
	(1) Normal termination (return value 0)
		Usr 0 00:00:45, Sys 0 00:00:01  -  Run Remote Usage
		Usr 0 00:00:00, Sys 0 00:00:00  -  Run Local Usage
		Usr 0 00:00:45, Sys 0 00:00:01  -  Total Remote Usage
		Usr 0 00:00:00, Sys 0 00:00:00  -  Total Local Usage
	508863  -  Run Bytes Sent By Job
	46564  -  Run Bytes Received By Job
	508863  -  Total Bytes Sent By Job
	46564  -  Total Bytes Received By Job
	Partitionable Resources :    Usage  Request          
	   Cpus                 :                 1          
	   Disk (KB)            :      568      568          
	   Memory (MB)          :        3        3          
...
