
----------------------------------------------------
Job started on Mon Jun 22 20:52:12 EDT 2015 at WN: t2bat0303.cmsaf.mit.edu 
Job is running on Linux t2bat0303.cmsaf.mit.edu 2.6.32-358.el6.x86_64 #1 SMP Fri Feb 22 20:37:17 CST 2013 x86_64 x86_64 x86_64 GNU/Linux
Filesystem            Size  Used Avail Use% Mounted on
/dev/sda3              20G  2.5G   17G  13% /
tmpfs                  32G     0   32G   0% /dev/shm
/dev/sda1              97M   32M   61M  35% /boot
/dev/sda4             416G   57G  359G  14% /export/data1
fuse_dfs              4.9P  4.4P  522T  90% /mnt/hadoop
/dev/sdb1             3.6T  3.3T  377G  90% /export/00b
/dev/sdc1             3.6T  3.3T  383G  90% /export/00c
/dev/sdd1             3.6T  3.2T  410G  89% /export/00d
/dev/sde1             3.6T  3.2T  413G  89% /export/00e
/dev/sdf1             3.6T  3.2T  399G  90% /export/00f
/dev/sdg1             3.6T  3.2T  443G  88% /export/00g
cvmfs2                 98G   51G   48G  52% /cvmfs/cms.cern.ch
t2srv0004:/export/db  135G  187M  135G   1% /net/t2srv0004/db
cvmfs2                 98G   51G   48G  52% /cvmfs/mu2e.opensciencegrid.org
cvmfs2                 98G   51G   48G  52% /cvmfs/oasis.opensciencegrid.org
gcc (GCC) 4.4.7 20120313 (Red Hat 4.4.7-3)
Copyright (C) 2010 Free Software Foundation, Inc.
This is free software; see the source for copying conditions.  There is NO
warranty; not even for MERCHANTABILITY or FITNESS FOR A PARTICULAR PURPOSE.

Processing...
0/191931
10000/191931
20000/191931
30000/191931
40000/191931
50000/191931
60000/191931
70000/191931
80000/191931
90000/191931
100000/191931
110000/191931
120000/191931
130000/191931
140000/191931
150000/191931
160000/191931
170000/191931
180000/191931
190000/191931
Macro finished: 
CPU time (min)  = 1.611
Real time (min) = 2.07677
Done!
Copied output files to hadoop rootfiles/JetRAA/June22
