
----------------------------------------------------
Job started on Tue Jun 23 16:48:37 EDT 2015 at WN: t2bat0228.cmsaf.mit.edu 
Job is running on Linux t2bat0228.cmsaf.mit.edu 2.6.32-358.el6.x86_64 #1 SMP Fri Feb 22 20:37:17 CST 2013 x86_64 x86_64 x86_64 GNU/Linux
Filesystem            Size  Used Avail Use% Mounted on
/dev/sda3              20G  3.0G   16G  16% /
tmpfs                  12G     0   12G   0% /dev/shm
/dev/sda1              97M   32M   61M  35% /boot
/dev/sda4             874G   78G  797G   9% /export/data1
/dev/sdb1             1.8T  1.6T  203G  89% /export/00b
/dev/sdc1             1.8T  1.6T  203G  89% /export/00c
/dev/sdd1             1.8T  1.6T  200G  90% /export/00d
/dev/sde1             1.8T  1.6T  203G  89% /export/00e
/dev/sdf1             1.8T  1.6T  204G  89% /export/00f
fuse_dfs              4.9P  4.4P  516T  90% /mnt/hadoop
t2srv0004:/export/db  135G  187M  135G   1% /net/t2srv0004/db
cvmfs2                 98G   76G   23G  77% /cvmfs/cms.cern.ch
cvmfs2                 98G   76G   23G  77% /cvmfs/mu2e.opensciencegrid.org
cvmfs2                 98G   76G   23G  77% /cvmfs/oasis.opensciencegrid.org
gcc (GCC) 4.4.7 20120313 (Red Hat 4.4.7-3)
Copyright (C) 2010 Free Software Foundation, Inc.
This is free software; see the source for copying conditions.  There is NO
warranty; not even for MERCHANTABILITY or FITNESS FOR A PARTICULAR PURPOSE.

Processing...
0/241472
10000/241472
20000/241472
30000/241472
40000/241472
50000/241472
60000/241472
70000/241472
80000/241472
90000/241472
100000/241472
110000/241472
120000/241472
130000/241472
140000/241472
150000/241472
160000/241472
170000/241472
180000/241472
190000/241472
200000/241472
210000/241472
220000/241472
230000/241472
240000/241472
Macro finished: 
CPU time (min)  = 1.9715
Real time (min) = 3.20876
Done!
Copied output files to hadoop rootfiles/JetRAA/June22
