
----------------------------------------------------
Job started on Mon Jun 22 20:55:27 EDT 2015 at WN: t2bat0180.cmsaf.mit.edu 
Job is running on Linux t2bat0180.cmsaf.mit.edu 2.6.32-358.el6.x86_64 #1 SMP Fri Feb 22 20:37:17 CST 2013 x86_64 x86_64 x86_64 GNU/Linux
Filesystem            Size  Used Avail Use% Mounted on
/dev/sda3              20G  3.1G   16G  17% /
tmpfs                  12G     0   12G   0% /dev/shm
/dev/sda1              97M   32M   61M  35% /boot
/dev/sda4             874G   66G  809G   8% /export/data1
/dev/sdb1             1.8T  1.6T  214G  89% /export/00b
/dev/sdc1             1.8T  1.7T  183G  91% /export/00c
/dev/sdd1             1.8T  1.6T  205G  89% /export/00d
/dev/sde1             1.8T  1.7T  192G  90% /export/00e
/dev/sdf1             1.8T  1.6T  203G  89% /export/00f
fuse_dfs              4.9P  4.4P  522T  90% /mnt/hadoop
cvmfs2                 98G   63G   35G  65% /cvmfs/cms.cern.ch
t2srv0004:/export/db  135G  187M  135G   1% /net/t2srv0004/db
gcc (GCC) 4.4.7 20120313 (Red Hat 4.4.7-3)
Copyright (C) 2010 Free Software Foundation, Inc.
This is free software; see the source for copying conditions.  There is NO
warranty; not even for MERCHANTABILITY or FITNESS FOR A PARTICULAR PURPOSE.

Processing...
0/242769
10000/242769
20000/242769
30000/242769
40000/242769
50000/242769
60000/242769
70000/242769
80000/242769
90000/242769
100000/242769
110000/242769
120000/242769
130000/242769
140000/242769
150000/242769
160000/242769
170000/242769
180000/242769
190000/242769
200000/242769
210000/242769
220000/242769
230000/242769
240000/242769
Macro finished: 
CPU time (min)  = 2.09833
Real time (min) = 4.98423
Done!
Copied output files to hadoop rootfiles/JetRAA/June22
