000 (426464.000.000) 06/22 20:50:08 Job submitted from host: <18.12.1.74:48322>
...
001 (426464.000.000) 06/22 20:50:55 Job executing on host: <18.12.6.83:47300>
...
006 (426464.000.000) 06/22 20:51:02 Image size of job updated: 244908
	0  -  MemoryUsage of job (MB)
	0  -  ResidentSetSize of job (KB)
...
004 (426464.000.000) 06/22 20:51:02 Job was evicted.
	(0) Job was not checkpointed.
		Usr 0 00:00:02, Sys 0 00:00:00  -  Run Remote Usage
		Usr 0 00:00:00, Sys 0 00:00:00  -  Run Local Usage
	0  -  Run Bytes Sent By Job
	41910  -  Run Bytes Received By Job
	Partitionable Resources :    Usage  Request          
	   Cpus                 :                 1          
	   Disk (KB)            :      550      550          
	   Memory (MB)          :        0        0          
...
009 (426464.000.000) 06/22 20:51:10 Job was aborted by the user.
	via condor_rm (by user rkunnawa)
...
000 (426587.000.000) 06/22 20:51:43 Job submitted from host: <18.12.1.74:48322>
...
001 (426587.000.000) 06/22 20:52:11 Job executing on host: <18.12.9.51:49855>
...
006 (426587.000.000) 06/22 20:52:20 Image size of job updated: 244920
	48  -  MemoryUsage of job (MB)
	48964  -  ResidentSetSize of job (KB)
...
006 (426587.000.000) 06/22 20:54:23 Image size of job updated: 246232
	48  -  MemoryUsage of job (MB)
	48964  -  ResidentSetSize of job (KB)
...
005 (426587.000.000) 06/22 20:54:24 Job terminated.
	(1) Normal termination (return value 0)
		Usr 0 00:01:12, Sys 0 00:00:02  -  Run Remote Usage
		Usr 0 00:00:00, Sys 0 00:00:00  -  Run Local Usage
		Usr 0 00:01:12, Sys 0 00:00:02  -  Total Remote Usage
		Usr 0 00:00:00, Sys 0 00:00:00  -  Total Local Usage
	494913  -  Run Bytes Sent By Job
	41910  -  Run Bytes Received By Job
	494913  -  Total Bytes Sent By Job
	41910  -  Total Bytes Received By Job
	Partitionable Resources :    Usage  Request          
	   Cpus                 :                 1          
	   Disk (KB)            :      550      550          
	   Memory (MB)          :       48       48          
...
