
----------------------------------------------------
Job started on Mon Jun 29 21:59:40 EDT 2015 at WN: t2bat0311.cmsaf.mit.edu 
Job is running on Linux t2bat0311.cmsaf.mit.edu 2.6.32-358.el6.x86_64 #1 SMP Fri Feb 22 20:37:17 CST 2013 x86_64 x86_64 x86_64 GNU/Linux
Filesystem            Size  Used Avail Use% Mounted on
/dev/sda3              20G  3.4G   16G  19% /
tmpfs                  32G     0   32G   0% /dev/shm
/dev/sda1              97M   32M   61M  35% /boot
/dev/sda4             416G  108G  308G  26% /export/data1
fuse_dfs              4.9P  4.4P  527T  90% /mnt/hadoop
/dev/sdb1             3.6T  3.3T  373G  90% /export/00b
/dev/sdc1             3.6T  3.3T  386G  90% /export/00c
/dev/sdd1             3.6T  3.3T  385G  90% /export/00d
/dev/sde1             3.6T  3.3T  386G  90% /export/00e
/dev/sdf1             3.6T  3.2T  421G  89% /export/00f
/dev/sdg1             3.6T  3.2T  450G  88% /export/00g
cvmfs2                 98G   95G  2.7G  98% /cvmfs/cms.cern.ch
t2srv0004:/export/db  135G  187M  135G   1% /net/t2srv0004/db
cvmfs2                 98G   95G  2.7G  98% /cvmfs/cvmfs.cmsaf.mit.edu
cvmfs2                 98G   95G  2.7G  98% /cvmfs/oasis.opensciencegrid.org
gcc (GCC) 4.4.7 20120313 (Red Hat 4.4.7-3)
Copyright (C) 2010 Free Software Foundation, Inc.
This is free software; see the source for copying conditions.  There is NO
warranty; not even for MERCHANTABILITY or FITNESS FOR A PARTICULAR PURPOSE.

Processing...
0/155880
10000/155880
20000/155880
30000/155880
40000/155880
50000/155880
60000/155880
70000/155880
80000/155880
90000/155880
100000/155880
110000/155880
120000/155880
130000/155880
140000/155880
150000/155880
Macro finished: 
CPU time (min)  = 1.492
Real time (min) = 5.1206
Done!
Copied output files to hadoop rootfiles/JetRAA/June22
