000 (426388.000.000) 06/22 20:50:01 Job submitted from host: <18.12.1.74:48322>
...
001 (426388.000.000) 06/22 20:50:45 Job executing on host: <18.12.9.14:42117>
...
006 (426388.000.000) 06/22 20:50:53 Image size of job updated: 19220
	2  -  MemoryUsage of job (MB)
	1980  -  ResidentSetSize of job (KB)
...
006 (426388.000.000) 06/22 20:51:02 Image size of job updated: 245000
	2  -  MemoryUsage of job (MB)
	1980  -  ResidentSetSize of job (KB)
...
004 (426388.000.000) 06/22 20:51:02 Job was evicted.
	(0) Job was not checkpointed.
		Usr 0 00:00:01, Sys 0 00:00:00  -  Run Remote Usage
		Usr 0 00:00:00, Sys 0 00:00:00  -  Run Local Usage
	0  -  Run Bytes Sent By Job
	41910  -  Run Bytes Received By Job
	Partitionable Resources :    Usage  Request          
	   Cpus                 :                 1          
	   Disk (KB)            :      550      550          
	   Memory (MB)          :        2        2          
...
009 (426388.000.000) 06/22 20:51:10 Job was aborted by the user.
	via condor_rm (by user rkunnawa)
...
000 (426549.000.000) 06/22 20:51:40 Job submitted from host: <18.12.1.74:48322>
...
001 (426549.000.000) 06/22 20:52:16 Job executing on host: <18.12.8.13:46789>
...
006 (426549.000.000) 06/22 20:52:25 Image size of job updated: 9524
	2  -  MemoryUsage of job (MB)
	1316  -  ResidentSetSize of job (KB)
...
006 (426549.000.000) 06/22 20:57:26 Image size of job updated: 246488
	90  -  MemoryUsage of job (MB)
	91676  -  ResidentSetSize of job (KB)
...
005 (426549.000.000) 06/22 20:57:32 Job terminated.
	(1) Normal termination (return value 0)
		Usr 0 00:01:06, Sys 0 00:00:02  -  Run Remote Usage
		Usr 0 00:00:00, Sys 0 00:00:00  -  Run Local Usage
		Usr 0 00:01:06, Sys 0 00:00:02  -  Total Remote Usage
		Usr 0 00:00:00, Sys 0 00:00:00  -  Total Local Usage
	495152  -  Run Bytes Sent By Job
	41910  -  Run Bytes Received By Job
	495152  -  Total Bytes Sent By Job
	41910  -  Total Bytes Received By Job
	Partitionable Resources :    Usage  Request          
	   Cpus                 :                 1          
	   Disk (KB)            :      550      550          
	   Memory (MB)          :       90       90          
...
