
----------------------------------------------------
Job started on Mon Jun 22 20:55:29 EDT 2015 at WN: hibat0086.cmsaf.mit.edu 
Job is running on Linux hibat0086.cmsaf.mit.edu 2.6.32-358.el6.x86_64 #1 SMP Fri Feb 22 20:37:17 CST 2013 x86_64 x86_64 x86_64 GNU/Linux
Filesystem            Size  Used Avail Use% Mounted on
/dev/sda3              20G  3.6G   16G  20% /
tmpfs                  24G     0   24G   0% /dev/shm
/dev/sda1              97M   32M   61M  35% /boot
/dev/sda4             873G  100G  774G  12% /export/data1
/dev/sdb1             2.7T  2.7T   65G  98% /export/00b
/dev/sdc1             2.7T  2.7T   76G  98% /export/00c
/dev/sdd1             2.7T  2.7T   78G  98% /export/00d
/dev/sde1             2.7T  2.7T   82G  98% /export/00e
/dev/sdf1             2.7T  2.7T   87G  97% /export/00f
fuse_dfs              4.9P  4.4P  522T  90% /mnt/hadoop
/dev/sdg1             3.6T  3.0T  619G  84% /export/00g
/dev/sdh1             3.6T  3.1T  581G  85% /export/00h
t2srv0004:/export/db  135G  187M  135G   1% /net/t2srv0004/db
cvmfs2                 98G   98G  277M 100% /cvmfs/cms.cern.ch
cvmfs2                 98G   98G  277M 100% /cvmfs/mu2e.opensciencegrid.org
gcc (GCC) 4.4.7 20120313 (Red Hat 4.4.7-3)
Copyright (C) 2010 Free Software Foundation, Inc.
This is free software; see the source for copying conditions.  There is NO
warranty; not even for MERCHANTABILITY or FITNESS FOR A PARTICULAR PURPOSE.

Processing...
0/348904
10000/348904
20000/348904
30000/348904
40000/348904
50000/348904
60000/348904
70000/348904
80000/348904
90000/348904
100000/348904
110000/348904
120000/348904
130000/348904
140000/348904
150000/348904
160000/348904
170000/348904
180000/348904
190000/348904
200000/348904
210000/348904
220000/348904
230000/348904
240000/348904
250000/348904
260000/348904
270000/348904
280000/348904
290000/348904
300000/348904
310000/348904
320000/348904
330000/348904
340000/348904
Macro finished: 
CPU time (min)  = 4.14883
Real time (min) = 5.68763
Done!
Copied output files to hadoop rootfiles/JetRAA/June22
