
----------------------------------------------------
Job started on Mon Jun 22 20:55:35 EDT 2015 at WN: t2bat0304.cmsaf.mit.edu 
Job is running on Linux t2bat0304.cmsaf.mit.edu 2.6.32-358.el6.x86_64 #1 SMP Fri Feb 22 20:37:17 CST 2013 x86_64 x86_64 x86_64 GNU/Linux
Filesystem            Size  Used Avail Use% Mounted on
/dev/sda3              20G  2.7G   17G  14% /
tmpfs                  32G     0   32G   0% /dev/shm
/dev/sda1              97M   32M   61M  35% /boot
/dev/sda4             416G   89G  327G  22% /export/data1
fuse_dfs              4.9P  4.4P  522T  90% /mnt/hadoop
/dev/sdb1             3.6T  3.2T  443G  88% /export/00b
/dev/sdc1             3.6T  3.2T  406G  89% /export/00c
/dev/sdd1             3.6T  3.2T  399G  90% /export/00d
/dev/sde1             3.6T  3.2T  407G  89% /export/00e
/dev/sdf1             3.6T  3.2T  406G  89% /export/00f
/dev/sdg1             3.6T  3.2T  418G  89% /export/00g
cvmfs2                 98G   86G   13G  88% /cvmfs/cms.cern.ch
t2srv0004:/export/db  135G  187M  135G   1% /net/t2srv0004/db
cvmfs2                 98G   86G   13G  88% /cvmfs/mu2e.opensciencegrid.org
gcc (GCC) 4.4.7 20120313 (Red Hat 4.4.7-3)
Copyright (C) 2010 Free Software Foundation, Inc.
This is free software; see the source for copying conditions.  There is NO
warranty; not even for MERCHANTABILITY or FITNESS FOR A PARTICULAR PURPOSE.

Processing...
0/293750
10000/293750
20000/293750
30000/293750
40000/293750
50000/293750
60000/293750
70000/293750
80000/293750
90000/293750
100000/293750
110000/293750
120000/293750
130000/293750
140000/293750
150000/293750
160000/293750
170000/293750
180000/293750
190000/293750
200000/293750
210000/293750
220000/293750
230000/293750
240000/293750
250000/293750
260000/293750
270000/293750
280000/293750
290000/293750
Macro finished: 
CPU time (min)  = 2.65183
Real time (min) = 3.50081
Done!
Copied output files to hadoop rootfiles/JetRAA/June22
