
----------------------------------------------------
Job started on Mon Jun 29 21:59:54 EDT 2015 at WN: t2bat0062.cmsaf.mit.edu 
Job is running on Linux t2bat0062.cmsaf.mit.edu 2.6.32-358.el6.x86_64 #1 SMP Fri Feb 22 20:37:17 CST 2013 x86_64 x86_64 x86_64 GNU/Linux
Filesystem            Size  Used Avail Use% Mounted on
/dev/sda3              20G  3.2G   16G  17% /
tmpfs                 7.8G     0  7.8G   0% /dev/shm
/dev/sda1              97M   33M   60M  36% /boot
/dev/sda4             415G   87G  329G  21% /export/data1
/dev/sdb1             1.8T  1.6T  204G  89% /export/00b
/dev/sdc1             1.8T  1.6T  210G  89% /export/00c
/dev/sdd1             1.8T  1.6T  215G  89% /export/00d
/dev/sde1             1.8T  1.6T  201G  90% /export/00e
/dev/sdf1             1.8T  1.6T  206G  89% /export/00f
fuse_dfs              4.9P  4.4P  527T  90% /mnt/hadoop
cvmfs2                 98G   86G   13G  88% /cvmfs/cvmfs.cmsaf.mit.edu
t2srv0004:/export/db  135G  187M  135G   1% /net/t2srv0004/db
cvmfs2                 98G   86G   13G  88% /cvmfs/oasis.opensciencegrid.org
cvmfs2                 98G   86G   13G  88% /cvmfs/cms.cern.ch
gcc (GCC) 4.4.7 20120313 (Red Hat 4.4.7-3)
Copyright (C) 2010 Free Software Foundation, Inc.
This is free software; see the source for copying conditions.  There is NO
warranty; not even for MERCHANTABILITY or FITNESS FOR A PARTICULAR PURPOSE.

Processing...
0/246222
10000/246222
20000/246222
30000/246222
40000/246222
50000/246222
60000/246222
70000/246222
80000/246222
90000/246222
100000/246222
110000/246222
120000/246222
130000/246222
140000/246222
150000/246222
160000/246222
170000/246222
180000/246222
190000/246222
200000/246222
210000/246222
220000/246222
230000/246222
240000/246222
Macro finished: 
CPU time (min)  = 3.19983
Real time (min) = 3.89536
Done!
Copied output files to hadoop rootfiles/JetRAA/June22
