000 (426666.000.000) 06/22 20:54:18 Job submitted from host: <18.12.1.74:48322>
...
001 (426666.000.000) 06/22 20:54:46 Job executing on host: <18.12.8.142:40657>
...
006 (426666.000.000) 06/22 20:54:54 Image size of job updated: 243432
	53  -  MemoryUsage of job (MB)
	53992  -  ResidentSetSize of job (KB)
...
006 (426666.000.000) 06/22 20:58:58 Image size of job updated: 245508
	53  -  MemoryUsage of job (MB)
	53992  -  ResidentSetSize of job (KB)
...
005 (426666.000.000) 06/22 20:58:58 Job terminated.
	(1) Normal termination (return value 0)
		Usr 0 00:02:31, Sys 0 00:00:07  -  Run Remote Usage
		Usr 0 00:00:00, Sys 0 00:00:00  -  Run Local Usage
		Usr 0 00:02:31, Sys 0 00:00:07  -  Total Remote Usage
		Usr 0 00:00:00, Sys 0 00:00:00  -  Total Local Usage
	495402  -  Run Bytes Sent By Job
	41910  -  Run Bytes Received By Job
	495402  -  Total Bytes Sent By Job
	41910  -  Total Bytes Received By Job
	Partitionable Resources :    Usage  Request          
	   Cpus                 :                 1          
	   Disk (KB)            :      550      550          
	   Memory (MB)          :       53       53          
...
000 (428079.000.000) 06/23 16:48:26 Job submitted from host: <18.12.1.74:48322>
...
001 (428079.000.000) 06/23 16:48:38 Job executing on host: <18.12.8.153:40146>
...
006 (428079.000.000) 06/23 16:48:47 Image size of job updated: 1
	3  -  MemoryUsage of job (MB)
	2356  -  ResidentSetSize of job (KB)
...
006 (428079.000.000) 06/23 16:53:15 Image size of job updated: 244600
	3  -  MemoryUsage of job (MB)
	2356  -  ResidentSetSize of job (KB)
...
005 (428079.000.000) 06/23 16:53:16 Job terminated.
	(1) Normal termination (return value 0)
		Usr 0 00:02:49, Sys 0 00:00:02  -  Run Remote Usage
		Usr 0 00:00:00, Sys 0 00:00:00  -  Run Local Usage
		Usr 0 00:02:49, Sys 0 00:00:02  -  Total Remote Usage
		Usr 0 00:00:00, Sys 0 00:00:00  -  Total Local Usage
	511734  -  Run Bytes Sent By Job
	47429  -  Run Bytes Received By Job
	511734  -  Total Bytes Sent By Job
	47429  -  Total Bytes Received By Job
	Partitionable Resources :    Usage  Request          
	   Cpus                 :                 1          
	   Disk (KB)            :      572      572          
	   Memory (MB)          :        3        3          
...
000 (429394.000.000) 06/24 21:33:21 Job submitted from host: <18.12.1.74:48322>
...
001 (429394.000.000) 06/24 21:33:46 Job executing on host: <18.12.9.46:40292>
...
006 (429394.000.000) 06/24 21:33:55 Image size of job updated: 243648
	47  -  MemoryUsage of job (MB)
	47960  -  ResidentSetSize of job (KB)
...
006 (429394.000.000) 06/24 21:36:15 Image size of job updated: 244648
	47  -  MemoryUsage of job (MB)
	47960  -  ResidentSetSize of job (KB)
...
005 (429394.000.000) 06/24 21:36:16 Job terminated.
	(1) Normal termination (return value 0)
		Usr 0 00:01:37, Sys 0 00:00:02  -  Run Remote Usage
		Usr 0 00:00:00, Sys 0 00:00:00  -  Run Local Usage
		Usr 0 00:01:37, Sys 0 00:00:02  -  Total Remote Usage
		Usr 0 00:00:00, Sys 0 00:00:00  -  Total Local Usage
	513197  -  Run Bytes Sent By Job
	47957  -  Run Bytes Received By Job
	513197  -  Total Bytes Sent By Job
	47957  -  Total Bytes Received By Job
	Partitionable Resources :    Usage  Request          
	   Cpus                 :                 1          
	   Disk (KB)            :      573      573          
	   Memory (MB)          :       47       47          
...
000 (429575.000.000) 06/24 21:48:02 Job submitted from host: <18.12.1.74:48322>
...
001 (429575.000.000) 06/24 21:48:09 Job executing on host: <18.12.9.38:48541>
...
006 (429575.000.000) 06/24 21:48:18 Image size of job updated: 243516
	70  -  MemoryUsage of job (MB)
	71156  -  ResidentSetSize of job (KB)
...
006 (429575.000.000) 06/24 21:53:19 Image size of job updated: 244652
	114  -  MemoryUsage of job (MB)
	116212  -  ResidentSetSize of job (KB)
...
005 (429575.000.000) 06/24 21:54:42 Job terminated.
	(1) Normal termination (return value 0)
		Usr 0 00:01:45, Sys 0 00:00:03  -  Run Remote Usage
		Usr 0 00:00:00, Sys 0 00:00:00  -  Run Local Usage
		Usr 0 00:01:45, Sys 0 00:00:03  -  Total Remote Usage
		Usr 0 00:00:00, Sys 0 00:00:00  -  Total Local Usage
	512781  -  Run Bytes Sent By Job
	47957  -  Run Bytes Received By Job
	512781  -  Total Bytes Sent By Job
	47957  -  Total Bytes Received By Job
	Partitionable Resources :    Usage  Request          
	   Cpus                 :                 1          
	   Disk (KB)            :      573      573          
	   Memory (MB)          :      114      114          
...
000 (451311.000.000) 06/25 11:40:10 Job submitted from host: <18.12.1.74:48322>
...
001 (451311.000.000) 06/25 11:40:43 Job executing on host: <18.12.9.38:48541>
...
006 (451311.000.000) 06/25 11:40:52 Image size of job updated: 9524
	2  -  MemoryUsage of job (MB)
	1420  -  ResidentSetSize of job (KB)
...
006 (451311.000.000) 06/25 11:45:53 Image size of job updated: 189664
	64  -  MemoryUsage of job (MB)
	65496  -  ResidentSetSize of job (KB)
...
006 (451311.000.000) 06/25 11:50:53 Image size of job updated: 189664
	68  -  MemoryUsage of job (MB)
	69528  -  ResidentSetSize of job (KB)
...
005 (451311.000.000) 06/25 11:51:44 Job terminated.
	(1) Normal termination (return value 0)
		Usr 0 00:02:58, Sys 0 00:00:05  -  Run Remote Usage
		Usr 0 00:00:00, Sys 0 00:00:00  -  Run Local Usage
		Usr 0 00:02:58, Sys 0 00:00:05  -  Total Remote Usage
		Usr 0 00:00:00, Sys 0 00:00:00  -  Total Local Usage
	14173681  -  Run Bytes Sent By Job
	46060  -  Run Bytes Received By Job
	14173681  -  Total Bytes Sent By Job
	46060  -  Total Bytes Received By Job
	Partitionable Resources :    Usage  Request          
	   Cpus                 :                 1          
	   Disk (KB)            :    13912    13912          
	   Memory (MB)          :       68       68          
...
000 (452112.000.000) 06/26 10:10:30 Job submitted from host: <18.12.1.74:48322>
...
001 (452112.000.000) 06/26 10:10:51 Job executing on host: <18.12.6.35:40949>
...
006 (452112.000.000) 06/26 10:10:59 Image size of job updated: 92820
	19  -  MemoryUsage of job (MB)
	18500  -  ResidentSetSize of job (KB)
...
006 (452112.000.000) 06/26 10:13:24 Image size of job updated: 189652
	19  -  MemoryUsage of job (MB)
	18500  -  ResidentSetSize of job (KB)
...
005 (452112.000.000) 06/26 10:13:24 Job terminated.
	(1) Normal termination (return value 0)
		Usr 0 00:01:44, Sys 0 00:00:02  -  Run Remote Usage
		Usr 0 00:00:00, Sys 0 00:00:00  -  Run Local Usage
		Usr 0 00:01:44, Sys 0 00:00:02  -  Total Remote Usage
		Usr 0 00:00:00, Sys 0 00:00:00  -  Total Local Usage
	8298965  -  Run Bytes Sent By Job
	46038  -  Run Bytes Received By Job
	8298965  -  Total Bytes Sent By Job
	46038  -  Total Bytes Received By Job
	Partitionable Resources :    Usage  Request          
	   Cpus                 :                 1          
	   Disk (KB)            :     8175     8175          
	   Memory (MB)          :       19       19          
...
000 (472777.000.000) 06/26 16:38:24 Job submitted from host: <18.12.1.74:48322>
...
001 (472777.000.000) 06/26 16:38:47 Job executing on host: <18.12.6.31:46862>
...
006 (472777.000.000) 06/26 16:38:56 Image size of job updated: 189396
	45  -  MemoryUsage of job (MB)
	45780  -  ResidentSetSize of job (KB)
...
006 (472777.000.000) 06/26 16:42:35 Image size of job updated: 189664
	45  -  MemoryUsage of job (MB)
	45780  -  ResidentSetSize of job (KB)
...
005 (472777.000.000) 06/26 16:42:35 Job terminated.
	(1) Normal termination (return value 0)
		Usr 0 00:02:47, Sys 0 00:00:04  -  Run Remote Usage
		Usr 0 00:00:00, Sys 0 00:00:00  -  Run Local Usage
		Usr 0 00:02:47, Sys 0 00:00:04  -  Total Remote Usage
		Usr 0 00:00:00, Sys 0 00:00:00  -  Total Local Usage
	14173596  -  Run Bytes Sent By Job
	46344  -  Run Bytes Received By Job
	14173596  -  Total Bytes Sent By Job
	46344  -  Total Bytes Received By Job
	Partitionable Resources :    Usage  Request          
	   Cpus                 :                 1          
	   Disk (KB)            :    13912    13912          
	   Memory (MB)          :       45       45          
...
000 (491683.000.000) 06/29 09:41:45 Job submitted from host: <18.12.1.74:48322>
...
001 (491683.000.000) 06/29 09:41:56 Job executing on host: <18.12.8.226:49563>
...
006 (491683.000.000) 06/29 09:42:05 Image size of job updated: 1
	3  -  MemoryUsage of job (MB)
	2360  -  ResidentSetSize of job (KB)
...
006 (491683.000.000) 06/29 09:44:55 Image size of job updated: 244248
	3  -  MemoryUsage of job (MB)
	2360  -  ResidentSetSize of job (KB)
...
005 (491683.000.000) 06/29 09:44:55 Job terminated.
	(1) Normal termination (return value 0)
		Usr 0 00:01:57, Sys 0 00:00:02  -  Run Remote Usage
		Usr 0 00:00:00, Sys 0 00:00:00  -  Run Local Usage
		Usr 0 00:01:57, Sys 0 00:00:02  -  Total Remote Usage
		Usr 0 00:00:00, Sys 0 00:00:00  -  Total Local Usage
	508931  -  Run Bytes Sent By Job
	46550  -  Run Bytes Received By Job
	508931  -  Total Bytes Sent By Job
	46550  -  Total Bytes Received By Job
	Partitionable Resources :    Usage  Request          
	   Cpus                 :                 1          
	   Disk (KB)            :      568      568          
	   Memory (MB)          :        3        3          
...
000 (492797.000.000) 06/29 10:15:10 Job submitted from host: <18.12.1.74:48322>
...
001 (492797.000.000) 06/29 10:15:23 Job executing on host: <18.12.6.8:48322>
...
006 (492797.000.000) 06/29 10:15:32 Image size of job updated: 1
	3  -  MemoryUsage of job (MB)
	2352  -  ResidentSetSize of job (KB)
...
006 (492797.000.000) 06/29 10:18:53 Image size of job updated: 244248
	3  -  MemoryUsage of job (MB)
	2352  -  ResidentSetSize of job (KB)
...
005 (492797.000.000) 06/29 10:18:53 Job terminated.
	(1) Normal termination (return value 0)
		Usr 0 00:01:39, Sys 0 00:00:01  -  Run Remote Usage
		Usr 0 00:00:00, Sys 0 00:00:00  -  Run Local Usage
		Usr 0 00:01:39, Sys 0 00:00:01  -  Total Remote Usage
		Usr 0 00:00:00, Sys 0 00:00:00  -  Total Local Usage
	509017  -  Run Bytes Sent By Job
	46566  -  Run Bytes Received By Job
	509017  -  Total Bytes Sent By Job
	46566  -  Total Bytes Received By Job
	Partitionable Resources :    Usage  Request          
	   Cpus                 :                 1          
	   Disk (KB)            :      568      568          
	   Memory (MB)          :        3        3          
...
000 (495154.000.000) 06/29 21:57:25 Job submitted from host: <18.12.1.74:48322>
...
001 (495154.000.000) 06/29 21:57:34 Job executing on host: <18.12.8.118:41606>
...
006 (495154.000.000) 06/29 21:57:43 Image size of job updated: 1
	3  -  MemoryUsage of job (MB)
	2364  -  ResidentSetSize of job (KB)
...
006 (495154.000.000) 06/29 22:00:46 Image size of job updated: 244804
	3  -  MemoryUsage of job (MB)
	2364  -  ResidentSetSize of job (KB)
...
005 (495154.000.000) 06/29 22:00:46 Job terminated.
	(1) Normal termination (return value 0)
		Usr 0 00:01:20, Sys 0 00:00:03  -  Run Remote Usage
		Usr 0 00:00:00, Sys 0 00:00:00  -  Run Local Usage
		Usr 0 00:01:20, Sys 0 00:00:03  -  Total Remote Usage
		Usr 0 00:00:00, Sys 0 00:00:00  -  Total Local Usage
	508953  -  Run Bytes Sent By Job
	46564  -  Run Bytes Received By Job
	508953  -  Total Bytes Sent By Job
	46564  -  Total Bytes Received By Job
	Partitionable Resources :    Usage  Request          
	   Cpus                 :                 1          
	   Disk (KB)            :      568      568          
	   Memory (MB)          :        3        3          
...
000 (497288.000.000) 07/09 13:07:10 Job submitted from host: <18.12.1.74:48322>
...
001 (497288.000.000) 07/09 13:07:17 Job executing on host: <18.12.9.45:42482>
...
006 (497288.000.000) 07/09 13:07:26 Image size of job updated: 243624
	52  -  MemoryUsage of job (MB)
	52420  -  ResidentSetSize of job (KB)
...
006 (497288.000.000) 07/09 13:10:00 Image size of job updated: 244812
	52  -  MemoryUsage of job (MB)
	52420  -  ResidentSetSize of job (KB)
...
005 (497288.000.000) 07/09 13:10:00 Job terminated.
	(1) Normal termination (return value 0)
		Usr 0 00:01:44, Sys 0 00:00:02  -  Run Remote Usage
		Usr 0 00:00:00, Sys 0 00:00:00  -  Run Local Usage
		Usr 0 00:01:44, Sys 0 00:00:02  -  Total Remote Usage
		Usr 0 00:00:00, Sys 0 00:00:00  -  Total Local Usage
	509989  -  Run Bytes Sent By Job
	46648  -  Run Bytes Received By Job
	509989  -  Total Bytes Sent By Job
	46648  -  Total Bytes Received By Job
	Partitionable Resources :    Usage  Request          
	   Cpus                 :                 1          
	   Disk (KB)            :      569      569          
	   Memory (MB)          :       52       52          
...
000 (497478.000.000) 07/09 15:41:11 Job submitted from host: <18.12.1.74:48322>
...
001 (497478.000.000) 07/09 15:41:51 Job executing on host: <18.12.8.69:45402>
...
006 (497478.000.000) 07/09 15:42:00 Image size of job updated: 147744
	32  -  MemoryUsage of job (MB)
	32528  -  ResidentSetSize of job (KB)
...
006 (497478.000.000) 07/09 15:45:30 Image size of job updated: 244816
	32  -  MemoryUsage of job (MB)
	32528  -  ResidentSetSize of job (KB)
...
005 (497478.000.000) 07/09 15:45:30 Job terminated.
	(1) Normal termination (return value 0)
		Usr 0 00:02:19, Sys 0 00:00:05  -  Run Remote Usage
		Usr 0 00:00:00, Sys 0 00:00:00  -  Run Local Usage
		Usr 0 00:02:19, Sys 0 00:00:05  -  Total Remote Usage
		Usr 0 00:00:00, Sys 0 00:00:00  -  Total Local Usage
	509073  -  Run Bytes Sent By Job
	46609  -  Run Bytes Received By Job
	509073  -  Total Bytes Sent By Job
	46609  -  Total Bytes Received By Job
	Partitionable Resources :    Usage  Request          
	   Cpus                 :                 1          
	   Disk (KB)            :      568      568          
	   Memory (MB)          :       32       32          
...
000 (497776.000.000) 07/09 16:39:13 Job submitted from host: <18.12.1.74:48322>
...
001 (497776.000.000) 07/09 16:39:28 Job executing on host: <18.12.12.5:44088>
...
006 (497776.000.000) 07/09 16:39:36 Image size of job updated: 146224
	34  -  MemoryUsage of job (MB)
	34384  -  ResidentSetSize of job (KB)
...
006 (497776.000.000) 07/09 16:43:01 Image size of job updated: 244812
	34  -  MemoryUsage of job (MB)
	34384  -  ResidentSetSize of job (KB)
...
005 (497776.000.000) 07/09 16:43:02 Job terminated.
	(1) Normal termination (return value 0)
		Usr 0 00:02:14, Sys 0 00:00:03  -  Run Remote Usage
		Usr 0 00:00:00, Sys 0 00:00:00  -  Run Local Usage
		Usr 0 00:02:14, Sys 0 00:00:03  -  Total Remote Usage
		Usr 0 00:00:00, Sys 0 00:00:00  -  Total Local Usage
	509493  -  Run Bytes Sent By Job
	46604  -  Run Bytes Received By Job
	509493  -  Total Bytes Sent By Job
	46604  -  Total Bytes Received By Job
	Partitionable Resources :    Usage  Request          
	   Cpus                 :                 1          
	   Disk (KB)            :      569      569          
	   Memory (MB)          :       34       34          
...
000 (498118.000.000) 07/10 12:07:24 Job submitted from host: <18.12.1.74:48322>
...
001 (498118.000.000) 07/10 12:07:40 Job executing on host: <18.12.9.36:40292>
...
006 (498118.000.000) 07/10 12:07:49 Image size of job updated: 243496
	51  -  MemoryUsage of job (MB)
	52172  -  ResidentSetSize of job (KB)
...
006 (498118.000.000) 07/10 12:12:27 Image size of job updated: 245256
	51  -  MemoryUsage of job (MB)
	52172  -  ResidentSetSize of job (KB)
...
005 (498118.000.000) 07/10 12:12:27 Job terminated.
	(1) Normal termination (return value 0)
		Usr 0 00:01:48, Sys 0 00:00:05  -  Run Remote Usage
		Usr 0 00:00:00, Sys 0 00:00:00  -  Run Local Usage
		Usr 0 00:01:48, Sys 0 00:00:05  -  Total Remote Usage
		Usr 0 00:00:00, Sys 0 00:00:00  -  Total Local Usage
	509317  -  Run Bytes Sent By Job
	46586  -  Run Bytes Received By Job
	509317  -  Total Bytes Sent By Job
	46586  -  Total Bytes Received By Job
	Partitionable Resources :    Usage  Request          
	   Cpus                 :                 1          
	   Disk (KB)            :      568      568          
	   Memory (MB)          :       51       51          
...
000 (498598.000.000) 07/10 16:45:21 Job submitted from host: <18.12.1.74:48322>
...
001 (498598.000.000) 07/10 16:45:49 Job executing on host: <18.12.8.141:45840>
...
006 (498598.000.000) 07/10 16:45:58 Image size of job updated: 1
	3  -  MemoryUsage of job (MB)
	2360  -  ResidentSetSize of job (KB)
...
005 (498598.000.000) 07/10 17:26:57 Job terminated.
	(1) Normal termination (return value 0)
		Usr 0 00:00:00, Sys 0 00:00:00  -  Run Remote Usage
		Usr 0 00:00:00, Sys 0 00:00:00  -  Run Local Usage
		Usr 0 00:00:00, Sys 0 00:00:00  -  Total Remote Usage
		Usr 0 00:00:00, Sys 0 00:00:00  -  Total Local Usage
	519624  -  Run Bytes Sent By Job
	47454  -  Run Bytes Received By Job
	519624  -  Total Bytes Sent By Job
	47454  -  Total Bytes Received By Job
	Partitionable Resources :    Usage  Request          
	   Cpus                 :                 1          
	   Disk (KB)            :      579      579          
	   Memory (MB)          :        3        3          
...
