000 (426643.000.000) 06/22 20:54:16 Job submitted from host: <18.12.1.74:48322>
...
001 (426643.000.000) 06/22 20:54:42 Job executing on host: <18.12.8.223:47519>
...
006 (426643.000.000) 06/22 20:54:50 Image size of job updated: 188728
	43  -  MemoryUsage of job (MB)
	43296  -  ResidentSetSize of job (KB)
...
006 (426643.000.000) 06/22 20:56:39 Image size of job updated: 245616
	43  -  MemoryUsage of job (MB)
	43296  -  ResidentSetSize of job (KB)
...
005 (426643.000.000) 06/22 20:56:40 Job terminated.
	(1) Normal termination (return value 0)
		Usr 0 00:01:08, Sys 0 00:00:01  -  Run Remote Usage
		Usr 0 00:00:00, Sys 0 00:00:00  -  Run Local Usage
		Usr 0 00:01:08, Sys 0 00:00:01  -  Total Remote Usage
		Usr 0 00:00:00, Sys 0 00:00:00  -  Total Local Usage
	494877  -  Run Bytes Sent By Job
	41910  -  Run Bytes Received By Job
	494877  -  Total Bytes Sent By Job
	41910  -  Total Bytes Received By Job
	Partitionable Resources :    Usage  Request          
	   Cpus                 :                 1          
	   Disk (KB)            :      550      550          
	   Memory (MB)          :       43       43          
...
000 (428056.000.000) 06/23 16:48:24 Job submitted from host: <18.12.1.74:48322>
...
001 (428056.000.000) 06/23 16:48:37 Job executing on host: <18.12.6.81:48176>
...
006 (428056.000.000) 06/23 16:48:46 Image size of job updated: 1
	3  -  MemoryUsage of job (MB)
	2356  -  ResidentSetSize of job (KB)
...
006 (428056.000.000) 06/23 16:51:29 Image size of job updated: 245648
	3  -  MemoryUsage of job (MB)
	2356  -  ResidentSetSize of job (KB)
...
005 (428056.000.000) 06/23 16:51:29 Job terminated.
	(1) Normal termination (return value 0)
		Usr 0 00:01:10, Sys 0 00:00:01  -  Run Remote Usage
		Usr 0 00:00:00, Sys 0 00:00:00  -  Run Local Usage
		Usr 0 00:01:10, Sys 0 00:00:01  -  Total Remote Usage
		Usr 0 00:00:00, Sys 0 00:00:00  -  Total Local Usage
	511539  -  Run Bytes Sent By Job
	47429  -  Run Bytes Received By Job
	511539  -  Total Bytes Sent By Job
	47429  -  Total Bytes Received By Job
	Partitionable Resources :    Usage  Request          
	   Cpus                 :                 1          
	   Disk (KB)            :      571      571          
	   Memory (MB)          :        3        3          
...
000 (429161.000.000) 06/24 21:27:50 Job submitted from host: <18.12.1.74:48322>
...
001 (429161.000.000) 06/24 21:28:19 Job executing on host: <18.12.8.239:41022>
...
006 (429161.000.000) 06/24 21:28:28 Image size of job updated: 243128
	57  -  MemoryUsage of job (MB)
	57660  -  ResidentSetSize of job (KB)
...
005 (429161.000.000) 06/24 21:28:35 Job terminated.
	(1) Normal termination (return value 0)
		Usr 0 00:00:00, Sys 0 00:00:00  -  Run Remote Usage
		Usr 0 00:00:00, Sys 0 00:00:00  -  Run Local Usage
		Usr 0 00:00:00, Sys 0 00:00:00  -  Total Remote Usage
		Usr 0 00:00:00, Sys 0 00:00:00  -  Total Local Usage
	512139  -  Run Bytes Sent By Job
	47961  -  Run Bytes Received By Job
	512139  -  Total Bytes Sent By Job
	47961  -  Total Bytes Received By Job
	Partitionable Resources :    Usage  Request          
	   Cpus                 :                 1          
	   Disk (KB)            :      573      573          
	   Memory (MB)          :       57       57          
...
000 (429348.000.000) 06/24 21:33:17 Job submitted from host: <18.12.1.74:48322>
...
001 (429348.000.000) 06/24 21:33:45 Job executing on host: <18.12.9.47:46351>
...
006 (429348.000.000) 06/24 21:33:53 Image size of job updated: 243140
	56  -  MemoryUsage of job (MB)
	56368  -  ResidentSetSize of job (KB)
...
006 (429348.000.000) 06/24 21:34:30 Image size of job updated: 244636
	56  -  MemoryUsage of job (MB)
	56368  -  ResidentSetSize of job (KB)
...
005 (429348.000.000) 06/24 21:34:30 Job terminated.
	(1) Normal termination (return value 0)
		Usr 0 00:00:26, Sys 0 00:00:00  -  Run Remote Usage
		Usr 0 00:00:00, Sys 0 00:00:00  -  Run Local Usage
		Usr 0 00:00:26, Sys 0 00:00:00  -  Total Remote Usage
		Usr 0 00:00:00, Sys 0 00:00:00  -  Total Local Usage
	512399  -  Run Bytes Sent By Job
	47957  -  Run Bytes Received By Job
	512399  -  Total Bytes Sent By Job
	47957  -  Total Bytes Received By Job
	Partitionable Resources :    Usage  Request          
	   Cpus                 :                 1          
	   Disk (KB)            :      573      573          
	   Memory (MB)          :       56       56          
...
000 (429529.000.000) 06/24 21:47:56 Job submitted from host: <18.12.1.74:48322>
...
001 (429529.000.000) 06/24 21:48:05 Job executing on host: <18.12.9.48:49271>
...
006 (429529.000.000) 06/24 21:48:13 Image size of job updated: 1
	3  -  MemoryUsage of job (MB)
	2360  -  ResidentSetSize of job (KB)
...
006 (429529.000.000) 06/24 21:48:48 Image size of job updated: 244632
	3  -  MemoryUsage of job (MB)
	2360  -  ResidentSetSize of job (KB)
...
005 (429529.000.000) 06/24 21:48:48 Job terminated.
	(1) Normal termination (return value 0)
		Usr 0 00:00:20, Sys 0 00:00:00  -  Run Remote Usage
		Usr 0 00:00:00, Sys 0 00:00:00  -  Run Local Usage
		Usr 0 00:00:20, Sys 0 00:00:00  -  Total Remote Usage
		Usr 0 00:00:00, Sys 0 00:00:00  -  Total Local Usage
	512255  -  Run Bytes Sent By Job
	47957  -  Run Bytes Received By Job
	512255  -  Total Bytes Sent By Job
	47957  -  Total Bytes Received By Job
	Partitionable Resources :    Usage  Request          
	   Cpus                 :                 1          
	   Disk (KB)            :      573      573          
	   Memory (MB)          :        3        3          
...
000 (451288.000.000) 06/25 11:40:08 Job submitted from host: <18.12.1.74:48322>
...
001 (451288.000.000) 06/25 11:40:45 Job executing on host: <18.12.8.189:49271>
...
006 (451288.000.000) 06/25 11:40:54 Image size of job updated: 189008
	56  -  MemoryUsage of job (MB)
	56720  -  ResidentSetSize of job (KB)
...
006 (451288.000.000) 06/25 11:42:16 Image size of job updated: 189140
	56  -  MemoryUsage of job (MB)
	56720  -  ResidentSetSize of job (KB)
...
005 (451288.000.000) 06/25 11:42:16 Job terminated.
	(1) Normal termination (return value 0)
		Usr 0 00:00:51, Sys 0 00:00:01  -  Run Remote Usage
		Usr 0 00:00:00, Sys 0 00:00:00  -  Run Local Usage
		Usr 0 00:00:51, Sys 0 00:00:01  -  Total Remote Usage
		Usr 0 00:00:00, Sys 0 00:00:00  -  Total Local Usage
	5433815  -  Run Bytes Sent By Job
	46060  -  Run Bytes Received By Job
	5433815  -  Total Bytes Sent By Job
	46060  -  Total Bytes Received By Job
	Partitionable Resources :    Usage  Request          
	   Cpus                 :                 1          
	   Disk (KB)            :     5377     5377          
	   Memory (MB)          :       56       56          
...
000 (452066.000.000) 06/26 10:10:25 Job submitted from host: <18.12.1.74:48322>
...
001 (452066.000.000) 06/26 10:10:49 Job executing on host: <18.12.8.162:48541>
...
006 (452066.000.000) 06/26 10:10:57 Image size of job updated: 91628
	17  -  MemoryUsage of job (MB)
	17328  -  ResidentSetSize of job (KB)
...
006 (452066.000.000) 06/26 10:12:21 Image size of job updated: 189128
	17  -  MemoryUsage of job (MB)
	17328  -  ResidentSetSize of job (KB)
...
005 (452066.000.000) 06/26 10:12:22 Job terminated.
	(1) Normal termination (return value 0)
		Usr 0 00:00:28, Sys 0 00:00:00  -  Run Remote Usage
		Usr 0 00:00:00, Sys 0 00:00:00  -  Run Local Usage
		Usr 0 00:00:28, Sys 0 00:00:00  -  Total Remote Usage
		Usr 0 00:00:00, Sys 0 00:00:00  -  Total Local Usage
	3091620  -  Run Bytes Sent By Job
	46038  -  Run Bytes Received By Job
	3091620  -  Total Bytes Sent By Job
	46038  -  Total Bytes Received By Job
	Partitionable Resources :    Usage  Request          
	   Cpus                 :                 1          
	   Disk (KB)            :     3090     3090          
	   Memory (MB)          :       17       17          
...
000 (472754.000.000) 06/26 16:38:22 Job submitted from host: <18.12.1.74:48322>
...
001 (472754.000.000) 06/26 16:38:45 Job executing on host: <18.12.8.223:47519>
...
006 (472754.000.000) 06/26 16:38:54 Image size of job updated: 1
	3  -  MemoryUsage of job (MB)
	2360  -  ResidentSetSize of job (KB)
...
006 (472754.000.000) 06/26 16:40:31 Image size of job updated: 189152
	3  -  MemoryUsage of job (MB)
	2360  -  ResidentSetSize of job (KB)
...
005 (472754.000.000) 06/26 16:40:31 Job terminated.
	(1) Normal termination (return value 0)
		Usr 0 00:01:06, Sys 0 00:00:02  -  Run Remote Usage
		Usr 0 00:00:00, Sys 0 00:00:00  -  Run Local Usage
		Usr 0 00:01:06, Sys 0 00:00:02  -  Total Remote Usage
		Usr 0 00:00:00, Sys 0 00:00:00  -  Total Local Usage
	5434397  -  Run Bytes Sent By Job
	46344  -  Run Bytes Received By Job
	5434397  -  Total Bytes Sent By Job
	46344  -  Total Bytes Received By Job
	Partitionable Resources :    Usage  Request          
	   Cpus                 :                 1          
	   Disk (KB)            :     5378     5378          
	   Memory (MB)          :        3        3          
...
000 (491637.000.000) 06/29 09:41:40 Job submitted from host: <18.12.1.74:48322>
...
001 (491637.000.000) 06/29 09:41:59 Job executing on host: <18.12.9.61:47593>
...
006 (491637.000.000) 06/29 09:42:08 Image size of job updated: 1
	3  -  MemoryUsage of job (MB)
	2380  -  ResidentSetSize of job (KB)
...
006 (491637.000.000) 06/29 09:43:03 Image size of job updated: 243768
	3  -  MemoryUsage of job (MB)
	2380  -  ResidentSetSize of job (KB)
...
005 (491637.000.000) 06/29 09:43:09 Job terminated.
	(1) Normal termination (return value 0)
		Usr 0 00:00:31, Sys 0 00:00:01  -  Run Remote Usage
		Usr 0 00:00:00, Sys 0 00:00:00  -  Run Local Usage
		Usr 0 00:00:31, Sys 0 00:00:01  -  Total Remote Usage
		Usr 0 00:00:00, Sys 0 00:00:00  -  Total Local Usage
	508676  -  Run Bytes Sent By Job
	46550  -  Run Bytes Received By Job
	508676  -  Total Bytes Sent By Job
	46550  -  Total Bytes Received By Job
	Partitionable Resources :    Usage  Request          
	   Cpus                 :                 1          
	   Disk (KB)            :      568      568          
	   Memory (MB)          :        3        3          
...
000 (492751.000.000) 06/29 10:15:04 Job submitted from host: <18.12.1.74:48322>
...
001 (492751.000.000) 06/29 10:15:18 Job executing on host: <18.12.8.170:47446>
...
006 (492751.000.000) 06/29 10:15:26 Image size of job updated: 242488
	56  -  MemoryUsage of job (MB)
	56816  -  ResidentSetSize of job (KB)
...
006 (492751.000.000) 06/29 10:18:34 Image size of job updated: 243776
	56  -  MemoryUsage of job (MB)
	56816  -  ResidentSetSize of job (KB)
...
005 (492751.000.000) 06/29 10:18:34 Job terminated.
	(1) Normal termination (return value 0)
		Usr 0 00:00:30, Sys 0 00:00:00  -  Run Remote Usage
		Usr 0 00:00:00, Sys 0 00:00:00  -  Run Local Usage
		Usr 0 00:00:30, Sys 0 00:00:00  -  Total Remote Usage
		Usr 0 00:00:00, Sys 0 00:00:00  -  Total Local Usage
	508919  -  Run Bytes Sent By Job
	46566  -  Run Bytes Received By Job
	508919  -  Total Bytes Sent By Job
	46566  -  Total Bytes Received By Job
	Partitionable Resources :    Usage  Request          
	   Cpus                 :                 1          
	   Disk (KB)            :      568      568          
	   Memory (MB)          :       56       56          
...
000 (495108.000.000) 06/29 21:57:19 Job submitted from host: <18.12.1.74:48322>
...
001 (495108.000.000) 06/29 21:57:29 Job executing on host: <18.12.9.53:46424>
...
006 (495108.000.000) 06/29 21:57:38 Image size of job updated: 243040
	57  -  MemoryUsage of job (MB)
	57388  -  ResidentSetSize of job (KB)
...
006 (495108.000.000) 06/29 22:00:30 Image size of job updated: 244328
	57  -  MemoryUsage of job (MB)
	57388  -  ResidentSetSize of job (KB)
...
005 (495108.000.000) 06/29 22:00:30 Job terminated.
	(1) Normal termination (return value 0)
		Usr 0 00:00:33, Sys 0 00:00:02  -  Run Remote Usage
		Usr 0 00:00:00, Sys 0 00:00:00  -  Run Local Usage
		Usr 0 00:00:33, Sys 0 00:00:02  -  Total Remote Usage
		Usr 0 00:00:00, Sys 0 00:00:00  -  Total Local Usage
	508983  -  Run Bytes Sent By Job
	46564  -  Run Bytes Received By Job
	508983  -  Total Bytes Sent By Job
	46564  -  Total Bytes Received By Job
	Partitionable Resources :    Usage  Request          
	   Cpus                 :                 1          
	   Disk (KB)            :      568      568          
	   Memory (MB)          :       57       57          
...
000 (497242.000.000) 07/09 13:07:03 Job submitted from host: <18.12.1.74:48322>
...
001 (497242.000.000) 07/09 13:07:18 Job executing on host: <18.12.9.45:42482>
...
006 (497242.000.000) 07/09 13:07:26 Image size of job updated: 243052
	57  -  MemoryUsage of job (MB)
	57428  -  ResidentSetSize of job (KB)
...
006 (497242.000.000) 07/09 13:08:17 Image size of job updated: 244332
	57  -  MemoryUsage of job (MB)
	57428  -  ResidentSetSize of job (KB)
...
005 (497242.000.000) 07/09 13:08:17 Job terminated.
	(1) Normal termination (return value 0)
		Usr 0 00:00:34, Sys 0 00:00:01  -  Run Remote Usage
		Usr 0 00:00:00, Sys 0 00:00:00  -  Run Local Usage
		Usr 0 00:00:34, Sys 0 00:00:01  -  Total Remote Usage
		Usr 0 00:00:00, Sys 0 00:00:00  -  Total Local Usage
	509819  -  Run Bytes Sent By Job
	46648  -  Run Bytes Received By Job
	509819  -  Total Bytes Sent By Job
	46648  -  Total Bytes Received By Job
	Partitionable Resources :    Usage  Request          
	   Cpus                 :                 1          
	   Disk (KB)            :      569      569          
	   Memory (MB)          :       57       57          
...
000 (497432.000.000) 07/09 15:41:07 Job submitted from host: <18.12.1.74:48322>
...
001 (497432.000.000) 07/09 15:42:16 Job executing on host: <18.12.9.18:41460>
...
006 (497432.000.000) 07/09 15:42:25 Image size of job updated: 153820
	39  -  MemoryUsage of job (MB)
	39556  -  ResidentSetSize of job (KB)
...
006 (497432.000.000) 07/09 15:43:48 Image size of job updated: 244344
	39  -  MemoryUsage of job (MB)
	39556  -  ResidentSetSize of job (KB)
...
005 (497432.000.000) 07/09 15:43:48 Job terminated.
	(1) Normal termination (return value 0)
		Usr 0 00:00:35, Sys 0 00:00:01  -  Run Remote Usage
		Usr 0 00:00:00, Sys 0 00:00:00  -  Run Local Usage
		Usr 0 00:00:35, Sys 0 00:00:01  -  Total Remote Usage
		Usr 0 00:00:00, Sys 0 00:00:00  -  Total Local Usage
	508902  -  Run Bytes Sent By Job
	46609  -  Run Bytes Received By Job
	508902  -  Total Bytes Sent By Job
	46609  -  Total Bytes Received By Job
	Partitionable Resources :    Usage  Request          
	   Cpus                 :                 1          
	   Disk (KB)            :      568      568          
	   Memory (MB)          :       39       39          
...
000 (497730.000.000) 07/09 16:39:08 Job submitted from host: <18.12.1.74:48322>
...
001 (497730.000.000) 07/09 16:39:25 Job executing on host: <18.12.8.210:48030>
...
006 (497730.000.000) 07/09 16:39:34 Image size of job updated: 186104
	42  -  MemoryUsage of job (MB)
	42916  -  ResidentSetSize of job (KB)
...
006 (497730.000.000) 07/09 16:40:57 Image size of job updated: 244336
	42  -  MemoryUsage of job (MB)
	42916  -  ResidentSetSize of job (KB)
...
005 (497730.000.000) 07/09 16:40:58 Job terminated.
	(1) Normal termination (return value 0)
		Usr 0 00:00:45, Sys 0 00:00:01  -  Run Remote Usage
		Usr 0 00:00:00, Sys 0 00:00:00  -  Run Local Usage
		Usr 0 00:00:45, Sys 0 00:00:01  -  Total Remote Usage
		Usr 0 00:00:00, Sys 0 00:00:00  -  Total Local Usage
	509326  -  Run Bytes Sent By Job
	46604  -  Run Bytes Received By Job
	509326  -  Total Bytes Sent By Job
	46604  -  Total Bytes Received By Job
	Partitionable Resources :    Usage  Request          
	   Cpus                 :                 1          
	   Disk (KB)            :      569      569          
	   Memory (MB)          :       42       42          
...
000 (498072.000.000) 07/10 12:07:18 Job submitted from host: <18.12.1.74:48322>
...
001 (498072.000.000) 07/10 12:07:37 Job executing on host: <18.12.9.30:41314>
...
006 (498072.000.000) 07/10 12:07:46 Image size of job updated: 243052
	77  -  MemoryUsage of job (MB)
	78384  -  ResidentSetSize of job (KB)
...
006 (498072.000.000) 07/10 12:10:03 Image size of job updated: 244336
	77  -  MemoryUsage of job (MB)
	78384  -  ResidentSetSize of job (KB)
...
005 (498072.000.000) 07/10 12:10:03 Job terminated.
	(1) Normal termination (return value 0)
		Usr 0 00:00:37, Sys 0 00:00:02  -  Run Remote Usage
		Usr 0 00:00:00, Sys 0 00:00:00  -  Run Local Usage
		Usr 0 00:00:37, Sys 0 00:00:02  -  Total Remote Usage
		Usr 0 00:00:00, Sys 0 00:00:00  -  Total Local Usage
	509442  -  Run Bytes Sent By Job
	46586  -  Run Bytes Received By Job
	509442  -  Total Bytes Sent By Job
	46586  -  Total Bytes Received By Job
	Partitionable Resources :    Usage  Request          
	   Cpus                 :                 1          
	   Disk (KB)            :      569      569          
	   Memory (MB)          :       77       77          
...
000 (498508.000.000) 07/10 16:45:13 Job submitted from host: <18.12.1.74:48322>
...
001 (498508.000.000) 07/10 16:45:39 Job executing on host: <18.12.8.214:48249>
...
006 (498508.000.000) 07/10 16:45:47 Image size of job updated: 243244
	90  -  MemoryUsage of job (MB)
	91400  -  ResidentSetSize of job (KB)
...
006 (498508.000.000) 07/10 16:46:09 Image size of job updated: 244532
	90  -  MemoryUsage of job (MB)
	91400  -  ResidentSetSize of job (KB)
...
005 (498508.000.000) 07/10 17:26:59 Job terminated.
	(1) Normal termination (return value 0)
		Usr 0 00:00:10, Sys 0 00:00:00  -  Run Remote Usage
		Usr 0 00:00:00, Sys 0 00:00:00  -  Run Local Usage
		Usr 0 00:00:10, Sys 0 00:00:00  -  Total Remote Usage
		Usr 0 00:00:00, Sys 0 00:00:00  -  Total Local Usage
	519205  -  Run Bytes Sent By Job
	47454  -  Run Bytes Received By Job
	519205  -  Total Bytes Sent By Job
	47454  -  Total Bytes Received By Job
	Partitionable Resources :    Usage  Request          
	   Cpus                 :                 1          
	   Disk (KB)            :      579      579          
	   Memory (MB)          :       90       90          
...
