000 (426414.000.000) 06/22 20:50:03 Job submitted from host: <18.12.1.74:48322>
...
001 (426414.000.000) 06/22 20:50:46 Job executing on host: <18.12.8.214:44088>
...
006 (426414.000.000) 06/22 20:50:55 Image size of job updated: 13384
	2  -  MemoryUsage of job (MB)
	1980  -  ResidentSetSize of job (KB)
...
006 (426414.000.000) 06/22 20:51:02 Image size of job updated: 245244
	2  -  MemoryUsage of job (MB)
	1980  -  ResidentSetSize of job (KB)
...
004 (426414.000.000) 06/22 20:51:02 Job was evicted.
	(0) Job was not checkpointed.
		Usr 0 00:00:01, Sys 0 00:00:00  -  Run Remote Usage
		Usr 0 00:00:00, Sys 0 00:00:00  -  Run Local Usage
	0  -  Run Bytes Sent By Job
	41910  -  Run Bytes Received By Job
	Partitionable Resources :    Usage  Request          
	   Cpus                 :                 1          
	   Disk (KB)            :      550      550          
	   Memory (MB)          :        2        2          
...
009 (426414.000.000) 06/22 20:51:10 Job was aborted by the user.
	via condor_rm (by user rkunnawa)
...
000 (426562.000.000) 06/22 20:51:41 Job submitted from host: <18.12.1.74:48322>
...
001 (426562.000.000) 06/22 20:52:11 Job executing on host: <18.12.9.46:40292>
...
006 (426562.000.000) 06/22 20:52:19 Image size of job updated: 147032
	32  -  MemoryUsage of job (MB)
	31932  -  ResidentSetSize of job (KB)
...
006 (426562.000.000) 06/22 20:56:21 Image size of job updated: 248552
	32  -  MemoryUsage of job (MB)
	31932  -  ResidentSetSize of job (KB)
...
005 (426562.000.000) 06/22 20:56:21 Job terminated.
	(1) Normal termination (return value 0)
		Usr 0 00:02:59, Sys 0 00:00:03  -  Run Remote Usage
		Usr 0 00:00:00, Sys 0 00:00:00  -  Run Local Usage
		Usr 0 00:02:59, Sys 0 00:00:03  -  Total Remote Usage
		Usr 0 00:00:00, Sys 0 00:00:00  -  Total Local Usage
	495793  -  Run Bytes Sent By Job
	41910  -  Run Bytes Received By Job
	495793  -  Total Bytes Sent By Job
	41910  -  Total Bytes Received By Job
	Partitionable Resources :    Usage  Request          
	   Cpus                 :                 1          
	   Disk (KB)            :      551      551          
	   Memory (MB)          :       32       32          
...
000 (491838.000.000) 06/29 09:48:08 Job submitted from host: <18.12.1.74:48322>
...
001 (491838.000.000) 06/29 09:48:18 Job executing on host: <18.12.8.14:46132>
...
006 (491838.000.000) 06/29 09:48:27 Image size of job updated: 1
	3  -  MemoryUsage of job (MB)
	2364  -  ResidentSetSize of job (KB)
...
006 (491838.000.000) 06/29 09:53:28 Image size of job updated: 247052
	130  -  MemoryUsage of job (MB)
	132532  -  ResidentSetSize of job (KB)
...
006 (491838.000.000) 06/29 09:55:25 Image size of job updated: 247200
	130  -  MemoryUsage of job (MB)
	132532  -  ResidentSetSize of job (KB)
...
005 (491838.000.000) 06/29 09:55:25 Job terminated.
	(1) Normal termination (return value 0)
		Usr 0 00:01:33, Sys 0 00:00:02  -  Run Remote Usage
		Usr 0 00:00:00, Sys 0 00:00:00  -  Run Local Usage
		Usr 0 00:01:33, Sys 0 00:00:02  -  Total Remote Usage
		Usr 0 00:00:00, Sys 0 00:00:00  -  Total Local Usage
	509116  -  Run Bytes Sent By Job
	46550  -  Run Bytes Received By Job
	509116  -  Total Bytes Sent By Job
	46550  -  Total Bytes Received By Job
	Partitionable Resources :    Usage  Request          
	   Cpus                 :                 1          
	   Disk (KB)            :      568      568          
	   Memory (MB)          :      130      130          
...
000 (492590.000.000) 06/29 10:14:12 Job submitted from host: <18.12.1.74:48322>
...
001 (492590.000.000) 06/29 10:15:15 Job executing on host: <18.12.8.154:48979>
...
006 (492590.000.000) 06/29 10:15:24 Image size of job updated: 1
	3  -  MemoryUsage of job (MB)
	2384  -  ResidentSetSize of job (KB)
...
006 (492590.000.000) 06/29 10:18:52 Image size of job updated: 247176
	3  -  MemoryUsage of job (MB)
	2384  -  ResidentSetSize of job (KB)
...
005 (492590.000.000) 06/29 10:18:52 Job terminated.
	(1) Normal termination (return value 0)
		Usr 0 00:01:27, Sys 0 00:00:01  -  Run Remote Usage
		Usr 0 00:00:00, Sys 0 00:00:00  -  Run Local Usage
		Usr 0 00:01:27, Sys 0 00:00:01  -  Total Remote Usage
		Usr 0 00:00:00, Sys 0 00:00:00  -  Total Local Usage
	509002  -  Run Bytes Sent By Job
	46566  -  Run Bytes Received By Job
	509002  -  Total Bytes Sent By Job
	46566  -  Total Bytes Received By Job
	Partitionable Resources :    Usage  Request          
	   Cpus                 :                 1          
	   Disk (KB)            :      568      568          
	   Memory (MB)          :        3        3          
...
000 (495309.000.000) 06/29 21:59:29 Job submitted from host: <18.12.1.74:48322>
...
001 (495309.000.000) 06/29 21:59:44 Job executing on host: <18.12.9.37:43285>
...
006 (495309.000.000) 06/29 21:59:53 Image size of job updated: 153812
	39  -  MemoryUsage of job (MB)
	39576  -  ResidentSetSize of job (KB)
...
006 (495309.000.000) 06/29 22:04:54 Image size of job updated: 247596
	127  -  MemoryUsage of job (MB)
	130044  -  ResidentSetSize of job (KB)
...
006 (495309.000.000) 06/29 22:07:54 Image size of job updated: 247736
	127  -  MemoryUsage of job (MB)
	130044  -  ResidentSetSize of job (KB)
...
005 (495309.000.000) 06/29 22:07:54 Job terminated.
	(1) Normal termination (return value 0)
		Usr 0 00:01:42, Sys 0 00:00:02  -  Run Remote Usage
		Usr 0 00:00:00, Sys 0 00:00:00  -  Run Local Usage
		Usr 0 00:01:42, Sys 0 00:00:02  -  Total Remote Usage
		Usr 0 00:00:00, Sys 0 00:00:00  -  Total Local Usage
	509344  -  Run Bytes Sent By Job
	46564  -  Run Bytes Received By Job
	509344  -  Total Bytes Sent By Job
	46564  -  Total Bytes Received By Job
	Partitionable Resources :    Usage  Request          
	   Cpus                 :                 1          
	   Disk (KB)            :      569      569          
	   Memory (MB)          :      127      127          
...
