
----------------------------------------------------
Job started on Mon Jun 29 21:56:54 EDT 2015 at WN: t2bat0031.cmsaf.mit.edu 
Job is running on Linux t2bat0031.cmsaf.mit.edu 2.6.32-358.el6.x86_64 #1 SMP Fri Feb 22 20:37:17 CST 2013 x86_64 x86_64 x86_64 GNU/Linux
Filesystem            Size  Used Avail Use% Mounted on
/dev/sda3              20G  3.1G   16G  17% /
tmpfs                 7.8G     0  7.8G   0% /dev/shm
/dev/sda1              97M   33M   60M  36% /boot
/dev/sda4             415G   56G  360G  14% /export/data1
/dev/sdb1             1.8T  1.6T  198G  90% /export/00b
/dev/sdc1             1.8T  1.7T  193G  90% /export/00c
/dev/sdd1             1.8T  1.7T  188G  90% /export/00d
/dev/sde1             1.8T  1.6T  217G  89% /export/00e
/dev/sdf1             1.8T  1.6T  230G  88% /export/00f
fuse_dfs              4.9P  4.4P  527T  90% /mnt/hadoop
t2srv0004:/export/db  135G  187M  135G   1% /net/t2srv0004/db
cvmfs2                 98G   55G   44G  56% /cvmfs/cms.cern.ch
cvmfs2                 98G   55G   44G  56% /cvmfs/cvmfs.cmsaf.mit.edu
cvmfs2                 98G   55G   44G  56% /cvmfs/oasis.opensciencegrid.org
gcc (GCC) 4.4.7 20120313 (Red Hat 4.4.7-3)
Copyright (C) 2010 Free Software Foundation, Inc.
This is free software; see the source for copying conditions.  There is NO
warranty; not even for MERCHANTABILITY or FITNESS FOR A PARTICULAR PURPOSE.

Processing...
0/110660
10000/110660
20000/110660
30000/110660
40000/110660
50000/110660
60000/110660
70000/110660
80000/110660
90000/110660
100000/110660
110000/110660
Macro finished: 
CPU time (min)  = 1.7785
Real time (min) = 4.35165
Done!
Copied output files to hadoop rootfiles/JetRAA/June22
