
----------------------------------------------------
Job started on Mon Jun 29 21:59:44 EDT 2015 at WN: t2bat0022.cmsaf.mit.edu 
Job is running on Linux t2bat0022.cmsaf.mit.edu 2.6.32-358.el6.x86_64 #1 SMP Fri Feb 22 20:37:17 CST 2013 x86_64 x86_64 x86_64 GNU/Linux
Filesystem            Size  Used Avail Use% Mounted on
/dev/sda3              20G  3.2G   16G  18% /
tmpfs                 7.8G     0  7.8G   0% /dev/shm
/dev/sda1              97M   33M   60M  36% /boot
/dev/sda4             415G   87G  329G  21% /export/data1
/dev/sdb1             1.8T  1.6T  213G  89% /export/00b
/dev/sdc1             1.8T  1.6T  209G  89% /export/00c
/dev/sdd1             1.8T  1.6T  207G  89% /export/00d
/dev/sde1             1.8T  1.7T  190G  90% /export/00e
/dev/sdf1             1.8T  1.6T  210G  89% /export/00f
fuse_dfs              4.9P  4.4P  527T  90% /mnt/hadoop
t2srv0004:/export/db  135G  187M  135G   1% /net/t2srv0004/db
cvmfs2                 98G   86G   13G  88% /cvmfs/cms.cern.ch
cvmfs2                 98G   86G   13G  88% /cvmfs/cvmfs.cmsaf.mit.edu
cvmfs2                 98G   86G   13G  88% /cvmfs/oasis.opensciencegrid.org
cvmfs2                 98G   86G   13G  88% /cvmfs/cdfcfs.fnal.gov
gcc (GCC) 4.4.7 20120313 (Red Hat 4.4.7-3)
Copyright (C) 2010 Free Software Foundation, Inc.
This is free software; see the source for copying conditions.  There is NO
warranty; not even for MERCHANTABILITY or FITNESS FOR A PARTICULAR PURPOSE.

Processing...
0/201713
10000/201713
20000/201713
30000/201713
40000/201713
50000/201713
60000/201713
70000/201713
80000/201713
90000/201713
100000/201713
110000/201713
120000/201713
130000/201713
140000/201713
150000/201713
160000/201713
170000/201713
180000/201713
190000/201713
200000/201713
Macro finished: 
CPU time (min)  = 2.72433
Real time (min) = 3.19175
Done!
Copied output files to hadoop rootfiles/JetRAA/June22
