
----------------------------------------------------
Job started on Mon Jun 29 21:59:47 EDT 2015 at WN: t2bat0082.cmsaf.mit.edu 
Job is running on Linux t2bat0082.cmsaf.mit.edu 2.6.32-358.el6.x86_64 #1 SMP Fri Feb 22 20:37:17 CST 2013 x86_64 x86_64 x86_64 GNU/Linux
Filesystem            Size  Used Avail Use% Mounted on
/dev/sda3              20G  3.2G   16G  17% /
tmpfs                 7.8G     0  7.8G   0% /dev/shm
/dev/sda1              97M   33M   60M  36% /boot
/dev/sda4             415G   70G  345G  17% /export/data1
/dev/sdb1             458G  401G   58G  88% /export/00b
/dev/sdc1             458G  406G   53G  89% /export/00c
/dev/sdd1             458G  408G   51G  90% /export/00d
/dev/sde1             458G  403G   56G  88% /export/00e
/dev/sdf1             458G  409G   50G  90% /export/00f
fuse_dfs              4.9P  4.4P  527T  90% /mnt/hadoop
t2srv0004:/export/db  135G  187M  135G   1% /net/t2srv0004/db
cvmfs2                 98G   69G   29G  71% /cvmfs/cms.cern.ch
cvmfs2                 98G   69G   29G  71% /cvmfs/cvmfs.cmsaf.mit.edu
cvmfs2                 98G   69G   29G  71% /cvmfs/oasis.opensciencegrid.org
gcc (GCC) 4.4.7 20120313 (Red Hat 4.4.7-3)
Copyright (C) 2010 Free Software Foundation, Inc.
This is free software; see the source for copying conditions.  There is NO
warranty; not even for MERCHANTABILITY or FITNESS FOR A PARTICULAR PURPOSE.

Processing...
0/98138
10000/98138
20000/98138
30000/98138
40000/98138
50000/98138
60000/98138
70000/98138
80000/98138
90000/98138
Macro finished: 
CPU time (min)  = 1.166
Real time (min) = 1.54661
Done!
Copied output files to hadoop rootfiles/JetRAA/June22
