
----------------------------------------------------
Job started on Mon Jun 29 21:59:42 EDT 2015 at WN: t2bat0301.cmsaf.mit.edu 
Job is running on Linux t2bat0301.cmsaf.mit.edu 2.6.32-358.el6.x86_64 #1 SMP Fri Feb 22 20:37:17 CST 2013 x86_64 x86_64 x86_64 GNU/Linux
Filesystem            Size  Used Avail Use% Mounted on
tmpfs                  32G     0   32G   0% /dev/shm
/dev/sda1              97M   32M   61M  35% /boot
/dev/sda4             416G   65G  351G  16% /export/data1
/dev/sda1              97M   32M   61M  35% /boot
/dev/sda4             416G   65G  351G  16% /export/data1
fuse_dfs              4.9P  4.4P  527T  90% /mnt/hadoop
/dev/sdb1             3.6T  3.1T  506G  87% /export/00b
/dev/sdc1             3.6T  3.1T  532G  86% /export/00c
/dev/sdd1             3.6T  3.1T  523G  86% /export/00d
/dev/sde1             3.6T  3.1T  541G  86% /export/00e
/dev/sdf1             3.6T  3.2T  489G  87% /export/00f
/dev/sdg1             3.6T  3.1T  525G  86% /export/00g
/dev/sdh1             3.6T  3.1T  516G  86% /export/00h
/dev/sdi1             3.6T  3.1T  556G  85% /export/00i
/dev/sdj1             3.6T  3.1T  536G  86% /export/00j
/dev/sdk1             3.6T  3.1T  534G  86% /export/00k
/dev/sdl1             3.6T  3.1T  551G  85% /export/00l
cvmfs2                 98G   58G   40G  60% /cvmfs/cms.cern.ch
t2srv0004:/export/db  135G  187M  135G   1% /net/t2srv0004/db
cvmfs2                 98G   58G   40G  60% /cvmfs/cvmfs.cmsaf.mit.edu
cvmfs2                 98G   58G   40G  60% /cvmfs/oasis.opensciencegrid.org
cvmfs2                 98G   58G   40G  60% /cvmfs/cdfcfs.fnal.gov
gcc (GCC) 4.4.7 20120313 (Red Hat 4.4.7-3)
Copyright (C) 2010 Free Software Foundation, Inc.
This is free software; see the source for copying conditions.  There is NO
warranty; not even for MERCHANTABILITY or FITNESS FOR A PARTICULAR PURPOSE.

Processing...
0/80280
10000/80280
20000/80280
30000/80280
40000/80280
50000/80280
60000/80280
70000/80280
80000/80280
Macro finished: 
CPU time (min)  = 0.843333
Real time (min) = 1.23221
Done!
Copied output files to hadoop rootfiles/JetRAA/June22
