000 (426683.000.000) 06/22 20:54:20 Job submitted from host: <18.12.1.74:48322>
...
001 (426683.000.000) 06/22 20:54:46 Job executing on host: <18.12.6.92:48541>
...
006 (426683.000.000) 06/22 20:54:54 Image size of job updated: 66848
	10  -  MemoryUsage of job (MB)
	9940  -  ResidentSetSize of job (KB)
...
006 (426683.000.000) 06/22 20:59:47 Image size of job updated: 244940
	10  -  MemoryUsage of job (MB)
	9940  -  ResidentSetSize of job (KB)
...
005 (426683.000.000) 06/22 20:59:48 Job terminated.
	(1) Normal termination (return value 0)
		Usr 0 00:03:50, Sys 0 00:00:04  -  Run Remote Usage
		Usr 0 00:00:00, Sys 0 00:00:00  -  Run Local Usage
		Usr 0 00:03:50, Sys 0 00:00:04  -  Total Remote Usage
		Usr 0 00:00:00, Sys 0 00:00:00  -  Total Local Usage
	495313  -  Run Bytes Sent By Job
	41910  -  Run Bytes Received By Job
	495313  -  Total Bytes Sent By Job
	41910  -  Total Bytes Received By Job
	Partitionable Resources :    Usage  Request          
	   Cpus                 :                 1          
	   Disk (KB)            :      550      550          
	   Memory (MB)          :       10       10          
...
000 (428096.000.000) 06/23 16:48:28 Job submitted from host: <18.12.1.74:48322>
...
001 (428096.000.000) 06/23 16:48:40 Job executing on host: <18.12.9.59:44891>
...
006 (428096.000.000) 06/23 16:48:49 Image size of job updated: 1
	3  -  MemoryUsage of job (MB)
	2356  -  ResidentSetSize of job (KB)
...
006 (428096.000.000) 06/23 16:53:36 Image size of job updated: 246644
	3  -  MemoryUsage of job (MB)
	2356  -  ResidentSetSize of job (KB)
...
005 (428096.000.000) 06/23 16:53:37 Job terminated.
	(1) Normal termination (return value 0)
		Usr 0 00:02:57, Sys 0 00:00:03  -  Run Remote Usage
		Usr 0 00:00:00, Sys 0 00:00:00  -  Run Local Usage
		Usr 0 00:02:57, Sys 0 00:00:03  -  Total Remote Usage
		Usr 0 00:00:00, Sys 0 00:00:00  -  Total Local Usage
	511805  -  Run Bytes Sent By Job
	47429  -  Run Bytes Received By Job
	511805  -  Total Bytes Sent By Job
	47429  -  Total Bytes Received By Job
	Partitionable Resources :    Usage  Request          
	   Cpus                 :                 1          
	   Disk (KB)            :      572      572          
	   Memory (MB)          :        3        3          
...
