000 (426736.000.000) 06/22 20:55:15 Job submitted from host: <18.12.1.74:48322>
...
001 (426736.000.000) 06/22 20:55:28 Job executing on host: <18.12.9.60:41752>
...
006 (426736.000.000) 06/22 20:55:37 Image size of job updated: 1
	3  -  MemoryUsage of job (MB)
	2356  -  ResidentSetSize of job (KB)
...
006 (426736.000.000) 06/22 20:57:47 Image size of job updated: 244312
	3  -  MemoryUsage of job (MB)
	2356  -  ResidentSetSize of job (KB)
...
005 (426736.000.000) 06/22 20:57:47 Job terminated.
	(1) Normal termination (return value 0)
		Usr 0 00:01:23, Sys 0 00:00:03  -  Run Remote Usage
		Usr 0 00:00:00, Sys 0 00:00:00  -  Run Local Usage
		Usr 0 00:01:23, Sys 0 00:00:03  -  Total Remote Usage
		Usr 0 00:00:00, Sys 0 00:00:00  -  Total Local Usage
	495068  -  Run Bytes Sent By Job
	41910  -  Run Bytes Received By Job
	495068  -  Total Bytes Sent By Job
	41910  -  Total Bytes Received By Job
	Partitionable Resources :    Usage  Request          
	   Cpus                 :                 1          
	   Disk (KB)            :      550      550          
	   Memory (MB)          :        3        3          
...
000 (492029.000.000) 06/29 09:51:36 Job submitted from host: <18.12.1.74:48322>
...
001 (492029.000.000) 06/29 09:52:05 Job executing on host: <18.12.8.114:45475>
...
006 (492029.000.000) 06/29 09:52:14 Image size of job updated: 241700
	58  -  MemoryUsage of job (MB)
	59320  -  ResidentSetSize of job (KB)
...
006 (492029.000.000) 06/29 09:53:08 Image size of job updated: 243496
	58  -  MemoryUsage of job (MB)
	59320  -  ResidentSetSize of job (KB)
...
005 (492029.000.000) 06/29 09:53:09 Job terminated.
	(1) Normal termination (return value 0)
		Usr 0 00:00:36, Sys 0 00:00:02  -  Run Remote Usage
		Usr 0 00:00:00, Sys 0 00:00:00  -  Run Local Usage
		Usr 0 00:00:36, Sys 0 00:00:02  -  Total Remote Usage
		Usr 0 00:00:00, Sys 0 00:00:00  -  Total Local Usage
	508773  -  Run Bytes Sent By Job
	46550  -  Run Bytes Received By Job
	508773  -  Total Bytes Sent By Job
	46550  -  Total Bytes Received By Job
	Partitionable Resources :    Usage  Request          
	   Cpus                 :                 1          
	   Disk (KB)            :      568      568          
	   Memory (MB)          :       58       58          
...
000 (492936.000.000) 06/29 10:16:34 Job submitted from host: <18.12.1.74:48322>
...
001 (492936.000.000) 06/29 10:16:40 Job executing on host: <18.12.9.68:44526>
...
006 (492936.000.000) 06/29 10:16:49 Image size of job updated: 1
	3  -  MemoryUsage of job (MB)
	2360  -  ResidentSetSize of job (KB)
...
006 (492936.000.000) 06/29 10:17:57 Image size of job updated: 243500
	3  -  MemoryUsage of job (MB)
	2360  -  ResidentSetSize of job (KB)
...
005 (492936.000.000) 06/29 10:17:58 Job terminated.
	(1) Normal termination (return value 0)
		Usr 0 00:00:44, Sys 0 00:00:02  -  Run Remote Usage
		Usr 0 00:00:00, Sys 0 00:00:00  -  Run Local Usage
		Usr 0 00:00:44, Sys 0 00:00:02  -  Total Remote Usage
		Usr 0 00:00:00, Sys 0 00:00:00  -  Total Local Usage
	508777  -  Run Bytes Sent By Job
	46566  -  Run Bytes Received By Job
	508777  -  Total Bytes Sent By Job
	46566  -  Total Bytes Received By Job
	Partitionable Resources :    Usage  Request          
	   Cpus                 :                 1          
	   Disk (KB)            :      568      568          
	   Memory (MB)          :        3        3          
...
000 (494931.000.000) 06/29 21:56:29 Job submitted from host: <18.12.1.74:48322>
...
001 (494931.000.000) 06/29 21:56:47 Job executing on host: <18.12.6.38:45037>
...
006 (494931.000.000) 06/29 21:56:56 Image size of job updated: 242260
	61  -  MemoryUsage of job (MB)
	62316  -  ResidentSetSize of job (KB)
...
006 (494931.000.000) 06/29 21:58:03 Image size of job updated: 244028
	61  -  MemoryUsage of job (MB)
	62316  -  ResidentSetSize of job (KB)
...
005 (494931.000.000) 06/29 21:58:03 Job terminated.
	(1) Normal termination (return value 0)
		Usr 0 00:00:48, Sys 0 00:00:00  -  Run Remote Usage
		Usr 0 00:00:00, Sys 0 00:00:00  -  Run Local Usage
		Usr 0 00:00:48, Sys 0 00:00:00  -  Total Remote Usage
		Usr 0 00:00:00, Sys 0 00:00:00  -  Total Local Usage
	508863  -  Run Bytes Sent By Job
	46564  -  Run Bytes Received By Job
	508863  -  Total Bytes Sent By Job
	46564  -  Total Bytes Received By Job
	Partitionable Resources :    Usage  Request          
	   Cpus                 :                 1          
	   Disk (KB)            :      568      568          
	   Memory (MB)          :       61       61          
...
