000 (426751.000.000) 06/22 20:55:17 Job submitted from host: <18.12.1.74:48322>
...
001 (426751.000.000) 06/22 20:55:28 Job executing on host: <18.12.9.44:49782>
...
006 (426751.000.000) 06/22 20:55:37 Image size of job updated: 75136
	19  -  MemoryUsage of job (MB)
	18628  -  ResidentSetSize of job (KB)
...
006 (426751.000.000) 06/22 21:00:38 Image size of job updated: 243048
	126  -  MemoryUsage of job (MB)
	128568  -  ResidentSetSize of job (KB)
...
006 (426751.000.000) 06/22 21:05:39 Image size of job updated: 243048
	127  -  MemoryUsage of job (MB)
	129536  -  ResidentSetSize of job (KB)
...
006 (426751.000.000) 06/22 21:09:01 Image size of job updated: 243372
	127  -  MemoryUsage of job (MB)
	129536  -  ResidentSetSize of job (KB)
...
005 (426751.000.000) 06/22 21:09:01 Job terminated.
	(1) Normal termination (return value 0)
		Usr 0 00:03:18, Sys 0 00:00:04  -  Run Remote Usage
		Usr 0 00:00:00, Sys 0 00:00:00  -  Run Local Usage
		Usr 0 00:03:18, Sys 0 00:00:04  -  Total Remote Usage
		Usr 0 00:00:00, Sys 0 00:00:00  -  Total Local Usage
	495626  -  Run Bytes Sent By Job
	41910  -  Run Bytes Received By Job
	495626  -  Total Bytes Sent By Job
	41910  -  Total Bytes Received By Job
	Partitionable Resources :    Usage  Request          
	   Cpus                 :                 1          
	   Disk (KB)            :      551      551          
	   Memory (MB)          :      127      127          
...
