000 (426777.000.000) 06/22 20:55:19 Job submitted from host: <18.12.1.74:48322>
...
001 (426777.000.000) 06/22 20:55:33 Job executing on host: <18.12.6.68:41606>
...
006 (426777.000.000) 06/22 20:55:42 Image size of job updated: 13384
	2  -  MemoryUsage of job (MB)
	1976  -  ResidentSetSize of job (KB)
...
006 (426777.000.000) 06/22 21:00:43 Image size of job updated: 243696
	88  -  MemoryUsage of job (MB)
	89404  -  ResidentSetSize of job (KB)
...
005 (426777.000.000) 06/22 21:01:07 Job terminated.
	(1) Normal termination (return value 0)
		Usr 0 00:04:20, Sys 0 00:00:03  -  Run Remote Usage
		Usr 0 00:00:00, Sys 0 00:00:00  -  Run Local Usage
		Usr 0 00:04:20, Sys 0 00:00:03  -  Total Remote Usage
		Usr 0 00:00:00, Sys 0 00:00:00  -  Total Local Usage
	495255  -  Run Bytes Sent By Job
	41910  -  Run Bytes Received By Job
	495255  -  Total Bytes Sent By Job
	41910  -  Total Bytes Received By Job
	Partitionable Resources :    Usage  Request          
	   Cpus                 :                 1          
	   Disk (KB)            :      550      550          
	   Memory (MB)          :       88       88          
...
000 (492111.000.000) 06/29 09:51:44 Job submitted from host: <18.12.1.74:48322>
...
001 (492111.000.000) 06/29 09:52:14 Job executing on host: <18.12.8.27:48979>
...
006 (492111.000.000) 06/29 09:52:22 Image size of job updated: 1
	3  -  MemoryUsage of job (MB)
	2352  -  ResidentSetSize of job (KB)
...
006 (492111.000.000) 06/29 09:54:36 Image size of job updated: 244564
	3  -  MemoryUsage of job (MB)
	2352  -  ResidentSetSize of job (KB)
...
005 (492111.000.000) 06/29 09:54:36 Job terminated.
	(1) Normal termination (return value 0)
		Usr 0 00:01:38, Sys 0 00:00:03  -  Run Remote Usage
		Usr 0 00:00:00, Sys 0 00:00:00  -  Run Local Usage
		Usr 0 00:01:38, Sys 0 00:00:03  -  Total Remote Usage
		Usr 0 00:00:00, Sys 0 00:00:00  -  Total Local Usage
	508738  -  Run Bytes Sent By Job
	46550  -  Run Bytes Received By Job
	508738  -  Total Bytes Sent By Job
	46550  -  Total Bytes Received By Job
	Partitionable Resources :    Usage  Request          
	   Cpus                 :                 1          
	   Disk (KB)            :      568      568          
	   Memory (MB)          :        3        3          
...
000 (493018.000.000) 06/29 10:16:48 Job submitted from host: <18.12.1.74:48322>
...
001 (493018.000.000) 06/29 10:17:13 Job executing on host: <18.12.6.91:40511>
...
006 (493018.000.000) 06/29 10:17:22 Image size of job updated: 1
	3  -  MemoryUsage of job (MB)
	2352  -  ResidentSetSize of job (KB)
...
006 (493018.000.000) 06/29 10:20:02 Image size of job updated: 243556
	3  -  MemoryUsage of job (MB)
	2352  -  ResidentSetSize of job (KB)
...
005 (493018.000.000) 06/29 10:20:02 Job terminated.
	(1) Normal termination (return value 0)
		Usr 0 00:01:34, Sys 0 00:00:01  -  Run Remote Usage
		Usr 0 00:00:00, Sys 0 00:00:00  -  Run Local Usage
		Usr 0 00:01:34, Sys 0 00:00:01  -  Total Remote Usage
		Usr 0 00:00:00, Sys 0 00:00:00  -  Total Local Usage
	509218  -  Run Bytes Sent By Job
	46566  -  Run Bytes Received By Job
	509218  -  Total Bytes Sent By Job
	46566  -  Total Bytes Received By Job
	Partitionable Resources :    Usage  Request          
	   Cpus                 :                 1          
	   Disk (KB)            :      568      568          
	   Memory (MB)          :        3        3          
...
000 (495013.000.000) 06/29 21:56:39 Job submitted from host: <18.12.1.74:48322>
...
001 (495013.000.000) 06/29 21:56:58 Job executing on host: <18.12.8.40:41095>
...
006 (495013.000.000) 06/29 21:57:06 Image size of job updated: 184656
	51  -  MemoryUsage of job (MB)
	52024  -  ResidentSetSize of job (KB)
...
006 (495013.000.000) 06/29 21:59:41 Image size of job updated: 245084
	51  -  MemoryUsage of job (MB)
	52024  -  ResidentSetSize of job (KB)
...
005 (495013.000.000) 06/29 21:59:43 Job terminated.
	(1) Normal termination (return value 0)
		Usr 0 00:01:49, Sys 0 00:00:04  -  Run Remote Usage
		Usr 0 00:00:00, Sys 0 00:00:00  -  Run Local Usage
		Usr 0 00:01:49, Sys 0 00:00:04  -  Total Remote Usage
		Usr 0 00:00:00, Sys 0 00:00:00  -  Total Local Usage
	508966  -  Run Bytes Sent By Job
	46564  -  Run Bytes Received By Job
	508966  -  Total Bytes Sent By Job
	46564  -  Total Bytes Received By Job
	Partitionable Resources :    Usage  Request          
	   Cpus                 :                 1          
	   Disk (KB)            :      568      568          
	   Memory (MB)          :       51       51          
...
