000 (426633.000.000) 06/22 20:54:15 Job submitted from host: <18.12.1.74:48322>
...
001 (426633.000.000) 06/22 20:54:40 Job executing on host: <18.12.9.51:49855>
...
006 (426633.000.000) 06/22 20:54:49 Image size of job updated: 243060
	59  -  MemoryUsage of job (MB)
	60092  -  ResidentSetSize of job (KB)
...
006 (426633.000.000) 06/22 20:57:21 Image size of job updated: 244636
	59  -  MemoryUsage of job (MB)
	60092  -  ResidentSetSize of job (KB)
...
005 (426633.000.000) 06/22 20:57:21 Job terminated.
	(1) Normal termination (return value 0)
		Usr 0 00:01:08, Sys 0 00:00:03  -  Run Remote Usage
		Usr 0 00:00:00, Sys 0 00:00:00  -  Run Local Usage
		Usr 0 00:01:08, Sys 0 00:00:03  -  Total Remote Usage
		Usr 0 00:00:00, Sys 0 00:00:00  -  Total Local Usage
	494887  -  Run Bytes Sent By Job
	41910  -  Run Bytes Received By Job
	494887  -  Total Bytes Sent By Job
	41910  -  Total Bytes Received By Job
	Partitionable Resources :    Usage  Request          
	   Cpus                 :                 1          
	   Disk (KB)            :      550      550          
	   Memory (MB)          :       59       59          
...
000 (428046.000.000) 06/23 16:48:23 Job submitted from host: <18.12.1.74:48322>
...
001 (428046.000.000) 06/23 16:48:36 Job executing on host: <18.12.9.2:45767>
...
006 (428046.000.000) 06/23 16:48:44 Image size of job updated: 1196
	1  -  MemoryUsage of job (MB)
	156  -  ResidentSetSize of job (KB)
...
006 (428046.000.000) 06/23 16:51:17 Image size of job updated: 245628
	1  -  MemoryUsage of job (MB)
	156  -  ResidentSetSize of job (KB)
...
005 (428046.000.000) 06/23 16:51:17 Job terminated.
	(1) Normal termination (return value 0)
		Usr 0 00:01:11, Sys 0 00:00:01  -  Run Remote Usage
		Usr 0 00:00:00, Sys 0 00:00:00  -  Run Local Usage
		Usr 0 00:01:11, Sys 0 00:00:01  -  Total Remote Usage
		Usr 0 00:00:00, Sys 0 00:00:00  -  Total Local Usage
	511515  -  Run Bytes Sent By Job
	47429  -  Run Bytes Received By Job
	511515  -  Total Bytes Sent By Job
	47429  -  Total Bytes Received By Job
	Partitionable Resources :    Usage  Request          
	   Cpus                 :                 1          
	   Disk (KB)            :      571      571          
	   Memory (MB)          :        1        1          
...
000 (429061.000.000) 06/24 21:27:40 Job submitted from host: <18.12.1.74:48322>
...
001 (429061.000.000) 06/24 21:28:09 Job executing on host: <18.12.6.45:41168>
...
006 (429061.000.000) 06/24 21:28:17 Image size of job updated: 1
	3  -  MemoryUsage of job (MB)
	2352  -  ResidentSetSize of job (KB)
...
006 (429061.000.000) 06/24 21:28:24 Image size of job updated: 244112
	3  -  MemoryUsage of job (MB)
	2352  -  ResidentSetSize of job (KB)
...
005 (429061.000.000) 06/24 21:28:25 Job terminated.
	(1) Normal termination (return value 0)
		Usr 0 00:00:05, Sys 0 00:00:00  -  Run Remote Usage
		Usr 0 00:00:00, Sys 0 00:00:00  -  Run Local Usage
		Usr 0 00:00:05, Sys 0 00:00:00  -  Total Remote Usage
		Usr 0 00:00:00, Sys 0 00:00:00  -  Total Local Usage
	512212  -  Run Bytes Sent By Job
	47961  -  Run Bytes Received By Job
	512212  -  Total Bytes Sent By Job
	47961  -  Total Bytes Received By Job
	Partitionable Resources :    Usage  Request          
	   Cpus                 :                 1          
	   Disk (KB)            :      573      573          
	   Memory (MB)          :        3        3          
...
000 (429328.000.000) 06/24 21:33:15 Job submitted from host: <18.12.1.74:48322>
...
001 (429328.000.000) 06/24 21:33:42 Job executing on host: <18.12.9.51:49855>
...
006 (429328.000.000) 06/24 21:33:51 Image size of job updated: 244124
	106  -  MemoryUsage of job (MB)
	107944  -  ResidentSetSize of job (KB)
...
006 (429328.000.000) 06/24 21:34:38 Image size of job updated: 244720
	106  -  MemoryUsage of job (MB)
	107944  -  ResidentSetSize of job (KB)
...
005 (429328.000.000) 06/24 21:34:38 Job terminated.
	(1) Normal termination (return value 0)
		Usr 0 00:00:39, Sys 0 00:00:01  -  Run Remote Usage
		Usr 0 00:00:00, Sys 0 00:00:00  -  Run Local Usage
		Usr 0 00:00:39, Sys 0 00:00:01  -  Total Remote Usage
		Usr 0 00:00:00, Sys 0 00:00:00  -  Total Local Usage
	512331  -  Run Bytes Sent By Job
	47957  -  Run Bytes Received By Job
	512331  -  Total Bytes Sent By Job
	47957  -  Total Bytes Received By Job
	Partitionable Resources :    Usage  Request          
	   Cpus                 :                 1          
	   Disk (KB)            :      573      573          
	   Memory (MB)          :      106      106          
...
000 (429509.000.000) 06/24 21:47:54 Job submitted from host: <18.12.1.74:48322>
...
001 (429509.000.000) 06/24 21:48:03 Job executing on host: <18.12.9.52:45037>
...
006 (429509.000.000) 06/24 21:48:11 Image size of job updated: 243144
	44  -  MemoryUsage of job (MB)
	44384  -  ResidentSetSize of job (KB)
...
006 (429509.000.000) 06/24 21:49:30 Image size of job updated: 244720
	44  -  MemoryUsage of job (MB)
	44384  -  ResidentSetSize of job (KB)
...
005 (429509.000.000) 06/24 21:49:30 Job terminated.
	(1) Normal termination (return value 0)
		Usr 0 00:00:43, Sys 0 00:00:01  -  Run Remote Usage
		Usr 0 00:00:00, Sys 0 00:00:00  -  Run Local Usage
		Usr 0 00:00:43, Sys 0 00:00:01  -  Total Remote Usage
		Usr 0 00:00:00, Sys 0 00:00:00  -  Total Local Usage
	512048  -  Run Bytes Sent By Job
	47957  -  Run Bytes Received By Job
	512048  -  Total Bytes Sent By Job
	47957  -  Total Bytes Received By Job
	Partitionable Resources :    Usage  Request          
	   Cpus                 :                 1          
	   Disk (KB)            :      572      572          
	   Memory (MB)          :       44       44          
...
000 (451278.000.000) 06/25 11:40:06 Job submitted from host: <18.12.1.74:48322>
...
001 (451278.000.000) 06/25 11:40:44 Job executing on host: <18.12.8.155:49344>
...
006 (451278.000.000) 06/25 11:40:53 Image size of job updated: 153220
	39  -  MemoryUsage of job (MB)
	39032  -  ResidentSetSize of job (KB)
...
006 (451278.000.000) 06/25 11:42:23 Image size of job updated: 189256
	39  -  MemoryUsage of job (MB)
	39032  -  ResidentSetSize of job (KB)
...
005 (451278.000.000) 06/25 11:42:23 Job terminated.
	(1) Normal termination (return value 0)
		Usr 0 00:01:03, Sys 0 00:00:01  -  Run Remote Usage
		Usr 0 00:00:00, Sys 0 00:00:00  -  Run Local Usage
		Usr 0 00:01:03, Sys 0 00:00:01  -  Total Remote Usage
		Usr 0 00:00:00, Sys 0 00:00:00  -  Total Local Usage
	6138069  -  Run Bytes Sent By Job
	46060  -  Run Bytes Received By Job
	6138069  -  Total Bytes Sent By Job
	46060  -  Total Bytes Received By Job
	Partitionable Resources :    Usage  Request          
	   Cpus                 :                 1          
	   Disk (KB)            :     6065     6065          
	   Memory (MB)          :       39       39          
...
000 (452046.000.000) 06/26 10:10:23 Job submitted from host: <18.12.1.74:48322>
...
001 (452046.000.000) 06/26 10:10:47 Job executing on host: <18.12.8.201:47008>
...
006 (452046.000.000) 06/26 10:10:56 Image size of job updated: 146220
	31  -  MemoryUsage of job (MB)
	30948  -  ResidentSetSize of job (KB)
...
006 (452046.000.000) 06/26 10:12:40 Image size of job updated: 189112
	31  -  MemoryUsage of job (MB)
	30948  -  ResidentSetSize of job (KB)
...
005 (452046.000.000) 06/26 10:12:40 Job terminated.
	(1) Normal termination (return value 0)
		Usr 0 00:00:38, Sys 0 00:00:01  -  Run Remote Usage
		Usr 0 00:00:00, Sys 0 00:00:00  -  Run Local Usage
		Usr 0 00:00:38, Sys 0 00:00:01  -  Total Remote Usage
		Usr 0 00:00:00, Sys 0 00:00:00  -  Total Local Usage
	3794728  -  Run Bytes Sent By Job
	46038  -  Run Bytes Received By Job
	3794728  -  Total Bytes Sent By Job
	46038  -  Total Bytes Received By Job
	Partitionable Resources :    Usage  Request          
	   Cpus                 :                 1          
	   Disk (KB)            :     3776     3776          
	   Memory (MB)          :       31       31          
...
000 (472744.000.000) 06/26 16:38:21 Job submitted from host: <18.12.1.74:48322>
...
001 (472744.000.000) 06/26 16:38:44 Job executing on host: <18.12.9.44:49782>
...
006 (472744.000.000) 06/26 16:38:52 Image size of job updated: 68520
	16  -  MemoryUsage of job (MB)
	16384  -  ResidentSetSize of job (KB)
...
006 (472744.000.000) 06/26 16:43:52 Image size of job updated: 189120
	77  -  MemoryUsage of job (MB)
	78584  -  ResidentSetSize of job (KB)
...
005 (472744.000.000) 06/26 16:43:55 Job terminated.
	(1) Normal termination (return value 0)
		Usr 0 00:01:11, Sys 0 00:00:02  -  Run Remote Usage
		Usr 0 00:00:00, Sys 0 00:00:00  -  Run Local Usage
		Usr 0 00:01:11, Sys 0 00:00:02  -  Total Remote Usage
		Usr 0 00:00:00, Sys 0 00:00:00  -  Total Local Usage
	6138930  -  Run Bytes Sent By Job
	46344  -  Run Bytes Received By Job
	6138930  -  Total Bytes Sent By Job
	46344  -  Total Bytes Received By Job
	Partitionable Resources :    Usage  Request          
	   Cpus                 :                 1          
	   Disk (KB)            :     6066     6066          
	   Memory (MB)          :       77       77          
...
000 (491617.000.000) 06/29 09:41:38 Job submitted from host: <18.12.1.74:48322>
...
001 (491617.000.000) 06/29 09:41:57 Job executing on host: <18.12.8.20:47957>
...
006 (491617.000.000) 06/29 09:42:06 Image size of job updated: 68392
	13  -  MemoryUsage of job (MB)
	12616  -  ResidentSetSize of job (KB)
...
006 (491617.000.000) 06/29 09:44:12 Image size of job updated: 244616
	13  -  MemoryUsage of job (MB)
	12616  -  ResidentSetSize of job (KB)
...
005 (491617.000.000) 06/29 09:44:12 Job terminated.
	(1) Normal termination (return value 0)
		Usr 0 00:00:43, Sys 0 00:00:01  -  Run Remote Usage
		Usr 0 00:00:00, Sys 0 00:00:00  -  Run Local Usage
		Usr 0 00:00:43, Sys 0 00:00:01  -  Total Remote Usage
		Usr 0 00:00:00, Sys 0 00:00:00  -  Total Local Usage
	508770  -  Run Bytes Sent By Job
	46550  -  Run Bytes Received By Job
	508770  -  Total Bytes Sent By Job
	46550  -  Total Bytes Received By Job
	Partitionable Resources :    Usage  Request          
	   Cpus                 :                 1          
	   Disk (KB)            :      568      568          
	   Memory (MB)          :       13       13          
...
000 (492731.000.000) 06/29 10:15:02 Job submitted from host: <18.12.1.74:48322>
...
001 (492731.000.000) 06/29 10:15:16 Job executing on host: <18.12.8.217:43139>
...
006 (492731.000.000) 06/29 10:15:24 Image size of job updated: 242560
	67  -  MemoryUsage of job (MB)
	68120  -  ResidentSetSize of job (KB)
...
006 (492731.000.000) 06/29 10:16:42 Image size of job updated: 243944
	67  -  MemoryUsage of job (MB)
	68120  -  ResidentSetSize of job (KB)
...
005 (492731.000.000) 06/29 10:16:42 Job terminated.
	(1) Normal termination (return value 0)
		Usr 0 00:00:47, Sys 0 00:00:01  -  Run Remote Usage
		Usr 0 00:00:00, Sys 0 00:00:00  -  Run Local Usage
		Usr 0 00:00:47, Sys 0 00:00:01  -  Total Remote Usage
		Usr 0 00:00:00, Sys 0 00:00:00  -  Total Local Usage
	508720  -  Run Bytes Sent By Job
	46566  -  Run Bytes Received By Job
	508720  -  Total Bytes Sent By Job
	46566  -  Total Bytes Received By Job
	Partitionable Resources :    Usage  Request          
	   Cpus                 :                 1          
	   Disk (KB)            :      568      568          
	   Memory (MB)          :       67       67          
...
000 (495088.000.000) 06/29 21:57:17 Job submitted from host: <18.12.1.74:48322>
...
001 (495088.000.000) 06/29 21:57:27 Job executing on host: <18.12.8.177:41606>
...
006 (495088.000.000) 06/29 21:57:36 Image size of job updated: 1
	3  -  MemoryUsage of job (MB)
	2344  -  ResidentSetSize of job (KB)
...
006 (495088.000.000) 06/29 21:59:26 Image size of job updated: 244496
	3  -  MemoryUsage of job (MB)
	2344  -  ResidentSetSize of job (KB)
...
005 (495088.000.000) 06/29 21:59:26 Job terminated.
	(1) Normal termination (return value 0)
		Usr 0 00:00:41, Sys 0 00:00:01  -  Run Remote Usage
		Usr 0 00:00:00, Sys 0 00:00:00  -  Run Local Usage
		Usr 0 00:00:41, Sys 0 00:00:01  -  Total Remote Usage
		Usr 0 00:00:00, Sys 0 00:00:00  -  Total Local Usage
	508863  -  Run Bytes Sent By Job
	46564  -  Run Bytes Received By Job
	508863  -  Total Bytes Sent By Job
	46564  -  Total Bytes Received By Job
	Partitionable Resources :    Usage  Request          
	   Cpus                 :                 1          
	   Disk (KB)            :      568      568          
	   Memory (MB)          :        3        3          
...
000 (497222.000.000) 07/09 13:07:01 Job submitted from host: <18.12.1.74:48322>
...
001 (497222.000.000) 07/09 13:07:12 Job executing on host: <18.12.12.13:49636>
...
006 (497222.000.000) 07/09 13:07:20 Image size of job updated: 243112
	59  -  MemoryUsage of job (MB)
	60288  -  ResidentSetSize of job (KB)
...
006 (497222.000.000) 07/09 13:09:00 Image size of job updated: 244492
	59  -  MemoryUsage of job (MB)
	60288  -  ResidentSetSize of job (KB)
...
005 (497222.000.000) 07/09 13:09:00 Job terminated.
	(1) Normal termination (return value 0)
		Usr 0 00:00:47, Sys 0 00:00:01  -  Run Remote Usage
		Usr 0 00:00:00, Sys 0 00:00:00  -  Run Local Usage
		Usr 0 00:00:47, Sys 0 00:00:01  -  Total Remote Usage
		Usr 0 00:00:00, Sys 0 00:00:00  -  Total Local Usage
	509020  -  Run Bytes Sent By Job
	46648  -  Run Bytes Received By Job
	509020  -  Total Bytes Sent By Job
	46648  -  Total Bytes Received By Job
	Partitionable Resources :    Usage  Request          
	   Cpus                 :                 1          
	   Disk (KB)            :      568      568          
	   Memory (MB)          :       59       59          
...
000 (497412.000.000) 07/09 15:41:05 Job submitted from host: <18.12.1.74:48322>
...
001 (497412.000.000) 07/09 15:41:46 Job executing on host: <18.12.9.50:46059>
...
006 (497412.000.000) 07/09 15:41:54 Image size of job updated: 116992
	18  -  MemoryUsage of job (MB)
	17580  -  ResidentSetSize of job (KB)
...
006 (497412.000.000) 07/09 15:43:09 Image size of job updated: 244500
	18  -  MemoryUsage of job (MB)
	17580  -  ResidentSetSize of job (KB)
...
005 (497412.000.000) 07/09 15:43:09 Job terminated.
	(1) Normal termination (return value 0)
		Usr 0 00:00:42, Sys 0 00:00:02  -  Run Remote Usage
		Usr 0 00:00:00, Sys 0 00:00:00  -  Run Local Usage
		Usr 0 00:00:42, Sys 0 00:00:02  -  Total Remote Usage
		Usr 0 00:00:00, Sys 0 00:00:00  -  Total Local Usage
	509249  -  Run Bytes Sent By Job
	46609  -  Run Bytes Received By Job
	509249  -  Total Bytes Sent By Job
	46609  -  Total Bytes Received By Job
	Partitionable Resources :    Usage  Request          
	   Cpus                 :                 1          
	   Disk (KB)            :      569      569          
	   Memory (MB)          :       18       18          
...
000 (497710.000.000) 07/09 16:39:06 Job submitted from host: <18.12.1.74:48322>
...
001 (497710.000.000) 07/09 16:39:28 Job executing on host: <18.12.6.32:47519>
...
006 (497710.000.000) 07/09 16:39:37 Image size of job updated: 1
	3  -  MemoryUsage of job (MB)
	2376  -  ResidentSetSize of job (KB)
...
006 (497710.000.000) 07/09 16:40:59 Image size of job updated: 244496
	3  -  MemoryUsage of job (MB)
	2376  -  ResidentSetSize of job (KB)
...
005 (497710.000.000) 07/09 16:40:59 Job terminated.
	(1) Normal termination (return value 0)
		Usr 0 00:00:57, Sys 0 00:00:01  -  Run Remote Usage
		Usr 0 00:00:00, Sys 0 00:00:00  -  Run Local Usage
		Usr 0 00:00:57, Sys 0 00:00:01  -  Total Remote Usage
		Usr 0 00:00:00, Sys 0 00:00:00  -  Total Local Usage
	509113  -  Run Bytes Sent By Job
	46604  -  Run Bytes Received By Job
	509113  -  Total Bytes Sent By Job
	46604  -  Total Bytes Received By Job
	Partitionable Resources :    Usage  Request          
	   Cpus                 :                 1          
	   Disk (KB)            :      568      568          
	   Memory (MB)          :        3        3          
...
000 (498052.000.000) 07/10 12:07:16 Job submitted from host: <18.12.1.74:48322>
...
001 (498052.000.000) 07/10 12:07:36 Job executing on host: <18.12.9.34:48760>
...
006 (498052.000.000) 07/10 12:07:45 Image size of job updated: 243120
	55  -  MemoryUsage of job (MB)
	55696  -  ResidentSetSize of job (KB)
...
006 (498052.000.000) 07/10 12:10:30 Image size of job updated: 245180
	55  -  MemoryUsage of job (MB)
	55696  -  ResidentSetSize of job (KB)
...
005 (498052.000.000) 07/10 12:10:30 Job terminated.
	(1) Normal termination (return value 0)
		Usr 0 00:00:50, Sys 0 00:00:03  -  Run Remote Usage
		Usr 0 00:00:00, Sys 0 00:00:00  -  Run Local Usage
		Usr 0 00:00:50, Sys 0 00:00:03  -  Total Remote Usage
		Usr 0 00:00:00, Sys 0 00:00:00  -  Total Local Usage
	509159  -  Run Bytes Sent By Job
	46586  -  Run Bytes Received By Job
	509159  -  Total Bytes Sent By Job
	46586  -  Total Bytes Received By Job
	Partitionable Resources :    Usage  Request          
	   Cpus                 :                 1          
	   Disk (KB)            :      568      568          
	   Memory (MB)          :       55       55          
...
000 (498488.000.000) 07/10 16:45:11 Job submitted from host: <18.12.1.74:48322>
...
001 (498488.000.000) 07/10 16:45:36 Job executing on host: <18.12.8.191:41241>
...
006 (498488.000.000) 07/10 16:45:45 Image size of job updated: 1
	3  -  MemoryUsage of job (MB)
	2352  -  ResidentSetSize of job (KB)
...
006 (498488.000.000) 07/10 16:46:11 Image size of job updated: 244268
	3  -  MemoryUsage of job (MB)
	2352  -  ResidentSetSize of job (KB)
...
005 (498488.000.000) 07/10 17:26:59 Job terminated.
	(1) Normal termination (return value 0)
		Usr 0 00:00:19, Sys 0 00:00:00  -  Run Remote Usage
		Usr 0 00:00:00, Sys 0 00:00:00  -  Run Local Usage
		Usr 0 00:00:19, Sys 0 00:00:00  -  Total Remote Usage
		Usr 0 00:00:00, Sys 0 00:00:00  -  Total Local Usage
	519211  -  Run Bytes Sent By Job
	47454  -  Run Bytes Received By Job
	519211  -  Total Bytes Sent By Job
	47454  -  Total Bytes Received By Job
	Partitionable Resources :    Usage  Request          
	   Cpus                 :                 1          
	   Disk (KB)            :      579      579          
	   Memory (MB)          :        3        3          
...
