000 (426674.000.000) 06/22 20:54:19 Job submitted from host: <18.12.1.74:48322>
...
001 (426674.000.000) 06/22 20:54:44 Job executing on host: <18.12.8.231:48030>
...
006 (426674.000.000) 06/22 20:54:53 Image size of job updated: 1
	3  -  MemoryUsage of job (MB)
	2364  -  ResidentSetSize of job (KB)
...
006 (426674.000.000) 06/22 20:59:08 Image size of job updated: 245224
	3  -  MemoryUsage of job (MB)
	2364  -  ResidentSetSize of job (KB)
...
005 (426674.000.000) 06/22 20:59:08 Job terminated.
	(1) Normal termination (return value 0)
		Usr 0 00:01:43, Sys 0 00:00:02  -  Run Remote Usage
		Usr 0 00:00:00, Sys 0 00:00:00  -  Run Local Usage
		Usr 0 00:01:43, Sys 0 00:00:02  -  Total Remote Usage
		Usr 0 00:00:00, Sys 0 00:00:00  -  Total Local Usage
	494963  -  Run Bytes Sent By Job
	41910  -  Run Bytes Received By Job
	494963  -  Total Bytes Sent By Job
	41910  -  Total Bytes Received By Job
	Partitionable Resources :    Usage  Request          
	   Cpus                 :                 1          
	   Disk (KB)            :      550      550          
	   Memory (MB)          :        3        3          
...
000 (428087.000.000) 06/23 16:48:27 Job submitted from host: <18.12.1.74:48322>
...
001 (428087.000.000) 06/23 16:48:38 Job executing on host: <18.12.9.51:49855>
...
006 (428087.000.000) 06/23 16:48:47 Image size of job updated: 13384
	2  -  MemoryUsage of job (MB)
	1976  -  ResidentSetSize of job (KB)
...
006 (428087.000.000) 06/23 16:51:08 Image size of job updated: 245148
	2  -  MemoryUsage of job (MB)
	1976  -  ResidentSetSize of job (KB)
...
005 (428087.000.000) 06/23 16:51:08 Job terminated.
	(1) Normal termination (return value 0)
		Usr 0 00:01:12, Sys 0 00:00:01  -  Run Remote Usage
		Usr 0 00:00:00, Sys 0 00:00:00  -  Run Local Usage
		Usr 0 00:01:12, Sys 0 00:00:01  -  Total Remote Usage
		Usr 0 00:00:00, Sys 0 00:00:00  -  Total Local Usage
	511491  -  Run Bytes Sent By Job
	47429  -  Run Bytes Received By Job
	511491  -  Total Bytes Sent By Job
	47429  -  Total Bytes Received By Job
	Partitionable Resources :    Usage  Request          
	   Cpus                 :                 1          
	   Disk (KB)            :      571      571          
	   Memory (MB)          :        2        2          
...
