000 (426773.000.000) 06/22 20:55:19 Job submitted from host: <18.12.1.74:48322>
...
001 (426773.000.000) 06/22 20:55:29 Job executing on host: <18.12.8.250:41460>
...
006 (426773.000.000) 06/22 20:55:37 Image size of job updated: 93704
	3  -  MemoryUsage of job (MB)
	2436  -  ResidentSetSize of job (KB)
...
006 (426773.000.000) 06/22 20:59:04 Image size of job updated: 243924
	3  -  MemoryUsage of job (MB)
	2436  -  ResidentSetSize of job (KB)
...
005 (426773.000.000) 06/22 20:59:04 Job terminated.
	(1) Normal termination (return value 0)
		Usr 0 00:01:59, Sys 0 00:00:04  -  Run Remote Usage
		Usr 0 00:00:00, Sys 0 00:00:00  -  Run Local Usage
		Usr 0 00:01:59, Sys 0 00:00:04  -  Total Remote Usage
		Usr 0 00:00:00, Sys 0 00:00:00  -  Total Local Usage
	494991  -  Run Bytes Sent By Job
	41910  -  Run Bytes Received By Job
	494991  -  Total Bytes Sent By Job
	41910  -  Total Bytes Received By Job
	Partitionable Resources :    Usage  Request          
	   Cpus                 :                 1          
	   Disk (KB)            :      550      550          
	   Memory (MB)          :        3        3          
...
