
----------------------------------------------------
Job started on Fri Jul 10 16:45:37 EDT 2015 at WN: t2bat0091.cmsaf.mit.edu 
Job is running on Linux t2bat0091.cmsaf.mit.edu 2.6.32-358.el6.x86_64 #1 SMP Fri Feb 22 20:37:17 CST 2013 x86_64 x86_64 x86_64 GNU/Linux
Filesystem            Size  Used Avail Use% Mounted on
/dev/sda3              20G  3.0G   16G  16% /
tmpfs                 7.8G     0  7.8G   0% /dev/shm
/dev/sda1              97M   33M   60M  36% /boot
/dev/sda4             644G   55G  590G   9% /export/data1
/dev/sdb1             1.8T  1.7T  168G  91% /export/00b
/dev/sdc1             1.8T  1.7T  162G  92% /export/00c
/dev/sdd1             1.8T  1.7T  165G  92% /export/00d
/dev/sde1             1.8T  1.7T  168G  91% /export/00e
/dev/sdf1             1.8T  1.7T  166G  91% /export/00f
fuse_dfs              4.9P  4.5P  447T  92% /mnt/hadoop
t2srv0004:/export/db  135G  187M  135G   1% /net/t2srv0004/db
cvmfs2                 98G   53G   45G  55% /cvmfs/cms.cern.ch
cvmfs2                 98G   53G   45G  55% /cvmfs/cvmfs.cmsaf.mit.edu
cvmfs2                 98G   53G   45G  55% /cvmfs/oasis.opensciencegrid.org
cvmfs2                 98G   53G   45G  55% /cvmfs/cdfcfs.fnal.gov
gcc (GCC) 4.4.7 20120313 (Red Hat 4.4.7-3)
Copyright (C) 2010 Free Software Foundation, Inc.
This is free software; see the source for copying conditions.  There is NO
warranty; not even for MERCHANTABILITY or FITNESS FOR A PARTICULAR PURPOSE.

Processing...
0/63682
10000/63682
20000/63682
30000/63682
40000/63682
50000/63682
Done!
Copied output files to hadoop rootfiles/JetRAA/June22
