
----------------------------------------------------
Job started on Mon Jun 29 22:00:15 EDT 2015 at WN: t2bat0042.cmsaf.mit.edu 
Job is running on Linux t2bat0042.cmsaf.mit.edu 2.6.32-358.el6.x86_64 #1 SMP Fri Feb 22 20:37:17 CST 2013 x86_64 x86_64 x86_64 GNU/Linux
Filesystem            Size  Used Avail Use% Mounted on
/dev/sda3              20G  3.1G   16G  17% /
tmpfs                 7.8G     0  7.8G   0% /dev/shm
/dev/sda1              97M   33M   60M  36% /boot
/dev/sda4             415G   79G  336G  19% /export/data1
/dev/sdb1             1.8T  1.6T  216G  89% /export/00b
/dev/sdc1             1.8T  1.6T  198G  90% /export/00c
/dev/sdd1             1.8T  1.7T  191G  90% /export/00d
/dev/sde1             1.8T  1.6T  207G  89% /export/00e
/dev/sdf1             1.8T  1.6T  203G  89% /export/00f
fuse_dfs              4.9P  4.4P  527T  90% /mnt/hadoop
t2srv0004:/export/db  135G  187M  135G   1% /net/t2srv0004/db
cvmfs2                 98G   78G   20G  80% /cvmfs/cms.cern.ch
cvmfs2                 98G   78G   20G  80% /cvmfs/cvmfs.cmsaf.mit.edu
gcc (GCC) 4.4.7 20120313 (Red Hat 4.4.7-3)
Copyright (C) 2010 Free Software Foundation, Inc.
This is free software; see the source for copying conditions.  There is NO
warranty; not even for MERCHANTABILITY or FITNESS FOR A PARTICULAR PURPOSE.

Processing...
0/165652
10000/165652
20000/165652
30000/165652
40000/165652
50000/165652
60000/165652
70000/165652
80000/165652
90000/165652
100000/165652
110000/165652
120000/165652
130000/165652
140000/165652
150000/165652
160000/165652
Macro finished: 
CPU time (min)  = 2.37
Real time (min) = 2.88901
Done!
Copied output files to hadoop rootfiles/JetRAA/June22
