
----------------------------------------------------
Job started on Tue Jun 23 16:48:36 EDT 2015 at WN: t2bat0267.cmsaf.mit.edu 
Job is running on Linux t2bat0267.cmsaf.mit.edu 2.6.32-358.el6.x86_64 #1 SMP Fri Feb 22 20:37:17 CST 2013 x86_64 x86_64 x86_64 GNU/Linux
Filesystem            Size  Used Avail Use% Mounted on
/dev/sda3              20G  3.1G   16G  17% /
tmpfs                  12G     0   12G   0% /dev/shm
/dev/sda1              97M   32M   61M  35% /boot
/dev/sda4             874G   99G  775G  12% /export/data1
/dev/sdb1             1.8T  1.6T  201G  90% /export/00b
/dev/sdc1             1.8T  1.6T  198G  90% /export/00c
/dev/sdd1             1.8T  1.6T  204G  89% /export/00d
/dev/sde1             1.8T  1.7T  185G  90% /export/00e
/dev/sdf1             1.8T  1.6T  201G  90% /export/00f
fuse_dfs              4.9P  4.4P  516T  90% /mnt/hadoop
t2srv0004:/export/db  135G  187M  135G   1% /net/t2srv0004/db
cvmfs2                 98G   98G  626M 100% /cvmfs/cms.cern.ch
cvmfs2                 98G   98G  626M 100% /cvmfs/oasis.opensciencegrid.org
gcc (GCC) 4.4.7 20120313 (Red Hat 4.4.7-3)
Copyright (C) 2010 Free Software Foundation, Inc.
This is free software; see the source for copying conditions.  There is NO
warranty; not even for MERCHANTABILITY or FITNESS FOR A PARTICULAR PURPOSE.

Processing...
0/140380
10000/140380
20000/140380
30000/140380
40000/140380
50000/140380
60000/140380
70000/140380
80000/140380
90000/140380
100000/140380
110000/140380
120000/140380
130000/140380
140000/140380
Macro finished: 
CPU time (min)  = 1.24883
Real time (min) = 2.29892
Done!
Copied output files to hadoop rootfiles/JetRAA/June22
