000 (426507.000.000) 06/22 20:50:12 Job submitted from host: <18.12.1.74:48322>
...
001 (426507.000.000) 06/22 20:50:56 Job executing on host: <18.12.9.24:46205>
...
006 (426507.000.000) 06/22 20:51:02 Image size of job updated: 184524
	0  -  MemoryUsage of job (MB)
	0  -  ResidentSetSize of job (KB)
...
004 (426507.000.000) 06/22 20:51:02 Job was evicted.
	(0) Job was not checkpointed.
		Usr 0 00:00:00, Sys 0 00:00:00  -  Run Remote Usage
		Usr 0 00:00:00, Sys 0 00:00:00  -  Run Local Usage
	0  -  Run Bytes Sent By Job
	41910  -  Run Bytes Received By Job
	Partitionable Resources :    Usage  Request          
	   Cpus                 :                 1          
	   Disk (KB)            :      550      550          
	   Memory (MB)          :        0        0          
...
009 (426507.000.000) 06/22 20:51:10 Job was aborted by the user.
	via condor_rm (by user rkunnawa)
...
000 (491944.000.000) 06/29 09:48:25 Job submitted from host: <18.12.1.74:48322>
...
001 (491944.000.000) 06/29 09:49:24 Job executing on host: <18.12.6.27:48030>
...
006 (491944.000.000) 06/29 09:49:33 Image size of job updated: 147732
	33  -  MemoryUsage of job (MB)
	32840  -  ResidentSetSize of job (KB)
...
006 (491944.000.000) 06/29 09:51:26 Image size of job updated: 247064
	33  -  MemoryUsage of job (MB)
	32840  -  ResidentSetSize of job (KB)
...
005 (491944.000.000) 06/29 09:51:26 Job terminated.
	(1) Normal termination (return value 0)
		Usr 0 00:01:33, Sys 0 00:00:01  -  Run Remote Usage
		Usr 0 00:00:00, Sys 0 00:00:00  -  Run Local Usage
		Usr 0 00:01:33, Sys 0 00:00:01  -  Total Remote Usage
		Usr 0 00:00:00, Sys 0 00:00:00  -  Total Local Usage
	508875  -  Run Bytes Sent By Job
	46550  -  Run Bytes Received By Job
	508875  -  Total Bytes Sent By Job
	46550  -  Total Bytes Received By Job
	Partitionable Resources :    Usage  Request          
	   Cpus                 :                 1          
	   Disk (KB)            :      568      568          
	   Memory (MB)          :       33       33          
...
000 (492683.000.000) 06/29 10:14:33 Job submitted from host: <18.12.1.74:48322>
...
001 (492683.000.000) 06/29 10:14:49 Job executing on host: <18.12.8.61:48176>
...
006 (492683.000.000) 06/29 10:14:57 Image size of job updated: 145940
	30  -  MemoryUsage of job (MB)
	30592  -  ResidentSetSize of job (KB)
...
006 (492683.000.000) 06/29 10:17:15 Image size of job updated: 247052
	30  -  MemoryUsage of job (MB)
	30592  -  ResidentSetSize of job (KB)
...
005 (492683.000.000) 06/29 10:17:15 Job terminated.
	(1) Normal termination (return value 0)
		Usr 0 00:01:31, Sys 0 00:00:03  -  Run Remote Usage
		Usr 0 00:00:00, Sys 0 00:00:00  -  Run Local Usage
		Usr 0 00:01:31, Sys 0 00:00:03  -  Total Remote Usage
		Usr 0 00:00:00, Sys 0 00:00:00  -  Total Local Usage
	508824  -  Run Bytes Sent By Job
	46566  -  Run Bytes Received By Job
	508824  -  Total Bytes Sent By Job
	46566  -  Total Bytes Received By Job
	Partitionable Resources :    Usage  Request          
	   Cpus                 :                 1          
	   Disk (KB)            :      568      568          
	   Memory (MB)          :       30       30          
...
000 (495402.000.000) 06/29 21:59:48 Job submitted from host: <18.12.1.74:48322>
...
001 (495402.000.000) 06/29 21:59:53 Job executing on host: <18.12.6.8:48322>
...
006 (495402.000.000) 06/29 22:00:02 Image size of job updated: 1
	3  -  MemoryUsage of job (MB)
	2360  -  ResidentSetSize of job (KB)
...
006 (495402.000.000) 06/29 22:01:40 Image size of job updated: 247604
	3  -  MemoryUsage of job (MB)
	2360  -  ResidentSetSize of job (KB)
...
005 (495402.000.000) 06/29 22:01:40 Job terminated.
	(1) Normal termination (return value 0)
		Usr 0 00:01:13, Sys 0 00:00:01  -  Run Remote Usage
		Usr 0 00:00:00, Sys 0 00:00:00  -  Run Local Usage
		Usr 0 00:01:13, Sys 0 00:00:01  -  Total Remote Usage
		Usr 0 00:00:00, Sys 0 00:00:00  -  Total Local Usage
	508820  -  Run Bytes Sent By Job
	46564  -  Run Bytes Received By Job
	508820  -  Total Bytes Sent By Job
	46564  -  Total Bytes Received By Job
	Partitionable Resources :    Usage  Request          
	   Cpus                 :                 1          
	   Disk (KB)            :      568      568          
	   Memory (MB)          :        3        3          
...
