000 (426451.000.000) 06/22 20:50:07 Job submitted from host: <18.12.1.74:48322>
...
001 (426451.000.000) 06/22 20:50:44 Job executing on host: <18.12.6.46:47738>
...
006 (426451.000.000) 06/22 20:50:52 Image size of job updated: 149040
	36  -  MemoryUsage of job (MB)
	36460  -  ResidentSetSize of job (KB)
...
006 (426451.000.000) 06/22 20:51:02 Image size of job updated: 245344
	36  -  MemoryUsage of job (MB)
	36460  -  ResidentSetSize of job (KB)
...
004 (426451.000.000) 06/22 20:51:02 Job was evicted.
	(0) Job was not checkpointed.
		Usr 0 00:00:05, Sys 0 00:00:00  -  Run Remote Usage
		Usr 0 00:00:00, Sys 0 00:00:00  -  Run Local Usage
	0  -  Run Bytes Sent By Job
	41910  -  Run Bytes Received By Job
	Partitionable Resources :    Usage  Request          
	   Cpus                 :                 1          
	   Disk (KB)            :      550      550          
	   Memory (MB)          :       36       36          
...
009 (426451.000.000) 06/22 20:51:10 Job was aborted by the user.
	via condor_rm (by user rkunnawa)
...
000 (491875.000.000) 06/29 09:48:14 Job submitted from host: <18.12.1.74:48322>
...
001 (491875.000.000) 06/29 09:48:24 Job executing on host: <18.12.8.27:48979>
...
006 (491875.000.000) 06/29 09:48:33 Image size of job updated: 144836
	28  -  MemoryUsage of job (MB)
	28244  -  ResidentSetSize of job (KB)
...
006 (491875.000.000) 06/29 09:50:23 Image size of job updated: 246832
	28  -  MemoryUsage of job (MB)
	28244  -  ResidentSetSize of job (KB)
...
005 (491875.000.000) 06/29 09:50:23 Job terminated.
	(1) Normal termination (return value 0)
		Usr 0 00:01:14, Sys 0 00:00:02  -  Run Remote Usage
		Usr 0 00:00:00, Sys 0 00:00:00  -  Run Local Usage
		Usr 0 00:01:14, Sys 0 00:00:02  -  Total Remote Usage
		Usr 0 00:00:00, Sys 0 00:00:00  -  Total Local Usage
	508696  -  Run Bytes Sent By Job
	46550  -  Run Bytes Received By Job
	508696  -  Total Bytes Sent By Job
	46550  -  Total Bytes Received By Job
	Partitionable Resources :    Usage  Request          
	   Cpus                 :                 1          
	   Disk (KB)            :      568      568          
	   Memory (MB)          :       28       28          
...
000 (492627.000.000) 06/29 10:14:18 Job submitted from host: <18.12.1.74:48322>
...
001 (492627.000.000) 06/29 10:14:43 Job executing on host: <18.12.6.16:48176>
...
006 (492627.000.000) 06/29 10:14:52 Image size of job updated: 184596
	53  -  MemoryUsage of job (MB)
	53928  -  ResidentSetSize of job (KB)
...
006 (492627.000.000) 06/29 10:16:39 Image size of job updated: 246832
	53  -  MemoryUsage of job (MB)
	53928  -  ResidentSetSize of job (KB)
...
005 (492627.000.000) 06/29 10:16:40 Job terminated.
	(1) Normal termination (return value 0)
		Usr 0 00:01:05, Sys 0 00:00:01  -  Run Remote Usage
		Usr 0 00:00:00, Sys 0 00:00:00  -  Run Local Usage
		Usr 0 00:01:05, Sys 0 00:00:01  -  Total Remote Usage
		Usr 0 00:00:00, Sys 0 00:00:00  -  Total Local Usage
	509064  -  Run Bytes Sent By Job
	46566  -  Run Bytes Received By Job
	509064  -  Total Bytes Sent By Job
	46566  -  Total Bytes Received By Job
	Partitionable Resources :    Usage  Request          
	   Cpus                 :                 1          
	   Disk (KB)            :      568      568          
	   Memory (MB)          :       53       53          
...
000 (495346.000.000) 06/29 21:59:34 Job submitted from host: <18.12.1.74:48322>
...
001 (495346.000.000) 06/29 21:59:48 Job executing on host: <18.12.8.75:47957>
...
006 (495346.000.000) 06/29 21:59:57 Image size of job updated: 1
	3  -  MemoryUsage of job (MB)
	2356  -  ResidentSetSize of job (KB)
...
006 (495346.000.000) 06/29 22:01:35 Image size of job updated: 247520
	3  -  MemoryUsage of job (MB)
	2356  -  ResidentSetSize of job (KB)
...
005 (495346.000.000) 06/29 22:01:35 Job terminated.
	(1) Normal termination (return value 0)
		Usr 0 00:01:13, Sys 0 00:00:02  -  Run Remote Usage
		Usr 0 00:00:00, Sys 0 00:00:00  -  Run Local Usage
		Usr 0 00:01:13, Sys 0 00:00:02  -  Total Remote Usage
		Usr 0 00:00:00, Sys 0 00:00:00  -  Total Local Usage
	508857  -  Run Bytes Sent By Job
	46564  -  Run Bytes Received By Job
	508857  -  Total Bytes Sent By Job
	46564  -  Total Bytes Received By Job
	Partitionable Resources :    Usage  Request          
	   Cpus                 :                 1          
	   Disk (KB)            :      568      568          
	   Memory (MB)          :        3        3          
...
