000 (426792.000.000) 06/22 20:55:21 Job submitted from host: <18.12.1.74:48322>
...
001 (426792.000.000) 06/22 20:55:29 Job executing on host: <18.12.9.31:42701>
...
006 (426792.000.000) 06/22 20:55:37 Image size of job updated: 93708
	3  -  MemoryUsage of job (MB)
	2148  -  ResidentSetSize of job (KB)
...
006 (426792.000.000) 06/22 21:00:37 Image size of job updated: 243072
	128  -  MemoryUsage of job (MB)
	130956  -  ResidentSetSize of job (KB)
...
006 (426792.000.000) 06/22 21:05:38 Image size of job updated: 243232
	130  -  MemoryUsage of job (MB)
	132680  -  ResidentSetSize of job (KB)
...
006 (426792.000.000) 06/22 21:10:26 Image size of job updated: 245848
	130  -  MemoryUsage of job (MB)
	132680  -  ResidentSetSize of job (KB)
...
005 (426792.000.000) 06/22 21:10:26 Job terminated.
	(1) Normal termination (return value 0)
		Usr 0 00:03:32, Sys 0 00:00:05  -  Run Remote Usage
		Usr 0 00:00:00, Sys 0 00:00:00  -  Run Local Usage
		Usr 0 00:03:32, Sys 0 00:00:05  -  Total Remote Usage
		Usr 0 00:00:00, Sys 0 00:00:00  -  Total Local Usage
	495658  -  Run Bytes Sent By Job
	41910  -  Run Bytes Received By Job
	495658  -  Total Bytes Sent By Job
	41910  -  Total Bytes Received By Job
	Partitionable Resources :    Usage  Request          
	   Cpus                 :                 1          
	   Disk (KB)            :      550      550          
	   Memory (MB)          :      130      130          
...
000 (492141.000.000) 06/29 09:51:48 Job submitted from host: <18.12.1.74:48322>
...
001 (492141.000.000) 06/29 09:52:43 Job executing on host: <18.12.8.193:47738>
...
006 (492141.000.000) 06/29 09:52:51 Image size of job updated: 1
	3  -  MemoryUsage of job (MB)
	2372  -  ResidentSetSize of job (KB)
...
006 (492141.000.000) 06/29 09:57:16 Image size of job updated: 243520
	3  -  MemoryUsage of job (MB)
	2372  -  ResidentSetSize of job (KB)
...
005 (492141.000.000) 06/29 09:57:16 Job terminated.
	(1) Normal termination (return value 0)
		Usr 0 00:02:03, Sys 0 00:00:02  -  Run Remote Usage
		Usr 0 00:00:00, Sys 0 00:00:00  -  Run Local Usage
		Usr 0 00:02:03, Sys 0 00:00:02  -  Total Remote Usage
		Usr 0 00:00:00, Sys 0 00:00:00  -  Total Local Usage
	508946  -  Run Bytes Sent By Job
	46550  -  Run Bytes Received By Job
	508946  -  Total Bytes Sent By Job
	46550  -  Total Bytes Received By Job
	Partitionable Resources :    Usage  Request          
	   Cpus                 :                 1          
	   Disk (KB)            :      568      568          
	   Memory (MB)          :        3        3          
...
000 (493048.000.000) 06/29 10:16:52 Job submitted from host: <18.12.1.74:48322>
...
001 (493048.000.000) 06/29 10:17:14 Job executing on host: <18.12.9.65:40146>
...
006 (493048.000.000) 06/29 10:17:23 Image size of job updated: 1
	3  -  MemoryUsage of job (MB)
	2352  -  ResidentSetSize of job (KB)
...
006 (493048.000.000) 06/29 10:19:54 Image size of job updated: 243352
	3  -  MemoryUsage of job (MB)
	2352  -  ResidentSetSize of job (KB)
...
005 (493048.000.000) 06/29 10:19:54 Job terminated.
	(1) Normal termination (return value 0)
		Usr 0 00:01:42, Sys 0 00:00:03  -  Run Remote Usage
		Usr 0 00:00:00, Sys 0 00:00:00  -  Run Local Usage
		Usr 0 00:01:42, Sys 0 00:00:03  -  Total Remote Usage
		Usr 0 00:00:00, Sys 0 00:00:00  -  Total Local Usage
	509585  -  Run Bytes Sent By Job
	46566  -  Run Bytes Received By Job
	509585  -  Total Bytes Sent By Job
	46566  -  Total Bytes Received By Job
	Partitionable Resources :    Usage  Request          
	   Cpus                 :                 1          
	   Disk (KB)            :      569      569          
	   Memory (MB)          :        3        3          
...
000 (495043.000.000) 06/29 21:56:42 Job submitted from host: <18.12.1.74:48322>
...
001 (495043.000.000) 06/29 21:56:57 Job executing on host: <18.12.8.25:48395>
...
006 (495043.000.000) 06/29 21:57:05 Image size of job updated: 153864
	39  -  MemoryUsage of job (MB)
	39592  -  ResidentSetSize of job (KB)
...
006 (495043.000.000) 06/29 22:01:07 Image size of job updated: 243908
	39  -  MemoryUsage of job (MB)
	39592  -  ResidentSetSize of job (KB)
...
005 (495043.000.000) 06/29 22:01:08 Job terminated.
	(1) Normal termination (return value 0)
		Usr 0 00:03:05, Sys 0 00:00:08  -  Run Remote Usage
		Usr 0 00:00:00, Sys 0 00:00:00  -  Run Local Usage
		Usr 0 00:03:05, Sys 0 00:00:08  -  Total Remote Usage
		Usr 0 00:00:00, Sys 0 00:00:00  -  Total Local Usage
	508968  -  Run Bytes Sent By Job
	46564  -  Run Bytes Received By Job
	508968  -  Total Bytes Sent By Job
	46564  -  Total Bytes Received By Job
	Partitionable Resources :    Usage  Request          
	   Cpus                 :                 1          
	   Disk (KB)            :      568      568          
	   Memory (MB)          :       39       39          
...
