000 (426774.000.000) 06/22 20:55:19 Job submitted from host: <18.12.1.74:48322>
...
001 (426774.000.000) 06/22 20:55:29 Job executing on host: <18.12.6.86:44818>
...
006 (426774.000.000) 06/22 20:55:37 Image size of job updated: 143768
	19  -  MemoryUsage of job (MB)
	18716  -  ResidentSetSize of job (KB)
...
006 (426774.000.000) 06/22 21:00:37 Image size of job updated: 245988
	129  -  MemoryUsage of job (MB)
	132076  -  ResidentSetSize of job (KB)
...
005 (426774.000.000) 06/22 21:01:16 Job terminated.
	(1) Normal termination (return value 0)
		Usr 0 00:03:57, Sys 0 00:00:04  -  Run Remote Usage
		Usr 0 00:00:00, Sys 0 00:00:00  -  Run Local Usage
		Usr 0 00:03:57, Sys 0 00:00:04  -  Total Remote Usage
		Usr 0 00:00:00, Sys 0 00:00:00  -  Total Local Usage
	495313  -  Run Bytes Sent By Job
	41910  -  Run Bytes Received By Job
	495313  -  Total Bytes Sent By Job
	41910  -  Total Bytes Received By Job
	Partitionable Resources :    Usage  Request          
	   Cpus                 :                 1          
	   Disk (KB)            :      550      550          
	   Memory (MB)          :      129      129          
...
000 (492105.000.000) 06/29 09:51:44 Job submitted from host: <18.12.1.74:48322>
...
001 (492105.000.000) 06/29 09:52:13 Job executing on host: <18.12.9.60:41752>
...
006 (492105.000.000) 06/29 09:52:21 Image size of job updated: 241776
	47  -  MemoryUsage of job (MB)
	48100  -  ResidentSetSize of job (KB)
...
006 (492105.000.000) 06/29 09:56:09 Image size of job updated: 243124
	47  -  MemoryUsage of job (MB)
	48100  -  ResidentSetSize of job (KB)
...
005 (492105.000.000) 06/29 09:56:09 Job terminated.
	(1) Normal termination (return value 0)
		Usr 0 00:01:11, Sys 0 00:00:02  -  Run Remote Usage
		Usr 0 00:00:00, Sys 0 00:00:00  -  Run Local Usage
		Usr 0 00:01:11, Sys 0 00:00:02  -  Total Remote Usage
		Usr 0 00:00:00, Sys 0 00:00:00  -  Total Local Usage
	508780  -  Run Bytes Sent By Job
	46550  -  Run Bytes Received By Job
	508780  -  Total Bytes Sent By Job
	46550  -  Total Bytes Received By Job
	Partitionable Resources :    Usage  Request          
	   Cpus                 :                 1          
	   Disk (KB)            :      568      568          
	   Memory (MB)          :       47       47          
...
000 (493012.000.000) 06/29 10:16:48 Job submitted from host: <18.12.1.74:48322>
...
001 (493012.000.000) 06/29 10:17:10 Job executing on host: <18.12.6.7:49928>
...
006 (493012.000.000) 06/29 10:17:19 Image size of job updated: 241784
	73  -  MemoryUsage of job (MB)
	74548  -  ResidentSetSize of job (KB)
...
006 (493012.000.000) 06/29 10:22:20 Image size of job updated: 243132
	109  -  MemoryUsage of job (MB)
	111204  -  ResidentSetSize of job (KB)
...
005 (493012.000.000) 06/29 10:26:23 Job terminated.
	(1) Normal termination (return value 0)
		Usr 0 00:01:04, Sys 0 00:00:01  -  Run Remote Usage
		Usr 0 00:00:00, Sys 0 00:00:00  -  Run Local Usage
		Usr 0 00:01:04, Sys 0 00:00:01  -  Total Remote Usage
		Usr 0 00:00:00, Sys 0 00:00:00  -  Total Local Usage
	508947  -  Run Bytes Sent By Job
	46566  -  Run Bytes Received By Job
	508947  -  Total Bytes Sent By Job
	46566  -  Total Bytes Received By Job
	Partitionable Resources :    Usage  Request          
	   Cpus                 :                 1          
	   Disk (KB)            :      568      568          
	   Memory (MB)          :      109      109          
...
000 (495007.000.000) 06/29 21:56:38 Job submitted from host: <18.12.1.74:48322>
...
001 (495007.000.000) 06/29 21:56:51 Job executing on host: <18.12.9.83:46497>
...
006 (495007.000.000) 06/29 21:56:59 Image size of job updated: 242340
	59  -  MemoryUsage of job (MB)
	59896  -  ResidentSetSize of job (KB)
...
006 (495007.000.000) 06/29 22:01:59 Image size of job updated: 243688
	121  -  MemoryUsage of job (MB)
	123540  -  ResidentSetSize of job (KB)
...
006 (495007.000.000) 06/29 22:02:33 Image size of job updated: 244084
	121  -  MemoryUsage of job (MB)
	123540  -  ResidentSetSize of job (KB)
...
005 (495007.000.000) 06/29 22:02:33 Job terminated.
	(1) Normal termination (return value 0)
		Usr 0 00:01:16, Sys 0 00:00:03  -  Run Remote Usage
		Usr 0 00:00:00, Sys 0 00:00:00  -  Run Local Usage
		Usr 0 00:01:16, Sys 0 00:00:03  -  Total Remote Usage
		Usr 0 00:00:00, Sys 0 00:00:00  -  Total Local Usage
	509008  -  Run Bytes Sent By Job
	46564  -  Run Bytes Received By Job
	509008  -  Total Bytes Sent By Job
	46564  -  Total Bytes Received By Job
	Partitionable Resources :    Usage  Request          
	   Cpus                 :                 1          
	   Disk (KB)            :      568      568          
	   Memory (MB)          :      121      121          
...
