000 (426518.000.000) 06/22 20:50:13 Job submitted from host: <18.12.1.74:48322>
...
001 (426518.000.000) 06/22 20:50:48 Job executing on host: <18.12.6.91:40511>
...
006 (426518.000.000) 06/22 20:50:57 Image size of job updated: 1
	3  -  MemoryUsage of job (MB)
	2348  -  ResidentSetSize of job (KB)
...
006 (426518.000.000) 06/22 20:51:02 Image size of job updated: 245796
	3  -  MemoryUsage of job (MB)
	2348  -  ResidentSetSize of job (KB)
...
004 (426518.000.000) 06/22 20:51:02 Job was evicted.
	(0) Job was not checkpointed.
		Usr 0 00:00:03, Sys 0 00:00:01  -  Run Remote Usage
		Usr 0 00:00:00, Sys 0 00:00:00  -  Run Local Usage
	0  -  Run Bytes Sent By Job
	41910  -  Run Bytes Received By Job
	Partitionable Resources :    Usage  Request          
	   Cpus                 :                 1          
	   Disk (KB)            :      550      550          
	   Memory (MB)          :        3        3          
...
009 (426518.000.000) 06/22 20:51:10 Job was aborted by the user.
	via condor_rm (by user rkunnawa)
...
000 (426614.000.000) 06/22 20:51:46 Job submitted from host: <18.12.1.74:48322>
...
001 (426614.000.000) 06/22 20:52:13 Job executing on host: <18.12.8.204:49125>
...
006 (426614.000.000) 06/22 20:52:22 Image size of job updated: 1
	3  -  MemoryUsage of job (MB)
	2364  -  ResidentSetSize of job (KB)
...
006 (426614.000.000) 06/22 20:56:32 Image size of job updated: 247108
	3  -  MemoryUsage of job (MB)
	2364  -  ResidentSetSize of job (KB)
...
005 (426614.000.000) 06/22 20:56:32 Job terminated.
	(1) Normal termination (return value 0)
		Usr 0 00:02:55, Sys 0 00:00:04  -  Run Remote Usage
		Usr 0 00:00:00, Sys 0 00:00:00  -  Run Local Usage
		Usr 0 00:02:55, Sys 0 00:00:04  -  Total Remote Usage
		Usr 0 00:00:00, Sys 0 00:00:00  -  Total Local Usage
	495129  -  Run Bytes Sent By Job
	41910  -  Run Bytes Received By Job
	495129  -  Total Bytes Sent By Job
	41910  -  Total Bytes Received By Job
	Partitionable Resources :    Usage  Request          
	   Cpus                 :                 1          
	   Disk (KB)            :      550      550          
	   Memory (MB)          :        3        3          
...
000 (491955.000.000) 06/29 09:48:26 Job submitted from host: <18.12.1.74:48322>
...
001 (491955.000.000) 06/29 09:49:00 Job executing on host: <18.12.8.127:48906>
...
006 (491955.000.000) 06/29 09:49:08 Image size of job updated: 1
	2  -  MemoryUsage of job (MB)
	1740  -  ResidentSetSize of job (KB)
...
006 (491955.000.000) 06/29 09:52:11 Image size of job updated: 247104
	2  -  MemoryUsage of job (MB)
	1740  -  ResidentSetSize of job (KB)
...
005 (491955.000.000) 06/29 09:52:11 Job terminated.
	(1) Normal termination (return value 0)
		Usr 0 00:01:04, Sys 0 00:00:02  -  Run Remote Usage
		Usr 0 00:00:00, Sys 0 00:00:00  -  Run Local Usage
		Usr 0 00:01:04, Sys 0 00:00:02  -  Total Remote Usage
		Usr 0 00:00:00, Sys 0 00:00:00  -  Total Local Usage
	508823  -  Run Bytes Sent By Job
	46550  -  Run Bytes Received By Job
	508823  -  Total Bytes Sent By Job
	46550  -  Total Bytes Received By Job
	Partitionable Resources :    Usage  Request          
	   Cpus                 :                 1          
	   Disk (KB)            :      567      567          
	   Memory (MB)          :        2        2          
...
000 (492694.000.000) 06/29 10:14:34 Job submitted from host: <18.12.1.74:48322>
...
001 (492694.000.000) 06/29 10:14:50 Job executing on host: <18.12.8.91:41168>
...
006 (492694.000.000) 06/29 10:14:59 Image size of job updated: 246856
	110  -  MemoryUsage of job (MB)
	112632  -  ResidentSetSize of job (KB)
...
006 (492694.000.000) 06/29 10:16:30 Image size of job updated: 246988
	110  -  MemoryUsage of job (MB)
	112632  -  ResidentSetSize of job (KB)
...
005 (492694.000.000) 06/29 10:16:30 Job terminated.
	(1) Normal termination (return value 0)
		Usr 0 00:00:54, Sys 0 00:00:02  -  Run Remote Usage
		Usr 0 00:00:00, Sys 0 00:00:00  -  Run Local Usage
		Usr 0 00:00:54, Sys 0 00:00:02  -  Total Remote Usage
		Usr 0 00:00:00, Sys 0 00:00:00  -  Total Local Usage
	509096  -  Run Bytes Sent By Job
	46566  -  Run Bytes Received By Job
	509096  -  Total Bytes Sent By Job
	46566  -  Total Bytes Received By Job
	Partitionable Resources :    Usage  Request          
	   Cpus                 :                 1          
	   Disk (KB)            :      568      568          
	   Memory (MB)          :      110      110          
...
000 (495413.000.000) 06/29 21:59:49 Job submitted from host: <18.12.1.74:48322>
...
001 (495413.000.000) 06/29 21:59:54 Job executing on host: <18.12.6.44:44453>
...
006 (495413.000.000) 06/29 22:00:03 Image size of job updated: 246168
	60  -  MemoryUsage of job (MB)
	60500  -  ResidentSetSize of job (KB)
...
006 (495413.000.000) 06/29 22:01:52 Image size of job updated: 247748
	60  -  MemoryUsage of job (MB)
	60500  -  ResidentSetSize of job (KB)
...
005 (495413.000.000) 06/29 22:01:52 Job terminated.
	(1) Normal termination (return value 0)
		Usr 0 00:01:25, Sys 0 00:00:01  -  Run Remote Usage
		Usr 0 00:00:00, Sys 0 00:00:00  -  Run Local Usage
		Usr 0 00:01:25, Sys 0 00:00:01  -  Total Remote Usage
		Usr 0 00:00:00, Sys 0 00:00:00  -  Total Local Usage
	508899  -  Run Bytes Sent By Job
	46564  -  Run Bytes Received By Job
	508899  -  Total Bytes Sent By Job
	46564  -  Total Bytes Received By Job
	Partitionable Resources :    Usage  Request          
	   Cpus                 :                 1          
	   Disk (KB)            :      568      568          
	   Memory (MB)          :       60       60          
...
