
----------------------------------------------------
Job started on Mon Jun 22 20:55:24 EDT 2015 at WN: t2bat0011.cmsaf.mit.edu 
Job is running on Linux t2bat0011.cmsaf.mit.edu 2.6.32-358.el6.x86_64 #1 SMP Fri Feb 22 20:37:17 CST 2013 x86_64 x86_64 x86_64 GNU/Linux
Filesystem            Size  Used Avail Use% Mounted on
/dev/sda3              20G  3.0G   16G  16% /
tmpfs                  12G     0   12G   0% /dev/shm
/dev/sda1              97M   32M   61M  35% /boot
/dev/sda4             645G   88G  557G  14% /export/data1
/dev/sdb1             1.8T  1.6T  206G  89% /export/00b
/dev/sdc1             1.8T  1.7T  190G  90% /export/00c
/dev/sdd1             1.8T  1.7T  190G  90% /export/00d
fuse_dfs              4.9P  4.4P  522T  90% /mnt/hadoop
/dev/sdf1             1.8T  1.6T  209G  89% /export/00e
/dev/sde1             1.8T  1.6T  203G  89% /export/00f
t2srv0004:/export/db  135G  187M  135G   1% /net/t2srv0004/db
cvmfs2                 98G   85G   13G  87% /cvmfs/cms.cern.ch
cvmfs2                 98G   85G   13G  87% /cvmfs/mu2e.opensciencegrid.org
gcc (GCC) 4.4.7 20120313 (Red Hat 4.4.7-3)
Copyright (C) 2010 Free Software Foundation, Inc.
This is free software; see the source for copying conditions.  There is NO
warranty; not even for MERCHANTABILITY or FITNESS FOR A PARTICULAR PURPOSE.

Processing...
0/122668
10000/122668
20000/122668
30000/122668
40000/122668
50000/122668
60000/122668
70000/122668
80000/122668
90000/122668
100000/122668
110000/122668
120000/122668
Macro finished: 
CPU time (min)  = 1.33617
Real time (min) = 1.74016
Done!
Copied output files to hadoop rootfiles/JetRAA/June22
