
----------------------------------------------------
Job started on Mon Jun 29 21:59:57 EDT 2015 at WN: t2bat0247.cmsaf.mit.edu 
Job is running on Linux t2bat0247.cmsaf.mit.edu 2.6.32-358.el6.x86_64 #1 SMP Fri Feb 22 20:37:17 CST 2013 x86_64 x86_64 x86_64 GNU/Linux
Filesystem            Size  Used Avail Use% Mounted on
/dev/sda3              20G  3.2G   16G  17% /
tmpfs                  12G     0   12G   0% /dev/shm
/dev/sda1              97M   32M   61M  35% /boot
/dev/sda4             874G   57G  818G   7% /export/data1
/dev/sdb1             1.8T  1.6T  209G  89% /export/00b
/dev/sdc1             1.8T  1.6T  203G  89% /export/00c
/dev/sdd1             1.8T  1.6T  198G  90% /export/00d
/dev/sde1             1.8T  1.7T  194G  90% /export/00e
/dev/sdf1             1.8T  1.6T  222G  88% /export/00f
fuse_dfs              4.9P  4.4P  527T  90% /mnt/hadoop
cvmfs2                 98G   53G   45G  54% /cvmfs/cms.cern.ch
t2srv0004:/export/db  135G  187M  135G   1% /net/t2srv0004/db
cvmfs2                 98G   53G   45G  54% /cvmfs/cvmfs.cmsaf.mit.edu
cvmfs2                 98G   53G   45G  54% /cvmfs/oasis.opensciencegrid.org
cvmfs2                 98G   53G   45G  54% /cvmfs/grid.cern.ch
cvmfs2                 98G   53G   45G  54% /cvmfs/fermilab.opensciencegrid.org
gcc (GCC) 4.4.7 20120313 (Red Hat 4.4.7-3)
Copyright (C) 2010 Free Software Foundation, Inc.
This is free software; see the source for copying conditions.  There is NO
warranty; not even for MERCHANTABILITY or FITNESS FOR A PARTICULAR PURPOSE.

Processing...
0/171112
10000/171112
20000/171112
30000/171112
40000/171112
50000/171112
60000/171112
70000/171112
80000/171112
90000/171112
100000/171112
110000/171112
120000/171112
130000/171112
140000/171112
150000/171112
160000/171112
170000/171112
Macro finished: 
CPU time (min)  = 1.763
Real time (min) = 2.23289
Done!
Copied output files to hadoop rootfiles/JetRAA/June22
