000 (426458.000.000) 06/22 20:50:07 Job submitted from host: <18.12.1.74:48322>
...
001 (426458.000.000) 06/22 20:50:46 Job executing on host: <18.12.12.8:48614>
...
006 (426458.000.000) 06/22 20:50:54 Image size of job updated: 147020
	34  -  MemoryUsage of job (MB)
	34252  -  ResidentSetSize of job (KB)
...
006 (426458.000.000) 06/22 20:51:02 Image size of job updated: 245032
	34  -  MemoryUsage of job (MB)
	34252  -  ResidentSetSize of job (KB)
...
004 (426458.000.000) 06/22 20:51:02 Job was evicted.
	(0) Job was not checkpointed.
		Usr 0 00:00:04, Sys 0 00:00:00  -  Run Remote Usage
		Usr 0 00:00:00, Sys 0 00:00:00  -  Run Local Usage
	0  -  Run Bytes Sent By Job
	41910  -  Run Bytes Received By Job
	Partitionable Resources :    Usage  Request          
	   Cpus                 :                 1          
	   Disk (KB)            :      550      550          
	   Memory (MB)          :       34       34          
...
009 (426458.000.000) 06/22 20:51:11 Job was aborted by the user.
	via condor_rm (by user rkunnawa)
...
000 (426584.000.000) 06/22 20:51:43 Job submitted from host: <18.12.1.74:48322>
...
001 (426584.000.000) 06/22 20:52:43 Job executing on host: <18.12.9.70:40511>
...
006 (426584.000.000) 06/22 20:52:52 Image size of job updated: 1
	3  -  MemoryUsage of job (MB)
	2376  -  ResidentSetSize of job (KB)
...
006 (426584.000.000) 06/22 20:55:12 Image size of job updated: 247532
	3  -  MemoryUsage of job (MB)
	2376  -  ResidentSetSize of job (KB)
...
005 (426584.000.000) 06/22 20:55:12 Job terminated.
	(1) Normal termination (return value 0)
		Usr 0 00:01:30, Sys 0 00:00:04  -  Run Remote Usage
		Usr 0 00:00:00, Sys 0 00:00:00  -  Run Local Usage
		Usr 0 00:01:30, Sys 0 00:00:04  -  Total Remote Usage
		Usr 0 00:00:00, Sys 0 00:00:00  -  Total Local Usage
	495033  -  Run Bytes Sent By Job
	41910  -  Run Bytes Received By Job
	495033  -  Total Bytes Sent By Job
	41910  -  Total Bytes Received By Job
	Partitionable Resources :    Usage  Request          
	   Cpus                 :                 1          
	   Disk (KB)            :      550      550          
	   Memory (MB)          :        3        3          
...
