
----------------------------------------------------
Job started on Tue Jun 23 16:48:43 EDT 2015 at WN: hibat0068.cmsaf.mit.edu 
Job is running on Linux hibat0068.cmsaf.mit.edu 2.6.32-358.el6.x86_64 #1 SMP Fri Feb 22 20:37:17 CST 2013 x86_64 x86_64 x86_64 GNU/Linux
Filesystem            Size  Used Avail Use% Mounted on
/dev/sda3              20G  3.3G   16G  18% /
tmpfs                  24G     0   24G   0% /dev/shm
/dev/sda1              97M   32M   61M  35% /boot
/dev/sda4             874G   91G  783G  11% /export/data1
/dev/sdb1             1.8T  1.6T  201G  90% /export/00b
/dev/sdc1             1.8T  1.6T  211G  89% /export/00c
/dev/sdd1             1.8T  1.7T  183G  91% /export/00d
/dev/sde1             1.8T  1.7T  190G  90% /export/00e
/dev/sdf1             1.8T  1.6T  207G  89% /export/00f
fuse_dfs              4.9P  4.4P  516T  90% /mnt/hadoop
cvmfs2                 98G   90G  8.2G  92% /cvmfs/cms.cern.ch
cvmfs2                 98G   90G  8.2G  92% /cvmfs/mu2e.opensciencegrid.org
cvmfs2                 98G   90G  8.2G  92% /cvmfs/oasis.opensciencegrid.org
t2srv0004:/export/db  135G  187M  135G   1% /net/t2srv0004/db
gcc (GCC) 4.4.7 20120313 (Red Hat 4.4.7-3)
Copyright (C) 2010 Free Software Foundation, Inc.
This is free software; see the source for copying conditions.  There is NO
warranty; not even for MERCHANTABILITY or FITNESS FOR A PARTICULAR PURPOSE.

Processing...
0/140263
10000/140263
20000/140263
30000/140263
40000/140263
50000/140263
60000/140263
70000/140263
80000/140263
90000/140263
100000/140263
110000/140263
120000/140263
130000/140263
140000/140263
Macro finished: 
CPU time (min)  = 1.479
Real time (min) = 2.55157
Done!
Copied output files to hadoop rootfiles/JetRAA/June22
