000 (426440.000.000) 06/22 20:50:06 Job submitted from host: <18.12.1.74:48322>
...
001 (426440.000.000) 06/22 20:50:42 Job executing on host: <18.12.8.105:41095>
...
006 (426440.000.000) 06/22 20:50:50 Image size of job updated: 69180
	13  -  MemoryUsage of job (MB)
	13300  -  ResidentSetSize of job (KB)
...
006 (426440.000.000) 06/22 20:51:02 Image size of job updated: 246164
	13  -  MemoryUsage of job (MB)
	13300  -  ResidentSetSize of job (KB)
...
004 (426440.000.000) 06/22 20:51:02 Job was evicted.
	(0) Job was not checkpointed.
		Usr 0 00:00:04, Sys 0 00:00:00  -  Run Remote Usage
		Usr 0 00:00:00, Sys 0 00:00:00  -  Run Local Usage
	0  -  Run Bytes Sent By Job
	41910  -  Run Bytes Received By Job
	Partitionable Resources :    Usage  Request          
	   Cpus                 :                 1          
	   Disk (KB)            :      550      550          
	   Memory (MB)          :       13       13          
...
009 (426440.000.000) 06/22 20:51:10 Job was aborted by the user.
	via condor_rm (by user rkunnawa)
...
000 (426575.000.000) 06/22 20:51:42 Job submitted from host: <18.12.1.74:48322>
...
001 (426575.000.000) 06/22 20:52:11 Job executing on host: <18.12.9.56:40657>
...
006 (426575.000.000) 06/22 20:52:19 Image size of job updated: 143764
	25  -  MemoryUsage of job (MB)
	24696  -  ResidentSetSize of job (KB)
...
006 (426575.000.000) 06/22 20:56:29 Image size of job updated: 247284
	25  -  MemoryUsage of job (MB)
	24696  -  ResidentSetSize of job (KB)
...
005 (426575.000.000) 06/22 20:56:30 Job terminated.
	(1) Normal termination (return value 0)
		Usr 0 00:03:05, Sys 0 00:00:06  -  Run Remote Usage
		Usr 0 00:00:00, Sys 0 00:00:00  -  Run Local Usage
		Usr 0 00:03:05, Sys 0 00:00:06  -  Total Remote Usage
		Usr 0 00:00:00, Sys 0 00:00:00  -  Total Local Usage
	495243  -  Run Bytes Sent By Job
	41910  -  Run Bytes Received By Job
	495243  -  Total Bytes Sent By Job
	41910  -  Total Bytes Received By Job
	Partitionable Resources :    Usage  Request          
	   Cpus                 :                 1          
	   Disk (KB)            :      550      550          
	   Memory (MB)          :       25       25          
...
000 (491864.000.000) 06/29 09:48:11 Job submitted from host: <18.12.1.74:48322>
...
001 (491864.000.000) 06/29 09:48:27 Job executing on host: <18.12.8.71:44234>
...
006 (491864.000.000) 06/29 09:48:36 Image size of job updated: 245732
	60  -  MemoryUsage of job (MB)
	60976  -  ResidentSetSize of job (KB)
...
006 (491864.000.000) 06/29 09:50:52 Image size of job updated: 247248
	60  -  MemoryUsage of job (MB)
	60976  -  ResidentSetSize of job (KB)
...
005 (491864.000.000) 06/29 09:50:53 Job terminated.
	(1) Normal termination (return value 0)
		Usr 0 00:01:45, Sys 0 00:00:03  -  Run Remote Usage
		Usr 0 00:00:00, Sys 0 00:00:00  -  Run Local Usage
		Usr 0 00:01:45, Sys 0 00:00:03  -  Total Remote Usage
		Usr 0 00:00:00, Sys 0 00:00:00  -  Total Local Usage
	508793  -  Run Bytes Sent By Job
	46550  -  Run Bytes Received By Job
	508793  -  Total Bytes Sent By Job
	46550  -  Total Bytes Received By Job
	Partitionable Resources :    Usage  Request          
	   Cpus                 :                 1          
	   Disk (KB)            :      568      568          
	   Memory (MB)          :       60       60          
...
000 (492616.000.000) 06/29 10:14:17 Job submitted from host: <18.12.1.74:48322>
...
001 (492616.000.000) 06/29 10:14:50 Job executing on host: <18.12.8.185:42920>
...
006 (492616.000.000) 06/29 10:14:59 Image size of job updated: 1
	3  -  MemoryUsage of job (MB)
	2376  -  ResidentSetSize of job (KB)
...
006 (492616.000.000) 06/29 10:17:40 Image size of job updated: 247220
	3  -  MemoryUsage of job (MB)
	2376  -  ResidentSetSize of job (KB)
...
005 (492616.000.000) 06/29 10:17:40 Job terminated.
	(1) Normal termination (return value 0)
		Usr 0 00:01:53, Sys 0 00:00:02  -  Run Remote Usage
		Usr 0 00:00:00, Sys 0 00:00:00  -  Run Local Usage
		Usr 0 00:01:53, Sys 0 00:00:02  -  Total Remote Usage
		Usr 0 00:00:00, Sys 0 00:00:00  -  Total Local Usage
	508880  -  Run Bytes Sent By Job
	46566  -  Run Bytes Received By Job
	508880  -  Total Bytes Sent By Job
	46566  -  Total Bytes Received By Job
	Partitionable Resources :    Usage  Request          
	   Cpus                 :                 1          
	   Disk (KB)            :      568      568          
	   Memory (MB)          :        3        3          
...
000 (495335.000.000) 06/29 21:59:32 Job submitted from host: <18.12.1.74:48322>
...
001 (495335.000.000) 06/29 22:00:14 Job executing on host: <18.12.9.70:40511>
...
006 (495335.000.000) 06/29 22:00:23 Image size of job updated: 153816
	39  -  MemoryUsage of job (MB)
	39592  -  ResidentSetSize of job (KB)
...
006 (495335.000.000) 06/29 22:02:32 Image size of job updated: 247800
	39  -  MemoryUsage of job (MB)
	39592  -  ResidentSetSize of job (KB)
...
005 (495335.000.000) 06/29 22:02:32 Job terminated.
	(1) Normal termination (return value 0)
		Usr 0 00:01:31, Sys 0 00:00:03  -  Run Remote Usage
		Usr 0 00:00:00, Sys 0 00:00:00  -  Run Local Usage
		Usr 0 00:01:31, Sys 0 00:00:03  -  Total Remote Usage
		Usr 0 00:00:00, Sys 0 00:00:00  -  Total Local Usage
	509222  -  Run Bytes Sent By Job
	46564  -  Run Bytes Received By Job
	509222  -  Total Bytes Sent By Job
	46564  -  Total Bytes Received By Job
	Partitionable Resources :    Usage  Request          
	   Cpus                 :                 1          
	   Disk (KB)            :      568      568          
	   Memory (MB)          :       39       39          
...
