
----------------------------------------------------
Job started on Mon Jun 22 20:52:10 EDT 2015 at WN: t2bat0294.cmsaf.mit.edu 
Job is running on Linux t2bat0294.cmsaf.mit.edu 2.6.32-358.el6.x86_64 #1 SMP Fri Feb 22 20:37:17 CST 2013 x86_64 x86_64 x86_64 GNU/Linux
Filesystem            Size  Used Avail Use% Mounted on
/dev/sda3              20G   14G  4.9G  74% /
tmpfs                  32G     0   32G   0% /dev/shm
/dev/sda1              97M   32M   61M  35% /boot
/dev/sda4             416G  103G  313G  25% /export/data1
fuse_dfs              4.9P  4.4P  522T  90% /mnt/hadoop
/dev/sdb1             2.7T  2.4T  321G  89% /export/00b
/dev/sdc1             2.7T  2.4T  308G  89% /export/00c
/dev/sdd1             2.7T  2.4T  315G  89% /export/00d
/dev/sde1             2.7T  2.4T  308G  89% /export/00e
/dev/sdf1             2.7T  2.4T  302G  90% /export/00f
/dev/sdg1             2.7T  2.4T  309G  89% /export/00g
/dev/sdh1             2.7T  2.4T  317G  89% /export/00h
/dev/sdi1             2.7T  2.4T  298G  90% /export/00i
/dev/sdj1             2.7T  2.4T  309G  89% /export/00j
/dev/sdk1             2.7T  2.4T  306G  89% /export/00k
/dev/sdl1             2.7T  2.4T  306G  89% /export/00l
cvmfs2                 98G   97G  1.5G  99% /cvmfs/cms.cern.ch
t2srv0004:/export/db  135G  187M  135G   1% /net/t2srv0004/db
cvmfs2                 98G   97G  1.5G  99% /cvmfs/mu2e.opensciencegrid.org
gcc (GCC) 4.4.7 20120313 (Red Hat 4.4.7-3)
Copyright (C) 2010 Free Software Foundation, Inc.
This is free software; see the source for copying conditions.  There is NO
warranty; not even for MERCHANTABILITY or FITNESS FOR A PARTICULAR PURPOSE.

Processing...
0/113347
10000/113347
20000/113347
30000/113347
40000/113347
50000/113347
60000/113347
70000/113347
80000/113347
90000/113347
100000/113347
110000/113347
Macro finished: 
CPU time (min)  = 1.0445
Real time (min) = 5.01723
Done!
Copied output files to hadoop rootfiles/JetRAA/June22
