
----------------------------------------------------
Job started on Mon Jun 29 21:59:54 EDT 2015 at WN: t2bat0230.cmsaf.mit.edu 
Job is running on Linux t2bat0230.cmsaf.mit.edu 2.6.32-358.el6.x86_64 #1 SMP Fri Feb 22 20:37:17 CST 2013 x86_64 x86_64 x86_64 GNU/Linux
Filesystem            Size  Used Avail Use% Mounted on
/dev/sda3              20G  2.6G   17G  14% /
tmpfs                  12G     0   12G   0% /dev/shm
/dev/sda1              97M   32M   61M  35% /boot
/dev/sda4             874G   28G  847G   4% /export/data1
/dev/sdb1             1.8T  1.6T  214G  89% /export/00b
/dev/sdc1             1.8T  1.6T  221G  88% /export/00c
/dev/sdd1             1.8T  1.6T  197G  90% /export/00d
/dev/sde1             1.8T  1.6T  199G  90% /export/00e
/dev/sdf1             1.8T  1.6T  197G  90% /export/00f
fuse_dfs              4.9P  4.4P  527T  90% /mnt/hadoop
cvmfs2                 98G   21G   77G  22% /cvmfs/cms.cern.ch
t2srv0004:/export/db  135G  187M  135G   1% /net/t2srv0004/db
cvmfs2                 98G   21G   77G  22% /cvmfs/cvmfs.cmsaf.mit.edu
cvmfs2                 98G   21G   77G  22% /cvmfs/oasis.opensciencegrid.org
gcc (GCC) 4.4.7 20120313 (Red Hat 4.4.7-3)
Copyright (C) 2010 Free Software Foundation, Inc.
This is free software; see the source for copying conditions.  There is NO
warranty; not even for MERCHANTABILITY or FITNESS FOR A PARTICULAR PURPOSE.

Processing...
0/178457
10000/178457
20000/178457
30000/178457
40000/178457
50000/178457
60000/178457
70000/178457
80000/178457
90000/178457
100000/178457
110000/178457
120000/178457
130000/178457
140000/178457
150000/178457
160000/178457
170000/178457
Macro finished: 
CPU time (min)  = 1.8525
Real time (min) = 2.41482
Done!
Copied output files to hadoop rootfiles/JetRAA/June22
