000 (426406.000.000) 06/22 20:50:03 Job submitted from host: <18.12.1.74:48322>
...
001 (426406.000.000) 06/22 20:50:51 Job executing on host: <18.12.9.44:49782>
...
006 (426406.000.000) 06/22 20:50:59 Image size of job updated: 1
	3  -  MemoryUsage of job (MB)
	2380  -  ResidentSetSize of job (KB)
...
006 (426406.000.000) 06/22 20:51:02 Image size of job updated: 147016
	3  -  MemoryUsage of job (MB)
	2380  -  ResidentSetSize of job (KB)
...
004 (426406.000.000) 06/22 20:51:02 Job was evicted.
	(0) Job was not checkpointed.
		Usr 0 00:00:00, Sys 0 00:00:00  -  Run Remote Usage
		Usr 0 00:00:00, Sys 0 00:00:00  -  Run Local Usage
	0  -  Run Bytes Sent By Job
	41910  -  Run Bytes Received By Job
	Partitionable Resources :    Usage  Request          
	   Cpus                 :                 1          
	   Disk (KB)            :      550      550          
	   Memory (MB)          :        3        3          
...
009 (426406.000.000) 06/22 20:51:10 Job was aborted by the user.
	via condor_rm (by user rkunnawa)
...
000 (426558.000.000) 06/22 20:51:41 Job submitted from host: <18.12.1.74:48322>
...
001 (426558.000.000) 06/22 20:52:16 Job executing on host: <18.12.9.44:49782>
...
006 (426558.000.000) 06/22 20:52:25 Image size of job updated: 1
	3  -  MemoryUsage of job (MB)
	2380  -  ResidentSetSize of job (KB)
...
006 (426558.000.000) 06/22 20:57:26 Image size of job updated: 247072
	117  -  MemoryUsage of job (MB)
	118840  -  ResidentSetSize of job (KB)
...
006 (426558.000.000) 06/22 21:02:27 Image size of job updated: 247568
	121  -  MemoryUsage of job (MB)
	123716  -  ResidentSetSize of job (KB)
...
005 (426558.000.000) 06/22 21:04:36 Job terminated.
	(1) Normal termination (return value 0)
		Usr 0 00:02:50, Sys 0 00:00:05  -  Run Remote Usage
		Usr 0 00:00:00, Sys 0 00:00:00  -  Run Local Usage
		Usr 0 00:02:50, Sys 0 00:00:05  -  Total Remote Usage
		Usr 0 00:00:00, Sys 0 00:00:00  -  Total Local Usage
	495556  -  Run Bytes Sent By Job
	41910  -  Run Bytes Received By Job
	495556  -  Total Bytes Sent By Job
	41910  -  Total Bytes Received By Job
	Partitionable Resources :    Usage  Request          
	   Cpus                 :                 1          
	   Disk (KB)            :      551      551          
	   Memory (MB)          :      121      121          
...
000 (491830.000.000) 06/29 09:48:07 Job submitted from host: <18.12.1.74:48322>
...
001 (491830.000.000) 06/29 09:48:18 Job executing on host: <18.12.6.6:47154>
...
006 (491830.000.000) 06/29 09:48:26 Image size of job updated: 1
	3  -  MemoryUsage of job (MB)
	2356  -  ResidentSetSize of job (KB)
...
006 (491830.000.000) 06/29 09:51:19 Image size of job updated: 246876
	3  -  MemoryUsage of job (MB)
	2356  -  ResidentSetSize of job (KB)
...
005 (491830.000.000) 06/29 09:51:19 Job terminated.
	(1) Normal termination (return value 0)
		Usr 0 00:00:59, Sys 0 00:00:00  -  Run Remote Usage
		Usr 0 00:00:00, Sys 0 00:00:00  -  Run Local Usage
		Usr 0 00:00:59, Sys 0 00:00:00  -  Total Remote Usage
		Usr 0 00:00:00, Sys 0 00:00:00  -  Total Local Usage
	508615  -  Run Bytes Sent By Job
	46550  -  Run Bytes Received By Job
	508615  -  Total Bytes Sent By Job
	46550  -  Total Bytes Received By Job
	Partitionable Resources :    Usage  Request          
	   Cpus                 :                 1          
	   Disk (KB)            :      568      568          
	   Memory (MB)          :        3        3          
...
000 (492582.000.000) 06/29 10:14:09 Job submitted from host: <18.12.1.74:48322>
...
001 (492582.000.000) 06/29 10:14:29 Job executing on host: <18.12.9.74:47227>
...
006 (492582.000.000) 06/29 10:14:37 Image size of job updated: 245332
	56  -  MemoryUsage of job (MB)
	57144  -  ResidentSetSize of job (KB)
...
006 (492582.000.000) 06/29 10:15:57 Image size of job updated: 246908
	56  -  MemoryUsage of job (MB)
	57144  -  ResidentSetSize of job (KB)
...
005 (492582.000.000) 06/29 10:15:57 Job terminated.
	(1) Normal termination (return value 0)
		Usr 0 00:01:01, Sys 0 00:00:01  -  Run Remote Usage
		Usr 0 00:00:00, Sys 0 00:00:00  -  Run Local Usage
		Usr 0 00:01:01, Sys 0 00:00:01  -  Total Remote Usage
		Usr 0 00:00:00, Sys 0 00:00:00  -  Total Local Usage
	509249  -  Run Bytes Sent By Job
	46566  -  Run Bytes Received By Job
	509249  -  Total Bytes Sent By Job
	46566  -  Total Bytes Received By Job
	Partitionable Resources :    Usage  Request          
	   Cpus                 :                 1          
	   Disk (KB)            :      569      569          
	   Memory (MB)          :       56       56          
...
000 (495301.000.000) 06/29 21:59:28 Job submitted from host: <18.12.1.74:48322>
...
001 (495301.000.000) 06/29 21:59:42 Job executing on host: <18.12.9.48:49271>
...
006 (495301.000.000) 06/29 21:59:51 Image size of job updated: 1
	3  -  MemoryUsage of job (MB)
	2356  -  ResidentSetSize of job (KB)
...
006 (495301.000.000) 06/29 22:01:08 Image size of job updated: 247460
	3  -  MemoryUsage of job (MB)
	2356  -  ResidentSetSize of job (KB)
...
005 (495301.000.000) 06/29 22:01:08 Job terminated.
	(1) Normal termination (return value 0)
		Usr 0 00:00:51, Sys 0 00:00:01  -  Run Remote Usage
		Usr 0 00:00:00, Sys 0 00:00:00  -  Run Local Usage
		Usr 0 00:00:51, Sys 0 00:00:01  -  Total Remote Usage
		Usr 0 00:00:00, Sys 0 00:00:00  -  Total Local Usage
	508912  -  Run Bytes Sent By Job
	46564  -  Run Bytes Received By Job
	508912  -  Total Bytes Sent By Job
	46564  -  Total Bytes Received By Job
	Partitionable Resources :    Usage  Request          
	   Cpus                 :                 1          
	   Disk (KB)            :      568      568          
	   Memory (MB)          :        3        3          
...
