000 (426632.000.000) 06/22 20:54:15 Job submitted from host: <18.12.1.74:48322>
...
001 (426632.000.000) 06/22 20:54:41 Job executing on host: <18.12.9.55:40657>
...
006 (426632.000.000) 06/22 20:54:49 Image size of job updated: 1
	3  -  MemoryUsage of job (MB)
	2356  -  ResidentSetSize of job (KB)
...
006 (426632.000.000) 06/22 20:58:10 Image size of job updated: 244940
	3  -  MemoryUsage of job (MB)
	2356  -  ResidentSetSize of job (KB)
...
005 (426632.000.000) 06/22 20:58:10 Job terminated.
	(1) Normal termination (return value 0)
		Usr 0 00:01:17, Sys 0 00:00:01  -  Run Remote Usage
		Usr 0 00:00:00, Sys 0 00:00:00  -  Run Local Usage
		Usr 0 00:01:17, Sys 0 00:00:01  -  Total Remote Usage
		Usr 0 00:00:00, Sys 0 00:00:00  -  Total Local Usage
	495068  -  Run Bytes Sent By Job
	41910  -  Run Bytes Received By Job
	495068  -  Total Bytes Sent By Job
	41910  -  Total Bytes Received By Job
	Partitionable Resources :    Usage  Request          
	   Cpus                 :                 1          
	   Disk (KB)            :      550      550          
	   Memory (MB)          :        3        3          
...
000 (428045.000.000) 06/23 16:48:23 Job submitted from host: <18.12.1.74:48322>
...
001 (428045.000.000) 06/23 16:48:36 Job executing on host: <18.12.9.0:41460>
...
006 (428045.000.000) 06/23 16:48:45 Image size of job updated: 1
	3  -  MemoryUsage of job (MB)
	2352  -  ResidentSetSize of job (KB)
...
006 (428045.000.000) 06/23 16:51:21 Image size of job updated: 244296
	3  -  MemoryUsage of job (MB)
	2352  -  ResidentSetSize of job (KB)
...
005 (428045.000.000) 06/23 16:51:21 Job terminated.
	(1) Normal termination (return value 0)
		Usr 0 00:01:16, Sys 0 00:00:01  -  Run Remote Usage
		Usr 0 00:00:00, Sys 0 00:00:00  -  Run Local Usage
		Usr 0 00:01:16, Sys 0 00:00:01  -  Total Remote Usage
		Usr 0 00:00:00, Sys 0 00:00:00  -  Total Local Usage
	511328  -  Run Bytes Sent By Job
	47429  -  Run Bytes Received By Job
	511328  -  Total Bytes Sent By Job
	47429  -  Total Bytes Received By Job
	Partitionable Resources :    Usage  Request          
	   Cpus                 :                 1          
	   Disk (KB)            :      571      571          
	   Memory (MB)          :        3        3          
...
