000 (426502.000.000) 06/22 20:50:12 Job submitted from host: <18.12.1.74:48322>
...
001 (426502.000.000) 06/22 20:50:53 Job executing on host: <18.12.9.54:46570>
...
006 (426502.000.000) 06/22 20:51:01 Image size of job updated: 245584
	60  -  MemoryUsage of job (MB)
	60628  -  ResidentSetSize of job (KB)
...
006 (426502.000.000) 06/22 20:51:02 Image size of job updated: 245720
	60  -  MemoryUsage of job (MB)
	60628  -  ResidentSetSize of job (KB)
...
004 (426502.000.000) 06/22 20:51:02 Job was evicted.
	(0) Job was not checkpointed.
		Usr 0 00:00:03, Sys 0 00:00:00  -  Run Remote Usage
		Usr 0 00:00:00, Sys 0 00:00:00  -  Run Local Usage
	0  -  Run Bytes Sent By Job
	41910  -  Run Bytes Received By Job
	Partitionable Resources :    Usage  Request          
	   Cpus                 :                 1          
	   Disk (KB)            :      550      550          
	   Memory (MB)          :       60       60          
...
009 (426502.000.000) 06/22 20:51:10 Job was aborted by the user.
	via condor_rm (by user rkunnawa)
...
000 (426606.000.000) 06/22 20:51:45 Job submitted from host: <18.12.1.74:48322>
...
001 (426606.000.000) 06/22 20:52:15 Job executing on host: <18.12.12.4:47227>
...
006 (426606.000.000) 06/22 20:52:24 Image size of job updated: 245592
	63  -  MemoryUsage of job (MB)
	64400  -  ResidentSetSize of job (KB)
...
006 (426606.000.000) 06/22 20:57:25 Image size of job updated: 248216
	127  -  MemoryUsage of job (MB)
	129892  -  ResidentSetSize of job (KB)
...
005 (426606.000.000) 06/22 20:59:14 Job terminated.
	(1) Normal termination (return value 0)
		Usr 0 00:05:20, Sys 0 00:00:05  -  Run Remote Usage
		Usr 0 00:00:00, Sys 0 00:00:00  -  Run Local Usage
		Usr 0 00:05:20, Sys 0 00:00:05  -  Total Remote Usage
		Usr 0 00:00:00, Sys 0 00:00:00  -  Total Local Usage
	495474  -  Run Bytes Sent By Job
	41910  -  Run Bytes Received By Job
	495474  -  Total Bytes Sent By Job
	41910  -  Total Bytes Received By Job
	Partitionable Resources :    Usage  Request          
	   Cpus                 :                 1          
	   Disk (KB)            :      550      550          
	   Memory (MB)          :      127      127          
...
