000 (426712.000.000) 06/22 20:55:13 Job submitted from host: <18.12.1.74:48322>
...
001 (426712.000.000) 06/22 20:55:58 Job executing on host: <18.12.8.13:46789>
...
006 (426712.000.000) 06/22 20:56:06 Image size of job updated: 148792
	37  -  MemoryUsage of job (MB)
	37040  -  ResidentSetSize of job (KB)
...
006 (426712.000.000) 06/22 20:56:57 Image size of job updated: 242452
	37  -  MemoryUsage of job (MB)
	37040  -  ResidentSetSize of job (KB)
...
005 (426712.000.000) 06/22 20:56:57 Job terminated.
	(1) Normal termination (return value 0)
		Usr 0 00:00:09, Sys 0 00:00:00  -  Run Remote Usage
		Usr 0 00:00:00, Sys 0 00:00:00  -  Run Local Usage
		Usr 0 00:00:09, Sys 0 00:00:00  -  Total Remote Usage
		Usr 0 00:00:00, Sys 0 00:00:00  -  Total Local Usage
	495005  -  Run Bytes Sent By Job
	41910  -  Run Bytes Received By Job
	495005  -  Total Bytes Sent By Job
	41910  -  Total Bytes Received By Job
	Partitionable Resources :    Usage  Request          
	   Cpus                 :                 1          
	   Disk (KB)            :      550      550          
	   Memory (MB)          :       37       37          
...
000 (491981.000.000) 06/29 09:51:29 Job submitted from host: <18.12.1.74:48322>
...
001 (491981.000.000) 06/29 09:51:34 Job executing on host: <18.12.8.231:48030>
...
006 (491981.000.000) 06/29 09:51:42 Image size of job updated: 1
	3  -  MemoryUsage of job (MB)
	2364  -  ResidentSetSize of job (KB)
...
006 (491981.000.000) 06/29 09:51:53 Image size of job updated: 190232
	3  -  MemoryUsage of job (MB)
	2364  -  ResidentSetSize of job (KB)
...
005 (491981.000.000) 06/29 09:51:53 Job terminated.
	(1) Normal termination (return value 0)
		Usr 0 00:00:03, Sys 0 00:00:00  -  Run Remote Usage
		Usr 0 00:00:00, Sys 0 00:00:00  -  Run Local Usage
		Usr 0 00:00:03, Sys 0 00:00:00  -  Total Remote Usage
		Usr 0 00:00:00, Sys 0 00:00:00  -  Total Local Usage
	508551  -  Run Bytes Sent By Job
	46550  -  Run Bytes Received By Job
	508551  -  Total Bytes Sent By Job
	46550  -  Total Bytes Received By Job
	Partitionable Resources :    Usage  Request          
	   Cpus                 :                 1          
	   Disk (KB)            :      568      568          
	   Memory (MB)          :        3        3          
...
000 (492888.000.000) 06/29 10:16:27 Job submitted from host: <18.12.1.74:48322>
...
001 (492888.000.000) 06/29 10:16:29 Job executing on host: <18.12.8.225:46643>
...
006 (492888.000.000) 06/29 10:16:39 Image size of job updated: 190180
	64  -  MemoryUsage of job (MB)
	65320  -  ResidentSetSize of job (KB)
...
005 (492888.000.000) 06/29 10:16:46 Job terminated.
	(1) Normal termination (return value 0)
		Usr 0 00:00:03, Sys 0 00:00:00  -  Run Remote Usage
		Usr 0 00:00:00, Sys 0 00:00:00  -  Run Local Usage
		Usr 0 00:00:03, Sys 0 00:00:00  -  Total Remote Usage
		Usr 0 00:00:00, Sys 0 00:00:00  -  Total Local Usage
	508776  -  Run Bytes Sent By Job
	46566  -  Run Bytes Received By Job
	508776  -  Total Bytes Sent By Job
	46566  -  Total Bytes Received By Job
	Partitionable Resources :    Usage  Request          
	   Cpus                 :                 1          
	   Disk (KB)            :      568      568          
	   Memory (MB)          :       64       64          
...
000 (494883.000.000) 06/29 21:56:23 Job submitted from host: <18.12.1.74:48322>
...
001 (494883.000.000) 06/29 21:56:52 Job executing on host: <18.12.8.51:41022>
...
006 (494883.000.000) 06/29 21:57:02 Image size of job updated: 1
	3  -  MemoryUsage of job (MB)
	2376  -  ResidentSetSize of job (KB)
...
006 (494883.000.000) 06/29 21:57:15 Image size of job updated: 190776
	3  -  MemoryUsage of job (MB)
	2376  -  ResidentSetSize of job (KB)
...
005 (494883.000.000) 06/29 21:57:16 Job terminated.
	(1) Normal termination (return value 0)
		Usr 0 00:00:01, Sys 0 00:00:00  -  Run Remote Usage
		Usr 0 00:00:00, Sys 0 00:00:00  -  Run Local Usage
		Usr 0 00:00:01, Sys 0 00:00:00  -  Total Remote Usage
		Usr 0 00:00:00, Sys 0 00:00:00  -  Total Local Usage
	508632  -  Run Bytes Sent By Job
	46564  -  Run Bytes Received By Job
	508632  -  Total Bytes Sent By Job
	46564  -  Total Bytes Received By Job
	Partitionable Resources :    Usage  Request          
	   Cpus                 :                 1          
	   Disk (KB)            :      568      568          
	   Memory (MB)          :        3        3          
...
