
----------------------------------------------------
Job started on Mon Jun 29 21:59:44 EDT 2015 at WN: t2bat0322.cmsaf.mit.edu 
Job is running on Linux t2bat0322.cmsaf.mit.edu 2.6.32-358.el6.x86_64 #1 SMP Fri Feb 22 20:37:17 CST 2013 x86_64 x86_64 x86_64 GNU/Linux
Filesystem            Size  Used Avail Use% Mounted on
/dev/sda3              20G  2.9G   16G  16% /
tmpfs                  32G     0   32G   0% /dev/shm
/dev/sda1              97M   32M   61M  35% /boot
/dev/sda4             416G  102G  314G  25% /export/data1
fuse_dfs              4.9P  4.4P  527T  90% /mnt/hadoop
/dev/sdb1             3.6T  3.2T  406G  89% /export/00b
/dev/sdc1             3.6T  3.2T  394G  90% /export/00c
/dev/sdd1             3.6T  3.3T  390G  90% /export/00d
/dev/sde1             3.6T  3.2T  414G  89% /export/00e
/dev/sdf1             3.6T  3.2T  422G  89% /export/00f
/dev/sdg1             3.6T  3.2T  419G  89% /export/00g
t2srv0004:/export/db  135G  187M  135G   1% /net/t2srv0004/db
cvmfs2                 98G   93G  5.0G  95% /cvmfs/cms.cern.ch
cvmfs2                 98G   93G  5.0G  95% /cvmfs/cvmfs.cmsaf.mit.edu
cvmfs2                 98G   93G  5.0G  95% /cvmfs/oasis.opensciencegrid.org
gcc (GCC) 4.4.7 20120313 (Red Hat 4.4.7-3)
Copyright (C) 2010 Free Software Foundation, Inc.
This is free software; see the source for copying conditions.  There is NO
warranty; not even for MERCHANTABILITY or FITNESS FOR A PARTICULAR PURPOSE.

Processing...
0/185634
10000/185634
20000/185634
30000/185634
40000/185634
50000/185634
60000/185634
70000/185634
80000/185634
90000/185634
100000/185634
110000/185634
120000/185634
130000/185634
140000/185634
150000/185634
160000/185634
170000/185634
180000/185634
Macro finished: 
CPU time (min)  = 1.7445
Real time (min) = 2.22016
Done!
Copied output files to hadoop rootfiles/JetRAA/June22
