000 (426418.000.000) 06/22 20:50:04 Job submitted from host: <18.12.1.74:48322>
...
001 (426418.000.000) 06/22 20:50:41 Job executing on host: <18.12.8.222:45621>
...
006 (426418.000.000) 06/22 20:50:50 Image size of job updated: 31152
	3  -  MemoryUsage of job (MB)
	2684  -  ResidentSetSize of job (KB)
...
006 (426418.000.000) 06/22 20:51:02 Image size of job updated: 245388
	3  -  MemoryUsage of job (MB)
	2684  -  ResidentSetSize of job (KB)
...
004 (426418.000.000) 06/22 20:51:02 Job was evicted.
	(0) Job was not checkpointed.
		Usr 0 00:00:02, Sys 0 00:00:00  -  Run Remote Usage
		Usr 0 00:00:00, Sys 0 00:00:00  -  Run Local Usage
	0  -  Run Bytes Sent By Job
	41910  -  Run Bytes Received By Job
	Partitionable Resources :    Usage  Request          
	   Cpus                 :                 1          
	   Disk (KB)            :      550      550          
	   Memory (MB)          :        3        3          
...
009 (426418.000.000) 06/22 20:51:10 Job was aborted by the user.
	via condor_rm (by user rkunnawa)
...
000 (426564.000.000) 06/22 20:51:41 Job submitted from host: <18.12.1.74:48322>
...
001 (426564.000.000) 06/22 20:52:11 Job executing on host: <18.12.9.80:44526>
...
006 (426564.000.000) 06/22 20:52:21 Image size of job updated: 245404
	94  -  MemoryUsage of job (MB)
	96220  -  ResidentSetSize of job (KB)
...
006 (426564.000.000) 06/22 20:55:35 Image size of job updated: 247832
	94  -  MemoryUsage of job (MB)
	96220  -  ResidentSetSize of job (KB)
...
005 (426564.000.000) 06/22 20:55:35 Job terminated.
	(1) Normal termination (return value 0)
		Usr 0 00:02:11, Sys 0 00:00:02  -  Run Remote Usage
		Usr 0 00:00:00, Sys 0 00:00:00  -  Run Local Usage
		Usr 0 00:02:11, Sys 0 00:00:02  -  Total Remote Usage
		Usr 0 00:00:00, Sys 0 00:00:00  -  Total Local Usage
	495159  -  Run Bytes Sent By Job
	41910  -  Run Bytes Received By Job
	495159  -  Total Bytes Sent By Job
	41910  -  Total Bytes Received By Job
	Partitionable Resources :    Usage  Request          
	   Cpus                 :                 1          
	   Disk (KB)            :      550      550          
	   Memory (MB)          :       94       94          
...
