000 (426698.000.000) 06/22 20:54:22 Job submitted from host: <18.12.1.74:48322>
...
001 (426698.000.000) 06/22 20:54:46 Job executing on host: <18.12.8.106:48760>
...
006 (426698.000.000) 06/22 20:54:55 Image size of job updated: 1
	3  -  MemoryUsage of job (MB)
	2356  -  ResidentSetSize of job (KB)
...
006 (426698.000.000) 06/22 20:59:11 Image size of job updated: 245480
	3  -  MemoryUsage of job (MB)
	2356  -  ResidentSetSize of job (KB)
...
005 (426698.000.000) 06/22 20:59:11 Job terminated.
	(1) Normal termination (return value 0)
		Usr 0 00:02:59, Sys 0 00:00:09  -  Run Remote Usage
		Usr 0 00:00:00, Sys 0 00:00:00  -  Run Local Usage
		Usr 0 00:02:59, Sys 0 00:00:09  -  Total Remote Usage
		Usr 0 00:00:00, Sys 0 00:00:00  -  Total Local Usage
	495243  -  Run Bytes Sent By Job
	41910  -  Run Bytes Received By Job
	495243  -  Total Bytes Sent By Job
	41910  -  Total Bytes Received By Job
	Partitionable Resources :    Usage  Request          
	   Cpus                 :                 1          
	   Disk (KB)            :      550      550          
	   Memory (MB)          :        3        3          
...
000 (428111.000.000) 06/23 16:48:29 Job submitted from host: <18.12.1.74:48322>
...
001 (428111.000.000) 06/23 16:48:42 Job executing on host: <18.12.9.68:44526>
...
006 (428111.000.000) 06/23 16:48:50 Image size of job updated: 13384
	2  -  MemoryUsage of job (MB)
	1980  -  ResidentSetSize of job (KB)
...
006 (428111.000.000) 06/23 16:53:28 Image size of job updated: 244820
	2  -  MemoryUsage of job (MB)
	1980  -  ResidentSetSize of job (KB)
...
005 (428111.000.000) 06/23 16:53:28 Job terminated.
	(1) Normal termination (return value 0)
		Usr 0 00:03:03, Sys 0 00:00:03  -  Run Remote Usage
		Usr 0 00:00:00, Sys 0 00:00:00  -  Run Local Usage
		Usr 0 00:03:03, Sys 0 00:00:03  -  Total Remote Usage
		Usr 0 00:00:00, Sys 0 00:00:00  -  Total Local Usage
	511771  -  Run Bytes Sent By Job
	47429  -  Run Bytes Received By Job
	511771  -  Total Bytes Sent By Job
	47429  -  Total Bytes Received By Job
	Partitionable Resources :    Usage  Request          
	   Cpus                 :                 1          
	   Disk (KB)            :      572      572          
	   Memory (MB)          :        2        2          
...
