
----------------------------------------------------
Job started on Tue Jun 23 16:48:35 EDT 2015 at WN: t2bat0310.cmsaf.mit.edu 
Job is running on Linux t2bat0310.cmsaf.mit.edu 2.6.32-358.el6.x86_64 #1 SMP Fri Feb 22 20:37:17 CST 2013 x86_64 x86_64 x86_64 GNU/Linux
Filesystem            Size  Used Avail Use% Mounted on
/dev/sda3              20G  3.1G   16G  17% /
tmpfs                  32G     0   32G   0% /dev/shm
/dev/sda1              97M   32M   61M  35% /boot
/dev/sda4             416G   57G  359G  14% /export/data1
fuse_dfs              4.9P  4.4P  516T  90% /mnt/hadoop
/dev/sdb1             3.6T  3.2T  413G  89% /export/00b
/dev/sdc1             3.6T  3.3T  378G  90% /export/00c
/dev/sdd1             3.6T  3.2T  408G  89% /export/00d
/dev/sde1             3.6T  3.2T  422G  89% /export/00e
/dev/sdf1             3.6T  3.2T  403G  90% /export/00f
/dev/sdg1             3.6T  3.2T  403G  90% /export/00g
t2srv0004:/export/db  135G  187M  135G   1% /net/t2srv0004/db
cvmfs2                 98G   55G   44G  56% /cvmfs/cms.cern.ch
cvmfs2                 98G   55G   44G  56% /cvmfs/oasis.opensciencegrid.org
gcc (GCC) 4.4.7 20120313 (Red Hat 4.4.7-3)
Copyright (C) 2010 Free Software Foundation, Inc.
This is free software; see the source for copying conditions.  There is NO
warranty; not even for MERCHANTABILITY or FITNESS FOR A PARTICULAR PURPOSE.

Processing...
0/147471
10000/147471
20000/147471
30000/147471
40000/147471
50000/147471
60000/147471
70000/147471
80000/147471
90000/147471
100000/147471
110000/147471
120000/147471
130000/147471
140000/147471
Macro finished: 
CPU time (min)  = 1.25367
Real time (min) = 2.22627
Done!
Copied output files to hadoop rootfiles/JetRAA/June22
