000 (426454.000.000) 06/22 20:50:07 Job submitted from host: <18.12.1.74:48322>
...
001 (426454.000.000) 06/22 20:50:50 Job executing on host: <18.12.9.56:40657>
...
006 (426454.000.000) 06/22 20:50:59 Image size of job updated: 66848
	13  -  MemoryUsage of job (MB)
	12736  -  ResidentSetSize of job (KB)
...
006 (426454.000.000) 06/22 20:51:02 Image size of job updated: 245596
	13  -  MemoryUsage of job (MB)
	12736  -  ResidentSetSize of job (KB)
...
004 (426454.000.000) 06/22 20:51:02 Job was evicted.
	(0) Job was not checkpointed.
		Usr 0 00:00:02, Sys 0 00:00:00  -  Run Remote Usage
		Usr 0 00:00:00, Sys 0 00:00:00  -  Run Local Usage
	0  -  Run Bytes Sent By Job
	41910  -  Run Bytes Received By Job
	Partitionable Resources :    Usage  Request          
	   Cpus                 :                 1          
	   Disk (KB)            :      550      550          
	   Memory (MB)          :       13       13          
...
009 (426454.000.000) 06/22 20:51:11 Job was aborted by the user.
	via condor_rm (by user rkunnawa)
...
000 (426582.000.000) 06/22 20:51:43 Job submitted from host: <18.12.1.74:48322>
...
001 (426582.000.000) 06/22 20:52:11 Job executing on host: <18.12.9.56:40657>
...
006 (426582.000.000) 06/22 20:52:20 Image size of job updated: 143768
	24  -  MemoryUsage of job (MB)
	24144  -  ResidentSetSize of job (KB)
...
006 (426582.000.000) 06/22 20:57:02 Image size of job updated: 248188
	24  -  MemoryUsage of job (MB)
	24144  -  ResidentSetSize of job (KB)
...
005 (426582.000.000) 06/22 20:57:02 Job terminated.
	(1) Normal termination (return value 0)
		Usr 0 00:03:18, Sys 0 00:00:06  -  Run Remote Usage
		Usr 0 00:00:00, Sys 0 00:00:00  -  Run Local Usage
		Usr 0 00:03:18, Sys 0 00:00:06  -  Total Remote Usage
		Usr 0 00:00:00, Sys 0 00:00:00  -  Total Local Usage
	495299  -  Run Bytes Sent By Job
	41910  -  Run Bytes Received By Job
	495299  -  Total Bytes Sent By Job
	41910  -  Total Bytes Received By Job
	Partitionable Resources :    Usage  Request          
	   Cpus                 :                 1          
	   Disk (KB)            :      550      550          
	   Memory (MB)          :       24       24          
...
