000 (426425.000.000) 06/22 20:50:04 Job submitted from host: <18.12.1.74:48322>
...
001 (426425.000.000) 06/22 20:50:56 Job executing on host: <18.12.6.57:49855>
...
006 (426425.000.000) 06/22 20:51:02 Image size of job updated: 1196
	0  -  MemoryUsage of job (MB)
	0  -  ResidentSetSize of job (KB)
...
004 (426425.000.000) 06/22 20:51:02 Job was evicted.
	(0) Job was not checkpointed.
		Usr 0 00:00:00, Sys 0 00:00:00  -  Run Remote Usage
		Usr 0 00:00:00, Sys 0 00:00:00  -  Run Local Usage
	0  -  Run Bytes Sent By Job
	41910  -  Run Bytes Received By Job
	Partitionable Resources :    Usage  Request          
	   Cpus                 :                 1          
	   Disk (KB)            :       66       66          
	   Memory (MB)          :        0        0          
...
009 (426425.000.000) 06/22 20:51:10 Job was aborted by the user.
	via condor_rm (by user rkunnawa)
...
000 (491849.000.000) 06/29 09:48:09 Job submitted from host: <18.12.1.74:48322>
...
001 (491849.000.000) 06/29 09:48:25 Job executing on host: <18.12.9.54:46570>
...
006 (491849.000.000) 06/29 09:48:33 Image size of job updated: 190540
	57  -  MemoryUsage of job (MB)
	57540  -  ResidentSetSize of job (KB)
...
006 (491849.000.000) 06/29 09:52:22 Image size of job updated: 247380
	57  -  MemoryUsage of job (MB)
	57540  -  ResidentSetSize of job (KB)
...
005 (491849.000.000) 06/29 09:52:23 Job terminated.
	(1) Normal termination (return value 0)
		Usr 0 00:01:29, Sys 0 00:00:03  -  Run Remote Usage
		Usr 0 00:00:00, Sys 0 00:00:00  -  Run Local Usage
		Usr 0 00:01:29, Sys 0 00:00:03  -  Total Remote Usage
		Usr 0 00:00:00, Sys 0 00:00:00  -  Total Local Usage
	508822  -  Run Bytes Sent By Job
	46550  -  Run Bytes Received By Job
	508822  -  Total Bytes Sent By Job
	46550  -  Total Bytes Received By Job
	Partitionable Resources :    Usage  Request          
	   Cpus                 :                 1          
	   Disk (KB)            :      568      568          
	   Memory (MB)          :       57       57          
...
000 (492601.000.000) 06/29 10:14:14 Job submitted from host: <18.12.1.74:48322>
...
001 (492601.000.000) 06/29 10:14:40 Job executing on host: <18.12.8.156:40657>
...
006 (492601.000.000) 06/29 10:14:48 Image size of job updated: 104560
	18  -  MemoryUsage of job (MB)
	17468  -  ResidentSetSize of job (KB)
...
006 (492601.000.000) 06/29 10:19:48 Image size of job updated: 247384
	112  -  MemoryUsage of job (MB)
	114316  -  ResidentSetSize of job (KB)
...
005 (492601.000.000) 06/29 10:20:52 Job terminated.
	(1) Normal termination (return value 0)
		Usr 0 00:01:26, Sys 0 00:00:01  -  Run Remote Usage
		Usr 0 00:00:00, Sys 0 00:00:00  -  Run Local Usage
		Usr 0 00:01:26, Sys 0 00:00:01  -  Total Remote Usage
		Usr 0 00:00:00, Sys 0 00:00:00  -  Total Local Usage
	508989  -  Run Bytes Sent By Job
	46566  -  Run Bytes Received By Job
	508989  -  Total Bytes Sent By Job
	46566  -  Total Bytes Received By Job
	Partitionable Resources :    Usage  Request          
	   Cpus                 :                 1          
	   Disk (KB)            :      568      568          
	   Memory (MB)          :      112      112          
...
000 (495320.000.000) 06/29 21:59:30 Job submitted from host: <18.12.1.74:48322>
...
001 (495320.000.000) 06/29 21:59:47 Job executing on host: <18.12.9.62:47811>
...
006 (495320.000.000) 06/29 21:59:55 Image size of job updated: 191104
	57  -  MemoryUsage of job (MB)
	58060  -  ResidentSetSize of job (KB)
...
006 (495320.000.000) 06/29 22:01:57 Image size of job updated: 247940
	57  -  MemoryUsage of job (MB)
	58060  -  ResidentSetSize of job (KB)
...
005 (495320.000.000) 06/29 22:01:57 Job terminated.
	(1) Normal termination (return value 0)
		Usr 0 00:01:28, Sys 0 00:00:04  -  Run Remote Usage
		Usr 0 00:00:00, Sys 0 00:00:00  -  Run Local Usage
		Usr 0 00:01:28, Sys 0 00:00:04  -  Total Remote Usage
		Usr 0 00:00:00, Sys 0 00:00:00  -  Total Local Usage
	508983  -  Run Bytes Sent By Job
	46564  -  Run Bytes Received By Job
	508983  -  Total Bytes Sent By Job
	46564  -  Total Bytes Received By Job
	Partitionable Resources :    Usage  Request          
	   Cpus                 :                 1          
	   Disk (KB)            :      568      568          
	   Memory (MB)          :       57       57          
...
