000 (426484.000.000) 06/22 20:50:10 Job submitted from host: <18.12.1.74:48322>
...
001 (426484.000.000) 06/22 20:50:48 Job executing on host: <18.12.8.124:43650>
...
006 (426484.000.000) 06/22 20:50:57 Image size of job updated: 1
	3  -  MemoryUsage of job (MB)
	2344  -  ResidentSetSize of job (KB)
...
006 (426484.000.000) 06/22 20:51:02 Image size of job updated: 245236
	3  -  MemoryUsage of job (MB)
	2344  -  ResidentSetSize of job (KB)
...
004 (426484.000.000) 06/22 20:51:02 Job was evicted.
	(0) Job was not checkpointed.
		Usr 0 00:00:02, Sys 0 00:00:00  -  Run Remote Usage
		Usr 0 00:00:00, Sys 0 00:00:00  -  Run Local Usage
	0  -  Run Bytes Sent By Job
	41910  -  Run Bytes Received By Job
	Partitionable Resources :    Usage  Request          
	   Cpus                 :                 1          
	   Disk (KB)            :      550      550          
	   Memory (MB)          :        3        3          
...
009 (426484.000.000) 06/22 20:51:10 Job was aborted by the user.
	via condor_rm (by user rkunnawa)
...
000 (426597.000.000) 06/22 20:51:44 Job submitted from host: <18.12.1.74:48322>
...
001 (426597.000.000) 06/22 20:52:15 Job executing on host: <18.12.8.163:45475>
...
006 (426597.000.000) 06/22 20:52:23 Image size of job updated: 1
	3  -  MemoryUsage of job (MB)
	2348  -  ResidentSetSize of job (KB)
...
006 (426597.000.000) 06/22 20:57:23 Image size of job updated: 247316
	127  -  MemoryUsage of job (MB)
	129288  -  ResidentSetSize of job (KB)
...
005 (426597.000.000) 06/22 20:58:41 Job terminated.
	(1) Normal termination (return value 0)
		Usr 0 00:02:33, Sys 0 00:00:02  -  Run Remote Usage
		Usr 0 00:00:00, Sys 0 00:00:00  -  Run Local Usage
		Usr 0 00:02:33, Sys 0 00:00:02  -  Total Remote Usage
		Usr 0 00:00:00, Sys 0 00:00:00  -  Total Local Usage
	495088  -  Run Bytes Sent By Job
	41910  -  Run Bytes Received By Job
	495088  -  Total Bytes Sent By Job
	41910  -  Total Bytes Received By Job
	Partitionable Resources :    Usage  Request          
	   Cpus                 :                 1          
	   Disk (KB)            :      550      550          
	   Memory (MB)          :      127      127          
...
