000 (426408.000.000) 06/22 20:50:03 Job submitted from host: <18.12.1.74:48322>
...
001 (426408.000.000) 06/22 20:50:40 Job executing on host: <18.12.8.215:40876>
...
006 (426408.000.000) 06/22 20:50:49 Image size of job updated: 184196
	53  -  MemoryUsage of job (MB)
	53608  -  ResidentSetSize of job (KB)
...
006 (426408.000.000) 06/22 20:51:02 Image size of job updated: 246192
	53  -  MemoryUsage of job (MB)
	53608  -  ResidentSetSize of job (KB)
...
004 (426408.000.000) 06/22 20:51:02 Job was evicted.
	(0) Job was not checkpointed.
		Usr 0 00:00:05, Sys 0 00:00:00  -  Run Remote Usage
		Usr 0 00:00:00, Sys 0 00:00:00  -  Run Local Usage
	0  -  Run Bytes Sent By Job
	41910  -  Run Bytes Received By Job
	Partitionable Resources :    Usage  Request          
	   Cpus                 :                 1          
	   Disk (KB)            :      550      550          
	   Memory (MB)          :       53       53          
...
009 (426408.000.000) 06/22 20:51:11 Job was aborted by the user.
	via condor_rm (by user rkunnawa)
...
000 (426559.000.000) 06/22 20:51:41 Job submitted from host: <18.12.1.74:48322>
...
001 (426559.000.000) 06/22 20:52:11 Job executing on host: <18.12.9.54:46570>
...
006 (426559.000.000) 06/22 20:52:19 Image size of job updated: 246240
	59  -  MemoryUsage of job (MB)
	60276  -  ResidentSetSize of job (KB)
...
006 (426559.000.000) 06/22 20:56:10 Image size of job updated: 247384
	59  -  MemoryUsage of job (MB)
	60276  -  ResidentSetSize of job (KB)
...
005 (426559.000.000) 06/22 20:56:10 Job terminated.
	(1) Normal termination (return value 0)
		Usr 0 00:02:48, Sys 0 00:00:03  -  Run Remote Usage
		Usr 0 00:00:00, Sys 0 00:00:00  -  Run Local Usage
		Usr 0 00:02:48, Sys 0 00:00:03  -  Total Remote Usage
		Usr 0 00:00:00, Sys 0 00:00:00  -  Total Local Usage
	495285  -  Run Bytes Sent By Job
	41910  -  Run Bytes Received By Job
	495285  -  Total Bytes Sent By Job
	41910  -  Total Bytes Received By Job
	Partitionable Resources :    Usage  Request          
	   Cpus                 :                 1          
	   Disk (KB)            :      550      550          
	   Memory (MB)          :       59       59          
...
