000 (426430.000.000) 06/22 20:50:05 Job submitted from host: <18.12.1.74:48322>
...
001 (426430.000.000) 06/22 20:50:46 Job executing on host: <18.12.6.26:48979>
...
006 (426430.000.000) 06/22 20:50:55 Image size of job updated: 1
	3  -  MemoryUsage of job (MB)
	2356  -  ResidentSetSize of job (KB)
...
006 (426430.000.000) 06/22 20:51:02 Image size of job updated: 245660
	3  -  MemoryUsage of job (MB)
	2356  -  ResidentSetSize of job (KB)
...
004 (426430.000.000) 06/22 20:51:02 Job was evicted.
	(0) Job was not checkpointed.
		Usr 0 00:00:03, Sys 0 00:00:00  -  Run Remote Usage
		Usr 0 00:00:00, Sys 0 00:00:00  -  Run Local Usage
	0  -  Run Bytes Sent By Job
	41910  -  Run Bytes Received By Job
	Partitionable Resources :    Usage  Request          
	   Cpus                 :                 1          
	   Disk (KB)            :      550      550          
	   Memory (MB)          :        3        3          
...
009 (426430.000.000) 06/22 20:51:08 Job was aborted by the user.
	via condor_rm (by user rkunnawa)
...
000 (426570.000.000) 06/22 20:51:42 Job submitted from host: <18.12.1.74:48322>
...
001 (426570.000.000) 06/22 20:52:11 Job executing on host: <18.12.9.55:40657>
...
006 (426570.000.000) 06/22 20:52:20 Image size of job updated: 1
	3  -  MemoryUsage of job (MB)
	2360  -  ResidentSetSize of job (KB)
...
006 (426570.000.000) 06/22 20:57:03 Image size of job updated: 246960
	3  -  MemoryUsage of job (MB)
	2360  -  ResidentSetSize of job (KB)
...
005 (426570.000.000) 06/22 20:57:03 Job terminated.
	(1) Normal termination (return value 0)
		Usr 0 00:03:40, Sys 0 00:00:04  -  Run Remote Usage
		Usr 0 00:00:00, Sys 0 00:00:00  -  Run Local Usage
		Usr 0 00:03:40, Sys 0 00:00:04  -  Total Remote Usage
		Usr 0 00:00:00, Sys 0 00:00:00  -  Total Local Usage
	495471  -  Run Bytes Sent By Job
	41910  -  Run Bytes Received By Job
	495471  -  Total Bytes Sent By Job
	41910  -  Total Bytes Received By Job
	Partitionable Resources :    Usage  Request          
	   Cpus                 :                 1          
	   Disk (KB)            :      550      550          
	   Memory (MB)          :        3        3          
...
000 (491854.000.000) 06/29 09:48:10 Job submitted from host: <18.12.1.74:48322>
...
001 (491854.000.000) 06/29 09:48:20 Job executing on host: <18.12.8.61:48176>
...
006 (491854.000.000) 06/29 09:48:28 Image size of job updated: 1
	3  -  MemoryUsage of job (MB)
	2352  -  ResidentSetSize of job (KB)
...
006 (491854.000.000) 06/29 09:51:45 Image size of job updated: 247448
	3  -  MemoryUsage of job (MB)
	2352  -  ResidentSetSize of job (KB)
...
005 (491854.000.000) 06/29 09:51:45 Job terminated.
	(1) Normal termination (return value 0)
		Usr 0 00:02:30, Sys 0 00:00:05  -  Run Remote Usage
		Usr 0 00:00:00, Sys 0 00:00:00  -  Run Local Usage
		Usr 0 00:02:30, Sys 0 00:00:05  -  Total Remote Usage
		Usr 0 00:00:00, Sys 0 00:00:00  -  Total Local Usage
	508892  -  Run Bytes Sent By Job
	46550  -  Run Bytes Received By Job
	508892  -  Total Bytes Sent By Job
	46550  -  Total Bytes Received By Job
	Partitionable Resources :    Usage  Request          
	   Cpus                 :                 1          
	   Disk (KB)            :      568      568          
	   Memory (MB)          :        3        3          
...
000 (492606.000.000) 06/29 10:14:15 Job submitted from host: <18.12.1.74:48322>
...
001 (492606.000.000) 06/29 10:14:51 Job executing on host: <18.12.8.247:45913>
...
006 (492606.000.000) 06/29 10:14:59 Image size of job updated: 184984
	56  -  MemoryUsage of job (MB)
	56500  -  ResidentSetSize of job (KB)
...
006 (492606.000.000) 06/29 10:18:44 Image size of job updated: 247452
	56  -  MemoryUsage of job (MB)
	56500  -  ResidentSetSize of job (KB)
...
005 (492606.000.000) 06/29 10:18:44 Job terminated.
	(1) Normal termination (return value 0)
		Usr 0 00:02:24, Sys 0 00:00:02  -  Run Remote Usage
		Usr 0 00:00:00, Sys 0 00:00:00  -  Run Local Usage
		Usr 0 00:02:24, Sys 0 00:00:02  -  Total Remote Usage
		Usr 0 00:00:00, Sys 0 00:00:00  -  Total Local Usage
	509116  -  Run Bytes Sent By Job
	46566  -  Run Bytes Received By Job
	509116  -  Total Bytes Sent By Job
	46566  -  Total Bytes Received By Job
	Partitionable Resources :    Usage  Request          
	   Cpus                 :                 1          
	   Disk (KB)            :      568      568          
	   Memory (MB)          :       56       56          
...
000 (495325.000.000) 06/29 21:59:31 Job submitted from host: <18.12.1.74:48322>
...
001 (495325.000.000) 06/29 21:59:50 Job executing on host: <18.12.8.141:49271>
...
006 (495325.000.000) 06/29 21:59:58 Image size of job updated: 18176
	2  -  MemoryUsage of job (MB)
	1520  -  ResidentSetSize of job (KB)
...
006 (495325.000.000) 06/29 22:04:58 Image size of job updated: 248008
	128  -  MemoryUsage of job (MB)
	130832  -  ResidentSetSize of job (KB)
...
005 (495325.000.000) 06/29 22:05:15 Job terminated.
	(1) Normal termination (return value 0)
		Usr 0 00:02:00, Sys 0 00:00:03  -  Run Remote Usage
		Usr 0 00:00:00, Sys 0 00:00:00  -  Run Local Usage
		Usr 0 00:02:00, Sys 0 00:00:03  -  Total Remote Usage
		Usr 0 00:00:00, Sys 0 00:00:00  -  Total Local Usage
	509052  -  Run Bytes Sent By Job
	46564  -  Run Bytes Received By Job
	509052  -  Total Bytes Sent By Job
	46564  -  Total Bytes Received By Job
	Partitionable Resources :    Usage  Request          
	   Cpus                 :                 1          
	   Disk (KB)            :      568      568          
	   Memory (MB)          :      128      128          
...
