000 (426707.000.000) 06/22 20:54:23 Job submitted from host: <18.12.1.74:48322>
...
001 (426707.000.000) 06/22 20:54:47 Job executing on host: <18.12.6.74:45110>
...
006 (426707.000.000) 06/22 20:54:56 Image size of job updated: 243592
	82  -  MemoryUsage of job (MB)
	83384  -  ResidentSetSize of job (KB)
...
006 (426707.000.000) 06/22 20:59:57 Image size of job updated: 244912
	120  -  MemoryUsage of job (MB)
	122604  -  ResidentSetSize of job (KB)
...
005 (426707.000.000) 06/22 21:00:51 Job terminated.
	(1) Normal termination (return value 0)
		Usr 0 00:04:03, Sys 0 00:00:03  -  Run Remote Usage
		Usr 0 00:00:00, Sys 0 00:00:00  -  Run Local Usage
		Usr 0 00:04:03, Sys 0 00:00:03  -  Total Remote Usage
		Usr 0 00:00:00, Sys 0 00:00:00  -  Total Local Usage
	495257  -  Run Bytes Sent By Job
	41910  -  Run Bytes Received By Job
	495257  -  Total Bytes Sent By Job
	41910  -  Total Bytes Received By Job
	Partitionable Resources :    Usage  Request          
	   Cpus                 :                 1          
	   Disk (KB)            :      550      550          
	   Memory (MB)          :      120      120          
...
000 (428120.000.000) 06/23 16:48:30 Job submitted from host: <18.12.1.74:48322>
...
001 (428120.000.000) 06/23 16:48:42 Job executing on host: <18.12.8.172:40803>
...
006 (428120.000.000) 06/23 16:48:51 Image size of job updated: 144312
	27  -  MemoryUsage of job (MB)
	27276  -  ResidentSetSize of job (KB)
...
006 (428120.000.000) 06/23 16:53:52 Image size of job updated: 244628
	128  -  MemoryUsage of job (MB)
	130412  -  ResidentSetSize of job (KB)
...
005 (428120.000.000) 06/23 16:54:08 Job terminated.
	(1) Normal termination (return value 0)
		Usr 0 00:03:11, Sys 0 00:00:04  -  Run Remote Usage
		Usr 0 00:00:00, Sys 0 00:00:00  -  Run Local Usage
		Usr 0 00:03:11, Sys 0 00:00:04  -  Total Remote Usage
		Usr 0 00:00:00, Sys 0 00:00:00  -  Total Local Usage
	512087  -  Run Bytes Sent By Job
	47429  -  Run Bytes Received By Job
	512087  -  Total Bytes Sent By Job
	47429  -  Total Bytes Received By Job
	Partitionable Resources :    Usage  Request          
	   Cpus                 :                 1          
	   Disk (KB)            :      572      572          
	   Memory (MB)          :      128      128          
...
000 (429476.000.000) 06/24 21:33:30 Job submitted from host: <18.12.1.74:48322>
...
001 (429476.000.000) 06/24 21:33:55 Job executing on host: <18.12.12.13:49636>
...
006 (429476.000.000) 06/24 21:34:03 Image size of job updated: 1
	3  -  MemoryUsage of job (MB)
	2352  -  ResidentSetSize of job (KB)
...
006 (429476.000.000) 06/24 21:37:01 Image size of job updated: 244684
	3  -  MemoryUsage of job (MB)
	2352  -  ResidentSetSize of job (KB)
...
005 (429476.000.000) 06/24 21:37:01 Job terminated.
	(1) Normal termination (return value 0)
		Usr 0 00:02:00, Sys 0 00:00:01  -  Run Remote Usage
		Usr 0 00:00:00, Sys 0 00:00:00  -  Run Local Usage
		Usr 0 00:02:00, Sys 0 00:00:01  -  Total Remote Usage
		Usr 0 00:00:00, Sys 0 00:00:00  -  Total Local Usage
	512541  -  Run Bytes Sent By Job
	47957  -  Run Bytes Received By Job
	512541  -  Total Bytes Sent By Job
	47957  -  Total Bytes Received By Job
	Partitionable Resources :    Usage  Request          
	   Cpus                 :                 1          
	   Disk (KB)            :      573      573          
	   Memory (MB)          :        3        3          
...
000 (429657.000.000) 06/24 21:48:14 Job submitted from host: <18.12.1.74:48322>
...
001 (429657.000.000) 06/24 21:48:44 Job executing on host: <18.12.8.206:46132>
...
006 (429657.000.000) 06/24 21:48:52 Image size of job updated: 69176
	17  -  MemoryUsage of job (MB)
	17044  -  ResidentSetSize of job (KB)
...
006 (429657.000.000) 06/24 21:51:26 Image size of job updated: 244700
	17  -  MemoryUsage of job (MB)
	17044  -  ResidentSetSize of job (KB)
...
005 (429657.000.000) 06/24 21:51:26 Job terminated.
	(1) Normal termination (return value 0)
		Usr 0 00:01:53, Sys 0 00:00:01  -  Run Remote Usage
		Usr 0 00:00:00, Sys 0 00:00:00  -  Run Local Usage
		Usr 0 00:01:53, Sys 0 00:00:01  -  Total Remote Usage
		Usr 0 00:00:00, Sys 0 00:00:00  -  Total Local Usage
	512472  -  Run Bytes Sent By Job
	47957  -  Run Bytes Received By Job
	512472  -  Total Bytes Sent By Job
	47957  -  Total Bytes Received By Job
	Partitionable Resources :    Usage  Request          
	   Cpus                 :                 1          
	   Disk (KB)            :      573      573          
	   Memory (MB)          :       17       17          
...
000 (451352.000.000) 06/25 11:40:14 Job submitted from host: <18.12.1.74:48322>
...
001 (451352.000.000) 06/25 11:40:51 Job executing on host: <18.12.9.4:40438>
...
006 (451352.000.000) 06/25 11:41:00 Image size of job updated: 189608
	56  -  MemoryUsage of job (MB)
	57240  -  ResidentSetSize of job (KB)
...
006 (451352.000.000) 06/25 11:44:48 Image size of job updated: 189740
	56  -  MemoryUsage of job (MB)
	57240  -  ResidentSetSize of job (KB)
...
005 (451352.000.000) 06/25 11:44:49 Job terminated.
	(1) Normal termination (return value 0)
		Usr 0 00:02:44, Sys 0 00:00:03  -  Run Remote Usage
		Usr 0 00:00:00, Sys 0 00:00:00  -  Run Local Usage
		Usr 0 00:02:44, Sys 0 00:00:03  -  Total Remote Usage
		Usr 0 00:00:00, Sys 0 00:00:00  -  Total Local Usage
	16347048  -  Run Bytes Sent By Job
	46060  -  Run Bytes Received By Job
	16347048  -  Total Bytes Sent By Job
	46060  -  Total Bytes Received By Job
	Partitionable Resources :    Usage  Request          
	   Cpus                 :                 1          
	   Disk (KB)            :    16034    16034          
	   Memory (MB)          :       56       56          
...
000 (452194.000.000) 06/26 10:10:38 Job submitted from host: <18.12.1.74:48322>
...
001 (452194.000.000) 06/26 10:10:56 Job executing on host: <18.12.6.95:49928>
...
006 (452194.000.000) 06/26 10:11:04 Image size of job updated: 147064
	35  -  MemoryUsage of job (MB)
	35448  -  ResidentSetSize of job (KB)
...
006 (452194.000.000) 06/26 10:13:57 Image size of job updated: 189724
	35  -  MemoryUsage of job (MB)
	35448  -  ResidentSetSize of job (KB)
...
005 (452194.000.000) 06/26 10:13:58 Job terminated.
	(1) Normal termination (return value 0)
		Usr 0 00:02:02, Sys 0 00:00:03  -  Run Remote Usage
		Usr 0 00:00:00, Sys 0 00:00:00  -  Run Local Usage
		Usr 0 00:02:02, Sys 0 00:00:03  -  Total Remote Usage
		Usr 0 00:00:00, Sys 0 00:00:00  -  Total Local Usage
	9026114  -  Run Bytes Sent By Job
	46038  -  Run Bytes Received By Job
	9026114  -  Total Bytes Sent By Job
	46038  -  Total Bytes Received By Job
	Partitionable Resources :    Usage  Request          
	   Cpus                 :                 1          
	   Disk (KB)            :     8885     8885          
	   Memory (MB)          :       35       35          
...
000 (472818.000.000) 06/26 16:38:28 Job submitted from host: <18.12.1.74:48322>
...
001 (472818.000.000) 06/26 16:38:49 Job executing on host: <18.12.6.34:40949>
...
006 (472818.000.000) 06/26 16:38:58 Image size of job updated: 189608
	56  -  MemoryUsage of job (MB)
	57128  -  ResidentSetSize of job (KB)
...
006 (472818.000.000) 06/26 16:43:38 Image size of job updated: 189740
	56  -  MemoryUsage of job (MB)
	57128  -  ResidentSetSize of job (KB)
...
005 (472818.000.000) 06/26 16:43:38 Job terminated.
	(1) Normal termination (return value 0)
		Usr 0 00:03:36, Sys 0 00:00:05  -  Run Remote Usage
		Usr 0 00:00:00, Sys 0 00:00:00  -  Run Local Usage
		Usr 0 00:03:36, Sys 0 00:00:05  -  Total Remote Usage
		Usr 0 00:00:00, Sys 0 00:00:00  -  Total Local Usage
	16347930  -  Run Bytes Sent By Job
	46344  -  Run Bytes Received By Job
	16347930  -  Total Bytes Sent By Job
	46344  -  Total Bytes Received By Job
	Partitionable Resources :    Usage  Request          
	   Cpus                 :                 1          
	   Disk (KB)            :    16036    16036          
	   Memory (MB)          :       56       56          
...
000 (491765.000.000) 06/29 09:42:01 Job submitted from host: <18.12.1.74:48322>
...
001 (491765.000.000) 06/29 09:42:31 Job executing on host: <18.12.8.91:41168>
...
006 (491765.000.000) 06/29 09:42:40 Image size of job updated: 1
	3  -  MemoryUsage of job (MB)
	2352  -  ResidentSetSize of job (KB)
...
006 (491765.000.000) 06/29 09:45:47 Image size of job updated: 245476
	3  -  MemoryUsage of job (MB)
	2352  -  ResidentSetSize of job (KB)
...
005 (491765.000.000) 06/29 09:45:47 Job terminated.
	(1) Normal termination (return value 0)
		Usr 0 00:01:33, Sys 0 00:00:03  -  Run Remote Usage
		Usr 0 00:00:00, Sys 0 00:00:00  -  Run Local Usage
		Usr 0 00:01:33, Sys 0 00:00:03  -  Total Remote Usage
		Usr 0 00:00:00, Sys 0 00:00:00  -  Total Local Usage
	508822  -  Run Bytes Sent By Job
	46550  -  Run Bytes Received By Job
	508822  -  Total Bytes Sent By Job
	46550  -  Total Bytes Received By Job
	Partitionable Resources :    Usage  Request          
	   Cpus                 :                 1          
	   Disk (KB)            :      568      568          
	   Memory (MB)          :        3        3          
...
000 (492879.000.000) 06/29 10:15:27 Job submitted from host: <18.12.1.74:48322>
...
001 (492879.000.000) 06/29 10:15:50 Job executing on host: <18.12.8.251:47811>
...
006 (492879.000.000) 06/29 10:15:58 Image size of job updated: 243748
	60  -  MemoryUsage of job (MB)
	60828  -  ResidentSetSize of job (KB)
...
006 (492879.000.000) 06/29 10:18:47 Image size of job updated: 245476
	60  -  MemoryUsage of job (MB)
	60828  -  ResidentSetSize of job (KB)
...
005 (492879.000.000) 06/29 10:18:47 Job terminated.
	(1) Normal termination (return value 0)
		Usr 0 00:02:04, Sys 0 00:00:02  -  Run Remote Usage
		Usr 0 00:00:00, Sys 0 00:00:00  -  Run Local Usage
		Usr 0 00:02:04, Sys 0 00:00:02  -  Total Remote Usage
		Usr 0 00:00:00, Sys 0 00:00:00  -  Total Local Usage
	509052  -  Run Bytes Sent By Job
	46566  -  Run Bytes Received By Job
	509052  -  Total Bytes Sent By Job
	46566  -  Total Bytes Received By Job
	Partitionable Resources :    Usage  Request          
	   Cpus                 :                 1          
	   Disk (KB)            :      568      568          
	   Memory (MB)          :       60       60          
...
000 (495236.000.000) 06/29 21:57:40 Job submitted from host: <18.12.1.74:48322>
...
001 (495236.000.000) 06/29 21:58:06 Job executing on host: <18.12.9.55:40657>
...
006 (495236.000.000) 06/29 21:58:14 Image size of job updated: 189692
	56  -  MemoryUsage of job (MB)
	57144  -  ResidentSetSize of job (KB)
...
006 (495236.000.000) 06/29 22:02:07 Image size of job updated: 246032
	56  -  MemoryUsage of job (MB)
	57144  -  ResidentSetSize of job (KB)
...
005 (495236.000.000) 06/29 22:02:07 Job terminated.
	(1) Normal termination (return value 0)
		Usr 0 00:01:55, Sys 0 00:00:03  -  Run Remote Usage
		Usr 0 00:00:00, Sys 0 00:00:00  -  Run Local Usage
		Usr 0 00:01:55, Sys 0 00:00:03  -  Total Remote Usage
		Usr 0 00:00:00, Sys 0 00:00:00  -  Total Local Usage
	509039  -  Run Bytes Sent By Job
	46564  -  Run Bytes Received By Job
	509039  -  Total Bytes Sent By Job
	46564  -  Total Bytes Received By Job
	Partitionable Resources :    Usage  Request          
	   Cpus                 :                 1          
	   Disk (KB)            :      568      568          
	   Memory (MB)          :       56       56          
...
000 (497370.000.000) 07/09 13:07:22 Job submitted from host: <18.12.1.74:48322>
...
001 (497370.000.000) 07/09 13:07:59 Job executing on host: <18.12.8.46:45548>
...
006 (497370.000.000) 07/09 13:08:08 Image size of job updated: 244308
	55  -  MemoryUsage of job (MB)
	56308  -  ResidentSetSize of job (KB)
...
006 (497370.000.000) 07/09 13:12:52 Image size of job updated: 246036
	55  -  MemoryUsage of job (MB)
	56308  -  ResidentSetSize of job (KB)
...
005 (497370.000.000) 07/09 13:12:52 Job terminated.
	(1) Normal termination (return value 0)
		Usr 0 00:03:07, Sys 0 00:00:08  -  Run Remote Usage
		Usr 0 00:00:00, Sys 0 00:00:00  -  Run Local Usage
		Usr 0 00:03:07, Sys 0 00:00:08  -  Total Remote Usage
		Usr 0 00:00:00, Sys 0 00:00:00  -  Total Local Usage
	509197  -  Run Bytes Sent By Job
	46648  -  Run Bytes Received By Job
	509197  -  Total Bytes Sent By Job
	46648  -  Total Bytes Received By Job
	Partitionable Resources :    Usage  Request          
	   Cpus                 :                 1          
	   Disk (KB)            :      568      568          
	   Memory (MB)          :       55       55          
...
000 (497560.000.000) 07/09 15:41:19 Job submitted from host: <18.12.1.74:48322>
...
001 (497560.000.000) 07/09 15:41:53 Job executing on host: <18.12.6.40:45402>
...
006 (497560.000.000) 07/09 15:42:01 Image size of job updated: 188968
	48  -  MemoryUsage of job (MB)
	48480  -  ResidentSetSize of job (KB)
...
006 (497560.000.000) 07/09 15:45:23 Image size of job updated: 246044
	48  -  MemoryUsage of job (MB)
	48480  -  ResidentSetSize of job (KB)
...
005 (497560.000.000) 07/09 15:45:24 Job terminated.
	(1) Normal termination (return value 0)
		Usr 0 00:02:10, Sys 0 00:00:02  -  Run Remote Usage
		Usr 0 00:00:00, Sys 0 00:00:00  -  Run Local Usage
		Usr 0 00:02:10, Sys 0 00:00:02  -  Total Remote Usage
		Usr 0 00:00:00, Sys 0 00:00:00  -  Total Local Usage
	509245  -  Run Bytes Sent By Job
	46609  -  Run Bytes Received By Job
	509245  -  Total Bytes Sent By Job
	46609  -  Total Bytes Received By Job
	Partitionable Resources :    Usage  Request          
	   Cpus                 :                 1          
	   Disk (KB)            :      568      568          
	   Memory (MB)          :       48       48          
...
000 (497867.000.000) 07/09 16:39:32 Job submitted from host: <18.12.1.74:48322>
...
001 (497867.000.000) 07/09 16:40:06 Job executing on host: <18.12.6.81:48176>
...
006 (497867.000.000) 07/09 16:40:14 Image size of job updated: 244304
	60  -  MemoryUsage of job (MB)
	61408  -  ResidentSetSize of job (KB)
...
006 (497867.000.000) 07/09 16:44:04 Image size of job updated: 246036
	60  -  MemoryUsage of job (MB)
	61408  -  ResidentSetSize of job (KB)
...
005 (497867.000.000) 07/09 16:44:04 Job terminated.
	(1) Normal termination (return value 0)
		Usr 0 00:02:51, Sys 0 00:00:05  -  Run Remote Usage
		Usr 0 00:00:00, Sys 0 00:00:00  -  Run Local Usage
		Usr 0 00:02:51, Sys 0 00:00:05  -  Total Remote Usage
		Usr 0 00:00:00, Sys 0 00:00:00  -  Total Local Usage
	509412  -  Run Bytes Sent By Job
	46604  -  Run Bytes Received By Job
	509412  -  Total Bytes Sent By Job
	46604  -  Total Bytes Received By Job
	Partitionable Resources :    Usage  Request          
	   Cpus                 :                 1          
	   Disk (KB)            :      569      569          
	   Memory (MB)          :       60       60          
...
000 (498200.000.000) 07/10 12:07:32 Job submitted from host: <18.12.1.74:48322>
...
001 (498200.000.000) 07/10 12:07:51 Job executing on host: <18.12.6.86:41022>
...
006 (498200.000.000) 07/10 12:08:00 Image size of job updated: 147724
	32  -  MemoryUsage of job (MB)
	32564  -  ResidentSetSize of job (KB)
...
006 (498200.000.000) 07/10 12:11:23 Image size of job updated: 246036
	32  -  MemoryUsage of job (MB)
	32564  -  ResidentSetSize of job (KB)
...
005 (498200.000.000) 07/10 12:11:23 Job terminated.
	(1) Normal termination (return value 0)
		Usr 0 00:02:07, Sys 0 00:00:02  -  Run Remote Usage
		Usr 0 00:00:00, Sys 0 00:00:00  -  Run Local Usage
		Usr 0 00:02:07, Sys 0 00:00:02  -  Total Remote Usage
		Usr 0 00:00:00, Sys 0 00:00:00  -  Total Local Usage
	509121  -  Run Bytes Sent By Job
	46586  -  Run Bytes Received By Job
	509121  -  Total Bytes Sent By Job
	46586  -  Total Bytes Received By Job
	Partitionable Resources :    Usage  Request          
	   Cpus                 :                 1          
	   Disk (KB)            :      568      568          
	   Memory (MB)          :       32       32          
...
000 (498753.000.000) 07/10 16:45:38 Job submitted from host: <18.12.1.74:48322>
...
001 (498753.000.000) 07/10 16:56:16 Job executing on host: <18.12.9.8:44088>
...
006 (498753.000.000) 07/10 16:56:24 Image size of job updated: 244500
	61  -  MemoryUsage of job (MB)
	61460  -  ResidentSetSize of job (KB)
...
006 (498753.000.000) 07/10 16:56:45 Image size of job updated: 245444
	61  -  MemoryUsage of job (MB)
	61460  -  ResidentSetSize of job (KB)
...
005 (498753.000.000) 07/10 17:30:40 Job terminated.
	(1) Normal termination (return value 0)
		Usr 0 00:00:12, Sys 0 00:00:00  -  Run Remote Usage
		Usr 0 00:00:00, Sys 0 00:00:00  -  Run Local Usage
		Usr 0 00:00:12, Sys 0 00:00:00  -  Total Remote Usage
		Usr 0 00:00:00, Sys 0 00:00:00  -  Total Local Usage
	519217  -  Run Bytes Sent By Job
	47454  -  Run Bytes Received By Job
	519217  -  Total Bytes Sent By Job
	47454  -  Total Bytes Received By Job
	Partitionable Resources :    Usage  Request          
	   Cpus                 :                 1          
	   Disk (KB)            :      579      579          
	   Memory (MB)          :       61       61          
...
