
----------------------------------------------------
Job started on Mon Jun 22 20:55:29 EDT 2015 at WN: t2bat0340.cmsaf.mit.edu 
Job is running on Linux t2bat0340.cmsaf.mit.edu 2.6.32-358.el6.x86_64 #1 SMP Fri Feb 22 20:37:17 CST 2013 x86_64 x86_64 x86_64 GNU/Linux
Filesystem            Size  Used Avail Use% Mounted on
/dev/sda3              20G  2.6G   17G  14% /
tmpfs                  32G     0   32G   0% /dev/shm
/dev/sda1              97M   32M   61M  35% /boot
/dev/sda4             416G   26G  390G   7% /export/data1
/dev/sdb1             3.6T  3.1T  513G  87% /export/00b
/dev/sdc1             3.6T  3.1T  529G  86% /export/00c
/dev/sdd1             3.6T  3.1T  549G  86% /export/00d
/dev/sde1             3.6T  3.1T  524G  86% /export/00e
/dev/sdh1             3.6T  3.1T  548G  86% /export/00f
/dev/sdf1             3.6T  3.1T  532G  86% /export/00g
/dev/sdg1             3.6T  3.1T  528G  86% /export/00h
/dev/sdj1             3.6T  3.1T  521G  86% /export/00i
/dev/sdi1             3.6T  3.1T  539G  86% /export/00j
/dev/sdk1             3.6T  3.1T  535G  86% /export/00k
/dev/sdl1             3.6T  3.1T  546G  86% /export/00l
fuse_dfs              4.9P  4.4P  522T  90% /mnt/hadoop
t2srv0004:/export/db  135G  187M  135G   1% /net/t2srv0004/db
cvmfs2                 98G   21G   77G  22% /cvmfs/cms.cern.ch
cvmfs2                 98G   21G   77G  22% /cvmfs/mu2e.opensciencegrid.org
cvmfs2                 98G   21G   77G  22% /cvmfs/oasis.opensciencegrid.org
cvmfs2                 98G   21G   77G  22% /cvmfs/cdfcfs.fnal.gov
cvmfs2                 98G   21G   77G  22% /cvmfs/cvmfs.cmsaf.mit.edu
gcc (GCC) 4.4.7 20120313 (Red Hat 4.4.7-3)
Copyright (C) 2010 Free Software Foundation, Inc.
This is free software; see the source for copying conditions.  There is NO
warranty; not even for MERCHANTABILITY or FITNESS FOR A PARTICULAR PURPOSE.

Processing...
0/135023
10000/135023
20000/135023
30000/135023
40000/135023
50000/135023
60000/135023
70000/135023
80000/135023
90000/135023
100000/135023
110000/135023
120000/135023
130000/135023
Macro finished: 
CPU time (min)  = 1.2445
Real time (min) = 1.94469
Done!
Copied output files to hadoop rootfiles/JetRAA/June22
