000 (426640.000.000) 06/22 20:54:16 Job submitted from host: <18.12.1.74:48322>
...
001 (426640.000.000) 06/22 20:54:42 Job executing on host: <18.12.9.80:44526>
...
006 (426640.000.000) 06/22 20:54:50 Image size of job updated: 1
	3  -  MemoryUsage of job (MB)
	2360  -  ResidentSetSize of job (KB)
...
006 (426640.000.000) 06/22 20:56:22 Image size of job updated: 244392
	3  -  MemoryUsage of job (MB)
	2360  -  ResidentSetSize of job (KB)
...
005 (426640.000.000) 06/22 20:56:22 Job terminated.
	(1) Normal termination (return value 0)
		Usr 0 00:00:56, Sys 0 00:00:01  -  Run Remote Usage
		Usr 0 00:00:00, Sys 0 00:00:00  -  Run Local Usage
		Usr 0 00:00:56, Sys 0 00:00:01  -  Total Remote Usage
		Usr 0 00:00:00, Sys 0 00:00:00  -  Total Local Usage
	494947  -  Run Bytes Sent By Job
	41910  -  Run Bytes Received By Job
	494947  -  Total Bytes Sent By Job
	41910  -  Total Bytes Received By Job
	Partitionable Resources :    Usage  Request          
	   Cpus                 :                 1          
	   Disk (KB)            :      550      550          
	   Memory (MB)          :        3        3          
...
000 (428053.000.000) 06/23 16:48:24 Job submitted from host: <18.12.1.74:48322>
...
001 (428053.000.000) 06/23 16:48:42 Job executing on host: <18.12.9.29:47519>
...
006 (428053.000.000) 06/23 16:48:51 Image size of job updated: 1
	3  -  MemoryUsage of job (MB)
	2384  -  ResidentSetSize of job (KB)
...
006 (428053.000.000) 06/23 16:53:52 Image size of job updated: 245488
	92  -  MemoryUsage of job (MB)
	93644  -  ResidentSetSize of job (KB)
...
005 (428053.000.000) 06/23 16:54:16 Job terminated.
	(1) Normal termination (return value 0)
		Usr 0 00:01:09, Sys 0 00:00:02  -  Run Remote Usage
		Usr 0 00:00:00, Sys 0 00:00:00  -  Run Local Usage
		Usr 0 00:01:09, Sys 0 00:00:02  -  Total Remote Usage
		Usr 0 00:00:00, Sys 0 00:00:00  -  Total Local Usage
	512059  -  Run Bytes Sent By Job
	47429  -  Run Bytes Received By Job
	512059  -  Total Bytes Sent By Job
	47429  -  Total Bytes Received By Job
	Partitionable Resources :    Usage  Request          
	   Cpus                 :                 1          
	   Disk (KB)            :      572      572          
	   Memory (MB)          :       92       92          
...
000 (429131.000.000) 06/24 21:27:47 Job submitted from host: <18.12.1.74:48322>
...
001 (429131.000.000) 06/24 21:28:15 Job executing on host: <18.12.9.46:40292>
...
006 (429131.000.000) 06/24 21:28:23 Image size of job updated: 243832
	79  -  MemoryUsage of job (MB)
	80540  -  ResidentSetSize of job (KB)
...
005 (429131.000.000) 06/24 21:28:27 Job terminated.
	(1) Normal termination (return value 0)
		Usr 0 00:00:06, Sys 0 00:00:00  -  Run Remote Usage
		Usr 0 00:00:00, Sys 0 00:00:00  -  Run Local Usage
		Usr 0 00:00:06, Sys 0 00:00:00  -  Total Remote Usage
		Usr 0 00:00:00, Sys 0 00:00:00  -  Total Local Usage
	512968  -  Run Bytes Sent By Job
	47961  -  Run Bytes Received By Job
	512968  -  Total Bytes Sent By Job
	47961  -  Total Bytes Received By Job
	Partitionable Resources :    Usage  Request          
	   Cpus                 :                 1          
	   Disk (KB)            :      574      574          
	   Memory (MB)          :       79       79          
...
000 (429342.000.000) 06/24 21:33:16 Job submitted from host: <18.12.1.74:48322>
...
001 (429342.000.000) 06/24 21:33:46 Job executing on host: <18.12.9.50:46059>
...
006 (429342.000.000) 06/24 21:33:55 Image size of job updated: 1
	3  -  MemoryUsage of job (MB)
	2356  -  ResidentSetSize of job (KB)
...
006 (429342.000.000) 06/24 21:34:34 Image size of job updated: 243868
	3  -  MemoryUsage of job (MB)
	2356  -  ResidentSetSize of job (KB)
...
005 (429342.000.000) 06/24 21:34:34 Job terminated.
	(1) Normal termination (return value 0)
		Usr 0 00:00:30, Sys 0 00:00:00  -  Run Remote Usage
		Usr 0 00:00:00, Sys 0 00:00:00  -  Run Local Usage
		Usr 0 00:00:30, Sys 0 00:00:00  -  Total Remote Usage
		Usr 0 00:00:00, Sys 0 00:00:00  -  Total Local Usage
	512473  -  Run Bytes Sent By Job
	47957  -  Run Bytes Received By Job
	512473  -  Total Bytes Sent By Job
	47957  -  Total Bytes Received By Job
	Partitionable Resources :    Usage  Request          
	   Cpus                 :                 1          
	   Disk (KB)            :      573      573          
	   Memory (MB)          :        3        3          
...
000 (429523.000.000) 06/24 21:47:55 Job submitted from host: <18.12.1.74:48322>
...
001 (429523.000.000) 06/24 21:48:04 Job executing on host: <18.12.9.38:48541>
...
006 (429523.000.000) 06/24 21:48:13 Image size of job updated: 153200
	35  -  MemoryUsage of job (MB)
	35348  -  ResidentSetSize of job (KB)
...
006 (429523.000.000) 06/24 21:50:36 Image size of job updated: 244000
	35  -  MemoryUsage of job (MB)
	35348  -  ResidentSetSize of job (KB)
...
005 (429523.000.000) 06/24 21:50:37 Job terminated.
	(1) Normal termination (return value 0)
		Usr 0 00:00:37, Sys 0 00:00:01  -  Run Remote Usage
		Usr 0 00:00:00, Sys 0 00:00:00  -  Run Local Usage
		Usr 0 00:00:37, Sys 0 00:00:01  -  Total Remote Usage
		Usr 0 00:00:00, Sys 0 00:00:00  -  Total Local Usage
	512608  -  Run Bytes Sent By Job
	47957  -  Run Bytes Received By Job
	512608  -  Total Bytes Sent By Job
	47957  -  Total Bytes Received By Job
	Partitionable Resources :    Usage  Request          
	   Cpus                 :                 1          
	   Disk (KB)            :      573      573          
	   Memory (MB)          :       35       35          
...
000 (451285.000.000) 06/25 11:40:07 Job submitted from host: <18.12.1.74:48322>
...
001 (451285.000.000) 06/25 11:40:49 Job executing on host: <18.12.8.196:42336>
...
006 (451285.000.000) 06/25 11:40:58 Image size of job updated: 173492
	48  -  MemoryUsage of job (MB)
	48760  -  ResidentSetSize of job (KB)
...
006 (451285.000.000) 06/25 11:42:27 Image size of job updated: 189088
	48  -  MemoryUsage of job (MB)
	48760  -  ResidentSetSize of job (KB)
...
005 (451285.000.000) 06/25 11:42:28 Job terminated.
	(1) Normal termination (return value 0)
		Usr 0 00:00:48, Sys 0 00:00:01  -  Run Remote Usage
		Usr 0 00:00:00, Sys 0 00:00:00  -  Run Local Usage
		Usr 0 00:00:48, Sys 0 00:00:01  -  Total Remote Usage
		Usr 0 00:00:00, Sys 0 00:00:00  -  Total Local Usage
	5638935  -  Run Bytes Sent By Job
	46060  -  Run Bytes Received By Job
	5638935  -  Total Bytes Sent By Job
	46060  -  Total Bytes Received By Job
	Partitionable Resources :    Usage  Request          
	   Cpus                 :                 1          
	   Disk (KB)            :     5577     5577          
	   Memory (MB)          :       48       48          
...
000 (452060.000.000) 06/26 10:10:24 Job submitted from host: <18.12.1.74:48322>
...
001 (452060.000.000) 06/26 10:10:49 Job executing on host: <18.12.8.250:41460>
...
006 (452060.000.000) 06/26 10:10:57 Image size of job updated: 49268
	3  -  MemoryUsage of job (MB)
	2744  -  ResidentSetSize of job (KB)
...
006 (452060.000.000) 06/26 10:12:06 Image size of job updated: 189084
	3  -  MemoryUsage of job (MB)
	2744  -  ResidentSetSize of job (KB)
...
005 (452060.000.000) 06/26 10:12:07 Job terminated.
	(1) Normal termination (return value 0)
		Usr 0 00:00:30, Sys 0 00:00:01  -  Run Remote Usage
		Usr 0 00:00:00, Sys 0 00:00:00  -  Run Local Usage
		Usr 0 00:00:30, Sys 0 00:00:01  -  Total Remote Usage
		Usr 0 00:00:00, Sys 0 00:00:00  -  Total Local Usage
	3236318  -  Run Bytes Sent By Job
	46038  -  Run Bytes Received By Job
	3236318  -  Total Bytes Sent By Job
	46038  -  Total Bytes Received By Job
	Partitionable Resources :    Usage  Request          
	   Cpus                 :                 1          
	   Disk (KB)            :     3231     3231          
	   Memory (MB)          :        3        3          
...
000 (472751.000.000) 06/26 16:38:21 Job submitted from host: <18.12.1.74:48322>
...
001 (472751.000.000) 06/26 16:38:45 Job executing on host: <18.12.8.13:46789>
...
006 (472751.000.000) 06/26 16:38:53 Image size of job updated: 1196
	1  -  MemoryUsage of job (MB)
	160  -  ResidentSetSize of job (KB)
...
006 (472751.000.000) 06/26 16:43:13 Image size of job updated: 189068
	1  -  MemoryUsage of job (MB)
	160  -  ResidentSetSize of job (KB)
...
005 (472751.000.000) 06/26 16:43:13 Job terminated.
	(1) Normal termination (return value 0)
		Usr 0 00:01:00, Sys 0 00:00:03  -  Run Remote Usage
		Usr 0 00:00:00, Sys 0 00:00:00  -  Run Local Usage
		Usr 0 00:01:00, Sys 0 00:00:03  -  Total Remote Usage
		Usr 0 00:00:00, Sys 0 00:00:00  -  Total Local Usage
	5639857  -  Run Bytes Sent By Job
	46344  -  Run Bytes Received By Job
	5639857  -  Total Bytes Sent By Job
	46344  -  Total Bytes Received By Job
	Partitionable Resources :    Usage  Request          
	   Cpus                 :                 1          
	   Disk (KB)            :     5578     5578          
	   Memory (MB)          :        1        1          
...
000 (491631.000.000) 06/29 09:41:39 Job submitted from host: <18.12.1.74:48322>
...
001 (491631.000.000) 06/29 09:41:59 Job executing on host: <18.12.9.15:45402>
...
006 (491631.000.000) 06/29 09:42:08 Image size of job updated: 1
	3  -  MemoryUsage of job (MB)
	2376  -  ResidentSetSize of job (KB)
...
006 (491631.000.000) 06/29 09:43:11 Image size of job updated: 243456
	3  -  MemoryUsage of job (MB)
	2376  -  ResidentSetSize of job (KB)
...
005 (491631.000.000) 06/29 09:43:11 Job terminated.
	(1) Normal termination (return value 0)
		Usr 0 00:00:34, Sys 0 00:00:01  -  Run Remote Usage
		Usr 0 00:00:00, Sys 0 00:00:00  -  Run Local Usage
		Usr 0 00:00:34, Sys 0 00:00:01  -  Total Remote Usage
		Usr 0 00:00:00, Sys 0 00:00:00  -  Total Local Usage
	508623  -  Run Bytes Sent By Job
	46550  -  Run Bytes Received By Job
	508623  -  Total Bytes Sent By Job
	46550  -  Total Bytes Received By Job
	Partitionable Resources :    Usage  Request          
	   Cpus                 :                 1          
	   Disk (KB)            :      568      568          
	   Memory (MB)          :        3        3          
...
000 (492745.000.000) 06/29 10:15:03 Job submitted from host: <18.12.1.74:48322>
...
001 (492745.000.000) 06/29 10:15:18 Job executing on host: <18.12.8.160:41168>
...
006 (492745.000.000) 06/29 10:15:26 Image size of job updated: 1
	3  -  MemoryUsage of job (MB)
	2364  -  ResidentSetSize of job (KB)
...
006 (492745.000.000) 06/29 10:16:49 Image size of job updated: 243832
	3  -  MemoryUsage of job (MB)
	2364  -  ResidentSetSize of job (KB)
...
005 (492745.000.000) 06/29 10:16:49 Job terminated.
	(1) Normal termination (return value 0)
		Usr 0 00:01:06, Sys 0 00:00:01  -  Run Remote Usage
		Usr 0 00:00:00, Sys 0 00:00:00  -  Run Local Usage
		Usr 0 00:01:06, Sys 0 00:00:01  -  Total Remote Usage
		Usr 0 00:00:00, Sys 0 00:00:00  -  Total Local Usage
	508852  -  Run Bytes Sent By Job
	46566  -  Run Bytes Received By Job
	508852  -  Total Bytes Sent By Job
	46566  -  Total Bytes Received By Job
	Partitionable Resources :    Usage  Request          
	   Cpus                 :                 1          
	   Disk (KB)            :      568      568          
	   Memory (MB)          :        3        3          
...
000 (495102.000.000) 06/29 21:57:18 Job submitted from host: <18.12.1.74:48322>
...
001 (495102.000.000) 06/29 21:57:29 Job executing on host: <18.12.9.60:41752>
...
006 (495102.000.000) 06/29 21:57:37 Image size of job updated: 185488
	49  -  MemoryUsage of job (MB)
	50036  -  ResidentSetSize of job (KB)
...
006 (495102.000.000) 06/29 21:58:41 Image size of job updated: 243872
	49  -  MemoryUsage of job (MB)
	50036  -  ResidentSetSize of job (KB)
...
005 (495102.000.000) 06/29 21:58:41 Job terminated.
	(1) Normal termination (return value 0)
		Usr 0 00:00:35, Sys 0 00:00:02  -  Run Remote Usage
		Usr 0 00:00:00, Sys 0 00:00:00  -  Run Local Usage
		Usr 0 00:00:35, Sys 0 00:00:02  -  Total Remote Usage
		Usr 0 00:00:00, Sys 0 00:00:00  -  Total Local Usage
	508837  -  Run Bytes Sent By Job
	46564  -  Run Bytes Received By Job
	508837  -  Total Bytes Sent By Job
	46564  -  Total Bytes Received By Job
	Partitionable Resources :    Usage  Request          
	   Cpus                 :                 1          
	   Disk (KB)            :      568      568          
	   Memory (MB)          :       49       49          
...
000 (497236.000.000) 07/09 13:07:03 Job submitted from host: <18.12.1.74:48322>
...
001 (497236.000.000) 07/09 13:07:12 Job executing on host: <18.12.9.15:45402>
...
006 (497236.000.000) 07/09 13:07:21 Image size of job updated: 243012
	57  -  MemoryUsage of job (MB)
	58272  -  ResidentSetSize of job (KB)
...
006 (497236.000.000) 07/09 13:08:31 Image size of job updated: 243876
	57  -  MemoryUsage of job (MB)
	58272  -  ResidentSetSize of job (KB)
...
005 (497236.000.000) 07/09 13:08:31 Job terminated.
	(1) Normal termination (return value 0)
		Usr 0 00:00:40, Sys 0 00:00:01  -  Run Remote Usage
		Usr 0 00:00:00, Sys 0 00:00:00  -  Run Local Usage
		Usr 0 00:00:40, Sys 0 00:00:01  -  Total Remote Usage
		Usr 0 00:00:00, Sys 0 00:00:00  -  Total Local Usage
	509360  -  Run Bytes Sent By Job
	46648  -  Run Bytes Received By Job
	509360  -  Total Bytes Sent By Job
	46648  -  Total Bytes Received By Job
	Partitionable Resources :    Usage  Request          
	   Cpus                 :                 1          
	   Disk (KB)            :      569      569          
	   Memory (MB)          :       57       57          
...
000 (497426.000.000) 07/09 15:41:06 Job submitted from host: <18.12.1.74:48322>
...
001 (497426.000.000) 07/09 15:41:53 Job executing on host: <18.12.9.31:42701>
...
006 (497426.000.000) 07/09 15:42:02 Image size of job updated: 9524
	2  -  MemoryUsage of job (MB)
	1420  -  ResidentSetSize of job (KB)
...
006 (497426.000.000) 07/09 15:45:26 Image size of job updated: 244016
	2  -  MemoryUsage of job (MB)
	1420  -  ResidentSetSize of job (KB)
...
005 (497426.000.000) 07/09 15:45:26 Job terminated.
	(1) Normal termination (return value 0)
		Usr 0 00:00:38, Sys 0 00:00:00  -  Run Remote Usage
		Usr 0 00:00:00, Sys 0 00:00:00  -  Run Local Usage
		Usr 0 00:00:38, Sys 0 00:00:00  -  Total Remote Usage
		Usr 0 00:00:00, Sys 0 00:00:00  -  Total Local Usage
	509376  -  Run Bytes Sent By Job
	46609  -  Run Bytes Received By Job
	509376  -  Total Bytes Sent By Job
	46609  -  Total Bytes Received By Job
	Partitionable Resources :    Usage  Request          
	   Cpus                 :                 1          
	   Disk (KB)            :      569      569          
	   Memory (MB)          :        2        2          
...
000 (497724.000.000) 07/09 16:39:08 Job submitted from host: <18.12.1.74:48322>
...
001 (497724.000.000) 07/09 16:39:27 Job executing on host: <18.12.8.130:47227>
...
006 (497724.000.000) 07/09 16:39:36 Image size of job updated: 243012
	54  -  MemoryUsage of job (MB)
	55076  -  ResidentSetSize of job (KB)
...
006 (497724.000.000) 07/09 16:40:59 Image size of job updated: 243876
	54  -  MemoryUsage of job (MB)
	55076  -  ResidentSetSize of job (KB)
...
005 (497724.000.000) 07/09 16:40:59 Job terminated.
	(1) Normal termination (return value 0)
		Usr 0 00:00:32, Sys 0 00:00:03  -  Run Remote Usage
		Usr 0 00:00:00, Sys 0 00:00:00  -  Run Local Usage
		Usr 0 00:00:32, Sys 0 00:00:03  -  Total Remote Usage
		Usr 0 00:00:00, Sys 0 00:00:00  -  Total Local Usage
	509168  -  Run Bytes Sent By Job
	46604  -  Run Bytes Received By Job
	509168  -  Total Bytes Sent By Job
	46604  -  Total Bytes Received By Job
	Partitionable Resources :    Usage  Request          
	   Cpus                 :                 1          
	   Disk (KB)            :      568      568          
	   Memory (MB)          :       54       54          
...
000 (498066.000.000) 07/10 12:07:18 Job submitted from host: <18.12.1.74:48322>
...
001 (498066.000.000) 07/10 12:07:38 Job executing on host: <18.12.9.38:41971>
...
006 (498066.000.000) 07/10 12:07:47 Image size of job updated: 184932
	37  -  MemoryUsage of job (MB)
	36984  -  ResidentSetSize of job (KB)
...
006 (498066.000.000) 07/10 12:10:00 Image size of job updated: 243872
	37  -  MemoryUsage of job (MB)
	36984  -  ResidentSetSize of job (KB)
...
005 (498066.000.000) 07/10 12:10:00 Job terminated.
	(1) Normal termination (return value 0)
		Usr 0 00:00:40, Sys 0 00:00:03  -  Run Remote Usage
		Usr 0 00:00:00, Sys 0 00:00:00  -  Run Local Usage
		Usr 0 00:00:40, Sys 0 00:00:03  -  Total Remote Usage
		Usr 0 00:00:00, Sys 0 00:00:00  -  Total Local Usage
	509147  -  Run Bytes Sent By Job
	46586  -  Run Bytes Received By Job
	509147  -  Total Bytes Sent By Job
	46586  -  Total Bytes Received By Job
	Partitionable Resources :    Usage  Request          
	   Cpus                 :                 1          
	   Disk (KB)            :      568      568          
	   Memory (MB)          :       37       37          
...
000 (498502.000.000) 07/10 16:45:13 Job submitted from host: <18.12.1.74:48322>
...
001 (498502.000.000) 07/10 16:45:38 Job executing on host: <18.12.8.121:41241>
...
006 (498502.000.000) 07/10 16:45:47 Image size of job updated: 243212
	43  -  MemoryUsage of job (MB)
	43896  -  ResidentSetSize of job (KB)
...
006 (498502.000.000) 07/10 16:46:28 Image size of job updated: 244216
	43  -  MemoryUsage of job (MB)
	43896  -  ResidentSetSize of job (KB)
...
005 (498502.000.000) 07/10 17:27:00 Job terminated.
	(1) Normal termination (return value 0)
		Usr 0 00:00:21, Sys 0 00:00:01  -  Run Remote Usage
		Usr 0 00:00:00, Sys 0 00:00:00  -  Run Local Usage
		Usr 0 00:00:21, Sys 0 00:00:01  -  Total Remote Usage
		Usr 0 00:00:00, Sys 0 00:00:00  -  Total Local Usage
	519394  -  Run Bytes Sent By Job
	47454  -  Run Bytes Received By Job
	519394  -  Total Bytes Sent By Job
	47454  -  Total Bytes Received By Job
	Partitionable Resources :    Usage  Request          
	   Cpus                 :                 1          
	   Disk (KB)            :      579      579          
	   Memory (MB)          :       43       43          
...
