000 (426363.000.000) 06/22 20:49:58 Job submitted from host: <18.12.1.74:48322>
...
001 (426363.000.000) 06/22 20:50:40 Job executing on host: <18.12.8.243:45475>
...
006 (426363.000.000) 06/22 20:50:48 Image size of job updated: 67072
	11  -  MemoryUsage of job (MB)
	11016  -  ResidentSetSize of job (KB)
...
006 (426363.000.000) 06/22 20:51:02 Image size of job updated: 147052
	30  -  MemoryUsage of job (MB)
	30308  -  ResidentSetSize of job (KB)
...
004 (426363.000.000) 06/22 20:51:02 Job was evicted.
	(0) Job was not checkpointed.
		Usr 0 00:00:00, Sys 0 00:00:00  -  Run Remote Usage
		Usr 0 00:00:00, Sys 0 00:00:00  -  Run Local Usage
	0  -  Run Bytes Sent By Job
	41910  -  Run Bytes Received By Job
	Partitionable Resources :    Usage  Request          
	   Cpus                 :                 1          
	   Disk (KB)            :      550      550          
	   Memory (MB)          :       30       30          
...
009 (426363.000.000) 06/22 20:51:10 Job was aborted by the user.
	via condor_rm (by user rkunnawa)
...
000 (491787.000.000) 06/29 09:48:03 Job submitted from host: <18.12.1.74:48322>
...
001 (491787.000.000) 06/29 09:48:14 Job executing on host: <18.12.8.114:45475>
...
006 (491787.000.000) 06/29 09:48:23 Image size of job updated: 245724
	59  -  MemoryUsage of job (MB)
	59988  -  ResidentSetSize of job (KB)
...
006 (491787.000.000) 06/29 09:50:07 Image size of job updated: 246948
	59  -  MemoryUsage of job (MB)
	59988  -  ResidentSetSize of job (KB)
...
005 (491787.000.000) 06/29 09:50:07 Job terminated.
	(1) Normal termination (return value 0)
		Usr 0 00:00:29, Sys 0 00:00:01  -  Run Remote Usage
		Usr 0 00:00:00, Sys 0 00:00:00  -  Run Local Usage
		Usr 0 00:00:29, Sys 0 00:00:01  -  Total Remote Usage
		Usr 0 00:00:00, Sys 0 00:00:00  -  Total Local Usage
	508759  -  Run Bytes Sent By Job
	46550  -  Run Bytes Received By Job
	508759  -  Total Bytes Sent By Job
	46550  -  Total Bytes Received By Job
	Partitionable Resources :    Usage  Request          
	   Cpus                 :                 1          
	   Disk (KB)            :      568      568          
	   Memory (MB)          :       59       59          
...
000 (492539.000.000) 06/29 10:14:00 Job submitted from host: <18.12.1.74:48322>
...
001 (492539.000.000) 06/29 10:14:09 Job executing on host: <18.12.8.213:46424>
...
006 (492539.000.000) 06/29 10:14:17 Image size of job updated: 68792
	13  -  MemoryUsage of job (MB)
	12972  -  ResidentSetSize of job (KB)
...
006 (492539.000.000) 06/29 10:16:32 Image size of job updated: 246960
	13  -  MemoryUsage of job (MB)
	12972  -  ResidentSetSize of job (KB)
...
005 (492539.000.000) 06/29 10:16:32 Job terminated.
	(1) Normal termination (return value 0)
		Usr 0 00:00:35, Sys 0 00:00:00  -  Run Remote Usage
		Usr 0 00:00:00, Sys 0 00:00:00  -  Run Local Usage
		Usr 0 00:00:35, Sys 0 00:00:00  -  Total Remote Usage
		Usr 0 00:00:00, Sys 0 00:00:00  -  Total Local Usage
	508991  -  Run Bytes Sent By Job
	46566  -  Run Bytes Received By Job
	508991  -  Total Bytes Sent By Job
	46566  -  Total Bytes Received By Job
	Partitionable Resources :    Usage  Request          
	   Cpus                 :                 1          
	   Disk (KB)            :      568      568          
	   Memory (MB)          :       13       13          
...
000 (495258.000.000) 06/29 21:59:23 Job submitted from host: <18.12.1.74:48322>
...
001 (495258.000.000) 06/29 21:59:33 Job executing on host: <18.12.9.14:42117>
...
006 (495258.000.000) 06/29 21:59:41 Image size of job updated: 93704
	3  -  MemoryUsage of job (MB)
	2436  -  ResidentSetSize of job (KB)
...
006 (495258.000.000) 06/29 22:00:46 Image size of job updated: 247508
	3  -  MemoryUsage of job (MB)
	2436  -  ResidentSetSize of job (KB)
...
005 (495258.000.000) 06/29 22:00:46 Job terminated.
	(1) Normal termination (return value 0)
		Usr 0 00:00:34, Sys 0 00:00:01  -  Run Remote Usage
		Usr 0 00:00:00, Sys 0 00:00:00  -  Run Local Usage
		Usr 0 00:00:34, Sys 0 00:00:01  -  Total Remote Usage
		Usr 0 00:00:00, Sys 0 00:00:00  -  Total Local Usage
	508780  -  Run Bytes Sent By Job
	46564  -  Run Bytes Received By Job
	508780  -  Total Bytes Sent By Job
	46564  -  Total Bytes Received By Job
	Partitionable Resources :    Usage  Request          
	   Cpus                 :                 1          
	   Disk (KB)            :      568      568          
	   Memory (MB)          :        3        3          
...
