000 (426459.000.000) 06/22 20:50:07 Job submitted from host: <18.12.1.74:48322>
...
001 (426459.000.000) 06/22 20:50:54 Job executing on host: <18.12.8.216:48833>
...
006 (426459.000.000) 06/22 20:51:02 Image size of job updated: 69308
	14  -  MemoryUsage of job (MB)
	13440  -  ResidentSetSize of job (KB)
...
006 (426459.000.000) 06/22 20:51:02 Image size of job updated: 143900
	14  -  MemoryUsage of job (MB)
	13440  -  ResidentSetSize of job (KB)
...
004 (426459.000.000) 06/22 20:51:02 Job was evicted.
	(0) Job was not checkpointed.
		Usr 0 00:00:00, Sys 0 00:00:00  -  Run Remote Usage
		Usr 0 00:00:00, Sys 0 00:00:00  -  Run Local Usage
	0  -  Run Bytes Sent By Job
	41910  -  Run Bytes Received By Job
	Partitionable Resources :    Usage  Request          
	   Cpus                 :                 1          
	   Disk (KB)            :      550      550          
	   Memory (MB)          :       14       14          
...
009 (426459.000.000) 06/22 20:51:10 Job was aborted by the user.
	via condor_rm (by user rkunnawa)
...
000 (491886.000.000) 06/29 09:48:16 Job submitted from host: <18.12.1.74:48322>
...
001 (491886.000.000) 06/29 09:48:26 Job executing on host: <18.12.8.82:41825>
...
006 (491886.000.000) 06/29 09:48:34 Image size of job updated: 1
	3  -  MemoryUsage of job (MB)
	2348  -  ResidentSetSize of job (KB)
...
006 (491886.000.000) 06/29 09:49:30 Image size of job updated: 246792
	3  -  MemoryUsage of job (MB)
	2348  -  ResidentSetSize of job (KB)
...
005 (491886.000.000) 06/29 09:49:30 Job terminated.
	(1) Normal termination (return value 0)
		Usr 0 00:00:42, Sys 0 00:00:01  -  Run Remote Usage
		Usr 0 00:00:00, Sys 0 00:00:00  -  Run Local Usage
		Usr 0 00:00:42, Sys 0 00:00:01  -  Total Remote Usage
		Usr 0 00:00:00, Sys 0 00:00:00  -  Total Local Usage
	508647  -  Run Bytes Sent By Job
	46550  -  Run Bytes Received By Job
	508647  -  Total Bytes Sent By Job
	46550  -  Total Bytes Received By Job
	Partitionable Resources :    Usage  Request          
	   Cpus                 :                 1          
	   Disk (KB)            :      568      568          
	   Memory (MB)          :        3        3          
...
000 (492635.000.000) 06/29 10:14:28 Job submitted from host: <18.12.1.74:48322>
...
001 (492635.000.000) 06/29 10:14:43 Job executing on host: <18.12.8.115:48030>
...
006 (492635.000.000) 06/29 10:14:51 Image size of job updated: 1
	3  -  MemoryUsage of job (MB)
	2352  -  ResidentSetSize of job (KB)
...
006 (492635.000.000) 06/29 10:16:02 Image size of job updated: 246800
	3  -  MemoryUsage of job (MB)
	2352  -  ResidentSetSize of job (KB)
...
005 (492635.000.000) 06/29 10:16:03 Job terminated.
	(1) Normal termination (return value 0)
		Usr 0 00:00:34, Sys 0 00:00:01  -  Run Remote Usage
		Usr 0 00:00:00, Sys 0 00:00:00  -  Run Local Usage
		Usr 0 00:00:34, Sys 0 00:00:01  -  Total Remote Usage
		Usr 0 00:00:00, Sys 0 00:00:00  -  Total Local Usage
	509015  -  Run Bytes Sent By Job
	46566  -  Run Bytes Received By Job
	509015  -  Total Bytes Sent By Job
	46566  -  Total Bytes Received By Job
	Partitionable Resources :    Usage  Request          
	   Cpus                 :                 1          
	   Disk (KB)            :      568      568          
	   Memory (MB)          :        3        3          
...
000 (495354.000.000) 06/29 21:59:35 Job submitted from host: <18.12.1.74:48322>
...
001 (495354.000.000) 06/29 21:59:48 Job executing on host: <18.12.9.29:47519>
...
006 (495354.000.000) 06/29 21:59:57 Image size of job updated: 69704
	14  -  MemoryUsage of job (MB)
	13876  -  ResidentSetSize of job (KB)
...
006 (495354.000.000) 06/29 22:03:34 Image size of job updated: 247352
	14  -  MemoryUsage of job (MB)
	13876  -  ResidentSetSize of job (KB)
...
005 (495354.000.000) 06/29 22:03:34 Job terminated.
	(1) Normal termination (return value 0)
		Usr 0 00:00:47, Sys 0 00:00:01  -  Run Remote Usage
		Usr 0 00:00:00, Sys 0 00:00:00  -  Run Local Usage
		Usr 0 00:00:47, Sys 0 00:00:01  -  Total Remote Usage
		Usr 0 00:00:00, Sys 0 00:00:00  -  Total Local Usage
	509211  -  Run Bytes Sent By Job
	46564  -  Run Bytes Received By Job
	509211  -  Total Bytes Sent By Job
	46564  -  Total Bytes Received By Job
	Partitionable Resources :    Usage  Request          
	   Cpus                 :                 1          
	   Disk (KB)            :      568      568          
	   Memory (MB)          :       14       14          
...
