000 (426385.000.000) 06/22 20:50:00 Job submitted from host: <18.12.1.74:48322>
...
001 (426385.000.000) 06/22 20:50:49 Job executing on host: <18.12.6.34:40949>
...
006 (426385.000.000) 06/22 20:50:58 Image size of job updated: 184284
	53  -  MemoryUsage of job (MB)
	53304  -  ResidentSetSize of job (KB)
...
006 (426385.000.000) 06/22 20:51:02 Image size of job updated: 245052
	53  -  MemoryUsage of job (MB)
	53304  -  ResidentSetSize of job (KB)
...
004 (426385.000.000) 06/22 20:51:02 Job was evicted.
	(0) Job was not checkpointed.
		Usr 0 00:00:02, Sys 0 00:00:00  -  Run Remote Usage
		Usr 0 00:00:00, Sys 0 00:00:00  -  Run Local Usage
	0  -  Run Bytes Sent By Job
	41910  -  Run Bytes Received By Job
	Partitionable Resources :    Usage  Request          
	   Cpus                 :                 1          
	   Disk (KB)            :      550      550          
	   Memory (MB)          :       53       53          
...
009 (426385.000.000) 06/22 20:51:10 Job was aborted by the user.
	via condor_rm (by user rkunnawa)
...
000 (491809.000.000) 06/29 09:48:05 Job submitted from host: <18.12.1.74:48322>
...
001 (491809.000.000) 06/29 09:48:17 Job executing on host: <18.12.8.190:43358>
...
006 (491809.000.000) 06/29 09:48:25 Image size of job updated: 245064
	57  -  MemoryUsage of job (MB)
	57584  -  ResidentSetSize of job (KB)
...
006 (491809.000.000) 06/29 09:49:14 Image size of job updated: 247348
	57  -  MemoryUsage of job (MB)
	57584  -  ResidentSetSize of job (KB)
...
005 (491809.000.000) 06/29 09:49:15 Job terminated.
	(1) Normal termination (return value 0)
		Usr 0 00:00:36, Sys 0 00:00:00  -  Run Remote Usage
		Usr 0 00:00:00, Sys 0 00:00:00  -  Run Local Usage
		Usr 0 00:00:36, Sys 0 00:00:00  -  Total Remote Usage
		Usr 0 00:00:00, Sys 0 00:00:00  -  Total Local Usage
	508622  -  Run Bytes Sent By Job
	46550  -  Run Bytes Received By Job
	508622  -  Total Bytes Sent By Job
	46550  -  Total Bytes Received By Job
	Partitionable Resources :    Usage  Request          
	   Cpus                 :                 1          
	   Disk (KB)            :      568      568          
	   Memory (MB)          :       57       57          
...
000 (492561.000.000) 06/29 10:14:04 Job submitted from host: <18.12.1.74:48322>
...
001 (492561.000.000) 06/29 10:14:11 Job executing on host: <18.12.8.233:42555>
...
006 (492561.000.000) 06/29 10:14:19 Image size of job updated: 1
	3  -  MemoryUsage of job (MB)
	2356  -  ResidentSetSize of job (KB)
...
006 (492561.000.000) 06/29 10:15:10 Image size of job updated: 247352
	3  -  MemoryUsage of job (MB)
	2356  -  ResidentSetSize of job (KB)
...
005 (492561.000.000) 06/29 10:15:11 Job terminated.
	(1) Normal termination (return value 0)
		Usr 0 00:00:35, Sys 0 00:00:00  -  Run Remote Usage
		Usr 0 00:00:00, Sys 0 00:00:00  -  Run Local Usage
		Usr 0 00:00:35, Sys 0 00:00:00  -  Total Remote Usage
		Usr 0 00:00:00, Sys 0 00:00:00  -  Total Local Usage
	508854  -  Run Bytes Sent By Job
	46566  -  Run Bytes Received By Job
	508854  -  Total Bytes Sent By Job
	46566  -  Total Bytes Received By Job
	Partitionable Resources :    Usage  Request          
	   Cpus                 :                 1          
	   Disk (KB)            :      568      568          
	   Memory (MB)          :        3        3          
...
000 (495280.000.000) 06/29 21:59:25 Job submitted from host: <18.12.1.74:48322>
...
001 (495280.000.000) 06/29 21:59:41 Job executing on host: <18.12.6.14:45256>
...
006 (495280.000.000) 06/29 21:59:49 Image size of job updated: 1
	3  -  MemoryUsage of job (MB)
	2360  -  ResidentSetSize of job (KB)
...
006 (495280.000.000) 06/29 22:00:43 Image size of job updated: 247904
	3  -  MemoryUsage of job (MB)
	2360  -  ResidentSetSize of job (KB)
...
005 (495280.000.000) 06/29 22:00:43 Job terminated.
	(1) Normal termination (return value 0)
		Usr 0 00:00:41, Sys 0 00:00:00  -  Run Remote Usage
		Usr 0 00:00:00, Sys 0 00:00:00  -  Run Local Usage
		Usr 0 00:00:41, Sys 0 00:00:00  -  Total Remote Usage
		Usr 0 00:00:00, Sys 0 00:00:00  -  Total Local Usage
	508784  -  Run Bytes Sent By Job
	46564  -  Run Bytes Received By Job
	508784  -  Total Bytes Sent By Job
	46564  -  Total Bytes Received By Job
	Partitionable Resources :    Usage  Request          
	   Cpus                 :                 1          
	   Disk (KB)            :      568      568          
	   Memory (MB)          :        3        3          
...
