000 (426701.000.000) 06/22 20:54:22 Job submitted from host: <18.12.1.74:48322>
...
001 (426701.000.000) 06/22 20:54:47 Job executing on host: <18.12.8.151:42628>
...
006 (426701.000.000) 06/22 20:54:56 Image size of job updated: 185012
	52  -  MemoryUsage of job (MB)
	53004  -  ResidentSetSize of job (KB)
...
006 (426701.000.000) 06/22 20:59:57 Image size of job updated: 245312
	127  -  MemoryUsage of job (MB)
	129468  -  ResidentSetSize of job (KB)
...
006 (426701.000.000) 06/22 21:03:19 Image size of job updated: 246356
	127  -  MemoryUsage of job (MB)
	129468  -  ResidentSetSize of job (KB)
...
005 (426701.000.000) 06/22 21:03:19 Job terminated.
	(1) Normal termination (return value 0)
		Usr 0 00:03:26, Sys 0 00:00:03  -  Run Remote Usage
		Usr 0 00:00:00, Sys 0 00:00:00  -  Run Local Usage
		Usr 0 00:03:26, Sys 0 00:00:03  -  Total Remote Usage
		Usr 0 00:00:00, Sys 0 00:00:00  -  Total Local Usage
	495256  -  Run Bytes Sent By Job
	41910  -  Run Bytes Received By Job
	495256  -  Total Bytes Sent By Job
	41910  -  Total Bytes Received By Job
	Partitionable Resources :    Usage  Request          
	   Cpus                 :                 1          
	   Disk (KB)            :      550      550          
	   Memory (MB)          :      127      127          
...
000 (428114.000.000) 06/23 16:48:30 Job submitted from host: <18.12.1.74:48322>
...
001 (428114.000.000) 06/23 16:48:42 Job executing on host: <18.12.6.33:41241>
...
006 (428114.000.000) 06/23 16:48:50 Image size of job updated: 1
	3  -  MemoryUsage of job (MB)
	2348  -  ResidentSetSize of job (KB)
...
006 (428114.000.000) 06/23 16:53:50 Image size of job updated: 245348
	129  -  MemoryUsage of job (MB)
	131248  -  ResidentSetSize of job (KB)
...
005 (428114.000.000) 06/23 16:54:31 Job terminated.
	(1) Normal termination (return value 0)
		Usr 0 00:03:25, Sys 0 00:00:02  -  Run Remote Usage
		Usr 0 00:00:00, Sys 0 00:00:00  -  Run Local Usage
		Usr 0 00:03:25, Sys 0 00:00:02  -  Total Remote Usage
		Usr 0 00:00:00, Sys 0 00:00:00  -  Total Local Usage
	511805  -  Run Bytes Sent By Job
	47429  -  Run Bytes Received By Job
	511805  -  Total Bytes Sent By Job
	47429  -  Total Bytes Received By Job
	Partitionable Resources :    Usage  Request          
	   Cpus                 :                 1          
	   Disk (KB)            :      572      572          
	   Memory (MB)          :      129      129          
...
000 (429464.000.000) 06/24 21:33:29 Job submitted from host: <18.12.1.74:48322>
...
001 (429464.000.000) 06/24 21:33:54 Job executing on host: <18.12.6.43:45694>
...
006 (429464.000.000) 06/24 21:34:03 Image size of job updated: 1
	3  -  MemoryUsage of job (MB)
	2348  -  ResidentSetSize of job (KB)
...
006 (429464.000.000) 06/24 21:36:31 Image size of job updated: 244720
	3  -  MemoryUsage of job (MB)
	2348  -  ResidentSetSize of job (KB)
...
005 (429464.000.000) 06/24 21:36:32 Job terminated.
	(1) Normal termination (return value 0)
		Usr 0 00:01:35, Sys 0 00:00:01  -  Run Remote Usage
		Usr 0 00:00:00, Sys 0 00:00:00  -  Run Local Usage
		Usr 0 00:01:35, Sys 0 00:00:01  -  Total Remote Usage
		Usr 0 00:00:00, Sys 0 00:00:00  -  Total Local Usage
	512458  -  Run Bytes Sent By Job
	47957  -  Run Bytes Received By Job
	512458  -  Total Bytes Sent By Job
	47957  -  Total Bytes Received By Job
	Partitionable Resources :    Usage  Request          
	   Cpus                 :                 1          
	   Disk (KB)            :      573      573          
	   Memory (MB)          :        3        3          
...
000 (429645.000.000) 06/24 21:48:13 Job submitted from host: <18.12.1.74:48322>
...
001 (429645.000.000) 06/24 21:48:42 Job executing on host: <18.12.9.63:45475>
...
006 (429645.000.000) 06/24 21:48:51 Image size of job updated: 244308
	103  -  MemoryUsage of job (MB)
	104812  -  ResidentSetSize of job (KB)
...
006 (429645.000.000) 06/24 21:50:42 Image size of job updated: 244724
	103  -  MemoryUsage of job (MB)
	104812  -  ResidentSetSize of job (KB)
...
005 (429645.000.000) 06/24 21:50:42 Job terminated.
	(1) Normal termination (return value 0)
		Usr 0 00:01:26, Sys 0 00:00:01  -  Run Remote Usage
		Usr 0 00:00:00, Sys 0 00:00:00  -  Run Local Usage
		Usr 0 00:01:26, Sys 0 00:00:01  -  Total Remote Usage
		Usr 0 00:00:00, Sys 0 00:00:00  -  Total Local Usage
	512867  -  Run Bytes Sent By Job
	47957  -  Run Bytes Received By Job
	512867  -  Total Bytes Sent By Job
	47957  -  Total Bytes Received By Job
	Partitionable Resources :    Usage  Request          
	   Cpus                 :                 1          
	   Disk (KB)            :      573      573          
	   Memory (MB)          :      103      103          
...
000 (451346.000.000) 06/25 11:40:13 Job submitted from host: <18.12.1.74:48322>
...
001 (451346.000.000) 06/25 11:40:45 Job executing on host: <18.12.8.189:49271>
...
006 (451346.000.000) 06/25 11:40:54 Image size of job updated: 187560
	56  -  MemoryUsage of job (MB)
	56684  -  ResidentSetSize of job (KB)
...
006 (451346.000.000) 06/25 11:44:42 Image size of job updated: 189636
	56  -  MemoryUsage of job (MB)
	56684  -  ResidentSetSize of job (KB)
...
005 (451346.000.000) 06/25 11:44:43 Job terminated.
	(1) Normal termination (return value 0)
		Usr 0 00:02:54, Sys 0 00:00:04  -  Run Remote Usage
		Usr 0 00:00:00, Sys 0 00:00:00  -  Run Local Usage
		Usr 0 00:02:54, Sys 0 00:00:04  -  Total Remote Usage
		Usr 0 00:00:00, Sys 0 00:00:00  -  Total Local Usage
	16389045  -  Run Bytes Sent By Job
	46060  -  Run Bytes Received By Job
	16389045  -  Total Bytes Sent By Job
	46060  -  Total Bytes Received By Job
	Partitionable Resources :    Usage  Request          
	   Cpus                 :                 1          
	   Disk (KB)            :    16075    16075          
	   Memory (MB)          :       56       56          
...
000 (452182.000.000) 06/26 10:10:36 Job submitted from host: <18.12.1.74:48322>
...
001 (452182.000.000) 06/26 10:11:02 Job executing on host: <18.12.12.8:48614>
...
006 (452182.000.000) 06/26 10:11:10 Image size of job updated: 75600
	17  -  MemoryUsage of job (MB)
	17172  -  ResidentSetSize of job (KB)
...
006 (452182.000.000) 06/26 10:14:19 Image size of job updated: 189620
	17  -  MemoryUsage of job (MB)
	17172  -  ResidentSetSize of job (KB)
...
005 (452182.000.000) 06/26 10:14:19 Job terminated.
	(1) Normal termination (return value 0)
		Usr 0 00:01:51, Sys 0 00:00:03  -  Run Remote Usage
		Usr 0 00:00:00, Sys 0 00:00:00  -  Run Local Usage
		Usr 0 00:01:51, Sys 0 00:00:03  -  Total Remote Usage
		Usr 0 00:00:00, Sys 0 00:00:00  -  Total Local Usage
	8580198  -  Run Bytes Sent By Job
	46038  -  Run Bytes Received By Job
	8580198  -  Total Bytes Sent By Job
	46038  -  Total Bytes Received By Job
	Partitionable Resources :    Usage  Request          
	   Cpus                 :                 1          
	   Disk (KB)            :     8450     8450          
	   Memory (MB)          :       17       17          
...
000 (472812.000.000) 06/26 16:38:27 Job submitted from host: <18.12.1.74:48322>
...
001 (472812.000.000) 06/26 16:38:49 Job executing on host: <18.12.6.23:42044>
...
006 (472812.000.000) 06/26 16:38:58 Image size of job updated: 189640
	56  -  MemoryUsage of job (MB)
	57280  -  ResidentSetSize of job (KB)
...
005 (472812.000.000) 06/26 16:42:57 Job terminated.
	(1) Normal termination (return value 0)
		Usr 0 00:02:55, Sys 0 00:00:04  -  Run Remote Usage
		Usr 0 00:00:00, Sys 0 00:00:00  -  Run Local Usage
		Usr 0 00:02:55, Sys 0 00:00:04  -  Total Remote Usage
		Usr 0 00:00:00, Sys 0 00:00:00  -  Total Local Usage
	16389561  -  Run Bytes Sent By Job
	46344  -  Run Bytes Received By Job
	16389561  -  Total Bytes Sent By Job
	46344  -  Total Bytes Received By Job
	Partitionable Resources :    Usage  Request          
	   Cpus                 :                 1          
	   Disk (KB)            :    16076    16076          
	   Memory (MB)          :       56       56          
...
000 (491753.000.000) 06/29 09:41:59 Job submitted from host: <18.12.1.74:48322>
...
001 (491753.000.000) 06/29 09:42:30 Job executing on host: <18.12.9.56:40657>
...
006 (491753.000.000) 06/29 09:42:39 Image size of job updated: 185112
	52  -  MemoryUsage of job (MB)
	53064  -  ResidentSetSize of job (KB)
...
006 (491753.000.000) 06/29 09:45:11 Image size of job updated: 244080
	52  -  MemoryUsage of job (MB)
	53064  -  ResidentSetSize of job (KB)
...
005 (491753.000.000) 06/29 09:45:11 Job terminated.
	(1) Normal termination (return value 0)
		Usr 0 00:01:42, Sys 0 00:00:02  -  Run Remote Usage
		Usr 0 00:00:00, Sys 0 00:00:00  -  Run Local Usage
		Usr 0 00:01:42, Sys 0 00:00:02  -  Total Remote Usage
		Usr 0 00:00:00, Sys 0 00:00:00  -  Total Local Usage
	508862  -  Run Bytes Sent By Job
	46550  -  Run Bytes Received By Job
	508862  -  Total Bytes Sent By Job
	46550  -  Total Bytes Received By Job
	Partitionable Resources :    Usage  Request          
	   Cpus                 :                 1          
	   Disk (KB)            :      568      568          
	   Memory (MB)          :       52       52          
...
000 (492867.000.000) 06/29 10:15:24 Job submitted from host: <18.12.1.74:48322>
...
001 (492867.000.000) 06/29 10:15:34 Job executing on host: <18.12.8.163:45475>
...
006 (492867.000.000) 06/29 10:15:42 Image size of job updated: 243124
	61  -  MemoryUsage of job (MB)
	61952  -  ResidentSetSize of job (KB)
...
006 (492867.000.000) 06/29 10:18:56 Image size of job updated: 244060
	61  -  MemoryUsage of job (MB)
	61952  -  ResidentSetSize of job (KB)
...
005 (492867.000.000) 06/29 10:18:56 Job terminated.
	(1) Normal termination (return value 0)
		Usr 0 00:01:36, Sys 0 00:00:02  -  Run Remote Usage
		Usr 0 00:00:00, Sys 0 00:00:00  -  Run Local Usage
		Usr 0 00:01:36, Sys 0 00:00:02  -  Total Remote Usage
		Usr 0 00:00:00, Sys 0 00:00:00  -  Total Local Usage
	508974  -  Run Bytes Sent By Job
	46566  -  Run Bytes Received By Job
	508974  -  Total Bytes Sent By Job
	46566  -  Total Bytes Received By Job
	Partitionable Resources :    Usage  Request          
	   Cpus                 :                 1          
	   Disk (KB)            :      568      568          
	   Memory (MB)          :       61       61          
...
000 (495224.000.000) 06/29 21:57:39 Job submitted from host: <18.12.1.74:48322>
...
001 (495224.000.000) 06/29 21:58:26 Job executing on host: <18.12.9.47:46351>
...
006 (495224.000.000) 06/29 21:58:35 Image size of job updated: 243676
	61  -  MemoryUsage of job (MB)
	61504  -  ResidentSetSize of job (KB)
...
006 (495224.000.000) 06/29 22:01:21 Image size of job updated: 245296
	61  -  MemoryUsage of job (MB)
	61504  -  ResidentSetSize of job (KB)
...
005 (495224.000.000) 06/29 22:01:21 Job terminated.
	(1) Normal termination (return value 0)
		Usr 0 00:01:52, Sys 0 00:00:04  -  Run Remote Usage
		Usr 0 00:00:00, Sys 0 00:00:00  -  Run Local Usage
		Usr 0 00:01:52, Sys 0 00:00:04  -  Total Remote Usage
		Usr 0 00:00:00, Sys 0 00:00:00  -  Total Local Usage
	509023  -  Run Bytes Sent By Job
	46564  -  Run Bytes Received By Job
	509023  -  Total Bytes Sent By Job
	46564  -  Total Bytes Received By Job
	Partitionable Resources :    Usage  Request          
	   Cpus                 :                 1          
	   Disk (KB)            :      568      568          
	   Memory (MB)          :       61       61          
...
000 (497358.000.000) 07/09 13:07:21 Job submitted from host: <18.12.1.74:48322>
...
001 (497358.000.000) 07/09 13:07:54 Job executing on host: <18.12.9.17:47592>
...
006 (497358.000.000) 07/09 13:08:02 Image size of job updated: 243684
	60  -  MemoryUsage of job (MB)
	61392  -  ResidentSetSize of job (KB)
...
006 (497358.000.000) 07/09 13:10:40 Image size of job updated: 245304
	60  -  MemoryUsage of job (MB)
	61392  -  ResidentSetSize of job (KB)
...
005 (497358.000.000) 07/09 13:10:40 Job terminated.
	(1) Normal termination (return value 0)
		Usr 0 00:01:54, Sys 0 00:00:02  -  Run Remote Usage
		Usr 0 00:00:00, Sys 0 00:00:00  -  Run Local Usage
		Usr 0 00:01:54, Sys 0 00:00:02  -  Total Remote Usage
		Usr 0 00:00:00, Sys 0 00:00:00  -  Total Local Usage
	509464  -  Run Bytes Sent By Job
	46648  -  Run Bytes Received By Job
	509464  -  Total Bytes Sent By Job
	46648  -  Total Bytes Received By Job
	Partitionable Resources :    Usage  Request          
	   Cpus                 :                 1          
	   Disk (KB)            :      569      569          
	   Memory (MB)          :       60       60          
...
000 (497548.000.000) 07/09 15:41:18 Job submitted from host: <18.12.1.74:48322>
...
001 (497548.000.000) 07/09 15:41:52 Job executing on host: <18.12.6.21:44015>
...
006 (497548.000.000) 07/09 15:42:01 Image size of job updated: 145940
	34  -  MemoryUsage of job (MB)
	34124  -  ResidentSetSize of job (KB)
...
006 (497548.000.000) 07/09 15:45:01 Image size of job updated: 245304
	34  -  MemoryUsage of job (MB)
	34124  -  ResidentSetSize of job (KB)
...
005 (497548.000.000) 07/09 15:45:01 Job terminated.
	(1) Normal termination (return value 0)
		Usr 0 00:02:18, Sys 0 00:00:02  -  Run Remote Usage
		Usr 0 00:00:00, Sys 0 00:00:00  -  Run Local Usage
		Usr 0 00:02:18, Sys 0 00:00:02  -  Total Remote Usage
		Usr 0 00:00:00, Sys 0 00:00:00  -  Total Local Usage
	509087  -  Run Bytes Sent By Job
	46609  -  Run Bytes Received By Job
	509087  -  Total Bytes Sent By Job
	46609  -  Total Bytes Received By Job
	Partitionable Resources :    Usage  Request          
	   Cpus                 :                 1          
	   Disk (KB)            :      568      568          
	   Memory (MB)          :       34       34          
...
000 (497855.000.000) 07/09 16:39:30 Job submitted from host: <18.12.1.74:48322>
...
001 (497855.000.000) 07/09 16:40:05 Job executing on host: <18.12.6.15:43358>
...
006 (497855.000.000) 07/09 16:40:14 Image size of job updated: 243688
	66  -  MemoryUsage of job (MB)
	66572  -  ResidentSetSize of job (KB)
...
006 (497855.000.000) 07/09 16:43:33 Image size of job updated: 244652
	66  -  MemoryUsage of job (MB)
	66572  -  ResidentSetSize of job (KB)
...
005 (497855.000.000) 07/09 16:43:33 Job terminated.
	(1) Normal termination (return value 0)
		Usr 0 00:02:34, Sys 0 00:00:02  -  Run Remote Usage
		Usr 0 00:00:00, Sys 0 00:00:00  -  Run Local Usage
		Usr 0 00:02:34, Sys 0 00:00:02  -  Total Remote Usage
		Usr 0 00:00:00, Sys 0 00:00:00  -  Total Local Usage
	509575  -  Run Bytes Sent By Job
	46604  -  Run Bytes Received By Job
	509575  -  Total Bytes Sent By Job
	46604  -  Total Bytes Received By Job
	Partitionable Resources :    Usage  Request          
	   Cpus                 :                 1          
	   Disk (KB)            :      569      569          
	   Memory (MB)          :       66       66          
...
000 (498188.000.000) 07/10 12:07:31 Job submitted from host: <18.12.1.74:48322>
...
001 (498188.000.000) 07/10 12:07:44 Job executing on host: <18.12.9.43:46132>
...
006 (498188.000.000) 07/10 12:07:53 Image size of job updated: 1
	3  -  MemoryUsage of job (MB)
	2364  -  ResidentSetSize of job (KB)
...
006 (498188.000.000) 07/10 12:12:54 Image size of job updated: 245128
	111  -  MemoryUsage of job (MB)
	113260  -  ResidentSetSize of job (KB)
...
005 (498188.000.000) 07/10 12:13:21 Job terminated.
	(1) Normal termination (return value 0)
		Usr 0 00:01:54, Sys 0 00:00:05  -  Run Remote Usage
		Usr 0 00:00:00, Sys 0 00:00:00  -  Run Local Usage
		Usr 0 00:01:54, Sys 0 00:00:05  -  Total Remote Usage
		Usr 0 00:00:00, Sys 0 00:00:00  -  Total Local Usage
	509550  -  Run Bytes Sent By Job
	46586  -  Run Bytes Received By Job
	509550  -  Total Bytes Sent By Job
	46586  -  Total Bytes Received By Job
	Partitionable Resources :    Usage  Request          
	   Cpus                 :                 1          
	   Disk (KB)            :      569      569          
	   Memory (MB)          :      111      111          
...
000 (498738.000.000) 07/10 16:45:36 Job submitted from host: <18.12.1.74:48322>
...
001 (498738.000.000) 07/10 16:55:16 Job executing on host: <18.12.8.198:46278>
...
006 (498738.000.000) 07/10 16:55:24 Image size of job updated: 1
	3  -  MemoryUsage of job (MB)
	2356  -  ResidentSetSize of job (KB)
...
006 (498738.000.000) 07/10 16:55:31 Image size of job updated: 405480
	3  -  MemoryUsage of job (MB)
	2356  -  ResidentSetSize of job (KB)
...
005 (498738.000.000) 07/10 17:28:35 Job terminated.
	(1) Normal termination (return value 0)
		Usr 0 00:00:06, Sys 0 00:00:00  -  Run Remote Usage
		Usr 0 00:00:00, Sys 0 00:00:00  -  Run Local Usage
		Usr 0 00:00:06, Sys 0 00:00:00  -  Total Remote Usage
		Usr 0 00:00:00, Sys 0 00:00:00  -  Total Local Usage
	519351  -  Run Bytes Sent By Job
	47454  -  Run Bytes Received By Job
	519351  -  Total Bytes Sent By Job
	47454  -  Total Bytes Received By Job
	Partitionable Resources :    Usage  Request          
	   Cpus                 :                 1          
	   Disk (KB)            :      579      579          
	   Memory (MB)          :        3        3          
...
