000 (426630.000.000) 06/22 20:54:15 Job submitted from host: <18.12.1.74:48322>
...
001 (426630.000.000) 06/22 20:54:36 Job executing on host: <18.12.9.14:42117>
...
006 (426630.000.000) 06/22 20:54:44 Image size of job updated: 1
	3  -  MemoryUsage of job (MB)
	2356  -  ResidentSetSize of job (KB)
...
006 (426630.000.000) 06/22 20:58:55 Image size of job updated: 366308
	3  -  MemoryUsage of job (MB)
	2356  -  ResidentSetSize of job (KB)
...
005 (426630.000.000) 06/22 20:58:55 Job terminated.
	(1) Normal termination (return value 0)
		Usr 0 00:02:31, Sys 0 00:00:04  -  Run Remote Usage
		Usr 0 00:00:00, Sys 0 00:00:00  -  Run Local Usage
		Usr 0 00:02:31, Sys 0 00:00:04  -  Total Remote Usage
		Usr 0 00:00:00, Sys 0 00:00:00  -  Total Local Usage
	495061  -  Run Bytes Sent By Job
	41910  -  Run Bytes Received By Job
	495061  -  Total Bytes Sent By Job
	41910  -  Total Bytes Received By Job
	Partitionable Resources :    Usage  Request          
	   Cpus                 :                 1          
	   Disk (KB)            :      550      550          
	   Memory (MB)          :        3        3          
...
000 (428043.000.000) 06/23 16:48:23 Job submitted from host: <18.12.1.74:48322>
...
001 (428043.000.000) 06/23 16:48:36 Job executing on host: <18.12.8.228:42847>
...
006 (428043.000.000) 06/23 16:48:45 Image size of job updated: 1
	3  -  MemoryUsage of job (MB)
	2360  -  ResidentSetSize of job (KB)
...
006 (428043.000.000) 06/23 16:52:03 Image size of job updated: 364800
	3  -  MemoryUsage of job (MB)
	2360  -  ResidentSetSize of job (KB)
...
005 (428043.000.000) 06/23 16:52:03 Job terminated.
	(1) Normal termination (return value 0)
		Usr 0 00:01:49, Sys 0 00:00:01  -  Run Remote Usage
		Usr 0 00:00:00, Sys 0 00:00:00  -  Run Local Usage
		Usr 0 00:01:49, Sys 0 00:00:01  -  Total Remote Usage
		Usr 0 00:00:00, Sys 0 00:00:00  -  Total Local Usage
	511608  -  Run Bytes Sent By Job
	47429  -  Run Bytes Received By Job
	511608  -  Total Bytes Sent By Job
	47429  -  Total Bytes Received By Job
	Partitionable Resources :    Usage  Request          
	   Cpus                 :                 1          
	   Disk (KB)            :      571      571          
	   Memory (MB)          :        3        3          
...
000 (429031.000.000) 06/24 21:27:38 Job submitted from host: <18.12.1.74:48322>
...
001 (429031.000.000) 06/24 21:28:07 Job executing on host: <18.12.8.186:43285>
...
006 (429031.000.000) 06/24 21:28:15 Image size of job updated: 1196
	1  -  MemoryUsage of job (MB)
	156  -  ResidentSetSize of job (KB)
...
006 (429031.000.000) 06/24 21:28:43 Image size of job updated: 366368
	1  -  MemoryUsage of job (MB)
	156  -  ResidentSetSize of job (KB)
...
005 (429031.000.000) 06/24 21:28:43 Job terminated.
	(1) Normal termination (return value 0)
		Usr 0 00:00:15, Sys 0 00:00:00  -  Run Remote Usage
		Usr 0 00:00:00, Sys 0 00:00:00  -  Run Local Usage
		Usr 0 00:00:15, Sys 0 00:00:00  -  Total Remote Usage
		Usr 0 00:00:00, Sys 0 00:00:00  -  Total Local Usage
	512307  -  Run Bytes Sent By Job
	47961  -  Run Bytes Received By Job
	512307  -  Total Bytes Sent By Job
	47961  -  Total Bytes Received By Job
	Partitionable Resources :    Usage  Request          
	   Cpus                 :                 1          
	   Disk (KB)            :      573      573          
	   Memory (MB)          :        1        1          
...
000 (429322.000.000) 06/24 21:33:14 Job submitted from host: <18.12.1.74:48322>
...
001 (429322.000.000) 06/24 21:33:44 Job executing on host: <18.12.9.58:42482>
...
006 (429322.000.000) 06/24 21:33:53 Image size of job updated: 362968
	72  -  MemoryUsage of job (MB)
	72728  -  ResidentSetSize of job (KB)
...
006 (429322.000.000) 06/24 21:38:54 Image size of job updated: 366384
	220  -  MemoryUsage of job (MB)
	224476  -  ResidentSetSize of job (KB)
...
005 (429322.000.000) 06/24 21:43:33 Job terminated.
	(1) Normal termination (return value 0)
		Usr 0 00:01:18, Sys 0 00:00:01  -  Run Remote Usage
		Usr 0 00:00:00, Sys 0 00:00:00  -  Run Local Usage
		Usr 0 00:01:18, Sys 0 00:00:01  -  Total Remote Usage
		Usr 0 00:00:00, Sys 0 00:00:00  -  Total Local Usage
	512601  -  Run Bytes Sent By Job
	47957  -  Run Bytes Received By Job
	512601  -  Total Bytes Sent By Job
	47957  -  Total Bytes Received By Job
	Partitionable Resources :    Usage  Request          
	   Cpus                 :                 1          
	   Disk (KB)            :      573      573          
	   Memory (MB)          :      220      220          
...
000 (429503.000.000) 06/24 21:47:53 Job submitted from host: <18.12.1.74:48322>
...
001 (429503.000.000) 06/24 21:48:04 Job executing on host: <18.12.9.41:42410>
...
006 (429503.000.000) 06/24 21:48:12 Image size of job updated: 9524
	2  -  MemoryUsage of job (MB)
	1316  -  ResidentSetSize of job (KB)
...
006 (429503.000.000) 06/24 21:53:12 Image size of job updated: 366396
	233  -  MemoryUsage of job (MB)
	238560  -  ResidentSetSize of job (KB)
...
005 (429503.000.000) 06/24 21:54:17 Job terminated.
	(1) Normal termination (return value 0)
		Usr 0 00:01:24, Sys 0 00:00:02  -  Run Remote Usage
		Usr 0 00:00:00, Sys 0 00:00:00  -  Run Local Usage
		Usr 0 00:01:24, Sys 0 00:00:02  -  Total Remote Usage
		Usr 0 00:00:00, Sys 0 00:00:00  -  Total Local Usage
	512947  -  Run Bytes Sent By Job
	47957  -  Run Bytes Received By Job
	512947  -  Total Bytes Sent By Job
	47957  -  Total Bytes Received By Job
	Partitionable Resources :    Usage  Request          
	   Cpus                 :                 1          
	   Disk (KB)            :      573      573          
	   Memory (MB)          :      233      233          
...
000 (451275.000.000) 06/25 11:40:06 Job submitted from host: <18.12.1.74:48322>
...
001 (451275.000.000) 06/25 11:40:43 Job executing on host: <18.12.8.250:41460>
...
006 (451275.000.000) 06/25 11:40:52 Image size of job updated: 1196
	1  -  MemoryUsage of job (MB)
	156  -  ResidentSetSize of job (KB)
...
006 (451275.000.000) 06/25 11:43:11 Image size of job updated: 309808
	1  -  MemoryUsage of job (MB)
	156  -  ResidentSetSize of job (KB)
...
005 (451275.000.000) 06/25 11:43:12 Job terminated.
	(1) Normal termination (return value 0)
		Usr 0 00:01:45, Sys 0 00:00:02  -  Run Remote Usage
		Usr 0 00:00:00, Sys 0 00:00:00  -  Run Local Usage
		Usr 0 00:01:45, Sys 0 00:00:02  -  Total Remote Usage
		Usr 0 00:00:00, Sys 0 00:00:00  -  Total Local Usage
	10650412  -  Run Bytes Sent By Job
	46060  -  Run Bytes Received By Job
	10650412  -  Total Bytes Sent By Job
	46060  -  Total Bytes Received By Job
	Partitionable Resources :    Usage  Request          
	   Cpus                 :                 1          
	   Disk (KB)            :    10471    10471          
	   Memory (MB)          :        1        1          
...
000 (452040.000.000) 06/26 10:10:23 Job submitted from host: <18.12.1.74:48322>
...
001 (452040.000.000) 06/26 10:10:47 Job executing on host: <18.12.9.32:49125>
...
006 (452040.000.000) 06/26 10:10:56 Image size of job updated: 68120
	12  -  MemoryUsage of job (MB)
	12236  -  ResidentSetSize of job (KB)
...
006 (452040.000.000) 06/26 10:15:58 Image size of job updated: 311468
	170  -  MemoryUsage of job (MB)
	173708  -  ResidentSetSize of job (KB)
...
005 (452040.000.000) 06/26 10:17:25 Job terminated.
	(1) Normal termination (return value 0)
		Usr 0 00:01:21, Sys 0 00:00:03  -  Run Remote Usage
		Usr 0 00:00:00, Sys 0 00:00:00  -  Run Local Usage
		Usr 0 00:01:21, Sys 0 00:00:03  -  Total Remote Usage
		Usr 0 00:00:00, Sys 0 00:00:00  -  Total Local Usage
	7051140  -  Run Bytes Sent By Job
	46038  -  Run Bytes Received By Job
	7051140  -  Total Bytes Sent By Job
	46038  -  Total Bytes Received By Job
	Partitionable Resources :    Usage  Request          
	   Cpus                 :                 1          
	   Disk (KB)            :     6956     6956          
	   Memory (MB)          :      170      170          
...
000 (472741.000.000) 06/26 16:38:20 Job submitted from host: <18.12.1.74:48322>
...
001 (472741.000.000) 06/26 16:38:43 Job executing on host: <18.12.9.55:40657>
...
006 (472741.000.000) 06/26 16:38:52 Image size of job updated: 149780
	39  -  MemoryUsage of job (MB)
	39100  -  ResidentSetSize of job (KB)
...
006 (472741.000.000) 06/26 16:41:29 Image size of job updated: 311484
	39  -  MemoryUsage of job (MB)
	39100  -  ResidentSetSize of job (KB)
...
005 (472741.000.000) 06/26 16:41:29 Job terminated.
	(1) Normal termination (return value 0)
		Usr 0 00:01:46, Sys 0 00:00:03  -  Run Remote Usage
		Usr 0 00:00:00, Sys 0 00:00:00  -  Run Local Usage
		Usr 0 00:01:46, Sys 0 00:00:03  -  Total Remote Usage
		Usr 0 00:00:00, Sys 0 00:00:00  -  Total Local Usage
	10650981  -  Run Bytes Sent By Job
	46344  -  Run Bytes Received By Job
	10650981  -  Total Bytes Sent By Job
	46344  -  Total Bytes Received By Job
	Partitionable Resources :    Usage  Request          
	   Cpus                 :                 1          
	   Disk (KB)            :    10472    10472          
	   Memory (MB)          :       39       39          
...
000 (491611.000.000) 06/29 09:41:38 Job submitted from host: <18.12.1.74:48322>
...
001 (491611.000.000) 06/29 09:41:51 Job executing on host: <18.12.8.235:46351>
...
006 (491611.000.000) 06/29 09:42:00 Image size of job updated: 1
	3  -  MemoryUsage of job (MB)
	2352  -  ResidentSetSize of job (KB)
...
006 (491611.000.000) 06/29 09:44:37 Image size of job updated: 365772
	3  -  MemoryUsage of job (MB)
	2352  -  ResidentSetSize of job (KB)
...
005 (491611.000.000) 06/29 09:44:37 Job terminated.
	(1) Normal termination (return value 0)
		Usr 0 00:01:37, Sys 0 00:00:02  -  Run Remote Usage
		Usr 0 00:00:00, Sys 0 00:00:00  -  Run Local Usage
		Usr 0 00:01:37, Sys 0 00:00:02  -  Total Remote Usage
		Usr 0 00:00:00, Sys 0 00:00:00  -  Total Local Usage
	508890  -  Run Bytes Sent By Job
	46550  -  Run Bytes Received By Job
	508890  -  Total Bytes Sent By Job
	46550  -  Total Bytes Received By Job
	Partitionable Resources :    Usage  Request          
	   Cpus                 :                 1          
	   Disk (KB)            :      568      568          
	   Memory (MB)          :        3        3          
...
000 (492725.000.000) 06/29 10:15:01 Job submitted from host: <18.12.1.74:48322>
...
001 (492725.000.000) 06/29 10:15:14 Job executing on host: <18.12.8.235:46351>
...
006 (492725.000.000) 06/29 10:15:22 Image size of job updated: 1
	3  -  MemoryUsage of job (MB)
	2356  -  ResidentSetSize of job (KB)
...
006 (492725.000.000) 06/29 10:17:42 Image size of job updated: 365772
	3  -  MemoryUsage of job (MB)
	2356  -  ResidentSetSize of job (KB)
...
005 (492725.000.000) 06/29 10:17:42 Job terminated.
	(1) Normal termination (return value 0)
		Usr 0 00:01:34, Sys 0 00:00:02  -  Run Remote Usage
		Usr 0 00:00:00, Sys 0 00:00:00  -  Run Local Usage
		Usr 0 00:01:34, Sys 0 00:00:02  -  Total Remote Usage
		Usr 0 00:00:00, Sys 0 00:00:00  -  Total Local Usage
	508976  -  Run Bytes Sent By Job
	46566  -  Run Bytes Received By Job
	508976  -  Total Bytes Sent By Job
	46566  -  Total Bytes Received By Job
	Partitionable Resources :    Usage  Request          
	   Cpus                 :                 1          
	   Disk (KB)            :      568      568          
	   Memory (MB)          :        3        3          
...
000 (495082.000.000) 06/29 21:57:16 Job submitted from host: <18.12.1.74:48322>
...
001 (495082.000.000) 06/29 21:57:27 Job executing on host: <18.12.6.17:46862>
...
006 (495082.000.000) 06/29 21:57:36 Image size of job updated: 147736
	34  -  MemoryUsage of job (MB)
	34220  -  ResidentSetSize of job (KB)
...
006 (495082.000.000) 06/29 22:00:09 Image size of job updated: 366332
	34  -  MemoryUsage of job (MB)
	34220  -  ResidentSetSize of job (KB)
...
005 (495082.000.000) 06/29 22:00:09 Job terminated.
	(1) Normal termination (return value 0)
		Usr 0 00:01:45, Sys 0 00:00:01  -  Run Remote Usage
		Usr 0 00:00:00, Sys 0 00:00:00  -  Run Local Usage
		Usr 0 00:01:45, Sys 0 00:00:01  -  Total Remote Usage
		Usr 0 00:00:00, Sys 0 00:00:00  -  Total Local Usage
	508980  -  Run Bytes Sent By Job
	46564  -  Run Bytes Received By Job
	508980  -  Total Bytes Sent By Job
	46564  -  Total Bytes Received By Job
	Partitionable Resources :    Usage  Request          
	   Cpus                 :                 1          
	   Disk (KB)            :      568      568          
	   Memory (MB)          :       34       34          
...
000 (497216.000.000) 07/09 13:07:01 Job submitted from host: <18.12.1.74:48322>
...
001 (497216.000.000) 07/09 13:07:11 Job executing on host: <18.12.6.86:44818>
...
006 (497216.000.000) 07/09 13:07:20 Image size of job updated: 362964
	84  -  MemoryUsage of job (MB)
	85612  -  ResidentSetSize of job (KB)
...
006 (497216.000.000) 07/09 13:09:46 Image size of job updated: 366340
	84  -  MemoryUsage of job (MB)
	85612  -  ResidentSetSize of job (KB)
...
005 (497216.000.000) 07/09 13:09:46 Job terminated.
	(1) Normal termination (return value 0)
		Usr 0 00:01:42, Sys 0 00:00:01  -  Run Remote Usage
		Usr 0 00:00:00, Sys 0 00:00:00  -  Run Local Usage
		Usr 0 00:01:42, Sys 0 00:00:01  -  Total Remote Usage
		Usr 0 00:00:00, Sys 0 00:00:00  -  Total Local Usage
	509175  -  Run Bytes Sent By Job
	46648  -  Run Bytes Received By Job
	509175  -  Total Bytes Sent By Job
	46648  -  Total Bytes Received By Job
	Partitionable Resources :    Usage  Request          
	   Cpus                 :                 1          
	   Disk (KB)            :      568      568          
	   Memory (MB)          :       84       84          
...
000 (497406.000.000) 07/09 15:41:04 Job submitted from host: <18.12.1.74:48322>
...
001 (497406.000.000) 07/09 15:41:45 Job executing on host: <18.12.9.18:41460>
...
006 (497406.000.000) 07/09 15:41:54 Image size of job updated: 150508
	36  -  MemoryUsage of job (MB)
	36388  -  ResidentSetSize of job (KB)
...
006 (497406.000.000) 07/09 15:44:41 Image size of job updated: 366336
	36  -  MemoryUsage of job (MB)
	36388  -  ResidentSetSize of job (KB)
...
005 (497406.000.000) 07/09 15:44:41 Job terminated.
	(1) Normal termination (return value 0)
		Usr 0 00:01:39, Sys 0 00:00:03  -  Run Remote Usage
		Usr 0 00:00:00, Sys 0 00:00:00  -  Run Local Usage
		Usr 0 00:01:39, Sys 0 00:00:03  -  Total Remote Usage
		Usr 0 00:00:00, Sys 0 00:00:00  -  Total Local Usage
	509031  -  Run Bytes Sent By Job
	46609  -  Run Bytes Received By Job
	509031  -  Total Bytes Sent By Job
	46609  -  Total Bytes Received By Job
	Partitionable Resources :    Usage  Request          
	   Cpus                 :                 1          
	   Disk (KB)            :      568      568          
	   Memory (MB)          :       36       36          
...
000 (497704.000.000) 07/09 16:39:06 Job submitted from host: <18.12.1.74:48322>
...
001 (497704.000.000) 07/09 16:39:20 Job executing on host: <18.12.8.200:41825>
...
006 (497704.000.000) 07/09 16:39:29 Image size of job updated: 1
	2  -  MemoryUsage of job (MB)
	1740  -  ResidentSetSize of job (KB)
...
006 (497704.000.000) 07/09 16:41:59 Image size of job updated: 366392
	2  -  MemoryUsage of job (MB)
	1740  -  ResidentSetSize of job (KB)
...
005 (497704.000.000) 07/09 16:41:59 Job terminated.
	(1) Normal termination (return value 0)
		Usr 0 00:01:42, Sys 0 00:00:02  -  Run Remote Usage
		Usr 0 00:00:00, Sys 0 00:00:00  -  Run Local Usage
		Usr 0 00:01:42, Sys 0 00:00:02  -  Total Remote Usage
		Usr 0 00:00:00, Sys 0 00:00:00  -  Total Local Usage
	509174  -  Run Bytes Sent By Job
	46604  -  Run Bytes Received By Job
	509174  -  Total Bytes Sent By Job
	46604  -  Total Bytes Received By Job
	Partitionable Resources :    Usage  Request          
	   Cpus                 :                 1          
	   Disk (KB)            :      568      568          
	   Memory (MB)          :        2        2          
...
000 (498046.000.000) 07/10 12:07:16 Job submitted from host: <18.12.1.74:48322>
...
001 (498046.000.000) 07/10 12:07:38 Job executing on host: <18.12.9.42:44088>
...
006 (498046.000.000) 07/10 12:07:46 Image size of job updated: 362960
	76  -  MemoryUsage of job (MB)
	77008  -  ResidentSetSize of job (KB)
...
006 (498046.000.000) 07/10 12:11:40 Image size of job updated: 366336
	76  -  MemoryUsage of job (MB)
	77008  -  ResidentSetSize of job (KB)
...
005 (498046.000.000) 07/10 12:11:40 Job terminated.
	(1) Normal termination (return value 0)
		Usr 0 00:01:26, Sys 0 00:00:03  -  Run Remote Usage
		Usr 0 00:00:00, Sys 0 00:00:00  -  Run Local Usage
		Usr 0 00:01:26, Sys 0 00:00:03  -  Total Remote Usage
		Usr 0 00:00:00, Sys 0 00:00:00  -  Total Local Usage
	509496  -  Run Bytes Sent By Job
	46586  -  Run Bytes Received By Job
	509496  -  Total Bytes Sent By Job
	46586  -  Total Bytes Received By Job
	Partitionable Resources :    Usage  Request          
	   Cpus                 :                 1          
	   Disk (KB)            :      568      568          
	   Memory (MB)          :       76       76          
...
000 (498482.000.000) 07/10 16:45:10 Job submitted from host: <18.12.1.74:48322>
...
001 (498482.000.000) 07/10 16:45:40 Job executing on host: <18.12.8.133:43285>
...
006 (498482.000.000) 07/10 16:45:48 Image size of job updated: 143792
	24  -  MemoryUsage of job (MB)
	23916  -  ResidentSetSize of job (KB)
...
006 (498482.000.000) 07/10 16:46:01 Image size of job updated: 194292
	24  -  MemoryUsage of job (MB)
	23916  -  ResidentSetSize of job (KB)
...
005 (498482.000.000) 07/10 17:26:57 Job terminated.
	(1) Normal termination (return value 0)
		Usr 0 00:00:00, Sys 0 00:00:00  -  Run Remote Usage
		Usr 0 00:00:00, Sys 0 00:00:00  -  Run Local Usage
		Usr 0 00:00:00, Sys 0 00:00:00  -  Total Remote Usage
		Usr 0 00:00:00, Sys 0 00:00:00  -  Total Local Usage
	519194  -  Run Bytes Sent By Job
	47454  -  Run Bytes Received By Job
	519194  -  Total Bytes Sent By Job
	47454  -  Total Bytes Received By Job
	Partitionable Resources :    Usage  Request          
	   Cpus                 :                 1          
	   Disk (KB)            :      579      579          
	   Memory (MB)          :       24       24          
...
