
----------------------------------------------------
Job started on Mon Jun 29 22:00:29 EDT 2015 at WN: t2bat0111.cmsaf.mit.edu 
Job is running on Linux t2bat0111.cmsaf.mit.edu 2.6.32-358.el6.x86_64 #1 SMP Fri Feb 22 20:37:17 CST 2013 x86_64 x86_64 x86_64 GNU/Linux
Filesystem            Size  Used Avail Use% Mounted on
/dev/sda3              20G  2.6G   17G  14% /
tmpfs                 7.8G     0  7.8G   0% /dev/shm
/dev/sda1              97M   33M   60M  36% /boot
/dev/sda4             415G   71G  345G  17% /export/data1
fuse_dfs              4.9P  4.4P  527T  90% /mnt/hadoop
/dev/sdb1             1.8T  1.6T  214G  89% /export/00b
/dev/sdc1             1.8T  1.6T  207G  89% /export/00c
/dev/sdd1             1.8T  1.6T  196G  90% /export/00d
/dev/sde1             1.8T  1.6T  208G  89% /export/00e
/dev/sdf1             1.8T  1.6T  210G  89% /export/00f
t2srv0004:/export/db  135G  187M  135G   1% /net/t2srv0004/db
cvmfs2                 98G   69G   30G  70% /cvmfs/cms.cern.ch
cvmfs2                 98G   69G   30G  70% /cvmfs/cvmfs.cmsaf.mit.edu
cvmfs2                 98G   69G   30G  70% /cvmfs/oasis.opensciencegrid.org
gcc (GCC) 4.4.7 20120313 (Red Hat 4.4.7-3)
Copyright (C) 2010 Free Software Foundation, Inc.
This is free software; see the source for copying conditions.  There is NO
warranty; not even for MERCHANTABILITY or FITNESS FOR A PARTICULAR PURPOSE.

Processing...
0/223312
10000/223312
20000/223312
30000/223312
40000/223312
50000/223312
60000/223312
70000/223312
80000/223312
90000/223312
100000/223312
110000/223312
120000/223312
130000/223312
140000/223312
150000/223312
160000/223312
170000/223312
180000/223312
190000/223312
200000/223312
210000/223312
220000/223312
Macro finished: 
CPU time (min)  = 1.6905
Real time (min) = 2.25648
Done!
Copied output files to hadoop rootfiles/JetRAA/June22
