
----------------------------------------------------
Job started on Mon Jun 22 20:52:14 EDT 2015 at WN: hibat0029.cmsaf.mit.edu 
Job is running on Linux hibat0029.cmsaf.mit.edu 2.6.32-358.el6.x86_64 #1 SMP Fri Feb 22 20:37:17 CST 2013 x86_64 x86_64 x86_64 GNU/Linux
Filesystem            Size  Used Avail Use% Mounted on
/dev/sda3              20G  3.3G   16G  18% /
tmpfs                  24G     0   24G   0% /dev/shm
/dev/sda1              97M   32M   61M  35% /boot
/dev/sda4             874G   99G  776G  12% /export/data1
/dev/sdb1             1.8T  1.6T  200G  90% /export/00b
/dev/sdc1             1.8T  1.6T  203G  89% /export/00c
/dev/sdd1             1.8T  1.6T  211G  89% /export/00d
/dev/sde1             1.8T  1.6T  210G  89% /export/00e
/dev/sdf1             1.8T  1.6T  216G  89% /export/00f
fuse_dfs              4.9P  4.4P  522T  90% /mnt/hadoop
t2srv0004:/export/db  135G  187M  135G   1% /net/t2srv0004/db
cvmfs2                 98G   97G  892M 100% /cvmfs/cms.cern.ch
cvmfs2                 98G   97G  892M 100% /cvmfs/mu2e.opensciencegrid.org
gcc (GCC) 4.4.7 20120313 (Red Hat 4.4.7-3)
Copyright (C) 2010 Free Software Foundation, Inc.
This is free software; see the source for copying conditions.  There is NO
warranty; not even for MERCHANTABILITY or FITNESS FOR A PARTICULAR PURPOSE.

Processing...
0/348904
10000/348904
20000/348904
30000/348904
40000/348904
50000/348904
60000/348904
70000/348904
80000/348904
90000/348904
100000/348904
110000/348904
120000/348904
130000/348904
140000/348904
150000/348904
160000/348904
170000/348904
180000/348904
190000/348904
200000/348904
210000/348904
220000/348904
230000/348904
240000/348904
250000/348904
260000/348904
270000/348904
280000/348904
290000/348904
300000/348904
310000/348904
320000/348904
330000/348904
340000/348904
Macro finished: 
CPU time (min)  = 3.84883
Real time (min) = 11.2401
Done!
Copied output files to hadoop rootfiles/JetRAA/June22
