
----------------------------------------------------
Job started on Mon Jun 22 20:55:33 EDT 2015 at WN: t2bat0171.cmsaf.mit.edu 
Job is running on Linux t2bat0171.cmsaf.mit.edu 2.6.32-358.el6.x86_64 #1 SMP Fri Feb 22 20:37:17 CST 2013 x86_64 x86_64 x86_64 GNU/Linux
Filesystem            Size  Used Avail Use% Mounted on
/dev/sda3              20G  3.0G   16G  16% /
tmpfs                  12G     0   12G   0% /dev/shm
/dev/sda1              97M   32M   61M  35% /boot
/dev/sda4             874G   83G  791G  10% /export/data1
/dev/sdb1             1.8T  1.6T  204G  89% /export/00b
/dev/sdc1             1.8T  1.6T  203G  89% /export/00c
/dev/sdd1             1.8T  1.6T  210G  89% /export/00d
/dev/sde1             1.8T  1.6T  208G  89% /export/00e
/dev/sdf1             1.8T  1.7T  189G  90% /export/00f
fuse_dfs              4.9P  4.4P  522T  90% /mnt/hadoop
t2srv0004:/export/db  135G  187M  135G   1% /net/t2srv0004/db
cvmfs2                 98G   81G   17G  83% /cvmfs/cms.cern.ch
cvmfs2                 98G   81G   17G  83% /cvmfs/oasis.opensciencegrid.org
cvmfs2                 98G   81G   17G  83% /cvmfs/mu2e.opensciencegrid.org
gcc (GCC) 4.4.7 20120313 (Red Hat 4.4.7-3)
Copyright (C) 2010 Free Software Foundation, Inc.
This is free software; see the source for copying conditions.  There is NO
warranty; not even for MERCHANTABILITY or FITNESS FOR A PARTICULAR PURPOSE.

Processing...
0/333243
10000/333243
20000/333243
30000/333243
40000/333243
50000/333243
60000/333243
70000/333243
80000/333243
90000/333243
100000/333243
110000/333243
120000/333243
130000/333243
140000/333243
150000/333243
160000/333243
170000/333243
180000/333243
190000/333243
200000/333243
210000/333243
220000/333243
230000/333243
240000/333243
250000/333243
260000/333243
270000/333243
280000/333243
290000/333243
300000/333243
310000/333243
320000/333243
330000/333243
Macro finished: 
CPU time (min)  = 2.91983
Real time (min) = 7.33992
Done!
Copied output files to hadoop rootfiles/JetRAA/June22
