000 (426512.000.000) 06/22 20:50:13 Job submitted from host: <18.12.1.74:48322>
...
001 (426512.000.000) 06/22 20:50:53 Job executing on host: <18.12.9.46:40292>
...
006 (426512.000.000) 06/22 20:51:02 Image size of job updated: 246152
	61  -  MemoryUsage of job (MB)
	62332  -  ResidentSetSize of job (KB)
...
004 (426512.000.000) 06/22 20:51:02 Job was evicted.
	(0) Job was not checkpointed.
		Usr 0 00:00:03, Sys 0 00:00:00  -  Run Remote Usage
		Usr 0 00:00:00, Sys 0 00:00:00  -  Run Local Usage
	0  -  Run Bytes Sent By Job
	41910  -  Run Bytes Received By Job
	Partitionable Resources :    Usage  Request          
	   Cpus                 :                 1          
	   Disk (KB)            :      550      550          
	   Memory (MB)          :       61       61          
...
009 (426512.000.000) 06/22 20:51:10 Job was aborted by the user.
	via condor_rm (by user rkunnawa)
...
000 (426611.000.000) 06/22 20:51:46 Job submitted from host: <18.12.1.74:48322>
...
001 (426611.000.000) 06/22 20:52:15 Job executing on host: <18.12.6.26:48979>
...
006 (426611.000.000) 06/22 20:52:24 Image size of job updated: 1
	3  -  MemoryUsage of job (MB)
	2352  -  ResidentSetSize of job (KB)
...
006 (426611.000.000) 06/22 20:56:38 Image size of job updated: 247552
	3  -  MemoryUsage of job (MB)
	2352  -  ResidentSetSize of job (KB)
...
005 (426611.000.000) 06/22 20:56:38 Job terminated.
	(1) Normal termination (return value 0)
		Usr 0 00:03:07, Sys 0 00:00:02  -  Run Remote Usage
		Usr 0 00:00:00, Sys 0 00:00:00  -  Run Local Usage
		Usr 0 00:03:07, Sys 0 00:00:02  -  Total Remote Usage
		Usr 0 00:00:00, Sys 0 00:00:00  -  Total Local Usage
	495271  -  Run Bytes Sent By Job
	41910  -  Run Bytes Received By Job
	495271  -  Total Bytes Sent By Job
	41910  -  Total Bytes Received By Job
	Partitionable Resources :    Usage  Request          
	   Cpus                 :                 1          
	   Disk (KB)            :      550      550          
	   Memory (MB)          :        3        3          
...
000 (491949.000.000) 06/29 09:48:25 Job submitted from host: <18.12.1.74:48322>
...
001 (491949.000.000) 06/29 09:49:00 Job executing on host: <18.12.8.214:44088>
...
006 (491949.000.000) 06/29 09:49:08 Image size of job updated: 146220
	31  -  MemoryUsage of job (MB)
	30944  -  ResidentSetSize of job (KB)
...
006 (491949.000.000) 06/29 09:51:12 Image size of job updated: 247184
	31  -  MemoryUsage of job (MB)
	30944  -  ResidentSetSize of job (KB)
...
005 (491949.000.000) 06/29 09:51:12 Job terminated.
	(1) Normal termination (return value 0)
		Usr 0 00:01:28, Sys 0 00:00:01  -  Run Remote Usage
		Usr 0 00:00:00, Sys 0 00:00:00  -  Run Local Usage
		Usr 0 00:01:28, Sys 0 00:00:01  -  Total Remote Usage
		Usr 0 00:00:00, Sys 0 00:00:00  -  Total Local Usage
	508765  -  Run Bytes Sent By Job
	46550  -  Run Bytes Received By Job
	508765  -  Total Bytes Sent By Job
	46550  -  Total Bytes Received By Job
	Partitionable Resources :    Usage  Request          
	   Cpus                 :                 1          
	   Disk (KB)            :      568      568          
	   Memory (MB)          :       31       31          
...
000 (492688.000.000) 06/29 10:14:33 Job submitted from host: <18.12.1.74:48322>
...
001 (492688.000.000) 06/29 10:14:50 Job executing on host: <18.12.8.81:40146>
...
006 (492688.000.000) 06/29 10:14:59 Image size of job updated: 246004
	60  -  MemoryUsage of job (MB)
	60820  -  ResidentSetSize of job (KB)
...
006 (492688.000.000) 06/29 10:17:07 Image size of job updated: 247196
	60  -  MemoryUsage of job (MB)
	60820  -  ResidentSetSize of job (KB)
...
005 (492688.000.000) 06/29 10:17:07 Job terminated.
	(1) Normal termination (return value 0)
		Usr 0 00:01:33, Sys 0 00:00:03  -  Run Remote Usage
		Usr 0 00:00:00, Sys 0 00:00:00  -  Run Local Usage
		Usr 0 00:01:33, Sys 0 00:00:03  -  Total Remote Usage
		Usr 0 00:00:00, Sys 0 00:00:00  -  Total Local Usage
	509263  -  Run Bytes Sent By Job
	46566  -  Run Bytes Received By Job
	509263  -  Total Bytes Sent By Job
	46566  -  Total Bytes Received By Job
	Partitionable Resources :    Usage  Request          
	   Cpus                 :                 1          
	   Disk (KB)            :      568      568          
	   Memory (MB)          :       60       60          
...
000 (495407.000.000) 06/29 21:59:49 Job submitted from host: <18.12.1.74:48322>
...
001 (495407.000.000) 06/29 21:59:54 Job executing on host: <18.12.9.45:42482>
...
006 (495407.000.000) 06/29 22:00:02 Image size of job updated: 1
	3  -  MemoryUsage of job (MB)
	2356  -  ResidentSetSize of job (KB)
...
006 (495407.000.000) 06/29 22:01:56 Image size of job updated: 247716
	3  -  MemoryUsage of job (MB)
	2356  -  ResidentSetSize of job (KB)
...
005 (495407.000.000) 06/29 22:01:56 Job terminated.
	(1) Normal termination (return value 0)
		Usr 0 00:01:27, Sys 0 00:00:02  -  Run Remote Usage
		Usr 0 00:00:00, Sys 0 00:00:00  -  Run Local Usage
		Usr 0 00:01:27, Sys 0 00:00:02  -  Total Remote Usage
		Usr 0 00:00:00, Sys 0 00:00:00  -  Total Local Usage
	509671  -  Run Bytes Sent By Job
	46564  -  Run Bytes Received By Job
	509671  -  Total Bytes Sent By Job
	46564  -  Total Bytes Received By Job
	Partitionable Resources :    Usage  Request          
	   Cpus                 :                 1          
	   Disk (KB)            :      569      569          
	   Memory (MB)          :        3        3          
...
