000 (426659.000.000) 06/22 20:54:18 Job submitted from host: <18.12.1.74:48322>
...
001 (426659.000.000) 06/22 20:54:44 Job executing on host: <18.12.8.214:44088>
...
006 (426659.000.000) 06/22 20:54:53 Image size of job updated: 243636
	46  -  MemoryUsage of job (MB)
	47036  -  ResidentSetSize of job (KB)
...
006 (426659.000.000) 06/22 20:59:54 Image size of job updated: 246296
	117  -  MemoryUsage of job (MB)
	119172  -  ResidentSetSize of job (KB)
...
005 (426659.000.000) 06/22 21:00:56 Job terminated.
	(1) Normal termination (return value 0)
		Usr 0 00:04:08, Sys 0 00:00:06  -  Run Remote Usage
		Usr 0 00:00:00, Sys 0 00:00:00  -  Run Local Usage
		Usr 0 00:04:08, Sys 0 00:00:06  -  Total Remote Usage
		Usr 0 00:00:00, Sys 0 00:00:00  -  Total Local Usage
	495362  -  Run Bytes Sent By Job
	41910  -  Run Bytes Received By Job
	495362  -  Total Bytes Sent By Job
	41910  -  Total Bytes Received By Job
	Partitionable Resources :    Usage  Request          
	   Cpus                 :                 1          
	   Disk (KB)            :      550      550          
	   Memory (MB)          :      117      117          
...
000 (428072.000.000) 06/23 16:48:26 Job submitted from host: <18.12.1.74:48322>
...
001 (428072.000.000) 06/23 16:48:37 Job executing on host: <18.12.9.65:40146>
...
006 (428072.000.000) 06/23 16:48:46 Image size of job updated: 1
	3  -  MemoryUsage of job (MB)
	2356  -  ResidentSetSize of job (KB)
...
006 (428072.000.000) 06/23 16:53:34 Image size of job updated: 245528
	3  -  MemoryUsage of job (MB)
	2356  -  ResidentSetSize of job (KB)
...
005 (428072.000.000) 06/23 16:53:34 Job terminated.
	(1) Normal termination (return value 0)
		Usr 0 00:02:42, Sys 0 00:00:02  -  Run Remote Usage
		Usr 0 00:00:00, Sys 0 00:00:00  -  Run Local Usage
		Usr 0 00:02:42, Sys 0 00:00:02  -  Total Remote Usage
		Usr 0 00:00:00, Sys 0 00:00:00  -  Total Local Usage
	512108  -  Run Bytes Sent By Job
	47429  -  Run Bytes Received By Job
	512108  -  Total Bytes Sent By Job
	47429  -  Total Bytes Received By Job
	Partitionable Resources :    Usage  Request          
	   Cpus                 :                 1          
	   Disk (KB)            :      572      572          
	   Memory (MB)          :        3        3          
...
000 (429380.000.000) 06/24 21:33:20 Job submitted from host: <18.12.1.74:48322>
...
001 (429380.000.000) 06/24 21:33:48 Job executing on host: <18.12.9.36:44307>
...
006 (429380.000.000) 06/24 21:33:57 Image size of job updated: 184308
	52  -  MemoryUsage of job (MB)
	52368  -  ResidentSetSize of job (KB)
...
006 (429380.000.000) 06/24 21:38:58 Image size of job updated: 244744
	127  -  MemoryUsage of job (MB)
	129384  -  ResidentSetSize of job (KB)
...
006 (429380.000.000) 06/24 21:40:50 Image size of job updated: 245324
	127  -  MemoryUsage of job (MB)
	129384  -  ResidentSetSize of job (KB)
...
005 (429380.000.000) 06/24 21:40:50 Job terminated.
	(1) Normal termination (return value 0)
		Usr 0 00:01:58, Sys 0 00:00:02  -  Run Remote Usage
		Usr 0 00:00:00, Sys 0 00:00:00  -  Run Local Usage
		Usr 0 00:01:58, Sys 0 00:00:02  -  Total Remote Usage
		Usr 0 00:00:00, Sys 0 00:00:00  -  Total Local Usage
	512822  -  Run Bytes Sent By Job
	47957  -  Run Bytes Received By Job
	512822  -  Total Bytes Sent By Job
	47957  -  Total Bytes Received By Job
	Partitionable Resources :    Usage  Request          
	   Cpus                 :                 1          
	   Disk (KB)            :      573      573          
	   Memory (MB)          :      127      127          
...
000 (429561.000.000) 06/24 21:47:59 Job submitted from host: <18.12.1.74:48322>
...
001 (429561.000.000) 06/24 21:48:09 Job executing on host: <18.12.9.70:40511>
...
006 (429561.000.000) 06/24 21:48:17 Image size of job updated: 243720
	49  -  MemoryUsage of job (MB)
	49680  -  ResidentSetSize of job (KB)
...
006 (429561.000.000) 06/24 21:50:52 Image size of job updated: 246356
	49  -  MemoryUsage of job (MB)
	49680  -  ResidentSetSize of job (KB)
...
005 (429561.000.000) 06/24 21:50:53 Job terminated.
	(1) Normal termination (return value 0)
		Usr 0 00:01:49, Sys 0 00:00:02  -  Run Remote Usage
		Usr 0 00:00:00, Sys 0 00:00:00  -  Run Local Usage
		Usr 0 00:01:49, Sys 0 00:00:02  -  Total Remote Usage
		Usr 0 00:00:00, Sys 0 00:00:00  -  Total Local Usage
	512325  -  Run Bytes Sent By Job
	47957  -  Run Bytes Received By Job
	512325  -  Total Bytes Sent By Job
	47957  -  Total Bytes Received By Job
	Partitionable Resources :    Usage  Request          
	   Cpus                 :                 1          
	   Disk (KB)            :      573      573          
	   Memory (MB)          :       49       49          
...
000 (451304.000.000) 06/25 11:40:09 Job submitted from host: <18.12.1.74:48322>
...
001 (451304.000.000) 06/25 11:40:50 Job executing on host: <18.12.9.40:43796>
...
006 (451304.000.000) 06/25 11:40:58 Image size of job updated: 143768
	21  -  MemoryUsage of job (MB)
	21308  -  ResidentSetSize of job (KB)
...
006 (451304.000.000) 06/25 11:45:58 Image size of job updated: 189740
	77  -  MemoryUsage of job (MB)
	77880  -  ResidentSetSize of job (KB)
...
006 (451304.000.000) 06/25 11:50:59 Image size of job updated: 189740
	77  -  MemoryUsage of job (MB)
	78168  -  ResidentSetSize of job (KB)
...
005 (451304.000.000) 06/25 11:52:21 Job terminated.
	(1) Normal termination (return value 0)
		Usr 0 00:03:17, Sys 0 00:00:07  -  Run Remote Usage
		Usr 0 00:00:00, Sys 0 00:00:00  -  Run Local Usage
		Usr 0 00:03:17, Sys 0 00:00:07  -  Total Remote Usage
		Usr 0 00:00:00, Sys 0 00:00:00  -  Total Local Usage
	17338640  -  Run Bytes Sent By Job
	46060  -  Run Bytes Received By Job
	17338640  -  Total Bytes Sent By Job
	46060  -  Total Bytes Received By Job
	Partitionable Resources :    Usage  Request          
	   Cpus                 :                 1          
	   Disk (KB)            :    17003    17003          
	   Memory (MB)          :       77       77          
...
000 (452098.000.000) 06/26 10:10:28 Job submitted from host: <18.12.1.74:48322>
...
001 (452098.000.000) 06/26 10:11:02 Job executing on host: <18.12.9.78:45840>
...
006 (452098.000.000) 06/26 10:11:11 Image size of job updated: 189600
	56  -  MemoryUsage of job (MB)
	57244  -  ResidentSetSize of job (KB)
...
006 (452098.000.000) 06/26 10:13:47 Image size of job updated: 189732
	56  -  MemoryUsage of job (MB)
	57244  -  ResidentSetSize of job (KB)
...
005 (452098.000.000) 06/26 10:13:48 Job terminated.
	(1) Normal termination (return value 0)
		Usr 0 00:01:49, Sys 0 00:00:05  -  Run Remote Usage
		Usr 0 00:00:00, Sys 0 00:00:00  -  Run Local Usage
		Usr 0 00:01:49, Sys 0 00:00:05  -  Total Remote Usage
		Usr 0 00:00:00, Sys 0 00:00:00  -  Total Local Usage
	9493344  -  Run Bytes Sent By Job
	46038  -  Run Bytes Received By Job
	9493344  -  Total Bytes Sent By Job
	46038  -  Total Bytes Received By Job
	Partitionable Resources :    Usage  Request          
	   Cpus                 :                 1          
	   Disk (KB)            :     9341     9341          
	   Memory (MB)          :       56       56          
...
000 (472770.000.000) 06/26 16:38:23 Job submitted from host: <18.12.1.74:48322>
...
001 (472770.000.000) 06/26 16:38:47 Job executing on host: <18.12.8.198:46789>
...
006 (472770.000.000) 06/26 16:38:55 Image size of job updated: 153312
	39  -  MemoryUsage of job (MB)
	39064  -  ResidentSetSize of job (KB)
...
006 (472770.000.000) 06/26 16:43:55 Image size of job updated: 189744
	75  -  MemoryUsage of job (MB)
	75836  -  ResidentSetSize of job (KB)
...
005 (472770.000.000) 06/26 16:44:05 Job terminated.
	(1) Normal termination (return value 0)
		Usr 0 00:03:45, Sys 0 00:00:05  -  Run Remote Usage
		Usr 0 00:00:00, Sys 0 00:00:00  -  Run Local Usage
		Usr 0 00:03:45, Sys 0 00:00:05  -  Total Remote Usage
		Usr 0 00:00:00, Sys 0 00:00:00  -  Total Local Usage
	17338814  -  Run Bytes Sent By Job
	46344  -  Run Bytes Received By Job
	17338814  -  Total Bytes Sent By Job
	46344  -  Total Bytes Received By Job
	Partitionable Resources :    Usage  Request          
	   Cpus                 :                 1          
	   Disk (KB)            :    17003    17003          
	   Memory (MB)          :       75       75          
...
000 (491669.000.000) 06/29 09:41:43 Job submitted from host: <18.12.1.74:48322>
...
001 (491669.000.000) 06/29 09:41:58 Job executing on host: <18.12.8.160:41168>
...
006 (491669.000.000) 06/29 09:42:07 Image size of job updated: 244096
	60  -  MemoryUsage of job (MB)
	60932  -  ResidentSetSize of job (KB)
...
006 (491669.000.000) 06/29 09:46:02 Image size of job updated: 245060
	60  -  MemoryUsage of job (MB)
	60932  -  ResidentSetSize of job (KB)
...
005 (491669.000.000) 06/29 09:46:02 Job terminated.
	(1) Normal termination (return value 0)
		Usr 0 00:03:09, Sys 0 00:00:03  -  Run Remote Usage
		Usr 0 00:00:00, Sys 0 00:00:00  -  Run Local Usage
		Usr 0 00:03:09, Sys 0 00:00:03  -  Total Remote Usage
		Usr 0 00:00:00, Sys 0 00:00:00  -  Total Local Usage
	508836  -  Run Bytes Sent By Job
	46550  -  Run Bytes Received By Job
	508836  -  Total Bytes Sent By Job
	46550  -  Total Bytes Received By Job
	Partitionable Resources :    Usage  Request          
	   Cpus                 :                 1          
	   Disk (KB)            :      568      568          
	   Memory (MB)          :       60       60          
...
000 (492783.000.000) 06/29 10:15:08 Job submitted from host: <18.12.1.74:48322>
...
001 (492783.000.000) 06/29 10:15:20 Job executing on host: <18.12.9.8:47300>
...
006 (492783.000.000) 06/29 10:15:29 Image size of job updated: 1
	3  -  MemoryUsage of job (MB)
	2360  -  ResidentSetSize of job (KB)
...
006 (492783.000.000) 06/29 10:19:00 Image size of job updated: 245076
	3  -  MemoryUsage of job (MB)
	2360  -  ResidentSetSize of job (KB)
...
005 (492783.000.000) 06/29 10:19:00 Job terminated.
	(1) Normal termination (return value 0)
		Usr 0 00:02:11, Sys 0 00:00:03  -  Run Remote Usage
		Usr 0 00:00:00, Sys 0 00:00:00  -  Run Local Usage
		Usr 0 00:02:11, Sys 0 00:00:03  -  Total Remote Usage
		Usr 0 00:00:00, Sys 0 00:00:00  -  Total Local Usage
	509058  -  Run Bytes Sent By Job
	46566  -  Run Bytes Received By Job
	509058  -  Total Bytes Sent By Job
	46566  -  Total Bytes Received By Job
	Partitionable Resources :    Usage  Request          
	   Cpus                 :                 1          
	   Disk (KB)            :      568      568          
	   Memory (MB)          :        3        3          
...
000 (495140.000.000) 06/29 21:57:22 Job submitted from host: <18.12.1.74:48322>
...
001 (495140.000.000) 06/29 21:57:32 Job executing on host: <18.12.8.112:40657>
...
006 (495140.000.000) 06/29 21:57:40 Image size of job updated: 1
	3  -  MemoryUsage of job (MB)
	2356  -  ResidentSetSize of job (KB)
...
006 (495140.000.000) 06/29 22:01:05 Image size of job updated: 245628
	3  -  MemoryUsage of job (MB)
	2356  -  ResidentSetSize of job (KB)
...
005 (495140.000.000) 06/29 22:01:05 Job terminated.
	(1) Normal termination (return value 0)
		Usr 0 00:01:43, Sys 0 00:00:05  -  Run Remote Usage
		Usr 0 00:00:00, Sys 0 00:00:00  -  Run Local Usage
		Usr 0 00:01:43, Sys 0 00:00:05  -  Total Remote Usage
		Usr 0 00:00:00, Sys 0 00:00:00  -  Total Local Usage
	508995  -  Run Bytes Sent By Job
	46564  -  Run Bytes Received By Job
	508995  -  Total Bytes Sent By Job
	46564  -  Total Bytes Received By Job
	Partitionable Resources :    Usage  Request          
	   Cpus                 :                 1          
	   Disk (KB)            :      568      568          
	   Memory (MB)          :        3        3          
...
000 (497274.000.000) 07/09 13:07:07 Job submitted from host: <18.12.1.74:48322>
...
001 (497274.000.000) 07/09 13:07:23 Job executing on host: <18.12.12.11:40949>
...
006 (497274.000.000) 07/09 13:07:31 Image size of job updated: 1196
	1  -  MemoryUsage of job (MB)
	156  -  ResidentSetSize of job (KB)
...
006 (497274.000.000) 07/09 13:12:31 Image size of job updated: 245632
	3  -  MemoryUsage of job (MB)
	2080  -  ResidentSetSize of job (KB)
...
005 (497274.000.000) 07/09 13:12:50 Job terminated.
	(1) Normal termination (return value 0)
		Usr 0 00:02:19, Sys 0 00:00:04  -  Run Remote Usage
		Usr 0 00:00:00, Sys 0 00:00:00  -  Run Local Usage
		Usr 0 00:02:19, Sys 0 00:00:04  -  Total Remote Usage
		Usr 0 00:00:00, Sys 0 00:00:00  -  Total Local Usage
	509146  -  Run Bytes Sent By Job
	46648  -  Run Bytes Received By Job
	509146  -  Total Bytes Sent By Job
	46648  -  Total Bytes Received By Job
	Partitionable Resources :    Usage  Request          
	   Cpus                 :                 1          
	   Disk (KB)            :      685      685          
	   Memory (MB)          :        3        3          
...
000 (497464.000.000) 07/09 15:41:10 Job submitted from host: <18.12.1.74:48322>
...
001 (497464.000.000) 07/09 15:41:45 Job executing on host: <18.12.8.58:48906>
...
006 (497464.000.000) 07/09 15:41:53 Image size of job updated: 93704
	4  -  MemoryUsage of job (MB)
	3912  -  ResidentSetSize of job (KB)
...
006 (497464.000.000) 07/09 15:46:45 Image size of job updated: 245636
	4  -  MemoryUsage of job (MB)
	3912  -  ResidentSetSize of job (KB)
...
005 (497464.000.000) 07/09 15:46:45 Job terminated.
	(1) Normal termination (return value 0)
		Usr 0 00:03:22, Sys 0 00:00:10  -  Run Remote Usage
		Usr 0 00:00:00, Sys 0 00:00:00  -  Run Local Usage
		Usr 0 00:03:22, Sys 0 00:00:10  -  Total Remote Usage
		Usr 0 00:00:00, Sys 0 00:00:00  -  Total Local Usage
	509112  -  Run Bytes Sent By Job
	46609  -  Run Bytes Received By Job
	509112  -  Total Bytes Sent By Job
	46609  -  Total Bytes Received By Job
	Partitionable Resources :    Usage  Request          
	   Cpus                 :                 1          
	   Disk (KB)            :      568      568          
	   Memory (MB)          :        4        4          
...
000 (497762.000.000) 07/09 16:39:12 Job submitted from host: <18.12.1.74:48322>
...
001 (497762.000.000) 07/09 16:39:25 Job executing on host: <18.12.8.210:48030>
...
006 (497762.000.000) 07/09 16:39:34 Image size of job updated: 187680
	46  -  MemoryUsage of job (MB)
	46364  -  ResidentSetSize of job (KB)
...
006 (497762.000.000) 07/09 16:43:12 Image size of job updated: 245628
	46  -  MemoryUsage of job (MB)
	46364  -  ResidentSetSize of job (KB)
...
005 (497762.000.000) 07/09 16:43:13 Job terminated.
	(1) Normal termination (return value 0)
		Usr 0 00:02:17, Sys 0 00:00:03  -  Run Remote Usage
		Usr 0 00:00:00, Sys 0 00:00:00  -  Run Local Usage
		Usr 0 00:02:17, Sys 0 00:00:03  -  Total Remote Usage
		Usr 0 00:00:00, Sys 0 00:00:00  -  Total Local Usage
	509539  -  Run Bytes Sent By Job
	46604  -  Run Bytes Received By Job
	509539  -  Total Bytes Sent By Job
	46604  -  Total Bytes Received By Job
	Partitionable Resources :    Usage  Request          
	   Cpus                 :                 1          
	   Disk (KB)            :      569      569          
	   Memory (MB)          :       46       46          
...
000 (498104.000.000) 07/10 12:07:22 Job submitted from host: <18.12.1.74:48322>
...
001 (498104.000.000) 07/10 12:07:39 Job executing on host: <18.12.9.42:44088>
...
006 (498104.000.000) 07/10 12:07:48 Image size of job updated: 244664
	77  -  MemoryUsage of job (MB)
	78116  -  ResidentSetSize of job (KB)
...
006 (498104.000.000) 07/10 12:12:49 Image size of job updated: 245628
	77  -  MemoryUsage of job (MB)
	78116  -  ResidentSetSize of job (KB)
...
005 (498104.000.000) 07/10 12:13:21 Job terminated.
	(1) Normal termination (return value 0)
		Usr 0 00:02:00, Sys 0 00:00:05  -  Run Remote Usage
		Usr 0 00:00:00, Sys 0 00:00:00  -  Run Local Usage
		Usr 0 00:02:00, Sys 0 00:00:05  -  Total Remote Usage
		Usr 0 00:00:00, Sys 0 00:00:00  -  Total Local Usage
	509581  -  Run Bytes Sent By Job
	46586  -  Run Bytes Received By Job
	509581  -  Total Bytes Sent By Job
	46586  -  Total Bytes Received By Job
	Partitionable Resources :    Usage  Request          
	   Cpus                 :                 1          
	   Disk (KB)            :      569      569          
	   Memory (MB)          :       77       77          
...
000 (498570.000.000) 07/10 16:45:19 Job submitted from host: <18.12.1.74:48322>
...
001 (498570.000.000) 07/10 16:45:46 Job executing on host: <18.12.8.126:48979>
...
006 (498570.000.000) 07/10 16:45:54 Image size of job updated: 1196
	1  -  MemoryUsage of job (MB)
	156  -  ResidentSetSize of job (KB)
...
006 (498570.000.000) 07/10 16:46:51 Image size of job updated: 244860
	1  -  MemoryUsage of job (MB)
	156  -  ResidentSetSize of job (KB)
...
005 (498570.000.000) 07/10 17:27:38 Job terminated.
	(1) Normal termination (return value 0)
		Usr 0 00:00:02, Sys 0 00:00:00  -  Run Remote Usage
		Usr 0 00:00:00, Sys 0 00:00:00  -  Run Local Usage
		Usr 0 00:00:02, Sys 0 00:00:00  -  Total Remote Usage
		Usr 0 00:00:00, Sys 0 00:00:00  -  Total Local Usage
	519924  -  Run Bytes Sent By Job
	47454  -  Run Bytes Received By Job
	519924  -  Total Bytes Sent By Job
	47454  -  Total Bytes Received By Job
	Partitionable Resources :    Usage  Request          
	   Cpus                 :                 1          
	   Disk (KB)            :      579      579          
	   Memory (MB)          :        1        1          
...
