000 (426438.000.000) 06/22 20:50:05 Job submitted from host: <18.12.1.74:48322>
...
001 (426438.000.000) 06/22 20:50:45 Job executing on host: <18.12.9.44:49782>
...
006 (426438.000.000) 06/22 20:50:54 Image size of job updated: 13384
	2  -  MemoryUsage of job (MB)
	1984  -  ResidentSetSize of job (KB)
...
006 (426438.000.000) 06/22 20:51:02 Image size of job updated: 147692
	2  -  MemoryUsage of job (MB)
	1984  -  ResidentSetSize of job (KB)
...
004 (426438.000.000) 06/22 20:51:02 Job was evicted.
	(0) Job was not checkpointed.
		Usr 0 00:00:00, Sys 0 00:00:00  -  Run Remote Usage
		Usr 0 00:00:00, Sys 0 00:00:00  -  Run Local Usage
	0  -  Run Bytes Sent By Job
	41910  -  Run Bytes Received By Job
	Partitionable Resources :    Usage  Request          
	   Cpus                 :                 1          
	   Disk (KB)            :      550      550          
	   Memory (MB)          :        2        2          
...
009 (426438.000.000) 06/22 20:51:10 Job was aborted by the user.
	via condor_rm (by user rkunnawa)
...
000 (426574.000.000) 06/22 20:51:42 Job submitted from host: <18.12.1.74:48322>
...
001 (426574.000.000) 06/22 20:52:11 Job executing on host: <18.12.9.51:49855>
...
006 (426574.000.000) 06/22 20:52:19 Image size of job updated: 245264
	49  -  MemoryUsage of job (MB)
	49424  -  ResidentSetSize of job (KB)
...
006 (426574.000.000) 06/22 20:56:48 Image size of job updated: 249064
	49  -  MemoryUsage of job (MB)
	49424  -  ResidentSetSize of job (KB)
...
005 (426574.000.000) 06/22 20:56:48 Job terminated.
	(1) Normal termination (return value 0)
		Usr 0 00:03:00, Sys 0 00:00:04  -  Run Remote Usage
		Usr 0 00:00:00, Sys 0 00:00:00  -  Run Local Usage
		Usr 0 00:03:00, Sys 0 00:00:04  -  Total Remote Usage
		Usr 0 00:00:00, Sys 0 00:00:00  -  Total Local Usage
	495209  -  Run Bytes Sent By Job
	41910  -  Run Bytes Received By Job
	495209  -  Total Bytes Sent By Job
	41910  -  Total Bytes Received By Job
	Partitionable Resources :    Usage  Request          
	   Cpus                 :                 1          
	   Disk (KB)            :      550      550          
	   Memory (MB)          :       49       49          
...
