
----------------------------------------------------
Job started on Mon Jun 29 21:59:31 EDT 2015 at WN: t2bat0114.cmsaf.mit.edu 
Job is running on Linux t2bat0114.cmsaf.mit.edu 2.6.32-358.el6.x86_64 #1 SMP Fri Feb 22 20:37:17 CST 2013 x86_64 x86_64 x86_64 GNU/Linux
Filesystem            Size  Used Avail Use% Mounted on
/dev/sda3              20G  3.1G   16G  17% /
tmpfs                 7.8G     0  7.8G   0% /dev/shm
/dev/sda1              97M   33M   60M  36% /boot
/dev/sda4             415G   55G  361G  14% /export/data1
fuse_dfs              4.9P  4.4P  527T  90% /mnt/hadoop
/dev/sdb1             1.8T  1.6T  206G  89% /export/00b
/dev/sdc1             1.8T  1.7T  187G  90% /export/00c
/dev/sdd1             1.8T  1.6T  207G  89% /export/00d
/dev/sde1             1.8T  1.6T  207G  89% /export/00e
/dev/sdf1             1.8T  1.6T  212G  89% /export/00f
t2srv0004:/export/db  135G  187M  135G   1% /net/t2srv0004/db
cvmfs2                 98G   53G   45G  55% /cvmfs/cms.cern.ch
cvmfs2                 98G   53G   45G  55% /cvmfs/cvmfs.cmsaf.mit.edu
cvmfs2                 98G   53G   45G  55% /cvmfs/oasis.opensciencegrid.org
gcc (GCC) 4.4.7 20120313 (Red Hat 4.4.7-3)
Copyright (C) 2010 Free Software Foundation, Inc.
This is free software; see the source for copying conditions.  There is NO
warranty; not even for MERCHANTABILITY or FITNESS FOR A PARTICULAR PURPOSE.

Processing...
0/55089
10000/55089
20000/55089
30000/55089
40000/55089
50000/55089
Macro finished: 
CPU time (min)  = 0.4675
Real time (min) = 0.909476
Done!
Copied output files to hadoop rootfiles/JetRAA/June22
