
----------------------------------------------------
Job started on Mon Jun 29 21:59:55 EDT 2015 at WN: t2bat0053.cmsaf.mit.edu 
Job is running on Linux t2bat0053.cmsaf.mit.edu 2.6.32-358.el6.x86_64 #1 SMP Fri Feb 22 20:37:17 CST 2013 x86_64 x86_64 x86_64 GNU/Linux
Filesystem            Size  Used Avail Use% Mounted on
/dev/sda3              20G  3.2G   16G  17% /
tmpfs                 7.8G     0  7.8G   0% /dev/shm
/dev/sda1              97M   33M   60M  36% /boot
/dev/sda4             415G   79G  337G  19% /export/data1
/dev/sdb1             1.8T  1.6T  204G  89% /export/00b
/dev/sdc1             1.8T  1.6T  198G  90% /export/00c
/dev/sdd1             1.8T  1.6T  202G  89% /export/00d
/dev/sde1             1.8T  1.6T  209G  89% /export/00e
/dev/sdf1             1.8T  1.6T  201G  90% /export/00f
fuse_dfs              4.9P  4.4P  527T  90% /mnt/hadoop
t2srv0004:/export/db  135G  187M  135G   1% /net/t2srv0004/db
cvmfs2                 98G   77G   22G  79% /cvmfs/cms.cern.ch
cvmfs2                 98G   77G   22G  79% /cvmfs/cvmfs.cmsaf.mit.edu
cvmfs2                 98G   77G   22G  79% /cvmfs/oasis.opensciencegrid.org
cvmfs2                 98G   77G   22G  79% /cvmfs/cdfcfs.fnal.gov
gcc (GCC) 4.4.7 20120313 (Red Hat 4.4.7-3)
Copyright (C) 2010 Free Software Foundation, Inc.
This is free software; see the source for copying conditions.  There is NO
warranty; not even for MERCHANTABILITY or FITNESS FOR A PARTICULAR PURPOSE.

Processing...
0/183318
10000/183318
20000/183318
30000/183318
40000/183318
50000/183318
60000/183318
70000/183318
80000/183318
90000/183318
100000/183318
110000/183318
120000/183318
130000/183318
140000/183318
150000/183318
160000/183318
170000/183318
180000/183318
Macro finished: 
CPU time (min)  = 2.29283
Real time (min) = 2.94817
Done!
Copied output files to hadoop rootfiles/JetRAA/June22
