000 (426794.000.000) 06/22 20:55:21 Job submitted from host: <18.12.1.74:48322>
...
001 (426794.000.000) 06/22 20:55:33 Job executing on host: <18.12.9.22:46059>
...
006 (426794.000.000) 06/22 20:55:42 Image size of job updated: 187676
	57  -  MemoryUsage of job (MB)
	57532  -  ResidentSetSize of job (KB)
...
006 (426794.000.000) 06/22 21:00:43 Image size of job updated: 243888
	128  -  MemoryUsage of job (MB)
	130964  -  ResidentSetSize of job (KB)
...
005 (426794.000.000) 06/22 21:03:33 Job terminated.
	(1) Normal termination (return value 0)
		Usr 0 00:04:34, Sys 0 00:00:04  -  Run Remote Usage
		Usr 0 00:00:00, Sys 0 00:00:00  -  Run Local Usage
		Usr 0 00:04:34, Sys 0 00:00:04  -  Total Remote Usage
		Usr 0 00:00:00, Sys 0 00:00:00  -  Total Local Usage
	495312  -  Run Bytes Sent By Job
	41910  -  Run Bytes Received By Job
	495312  -  Total Bytes Sent By Job
	41910  -  Total Bytes Received By Job
	Partitionable Resources :    Usage  Request          
	   Cpus                 :                 1          
	   Disk (KB)            :      550      550          
	   Memory (MB)          :      128      128          
...
