000 (426485.000.000) 06/22 20:50:10 Job submitted from host: <18.12.1.74:48322>
...
001 (426485.000.000) 06/22 20:50:48 Job executing on host: <18.12.8.233:42555>
...
006 (426485.000.000) 06/22 20:50:56 Image size of job updated: 93700
	3  -  MemoryUsage of job (MB)
	2432  -  ResidentSetSize of job (KB)
...
006 (426485.000.000) 06/22 20:51:02 Image size of job updated: 184636
	3  -  MemoryUsage of job (MB)
	2432  -  ResidentSetSize of job (KB)
...
004 (426485.000.000) 06/22 20:51:02 Job was evicted.
	(0) Job was not checkpointed.
		Usr 0 00:00:00, Sys 0 00:00:00  -  Run Remote Usage
		Usr 0 00:00:00, Sys 0 00:00:00  -  Run Local Usage
	0  -  Run Bytes Sent By Job
	41910  -  Run Bytes Received By Job
	Partitionable Resources :    Usage  Request          
	   Cpus                 :                 1          
	   Disk (KB)            :      550      550          
	   Memory (MB)          :        3        3          
...
009 (426485.000.000) 06/22 20:51:10 Job was aborted by the user.
	via condor_rm (by user rkunnawa)
...
000 (491922.000.000) 06/29 09:48:22 Job submitted from host: <18.12.1.74:48322>
...
001 (491922.000.000) 06/29 09:49:03 Job executing on host: <18.12.8.93:44015>
...
006 (491922.000.000) 06/29 09:49:12 Image size of job updated: 69180
	14  -  MemoryUsage of job (MB)
	13316  -  ResidentSetSize of job (KB)
...
006 (491922.000.000) 06/29 09:53:02 Image size of job updated: 247004
	14  -  MemoryUsage of job (MB)
	13316  -  ResidentSetSize of job (KB)
...
005 (491922.000.000) 06/29 09:53:02 Job terminated.
	(1) Normal termination (return value 0)
		Usr 0 00:01:07, Sys 0 00:00:02  -  Run Remote Usage
		Usr 0 00:00:00, Sys 0 00:00:00  -  Run Local Usage
		Usr 0 00:01:07, Sys 0 00:00:02  -  Total Remote Usage
		Usr 0 00:00:00, Sys 0 00:00:00  -  Total Local Usage
	509012  -  Run Bytes Sent By Job
	46550  -  Run Bytes Received By Job
	509012  -  Total Bytes Sent By Job
	46550  -  Total Bytes Received By Job
	Partitionable Resources :    Usage  Request          
	   Cpus                 :                 1          
	   Disk (KB)            :      568      568          
	   Memory (MB)          :       14       14          
...
000 (492661.000.000) 06/29 10:14:30 Job submitted from host: <18.12.1.74:48322>
...
001 (492661.000.000) 06/29 10:14:43 Job executing on host: <18.12.8.163:45475>
...
006 (492661.000.000) 06/29 10:14:51 Image size of job updated: 1
	3  -  MemoryUsage of job (MB)
	2352  -  ResidentSetSize of job (KB)
...
006 (492661.000.000) 06/29 10:16:59 Image size of job updated: 247012
	3  -  MemoryUsage of job (MB)
	2352  -  ResidentSetSize of job (KB)
...
005 (492661.000.000) 06/29 10:16:59 Job terminated.
	(1) Normal termination (return value 0)
		Usr 0 00:01:16, Sys 0 00:00:02  -  Run Remote Usage
		Usr 0 00:00:00, Sys 0 00:00:00  -  Run Local Usage
		Usr 0 00:01:16, Sys 0 00:00:02  -  Total Remote Usage
		Usr 0 00:00:00, Sys 0 00:00:00  -  Total Local Usage
	508906  -  Run Bytes Sent By Job
	46566  -  Run Bytes Received By Job
	508906  -  Total Bytes Sent By Job
	46566  -  Total Bytes Received By Job
	Partitionable Resources :    Usage  Request          
	   Cpus                 :                 1          
	   Disk (KB)            :      568      568          
	   Memory (MB)          :        3        3          
...
000 (495380.000.000) 06/29 21:59:39 Job submitted from host: <18.12.1.74:48322>
...
001 (495380.000.000) 06/29 21:59:51 Job executing on host: <18.12.9.75:47081>
...
006 (495380.000.000) 06/29 22:00:00 Image size of job updated: 147732
	36  -  MemoryUsage of job (MB)
	35980  -  ResidentSetSize of job (KB)
...
006 (495380.000.000) 06/29 22:03:52 Image size of job updated: 247428
	36  -  MemoryUsage of job (MB)
	35980  -  ResidentSetSize of job (KB)
...
005 (495380.000.000) 06/29 22:03:52 Job terminated.
	(1) Normal termination (return value 0)
		Usr 0 00:01:22, Sys 0 00:00:02  -  Run Remote Usage
		Usr 0 00:00:00, Sys 0 00:00:00  -  Run Local Usage
		Usr 0 00:01:22, Sys 0 00:00:02  -  Total Remote Usage
		Usr 0 00:00:00, Sys 0 00:00:00  -  Total Local Usage
	508955  -  Run Bytes Sent By Job
	46564  -  Run Bytes Received By Job
	508955  -  Total Bytes Sent By Job
	46564  -  Total Bytes Received By Job
	Partitionable Resources :    Usage  Request          
	   Cpus                 :                 1          
	   Disk (KB)            :      568      568          
	   Memory (MB)          :       36       36          
...
