000 (426348.000.000) 06/22 20:49:57 Job submitted from host: <18.12.1.74:48322>
...
001 (426348.000.000) 06/22 20:50:38 Job executing on host: <18.12.9.76:47884>
...
006 (426348.000.000) 06/22 20:50:47 Image size of job updated: 1
	3  -  MemoryUsage of job (MB)
	2356  -  ResidentSetSize of job (KB)
...
006 (426348.000.000) 06/22 20:50:58 Image size of job updated: 189588
	3  -  MemoryUsage of job (MB)
	2356  -  ResidentSetSize of job (KB)
...
005 (426348.000.000) 06/22 20:50:58 Job terminated.
	(1) Normal termination (return value 0)
		Usr 0 00:00:01, Sys 0 00:00:00  -  Run Remote Usage
		Usr 0 00:00:00, Sys 0 00:00:00  -  Run Local Usage
		Usr 0 00:00:01, Sys 0 00:00:00  -  Total Remote Usage
		Usr 0 00:00:00, Sys 0 00:00:00  -  Total Local Usage
	494792  -  Run Bytes Sent By Job
	41910  -  Run Bytes Received By Job
	494792  -  Total Bytes Sent By Job
	41910  -  Total Bytes Received By Job
	Partitionable Resources :    Usage  Request          
	   Cpus                 :                 1          
	   Disk (KB)            :      550      550          
	   Memory (MB)          :        3        3          
...
