000 (426790.000.000) 06/22 20:55:21 Job submitted from host: <18.12.1.74:48322>
...
001 (426790.000.000) 06/22 20:55:29 Job executing on host: <18.12.8.225:46643>
...
006 (426790.000.000) 06/22 20:55:37 Image size of job updated: 147032
	32  -  MemoryUsage of job (MB)
	31940  -  ResidentSetSize of job (KB)
...
006 (426790.000.000) 06/22 21:00:37 Image size of job updated: 245196
	32  -  MemoryUsage of job (MB)
	31940  -  ResidentSetSize of job (KB)
...
005 (426790.000.000) 06/22 21:00:37 Job terminated.
	(1) Normal termination (return value 0)
		Usr 0 00:03:14, Sys 0 00:00:04  -  Run Remote Usage
		Usr 0 00:00:00, Sys 0 00:00:00  -  Run Local Usage
		Usr 0 00:03:14, Sys 0 00:00:04  -  Total Remote Usage
		Usr 0 00:00:00, Sys 0 00:00:00  -  Total Local Usage
	495386  -  Run Bytes Sent By Job
	41910  -  Run Bytes Received By Job
	495386  -  Total Bytes Sent By Job
	41910  -  Total Bytes Received By Job
	Partitionable Resources :    Usage  Request          
	   Cpus                 :                 1          
	   Disk (KB)            :      550      550          
	   Memory (MB)          :       32       32          
...
000 (492137.000.000) 06/29 09:51:48 Job submitted from host: <18.12.1.74:48322>
...
001 (492137.000.000) 06/29 09:52:10 Job executing on host: <18.12.8.138:40073>
...
006 (492137.000.000) 06/29 09:52:19 Image size of job updated: 242544
	72  -  MemoryUsage of job (MB)
	73652  -  ResidentSetSize of job (KB)
...
006 (492137.000.000) 06/29 09:54:14 Image size of job updated: 243792
	72  -  MemoryUsage of job (MB)
	73652  -  ResidentSetSize of job (KB)
...
005 (492137.000.000) 06/29 09:54:14 Job terminated.
	(1) Normal termination (return value 0)
		Usr 0 00:01:15, Sys 0 00:00:03  -  Run Remote Usage
		Usr 0 00:00:00, Sys 0 00:00:00  -  Run Local Usage
		Usr 0 00:01:15, Sys 0 00:00:03  -  Total Remote Usage
		Usr 0 00:00:00, Sys 0 00:00:00  -  Total Local Usage
	508780  -  Run Bytes Sent By Job
	46550  -  Run Bytes Received By Job
	508780  -  Total Bytes Sent By Job
	46550  -  Total Bytes Received By Job
	Partitionable Resources :    Usage  Request          
	   Cpus                 :                 1          
	   Disk (KB)            :      568      568          
	   Memory (MB)          :       72       72          
...
000 (493044.000.000) 06/29 10:16:51 Job submitted from host: <18.12.1.74:48322>
...
001 (493044.000.000) 06/29 10:17:14 Job executing on host: <18.12.9.24:46205>
...
006 (493044.000.000) 06/29 10:17:23 Image size of job updated: 187864
	56  -  MemoryUsage of job (MB)
	56636  -  ResidentSetSize of job (KB)
...
006 (493044.000.000) 06/29 10:20:19 Image size of job updated: 243816
	56  -  MemoryUsage of job (MB)
	56636  -  ResidentSetSize of job (KB)
...
005 (493044.000.000) 06/29 10:20:19 Job terminated.
	(1) Normal termination (return value 0)
		Usr 0 00:01:48, Sys 0 00:00:02  -  Run Remote Usage
		Usr 0 00:00:00, Sys 0 00:00:00  -  Run Local Usage
		Usr 0 00:01:48, Sys 0 00:00:02  -  Total Remote Usage
		Usr 0 00:00:00, Sys 0 00:00:00  -  Total Local Usage
	508865  -  Run Bytes Sent By Job
	46566  -  Run Bytes Received By Job
	508865  -  Total Bytes Sent By Job
	46566  -  Total Bytes Received By Job
	Partitionable Resources :    Usage  Request          
	   Cpus                 :                 1          
	   Disk (KB)            :      568      568          
	   Memory (MB)          :       56       56          
...
000 (495039.000.000) 06/29 21:56:41 Job submitted from host: <18.12.1.74:48322>
...
001 (495039.000.000) 06/29 21:56:55 Job executing on host: <18.12.8.52:49271>
...
006 (495039.000.000) 06/29 21:57:04 Image size of job updated: 153816
	39  -  MemoryUsage of job (MB)
	39532  -  ResidentSetSize of job (KB)
...
006 (495039.000.000) 06/29 22:00:45 Image size of job updated: 244160
	39  -  MemoryUsage of job (MB)
	39532  -  ResidentSetSize of job (KB)
...
005 (495039.000.000) 06/29 22:00:45 Job terminated.
	(1) Normal termination (return value 0)
		Usr 0 00:02:49, Sys 0 00:00:08  -  Run Remote Usage
		Usr 0 00:00:00, Sys 0 00:00:00  -  Run Local Usage
		Usr 0 00:02:49, Sys 0 00:00:08  -  Total Remote Usage
		Usr 0 00:00:00, Sys 0 00:00:00  -  Total Local Usage
	509008  -  Run Bytes Sent By Job
	46564  -  Run Bytes Received By Job
	509008  -  Total Bytes Sent By Job
	46564  -  Total Bytes Received By Job
	Partitionable Resources :    Usage  Request          
	   Cpus                 :                 1          
	   Disk (KB)            :      568      568          
	   Memory (MB)          :       39       39          
...
