000 (426493.000.000) 06/22 20:50:11 Job submitted from host: <18.12.1.74:48322>
...
001 (426493.000.000) 06/22 20:50:55 Job executing on host: <18.12.8.152:49563>
...
006 (426493.000.000) 06/22 20:51:02 Image size of job updated: 93716
	0  -  MemoryUsage of job (MB)
	0  -  ResidentSetSize of job (KB)
...
004 (426493.000.000) 06/22 20:51:02 Job was evicted.
	(0) Job was not checkpointed.
		Usr 0 00:00:00, Sys 0 00:00:00  -  Run Remote Usage
		Usr 0 00:00:00, Sys 0 00:00:00  -  Run Local Usage
	0  -  Run Bytes Sent By Job
	41910  -  Run Bytes Received By Job
	Partitionable Resources :    Usage  Request          
	   Cpus                 :                 1          
	   Disk (KB)            :      550      550          
	   Memory (MB)          :        0        0          
...
009 (426493.000.000) 06/22 20:51:10 Job was aborted by the user.
	via condor_rm (by user rkunnawa)
...
000 (491930.000.000) 06/29 09:48:23 Job submitted from host: <18.12.1.74:48322>
...
001 (491930.000.000) 06/29 09:48:58 Job executing on host: <18.12.9.82:44891>
...
006 (491930.000.000) 06/29 09:49:07 Image size of job updated: 245568
	59  -  MemoryUsage of job (MB)
	59716  -  ResidentSetSize of job (KB)
...
006 (491930.000.000) 06/29 09:51:58 Image size of job updated: 254668
	59  -  MemoryUsage of job (MB)
	59716  -  ResidentSetSize of job (KB)
...
005 (491930.000.000) 06/29 09:51:58 Job terminated.
	(1) Normal termination (return value 0)
		Usr 0 00:01:51, Sys 0 00:00:02  -  Run Remote Usage
		Usr 0 00:00:00, Sys 0 00:00:00  -  Run Local Usage
		Usr 0 00:01:51, Sys 0 00:00:02  -  Total Remote Usage
		Usr 0 00:00:00, Sys 0 00:00:00  -  Total Local Usage
	509171  -  Run Bytes Sent By Job
	46550  -  Run Bytes Received By Job
	509171  -  Total Bytes Sent By Job
	46550  -  Total Bytes Received By Job
	Partitionable Resources :    Usage  Request          
	   Cpus                 :                 1          
	   Disk (KB)            :      568      568          
	   Memory (MB)          :       59       59          
...
000 (492669.000.000) 06/29 10:14:31 Job submitted from host: <18.12.1.74:48322>
...
001 (492669.000.000) 06/29 10:14:52 Job executing on host: <18.12.9.0:41460>
...
006 (492669.000.000) 06/29 10:15:01 Image size of job updated: 245572
	59  -  MemoryUsage of job (MB)
	59708  -  ResidentSetSize of job (KB)
...
006 (492669.000.000) 06/29 10:18:14 Image size of job updated: 254668
	59  -  MemoryUsage of job (MB)
	59708  -  ResidentSetSize of job (KB)
...
005 (492669.000.000) 06/29 10:18:15 Job terminated.
	(1) Normal termination (return value 0)
		Usr 0 00:02:10, Sys 0 00:00:03  -  Run Remote Usage
		Usr 0 00:00:00, Sys 0 00:00:00  -  Run Local Usage
		Usr 0 00:02:10, Sys 0 00:00:03  -  Total Remote Usage
		Usr 0 00:00:00, Sys 0 00:00:00  -  Total Local Usage
	509074  -  Run Bytes Sent By Job
	46566  -  Run Bytes Received By Job
	509074  -  Total Bytes Sent By Job
	46566  -  Total Bytes Received By Job
	Partitionable Resources :    Usage  Request          
	   Cpus                 :                 1          
	   Disk (KB)            :      568      568          
	   Memory (MB)          :       59       59          
...
000 (495388.000.000) 06/29 21:59:41 Job submitted from host: <18.12.1.74:48322>
...
001 (495388.000.000) 06/29 22:00:28 Job executing on host: <18.12.8.111:43942>
...
006 (495388.000.000) 06/29 22:00:37 Image size of job updated: 1
	3  -  MemoryUsage of job (MB)
	2372  -  ResidentSetSize of job (KB)
...
006 (495388.000.000) 06/29 22:02:46 Image size of job updated: 255232
	3  -  MemoryUsage of job (MB)
	2372  -  ResidentSetSize of job (KB)
...
005 (495388.000.000) 06/29 22:02:46 Job terminated.
	(1) Normal termination (return value 0)
		Usr 0 00:01:36, Sys 0 00:00:03  -  Run Remote Usage
		Usr 0 00:00:00, Sys 0 00:00:00  -  Run Local Usage
		Usr 0 00:01:36, Sys 0 00:00:03  -  Total Remote Usage
		Usr 0 00:00:00, Sys 0 00:00:00  -  Total Local Usage
	509010  -  Run Bytes Sent By Job
	46564  -  Run Bytes Received By Job
	509010  -  Total Bytes Sent By Job
	46564  -  Total Bytes Received By Job
	Partitionable Resources :    Usage  Request          
	   Cpus                 :                 1          
	   Disk (KB)            :      568      568          
	   Memory (MB)          :        3        3          
...
