000 (426669.000.000) 06/22 20:54:19 Job submitted from host: <18.12.1.74:48322>
...
001 (426669.000.000) 06/22 20:54:46 Job executing on host: <18.12.6.74:45110>
...
006 (426669.000.000) 06/22 20:54:54 Image size of job updated: 243108
	48  -  MemoryUsage of job (MB)
	48776  -  ResidentSetSize of job (KB)
...
006 (426669.000.000) 06/22 20:57:37 Image size of job updated: 246112
	48  -  MemoryUsage of job (MB)
	48776  -  ResidentSetSize of job (KB)
...
005 (426669.000.000) 06/22 20:57:37 Job terminated.
	(1) Normal termination (return value 0)
		Usr 0 00:02:00, Sys 0 00:00:02  -  Run Remote Usage
		Usr 0 00:00:00, Sys 0 00:00:00  -  Run Local Usage
		Usr 0 00:02:00, Sys 0 00:00:02  -  Total Remote Usage
		Usr 0 00:00:00, Sys 0 00:00:00  -  Total Local Usage
	494975  -  Run Bytes Sent By Job
	41910  -  Run Bytes Received By Job
	494975  -  Total Bytes Sent By Job
	41910  -  Total Bytes Received By Job
	Partitionable Resources :    Usage  Request          
	   Cpus                 :                 1          
	   Disk (KB)            :      550      550          
	   Memory (MB)          :       48       48          
...
000 (428082.000.000) 06/23 16:48:27 Job submitted from host: <18.12.1.74:48322>
...
001 (428082.000.000) 06/23 16:48:39 Job executing on host: <18.12.6.95:49928>
...
006 (428082.000.000) 06/23 16:48:47 Image size of job updated: 1
	3  -  MemoryUsage of job (MB)
	2352  -  ResidentSetSize of job (KB)
...
006 (428082.000.000) 06/23 16:52:26 Image size of job updated: 245324
	3  -  MemoryUsage of job (MB)
	2352  -  ResidentSetSize of job (KB)
...
005 (428082.000.000) 06/23 16:52:26 Job terminated.
	(1) Normal termination (return value 0)
		Usr 0 00:02:19, Sys 0 00:00:02  -  Run Remote Usage
		Usr 0 00:00:00, Sys 0 00:00:00  -  Run Local Usage
		Usr 0 00:02:19, Sys 0 00:00:02  -  Total Remote Usage
		Usr 0 00:00:00, Sys 0 00:00:00  -  Total Local Usage
	511637  -  Run Bytes Sent By Job
	47429  -  Run Bytes Received By Job
	511637  -  Total Bytes Sent By Job
	47429  -  Total Bytes Received By Job
	Partitionable Resources :    Usage  Request          
	   Cpus                 :                 1          
	   Disk (KB)            :      571      571          
	   Memory (MB)          :        3        3          
...
