000 (426428.000.000) 06/22 20:50:05 Job submitted from host: <18.12.1.74:48322>
...
001 (426428.000.000) 06/22 20:50:48 Job executing on host: <18.12.8.232:49271>
...
006 (426428.000.000) 06/22 20:50:56 Image size of job updated: 93700
	1  -  MemoryUsage of job (MB)
	156  -  ResidentSetSize of job (KB)
...
006 (426428.000.000) 06/22 20:51:02 Image size of job updated: 150500
	1  -  MemoryUsage of job (MB)
	156  -  ResidentSetSize of job (KB)
...
004 (426428.000.000) 06/22 20:51:02 Job was evicted.
	(0) Job was not checkpointed.
		Usr 0 00:00:00, Sys 0 00:00:00  -  Run Remote Usage
		Usr 0 00:00:00, Sys 0 00:00:00  -  Run Local Usage
	0  -  Run Bytes Sent By Job
	41910  -  Run Bytes Received By Job
	Partitionable Resources :    Usage  Request          
	   Cpus                 :                 1          
	   Disk (KB)            :      550      550          
	   Memory (MB)          :        1        1          
...
009 (426428.000.000) 06/22 20:51:10 Job was aborted by the user.
	via condor_rm (by user rkunnawa)
...
000 (426569.000.000) 06/22 20:51:42 Job submitted from host: <18.12.1.74:48322>
...
001 (426569.000.000) 06/22 20:52:11 Job executing on host: <18.12.9.64:47738>
...
006 (426569.000.000) 06/22 20:52:20 Image size of job updated: 245640
	59  -  MemoryUsage of job (MB)
	59836  -  ResidentSetSize of job (KB)
...
006 (426569.000.000) 06/22 20:56:27 Image size of job updated: 248024
	59  -  MemoryUsage of job (MB)
	59836  -  ResidentSetSize of job (KB)
...
005 (426569.000.000) 06/22 20:56:28 Job terminated.
	(1) Normal termination (return value 0)
		Usr 0 00:03:02, Sys 0 00:00:04  -  Run Remote Usage
		Usr 0 00:00:00, Sys 0 00:00:00  -  Run Local Usage
		Usr 0 00:03:02, Sys 0 00:00:04  -  Total Remote Usage
		Usr 0 00:00:00, Sys 0 00:00:00  -  Total Local Usage
	495550  -  Run Bytes Sent By Job
	41910  -  Run Bytes Received By Job
	495550  -  Total Bytes Sent By Job
	41910  -  Total Bytes Received By Job
	Partitionable Resources :    Usage  Request          
	   Cpus                 :                 1          
	   Disk (KB)            :      550      550          
	   Memory (MB)          :       59       59          
...
