
----------------------------------------------------
Job started on Mon Jun 29 21:56:50 EDT 2015 at WN: t2bat0327.cmsaf.mit.edu 
Job is running on Linux t2bat0327.cmsaf.mit.edu 2.6.32-358.el6.x86_64 #1 SMP Fri Feb 22 20:37:17 CST 2013 x86_64 x86_64 x86_64 GNU/Linux
Filesystem            Size  Used Avail Use% Mounted on
/dev/sda3              20G  2.9G   16G  16% /
tmpfs                  32G     0   32G   0% /dev/shm
/dev/sda1              97M   32M   61M  35% /boot
/dev/sda4             416G   98G  319G  24% /export/data1
fuse_dfs              4.9P  4.4P  527T  90% /mnt/hadoop
/dev/sdb1             3.6T  3.2T  420G  89% /export/00b
/dev/sdc1             3.6T  3.2T  395G  90% /export/00c
/dev/sdd1             3.6T  3.2T  409G  89% /export/00d
/dev/sde1             3.6T  3.2T  406G  89% /export/00e
/dev/sdf1             3.6T  3.2T  401G  90% /export/00f
/dev/sdg1             3.6T  3.2T  411G  89% /export/00g
cvmfs2                 98G   92G  6.6G  94% /cvmfs/cms.cern.ch
t2srv0004:/export/db  135G  187M  135G   1% /net/t2srv0004/db
cvmfs2                 98G   92G  6.6G  94% /cvmfs/cvmfs.cmsaf.mit.edu
cvmfs2                 98G   92G  6.6G  94% /cvmfs/oasis.opensciencegrid.org
gcc (GCC) 4.4.7 20120313 (Red Hat 4.4.7-3)
Copyright (C) 2010 Free Software Foundation, Inc.
This is free software; see the source for copying conditions.  There is NO
warranty; not even for MERCHANTABILITY or FITNESS FOR A PARTICULAR PURPOSE.

Processing...
0/78412
10000/78412
20000/78412
30000/78412
40000/78412
50000/78412
60000/78412
70000/78412
Macro finished: 
CPU time (min)  = 0.819333
Real time (min) = 1.20234
Done!
Copied output files to hadoop rootfiles/JetRAA/June22
