000 (426524.000.000) 06/22 20:50:14 Job submitted from host: <18.12.1.74:48322>
...
001 (426524.000.000) 06/22 20:50:57 Job executing on host: <18.12.6.28:41825>
...
006 (426524.000.000) 06/22 20:51:02 Image size of job updated: 245176
	0  -  MemoryUsage of job (MB)
	0  -  ResidentSetSize of job (KB)
...
004 (426524.000.000) 06/22 20:51:02 Job was evicted.
	(0) Job was not checkpointed.
		Usr 0 00:00:02, Sys 0 00:00:00  -  Run Remote Usage
		Usr 0 00:00:00, Sys 0 00:00:00  -  Run Local Usage
	0  -  Run Bytes Sent By Job
	41910  -  Run Bytes Received By Job
	Partitionable Resources :    Usage  Request          
	   Cpus                 :                 1          
	   Disk (KB)            :      550      550          
	   Memory (MB)          :        0        0          
...
009 (426524.000.000) 06/22 20:51:10 Job was aborted by the user.
	via condor_rm (by user rkunnawa)
...
000 (426617.000.000) 06/22 20:51:46 Job submitted from host: <18.12.1.74:48322>
...
001 (426617.000.000) 06/22 20:52:19 Job executing on host: <18.12.9.32:49125>
...
006 (426617.000.000) 06/22 20:52:28 Image size of job updated: 74564
	15  -  MemoryUsage of job (MB)
	14548  -  ResidentSetSize of job (KB)
...
006 (426617.000.000) 06/22 20:57:29 Image size of job updated: 247156
	130  -  MemoryUsage of job (MB)
	132480  -  ResidentSetSize of job (KB)
...
006 (426617.000.000) 06/22 21:02:30 Image size of job updated: 247232
	131  -  MemoryUsage of job (MB)
	133168  -  ResidentSetSize of job (KB)
...
005 (426617.000.000) 06/22 21:03:35 Job terminated.
	(1) Normal termination (return value 0)
		Usr 0 00:02:37, Sys 0 00:00:03  -  Run Remote Usage
		Usr 0 00:00:00, Sys 0 00:00:00  -  Run Local Usage
		Usr 0 00:02:37, Sys 0 00:00:03  -  Total Remote Usage
		Usr 0 00:00:00, Sys 0 00:00:00  -  Total Local Usage
	495467  -  Run Bytes Sent By Job
	41910  -  Run Bytes Received By Job
	495467  -  Total Bytes Sent By Job
	41910  -  Total Bytes Received By Job
	Partitionable Resources :    Usage  Request          
	   Cpus                 :                 1          
	   Disk (KB)            :      550      550          
	   Memory (MB)          :      131      131          
...
000 (491961.000.000) 06/29 09:48:27 Job submitted from host: <18.12.1.74:48322>
...
001 (491961.000.000) 06/29 09:49:05 Job executing on host: <18.12.8.147:44307>
...
006 (491961.000.000) 06/29 09:49:15 Image size of job updated: 66504
	9  -  MemoryUsage of job (MB)
	8772  -  ResidentSetSize of job (KB)
...
006 (491961.000.000) 06/29 09:53:05 Image size of job updated: 247116
	9  -  MemoryUsage of job (MB)
	8772  -  ResidentSetSize of job (KB)
...
005 (491961.000.000) 06/29 09:53:05 Job terminated.
	(1) Normal termination (return value 0)
		Usr 0 00:01:13, Sys 0 00:00:01  -  Run Remote Usage
		Usr 0 00:00:00, Sys 0 00:00:00  -  Run Local Usage
		Usr 0 00:01:13, Sys 0 00:00:01  -  Total Remote Usage
		Usr 0 00:00:00, Sys 0 00:00:00  -  Total Local Usage
	508751  -  Run Bytes Sent By Job
	46550  -  Run Bytes Received By Job
	508751  -  Total Bytes Sent By Job
	46550  -  Total Bytes Received By Job
	Partitionable Resources :    Usage  Request          
	   Cpus                 :                 1          
	   Disk (KB)            :      568      568          
	   Memory (MB)          :        9        9          
...
000 (492700.000.000) 06/29 10:14:34 Job submitted from host: <18.12.1.74:48322>
...
001 (492700.000.000) 06/29 10:14:53 Job executing on host: <18.12.9.22:46059>
...
006 (492700.000.000) 06/29 10:15:02 Image size of job updated: 1
	3  -  MemoryUsage of job (MB)
	2372  -  ResidentSetSize of job (KB)
...
006 (492700.000.000) 06/29 10:17:33 Image size of job updated: 247124
	3  -  MemoryUsage of job (MB)
	2372  -  ResidentSetSize of job (KB)
...
005 (492700.000.000) 06/29 10:17:34 Job terminated.
	(1) Normal termination (return value 0)
		Usr 0 00:01:26, Sys 0 00:00:02  -  Run Remote Usage
		Usr 0 00:00:00, Sys 0 00:00:00  -  Run Local Usage
		Usr 0 00:01:26, Sys 0 00:00:02  -  Total Remote Usage
		Usr 0 00:00:00, Sys 0 00:00:00  -  Total Local Usage
	508838  -  Run Bytes Sent By Job
	46566  -  Run Bytes Received By Job
	508838  -  Total Bytes Sent By Job
	46566  -  Total Bytes Received By Job
	Partitionable Resources :    Usage  Request          
	   Cpus                 :                 1          
	   Disk (KB)            :      568      568          
	   Memory (MB)          :        3        3          
...
000 (495419.000.000) 06/29 21:59:50 Job submitted from host: <18.12.1.74:48322>
...
001 (495419.000.000) 06/29 21:59:57 Job executing on host: <18.12.9.25:47446>
...
006 (495419.000.000) 06/29 22:00:06 Image size of job updated: 1
	3  -  MemoryUsage of job (MB)
	2364  -  ResidentSetSize of job (KB)
...
006 (495419.000.000) 06/29 22:03:31 Image size of job updated: 248072
	3  -  MemoryUsage of job (MB)
	2364  -  ResidentSetSize of job (KB)
...
005 (495419.000.000) 06/29 22:03:31 Job terminated.
	(1) Normal termination (return value 0)
		Usr 0 00:01:15, Sys 0 00:00:02  -  Run Remote Usage
		Usr 0 00:00:00, Sys 0 00:00:00  -  Run Local Usage
		Usr 0 00:01:15, Sys 0 00:00:02  -  Total Remote Usage
		Usr 0 00:00:00, Sys 0 00:00:00  -  Total Local Usage
	509249  -  Run Bytes Sent By Job
	46564  -  Run Bytes Received By Job
	509249  -  Total Bytes Sent By Job
	46564  -  Total Bytes Received By Job
	Partitionable Resources :    Usage  Request          
	   Cpus                 :                 1          
	   Disk (KB)            :      568      568          
	   Memory (MB)          :        3        3          
...
