000 (426692.000.000) 06/22 20:54:21 Job submitted from host: <18.12.1.74:48322>
...
001 (426692.000.000) 06/22 20:54:46 Job executing on host: <18.12.8.214:44088>
...
006 (426692.000.000) 06/22 20:54:55 Image size of job updated: 243216
	64  -  MemoryUsage of job (MB)
	65080  -  ResidentSetSize of job (KB)
...
006 (426692.000.000) 06/22 20:59:56 Image size of job updated: 245888
	129  -  MemoryUsage of job (MB)
	131096  -  ResidentSetSize of job (KB)
...
005 (426692.000.000) 06/22 21:00:14 Job terminated.
	(1) Normal termination (return value 0)
		Usr 0 00:03:53, Sys 0 00:00:05  -  Run Remote Usage
		Usr 0 00:00:00, Sys 0 00:00:00  -  Run Local Usage
		Usr 0 00:03:53, Sys 0 00:00:05  -  Total Remote Usage
		Usr 0 00:00:00, Sys 0 00:00:00  -  Total Local Usage
	495306  -  Run Bytes Sent By Job
	41910  -  Run Bytes Received By Job
	495306  -  Total Bytes Sent By Job
	41910  -  Total Bytes Received By Job
	Partitionable Resources :    Usage  Request          
	   Cpus                 :                 1          
	   Disk (KB)            :      550      550          
	   Memory (MB)          :      129      129          
...
000 (428105.000.000) 06/23 16:48:29 Job submitted from host: <18.12.1.74:48322>
...
001 (428105.000.000) 06/23 16:48:40 Job executing on host: <18.12.8.3:46059>
...
006 (428105.000.000) 06/23 16:48:48 Image size of job updated: 1
	3  -  MemoryUsage of job (MB)
	2352  -  ResidentSetSize of job (KB)
...
006 (428105.000.000) 06/23 16:53:48 Image size of job updated: 245924
	128  -  MemoryUsage of job (MB)
	130672  -  ResidentSetSize of job (KB)
...
005 (428105.000.000) 06/23 16:54:04 Job terminated.
	(1) Normal termination (return value 0)
		Usr 0 00:03:34, Sys 0 00:00:03  -  Run Remote Usage
		Usr 0 00:00:00, Sys 0 00:00:00  -  Run Local Usage
		Usr 0 00:03:34, Sys 0 00:00:03  -  Total Remote Usage
		Usr 0 00:00:00, Sys 0 00:00:00  -  Total Local Usage
	511624  -  Run Bytes Sent By Job
	47429  -  Run Bytes Received By Job
	511624  -  Total Bytes Sent By Job
	47429  -  Total Bytes Received By Job
	Partitionable Resources :    Usage  Request          
	   Cpus                 :                 1          
	   Disk (KB)            :      572      572          
	   Memory (MB)          :      128      128          
...
