000 (426439.000.000) 06/22 20:50:06 Job submitted from host: <18.12.1.74:48322>
...
001 (426439.000.000) 06/22 20:50:45 Job executing on host: <18.12.8.114:45475>
...
006 (426439.000.000) 06/22 20:50:53 Image size of job updated: 13384
	2  -  MemoryUsage of job (MB)
	1964  -  ResidentSetSize of job (KB)
...
006 (426439.000.000) 06/22 20:51:02 Image size of job updated: 245548
	2  -  MemoryUsage of job (MB)
	1964  -  ResidentSetSize of job (KB)
...
004 (426439.000.000) 06/22 20:51:02 Job was evicted.
	(0) Job was not checkpointed.
		Usr 0 00:00:02, Sys 0 00:00:00  -  Run Remote Usage
		Usr 0 00:00:00, Sys 0 00:00:00  -  Run Local Usage
	0  -  Run Bytes Sent By Job
	41910  -  Run Bytes Received By Job
	Partitionable Resources :    Usage  Request          
	   Cpus                 :                 1          
	   Disk (KB)            :      550      550          
	   Memory (MB)          :        2        2          
...
009 (426439.000.000) 06/22 20:51:10 Job was aborted by the user.
	via condor_rm (by user rkunnawa)
...
000 (491863.000.000) 06/29 09:48:11 Job submitted from host: <18.12.1.74:48322>
...
001 (491863.000.000) 06/29 09:48:22 Job executing on host: <18.12.8.26:45694>
...
006 (491863.000.000) 06/29 09:48:31 Image size of job updated: 184652
	52  -  MemoryUsage of job (MB)
	52340  -  ResidentSetSize of job (KB)
...
006 (491863.000.000) 06/29 09:51:10 Image size of job updated: 247304
	52  -  MemoryUsage of job (MB)
	52340  -  ResidentSetSize of job (KB)
...
005 (491863.000.000) 06/29 09:51:10 Job terminated.
	(1) Normal termination (return value 0)
		Usr 0 00:02:09, Sys 0 00:00:04  -  Run Remote Usage
		Usr 0 00:00:00, Sys 0 00:00:00  -  Run Local Usage
		Usr 0 00:02:09, Sys 0 00:00:04  -  Total Remote Usage
		Usr 0 00:00:00, Sys 0 00:00:00  -  Total Local Usage
	508780  -  Run Bytes Sent By Job
	46550  -  Run Bytes Received By Job
	508780  -  Total Bytes Sent By Job
	46550  -  Total Bytes Received By Job
	Partitionable Resources :    Usage  Request          
	   Cpus                 :                 1          
	   Disk (KB)            :      568      568          
	   Memory (MB)          :       52       52          
...
000 (492615.000.000) 06/29 10:14:16 Job submitted from host: <18.12.1.74:48322>
...
001 (492615.000.000) 06/29 10:14:43 Job executing on host: <18.12.8.194:43139>
...
006 (492615.000.000) 06/29 10:14:51 Image size of job updated: 68656
	13  -  MemoryUsage of job (MB)
	12860  -  ResidentSetSize of job (KB)
...
006 (492615.000.000) 06/29 10:17:33 Image size of job updated: 247316
	13  -  MemoryUsage of job (MB)
	12860  -  ResidentSetSize of job (KB)
...
005 (492615.000.000) 06/29 10:17:33 Job terminated.
	(1) Normal termination (return value 0)
		Usr 0 00:01:50, Sys 0 00:00:01  -  Run Remote Usage
		Usr 0 00:00:00, Sys 0 00:00:00  -  Run Local Usage
		Usr 0 00:01:50, Sys 0 00:00:01  -  Total Remote Usage
		Usr 0 00:00:00, Sys 0 00:00:00  -  Total Local Usage
	509004  -  Run Bytes Sent By Job
	46566  -  Run Bytes Received By Job
	509004  -  Total Bytes Sent By Job
	46566  -  Total Bytes Received By Job
	Partitionable Resources :    Usage  Request          
	   Cpus                 :                 1          
	   Disk (KB)            :      568      568          
	   Memory (MB)          :       13       13          
...
000 (495334.000.000) 06/29 21:59:32 Job submitted from host: <18.12.1.74:48322>
...
001 (495334.000.000) 06/29 21:59:47 Job executing on host: <18.12.8.188:44161>
...
006 (495334.000.000) 06/29 21:59:55 Image size of job updated: 1
	3  -  MemoryUsage of job (MB)
	2364  -  ResidentSetSize of job (KB)
...
006 (495334.000.000) 06/29 22:02:42 Image size of job updated: 247868
	3  -  MemoryUsage of job (MB)
	2364  -  ResidentSetSize of job (KB)
...
005 (495334.000.000) 06/29 22:02:42 Job terminated.
	(1) Normal termination (return value 0)
		Usr 0 00:01:50, Sys 0 00:00:02  -  Run Remote Usage
		Usr 0 00:00:00, Sys 0 00:00:00  -  Run Local Usage
		Usr 0 00:01:50, Sys 0 00:00:02  -  Total Remote Usage
		Usr 0 00:00:00, Sys 0 00:00:00  -  Total Local Usage
	509005  -  Run Bytes Sent By Job
	46564  -  Run Bytes Received By Job
	509005  -  Total Bytes Sent By Job
	46564  -  Total Bytes Received By Job
	Partitionable Resources :    Usage  Request          
	   Cpus                 :                 1          
	   Disk (KB)            :      568      568          
	   Memory (MB)          :        3        3          
...
