
----------------------------------------------------
Job started on Mon Jun 29 21:59:41 EDT 2015 at WN: hibat0014.cmsaf.mit.edu 
Job is running on Linux hibat0014.cmsaf.mit.edu 2.6.32-358.el6.x86_64 #1 SMP Fri Feb 22 20:37:17 CST 2013 x86_64 x86_64 x86_64 GNU/Linux
Filesystem            Size  Used Avail Use% Mounted on
/dev/sda3              20G  5.5G   14G  30% /
tmpfs                  24G     0   24G   0% /dev/shm
/dev/sda1              97M   32M   61M  35% /boot
/dev/sda4             1.8T  101G  1.7T   6% /export/data1
/dev/sdb1             1.8T  1.7T  144G  93% /export/00b
/dev/sdc1             1.8T  1.7T  119G  94% /export/00c
/dev/sdd1             1.8T  1.7T  149G  92% /export/00d
/dev/sde1             1.8T  1.5T  311G  84% /export/00e
/dev/sdf1             1.8T  1.5T  307G  84% /export/00f
fuse_dfs              4.9P  4.4P  527T  90% /mnt/hadoop
cvmfs2                 98G   98G  563M 100% /cvmfs/cms.cern.ch
t2srv0004:/export/db  135G  187M  135G   1% /net/t2srv0004/db
cvmfs2                 98G   98G  563M 100% /cvmfs/cvmfs.cmsaf.mit.edu
cvmfs2                 98G   98G  563M 100% /cvmfs/oasis.opensciencegrid.org
gcc (GCC) 4.4.7 20120313 (Red Hat 4.4.7-3)
Copyright (C) 2010 Free Software Foundation, Inc.
This is free software; see the source for copying conditions.  There is NO
warranty; not even for MERCHANTABILITY or FITNESS FOR A PARTICULAR PURPOSE.

Processing...
0/66013
10000/66013
20000/66013
30000/66013
40000/66013
50000/66013
60000/66013
Macro finished: 
CPU time (min)  = 0.786833
Real time (min) = 1.02357
Done!
Copied output files to hadoop rootfiles/JetRAA/June22
