000 (426654.000.000) 06/22 20:54:17 Job submitted from host: <18.12.1.74:48322>
...
001 (426654.000.000) 06/22 20:54:43 Job executing on host: <18.12.6.19:40365>
...
006 (426654.000.000) 06/22 20:54:51 Image size of job updated: 1
	3  -  MemoryUsage of job (MB)
	2352  -  ResidentSetSize of job (KB)
...
006 (426654.000.000) 06/22 20:59:51 Image size of job updated: 245936
	128  -  MemoryUsage of job (MB)
	130808  -  ResidentSetSize of job (KB)
...
005 (426654.000.000) 06/22 20:59:54 Job terminated.
	(1) Normal termination (return value 0)
		Usr 0 00:04:02, Sys 0 00:00:05  -  Run Remote Usage
		Usr 0 00:00:00, Sys 0 00:00:00  -  Run Local Usage
		Usr 0 00:04:02, Sys 0 00:00:05  -  Total Remote Usage
		Usr 0 00:00:00, Sys 0 00:00:00  -  Total Local Usage
	495227  -  Run Bytes Sent By Job
	41910  -  Run Bytes Received By Job
	495227  -  Total Bytes Sent By Job
	41910  -  Total Bytes Received By Job
	Partitionable Resources :    Usage  Request          
	   Cpus                 :                 1          
	   Disk (KB)            :      550      550          
	   Memory (MB)          :      128      128          
...
000 (428067.000.000) 06/23 16:48:25 Job submitted from host: <18.12.1.74:48322>
...
001 (428067.000.000) 06/23 16:48:38 Job executing on host: <18.12.12.66:48176>
...
006 (428067.000.000) 06/23 16:48:47 Image size of job updated: 1196
	1  -  MemoryUsage of job (MB)
	152  -  ResidentSetSize of job (KB)
...
006 (428067.000.000) 06/23 16:53:48 Image size of job updated: 246000
	127  -  MemoryUsage of job (MB)
	129184  -  ResidentSetSize of job (KB)
...
005 (428067.000.000) 06/23 16:54:12 Job terminated.
	(1) Normal termination (return value 0)
		Usr 0 00:03:17, Sys 0 00:00:03  -  Run Remote Usage
		Usr 0 00:00:00, Sys 0 00:00:00  -  Run Local Usage
		Usr 0 00:03:17, Sys 0 00:00:03  -  Total Remote Usage
		Usr 0 00:00:00, Sys 0 00:00:00  -  Total Local Usage
	511912  -  Run Bytes Sent By Job
	47429  -  Run Bytes Received By Job
	511912  -  Total Bytes Sent By Job
	47429  -  Total Bytes Received By Job
	Partitionable Resources :    Usage  Request          
	   Cpus                 :                 1          
	   Disk (KB)            :      572      572          
	   Memory (MB)          :      127      127          
...
000 (429271.000.000) 06/24 21:28:15 Job submitted from host: <18.12.1.74:48322>
...
001 (429271.000.000) 06/24 21:28:30 Job executing on host: <18.12.9.9:48395>
...
006 (429271.000.000) 06/24 21:28:38 Image size of job updated: 93696
	3  -  MemoryUsage of job (MB)
	2432  -  ResidentSetSize of job (KB)
...
006 (429271.000.000) 06/24 21:28:45 Image size of job updated: 244464
	3  -  MemoryUsage of job (MB)
	2432  -  ResidentSetSize of job (KB)
...
004 (429271.000.000) 06/24 21:28:45 Job was evicted.
	(0) Job was not checkpointed.
		Usr 0 00:00:08, Sys 0 00:00:00  -  Run Remote Usage
		Usr 0 00:00:00, Sys 0 00:00:00  -  Run Local Usage
	0  -  Run Bytes Sent By Job
	47961  -  Run Bytes Received By Job
	Partitionable Resources :    Usage  Request          
	   Cpus                 :                 1          
	   Disk (KB)            :      573      573          
	   Memory (MB)          :        3        3          
...
009 (429271.000.000) 06/24 21:28:52 Job was aborted by the user.
	via condor_rm (by user rkunnawa)
...
000 (429370.000.000) 06/24 21:33:19 Job submitted from host: <18.12.1.74:48322>
...
001 (429370.000.000) 06/24 21:33:53 Job executing on host: <18.12.9.59:44891>
...
006 (429370.000.000) 06/24 21:34:01 Image size of job updated: 153272
	39  -  MemoryUsage of job (MB)
	39072  -  ResidentSetSize of job (KB)
...
006 (429370.000.000) 06/24 21:36:32 Image size of job updated: 244976
	39  -  MemoryUsage of job (MB)
	39072  -  ResidentSetSize of job (KB)
...
005 (429370.000.000) 06/24 21:36:33 Job terminated.
	(1) Normal termination (return value 0)
		Usr 0 00:01:37, Sys 0 00:00:01  -  Run Remote Usage
		Usr 0 00:00:00, Sys 0 00:00:00  -  Run Local Usage
		Usr 0 00:01:37, Sys 0 00:00:01  -  Total Remote Usage
		Usr 0 00:00:00, Sys 0 00:00:00  -  Total Local Usage
	512579  -  Run Bytes Sent By Job
	47957  -  Run Bytes Received By Job
	512579  -  Total Bytes Sent By Job
	47957  -  Total Bytes Received By Job
	Partitionable Resources :    Usage  Request          
	   Cpus                 :                 1          
	   Disk (KB)            :      573      573          
	   Memory (MB)          :       39       39          
...
000 (429551.000.000) 06/24 21:47:58 Job submitted from host: <18.12.1.74:48322>
...
001 (429551.000.000) 06/24 21:48:07 Job executing on host: <18.12.9.41:42410>
...
006 (429551.000.000) 06/24 21:48:15 Image size of job updated: 1
	3  -  MemoryUsage of job (MB)
	2356  -  ResidentSetSize of job (KB)
...
006 (429551.000.000) 06/24 21:53:15 Image size of job updated: 244976
	84  -  MemoryUsage of job (MB)
	85232  -  ResidentSetSize of job (KB)
...
005 (429551.000.000) 06/24 21:55:27 Job terminated.
	(1) Normal termination (return value 0)
		Usr 0 00:01:49, Sys 0 00:00:03  -  Run Remote Usage
		Usr 0 00:00:00, Sys 0 00:00:00  -  Run Local Usage
		Usr 0 00:01:49, Sys 0 00:00:03  -  Total Remote Usage
		Usr 0 00:00:00, Sys 0 00:00:00  -  Total Local Usage
	513002  -  Run Bytes Sent By Job
	47957  -  Run Bytes Received By Job
	513002  -  Total Bytes Sent By Job
	47957  -  Total Bytes Received By Job
	Partitionable Resources :    Usage  Request          
	   Cpus                 :                 1          
	   Disk (KB)            :      573      573          
	   Memory (MB)          :       84       84          
...
000 (451299.000.000) 06/25 11:40:09 Job submitted from host: <18.12.1.74:48322>
...
001 (451299.000.000) 06/25 11:40:46 Job executing on host: <18.12.9.60:41752>
...
006 (451299.000.000) 06/25 11:40:54 Image size of job updated: 153284
	39  -  MemoryUsage of job (MB)
	39056  -  ResidentSetSize of job (KB)
...
006 (451299.000.000) 06/25 11:44:28 Image size of job updated: 189704
	39  -  MemoryUsage of job (MB)
	39056  -  ResidentSetSize of job (KB)
...
005 (451299.000.000) 06/25 11:44:29 Job terminated.
	(1) Normal termination (return value 0)
		Usr 0 00:02:39, Sys 0 00:00:04  -  Run Remote Usage
		Usr 0 00:00:00, Sys 0 00:00:00  -  Run Local Usage
		Usr 0 00:02:39, Sys 0 00:00:04  -  Total Remote Usage
		Usr 0 00:00:00, Sys 0 00:00:00  -  Total Local Usage
	15395701  -  Run Bytes Sent By Job
	46060  -  Run Bytes Received By Job
	15395701  -  Total Bytes Sent By Job
	46060  -  Total Bytes Received By Job
	Partitionable Resources :    Usage  Request          
	   Cpus                 :                 1          
	   Disk (KB)            :    15105    15105          
	   Memory (MB)          :       39       39          
...
000 (452088.000.000) 06/26 10:10:27 Job submitted from host: <18.12.1.74:48322>
...
001 (452088.000.000) 06/26 10:10:53 Job executing on host: <18.12.8.179:49928>
...
006 (452088.000.000) 06/26 10:11:02 Image size of job updated: 1
	3  -  MemoryUsage of job (MB)
	2352  -  ResidentSetSize of job (KB)
...
006 (452088.000.000) 06/26 10:14:42 Image size of job updated: 189680
	3  -  MemoryUsage of job (MB)
	2352  -  ResidentSetSize of job (KB)
...
005 (452088.000.000) 06/26 10:14:43 Job terminated.
	(1) Normal termination (return value 0)
		Usr 0 00:01:26, Sys 0 00:00:02  -  Run Remote Usage
		Usr 0 00:00:00, Sys 0 00:00:00  -  Run Local Usage
		Usr 0 00:01:26, Sys 0 00:00:02  -  Total Remote Usage
		Usr 0 00:00:00, Sys 0 00:00:00  -  Total Local Usage
	8548379  -  Run Bytes Sent By Job
	46038  -  Run Bytes Received By Job
	8548379  -  Total Bytes Sent By Job
	46038  -  Total Bytes Received By Job
	Partitionable Resources :    Usage  Request          
	   Cpus                 :                 1          
	   Disk (KB)            :     8419     8419          
	   Memory (MB)          :        3        3          
...
000 (472765.000.000) 06/26 16:38:23 Job submitted from host: <18.12.1.74:48322>
...
001 (472765.000.000) 06/26 16:38:50 Job executing on host: <18.12.8.195:46059>
...
006 (472765.000.000) 06/26 16:38:58 Image size of job updated: 143780
	22  -  MemoryUsage of job (MB)
	22208  -  ResidentSetSize of job (KB)
...
006 (472765.000.000) 06/26 16:43:15 Image size of job updated: 189708
	22  -  MemoryUsage of job (MB)
	22208  -  ResidentSetSize of job (KB)
...
005 (472765.000.000) 06/26 16:43:15 Job terminated.
	(1) Normal termination (return value 0)
		Usr 0 00:03:27, Sys 0 00:00:05  -  Run Remote Usage
		Usr 0 00:00:00, Sys 0 00:00:00  -  Run Local Usage
		Usr 0 00:03:27, Sys 0 00:00:05  -  Total Remote Usage
		Usr 0 00:00:00, Sys 0 00:00:00  -  Total Local Usage
	15396236  -  Run Bytes Sent By Job
	46344  -  Run Bytes Received By Job
	15396236  -  Total Bytes Sent By Job
	46344  -  Total Bytes Received By Job
	Partitionable Resources :    Usage  Request          
	   Cpus                 :                 1          
	   Disk (KB)            :    15106    15106          
	   Memory (MB)          :       22       22          
...
000 (491659.000.000) 06/29 09:41:42 Job submitted from host: <18.12.1.74:48322>
...
001 (491659.000.000) 06/29 09:41:57 Job executing on host: <18.12.8.113:46716>
...
006 (491659.000.000) 06/29 09:42:05 Image size of job updated: 68652
	13  -  MemoryUsage of job (MB)
	12840  -  ResidentSetSize of job (KB)
...
006 (491659.000.000) 06/29 09:46:22 Image size of job updated: 244120
	13  -  MemoryUsage of job (MB)
	12840  -  ResidentSetSize of job (KB)
...
005 (491659.000.000) 06/29 09:46:22 Job terminated.
	(1) Normal termination (return value 0)
		Usr 0 00:01:30, Sys 0 00:00:02  -  Run Remote Usage
		Usr 0 00:00:00, Sys 0 00:00:00  -  Run Local Usage
		Usr 0 00:01:30, Sys 0 00:00:02  -  Total Remote Usage
		Usr 0 00:00:00, Sys 0 00:00:00  -  Total Local Usage
	508808  -  Run Bytes Sent By Job
	46550  -  Run Bytes Received By Job
	508808  -  Total Bytes Sent By Job
	46550  -  Total Bytes Received By Job
	Partitionable Resources :    Usage  Request          
	   Cpus                 :                 1          
	   Disk (KB)            :      568      568          
	   Memory (MB)          :       13       13          
...
000 (492773.000.000) 06/29 10:15:06 Job submitted from host: <18.12.1.74:48322>
...
001 (492773.000.000) 06/29 10:15:19 Job executing on host: <18.12.8.1:47592>
...
006 (492773.000.000) 06/29 10:15:28 Image size of job updated: 184944
	52  -  MemoryUsage of job (MB)
	52944  -  ResidentSetSize of job (KB)
...
006 (492773.000.000) 06/29 10:18:37 Image size of job updated: 244128
	52  -  MemoryUsage of job (MB)
	52944  -  ResidentSetSize of job (KB)
...
005 (492773.000.000) 06/29 10:18:37 Job terminated.
	(1) Normal termination (return value 0)
		Usr 0 00:02:01, Sys 0 00:00:03  -  Run Remote Usage
		Usr 0 00:00:00, Sys 0 00:00:00  -  Run Local Usage
		Usr 0 00:02:01, Sys 0 00:00:03  -  Total Remote Usage
		Usr 0 00:00:00, Sys 0 00:00:00  -  Total Local Usage
	509032  -  Run Bytes Sent By Job
	46566  -  Run Bytes Received By Job
	509032  -  Total Bytes Sent By Job
	46566  -  Total Bytes Received By Job
	Partitionable Resources :    Usage  Request          
	   Cpus                 :                 1          
	   Disk (KB)            :      568      568          
	   Memory (MB)          :       52       52          
...
000 (495130.000.000) 06/29 21:57:21 Job submitted from host: <18.12.1.74:48322>
...
001 (495130.000.000) 06/29 21:57:32 Job executing on host: <18.12.8.24:47373>
...
006 (495130.000.000) 06/29 21:57:40 Image size of job updated: 190268
	57  -  MemoryUsage of job (MB)
	57684  -  ResidentSetSize of job (KB)
...
006 (495130.000.000) 06/29 22:01:01 Image size of job updated: 245148
	57  -  MemoryUsage of job (MB)
	57684  -  ResidentSetSize of job (KB)
...
005 (495130.000.000) 06/29 22:01:02 Job terminated.
	(1) Normal termination (return value 0)
		Usr 0 00:02:27, Sys 0 00:00:05  -  Run Remote Usage
		Usr 0 00:00:00, Sys 0 00:00:00  -  Run Local Usage
		Usr 0 00:02:27, Sys 0 00:00:05  -  Total Remote Usage
		Usr 0 00:00:00, Sys 0 00:00:00  -  Total Local Usage
	508966  -  Run Bytes Sent By Job
	46564  -  Run Bytes Received By Job
	508966  -  Total Bytes Sent By Job
	46564  -  Total Bytes Received By Job
	Partitionable Resources :    Usage  Request          
	   Cpus                 :                 1          
	   Disk (KB)            :      568      568          
	   Memory (MB)          :       57       57          
...
000 (497264.000.000) 07/09 13:07:06 Job submitted from host: <18.12.1.74:48322>
...
001 (497264.000.000) 07/09 13:07:16 Job executing on host: <18.12.8.20:47957>
...
006 (497264.000.000) 07/09 13:07:25 Image size of job updated: 68652
	14  -  MemoryUsage of job (MB)
	13904  -  ResidentSetSize of job (KB)
...
006 (497264.000.000) 07/09 13:11:41 Image size of job updated: 244664
	14  -  MemoryUsage of job (MB)
	13904  -  ResidentSetSize of job (KB)
...
005 (497264.000.000) 07/09 13:11:41 Job terminated.
	(1) Normal termination (return value 0)
		Usr 0 00:01:43, Sys 0 00:00:01  -  Run Remote Usage
		Usr 0 00:00:00, Sys 0 00:00:00  -  Run Local Usage
		Usr 0 00:01:43, Sys 0 00:00:01  -  Total Remote Usage
		Usr 0 00:00:00, Sys 0 00:00:00  -  Total Local Usage
	509113  -  Run Bytes Sent By Job
	46648  -  Run Bytes Received By Job
	509113  -  Total Bytes Sent By Job
	46648  -  Total Bytes Received By Job
	Partitionable Resources :    Usage  Request          
	   Cpus                 :                 1          
	   Disk (KB)            :      568      568          
	   Memory (MB)          :       14       14          
...
000 (497454.000.000) 07/09 15:41:09 Job submitted from host: <18.12.1.74:48322>
...
001 (497454.000.000) 07/09 15:41:53 Job executing on host: <18.12.8.29:45621>
...
006 (497454.000.000) 07/09 15:42:02 Image size of job updated: 1
	3  -  MemoryUsage of job (MB)
	2372  -  ResidentSetSize of job (KB)
...
006 (497454.000.000) 07/09 15:45:42 Image size of job updated: 245156
	3  -  MemoryUsage of job (MB)
	2372  -  ResidentSetSize of job (KB)
...
005 (497454.000.000) 07/09 15:45:42 Job terminated.
	(1) Normal termination (return value 0)
		Usr 0 00:02:38, Sys 0 00:00:05  -  Run Remote Usage
		Usr 0 00:00:00, Sys 0 00:00:00  -  Run Local Usage
		Usr 0 00:02:38, Sys 0 00:00:05  -  Total Remote Usage
		Usr 0 00:00:00, Sys 0 00:00:00  -  Total Local Usage
	509149  -  Run Bytes Sent By Job
	46609  -  Run Bytes Received By Job
	509149  -  Total Bytes Sent By Job
	46609  -  Total Bytes Received By Job
	Partitionable Resources :    Usage  Request          
	   Cpus                 :                 1          
	   Disk (KB)            :      568      568          
	   Memory (MB)          :        3        3          
...
000 (497752.000.000) 07/09 16:39:11 Job submitted from host: <18.12.1.74:48322>
...
001 (497752.000.000) 07/09 16:39:26 Job executing on host: <18.12.6.51:41022>
...
006 (497752.000.000) 07/09 16:39:35 Image size of job updated: 243588
	61  -  MemoryUsage of job (MB)
	61880  -  ResidentSetSize of job (KB)
...
006 (497752.000.000) 07/09 16:42:42 Image size of job updated: 244688
	61  -  MemoryUsage of job (MB)
	61880  -  ResidentSetSize of job (KB)
...
005 (497752.000.000) 07/09 16:42:42 Job terminated.
	(1) Normal termination (return value 0)
		Usr 0 00:02:20, Sys 0 00:00:02  -  Run Remote Usage
		Usr 0 00:00:00, Sys 0 00:00:00  -  Run Local Usage
		Usr 0 00:02:20, Sys 0 00:00:02  -  Total Remote Usage
		Usr 0 00:00:00, Sys 0 00:00:00  -  Total Local Usage
	509543  -  Run Bytes Sent By Job
	46604  -  Run Bytes Received By Job
	509543  -  Total Bytes Sent By Job
	46604  -  Total Bytes Received By Job
	Partitionable Resources :    Usage  Request          
	   Cpus                 :                 1          
	   Disk (KB)            :      569      569          
	   Memory (MB)          :       61       61          
...
000 (498094.000.000) 07/10 12:07:20 Job submitted from host: <18.12.1.74:48322>
...
001 (498094.000.000) 07/10 12:07:39 Job executing on host: <18.12.9.35:48614>
...
006 (498094.000.000) 07/10 12:07:47 Image size of job updated: 243588
	46  -  MemoryUsage of job (MB)
	46852  -  ResidentSetSize of job (KB)
...
006 (498094.000.000) 07/10 12:12:47 Image size of job updated: 244712
	113  -  MemoryUsage of job (MB)
	114984  -  ResidentSetSize of job (KB)
...
005 (498094.000.000) 07/10 12:12:53 Job terminated.
	(1) Normal termination (return value 0)
		Usr 0 00:01:57, Sys 0 00:00:05  -  Run Remote Usage
		Usr 0 00:00:00, Sys 0 00:00:00  -  Run Local Usage
		Usr 0 00:01:57, Sys 0 00:00:05  -  Total Remote Usage
		Usr 0 00:00:00, Sys 0 00:00:00  -  Total Local Usage
	509551  -  Run Bytes Sent By Job
	46586  -  Run Bytes Received By Job
	509551  -  Total Bytes Sent By Job
	46586  -  Total Bytes Received By Job
	Partitionable Resources :    Usage  Request          
	   Cpus                 :                 1          
	   Disk (KB)            :      706      706          
	   Memory (MB)          :      113      113          
...
000 (498550.000.000) 07/10 16:45:17 Job submitted from host: <18.12.1.74:48322>
...
001 (498550.000.000) 07/10 16:45:44 Job executing on host: <18.12.8.181:48614>
...
006 (498550.000.000) 07/10 16:45:51 Image size of job updated: 243788
	0  -  MemoryUsage of job (MB)
	0  -  ResidentSetSize of job (KB)
...
005 (498550.000.000) 07/10 17:26:55 Job terminated.
	(1) Normal termination (return value 0)
		Usr 0 00:00:00, Sys 0 00:00:00  -  Run Remote Usage
		Usr 0 00:00:00, Sys 0 00:00:00  -  Run Local Usage
		Usr 0 00:00:00, Sys 0 00:00:00  -  Total Remote Usage
		Usr 0 00:00:00, Sys 0 00:00:00  -  Total Local Usage
	519123  -  Run Bytes Sent By Job
	47454  -  Run Bytes Received By Job
	519123  -  Total Bytes Sent By Job
	47454  -  Total Bytes Received By Job
	Partitionable Resources :    Usage  Request          
	   Cpus                 :                 1          
	   Disk (KB)            :      579      579          
	   Memory (MB)          :        0        0          
...
