000 (426755.000.000) 06/22 20:55:17 Job submitted from host: <18.12.1.74:48322>
...
001 (426755.000.000) 06/22 20:55:28 Job executing on host: <18.12.8.172:40803>
...
006 (426755.000.000) 06/22 20:55:37 Image size of job updated: 147028
	35  -  MemoryUsage of job (MB)
	35380  -  ResidentSetSize of job (KB)
...
006 (426755.000.000) 06/22 20:59:55 Image size of job updated: 242892
	35  -  MemoryUsage of job (MB)
	35380  -  ResidentSetSize of job (KB)
...
005 (426755.000.000) 06/22 20:59:55 Job terminated.
	(1) Normal termination (return value 0)
		Usr 0 00:01:51, Sys 0 00:00:03  -  Run Remote Usage
		Usr 0 00:00:00, Sys 0 00:00:00  -  Run Local Usage
		Usr 0 00:01:51, Sys 0 00:00:03  -  Total Remote Usage
		Usr 0 00:00:00, Sys 0 00:00:00  -  Total Local Usage
	495048  -  Run Bytes Sent By Job
	41910  -  Run Bytes Received By Job
	495048  -  Total Bytes Sent By Job
	41910  -  Total Bytes Received By Job
	Partitionable Resources :    Usage  Request          
	   Cpus                 :                 1          
	   Disk (KB)            :      550      550          
	   Memory (MB)          :       35       35          
...
000 (492067.000.000) 06/29 09:51:40 Job submitted from host: <18.12.1.74:48322>
...
001 (492067.000.000) 06/29 09:52:09 Job executing on host: <18.12.9.3:40438>
...
006 (492067.000.000) 06/29 09:52:18 Image size of job updated: 241812
	87  -  MemoryUsage of job (MB)
	88252  -  ResidentSetSize of job (KB)
...
006 (492067.000.000) 06/29 09:54:31 Image size of job updated: 243404
	87  -  MemoryUsage of job (MB)
	88252  -  ResidentSetSize of job (KB)
...
005 (492067.000.000) 06/29 09:54:31 Job terminated.
	(1) Normal termination (return value 0)
		Usr 0 00:01:12, Sys 0 00:00:01  -  Run Remote Usage
		Usr 0 00:00:00, Sys 0 00:00:00  -  Run Local Usage
		Usr 0 00:01:12, Sys 0 00:00:01  -  Total Remote Usage
		Usr 0 00:00:00, Sys 0 00:00:00  -  Total Local Usage
	508862  -  Run Bytes Sent By Job
	46550  -  Run Bytes Received By Job
	508862  -  Total Bytes Sent By Job
	46550  -  Total Bytes Received By Job
	Partitionable Resources :    Usage  Request          
	   Cpus                 :                 1          
	   Disk (KB)            :      568      568          
	   Memory (MB)          :       87       87          
...
000 (492974.000.000) 06/29 10:16:43 Job submitted from host: <18.12.1.74:48322>
...
001 (492974.000.000) 06/29 10:16:46 Job executing on host: <18.12.8.124:43650>
...
006 (492974.000.000) 06/29 10:16:55 Image size of job updated: 1
	3  -  MemoryUsage of job (MB)
	2360  -  ResidentSetSize of job (KB)
...
006 (492974.000.000) 06/29 10:18:38 Image size of job updated: 242916
	3  -  MemoryUsage of job (MB)
	2360  -  ResidentSetSize of job (KB)
...
005 (492974.000.000) 06/29 10:18:39 Job terminated.
	(1) Normal termination (return value 0)
		Usr 0 00:00:58, Sys 0 00:00:02  -  Run Remote Usage
		Usr 0 00:00:00, Sys 0 00:00:00  -  Run Local Usage
		Usr 0 00:00:58, Sys 0 00:00:02  -  Total Remote Usage
		Usr 0 00:00:00, Sys 0 00:00:00  -  Total Local Usage
	509090  -  Run Bytes Sent By Job
	46566  -  Run Bytes Received By Job
	509090  -  Total Bytes Sent By Job
	46566  -  Total Bytes Received By Job
	Partitionable Resources :    Usage  Request          
	   Cpus                 :                 1          
	   Disk (KB)            :      568      568          
	   Memory (MB)          :        3        3          
...
000 (494969.000.000) 06/29 21:56:33 Job submitted from host: <18.12.1.74:48322>
...
001 (494969.000.000) 06/29 21:56:56 Job executing on host: <18.12.8.142:40657>
...
006 (494969.000.000) 06/29 21:57:04 Image size of job updated: 242368
	59  -  MemoryUsage of job (MB)
	60288  -  ResidentSetSize of job (KB)
...
006 (494969.000.000) 06/29 21:59:03 Image size of job updated: 243468
	59  -  MemoryUsage of job (MB)
	60288  -  ResidentSetSize of job (KB)
...
005 (494969.000.000) 06/29 21:59:04 Job terminated.
	(1) Normal termination (return value 0)
		Usr 0 00:01:02, Sys 0 00:00:03  -  Run Remote Usage
		Usr 0 00:00:00, Sys 0 00:00:00  -  Run Local Usage
		Usr 0 00:01:02, Sys 0 00:00:03  -  Total Remote Usage
		Usr 0 00:00:00, Sys 0 00:00:00  -  Total Local Usage
	508884  -  Run Bytes Sent By Job
	46564  -  Run Bytes Received By Job
	508884  -  Total Bytes Sent By Job
	46564  -  Total Bytes Received By Job
	Partitionable Resources :    Usage  Request          
	   Cpus                 :                 1          
	   Disk (KB)            :      568      568          
	   Memory (MB)          :       59       59          
...
