000 (426383.000.000) 06/22 20:50:00 Job submitted from host: <18.12.1.74:48322>
...
001 (426383.000.000) 06/22 20:50:45 Job executing on host: <18.12.12.8:48614>
...
006 (426383.000.000) 06/22 20:50:53 Image size of job updated: 147020
	32  -  MemoryUsage of job (MB)
	31908  -  ResidentSetSize of job (KB)
...
006 (426383.000.000) 06/22 20:51:02 Image size of job updated: 245076
	32  -  MemoryUsage of job (MB)
	31908  -  ResidentSetSize of job (KB)
...
004 (426383.000.000) 06/22 20:51:02 Job was evicted.
	(0) Job was not checkpointed.
		Usr 0 00:00:03, Sys 0 00:00:00  -  Run Remote Usage
		Usr 0 00:00:00, Sys 0 00:00:00  -  Run Local Usage
	0  -  Run Bytes Sent By Job
	41910  -  Run Bytes Received By Job
	Partitionable Resources :    Usage  Request          
	   Cpus                 :                 1          
	   Disk (KB)            :      550      550          
	   Memory (MB)          :       32       32          
...
009 (426383.000.000) 06/22 20:51:10 Job was aborted by the user.
	via condor_rm (by user rkunnawa)
...
000 (491807.000.000) 06/29 09:48:05 Job submitted from host: <18.12.1.74:48322>
...
001 (491807.000.000) 06/29 09:48:20 Job executing on host: <18.12.8.145:47227>
...
006 (491807.000.000) 06/29 09:48:28 Image size of job updated: 1
	3  -  MemoryUsage of job (MB)
	2372  -  ResidentSetSize of job (KB)
...
006 (491807.000.000) 06/29 09:49:04 Image size of job updated: 247640
	3  -  MemoryUsage of job (MB)
	2372  -  ResidentSetSize of job (KB)
...
005 (491807.000.000) 06/29 09:49:04 Job terminated.
	(1) Normal termination (return value 0)
		Usr 0 00:00:24, Sys 0 00:00:00  -  Run Remote Usage
		Usr 0 00:00:00, Sys 0 00:00:00  -  Run Local Usage
		Usr 0 00:00:24, Sys 0 00:00:00  -  Total Remote Usage
		Usr 0 00:00:00, Sys 0 00:00:00  -  Total Local Usage
	508612  -  Run Bytes Sent By Job
	46550  -  Run Bytes Received By Job
	508612  -  Total Bytes Sent By Job
	46550  -  Total Bytes Received By Job
	Partitionable Resources :    Usage  Request          
	   Cpus                 :                 1          
	   Disk (KB)            :      568      568          
	   Memory (MB)          :        3        3          
...
000 (492559.000.000) 06/29 10:14:04 Job submitted from host: <18.12.1.74:48322>
...
001 (492559.000.000) 06/29 10:14:15 Job executing on host: <18.12.8.224:40730>
...
006 (492559.000.000) 06/29 10:14:24 Image size of job updated: 147020
	32  -  MemoryUsage of job (MB)
	31892  -  ResidentSetSize of job (KB)
...
006 (492559.000.000) 06/29 10:15:07 Image size of job updated: 247652
	32  -  MemoryUsage of job (MB)
	31892  -  ResidentSetSize of job (KB)
...
005 (492559.000.000) 06/29 10:15:07 Job terminated.
	(1) Normal termination (return value 0)
		Usr 0 00:00:31, Sys 0 00:00:00  -  Run Remote Usage
		Usr 0 00:00:00, Sys 0 00:00:00  -  Run Local Usage
		Usr 0 00:00:31, Sys 0 00:00:00  -  Total Remote Usage
		Usr 0 00:00:00, Sys 0 00:00:00  -  Total Local Usage
	508979  -  Run Bytes Sent By Job
	46566  -  Run Bytes Received By Job
	508979  -  Total Bytes Sent By Job
	46566  -  Total Bytes Received By Job
	Partitionable Resources :    Usage  Request          
	   Cpus                 :                 1          
	   Disk (KB)            :      568      568          
	   Memory (MB)          :       32       32          
...
000 (495278.000.000) 06/29 21:59:25 Job submitted from host: <18.12.1.74:48322>
...
001 (495278.000.000) 06/29 21:59:40 Job executing on host: <18.12.8.249:44161>
...
006 (495278.000.000) 06/29 21:59:49 Image size of job updated: 141444
	18  -  MemoryUsage of job (MB)
	17756  -  ResidentSetSize of job (KB)
...
006 (495278.000.000) 06/29 22:00:53 Image size of job updated: 248204
	18  -  MemoryUsage of job (MB)
	17756  -  ResidentSetSize of job (KB)
...
005 (495278.000.000) 06/29 22:00:53 Job terminated.
	(1) Normal termination (return value 0)
		Usr 0 00:00:32, Sys 0 00:00:00  -  Run Remote Usage
		Usr 0 00:00:00, Sys 0 00:00:00  -  Run Local Usage
		Usr 0 00:00:32, Sys 0 00:00:00  -  Total Remote Usage
		Usr 0 00:00:00, Sys 0 00:00:00  -  Total Local Usage
	508772  -  Run Bytes Sent By Job
	46564  -  Run Bytes Received By Job
	508772  -  Total Bytes Sent By Job
	46564  -  Total Bytes Received By Job
	Partitionable Resources :    Usage  Request          
	   Cpus                 :                 1          
	   Disk (KB)            :      568      568          
	   Memory (MB)          :       18       18          
...
