
----------------------------------------------------
Job started on Mon Jun 29 21:56:49 EDT 2015 at WN: hibat0021.cmsaf.mit.edu 
Job is running on Linux hibat0021.cmsaf.mit.edu 2.6.32-358.el6.x86_64 #1 SMP Fri Feb 22 20:37:17 CST 2013 x86_64 x86_64 x86_64 GNU/Linux
Filesystem            Size  Used Avail Use% Mounted on
/dev/sda3              20G  3.7G   15G  20% /
tmpfs                  24G     0   24G   0% /dev/shm
/dev/sda1              97M   32M   61M  35% /boot
/dev/sda4             1.8T   78G  1.7T   5% /export/data1
/dev/sdb1             1.8T  1.7T  195G  90% /export/00b
/dev/sdc1             1.8T  1.6T  209G  89% /export/00c
/dev/sdd1             1.8T  1.6T  209G  89% /export/00d
/dev/sde1             1.8T  1.6T  210G  89% /export/00e
/dev/sdf1             1.8T  1.6T  208G  89% /export/00f
fuse_dfs              4.9P  4.4P  527T  90% /mnt/hadoop
t2srv0004:/export/db  135G  187M  135G   1% /net/t2srv0004/db
cvmfs2                 98G   76G   23G  78% /cvmfs/cms.cern.ch
cvmfs2                 98G   76G   23G  78% /cvmfs/cvmfs.cmsaf.mit.edu
cvmfs2                 98G   76G   23G  78% /cvmfs/oasis.opensciencegrid.org
gcc (GCC) 4.4.7 20120313 (Red Hat 4.4.7-3)
Copyright (C) 2010 Free Software Foundation, Inc.
This is free software; see the source for copying conditions.  There is NO
warranty; not even for MERCHANTABILITY or FITNESS FOR A PARTICULAR PURPOSE.

Processing...
0/190276
10000/190276
20000/190276
30000/190276
40000/190276
50000/190276
60000/190276
70000/190276
80000/190276
90000/190276
100000/190276
110000/190276
120000/190276
130000/190276
140000/190276
150000/190276
160000/190276
170000/190276
180000/190276
190000/190276
Macro finished: 
CPU time (min)  = 2.25633
Real time (min) = 4.83292
Done!
Copied output files to hadoop rootfiles/JetRAA/June22
