000 (426412.000.000) 06/22 20:50:03 Job submitted from host: <18.12.1.74:48322>
...
001 (426412.000.000) 06/22 20:50:45 Job executing on host: <18.12.12.7:46716>
...
006 (426412.000.000) 06/22 20:50:54 Image size of job updated: 1
	3  -  MemoryUsage of job (MB)
	2352  -  ResidentSetSize of job (KB)
...
006 (426412.000.000) 06/22 20:51:02 Image size of job updated: 245184
	3  -  MemoryUsage of job (MB)
	2352  -  ResidentSetSize of job (KB)
...
004 (426412.000.000) 06/22 20:51:02 Job was evicted.
	(0) Job was not checkpointed.
		Usr 0 00:00:01, Sys 0 00:00:00  -  Run Remote Usage
		Usr 0 00:00:00, Sys 0 00:00:00  -  Run Local Usage
	0  -  Run Bytes Sent By Job
	41910  -  Run Bytes Received By Job
	Partitionable Resources :    Usage  Request          
	   Cpus                 :                 1          
	   Disk (KB)            :      550      550          
	   Memory (MB)          :        3        3          
...
009 (426412.000.000) 06/22 20:51:10 Job was aborted by the user.
	via condor_rm (by user rkunnawa)
...
000 (426561.000.000) 06/22 20:51:41 Job submitted from host: <18.12.1.74:48322>
...
001 (426561.000.000) 06/22 20:52:43 Job executing on host: <18.12.9.64:47738>
...
006 (426561.000.000) 06/22 20:52:51 Image size of job updated: 245224
	58  -  MemoryUsage of job (MB)
	59264  -  ResidentSetSize of job (KB)
...
006 (426561.000.000) 06/22 20:55:58 Image size of job updated: 246584
	58  -  MemoryUsage of job (MB)
	59264  -  ResidentSetSize of job (KB)
...
005 (426561.000.000) 06/22 20:55:58 Job terminated.
	(1) Normal termination (return value 0)
		Usr 0 00:02:15, Sys 0 00:00:03  -  Run Remote Usage
		Usr 0 00:00:00, Sys 0 00:00:00  -  Run Local Usage
		Usr 0 00:02:15, Sys 0 00:00:03  -  Total Remote Usage
		Usr 0 00:00:00, Sys 0 00:00:00  -  Total Local Usage
	495411  -  Run Bytes Sent By Job
	41910  -  Run Bytes Received By Job
	495411  -  Total Bytes Sent By Job
	41910  -  Total Bytes Received By Job
	Partitionable Resources :    Usage  Request          
	   Cpus                 :                 1          
	   Disk (KB)            :      550      550          
	   Memory (MB)          :       58       58          
...
