
----------------------------------------------------
Job started on Mon Jun 29 21:56:51 EDT 2015 at WN: t2bat0253.cmsaf.mit.edu 
Job is running on Linux t2bat0253.cmsaf.mit.edu 2.6.32-358.el6.x86_64 #1 SMP Fri Feb 22 20:37:17 CST 2013 x86_64 x86_64 x86_64 GNU/Linux
Filesystem            Size  Used Avail Use% Mounted on
/dev/sda3              20G  3.2G   16G  17% /
tmpfs                  12G     0   12G   0% /dev/shm
/dev/sda1              97M   32M   61M  35% /boot
/dev/sda4             874G   56G  819G   7% /export/data1
/dev/sdb1             1.8T  1.6T  206G  89% /export/00b
/dev/sdc1             1.8T  1.6T  210G  89% /export/00c
/dev/sdd1             1.8T  1.6T  208G  89% /export/00d
/dev/sde1             1.8T  1.6T  208G  89% /export/00e
/dev/sdf1             1.8T  1.6T  199G  90% /export/00f
fuse_dfs              4.9P  4.4P  527T  90% /mnt/hadoop
cvmfs2                 98G   51G   48G  52% /cvmfs/cms.cern.ch
t2srv0004:/export/db  135G  187M  135G   1% /net/t2srv0004/db
cvmfs2                 98G   51G   48G  52% /cvmfs/cvmfs.cmsaf.mit.edu
cvmfs2                 98G   51G   48G  52% /cvmfs/oasis.opensciencegrid.org
gcc (GCC) 4.4.7 20120313 (Red Hat 4.4.7-3)
Copyright (C) 2010 Free Software Foundation, Inc.
This is free software; see the source for copying conditions.  There is NO
warranty; not even for MERCHANTABILITY or FITNESS FOR A PARTICULAR PURPOSE.

Processing...
0/191698
10000/191698
20000/191698
30000/191698
40000/191698
50000/191698
60000/191698
70000/191698
80000/191698
90000/191698
100000/191698
110000/191698
120000/191698
130000/191698
140000/191698
150000/191698
160000/191698
170000/191698
180000/191698
190000/191698
Macro finished: 
CPU time (min)  = 2.08417
Real time (min) = 3.33095
Done!
Copied output files to hadoop rootfiles/JetRAA/June22
