000 (426398.000.000) 06/22 20:50:02 Job submitted from host: <18.12.1.74:48322>
...
001 (426398.000.000) 06/22 20:50:43 Job executing on host: <18.12.8.211:42920>
...
006 (426398.000.000) 06/22 20:50:52 Image size of job updated: 147016
	32  -  MemoryUsage of job (MB)
	31904  -  ResidentSetSize of job (KB)
...
006 (426398.000.000) 06/22 20:51:02 Image size of job updated: 245164
	32  -  MemoryUsage of job (MB)
	31904  -  ResidentSetSize of job (KB)
...
004 (426398.000.000) 06/22 20:51:02 Job was evicted.
	(0) Job was not checkpointed.
		Usr 0 00:00:03, Sys 0 00:00:00  -  Run Remote Usage
		Usr 0 00:00:00, Sys 0 00:00:00  -  Run Local Usage
	0  -  Run Bytes Sent By Job
	41910  -  Run Bytes Received By Job
	Partitionable Resources :    Usage  Request          
	   Cpus                 :                 1          
	   Disk (KB)            :      550      550          
	   Memory (MB)          :       32       32          
...
009 (426398.000.000) 06/22 20:51:10 Job was aborted by the user.
	via condor_rm (by user rkunnawa)
...
000 (426554.000.000) 06/22 20:51:40 Job submitted from host: <18.12.1.74:48322>
...
001 (426554.000.000) 06/22 20:52:11 Job executing on host: <18.12.9.54:46570>
...
006 (426554.000.000) 06/22 20:52:19 Image size of job updated: 245144
	55  -  MemoryUsage of job (MB)
	56184  -  ResidentSetSize of job (KB)
...
006 (426554.000.000) 06/22 20:54:02 Image size of job updated: 246124
	55  -  MemoryUsage of job (MB)
	56184  -  ResidentSetSize of job (KB)
...
005 (426554.000.000) 06/22 20:54:02 Job terminated.
	(1) Normal termination (return value 0)
		Usr 0 00:01:15, Sys 0 00:00:01  -  Run Remote Usage
		Usr 0 00:00:00, Sys 0 00:00:00  -  Run Local Usage
		Usr 0 00:01:15, Sys 0 00:00:01  -  Total Remote Usage
		Usr 0 00:00:00, Sys 0 00:00:00  -  Total Local Usage
	494990  -  Run Bytes Sent By Job
	41910  -  Run Bytes Received By Job
	494990  -  Total Bytes Sent By Job
	41910  -  Total Bytes Received By Job
	Partitionable Resources :    Usage  Request          
	   Cpus                 :                 1          
	   Disk (KB)            :      550      550          
	   Memory (MB)          :       55       55          
...
000 (491822.000.000) 06/29 09:48:06 Job submitted from host: <18.12.1.74:48322>
...
001 (491822.000.000) 06/29 09:48:23 Job executing on host: <18.12.9.2:45767>
...
006 (491822.000.000) 06/29 09:48:31 Image size of job updated: 1
	3  -  MemoryUsage of job (MB)
	2380  -  ResidentSetSize of job (KB)
...
006 (491822.000.000) 06/29 09:49:29 Image size of job updated: 246364
	3  -  MemoryUsage of job (MB)
	2380  -  ResidentSetSize of job (KB)
...
005 (491822.000.000) 06/29 09:49:29 Job terminated.
	(1) Normal termination (return value 0)
		Usr 0 00:00:39, Sys 0 00:00:01  -  Run Remote Usage
		Usr 0 00:00:00, Sys 0 00:00:00  -  Run Local Usage
		Usr 0 00:00:39, Sys 0 00:00:01  -  Total Remote Usage
		Usr 0 00:00:00, Sys 0 00:00:00  -  Total Local Usage
	508773  -  Run Bytes Sent By Job
	46550  -  Run Bytes Received By Job
	508773  -  Total Bytes Sent By Job
	46550  -  Total Bytes Received By Job
	Partitionable Resources :    Usage  Request          
	   Cpus                 :                 1          
	   Disk (KB)            :      568      568          
	   Memory (MB)          :        3        3          
...
000 (492574.000.000) 06/29 10:14:07 Job submitted from host: <18.12.1.74:48322>
...
001 (492574.000.000) 06/29 10:14:13 Job executing on host: <18.12.8.253:49636>
...
006 (492574.000.000) 06/29 10:14:22 Image size of job updated: 1
	3  -  MemoryUsage of job (MB)
	2352  -  ResidentSetSize of job (KB)
...
006 (492574.000.000) 06/29 10:15:29 Image size of job updated: 246500
	3  -  MemoryUsage of job (MB)
	2352  -  ResidentSetSize of job (KB)
...
005 (492574.000.000) 06/29 10:15:30 Job terminated.
	(1) Normal termination (return value 0)
		Usr 0 00:00:43, Sys 0 00:00:01  -  Run Remote Usage
		Usr 0 00:00:00, Sys 0 00:00:00  -  Run Local Usage
		Usr 0 00:00:43, Sys 0 00:00:01  -  Total Remote Usage
		Usr 0 00:00:00, Sys 0 00:00:00  -  Total Local Usage
	508719  -  Run Bytes Sent By Job
	46566  -  Run Bytes Received By Job
	508719  -  Total Bytes Sent By Job
	46566  -  Total Bytes Received By Job
	Partitionable Resources :    Usage  Request          
	   Cpus                 :                 1          
	   Disk (KB)            :      568      568          
	   Memory (MB)          :        3        3          
...
000 (495293.000.000) 06/29 21:59:27 Job submitted from host: <18.12.1.74:48322>
...
001 (495293.000.000) 06/29 21:59:43 Job executing on host: <18.12.6.91:40511>
...
006 (495293.000.000) 06/29 21:59:51 Image size of job updated: 1
	3  -  MemoryUsage of job (MB)
	2356  -  ResidentSetSize of job (KB)
...
006 (495293.000.000) 06/29 22:01:05 Image size of job updated: 247116
	3  -  MemoryUsage of job (MB)
	2356  -  ResidentSetSize of job (KB)
...
005 (495293.000.000) 06/29 22:01:05 Job terminated.
	(1) Normal termination (return value 0)
		Usr 0 00:00:50, Sys 0 00:00:01  -  Run Remote Usage
		Usr 0 00:00:00, Sys 0 00:00:00  -  Run Local Usage
		Usr 0 00:00:50, Sys 0 00:00:01  -  Total Remote Usage
		Usr 0 00:00:00, Sys 0 00:00:00  -  Total Local Usage
	508975  -  Run Bytes Sent By Job
	46564  -  Run Bytes Received By Job
	508975  -  Total Bytes Sent By Job
	46564  -  Total Bytes Received By Job
	Partitionable Resources :    Usage  Request          
	   Cpus                 :                 1          
	   Disk (KB)            :      568      568          
	   Memory (MB)          :        3        3          
...
