
----------------------------------------------------
Job started on Mon Jun 22 20:55:38 EDT 2015 at WN: t2bat0162.cmsaf.mit.edu 
Job is running on Linux t2bat0162.cmsaf.mit.edu 2.6.32-358.el6.x86_64 #1 SMP Fri Feb 22 20:37:17 CST 2013 x86_64 x86_64 x86_64 GNU/Linux
Filesystem            Size  Used Avail Use% Mounted on
/dev/sda3              20G  2.5G   17G  13% /
tmpfs                  12G     0   12G   0% /dev/shm
/dev/sda1              97M   32M   61M  35% /boot
/dev/sda4             416G   91G  325G  22% /export/data1
/dev/sdb1             917G  801G  117G  88% /export/00b
/dev/sdc1             917G  813G  104G  89% /export/00c
/dev/sdd1             917G  827G   91G  91% /export/00d
/dev/sde1             917G  828G   90G  91% /export/00e
/dev/sdf1             917G  817G  101G  90% /export/00f
fuse_dfs              4.9P  4.4P  522T  90% /mnt/hadoop
cvmfs2                 98G   89G  9.1G  91% /cvmfs/cms.cern.ch
t2srv0004:/export/db  135G  187M  135G   1% /net/t2srv0004/db
cvmfs2                 98G   89G  9.1G  91% /cvmfs/mu2e.opensciencegrid.org
gcc (GCC) 4.4.7 20120313 (Red Hat 4.4.7-3)
Copyright (C) 2010 Free Software Foundation, Inc.
This is free software; see the source for copying conditions.  There is NO
warranty; not even for MERCHANTABILITY or FITNESS FOR A PARTICULAR PURPOSE.

Processing...
0/382287
10000/382287
20000/382287
30000/382287
40000/382287
50000/382287
60000/382287
70000/382287
80000/382287
90000/382287
100000/382287
110000/382287
120000/382287
130000/382287
140000/382287
150000/382287
160000/382287
170000/382287
180000/382287
190000/382287
200000/382287
210000/382287
220000/382287
230000/382287
240000/382287
250000/382287
260000/382287
270000/382287
280000/382287
290000/382287
300000/382287
310000/382287
320000/382287
330000/382287
340000/382287
350000/382287
360000/382287
370000/382287
380000/382287
Macro finished: 
CPU time (min)  = 3.50233
Real time (min) = 8.37676
Done!
Copied output files to hadoop rootfiles/JetRAA/June22
