
----------------------------------------------------
Job started on Mon Jun 22 20:52:14 EDT 2015 at WN: t2bat0225.cmsaf.mit.edu 
Job is running on Linux t2bat0225.cmsaf.mit.edu 2.6.32-358.el6.x86_64 #1 SMP Fri Feb 22 20:37:17 CST 2013 x86_64 x86_64 x86_64 GNU/Linux
Filesystem            Size  Used Avail Use% Mounted on
/dev/sda3              20G  2.5G   17G  13% /
tmpfs                  12G     0   12G   0% /dev/shm
/dev/sda1              97M   32M   61M  35% /boot
/dev/sda4             874G   92G  783G  11% /export/data1
/dev/sdb1             1.8T  1.7T  192G  90% /export/00b
/dev/sdc1             1.8T  1.6T  199G  90% /export/00c
/dev/sdd1             1.8T  1.6T  199G  90% /export/00d
/dev/sde1             1.8T  1.6T  205G  89% /export/00e
/dev/sdf1             1.8T  1.6T  203G  89% /export/00f
fuse_dfs              4.9P  4.4P  522T  90% /mnt/hadoop
t2srv0004:/export/db  135G  187M  135G   1% /net/t2srv0004/db
cvmfs2                 98G   83G   15G  85% /cvmfs/cms.cern.ch
cvmfs2                 98G   83G   15G  85% /cvmfs/atlas.cern.ch
cvmfs2                 98G   83G   15G  85% /cvmfs/mu2e.opensciencegrid.org
cvmfs2                 98G   83G   15G  85% /cvmfs/atlas-condb.cern.ch
cvmfs2                 98G   83G   15G  85% /cvmfs/oasis.opensciencegrid.org
gcc (GCC) 4.4.7 20120313 (Red Hat 4.4.7-3)
Copyright (C) 2010 Free Software Foundation, Inc.
This is free software; see the source for copying conditions.  There is NO
warranty; not even for MERCHANTABILITY or FITNESS FOR A PARTICULAR PURPOSE.

Processing...
0/388284
10000/388284
20000/388284
30000/388284
40000/388284
50000/388284
60000/388284
70000/388284
80000/388284
90000/388284
100000/388284
110000/388284
120000/388284
130000/388284
140000/388284
150000/388284
160000/388284
170000/388284
180000/388284
190000/388284
200000/388284
210000/388284
220000/388284
230000/388284
240000/388284
250000/388284
260000/388284
270000/388284
280000/388284
290000/388284
300000/388284
310000/388284
320000/388284
330000/388284
340000/388284
350000/388284
360000/388284
370000/388284
380000/388284
Macro finished: 
CPU time (min)  = 4.02267
Real time (min) = 6.27131
Done!
Copied output files to hadoop rootfiles/JetRAA/June22
