
----------------------------------------------------
Job started on Mon Jun 29 21:59:47 EDT 2015 at WN: t2bat0302.cmsaf.mit.edu 
Job is running on Linux t2bat0302.cmsaf.mit.edu 2.6.32-358.el6.x86_64 #1 SMP Fri Feb 22 20:37:17 CST 2013 x86_64 x86_64 x86_64 GNU/Linux
Filesystem            Size  Used Avail Use% Mounted on
/dev/sda3              20G  3.5G   16G  19% /
tmpfs                  32G     0   32G   0% /dev/shm
/dev/sda1              97M   32M   61M  35% /boot
/dev/sda4             416G   80G  336G  20% /export/data1
fuse_dfs              4.9P  4.4P  527T  90% /mnt/hadoop
/dev/sdb1             3.6T  3.1T  528G  86% /export/00b
/dev/sdc1             3.6T  3.1T  503G  87% /export/00c
/dev/sdd1             3.6T  3.1T  537G  86% /export/00d
/dev/sde1             3.6T  3.1T  528G  86% /export/00e
/dev/sdf1             3.6T  3.1T  522G  86% /export/00f
/dev/sdg1             3.6T  3.1T  559G  85% /export/00g
/dev/sdh1             3.6T  3.1T  525G  86% /export/00h
/dev/sdi1             3.6T  3.1T  546G  86% /export/00i
/dev/sdj1             3.6T  3.1T  507G  87% /export/00j
/dev/sdk1             3.6T  3.1T  546G  86% /export/00k
/dev/sdl1             3.6T  3.1T  549G  86% /export/00l
t2srv0004:/export/db  135G  187M  135G   1% /net/t2srv0004/db
cvmfs2                 98G   70G   28G  72% /cvmfs/cms.cern.ch
cvmfs2                 98G   70G   28G  72% /cvmfs/cvmfs.cmsaf.mit.edu
cvmfs2                 98G   70G   28G  72% /cvmfs/oasis.opensciencegrid.org
gcc (GCC) 4.4.7 20120313 (Red Hat 4.4.7-3)
Copyright (C) 2010 Free Software Foundation, Inc.
This is free software; see the source for copying conditions.  There is NO
warranty; not even for MERCHANTABILITY or FITNESS FOR A PARTICULAR PURPOSE.

Processing...
0/142445
10000/142445
20000/142445
30000/142445
40000/142445
50000/142445
60000/142445
70000/142445
80000/142445
90000/142445
100000/142445
110000/142445
120000/142445
130000/142445
140000/142445
Macro finished: 
CPU time (min)  = 1.47683
Real time (min) = 2.13142
Done!
Copied output files to hadoop rootfiles/JetRAA/June22
