000 (426444.000.000) 06/22 20:50:06 Job submitted from host: <18.12.1.74:48322>
...
001 (426444.000.000) 06/22 20:50:42 Job executing on host: <18.12.9.47:46351>
...
006 (426444.000.000) 06/22 20:50:50 Image size of job updated: 1
	3  -  MemoryUsage of job (MB)
	2360  -  ResidentSetSize of job (KB)
...
006 (426444.000.000) 06/22 20:51:02 Image size of job updated: 246324
	3  -  MemoryUsage of job (MB)
	2360  -  ResidentSetSize of job (KB)
...
004 (426444.000.000) 06/22 20:51:02 Job was evicted.
	(0) Job was not checkpointed.
		Usr 0 00:00:13, Sys 0 00:00:00  -  Run Remote Usage
		Usr 0 00:00:00, Sys 0 00:00:00  -  Run Local Usage
	0  -  Run Bytes Sent By Job
	41910  -  Run Bytes Received By Job
	Partitionable Resources :    Usage  Request          
	   Cpus                 :                 1          
	   Disk (KB)            :      550      550          
	   Memory (MB)          :        3        3          
...
009 (426444.000.000) 06/22 20:51:10 Job was aborted by the user.
	via condor_rm (by user rkunnawa)
...
000 (426577.000.000) 06/22 20:51:42 Job submitted from host: <18.12.1.74:48322>
...
001 (426577.000.000) 06/22 20:52:13 Job executing on host: <18.12.8.204:49125>
...
006 (426577.000.000) 06/22 20:52:21 Image size of job updated: 147024
	35  -  MemoryUsage of job (MB)
	35600  -  ResidentSetSize of job (KB)
...
006 (426577.000.000) 06/22 20:54:53 Image size of job updated: 246816
	35  -  MemoryUsage of job (MB)
	35600  -  ResidentSetSize of job (KB)
...
005 (426577.000.000) 06/22 20:54:53 Job terminated.
	(1) Normal termination (return value 0)
		Usr 0 00:01:41, Sys 0 00:00:02  -  Run Remote Usage
		Usr 0 00:00:00, Sys 0 00:00:00  -  Run Local Usage
		Usr 0 00:01:41, Sys 0 00:00:02  -  Total Remote Usage
		Usr 0 00:00:00, Sys 0 00:00:00  -  Total Local Usage
	494962  -  Run Bytes Sent By Job
	41910  -  Run Bytes Received By Job
	494962  -  Total Bytes Sent By Job
	41910  -  Total Bytes Received By Job
	Partitionable Resources :    Usage  Request          
	   Cpus                 :                 1          
	   Disk (KB)            :      550      550          
	   Memory (MB)          :       35       35          
...
