000 (426696.000.000) 06/22 20:54:21 Job submitted from host: <18.12.1.74:48322>
...
001 (426696.000.000) 06/22 20:54:46 Job executing on host: <18.12.8.232:49271>
...
006 (426696.000.000) 06/22 20:54:54 Image size of job updated: 243344
	46  -  MemoryUsage of job (MB)
	46488  -  ResidentSetSize of job (KB)
...
006 (426696.000.000) 06/22 20:58:58 Image size of job updated: 245140
	46  -  MemoryUsage of job (MB)
	46488  -  ResidentSetSize of job (KB)
...
005 (426696.000.000) 06/22 20:58:58 Job terminated.
	(1) Normal termination (return value 0)
		Usr 0 00:02:10, Sys 0 00:00:04  -  Run Remote Usage
		Usr 0 00:00:00, Sys 0 00:00:00  -  Run Local Usage
		Usr 0 00:02:10, Sys 0 00:00:04  -  Total Remote Usage
		Usr 0 00:00:00, Sys 0 00:00:00  -  Total Local Usage
	495362  -  Run Bytes Sent By Job
	41910  -  Run Bytes Received By Job
	495362  -  Total Bytes Sent By Job
	41910  -  Total Bytes Received By Job
	Partitionable Resources :    Usage  Request          
	   Cpus                 :                 1          
	   Disk (KB)            :      550      550          
	   Memory (MB)          :       46       46          
...
000 (428109.000.000) 06/23 16:48:29 Job submitted from host: <18.12.1.74:48322>
...
001 (428109.000.000) 06/23 16:48:39 Job executing on host: <18.12.9.61:47593>
...
006 (428109.000.000) 06/23 16:48:47 Image size of job updated: 13384
	2  -  MemoryUsage of job (MB)
	1984  -  ResidentSetSize of job (KB)
...
006 (428109.000.000) 06/23 16:51:44 Image size of job updated: 245148
	2  -  MemoryUsage of job (MB)
	1984  -  ResidentSetSize of job (KB)
...
005 (428109.000.000) 06/23 16:51:44 Job terminated.
	(1) Normal termination (return value 0)
		Usr 0 00:01:26, Sys 0 00:00:01  -  Run Remote Usage
		Usr 0 00:00:00, Sys 0 00:00:00  -  Run Local Usage
		Usr 0 00:01:26, Sys 0 00:00:01  -  Total Remote Usage
		Usr 0 00:00:00, Sys 0 00:00:00  -  Total Local Usage
	511747  -  Run Bytes Sent By Job
	47429  -  Run Bytes Received By Job
	511747  -  Total Bytes Sent By Job
	47429  -  Total Bytes Received By Job
	Partitionable Resources :    Usage  Request          
	   Cpus                 :                 1          
	   Disk (KB)            :      572      572          
	   Memory (MB)          :        2        2          
...
000 (429454.000.000) 06/24 21:33:28 Job submitted from host: <18.12.1.74:48322>
...
001 (429454.000.000) 06/24 21:33:53 Job executing on host: <18.12.9.9:48395>
...
006 (429454.000.000) 06/24 21:34:02 Image size of job updated: 243560
	95  -  MemoryUsage of job (MB)
	96888  -  ResidentSetSize of job (KB)
...
006 (429454.000.000) 06/24 21:35:25 Image size of job updated: 244544
	95  -  MemoryUsage of job (MB)
	96888  -  ResidentSetSize of job (KB)
...
005 (429454.000.000) 06/24 21:35:25 Job terminated.
	(1) Normal termination (return value 0)
		Usr 0 00:00:53, Sys 0 00:00:00  -  Run Remote Usage
		Usr 0 00:00:00, Sys 0 00:00:00  -  Run Local Usage
		Usr 0 00:00:53, Sys 0 00:00:00  -  Total Remote Usage
		Usr 0 00:00:00, Sys 0 00:00:00  -  Total Local Usage
	512310  -  Run Bytes Sent By Job
	47957  -  Run Bytes Received By Job
	512310  -  Total Bytes Sent By Job
	47957  -  Total Bytes Received By Job
	Partitionable Resources :    Usage  Request          
	   Cpus                 :                 1          
	   Disk (KB)            :      573      573          
	   Memory (MB)          :       95       95          
...
000 (429635.000.000) 06/24 21:48:12 Job submitted from host: <18.12.1.74:48322>
...
001 (429635.000.000) 06/24 21:48:42 Job executing on host: <18.12.8.122:40511>
...
006 (429635.000.000) 06/24 21:48:50 Image size of job updated: 69176
	13  -  MemoryUsage of job (MB)
	13308  -  ResidentSetSize of job (KB)
...
006 (429635.000.000) 06/24 21:51:02 Image size of job updated: 244544
	13  -  MemoryUsage of job (MB)
	13308  -  ResidentSetSize of job (KB)
...
005 (429635.000.000) 06/24 21:51:02 Job terminated.
	(1) Normal termination (return value 0)
		Usr 0 00:00:47, Sys 0 00:00:01  -  Run Remote Usage
		Usr 0 00:00:00, Sys 0 00:00:00  -  Run Local Usage
		Usr 0 00:00:47, Sys 0 00:00:01  -  Total Remote Usage
		Usr 0 00:00:00, Sys 0 00:00:00  -  Total Local Usage
	512510  -  Run Bytes Sent By Job
	47957  -  Run Bytes Received By Job
	512510  -  Total Bytes Sent By Job
	47957  -  Total Bytes Received By Job
	Partitionable Resources :    Usage  Request          
	   Cpus                 :                 1          
	   Disk (KB)            :      573      573          
	   Memory (MB)          :       13       13          
...
000 (451341.000.000) 06/25 11:40:13 Job submitted from host: <18.12.1.74:48322>
...
001 (451341.000.000) 06/25 11:40:49 Job executing on host: <18.12.8.194:43139>
...
006 (451341.000.000) 06/25 11:40:58 Image size of job updated: 1
	3  -  MemoryUsage of job (MB)
	2352  -  ResidentSetSize of job (KB)
...
006 (451341.000.000) 06/25 11:43:05 Image size of job updated: 189716
	3  -  MemoryUsage of job (MB)
	2352  -  ResidentSetSize of job (KB)
...
005 (451341.000.000) 06/25 11:43:05 Job terminated.
	(1) Normal termination (return value 0)
		Usr 0 00:01:35, Sys 0 00:00:02  -  Run Remote Usage
		Usr 0 00:00:00, Sys 0 00:00:00  -  Run Local Usage
		Usr 0 00:01:35, Sys 0 00:00:02  -  Total Remote Usage
		Usr 0 00:00:00, Sys 0 00:00:00  -  Total Local Usage
	9181778  -  Run Bytes Sent By Job
	46060  -  Run Bytes Received By Job
	9181778  -  Total Bytes Sent By Job
	46060  -  Total Bytes Received By Job
	Partitionable Resources :    Usage  Request          
	   Cpus                 :                 1          
	   Disk (KB)            :     9037     9037          
	   Memory (MB)          :        3        3          
...
000 (452172.000.000) 06/26 10:10:35 Job submitted from host: <18.12.1.74:48322>
...
001 (452172.000.000) 06/26 10:11:02 Job executing on host: <18.12.12.7:46716>
...
006 (452172.000.000) 06/26 10:11:11 Image size of job updated: 1
	3  -  MemoryUsage of job (MB)
	2356  -  ResidentSetSize of job (KB)
...
006 (452172.000.000) 06/26 10:12:59 Image size of job updated: 189436
	3  -  MemoryUsage of job (MB)
	2356  -  ResidentSetSize of job (KB)
...
005 (452172.000.000) 06/26 10:12:59 Job terminated.
	(1) Normal termination (return value 0)
		Usr 0 00:00:52, Sys 0 00:00:01  -  Run Remote Usage
		Usr 0 00:00:00, Sys 0 00:00:00  -  Run Local Usage
		Usr 0 00:00:52, Sys 0 00:00:01  -  Total Remote Usage
		Usr 0 00:00:00, Sys 0 00:00:00  -  Total Local Usage
	4598980  -  Run Bytes Sent By Job
	46038  -  Run Bytes Received By Job
	4598980  -  Total Bytes Sent By Job
	46038  -  Total Bytes Received By Job
	Partitionable Resources :    Usage  Request          
	   Cpus                 :                 1          
	   Disk (KB)            :     4562     4562          
	   Memory (MB)          :        3        3          
...
000 (472807.000.000) 06/26 16:38:27 Job submitted from host: <18.12.1.74:48322>
...
001 (472807.000.000) 06/26 16:38:46 Job executing on host: <18.12.9.39:45767>
...
006 (472807.000.000) 06/26 16:38:54 Image size of job updated: 75604
	17  -  MemoryUsage of job (MB)
	17168  -  ResidentSetSize of job (KB)
...
006 (472807.000.000) 06/26 16:43:54 Image size of job updated: 189596
	73  -  MemoryUsage of job (MB)
	74580  -  ResidentSetSize of job (KB)
...
005 (472807.000.000) 06/26 16:45:08 Job terminated.
	(1) Normal termination (return value 0)
		Usr 0 00:01:44, Sys 0 00:00:03  -  Run Remote Usage
		Usr 0 00:00:00, Sys 0 00:00:00  -  Run Local Usage
		Usr 0 00:01:44, Sys 0 00:00:03  -  Total Remote Usage
		Usr 0 00:00:00, Sys 0 00:00:00  -  Total Local Usage
	9183411  -  Run Bytes Sent By Job
	46344  -  Run Bytes Received By Job
	9183411  -  Total Bytes Sent By Job
	46344  -  Total Bytes Received By Job
	Partitionable Resources :    Usage  Request          
	   Cpus                 :                 1          
	   Disk (KB)            :     9039     9039          
	   Memory (MB)          :       73       73          
...
000 (491743.000.000) 06/29 09:41:57 Job submitted from host: <18.12.1.74:48322>
...
001 (491743.000.000) 06/29 09:42:11 Job executing on host: <18.12.9.36:44307>
...
006 (491743.000.000) 06/29 09:42:19 Image size of job updated: 1
	3  -  MemoryUsage of job (MB)
	2372  -  ResidentSetSize of job (KB)
...
006 (491743.000.000) 06/29 09:46:07 Image size of job updated: 244084
	3  -  MemoryUsage of job (MB)
	2372  -  ResidentSetSize of job (KB)
...
005 (491743.000.000) 06/29 09:46:07 Job terminated.
	(1) Normal termination (return value 0)
		Usr 0 00:00:49, Sys 0 00:00:01  -  Run Remote Usage
		Usr 0 00:00:00, Sys 0 00:00:00  -  Run Local Usage
		Usr 0 00:00:49, Sys 0 00:00:01  -  Total Remote Usage
		Usr 0 00:00:00, Sys 0 00:00:00  -  Total Local Usage
	508995  -  Run Bytes Sent By Job
	46550  -  Run Bytes Received By Job
	508995  -  Total Bytes Sent By Job
	46550  -  Total Bytes Received By Job
	Partitionable Resources :    Usage  Request          
	   Cpus                 :                 1          
	   Disk (KB)            :      568      568          
	   Memory (MB)          :        3        3          
...
000 (492857.000.000) 06/29 10:15:21 Job submitted from host: <18.12.1.74:48322>
...
001 (492857.000.000) 06/29 10:15:33 Job executing on host: <18.12.9.81:45256>
...
006 (492857.000.000) 06/29 10:15:42 Image size of job updated: 147076
	32  -  MemoryUsage of job (MB)
	32000  -  ResidentSetSize of job (KB)
...
006 (492857.000.000) 06/29 10:17:57 Image size of job updated: 244092
	32  -  MemoryUsage of job (MB)
	32000  -  ResidentSetSize of job (KB)
...
005 (492857.000.000) 06/29 10:17:58 Job terminated.
	(1) Normal termination (return value 0)
		Usr 0 00:00:43, Sys 0 00:00:00  -  Run Remote Usage
		Usr 0 00:00:00, Sys 0 00:00:00  -  Run Local Usage
		Usr 0 00:00:43, Sys 0 00:00:00  -  Total Remote Usage
		Usr 0 00:00:00, Sys 0 00:00:00  -  Total Local Usage
	509213  -  Run Bytes Sent By Job
	46566  -  Run Bytes Received By Job
	509213  -  Total Bytes Sent By Job
	46566  -  Total Bytes Received By Job
	Partitionable Resources :    Usage  Request          
	   Cpus                 :                 1          
	   Disk (KB)            :      568      568          
	   Memory (MB)          :       32       32          
...
000 (495214.000.000) 06/29 21:57:38 Job submitted from host: <18.12.1.74:48322>
...
001 (495214.000.000) 06/29 21:57:56 Job executing on host: <18.12.9.19:49782>
...
006 (495214.000.000) 06/29 21:58:04 Image size of job updated: 243324
	59  -  MemoryUsage of job (MB)
	60320  -  ResidentSetSize of job (KB)
...
006 (495214.000.000) 06/29 22:00:35 Image size of job updated: 244652
	59  -  MemoryUsage of job (MB)
	60320  -  ResidentSetSize of job (KB)
...
005 (495214.000.000) 06/29 22:00:35 Job terminated.
	(1) Normal termination (return value 0)
		Usr 0 00:01:05, Sys 0 00:00:02  -  Run Remote Usage
		Usr 0 00:00:00, Sys 0 00:00:00  -  Run Local Usage
		Usr 0 00:01:05, Sys 0 00:00:02  -  Total Remote Usage
		Usr 0 00:00:00, Sys 0 00:00:00  -  Total Local Usage
	508742  -  Run Bytes Sent By Job
	46564  -  Run Bytes Received By Job
	508742  -  Total Bytes Sent By Job
	46564  -  Total Bytes Received By Job
	Partitionable Resources :    Usage  Request          
	   Cpus                 :                 1          
	   Disk (KB)            :      568      568          
	   Memory (MB)          :       59       59          
...
000 (497348.000.000) 07/09 13:07:20 Job submitted from host: <18.12.1.74:48322>
...
001 (497348.000.000) 07/09 13:07:53 Job executing on host: <18.12.9.56:40657>
...
006 (497348.000.000) 07/09 13:08:02 Image size of job updated: 243464
	87  -  MemoryUsage of job (MB)
	88892  -  ResidentSetSize of job (KB)
...
006 (497348.000.000) 07/09 13:09:24 Image size of job updated: 244660
	87  -  MemoryUsage of job (MB)
	88892  -  ResidentSetSize of job (KB)
...
005 (497348.000.000) 07/09 13:09:25 Job terminated.
	(1) Normal termination (return value 0)
		Usr 0 00:00:53, Sys 0 00:00:02  -  Run Remote Usage
		Usr 0 00:00:00, Sys 0 00:00:00  -  Run Local Usage
		Usr 0 00:00:53, Sys 0 00:00:02  -  Total Remote Usage
		Usr 0 00:00:00, Sys 0 00:00:00  -  Total Local Usage
	509093  -  Run Bytes Sent By Job
	46648  -  Run Bytes Received By Job
	509093  -  Total Bytes Sent By Job
	46648  -  Total Bytes Received By Job
	Partitionable Resources :    Usage  Request          
	   Cpus                 :                 1          
	   Disk (KB)            :      568      568          
	   Memory (MB)          :       87       87          
...
000 (497538.000.000) 07/09 15:41:17 Job submitted from host: <18.12.1.74:48322>
...
001 (497538.000.000) 07/09 15:41:59 Job executing on host: <18.12.6.20:43869>
...
006 (497538.000.000) 07/09 15:42:09 Image size of job updated: 93700
	17  -  MemoryUsage of job (MB)
	17036  -  ResidentSetSize of job (KB)
...
006 (497538.000.000) 07/09 15:44:41 Image size of job updated: 244656
	17  -  MemoryUsage of job (MB)
	17036  -  ResidentSetSize of job (KB)
...
005 (497538.000.000) 07/09 15:44:41 Job terminated.
	(1) Normal termination (return value 0)
		Usr 0 00:01:07, Sys 0 00:00:01  -  Run Remote Usage
		Usr 0 00:00:00, Sys 0 00:00:00  -  Run Local Usage
		Usr 0 00:01:07, Sys 0 00:00:01  -  Total Remote Usage
		Usr 0 00:00:00, Sys 0 00:00:00  -  Total Local Usage
	508934  -  Run Bytes Sent By Job
	46609  -  Run Bytes Received By Job
	508934  -  Total Bytes Sent By Job
	46609  -  Total Bytes Received By Job
	Partitionable Resources :    Usage  Request          
	   Cpus                 :                 1          
	   Disk (KB)            :      568      568          
	   Memory (MB)          :       17       17          
...
000 (497839.000.000) 07/09 16:39:27 Job submitted from host: <18.12.1.74:48322>
...
001 (497839.000.000) 07/09 16:40:01 Job executing on host: <18.12.9.58:42482>
...
006 (497839.000.000) 07/09 16:40:10 Image size of job updated: 1
	3  -  MemoryUsage of job (MB)
	2356  -  ResidentSetSize of job (KB)
...
006 (497839.000.000) 07/09 16:45:11 Image size of job updated: 244416
	83  -  MemoryUsage of job (MB)
	84636  -  ResidentSetSize of job (KB)
...
006 (497839.000.000) 07/09 16:47:18 Image size of job updated: 244652
	83  -  MemoryUsage of job (MB)
	84636  -  ResidentSetSize of job (KB)
...
005 (497839.000.000) 07/09 16:47:19 Job terminated.
	(1) Normal termination (return value 0)
		Usr 0 00:00:55, Sys 0 00:00:02  -  Run Remote Usage
		Usr 0 00:00:00, Sys 0 00:00:00  -  Run Local Usage
		Usr 0 00:00:55, Sys 0 00:00:02  -  Total Remote Usage
		Usr 0 00:00:00, Sys 0 00:00:00  -  Total Local Usage
	509194  -  Run Bytes Sent By Job
	46604  -  Run Bytes Received By Job
	509194  -  Total Bytes Sent By Job
	46604  -  Total Bytes Received By Job
	Partitionable Resources :    Usage  Request          
	   Cpus                 :                 1          
	   Disk (KB)            :      568      568          
	   Memory (MB)          :       83       83          
...
000 (498178.000.000) 07/10 12:07:30 Job submitted from host: <18.12.1.74:48322>
...
001 (498178.000.000) 07/10 12:07:44 Job executing on host: <18.12.9.27:43869>
...
006 (498178.000.000) 07/10 12:07:52 Image size of job updated: 1
	3  -  MemoryUsage of job (MB)
	2356  -  ResidentSetSize of job (KB)
...
006 (498178.000.000) 07/10 12:11:16 Image size of job updated: 244656
	3  -  MemoryUsage of job (MB)
	2356  -  ResidentSetSize of job (KB)
...
005 (498178.000.000) 07/10 12:11:16 Job terminated.
	(1) Normal termination (return value 0)
		Usr 0 00:01:02, Sys 0 00:00:03  -  Run Remote Usage
		Usr 0 00:00:00, Sys 0 00:00:00  -  Run Local Usage
		Usr 0 00:01:02, Sys 0 00:00:03  -  Total Remote Usage
		Usr 0 00:00:00, Sys 0 00:00:00  -  Total Local Usage
	509182  -  Run Bytes Sent By Job
	46586  -  Run Bytes Received By Job
	509182  -  Total Bytes Sent By Job
	46586  -  Total Bytes Received By Job
	Partitionable Resources :    Usage  Request          
	   Cpus                 :                 1          
	   Disk (KB)            :      568      568          
	   Memory (MB)          :        3        3          
...
000 (498718.000.000) 07/10 16:45:32 Job submitted from host: <18.12.1.74:48322>
...
001 (498718.000.000) 07/10 16:54:16 Job executing on host: <18.12.8.229:41241>
...
006 (498718.000.000) 07/10 16:54:25 Image size of job updated: 244476
	103  -  MemoryUsage of job (MB)
	104708  -  ResidentSetSize of job (KB)
...
005 (498718.000.000) 07/10 17:28:34 Job terminated.
	(1) Normal termination (return value 0)
		Usr 0 00:00:04, Sys 0 00:00:00  -  Run Remote Usage
		Usr 0 00:00:00, Sys 0 00:00:00  -  Run Local Usage
		Usr 0 00:00:04, Sys 0 00:00:00  -  Total Remote Usage
		Usr 0 00:00:00, Sys 0 00:00:00  -  Total Local Usage
	519205  -  Run Bytes Sent By Job
	47454  -  Run Bytes Received By Job
	519205  -  Total Bytes Sent By Job
	47454  -  Total Bytes Received By Job
	Partitionable Resources :    Usage  Request          
	   Cpus                 :                 1          
	   Disk (KB)            :      579      579          
	   Memory (MB)          :      103      103          
...
