000 (426501.000.000) 06/22 20:50:12 Job submitted from host: <18.12.1.74:48322>
...
001 (426501.000.000) 06/22 20:50:52 Job executing on host: <18.12.9.50:46059>
...
006 (426501.000.000) 06/22 20:51:01 Image size of job updated: 244936
	61  -  MemoryUsage of job (MB)
	62172  -  ResidentSetSize of job (KB)
...
004 (426501.000.000) 06/22 20:51:02 Job was evicted.
	(0) Job was not checkpointed.
		Usr 0 00:00:03, Sys 0 00:00:00  -  Run Remote Usage
		Usr 0 00:00:00, Sys 0 00:00:00  -  Run Local Usage
	0  -  Run Bytes Sent By Job
	41910  -  Run Bytes Received By Job
	Partitionable Resources :    Usage  Request          
	   Cpus                 :                 1          
	   Disk (KB)            :      550      550          
	   Memory (MB)          :       61       61          
...
009 (426501.000.000) 06/22 20:51:10 Job was aborted by the user.
	via condor_rm (by user rkunnawa)
...
