000 (426442.000.000) 06/22 20:50:06 Job submitted from host: <18.12.1.74:48322>
...
001 (426442.000.000) 06/22 20:50:46 Job executing on host: <18.12.8.150:43869>
...
006 (426442.000.000) 06/22 20:50:54 Image size of job updated: 67204
	15  -  MemoryUsage of job (MB)
	14364  -  ResidentSetSize of job (KB)
...
006 (426442.000.000) 06/22 20:51:02 Image size of job updated: 245344
	15  -  MemoryUsage of job (MB)
	14364  -  ResidentSetSize of job (KB)
...
004 (426442.000.000) 06/22 20:51:02 Job was evicted.
	(0) Job was not checkpointed.
		Usr 0 00:00:02, Sys 0 00:00:00  -  Run Remote Usage
		Usr 0 00:00:00, Sys 0 00:00:00  -  Run Local Usage
	0  -  Run Bytes Sent By Job
	41910  -  Run Bytes Received By Job
	Partitionable Resources :    Usage  Request          
	   Cpus                 :                 1          
	   Disk (KB)            :      550      550          
	   Memory (MB)          :       15       15          
...
009 (426442.000.000) 06/22 20:51:10 Job was aborted by the user.
	via condor_rm (by user rkunnawa)
...
000 (426576.000.000) 06/22 20:51:42 Job submitted from host: <18.12.1.74:48322>
...
001 (426576.000.000) 06/22 20:52:12 Job executing on host: <18.12.9.11:47957>
...
006 (426576.000.000) 06/22 20:52:21 Image size of job updated: 245492
	81  -  MemoryUsage of job (MB)
	82332  -  ResidentSetSize of job (KB)
...
006 (426576.000.000) 06/22 20:55:47 Image size of job updated: 247104
	81  -  MemoryUsage of job (MB)
	82332  -  ResidentSetSize of job (KB)
...
005 (426576.000.000) 06/22 20:55:47 Job terminated.
	(1) Normal termination (return value 0)
		Usr 0 00:02:21, Sys 0 00:00:04  -  Run Remote Usage
		Usr 0 00:00:00, Sys 0 00:00:00  -  Run Local Usage
		Usr 0 00:02:21, Sys 0 00:00:04  -  Total Remote Usage
		Usr 0 00:00:00, Sys 0 00:00:00  -  Total Local Usage
	495138  -  Run Bytes Sent By Job
	41910  -  Run Bytes Received By Job
	495138  -  Total Bytes Sent By Job
	41910  -  Total Bytes Received By Job
	Partitionable Resources :    Usage  Request          
	   Cpus                 :                 1          
	   Disk (KB)            :      550      550          
	   Memory (MB)          :       81       81          
...
000 (491866.000.000) 06/29 09:48:12 Job submitted from host: <18.12.1.74:48322>
...
001 (491866.000.000) 06/29 09:48:23 Job executing on host: <18.12.8.62:41606>
...
006 (491866.000.000) 06/29 09:48:32 Image size of job updated: 245724
	59  -  MemoryUsage of job (MB)
	60092  -  ResidentSetSize of job (KB)
...
006 (491866.000.000) 06/29 09:50:10 Image size of job updated: 247084
	59  -  MemoryUsage of job (MB)
	60092  -  ResidentSetSize of job (KB)
...
005 (491866.000.000) 06/29 09:50:10 Job terminated.
	(1) Normal termination (return value 0)
		Usr 0 00:01:12, Sys 0 00:00:02  -  Run Remote Usage
		Usr 0 00:00:00, Sys 0 00:00:00  -  Run Local Usage
		Usr 0 00:01:12, Sys 0 00:00:02  -  Total Remote Usage
		Usr 0 00:00:00, Sys 0 00:00:00  -  Total Local Usage
	508874  -  Run Bytes Sent By Job
	46550  -  Run Bytes Received By Job
	508874  -  Total Bytes Sent By Job
	46550  -  Total Bytes Received By Job
	Partitionable Resources :    Usage  Request          
	   Cpus                 :                 1          
	   Disk (KB)            :      568      568          
	   Memory (MB)          :       59       59          
...
000 (492618.000.000) 06/29 10:14:17 Job submitted from host: <18.12.1.74:48322>
...
001 (492618.000.000) 06/29 10:14:43 Job executing on host: <18.12.8.159:45256>
...
006 (492618.000.000) 06/29 10:14:51 Image size of job updated: 75604
	21  -  MemoryUsage of job (MB)
	20656  -  ResidentSetSize of job (KB)
...
006 (492618.000.000) 06/29 10:17:39 Image size of job updated: 247084
	21  -  MemoryUsage of job (MB)
	20656  -  ResidentSetSize of job (KB)
...
005 (492618.000.000) 06/29 10:17:39 Job terminated.
	(1) Normal termination (return value 0)
		Usr 0 00:01:13, Sys 0 00:00:01  -  Run Remote Usage
		Usr 0 00:00:00, Sys 0 00:00:00  -  Run Local Usage
		Usr 0 00:01:13, Sys 0 00:00:01  -  Total Remote Usage
		Usr 0 00:00:00, Sys 0 00:00:00  -  Total Local Usage
	508824  -  Run Bytes Sent By Job
	46566  -  Run Bytes Received By Job
	508824  -  Total Bytes Sent By Job
	46566  -  Total Bytes Received By Job
	Partitionable Resources :    Usage  Request          
	   Cpus                 :                 1          
	   Disk (KB)            :      568      568          
	   Memory (MB)          :       21       21          
...
000 (495337.000.000) 06/29 21:59:33 Job submitted from host: <18.12.1.74:48322>
...
001 (495337.000.000) 06/29 22:00:43 Job executing on host: <18.12.6.19:40365>
...
006 (495337.000.000) 06/29 22:00:51 Image size of job updated: 1
	3  -  MemoryUsage of job (MB)
	2376  -  ResidentSetSize of job (KB)
...
006 (495337.000.000) 06/29 22:02:49 Image size of job updated: 247644
	3  -  MemoryUsage of job (MB)
	2376  -  ResidentSetSize of job (KB)
...
005 (495337.000.000) 06/29 22:02:49 Job terminated.
	(1) Normal termination (return value 0)
		Usr 0 00:01:33, Sys 0 00:00:01  -  Run Remote Usage
		Usr 0 00:00:00, Sys 0 00:00:00  -  Run Local Usage
		Usr 0 00:01:33, Sys 0 00:00:01  -  Total Remote Usage
		Usr 0 00:00:00, Sys 0 00:00:00  -  Total Local Usage
	508899  -  Run Bytes Sent By Job
	46564  -  Run Bytes Received By Job
	508899  -  Total Bytes Sent By Job
	46564  -  Total Bytes Received By Job
	Partitionable Resources :    Usage  Request          
	   Cpus                 :                 1          
	   Disk (KB)            :      568      568          
	   Memory (MB)          :        3        3          
...
