
----------------------------------------------------
Job started on Mon Jun 29 21:59:26 EDT 2015 at WN: hibat0033.cmsaf.mit.edu 
Job is running on Linux hibat0033.cmsaf.mit.edu 2.6.32-358.el6.x86_64 #1 SMP Fri Feb 22 20:37:17 CST 2013 x86_64 x86_64 x86_64 GNU/Linux
Filesystem            Size  Used Avail Use% Mounted on
/dev/sda3              20G  3.5G   16G  19% /
tmpfs                  24G     0   24G   0% /dev/shm
/dev/sda1              97M   32M   61M  35% /boot
/dev/sda4             874G   84G  791G  10% /export/data1
/dev/sdb1             1.8T  1.6T  208G  89% /export/00b
/dev/sdc1             1.8T  1.6T  219G  89% /export/00c
/dev/sdd1             1.8T  1.7T  194G  90% /export/00d
/dev/sde1             1.8T  1.6T  208G  89% /export/00e
/dev/sdf1             1.8T  1.6T  202G  90% /export/00f
fuse_dfs              4.9P  4.4P  527T  90% /mnt/hadoop
t2srv0004:/export/db  135G  187M  135G   1% /net/t2srv0004/db
cvmfs2                 98G   80G   19G  82% /cvmfs/cms.cern.ch
cvmfs2                 98G   80G   19G  82% /cvmfs/cvmfs.cmsaf.mit.edu
cvmfs2                 98G   80G   19G  82% /cvmfs/oasis.opensciencegrid.org
gcc (GCC) 4.4.7 20120313 (Red Hat 4.4.7-3)
Copyright (C) 2010 Free Software Foundation, Inc.
This is free software; see the source for copying conditions.  There is NO
warranty; not even for MERCHANTABILITY or FITNESS FOR A PARTICULAR PURPOSE.

Processing...
0/119117
10000/119117
20000/119117
30000/119117
40000/119117
50000/119117
60000/119117
70000/119117
80000/119117
90000/119117
100000/119117
110000/119117
Macro finished: 
CPU time (min)  = 1.3695
Real time (min) = 1.78247
Done!
Copied output files to hadoop rootfiles/JetRAA/June22
