
----------------------------------------------------
Job started on Mon Jun 22 20:52:10 EDT 2015 at WN: t2bat0299.cmsaf.mit.edu 
Job is running on Linux t2bat0299.cmsaf.mit.edu 2.6.32-358.el6.x86_64 #1 SMP Fri Feb 22 20:37:17 CST 2013 x86_64 x86_64 x86_64 GNU/Linux
Filesystem            Size  Used Avail Use% Mounted on
/dev/sda3              20G  3.2G   16G  17% /
tmpfs                  32G     0   32G   0% /dev/shm
/dev/sda1              97M   32M   61M  35% /boot
/dev/sda4             416G  100G  316G  24% /export/data1
fuse_dfs              4.9P  4.4P  522T  90% /mnt/hadoop
/dev/sdb1             2.7T  2.4T  318G  89% /export/00b
/dev/sdc1             2.7T  2.4T  302G  90% /export/00c
/dev/sdd1             2.7T  2.4T  325G  89% /export/00d
/dev/sde1             2.7T  2.4T  309G  89% /export/00e
/dev/sdf1             2.7T  2.4T  299G  90% /export/00f
/dev/sdg1             2.7T  2.4T  310G  89% /export/00g
/dev/sdh1             2.7T  2.5T  293G  90% /export/00h
/dev/sdi1             2.7T  2.4T  296G  90% /export/00i
/dev/sdj1             2.7T  2.4T  302G  90% /export/00j
/dev/sdk1             2.7T  2.4T  313G  89% /export/00k
/dev/sdl1             2.7T  2.4T  307G  89% /export/00l
cvmfs2                 98G   95G  3.6G  97% /cvmfs/cms.cern.ch
t2srv0004:/export/db  135G  187M  135G   1% /net/t2srv0004/db
cvmfs2                 98G   95G  3.6G  97% /cvmfs/mu2e.opensciencegrid.org
cvmfs2                 98G   95G  3.6G  97% /cvmfs/atlas.cern.ch
gcc (GCC) 4.4.7 20120313 (Red Hat 4.4.7-3)
Copyright (C) 2010 Free Software Foundation, Inc.
This is free software; see the source for copying conditions.  There is NO
warranty; not even for MERCHANTABILITY or FITNESS FOR A PARTICULAR PURPOSE.

Processing...
0/122668
10000/122668
20000/122668
30000/122668
40000/122668
50000/122668
60000/122668
70000/122668
80000/122668
90000/122668
100000/122668
110000/122668
120000/122668
Macro finished: 
CPU time (min)  = 1.169
Real time (min) = 4.83323
Done!
Copied output files to hadoop rootfiles/JetRAA/June22
