000 (426754.000.000) 06/22 20:55:17 Job submitted from host: <18.12.1.74:48322>
...
001 (426754.000.000) 06/22 20:55:28 Job executing on host: <18.12.8.118:41606>
...
006 (426754.000.000) 06/22 20:55:37 Image size of job updated: 188732
	54  -  MemoryUsage of job (MB)
	54912  -  ResidentSetSize of job (KB)
...
006 (426754.000.000) 06/22 20:58:42 Image size of job updated: 244036
	54  -  MemoryUsage of job (MB)
	54912  -  ResidentSetSize of job (KB)
...
005 (426754.000.000) 06/22 20:58:42 Job terminated.
	(1) Normal termination (return value 0)
		Usr 0 00:01:52, Sys 0 00:00:04  -  Run Remote Usage
		Usr 0 00:00:00, Sys 0 00:00:00  -  Run Local Usage
		Usr 0 00:01:52, Sys 0 00:00:04  -  Total Remote Usage
		Usr 0 00:00:00, Sys 0 00:00:00  -  Total Local Usage
	495075  -  Run Bytes Sent By Job
	41910  -  Run Bytes Received By Job
	495075  -  Total Bytes Sent By Job
	41910  -  Total Bytes Received By Job
	Partitionable Resources :    Usage  Request          
	   Cpus                 :                 1          
	   Disk (KB)            :      550      550          
	   Memory (MB)          :       54       54          
...
