000 (426497.000.000) 06/22 20:50:11 Job submitted from host: <18.12.1.74:48322>
...
001 (426497.000.000) 06/22 20:50:49 Job executing on host: <18.12.8.106:48760>
...
006 (426497.000.000) 06/22 20:50:58 Image size of job updated: 1
	3  -  MemoryUsage of job (MB)
	2356  -  ResidentSetSize of job (KB)
...
006 (426497.000.000) 06/22 20:51:02 Image size of job updated: 246192
	3  -  MemoryUsage of job (MB)
	2356  -  ResidentSetSize of job (KB)
...
004 (426497.000.000) 06/22 20:51:02 Job was evicted.
	(0) Job was not checkpointed.
		Usr 0 00:00:02, Sys 0 00:00:00  -  Run Remote Usage
		Usr 0 00:00:00, Sys 0 00:00:00  -  Run Local Usage
	0  -  Run Bytes Sent By Job
	41910  -  Run Bytes Received By Job
	Partitionable Resources :    Usage  Request          
	   Cpus                 :                 1          
	   Disk (KB)            :      550      550          
	   Memory (MB)          :        3        3          
...
009 (426497.000.000) 06/22 20:51:10 Job was aborted by the user.
	via condor_rm (by user rkunnawa)
...
000 (491934.000.000) 06/29 09:48:23 Job submitted from host: <18.12.1.74:48322>
...
001 (491934.000.000) 06/29 09:49:04 Job executing on host: <18.12.8.95:49271>
...
006 (491934.000.000) 06/29 09:49:13 Image size of job updated: 184656
	52  -  MemoryUsage of job (MB)
	52240  -  ResidentSetSize of job (KB)
...
006 (491934.000.000) 06/29 09:50:45 Image size of job updated: 247120
	52  -  MemoryUsage of job (MB)
	52240  -  ResidentSetSize of job (KB)
...
005 (491934.000.000) 06/29 09:50:45 Job terminated.
	(1) Normal termination (return value 0)
		Usr 0 00:01:03, Sys 0 00:00:02  -  Run Remote Usage
		Usr 0 00:00:00, Sys 0 00:00:00  -  Run Local Usage
		Usr 0 00:01:03, Sys 0 00:00:02  -  Total Remote Usage
		Usr 0 00:00:00, Sys 0 00:00:00  -  Total Local Usage
	508750  -  Run Bytes Sent By Job
	46550  -  Run Bytes Received By Job
	508750  -  Total Bytes Sent By Job
	46550  -  Total Bytes Received By Job
	Partitionable Resources :    Usage  Request          
	   Cpus                 :                 1          
	   Disk (KB)            :      568      568          
	   Memory (MB)          :       52       52          
...
000 (492673.000.000) 06/29 10:14:32 Job submitted from host: <18.12.1.74:48322>
...
001 (492673.000.000) 06/29 10:14:49 Job executing on host: <18.12.9.2:45767>
...
006 (492673.000.000) 06/29 10:14:57 Image size of job updated: 137236
	18  -  MemoryUsage of job (MB)
	17752  -  ResidentSetSize of job (KB)
...
006 (492673.000.000) 06/29 10:17:20 Image size of job updated: 248156
	18  -  MemoryUsage of job (MB)
	17752  -  ResidentSetSize of job (KB)
...
005 (492673.000.000) 06/29 10:17:21 Job terminated.
	(1) Normal termination (return value 0)
		Usr 0 00:01:28, Sys 0 00:00:02  -  Run Remote Usage
		Usr 0 00:00:00, Sys 0 00:00:00  -  Run Local Usage
		Usr 0 00:01:28, Sys 0 00:00:02  -  Total Remote Usage
		Usr 0 00:00:00, Sys 0 00:00:00  -  Total Local Usage
	508976  -  Run Bytes Sent By Job
	46566  -  Run Bytes Received By Job
	508976  -  Total Bytes Sent By Job
	46566  -  Total Bytes Received By Job
	Partitionable Resources :    Usage  Request          
	   Cpus                 :                 1          
	   Disk (KB)            :      568      568          
	   Memory (MB)          :       18       18          
...
000 (495392.000.000) 06/29 21:59:43 Job submitted from host: <18.12.1.74:48322>
...
001 (495392.000.000) 06/29 21:59:53 Job executing on host: <18.12.6.62:48687>
...
006 (495392.000.000) 06/29 22:00:02 Image size of job updated: 1
	3  -  MemoryUsage of job (MB)
	2352  -  ResidentSetSize of job (KB)
...
006 (495392.000.000) 06/29 22:02:01 Image size of job updated: 248696
	3  -  MemoryUsage of job (MB)
	2352  -  ResidentSetSize of job (KB)
...
005 (495392.000.000) 06/29 22:02:02 Job terminated.
	(1) Normal termination (return value 0)
		Usr 0 00:01:35, Sys 0 00:00:01  -  Run Remote Usage
		Usr 0 00:00:00, Sys 0 00:00:00  -  Run Local Usage
		Usr 0 00:01:35, Sys 0 00:00:01  -  Total Remote Usage
		Usr 0 00:00:00, Sys 0 00:00:00  -  Total Local Usage
	509023  -  Run Bytes Sent By Job
	46564  -  Run Bytes Received By Job
	509023  -  Total Bytes Sent By Job
	46564  -  Total Bytes Received By Job
	Partitionable Resources :    Usage  Request          
	   Cpus                 :                 1          
	   Disk (KB)            :      568      568          
	   Memory (MB)          :        3        3          
...
