000 (426460.000.000) 06/22 20:50:08 Job submitted from host: <18.12.1.74:48322>
...
001 (426460.000.000) 06/22 20:50:51 Job executing on host: <18.12.8.230:40657>
...
006 (426460.000.000) 06/22 20:51:00 Image size of job updated: 1
	3  -  MemoryUsage of job (MB)
	2360  -  ResidentSetSize of job (KB)
...
006 (426460.000.000) 06/22 20:51:02 Image size of job updated: 245012
	3  -  MemoryUsage of job (MB)
	2360  -  ResidentSetSize of job (KB)
...
004 (426460.000.000) 06/22 20:51:02 Job was evicted.
	(0) Job was not checkpointed.
		Usr 0 00:00:03, Sys 0 00:00:00  -  Run Remote Usage
		Usr 0 00:00:00, Sys 0 00:00:00  -  Run Local Usage
	0  -  Run Bytes Sent By Job
	41910  -  Run Bytes Received By Job
	Partitionable Resources :    Usage  Request          
	   Cpus                 :                 1          
	   Disk (KB)            :      550      550          
	   Memory (MB)          :        3        3          
...
009 (426460.000.000) 06/22 20:51:10 Job was aborted by the user.
	via condor_rm (by user rkunnawa)
...
000 (426585.000.000) 06/22 20:51:43 Job submitted from host: <18.12.1.74:48322>
...
001 (426585.000.000) 06/22 20:52:18 Job executing on host: <18.12.8.11:44088>
...
006 (426585.000.000) 06/22 20:52:26 Image size of job updated: 1
	3  -  MemoryUsage of job (MB)
	2376  -  ResidentSetSize of job (KB)
...
006 (426585.000.000) 06/22 20:54:19 Image size of job updated: 246684
	3  -  MemoryUsage of job (MB)
	2376  -  ResidentSetSize of job (KB)
...
005 (426585.000.000) 06/22 20:54:19 Job terminated.
	(1) Normal termination (return value 0)
		Usr 0 00:01:19, Sys 0 00:00:01  -  Run Remote Usage
		Usr 0 00:00:00, Sys 0 00:00:00  -  Run Local Usage
		Usr 0 00:01:19, Sys 0 00:00:01  -  Total Remote Usage
		Usr 0 00:00:00, Sys 0 00:00:00  -  Total Local Usage
	494907  -  Run Bytes Sent By Job
	41910  -  Run Bytes Received By Job
	494907  -  Total Bytes Sent By Job
	41910  -  Total Bytes Received By Job
	Partitionable Resources :    Usage  Request          
	   Cpus                 :                 1          
	   Disk (KB)            :      550      550          
	   Memory (MB)          :        3        3          
...
