
----------------------------------------------------
Job started on Mon Jun 22 20:52:15 EDT 2015 at WN: t2bat0113.cmsaf.mit.edu 
Job is running on Linux t2bat0113.cmsaf.mit.edu 2.6.32-358.el6.x86_64 #1 SMP Fri Feb 22 20:37:17 CST 2013 x86_64 x86_64 x86_64 GNU/Linux
Filesystem            Size  Used Avail Use% Mounted on
/dev/sda3              20G  2.4G   17G  13% /
tmpfs                 7.8G     0  7.8G   0% /dev/shm
/dev/sda1              97M   33M   60M  36% /boot
/dev/sda4             644G   73G  572G  12% /export/data1
/dev/sdb1             1.8T  1.6T  206G  89% /export/00b
/dev/sdc1             1.8T  1.6T  200G  90% /export/00c
/dev/sdd1             1.8T  1.7T  192G  90% /export/00d
/dev/sde1             1.8T  1.6T  205G  89% /export/00e
/dev/sdf1             1.8T  1.7T  195G  90% /export/00f
fuse_dfs              4.9P  4.4P  522T  90% /mnt/hadoop
cvmfs2                 98G   71G   27G  73% /cvmfs/cms.cern.ch
t2srv0004:/export/db  135G  187M  135G   1% /net/t2srv0004/db
cvmfs2                 98G   71G   27G  73% /cvmfs/mu2e.opensciencegrid.org
gcc (GCC) 4.4.7 20120313 (Red Hat 4.4.7-3)
Copyright (C) 2010 Free Software Foundation, Inc.
This is free software; see the source for copying conditions.  There is NO
warranty; not even for MERCHANTABILITY or FITNESS FOR A PARTICULAR PURPOSE.

Processing...
0/332936
10000/332936
20000/332936
30000/332936
40000/332936
50000/332936
60000/332936
70000/332936
80000/332936
90000/332936
100000/332936
110000/332936
120000/332936
130000/332936
140000/332936
150000/332936
160000/332936
170000/332936
180000/332936
190000/332936
200000/332936
210000/332936
220000/332936
230000/332936
240000/332936
250000/332936
260000/332936
270000/332936
280000/332936
290000/332936
300000/332936
310000/332936
320000/332936
330000/332936
Macro finished: 
CPU time (min)  = 2.63033
Real time (min) = 7.45174
Done!
Copied output files to hadoop rootfiles/JetRAA/June22
