000 (426636.000.000) 06/22 20:54:15 Job submitted from host: <18.12.1.74:48322>
...
001 (426636.000.000) 06/22 20:54:41 Job executing on host: <18.12.9.79:45767>
...
006 (426636.000.000) 06/22 20:54:50 Image size of job updated: 1
	3  -  MemoryUsage of job (MB)
	2360  -  ResidentSetSize of job (KB)
...
006 (426636.000.000) 06/22 20:56:27 Image size of job updated: 243832
	3  -  MemoryUsage of job (MB)
	2360  -  ResidentSetSize of job (KB)
...
005 (426636.000.000) 06/22 20:56:27 Job terminated.
	(1) Normal termination (return value 0)
		Usr 0 00:01:03, Sys 0 00:00:02  -  Run Remote Usage
		Usr 0 00:00:00, Sys 0 00:00:00  -  Run Local Usage
		Usr 0 00:01:03, Sys 0 00:00:02  -  Total Remote Usage
		Usr 0 00:00:00, Sys 0 00:00:00  -  Total Local Usage
	495148  -  Run Bytes Sent By Job
	41910  -  Run Bytes Received By Job
	495148  -  Total Bytes Sent By Job
	41910  -  Total Bytes Received By Job
	Partitionable Resources :    Usage  Request          
	   Cpus                 :                 1          
	   Disk (KB)            :      550      550          
	   Memory (MB)          :        3        3          
...
000 (428049.000.000) 06/23 16:48:23 Job submitted from host: <18.12.1.74:48322>
...
001 (428049.000.000) 06/23 16:48:35 Job executing on host: <18.12.9.56:40657>
...
006 (428049.000.000) 06/23 16:48:44 Image size of job updated: 13384
	2  -  MemoryUsage of job (MB)
	1980  -  ResidentSetSize of job (KB)
...
006 (428049.000.000) 06/23 16:50:58 Image size of job updated: 243860
	2  -  MemoryUsage of job (MB)
	1980  -  ResidentSetSize of job (KB)
...
005 (428049.000.000) 06/23 16:50:58 Job terminated.
	(1) Normal termination (return value 0)
		Usr 0 00:00:48, Sys 0 00:00:01  -  Run Remote Usage
		Usr 0 00:00:00, Sys 0 00:00:00  -  Run Local Usage
		Usr 0 00:00:48, Sys 0 00:00:01  -  Total Remote Usage
		Usr 0 00:00:00, Sys 0 00:00:00  -  Total Local Usage
	511406  -  Run Bytes Sent By Job
	47429  -  Run Bytes Received By Job
	511406  -  Total Bytes Sent By Job
	47429  -  Total Bytes Received By Job
	Partitionable Resources :    Usage  Request          
	   Cpus                 :                 1          
	   Disk (KB)            :      571      571          
	   Memory (MB)          :        2        2          
...
