
----------------------------------------------------
Job started on Mon Jun 22 20:55:24 EDT 2015 at WN: hibat0035.cmsaf.mit.edu 
Job is running on Linux hibat0035.cmsaf.mit.edu 2.6.32-358.el6.x86_64 #1 SMP Fri Feb 22 20:37:17 CST 2013 x86_64 x86_64 x86_64 GNU/Linux
Filesystem            Size  Used Avail Use% Mounted on
/dev/sda3              20G  3.4G   16G  18% /
tmpfs                  24G     0   24G   0% /dev/shm
/dev/sda1              97M   32M   61M  35% /boot
/dev/sda4             874G   54G  820G   7% /export/data1
/dev/sdb1             1.8T  1.6T  198G  90% /export/00b
/dev/sdc1             1.8T  1.7T  186G  90% /export/00c
/dev/sdd1             1.8T  1.6T  205G  89% /export/00d
/dev/sde1             1.8T  1.7T  195G  90% /export/00e
/dev/sdf1             1.8T  1.6T  214G  89% /export/00f
fuse_dfs              4.9P  4.4P  522T  90% /mnt/hadoop
t2srv0004:/export/db  135G  187M  135G   1% /net/t2srv0004/db
cvmfs2                 98G   53G   46G  54% /cvmfs/cms.cern.ch
cvmfs2                 98G   53G   46G  54% /cvmfs/mu2e.opensciencegrid.org
gcc (GCC) 4.4.7 20120313 (Red Hat 4.4.7-3)
Copyright (C) 2010 Free Software Foundation, Inc.
This is free software; see the source for copying conditions.  There is NO
warranty; not even for MERCHANTABILITY or FITNESS FOR A PARTICULAR PURPOSE.

Processing...
0/116031
10000/116031
20000/116031
30000/116031
40000/116031
50000/116031
60000/116031
70000/116031
80000/116031
90000/116031
100000/116031
110000/116031
Macro finished: 
CPU time (min)  = 1.17717
Real time (min) = 1.62084
Done!
Copied output files to hadoop rootfiles/JetRAA/June22
