
----------------------------------------------------
Job started on Tue Jun 23 16:48:38 EDT 2015 at WN: hibat0094.cmsaf.mit.edu 
Job is running on Linux hibat0094.cmsaf.mit.edu 2.6.32-358.el6.x86_64 #1 SMP Fri Feb 22 20:37:17 CST 2013 x86_64 x86_64 x86_64 GNU/Linux
Filesystem            Size  Used Avail Use% Mounted on
/dev/sda3              20G  3.7G   16G  20% /
tmpfs                  24G     0   24G   0% /dev/shm
/dev/sda1              97M   32M   61M  35% /boot
/dev/sda4             873G   97G  777G  12% /export/data1
/dev/sdb1             2.7T  2.7T   58G  98% /export/00b
/dev/sdc1             2.7T  2.7T   47G  99% /export/00c
/dev/sdd1             2.7T  2.7T   53G  99% /export/00d
/dev/sde1             2.7T  2.7T   46G  99% /export/00e
/dev/sdf1             2.7T  2.7T   47G  99% /export/00f
/dev/sdg1             3.6T  3.1T  593G  84% /export/00g
/dev/sdh1             3.6T  3.1T  584G  85% /export/00h
fuse_dfs              4.9P  4.4P  516T  90% /mnt/hadoop
cvmfs2                 98G   95G  3.2G  97% /cvmfs/cms.cern.ch
t2srv0004:/export/db  135G  187M  135G   1% /net/t2srv0004/db
cvmfs2                 98G   95G  3.2G  97% /cvmfs/oasis.opensciencegrid.org
cvmfs2                 98G   95G  3.2G  97% /cvmfs/mu2e.opensciencegrid.org
gcc (GCC) 4.4.7 20120313 (Red Hat 4.4.7-3)
Copyright (C) 2010 Free Software Foundation, Inc.
This is free software; see the source for copying conditions.  There is NO
warranty; not even for MERCHANTABILITY or FITNESS FOR A PARTICULAR PURPOSE.

Processing...
0/120061
10000/120061
20000/120061
30000/120061
40000/120061
50000/120061
60000/120061
70000/120061
80000/120061
90000/120061
100000/120061
110000/120061
120000/120061
Macro finished: 
CPU time (min)  = 1.41167
Real time (min) = 2.37705
Done!
Copied output files to hadoop rootfiles/JetRAA/June22
