000 (426722.000.000) 06/22 20:55:14 Job submitted from host: <18.12.1.74:48322>
...
001 (426722.000.000) 06/22 20:55:29 Job executing on host: <18.12.9.31:42701>
...
006 (426722.000.000) 06/22 20:55:38 Image size of job updated: 1
	3  -  MemoryUsage of job (MB)
	2380  -  ResidentSetSize of job (KB)
...
006 (426722.000.000) 06/22 21:00:08 Image size of job updated: 243800
	3  -  MemoryUsage of job (MB)
	2380  -  ResidentSetSize of job (KB)
...
005 (426722.000.000) 06/22 21:00:08 Job terminated.
	(1) Normal termination (return value 0)
		Usr 0 00:01:03, Sys 0 00:00:02  -  Run Remote Usage
		Usr 0 00:00:00, Sys 0 00:00:00  -  Run Local Usage
		Usr 0 00:01:03, Sys 0 00:00:02  -  Total Remote Usage
		Usr 0 00:00:00, Sys 0 00:00:00  -  Total Local Usage
	495280  -  Run Bytes Sent By Job
	41910  -  Run Bytes Received By Job
	495280  -  Total Bytes Sent By Job
	41910  -  Total Bytes Received By Job
	Partitionable Resources :    Usage  Request          
	   Cpus                 :                 1          
	   Disk (KB)            :      550      550          
	   Memory (MB)          :        3        3          
...
