000 (426462.000.000) 06/22 20:50:08 Job submitted from host: <18.12.1.74:48322>
...
001 (426462.000.000) 06/22 20:50:48 Job executing on host: <18.12.8.232:49271>
...
006 (426462.000.000) 06/22 20:50:56 Image size of job updated: 1196
	1  -  MemoryUsage of job (MB)
	156  -  ResidentSetSize of job (KB)
...
006 (426462.000.000) 06/22 20:51:02 Image size of job updated: 151792
	1  -  MemoryUsage of job (MB)
	156  -  ResidentSetSize of job (KB)
...
004 (426462.000.000) 06/22 20:51:02 Job was evicted.
	(0) Job was not checkpointed.
		Usr 0 00:00:00, Sys 0 00:00:00  -  Run Remote Usage
		Usr 0 00:00:00, Sys 0 00:00:00  -  Run Local Usage
	0  -  Run Bytes Sent By Job
	41910  -  Run Bytes Received By Job
	Partitionable Resources :    Usage  Request          
	   Cpus                 :                 1          
	   Disk (KB)            :      550      550          
	   Memory (MB)          :        1        1          
...
009 (426462.000.000) 06/22 20:51:10 Job was aborted by the user.
	via condor_rm (by user rkunnawa)
...
000 (426586.000.000) 06/22 20:51:43 Job submitted from host: <18.12.1.74:48322>
...
001 (426586.000.000) 06/22 20:52:11 Job executing on host: <18.12.9.14:42117>
...
006 (426586.000.000) 06/22 20:52:20 Image size of job updated: 245088
	60  -  MemoryUsage of job (MB)
	61164  -  ResidentSetSize of job (KB)
...
006 (426586.000.000) 06/22 20:54:57 Image size of job updated: 246428
	60  -  MemoryUsage of job (MB)
	61164  -  ResidentSetSize of job (KB)
...
005 (426586.000.000) 06/22 20:54:57 Job terminated.
	(1) Normal termination (return value 0)
		Usr 0 00:01:27, Sys 0 00:00:02  -  Run Remote Usage
		Usr 0 00:00:00, Sys 0 00:00:00  -  Run Local Usage
		Usr 0 00:01:27, Sys 0 00:00:02  -  Total Remote Usage
		Usr 0 00:00:00, Sys 0 00:00:00  -  Total Local Usage
	494919  -  Run Bytes Sent By Job
	41910  -  Run Bytes Received By Job
	494919  -  Total Bytes Sent By Job
	41910  -  Total Bytes Received By Job
	Partitionable Resources :    Usage  Request          
	   Cpus                 :                 1          
	   Disk (KB)            :      550      550          
	   Memory (MB)          :       60       60          
...
