000 (426649.000.000) 06/22 20:54:17 Job submitted from host: <18.12.1.74:48322>
...
001 (426649.000.000) 06/22 20:54:43 Job executing on host: <18.12.8.114:45475>
...
006 (426649.000.000) 06/22 20:54:51 Image size of job updated: 242940
	44  -  MemoryUsage of job (MB)
	44288  -  ResidentSetSize of job (KB)
...
006 (426649.000.000) 06/22 20:58:29 Image size of job updated: 244936
	44  -  MemoryUsage of job (MB)
	44288  -  ResidentSetSize of job (KB)
...
005 (426649.000.000) 06/22 20:58:29 Job terminated.
	(1) Normal termination (return value 0)
		Usr 0 00:02:20, Sys 0 00:00:07  -  Run Remote Usage
		Usr 0 00:00:00, Sys 0 00:00:00  -  Run Local Usage
		Usr 0 00:02:20, Sys 0 00:00:07  -  Total Remote Usage
		Usr 0 00:00:00, Sys 0 00:00:00  -  Total Local Usage
	495144  -  Run Bytes Sent By Job
	41910  -  Run Bytes Received By Job
	495144  -  Total Bytes Sent By Job
	41910  -  Total Bytes Received By Job
	Partitionable Resources :    Usage  Request          
	   Cpus                 :                 1          
	   Disk (KB)            :      550      550          
	   Memory (MB)          :       44       44          
...
000 (428062.000.000) 06/23 16:48:25 Job submitted from host: <18.12.1.74:48322>
...
001 (428062.000.000) 06/23 16:48:38 Job executing on host: <18.12.8.182:47592>
...
006 (428062.000.000) 06/23 16:48:46 Image size of job updated: 1
	3  -  MemoryUsage of job (MB)
	2348  -  ResidentSetSize of job (KB)
...
006 (428062.000.000) 06/23 16:53:46 Image size of job updated: 245052
	131  -  MemoryUsage of job (MB)
	133604  -  ResidentSetSize of job (KB)
...
005 (428062.000.000) 06/23 16:55:26 Job terminated.
	(1) Normal termination (return value 0)
		Usr 0 00:02:41, Sys 0 00:00:02  -  Run Remote Usage
		Usr 0 00:00:00, Sys 0 00:00:00  -  Run Local Usage
		Usr 0 00:02:41, Sys 0 00:00:02  -  Total Remote Usage
		Usr 0 00:00:00, Sys 0 00:00:00  -  Total Local Usage
	511831  -  Run Bytes Sent By Job
	47429  -  Run Bytes Received By Job
	511831  -  Total Bytes Sent By Job
	47429  -  Total Bytes Received By Job
	Partitionable Resources :    Usage  Request          
	   Cpus                 :                 1          
	   Disk (KB)            :      572      572          
	   Memory (MB)          :      131      131          
...
