000 (426357.000.000) 06/22 20:49:58 Job submitted from host: <18.12.1.74:48322>
...
001 (426357.000.000) 06/22 20:50:39 Job executing on host: <18.12.9.45:42482>
...
006 (426357.000.000) 06/22 20:50:47 Image size of job updated: 245048
	60  -  MemoryUsage of job (MB)
	60916  -  ResidentSetSize of job (KB)
...
006 (426357.000.000) 06/22 20:51:02 Image size of job updated: 246440
	60  -  MemoryUsage of job (MB)
	60916  -  ResidentSetSize of job (KB)
...
004 (426357.000.000) 06/22 20:51:02 Job was evicted.
	(0) Job was not checkpointed.
		Usr 0 00:00:12, Sys 0 00:00:00  -  Run Remote Usage
		Usr 0 00:00:00, Sys 0 00:00:00  -  Run Local Usage
	0  -  Run Bytes Sent By Job
	41910  -  Run Bytes Received By Job
	Partitionable Resources :    Usage  Request          
	   Cpus                 :                 1          
	   Disk (KB)            :      550      550          
	   Memory (MB)          :       60       60          
...
009 (426357.000.000) 06/22 20:51:10 Job was aborted by the user.
	via condor_rm (by user rkunnawa)
...
