000 (426352.000.000) 06/22 20:49:57 Job submitted from host: <18.12.1.74:48322>
...
001 (426352.000.000) 06/22 20:50:43 Job executing on host: <18.12.9.51:49855>
...
006 (426352.000.000) 06/22 20:50:52 Image size of job updated: 147048
	31  -  MemoryUsage of job (MB)
	30784  -  ResidentSetSize of job (KB)
...
006 (426352.000.000) 06/22 20:51:02 Image size of job updated: 244924
	31  -  MemoryUsage of job (MB)
	30784  -  ResidentSetSize of job (KB)
...
004 (426352.000.000) 06/22 20:51:02 Job was evicted.
	(0) Job was not checkpointed.
		Usr 0 00:00:00, Sys 0 00:00:00  -  Run Remote Usage
		Usr 0 00:00:00, Sys 0 00:00:00  -  Run Local Usage
	0  -  Run Bytes Sent By Job
	41910  -  Run Bytes Received By Job
	Partitionable Resources :    Usage  Request          
	   Cpus                 :                 1          
	   Disk (KB)            :      550      550          
	   Memory (MB)          :       31       31          
...
009 (426352.000.000) 06/22 20:51:11 Job was aborted by the user.
	via condor_rm (by user rkunnawa)
...
000 (426531.000.000) 06/22 20:51:38 Job submitted from host: <18.12.1.74:48322>
...
001 (426531.000.000) 06/22 20:52:08 Job executing on host: <18.12.9.77:41533>
...
006 (426531.000.000) 06/22 20:52:18 Image size of job updated: 1
	3  -  MemoryUsage of job (MB)
	2360  -  ResidentSetSize of job (KB)
...
006 (426531.000.000) 06/22 20:55:25 Image size of job updated: 246460
	3  -  MemoryUsage of job (MB)
	2360  -  ResidentSetSize of job (KB)
...
005 (426531.000.000) 06/22 20:55:25 Job terminated.
	(1) Normal termination (return value 0)
		Usr 0 00:02:01, Sys 0 00:00:03  -  Run Remote Usage
		Usr 0 00:00:00, Sys 0 00:00:00  -  Run Local Usage
		Usr 0 00:02:01, Sys 0 00:00:03  -  Total Remote Usage
		Usr 0 00:00:00, Sys 0 00:00:00  -  Total Local Usage
	495318  -  Run Bytes Sent By Job
	41910  -  Run Bytes Received By Job
	495318  -  Total Bytes Sent By Job
	41910  -  Total Bytes Received By Job
	Partitionable Resources :    Usage  Request          
	   Cpus                 :                 1          
	   Disk (KB)            :      550      550          
	   Memory (MB)          :        3        3          
...
