000 (426710.000.000) 06/22 20:54:23 Job submitted from host: <18.12.1.74:48322>
...
001 (426710.000.000) 06/22 20:54:49 Job executing on host: <18.12.6.38:45037>
...
006 (426710.000.000) 06/22 20:54:57 Image size of job updated: 243092
	83  -  MemoryUsage of job (MB)
	84168  -  ResidentSetSize of job (KB)
...
005 (426710.000.000) 06/22 20:55:17 Job terminated.
	(1) Normal termination (return value 0)
		Usr 0 00:00:14, Sys 0 00:00:01  -  Run Remote Usage
		Usr 0 00:00:00, Sys 0 00:00:00  -  Run Local Usage
		Usr 0 00:00:14, Sys 0 00:00:01  -  Total Remote Usage
		Usr 0 00:00:00, Sys 0 00:00:00  -  Total Local Usage
	494972  -  Run Bytes Sent By Job
	41910  -  Run Bytes Received By Job
	494972  -  Total Bytes Sent By Job
	41910  -  Total Bytes Received By Job
	Partitionable Resources :    Usage  Request          
	   Cpus                 :                 1          
	   Disk (KB)            :      550      550          
	   Memory (MB)          :       83       83          
...
000 (428123.000.000) 06/23 16:48:31 Job submitted from host: <18.12.1.74:48322>
...
001 (428123.000.000) 06/23 16:48:45 Job executing on host: <18.12.6.88:46278>
...
006 (428123.000.000) 06/23 16:48:54 Image size of job updated: 1
	3  -  MemoryUsage of job (MB)
	2372  -  ResidentSetSize of job (KB)
...
006 (428123.000.000) 06/23 16:49:49 Image size of job updated: 243984
	3  -  MemoryUsage of job (MB)
	2372  -  ResidentSetSize of job (KB)
...
005 (428123.000.000) 06/23 16:49:49 Job terminated.
	(1) Normal termination (return value 0)
		Usr 0 00:00:20, Sys 0 00:00:00  -  Run Remote Usage
		Usr 0 00:00:00, Sys 0 00:00:00  -  Run Local Usage
		Usr 0 00:00:20, Sys 0 00:00:00  -  Total Remote Usage
		Usr 0 00:00:00, Sys 0 00:00:00  -  Total Local Usage
	511481  -  Run Bytes Sent By Job
	47429  -  Run Bytes Received By Job
	511481  -  Total Bytes Sent By Job
	47429  -  Total Bytes Received By Job
	Partitionable Resources :    Usage  Request          
	   Cpus                 :                 1          
	   Disk (KB)            :      571      571          
	   Memory (MB)          :        3        3          
...
