
----------------------------------------------------
Job started on Mon Jun 29 21:59:47 EDT 2015 at WN: t2bat0269.cmsaf.mit.edu 
Job is running on Linux t2bat0269.cmsaf.mit.edu 2.6.32-358.el6.x86_64 #1 SMP Fri Feb 22 20:37:17 CST 2013 x86_64 x86_64 x86_64 GNU/Linux
Filesystem            Size  Used Avail Use% Mounted on
/dev/sda3              20G  3.2G   16G  17% /
tmpfs                  12G     0   12G   0% /dev/shm
/dev/sda1              97M   32M   61M  35% /boot
/dev/sda4             874G   80G  794G  10% /export/data1
/dev/sdb1             1.8T  1.6T  205G  89% /export/00b
/dev/sdc1             1.8T  1.6T  206G  89% /export/00c
/dev/sdd1             1.8T  1.6T  207G  89% /export/00d
/dev/sde1             1.8T  1.6T  201G  90% /export/00e
/dev/sdf1             1.8T  1.6T  200G  90% /export/00f
fuse_dfs              4.9P  4.4P  527T  90% /mnt/hadoop
t2srv0004:/export/db  135G  187M  135G   1% /net/t2srv0004/db
cvmfs2                 98G   75G   24G  76% /cvmfs/cms.cern.ch
cvmfs2                 98G   75G   24G  76% /cvmfs/cvmfs.cmsaf.mit.edu
cvmfs2                 98G   75G   24G  76% /cvmfs/oasis.opensciencegrid.org
cvmfs2                 98G   75G   24G  76% /cvmfs/cdfcfs.fnal.gov
gcc (GCC) 4.4.7 20120313 (Red Hat 4.4.7-3)
Copyright (C) 2010 Free Software Foundation, Inc.
This is free software; see the source for copying conditions.  There is NO
warranty; not even for MERCHANTABILITY or FITNESS FOR A PARTICULAR PURPOSE.

Processing...
0/199533
10000/199533
20000/199533
30000/199533
40000/199533
50000/199533
60000/199533
70000/199533
80000/199533
90000/199533
100000/199533
110000/199533
120000/199533
130000/199533
140000/199533
150000/199533
160000/199533
170000/199533
180000/199533
190000/199533
Macro finished: 
CPU time (min)  = 2.0555
Real time (min) = 3.94113
Done!
Copied output files to hadoop rootfiles/JetRAA/June22
