
----------------------------------------------------
Job started on Tue Jun 23 16:48:35 EDT 2015 at WN: t2bat0319.cmsaf.mit.edu 
Job is running on Linux t2bat0319.cmsaf.mit.edu 2.6.32-358.el6.x86_64 #1 SMP Fri Feb 22 20:37:17 CST 2013 x86_64 x86_64 x86_64 GNU/Linux
Filesystem            Size  Used Avail Use% Mounted on
/dev/sda3              20G  2.6G   17G  14% /
tmpfs                  32G     0   32G   0% /dev/shm
/dev/sda1              97M   32M   61M  35% /boot
/dev/sda4             416G   98G  318G  24% /export/data1
fuse_dfs              4.9P  4.4P  516T  90% /mnt/hadoop
/dev/sdb1             3.6T  3.3T  346G  91% /export/00b
/dev/sdc1             3.6T  3.3T  320G  92% /export/00c
/dev/sdd1             3.6T  3.2T  434G  89% /export/00d
/dev/sde1             3.6T  3.2T  424G  89% /export/00e
/dev/sdf1             3.6T  3.2T  440G  89% /export/00f
/dev/sdg1             3.6T  3.2T  452G  88% /export/00g
cvmfs2                 98G   95G  2.7G  98% /cvmfs/cms.cern.ch
t2srv0004:/export/db  135G  187M  135G   1% /net/t2srv0004/db
cvmfs2                 98G   95G  2.7G  98% /cvmfs/oasis.opensciencegrid.org
cvmfs2                 98G   95G  2.7G  98% /cvmfs/mu2e.opensciencegrid.org
cvmfs2                 98G   95G  2.7G  98% /cvmfs/fermilab.opensciencegrid.org
cvmfs2                 98G   95G  2.7G  98% /cvmfs/grid.cern.ch
gcc (GCC) 4.4.7 20120313 (Red Hat 4.4.7-3)
Copyright (C) 2010 Free Software Foundation, Inc.
This is free software; see the source for copying conditions.  There is NO
warranty; not even for MERCHANTABILITY or FITNESS FOR A PARTICULAR PURPOSE.

Processing...
0/17599
10000/17599
Macro finished: 
CPU time (min)  = 0.168833
Real time (min) = 0.77915
Done!
Copied output files to hadoop rootfiles/JetRAA/June22
