000 (426505.000.000) 06/22 20:50:12 Job submitted from host: <18.12.1.74:48322>
...
001 (426505.000.000) 06/22 20:50:47 Job executing on host: <18.12.9.15:45402>
...
006 (426505.000.000) 06/22 20:50:55 Image size of job updated: 13384
	2  -  MemoryUsage of job (MB)
	1980  -  ResidentSetSize of job (KB)
...
006 (426505.000.000) 06/22 20:51:02 Image size of job updated: 147020
	30  -  MemoryUsage of job (MB)
	29784  -  ResidentSetSize of job (KB)
...
004 (426505.000.000) 06/22 20:51:02 Job was evicted.
	(0) Job was not checkpointed.
		Usr 0 00:00:00, Sys 0 00:00:00  -  Run Remote Usage
		Usr 0 00:00:00, Sys 0 00:00:00  -  Run Local Usage
	0  -  Run Bytes Sent By Job
	41910  -  Run Bytes Received By Job
	Partitionable Resources :    Usage  Request          
	   Cpus                 :                 1          
	   Disk (KB)            :      550      550          
	   Memory (MB)          :       30       30          
...
009 (426505.000.000) 06/22 20:51:10 Job was aborted by the user.
	via condor_rm (by user rkunnawa)
...
000 (491942.000.000) 06/29 09:48:25 Job submitted from host: <18.12.1.74:48322>
...
001 (491942.000.000) 06/29 09:49:04 Job executing on host: <18.12.8.140:45986>
...
006 (491942.000.000) 06/29 09:49:13 Image size of job updated: 1
	3  -  MemoryUsage of job (MB)
	2380  -  ResidentSetSize of job (KB)
...
006 (491942.000.000) 06/29 09:52:44 Image size of job updated: 251384
	3  -  MemoryUsage of job (MB)
	2380  -  ResidentSetSize of job (KB)
...
005 (491942.000.000) 06/29 09:52:44 Job terminated.
	(1) Normal termination (return value 0)
		Usr 0 00:01:29, Sys 0 00:00:01  -  Run Remote Usage
		Usr 0 00:00:00, Sys 0 00:00:00  -  Run Local Usage
		Usr 0 00:01:29, Sys 0 00:00:01  -  Total Remote Usage
		Usr 0 00:00:00, Sys 0 00:00:00  -  Total Local Usage
	508794  -  Run Bytes Sent By Job
	46550  -  Run Bytes Received By Job
	508794  -  Total Bytes Sent By Job
	46550  -  Total Bytes Received By Job
	Partitionable Resources :    Usage  Request          
	   Cpus                 :                 1          
	   Disk (KB)            :      568      568          
	   Memory (MB)          :        3        3          
...
000 (492681.000.000) 06/29 10:14:33 Job submitted from host: <18.12.1.74:48322>
...
001 (492681.000.000) 06/29 10:14:49 Job executing on host: <18.12.8.52:49271>
...
006 (492681.000.000) 06/29 10:14:58 Image size of job updated: 245780
	60  -  MemoryUsage of job (MB)
	60984  -  ResidentSetSize of job (KB)
...
006 (492681.000.000) 06/29 10:18:08 Image size of job updated: 251396
	60  -  MemoryUsage of job (MB)
	60984  -  ResidentSetSize of job (KB)
...
005 (492681.000.000) 06/29 10:18:08 Job terminated.
	(1) Normal termination (return value 0)
		Usr 0 00:02:17, Sys 0 00:00:05  -  Run Remote Usage
		Usr 0 00:00:00, Sys 0 00:00:00  -  Run Local Usage
		Usr 0 00:02:17, Sys 0 00:00:05  -  Total Remote Usage
		Usr 0 00:00:00, Sys 0 00:00:00  -  Total Local Usage
	509018  -  Run Bytes Sent By Job
	46566  -  Run Bytes Received By Job
	509018  -  Total Bytes Sent By Job
	46566  -  Total Bytes Received By Job
	Partitionable Resources :    Usage  Request          
	   Cpus                 :                 1          
	   Disk (KB)            :      568      568          
	   Memory (MB)          :       60       60          
...
000 (495400.000.000) 06/29 21:59:48 Job submitted from host: <18.12.1.74:48322>
...
001 (495400.000.000) 06/29 21:59:53 Job executing on host: <18.12.9.5:49709>
...
006 (495400.000.000) 06/29 22:00:02 Image size of job updated: 246336
	61  -  MemoryUsage of job (MB)
	61568  -  ResidentSetSize of job (KB)
...
006 (495400.000.000) 06/29 22:02:49 Image size of job updated: 251952
	61  -  MemoryUsage of job (MB)
	61568  -  ResidentSetSize of job (KB)
...
005 (495400.000.000) 06/29 22:02:49 Job terminated.
	(1) Normal termination (return value 0)
		Usr 0 00:01:53, Sys 0 00:00:03  -  Run Remote Usage
		Usr 0 00:00:00, Sys 0 00:00:00  -  Run Local Usage
		Usr 0 00:01:53, Sys 0 00:00:03  -  Total Remote Usage
		Usr 0 00:00:00, Sys 0 00:00:00  -  Total Local Usage
	509028  -  Run Bytes Sent By Job
	46564  -  Run Bytes Received By Job
	509028  -  Total Bytes Sent By Job
	46564  -  Total Bytes Received By Job
	Partitionable Resources :    Usage  Request          
	   Cpus                 :                 1          
	   Disk (KB)            :      568      568          
	   Memory (MB)          :       61       61          
...
