
----------------------------------------------------
Job started on Mon Jun 29 21:59:48 EDT 2015 at WN: t2bat0240.cmsaf.mit.edu 
Job is running on Linux t2bat0240.cmsaf.mit.edu 2.6.32-358.el6.x86_64 #1 SMP Fri Feb 22 20:37:17 CST 2013 x86_64 x86_64 x86_64 GNU/Linux
Filesystem            Size  Used Avail Use% Mounted on
/dev/sda3              20G  3.1G   16G  17% /
tmpfs                  12G     0   12G   0% /dev/shm
/dev/sda1              97M   32M   61M  35% /boot
/dev/sda4             874G   98G  777G  12% /export/data1
/dev/sdb1             1.8T  1.6T  199G  90% /export/00b
/dev/sdc1             1.8T  1.6T  202G  90% /export/00c
/dev/sdd1             1.8T  1.6T  210G  89% /export/00d
/dev/sde1             1.8T  1.6T  205G  89% /export/00e
/dev/sdf1             1.8T  1.6T  212G  89% /export/00f
fuse_dfs              4.9P  4.4P  527T  90% /mnt/hadoop
cvmfs2                 98G   94G  4.2G  96% /cvmfs/cms.cern.ch
t2srv0004:/export/db  135G  187M  135G   1% /net/t2srv0004/db
cvmfs2                 98G   94G  4.2G  96% /cvmfs/cvmfs.cmsaf.mit.edu
cvmfs2                 98G   94G  4.2G  96% /cvmfs/oasis.opensciencegrid.org
cvmfs2                 98G   94G  4.2G  96% /cvmfs/grid.cern.ch
cvmfs2                 98G   94G  4.2G  96% /cvmfs/fermilab.opensciencegrid.org
gcc (GCC) 4.4.7 20120313 (Red Hat 4.4.7-3)
Copyright (C) 2010 Free Software Foundation, Inc.
This is free software; see the source for copying conditions.  There is NO
warranty; not even for MERCHANTABILITY or FITNESS FOR A PARTICULAR PURPOSE.

Processing...
0/103479
10000/103479
20000/103479
30000/103479
40000/103479
50000/103479
60000/103479
70000/103479
80000/103479
90000/103479
100000/103479
Macro finished: 
CPU time (min)  = 1.1165
Real time (min) = 1.69213
Done!
Copied output files to hadoop rootfiles/JetRAA/June22
