
----------------------------------------------------
Job started on Mon Jun 29 21:56:52 EDT 2015 at WN: t2bat0257.cmsaf.mit.edu 
Job is running on Linux t2bat0257.cmsaf.mit.edu 2.6.32-358.el6.x86_64 #1 SMP Fri Feb 22 20:37:17 CST 2013 x86_64 x86_64 x86_64 GNU/Linux
Filesystem            Size  Used Avail Use% Mounted on
/dev/sda3              20G  3.2G   16G  17% /
tmpfs                  12G     0   12G   0% /dev/shm
/dev/sda1              97M   32M   61M  35% /boot
/dev/sda4             874G  103G  772G  12% /export/data1
/dev/sdb1             1.8T  1.6T  200G  90% /export/00b
/dev/sdc1             1.8T  1.6T  205G  89% /export/00c
/dev/sdd1             1.8T  1.6T  211G  89% /export/00d
/dev/sde1             1.8T  1.6T  202G  90% /export/00e
/dev/sdf1             1.8T  1.6T  204G  89% /export/00f
fuse_dfs              4.9P  4.4P  527T  90% /mnt/hadoop
t2srv0004:/export/db  135G  187M  135G   1% /net/t2srv0004/db
cvmfs2                 98G   98G  154M 100% /cvmfs/cms.cern.ch
cvmfs2                 98G   98G  154M 100% /cvmfs/cvmfs.cmsaf.mit.edu
cvmfs2                 98G   98G  154M 100% /cvmfs/oasis.opensciencegrid.org
cvmfs2                 98G   98G  154M 100% /cvmfs/grid.cern.ch
cvmfs2                 98G   98G  154M 100% /cvmfs/fermilab.opensciencegrid.org
gcc (GCC) 4.4.7 20120313 (Red Hat 4.4.7-3)
Copyright (C) 2010 Free Software Foundation, Inc.
This is free software; see the source for copying conditions.  There is NO
warranty; not even for MERCHANTABILITY or FITNESS FOR A PARTICULAR PURPOSE.

Processing...
0/152946
10000/152946
20000/152946
30000/152946
40000/152946
50000/152946
60000/152946
70000/152946
80000/152946
90000/152946
100000/152946
110000/152946
120000/152946
130000/152946
140000/152946
150000/152946
Macro finished: 
CPU time (min)  = 1.7925
Real time (min) = 2.95946
Done!
Copied output files to hadoop rootfiles/JetRAA/June22
