
----------------------------------------------------
Job started on Mon Jun 22 20:52:15 EDT 2015 at WN: t2bat0307.cmsaf.mit.edu 
Job is running on Linux t2bat0307.cmsaf.mit.edu 2.6.32-358.el6.x86_64 #1 SMP Fri Feb 22 20:37:17 CST 2013 x86_64 x86_64 x86_64 GNU/Linux
Filesystem            Size  Used Avail Use% Mounted on
/dev/sda3              20G  2.6G   17G  14% /
tmpfs                  32G     0   32G   0% /dev/shm
/dev/sda1              97M   32M   61M  35% /boot
/dev/sda4             416G   91G  325G  22% /export/data1
fuse_dfs              4.9P  4.4P  522T  90% /mnt/hadoop
/dev/sdb1             3.6T  3.2T  405G  89% /export/00b
/dev/sdc1             3.6T  3.2T  420G  89% /export/00c
/dev/sdd1             3.6T  3.2T  429G  89% /export/00d
/dev/sde1             3.6T  3.2T  420G  89% /export/00e
/dev/sdf1             3.6T  3.2T  421G  89% /export/00f
/dev/sdg1             3.6T  3.2T  444G  88% /export/00g
cvmfs2                 98G   87G   12G  89% /cvmfs/cms.cern.ch
t2srv0004:/export/db  135G  187M  135G   1% /net/t2srv0004/db
gcc (GCC) 4.4.7 20120313 (Red Hat 4.4.7-3)
Copyright (C) 2010 Free Software Foundation, Inc.
This is free software; see the source for copying conditions.  There is NO
warranty; not even for MERCHANTABILITY or FITNESS FOR A PARTICULAR PURPOSE.

Processing...
0/140380
10000/140380
20000/140380
30000/140380
40000/140380
50000/140380
60000/140380
70000/140380
80000/140380
90000/140380
100000/140380
110000/140380
120000/140380
130000/140380
140000/140380
Macro finished: 
CPU time (min)  = 1.22633
Real time (min) = 1.92852
Done!
Copied output files to hadoop rootfiles/JetRAA/June22
