000 (426770.000.000) 06/22 20:55:19 Job submitted from host: <18.12.1.74:48322>
...
001 (426770.000.000) 06/22 20:55:26 Job executing on host: <18.12.9.67:49271>
...
006 (426770.000.000) 06/22 20:55:35 Image size of job updated: 241412
	58  -  MemoryUsage of job (MB)
	58572  -  ResidentSetSize of job (KB)
...
006 (426770.000.000) 06/22 20:57:46 Image size of job updated: 243044
	58  -  MemoryUsage of job (MB)
	58572  -  ResidentSetSize of job (KB)
...
005 (426770.000.000) 06/22 20:57:46 Job terminated.
	(1) Normal termination (return value 0)
		Usr 0 00:01:38, Sys 0 00:00:02  -  Run Remote Usage
		Usr 0 00:00:00, Sys 0 00:00:00  -  Run Local Usage
		Usr 0 00:01:38, Sys 0 00:00:02  -  Total Remote Usage
		Usr 0 00:00:00, Sys 0 00:00:00  -  Total Local Usage
	495248  -  Run Bytes Sent By Job
	41910  -  Run Bytes Received By Job
	495248  -  Total Bytes Sent By Job
	41910  -  Total Bytes Received By Job
	Partitionable Resources :    Usage  Request          
	   Cpus                 :                 1          
	   Disk (KB)            :      550      550          
	   Memory (MB)          :       58       58          
...
