
----------------------------------------------------
Job started on Mon Jun 29 21:59:49 EDT 2015 at WN: hibat0009.cmsaf.mit.edu 
Job is running on Linux hibat0009.cmsaf.mit.edu 2.6.32-358.el6.x86_64 #1 SMP Fri Feb 22 20:37:17 CST 2013 x86_64 x86_64 x86_64 GNU/Linux
Filesystem            Size  Used Avail Use% Mounted on
/dev/sda3              20G  3.8G   15G  20% /
tmpfs                  12G     0   12G   0% /dev/shm
/dev/sda1              97M   32M   61M  35% /boot
/dev/sda4             1.8T   56G  1.7T   4% /export/data1
/dev/sdb1             1.8T  1.6T  208G  89% /export/00b
/dev/sdc1             1.8T  1.7T  189G  90% /export/00c
/dev/sdd1             1.8T  1.6T  210G  89% /export/00d
/dev/sde1             1.8T  1.6T  218G  89% /export/00e
/dev/sdf1             1.8T  1.6T  207G  89% /export/00f
fuse_dfs              4.9P  4.4P  527T  90% /mnt/hadoop
t2srv0004:/export/db  135G  187M  135G   1% /net/t2srv0004/db
cvmfs2                 98G   55G   44G  56% /cvmfs/cms.cern.ch
cvmfs2                 98G   55G   44G  56% /cvmfs/cvmfs.cmsaf.mit.edu
gcc (GCC) 4.4.7 20120313 (Red Hat 4.4.7-3)
Copyright (C) 2010 Free Software Foundation, Inc.
This is free software; see the source for copying conditions.  There is NO
warranty; not even for MERCHANTABILITY or FITNESS FOR A PARTICULAR PURPOSE.

Processing...
0/217880
10000/217880
20000/217880
30000/217880
40000/217880
50000/217880
60000/217880
70000/217880
80000/217880
90000/217880
100000/217880
110000/217880
120000/217880
130000/217880
140000/217880
150000/217880
160000/217880
170000/217880
180000/217880
190000/217880
200000/217880
210000/217880
Macro finished: 
CPU time (min)  = 1.89083
Real time (min) = 2.46908
Done!
Copied output files to hadoop rootfiles/JetRAA/June22
