
----------------------------------------------------
Job started on Mon Jun 29 21:59:45 EDT 2015 at WN: t2bat0331.cmsaf.mit.edu 
Job is running on Linux t2bat0331.cmsaf.mit.edu 2.6.32-358.el6.x86_64 #1 SMP Fri Feb 22 20:37:17 CST 2013 x86_64 x86_64 x86_64 GNU/Linux
Filesystem            Size  Used Avail Use% Mounted on
/dev/sda3              20G  2.9G   16G  15% /
tmpfs                  32G     0   32G   0% /dev/shm
/dev/sda1              97M   32M   61M  35% /boot
/dev/sda4             416G  104G  312G  25% /export/data1
fuse_dfs              4.9P  4.4P  527T  90% /mnt/hadoop
/dev/sdb1             3.6T  3.2T  393G  90% /export/00b
/dev/sdc1             3.6T  3.2T  418G  89% /export/00c
/dev/sdd1             3.6T  3.2T  397G  90% /export/00d
/dev/sde1             3.6T  3.2T  403G  90% /export/00e
/dev/sdf1             3.6T  3.3T  383G  90% /export/00f
/dev/sdg1             3.6T  3.2T  407G  89% /export/00g
t2srv0004:/export/db  135G  187M  135G   1% /net/t2srv0004/db
cvmfs2                 98G   93G  5.5G  95% /cvmfs/cms.cern.ch
cvmfs2                 98G   93G  5.5G  95% /cvmfs/cvmfs.cmsaf.mit.edu
cvmfs2                 98G   93G  5.5G  95% /cvmfs/oasis.opensciencegrid.org
gcc (GCC) 4.4.7 20120313 (Red Hat 4.4.7-3)
Copyright (C) 2010 Free Software Foundation, Inc.
This is free software; see the source for copying conditions.  There is NO
warranty; not even for MERCHANTABILITY or FITNESS FOR A PARTICULAR PURPOSE.

Processing...
0/182603
10000/182603
20000/182603
30000/182603
40000/182603
50000/182603
60000/182603
70000/182603
80000/182603
90000/182603
100000/182603
110000/182603
120000/182603
130000/182603
140000/182603
150000/182603
160000/182603
170000/182603
180000/182603
Macro finished: 
CPU time (min)  = 1.75
Real time (min) = 3.00426
Done!
Copied output files to hadoop rootfiles/JetRAA/June22
