000 (426789.000.000) 06/22 20:55:21 Job submitted from host: <18.12.1.74:48322>
...
001 (426789.000.000) 06/22 20:55:29 Job executing on host: <18.12.9.35:43869>
...
006 (426789.000.000) 06/22 20:55:38 Image size of job updated: 68916
	17  -  MemoryUsage of job (MB)
	16840  -  ResidentSetSize of job (KB)
...
006 (426789.000.000) 06/22 21:00:39 Image size of job updated: 242984
	125  -  MemoryUsage of job (MB)
	127540  -  ResidentSetSize of job (KB)
...
006 (426789.000.000) 06/22 21:05:40 Image size of job updated: 243672
	125  -  MemoryUsage of job (MB)
	127540  -  ResidentSetSize of job (KB)
...
006 (426789.000.000) 06/22 21:10:40 Image size of job updated: 243672
	129  -  MemoryUsage of job (MB)
	131672  -  ResidentSetSize of job (KB)
...
005 (426789.000.000) 06/22 21:11:10 Job terminated.
	(1) Normal termination (return value 0)
		Usr 0 00:03:22, Sys 0 00:00:04  -  Run Remote Usage
		Usr 0 00:00:00, Sys 0 00:00:00  -  Run Local Usage
		Usr 0 00:03:22, Sys 0 00:00:04  -  Total Remote Usage
		Usr 0 00:00:00, Sys 0 00:00:00  -  Total Local Usage
	495578  -  Run Bytes Sent By Job
	41910  -  Run Bytes Received By Job
	495578  -  Total Bytes Sent By Job
	41910  -  Total Bytes Received By Job
	Partitionable Resources :    Usage  Request          
	   Cpus                 :                 1          
	   Disk (KB)            :      551      551          
	   Memory (MB)          :      129      129          
...
000 (492135.000.000) 06/29 09:51:48 Job submitted from host: <18.12.1.74:48322>
...
001 (492135.000.000) 06/29 09:52:15 Job executing on host: <18.12.8.214:44088>
...
006 (492135.000.000) 06/29 09:52:24 Image size of job updated: 184300
	52  -  MemoryUsage of job (MB)
	52252  -  ResidentSetSize of job (KB)
...
006 (492135.000.000) 06/29 09:55:05 Image size of job updated: 243656
	52  -  MemoryUsage of job (MB)
	52252  -  ResidentSetSize of job (KB)
...
005 (492135.000.000) 06/29 09:55:05 Job terminated.
	(1) Normal termination (return value 0)
		Usr 0 00:01:56, Sys 0 00:00:02  -  Run Remote Usage
		Usr 0 00:00:00, Sys 0 00:00:00  -  Run Local Usage
		Usr 0 00:01:56, Sys 0 00:00:02  -  Total Remote Usage
		Usr 0 00:00:00, Sys 0 00:00:00  -  Total Local Usage
	508808  -  Run Bytes Sent By Job
	46550  -  Run Bytes Received By Job
	508808  -  Total Bytes Sent By Job
	46550  -  Total Bytes Received By Job
	Partitionable Resources :    Usage  Request          
	   Cpus                 :                 1          
	   Disk (KB)            :      568      568          
	   Memory (MB)          :       52       52          
...
000 (493042.000.000) 06/29 10:16:51 Job submitted from host: <18.12.1.74:48322>
...
001 (493042.000.000) 06/29 10:17:20 Job executing on host: <18.12.8.35:49855>
...
006 (493042.000.000) 06/29 10:17:28 Image size of job updated: 1
	3  -  MemoryUsage of job (MB)
	2376  -  ResidentSetSize of job (KB)
...
006 (493042.000.000) 06/29 10:20:31 Image size of job updated: 243680
	3  -  MemoryUsage of job (MB)
	2376  -  ResidentSetSize of job (KB)
...
005 (493042.000.000) 06/29 10:20:31 Job terminated.
	(1) Normal termination (return value 0)
		Usr 0 00:02:15, Sys 0 00:00:05  -  Run Remote Usage
		Usr 0 00:00:00, Sys 0 00:00:00  -  Run Local Usage
		Usr 0 00:02:15, Sys 0 00:00:05  -  Total Remote Usage
		Usr 0 00:00:00, Sys 0 00:00:00  -  Total Local Usage
	509031  -  Run Bytes Sent By Job
	46566  -  Run Bytes Received By Job
	509031  -  Total Bytes Sent By Job
	46566  -  Total Bytes Received By Job
	Partitionable Resources :    Usage  Request          
	   Cpus                 :                 1          
	   Disk (KB)            :      568      568          
	   Memory (MB)          :        3        3          
...
000 (495037.000.000) 06/29 21:56:41 Job submitted from host: <18.12.1.74:48322>
...
001 (495037.000.000) 06/29 21:56:55 Job executing on host: <18.12.6.8:48322>
...
006 (495037.000.000) 06/29 21:57:04 Image size of job updated: 242996
	61  -  MemoryUsage of job (MB)
	61588  -  ResidentSetSize of job (KB)
...
006 (495037.000.000) 06/29 21:59:20 Image size of job updated: 243964
	61  -  MemoryUsage of job (MB)
	61588  -  ResidentSetSize of job (KB)
...
005 (495037.000.000) 06/29 21:59:20 Job terminated.
	(1) Normal termination (return value 0)
		Usr 0 00:01:41, Sys 0 00:00:01  -  Run Remote Usage
		Usr 0 00:00:00, Sys 0 00:00:00  -  Run Local Usage
		Usr 0 00:01:41, Sys 0 00:00:01  -  Total Remote Usage
		Usr 0 00:00:00, Sys 0 00:00:00  -  Total Local Usage
	508892  -  Run Bytes Sent By Job
	46564  -  Run Bytes Received By Job
	508892  -  Total Bytes Sent By Job
	46564  -  Total Bytes Received By Job
	Partitionable Resources :    Usage  Request          
	   Cpus                 :                 1          
	   Disk (KB)            :      568      568          
	   Memory (MB)          :       61       61          
...
