
----------------------------------------------------
Job started on Tue Jun 23 16:48:34 EDT 2015 at WN: t2bat0271.cmsaf.mit.edu 
Job is running on Linux t2bat0271.cmsaf.mit.edu 2.6.32-358.el6.x86_64 #1 SMP Fri Feb 22 20:37:17 CST 2013 x86_64 x86_64 x86_64 GNU/Linux
Filesystem            Size  Used Avail Use% Mounted on
/dev/sda3              20G  3.0G   16G  16% /
tmpfs                  12G     0   12G   0% /dev/shm
/dev/sda1              97M   32M   61M  35% /boot
/dev/sda4             874G   78G  796G   9% /export/data1
/dev/sdb1             1.8T  1.7T  188G  90% /export/00b
/dev/sdc1             1.8T  1.7T  174G  91% /export/00c
/dev/sdd1             1.8T  1.6T  210G  89% /export/00d
/dev/sde1             1.8T  1.6T  202G  90% /export/00e
/dev/sdf1             1.8T  1.6T  209G  89% /export/00f
fuse_dfs              4.9P  4.4P  516T  90% /mnt/hadoop
t2srv0004:/export/db  135G  187M  135G   1% /net/t2srv0004/db
cvmfs2                 98G   77G   22G  79% /cvmfs/cms.cern.ch
cvmfs2                 98G   77G   22G  79% /cvmfs/oasis.opensciencegrid.org
cvmfs2                 98G   77G   22G  79% /cvmfs/cdfcfs.fnal.gov
cvmfs2                 98G   77G   22G  79% /cvmfs/cvmfs.cmsaf.mit.edu
gcc (GCC) 4.4.7 20120313 (Red Hat 4.4.7-3)
Copyright (C) 2010 Free Software Foundation, Inc.
This is free software; see the source for copying conditions.  There is NO
warranty; not even for MERCHANTABILITY or FITNESS FOR A PARTICULAR PURPOSE.

Processing...
0/201114
10000/201114
20000/201114
30000/201114
40000/201114
50000/201114
60000/201114
70000/201114
80000/201114
90000/201114
100000/201114
110000/201114
120000/201114
130000/201114
140000/201114
150000/201114
160000/201114
170000/201114
180000/201114
190000/201114
200000/201114
Macro finished: 
CPU time (min)  = 1.69783
Real time (min) = 3.00612
Done!
Copied output files to hadoop rootfiles/JetRAA/June22
