
----------------------------------------------------
Job started on Mon Jun 29 21:56:53 EDT 2015 at WN: t2bat0316.cmsaf.mit.edu 
Job is running on Linux t2bat0316.cmsaf.mit.edu 2.6.32-358.el6.x86_64 #1 SMP Fri Feb 22 20:37:17 CST 2013 x86_64 x86_64 x86_64 GNU/Linux
Filesystem            Size  Used Avail Use% Mounted on
/dev/sda3              20G  3.6G   16G  20% /
tmpfs                  32G     0   32G   0% /dev/shm
/dev/sda1              97M   32M   61M  35% /boot
/dev/sda4             416G   78G  338G  19% /export/data1
fuse_dfs              4.9P  4.4P  527T  90% /mnt/hadoop
/dev/sdb1             3.6T  3.2T  434G  89% /export/00b
/dev/sdc1             3.6T  3.2T  442G  88% /export/00c
/dev/sdd1             3.6T  3.2T  427G  89% /export/00d
/dev/sde1             3.6T  3.2T  460G  88% /export/00e
/dev/sdf1             3.6T  3.2T  456G  88% /export/00f
/dev/sdg1             3.6T  3.2T  442G  88% /export/00g
cvmfs2                 98G   68G   31G  70% /cvmfs/cms.cern.ch
t2srv0004:/export/db  135G  187M  135G   1% /net/t2srv0004/db
cvmfs2                 98G   68G   31G  70% /cvmfs/cvmfs.cmsaf.mit.edu
cvmfs2                 98G   68G   31G  70% /cvmfs/oasis.opensciencegrid.org
gcc (GCC) 4.4.7 20120313 (Red Hat 4.4.7-3)
Copyright (C) 2010 Free Software Foundation, Inc.
This is free software; see the source for copying conditions.  There is NO
warranty; not even for MERCHANTABILITY or FITNESS FOR A PARTICULAR PURPOSE.

Processing...
0/236737
10000/236737
20000/236737
30000/236737
40000/236737
50000/236737
60000/236737
70000/236737
80000/236737
90000/236737
100000/236737
110000/236737
120000/236737
130000/236737
140000/236737
150000/236737
160000/236737
170000/236737
180000/236737
190000/236737
200000/236737
210000/236737
220000/236737
230000/236737
Macro finished: 
CPU time (min)  = 2.48817
Real time (min) = 3.4744
Done!
Copied output files to hadoop rootfiles/JetRAA/June22
