000 (426437.000.000) 06/22 20:50:05 Job submitted from host: <18.12.1.74:48322>
...
001 (426437.000.000) 06/22 20:50:49 Job executing on host: <18.12.8.133:45548>
...
006 (426437.000.000) 06/22 20:50:58 Image size of job updated: 38824
	3  -  MemoryUsage of job (MB)
	2684  -  ResidentSetSize of job (KB)
...
006 (426437.000.000) 06/22 20:51:02 Image size of job updated: 190248
	3  -  MemoryUsage of job (MB)
	2684  -  ResidentSetSize of job (KB)
...
004 (426437.000.000) 06/22 20:51:02 Job was evicted.
	(0) Job was not checkpointed.
		Usr 0 00:00:02, Sys 0 00:00:00  -  Run Remote Usage
		Usr 0 00:00:00, Sys 0 00:00:00  -  Run Local Usage
	0  -  Run Bytes Sent By Job
	41910  -  Run Bytes Received By Job
	Partitionable Resources :    Usage  Request          
	   Cpus                 :                 1          
	   Disk (KB)            :      550      550          
	   Memory (MB)          :        3        3          
...
009 (426437.000.000) 06/22 20:51:08 Job was aborted by the user.
	via condor_rm (by user rkunnawa)
...
000 (491861.000.000) 06/29 09:48:11 Job submitted from host: <18.12.1.74:48322>
...
001 (491861.000.000) 06/29 09:48:22 Job executing on host: <18.12.9.10:43139>
...
006 (491861.000.000) 06/29 09:48:31 Image size of job updated: 1
	3  -  MemoryUsage of job (MB)
	2352  -  ResidentSetSize of job (KB)
...
006 (491861.000.000) 06/29 09:50:01 Image size of job updated: 246780
	3  -  MemoryUsage of job (MB)
	2352  -  ResidentSetSize of job (KB)
...
005 (491861.000.000) 06/29 09:50:01 Job terminated.
	(1) Normal termination (return value 0)
		Usr 0 00:00:55, Sys 0 00:00:01  -  Run Remote Usage
		Usr 0 00:00:00, Sys 0 00:00:00  -  Run Local Usage
		Usr 0 00:00:55, Sys 0 00:00:01  -  Total Remote Usage
		Usr 0 00:00:00, Sys 0 00:00:00  -  Total Local Usage
	508818  -  Run Bytes Sent By Job
	46550  -  Run Bytes Received By Job
	508818  -  Total Bytes Sent By Job
	46550  -  Total Bytes Received By Job
	Partitionable Resources :    Usage  Request          
	   Cpus                 :                 1          
	   Disk (KB)            :      568      568          
	   Memory (MB)          :        3        3          
...
000 (492613.000.000) 06/29 10:14:16 Job submitted from host: <18.12.1.74:48322>
...
001 (492613.000.000) 06/29 10:14:41 Job executing on host: <18.12.8.149:49052>
...
006 (492613.000.000) 06/29 10:14:49 Image size of job updated: 1
	2  -  MemoryUsage of job (MB)
	1736  -  ResidentSetSize of job (KB)
...
006 (492613.000.000) 06/29 10:17:14 Image size of job updated: 246824
	2  -  MemoryUsage of job (MB)
	1736  -  ResidentSetSize of job (KB)
...
005 (492613.000.000) 06/29 10:17:14 Job terminated.
	(1) Normal termination (return value 0)
		Usr 0 00:00:53, Sys 0 00:00:01  -  Run Remote Usage
		Usr 0 00:00:00, Sys 0 00:00:00  -  Run Local Usage
		Usr 0 00:00:53, Sys 0 00:00:01  -  Total Remote Usage
		Usr 0 00:00:00, Sys 0 00:00:00  -  Total Local Usage
	508854  -  Run Bytes Sent By Job
	46566  -  Run Bytes Received By Job
	508854  -  Total Bytes Sent By Job
	46566  -  Total Bytes Received By Job
	Partitionable Resources :    Usage  Request          
	   Cpus                 :                 1          
	   Disk (KB)            :      568      568          
	   Memory (MB)          :        2        2          
...
000 (495332.000.000) 06/29 21:59:32 Job submitted from host: <18.12.1.74:48322>
...
001 (495332.000.000) 06/29 22:00:15 Job executing on host: <18.12.9.59:44891>
...
006 (495332.000.000) 06/29 22:00:23 Image size of job updated: 1
	3  -  MemoryUsage of job (MB)
	2380  -  ResidentSetSize of job (KB)
...
006 (495332.000.000) 06/29 22:01:39 Image size of job updated: 247340
	3  -  MemoryUsage of job (MB)
	2380  -  ResidentSetSize of job (KB)
...
005 (495332.000.000) 06/29 22:01:39 Job terminated.
	(1) Normal termination (return value 0)
		Usr 0 00:00:49, Sys 0 00:00:01  -  Run Remote Usage
		Usr 0 00:00:00, Sys 0 00:00:00  -  Run Local Usage
		Usr 0 00:00:49, Sys 0 00:00:01  -  Total Remote Usage
		Usr 0 00:00:00, Sys 0 00:00:00  -  Total Local Usage
	508967  -  Run Bytes Sent By Job
	46564  -  Run Bytes Received By Job
	508967  -  Total Bytes Sent By Job
	46564  -  Total Bytes Received By Job
	Partitionable Resources :    Usage  Request          
	   Cpus                 :                 1          
	   Disk (KB)            :      568      568          
	   Memory (MB)          :        3        3          
...
