
----------------------------------------------------
Job started on Mon Jun 29 21:59:54 EDT 2015 at WN: t2bat0108.cmsaf.mit.edu 
Job is running on Linux t2bat0108.cmsaf.mit.edu 2.6.32-358.el6.x86_64 #1 SMP Fri Feb 22 20:37:17 CST 2013 x86_64 x86_64 x86_64 GNU/Linux
Filesystem            Size  Used Avail Use% Mounted on
/dev/sda3              20G  3.2G   16G  17% /
tmpfs                 7.8G     0  7.8G   0% /dev/shm
/dev/sda1              97M   33M   60M  36% /boot
/dev/sda4             415G   57G  358G  14% /export/data1
/dev/sdb1             1.8T  1.6T  199G  90% /export/00b
/dev/sdc1             1.8T  1.6T  204G  89% /export/00c
/dev/sdd1             1.8T  1.6T  208G  89% /export/00d
/dev/sde1             1.8T  1.6T  212G  89% /export/00e
/dev/sdf1             1.8T  1.6T  207G  89% /export/00f
fuse_dfs              4.9P  4.4P  527T  90% /mnt/hadoop
t2srv0004:/export/db  135G  187M  135G   1% /net/t2srv0004/db
cvmfs2                 98G   56G   43G  57% /cvmfs/cms.cern.ch
cvmfs2                 98G   56G   43G  57% /cvmfs/cvmfs.cmsaf.mit.edu
cvmfs2                 98G   56G   43G  57% /cvmfs/oasis.opensciencegrid.org
gcc (GCC) 4.4.7 20120313 (Red Hat 4.4.7-3)
Copyright (C) 2010 Free Software Foundation, Inc.
This is free software; see the source for copying conditions.  There is NO
warranty; not even for MERCHANTABILITY or FITNESS FOR A PARTICULAR PURPOSE.

Processing...
0/190241
10000/190241
20000/190241
30000/190241
40000/190241
50000/190241
60000/190241
70000/190241
80000/190241
90000/190241
100000/190241
110000/190241
120000/190241
130000/190241
140000/190241
150000/190241
160000/190241
170000/190241
180000/190241
190000/190241
Macro finished: 
CPU time (min)  = 1.46083
Real time (min) = 2.68976
Done!
Copied output files to hadoop rootfiles/JetRAA/June22
