
----------------------------------------------------
Job started on Mon Jun 22 20:52:11 EDT 2015 at WN: t2bat0302.cmsaf.mit.edu 
Job is running on Linux t2bat0302.cmsaf.mit.edu 2.6.32-358.el6.x86_64 #1 SMP Fri Feb 22 20:37:17 CST 2013 x86_64 x86_64 x86_64 GNU/Linux
Filesystem            Size  Used Avail Use% Mounted on
/dev/sda3              20G  2.7G   17G  15% /
tmpfs                  32G     0   32G   0% /dev/shm
/dev/sda1              97M   32M   61M  35% /boot
/dev/sda4             416G   70G  346G  17% /export/data1
fuse_dfs              4.9P  4.4P  522T  90% /mnt/hadoop
/dev/sdb1             3.6T  3.1T  530G  86% /export/00b
/dev/sdc1             3.6T  3.1T  506G  87% /export/00c
/dev/sdd1             3.6T  3.1T  543G  86% /export/00d
/dev/sde1             3.6T  3.1T  534G  86% /export/00e
/dev/sdf1             3.6T  3.1T  527G  86% /export/00f
/dev/sdg1             3.6T  3.1T  564G  85% /export/00g
/dev/sdh1             3.6T  3.1T  530G  86% /export/00h
/dev/sdi1             3.6T  3.1T  550G  86% /export/00i
/dev/sdj1             3.6T  3.1T  513G  87% /export/00j
/dev/sdk1             3.6T  3.1T  549G  86% /export/00k
/dev/sdl1             3.6T  3.1T  553G  85% /export/00l
cvmfs2                 98G   66G   33G  68% /cvmfs/cms.cern.ch
t2srv0004:/export/db  135G  187M  135G   1% /net/t2srv0004/db
cvmfs2                 98G   66G   33G  68% /cvmfs/mu2e.opensciencegrid.org
cvmfs2                 98G   66G   33G  68% /cvmfs/oasis.opensciencegrid.org
cvmfs2                 98G   66G   33G  68% /cvmfs/cdfcfs.fnal.gov
cvmfs2                 98G   66G   33G  68% /cvmfs/cvmfs.cmsaf.mit.edu
gcc (GCC) 4.4.7 20120313 (Red Hat 4.4.7-3)
Copyright (C) 2010 Free Software Foundation, Inc.
This is free software; see the source for copying conditions.  There is NO
warranty; not even for MERCHANTABILITY or FITNESS FOR A PARTICULAR PURPOSE.

Processing...
0/406115
10000/406115
20000/406115
30000/406115
40000/406115
50000/406115
60000/406115
70000/406115
80000/406115
90000/406115
100000/406115
110000/406115
120000/406115
130000/406115
140000/406115
150000/406115
160000/406115
170000/406115
180000/406115
190000/406115
200000/406115
210000/406115
220000/406115
230000/406115
240000/406115
250000/406115
260000/406115
270000/406115
280000/406115
290000/406115
300000/406115
310000/406115
320000/406115
330000/406115
340000/406115
350000/406115
360000/406115
370000/406115
380000/406115
390000/406115
400000/406115
Macro finished: 
CPU time (min)  = 3.36683
Real time (min) = 5.08452
Done!
Copied output files to hadoop rootfiles/JetRAA/June22
