000 (426677.000.000) 06/22 20:54:20 Job submitted from host: <18.12.1.74:48322>
...
001 (426677.000.000) 06/22 20:54:45 Job executing on host: <18.12.12.7:46716>
...
006 (426677.000.000) 06/22 20:54:53 Image size of job updated: 1
	3  -  MemoryUsage of job (MB)
	2352  -  ResidentSetSize of job (KB)
...
006 (426677.000.000) 06/22 20:57:34 Image size of job updated: 245172
	3  -  MemoryUsage of job (MB)
	2352  -  ResidentSetSize of job (KB)
...
005 (426677.000.000) 06/22 20:57:34 Job terminated.
	(1) Normal termination (return value 0)
		Usr 0 00:01:37, Sys 0 00:00:03  -  Run Remote Usage
		Usr 0 00:00:00, Sys 0 00:00:00  -  Run Local Usage
		Usr 0 00:01:37, Sys 0 00:00:03  -  Total Remote Usage
		Usr 0 00:00:00, Sys 0 00:00:00  -  Total Local Usage
	494996  -  Run Bytes Sent By Job
	41910  -  Run Bytes Received By Job
	494996  -  Total Bytes Sent By Job
	41910  -  Total Bytes Received By Job
	Partitionable Resources :    Usage  Request          
	   Cpus                 :                 1          
	   Disk (KB)            :      550      550          
	   Memory (MB)          :        3        3          
...
000 (428090.000.000) 06/23 16:48:27 Job submitted from host: <18.12.1.74:48322>
...
001 (428090.000.000) 06/23 16:48:40 Job executing on host: <18.12.9.21:49855>
...
006 (428090.000.000) 06/23 16:48:48 Image size of job updated: 13384
	2  -  MemoryUsage of job (MB)
	1980  -  ResidentSetSize of job (KB)
...
006 (428090.000.000) 06/23 16:51:07 Image size of job updated: 245200
	2  -  MemoryUsage of job (MB)
	1980  -  ResidentSetSize of job (KB)
...
005 (428090.000.000) 06/23 16:51:07 Job terminated.
	(1) Normal termination (return value 0)
		Usr 0 00:01:11, Sys 0 00:00:01  -  Run Remote Usage
		Usr 0 00:00:00, Sys 0 00:00:00  -  Run Local Usage
		Usr 0 00:01:11, Sys 0 00:00:01  -  Total Remote Usage
		Usr 0 00:00:00, Sys 0 00:00:00  -  Total Local Usage
	511469  -  Run Bytes Sent By Job
	47429  -  Run Bytes Received By Job
	511469  -  Total Bytes Sent By Job
	47429  -  Total Bytes Received By Job
	Partitionable Resources :    Usage  Request          
	   Cpus                 :                 1          
	   Disk (KB)            :      571      571          
	   Memory (MB)          :        2        2          
...
000 (429416.000.000) 06/24 21:33:23 Job submitted from host: <18.12.1.74:48322>
...
001 (429416.000.000) 06/24 21:33:50 Job executing on host: <18.12.8.4:48614>
...
006 (429416.000.000) 06/24 21:33:59 Image size of job updated: 147328
	32  -  MemoryUsage of job (MB)
	32544  -  ResidentSetSize of job (KB)
...
006 (429416.000.000) 06/24 21:35:11 Image size of job updated: 244248
	32  -  MemoryUsage of job (MB)
	32544  -  ResidentSetSize of job (KB)
...
005 (429416.000.000) 06/24 21:35:11 Job terminated.
	(1) Normal termination (return value 0)
		Usr 0 00:00:42, Sys 0 00:00:00  -  Run Remote Usage
		Usr 0 00:00:00, Sys 0 00:00:00  -  Run Local Usage
		Usr 0 00:00:42, Sys 0 00:00:00  -  Total Remote Usage
		Usr 0 00:00:00, Sys 0 00:00:00  -  Total Local Usage
	512127  -  Run Bytes Sent By Job
	47957  -  Run Bytes Received By Job
	512127  -  Total Bytes Sent By Job
	47957  -  Total Bytes Received By Job
	Partitionable Resources :    Usage  Request          
	   Cpus                 :                 1          
	   Disk (KB)            :      573      573          
	   Memory (MB)          :       32       32          
...
000 (429597.000.000) 06/24 21:48:07 Job submitted from host: <18.12.1.74:48322>
...
001 (429597.000.000) 06/24 21:48:40 Job executing on host: <18.12.9.76:47884>
...
006 (429597.000.000) 06/24 21:48:49 Image size of job updated: 1
	3  -  MemoryUsage of job (MB)
	2360  -  ResidentSetSize of job (KB)
...
006 (429597.000.000) 06/24 21:49:39 Image size of job updated: 244244
	3  -  MemoryUsage of job (MB)
	2360  -  ResidentSetSize of job (KB)
...
005 (429597.000.000) 06/24 21:49:39 Job terminated.
	(1) Normal termination (return value 0)
		Usr 0 00:00:36, Sys 0 00:00:00  -  Run Remote Usage
		Usr 0 00:00:00, Sys 0 00:00:00  -  Run Local Usage
		Usr 0 00:00:36, Sys 0 00:00:00  -  Total Remote Usage
		Usr 0 00:00:00, Sys 0 00:00:00  -  Total Local Usage
	512343  -  Run Bytes Sent By Job
	47957  -  Run Bytes Received By Job
	512343  -  Total Bytes Sent By Job
	47957  -  Total Bytes Received By Job
	Partitionable Resources :    Usage  Request          
	   Cpus                 :                 1          
	   Disk (KB)            :      573      573          
	   Memory (MB)          :        3        3          
...
000 (451322.000.000) 06/25 11:40:11 Job submitted from host: <18.12.1.74:48322>
...
001 (451322.000.000) 06/25 11:40:48 Job executing on host: <18.12.8.223:47519>
...
006 (451322.000.000) 06/25 11:40:57 Image size of job updated: 1
	3  -  MemoryUsage of job (MB)
	2356  -  ResidentSetSize of job (KB)
...
006 (451322.000.000) 06/25 11:42:21 Image size of job updated: 189104
	3  -  MemoryUsage of job (MB)
	2356  -  ResidentSetSize of job (KB)
...
005 (451322.000.000) 06/25 11:42:21 Job terminated.
	(1) Normal termination (return value 0)
		Usr 0 00:01:01, Sys 0 00:00:01  -  Run Remote Usage
		Usr 0 00:00:00, Sys 0 00:00:00  -  Run Local Usage
		Usr 0 00:01:01, Sys 0 00:00:01  -  Total Remote Usage
		Usr 0 00:00:00, Sys 0 00:00:00  -  Total Local Usage
	6589497  -  Run Bytes Sent By Job
	46060  -  Run Bytes Received By Job
	6589497  -  Total Bytes Sent By Job
	46060  -  Total Bytes Received By Job
	Partitionable Resources :    Usage  Request          
	   Cpus                 :                 1          
	   Disk (KB)            :     6505     6505          
	   Memory (MB)          :        3        3          
...
000 (452134.000.000) 06/26 10:10:32 Job submitted from host: <18.12.1.74:48322>
...
001 (452134.000.000) 06/26 10:10:59 Job executing on host: <18.12.6.29:43942>
...
006 (452134.000.000) 06/26 10:11:08 Image size of job updated: 187268
	51  -  MemoryUsage of job (MB)
	51928  -  ResidentSetSize of job (KB)
...
006 (452134.000.000) 06/26 10:13:10 Image size of job updated: 189092
	51  -  MemoryUsage of job (MB)
	51928  -  ResidentSetSize of job (KB)
...
005 (452134.000.000) 06/26 10:13:10 Job terminated.
	(1) Normal termination (return value 0)
		Usr 0 00:00:50, Sys 0 00:00:01  -  Run Remote Usage
		Usr 0 00:00:00, Sys 0 00:00:00  -  Run Local Usage
		Usr 0 00:00:50, Sys 0 00:00:01  -  Total Remote Usage
		Usr 0 00:00:00, Sys 0 00:00:00  -  Total Local Usage
	3795855  -  Run Bytes Sent By Job
	46038  -  Run Bytes Received By Job
	3795855  -  Total Bytes Sent By Job
	46038  -  Total Bytes Received By Job
	Partitionable Resources :    Usage  Request          
	   Cpus                 :                 1          
	   Disk (KB)            :     3777     3777          
	   Memory (MB)          :       51       51          
...
000 (472788.000.000) 06/26 16:38:25 Job submitted from host: <18.12.1.74:48322>
...
001 (472788.000.000) 06/26 16:38:48 Job executing on host: <18.12.9.81:45256>
...
006 (472788.000.000) 06/26 16:38:57 Image size of job updated: 189100
	53  -  MemoryUsage of job (MB)
	54112  -  ResidentSetSize of job (KB)
...
005 (472788.000.000) 06/26 16:41:09 Job terminated.
	(1) Normal termination (return value 0)
		Usr 0 00:01:07, Sys 0 00:00:03  -  Run Remote Usage
		Usr 0 00:00:00, Sys 0 00:00:00  -  Run Local Usage
		Usr 0 00:01:07, Sys 0 00:00:03  -  Total Remote Usage
		Usr 0 00:00:00, Sys 0 00:00:00  -  Total Local Usage
	6590078  -  Run Bytes Sent By Job
	46344  -  Run Bytes Received By Job
	6590078  -  Total Bytes Sent By Job
	46344  -  Total Bytes Received By Job
	Partitionable Resources :    Usage  Request          
	   Cpus                 :                 1          
	   Disk (KB)            :     6506     6506          
	   Memory (MB)          :       53       53          
...
000 (491705.000.000) 06/29 09:41:47 Job submitted from host: <18.12.1.74:48322>
...
001 (491705.000.000) 06/29 09:42:05 Job executing on host: <18.12.8.12:49855>
...
006 (491705.000.000) 06/29 09:42:13 Image size of job updated: 55012
	3  -  MemoryUsage of job (MB)
	2460  -  ResidentSetSize of job (KB)
...
006 (491705.000.000) 06/29 09:45:41 Image size of job updated: 244320
	3  -  MemoryUsage of job (MB)
	2460  -  ResidentSetSize of job (KB)
...
005 (491705.000.000) 06/29 09:45:41 Job terminated.
	(1) Normal termination (return value 0)
		Usr 0 00:00:45, Sys 0 00:00:01  -  Run Remote Usage
		Usr 0 00:00:00, Sys 0 00:00:00  -  Run Local Usage
		Usr 0 00:00:45, Sys 0 00:00:01  -  Total Remote Usage
		Usr 0 00:00:00, Sys 0 00:00:00  -  Total Local Usage
	509253  -  Run Bytes Sent By Job
	46550  -  Run Bytes Received By Job
	509253  -  Total Bytes Sent By Job
	46550  -  Total Bytes Received By Job
	Partitionable Resources :    Usage  Request          
	   Cpus                 :                 1          
	   Disk (KB)            :      568      568          
	   Memory (MB)          :        3        3          
...
000 (492819.000.000) 06/29 10:15:13 Job submitted from host: <18.12.1.74:48322>
...
001 (492819.000.000) 06/29 10:15:29 Job executing on host: <18.12.8.62:41606>
...
006 (492819.000.000) 06/29 10:15:38 Image size of job updated: 69176
	13  -  MemoryUsage of job (MB)
	13280  -  ResidentSetSize of job (KB)
...
006 (492819.000.000) 06/29 10:16:49 Image size of job updated: 243556
	13  -  MemoryUsage of job (MB)
	13280  -  ResidentSetSize of job (KB)
...
005 (492819.000.000) 06/29 10:16:49 Job terminated.
	(1) Normal termination (return value 0)
		Usr 0 00:00:46, Sys 0 00:00:02  -  Run Remote Usage
		Usr 0 00:00:00, Sys 0 00:00:00  -  Run Local Usage
		Usr 0 00:00:46, Sys 0 00:00:02  -  Total Remote Usage
		Usr 0 00:00:00, Sys 0 00:00:00  -  Total Local Usage
	508858  -  Run Bytes Sent By Job
	46566  -  Run Bytes Received By Job
	508858  -  Total Bytes Sent By Job
	46566  -  Total Bytes Received By Job
	Partitionable Resources :    Usage  Request          
	   Cpus                 :                 1          
	   Disk (KB)            :      568      568          
	   Memory (MB)          :       13       13          
...
000 (495176.000.000) 06/29 21:57:31 Job submitted from host: <18.12.1.74:48322>
...
001 (495176.000.000) 06/29 21:57:38 Job executing on host: <18.12.8.232:49271>
...
006 (495176.000.000) 06/29 21:57:46 Image size of job updated: 153808
	41  -  MemoryUsage of job (MB)
	41256  -  ResidentSetSize of job (KB)
...
006 (495176.000.000) 06/29 21:59:01 Image size of job updated: 244112
	41  -  MemoryUsage of job (MB)
	41256  -  ResidentSetSize of job (KB)
...
005 (495176.000.000) 06/29 21:59:02 Job terminated.
	(1) Normal termination (return value 0)
		Usr 0 00:00:51, Sys 0 00:00:01  -  Run Remote Usage
		Usr 0 00:00:00, Sys 0 00:00:00  -  Run Local Usage
		Usr 0 00:00:51, Sys 0 00:00:01  -  Total Remote Usage
		Usr 0 00:00:00, Sys 0 00:00:00  -  Total Local Usage
	508793  -  Run Bytes Sent By Job
	46564  -  Run Bytes Received By Job
	508793  -  Total Bytes Sent By Job
	46564  -  Total Bytes Received By Job
	Partitionable Resources :    Usage  Request          
	   Cpus                 :                 1          
	   Disk (KB)            :      568      568          
	   Memory (MB)          :       41       41          
...
000 (497310.000.000) 07/09 13:07:15 Job submitted from host: <18.12.1.74:48322>
...
001 (497310.000.000) 07/09 13:07:51 Job executing on host: <18.12.9.9:48395>
...
006 (497310.000.000) 07/09 13:07:59 Image size of job updated: 1
	3  -  MemoryUsage of job (MB)
	2356  -  ResidentSetSize of job (KB)
...
006 (497310.000.000) 07/09 13:09:02 Image size of job updated: 244112
	3  -  MemoryUsage of job (MB)
	2356  -  ResidentSetSize of job (KB)
...
005 (497310.000.000) 07/09 13:09:02 Job terminated.
	(1) Normal termination (return value 0)
		Usr 0 00:00:41, Sys 0 00:00:00  -  Run Remote Usage
		Usr 0 00:00:00, Sys 0 00:00:00  -  Run Local Usage
		Usr 0 00:00:41, Sys 0 00:00:00  -  Total Remote Usage
		Usr 0 00:00:00, Sys 0 00:00:00  -  Total Local Usage
	508941  -  Run Bytes Sent By Job
	46648  -  Run Bytes Received By Job
	508941  -  Total Bytes Sent By Job
	46648  -  Total Bytes Received By Job
	Partitionable Resources :    Usage  Request          
	   Cpus                 :                 1          
	   Disk (KB)            :      568      568          
	   Memory (MB)          :        3        3          
...
000 (497500.000.000) 07/09 15:41:13 Job submitted from host: <18.12.1.74:48322>
...
001 (497500.000.000) 07/09 15:41:51 Job executing on host: <18.12.9.19:49782>
...
006 (497500.000.000) 07/09 15:42:00 Image size of job updated: 1
	3  -  MemoryUsage of job (MB)
	2352  -  ResidentSetSize of job (KB)
...
006 (497500.000.000) 07/09 15:43:24 Image size of job updated: 244468
	3  -  MemoryUsage of job (MB)
	2352  -  ResidentSetSize of job (KB)
...
005 (497500.000.000) 07/09 15:43:24 Job terminated.
	(1) Normal termination (return value 0)
		Usr 0 00:00:46, Sys 0 00:00:01  -  Run Remote Usage
		Usr 0 00:00:00, Sys 0 00:00:00  -  Run Local Usage
		Usr 0 00:00:46, Sys 0 00:00:01  -  Total Remote Usage
		Usr 0 00:00:00, Sys 0 00:00:00  -  Total Local Usage
	509052  -  Run Bytes Sent By Job
	46609  -  Run Bytes Received By Job
	509052  -  Total Bytes Sent By Job
	46609  -  Total Bytes Received By Job
	Partitionable Resources :    Usage  Request          
	   Cpus                 :                 1          
	   Disk (KB)            :      568      568          
	   Memory (MB)          :        3        3          
...
000 (497798.000.000) 07/09 16:39:15 Job submitted from host: <18.12.1.74:48322>
...
001 (497798.000.000) 07/09 16:39:35 Job executing on host: <18.12.8.150:43869>
...
006 (497798.000.000) 07/09 16:39:43 Image size of job updated: 189496
	57  -  MemoryUsage of job (MB)
	57576  -  ResidentSetSize of job (KB)
...
006 (497798.000.000) 07/09 16:41:22 Image size of job updated: 244468
	57  -  MemoryUsage of job (MB)
	57576  -  ResidentSetSize of job (KB)
...
005 (497798.000.000) 07/09 16:41:23 Job terminated.
	(1) Normal termination (return value 0)
		Usr 0 00:00:54, Sys 0 00:00:01  -  Run Remote Usage
		Usr 0 00:00:00, Sys 0 00:00:00  -  Run Local Usage
		Usr 0 00:00:54, Sys 0 00:00:01  -  Total Remote Usage
		Usr 0 00:00:00, Sys 0 00:00:00  -  Total Local Usage
	509189  -  Run Bytes Sent By Job
	46604  -  Run Bytes Received By Job
	509189  -  Total Bytes Sent By Job
	46604  -  Total Bytes Received By Job
	Partitionable Resources :    Usage  Request          
	   Cpus                 :                 1          
	   Disk (KB)            :      568      568          
	   Memory (MB)          :       57       57          
...
000 (498140.000.000) 07/10 12:07:26 Job submitted from host: <18.12.1.74:48322>
...
001 (498140.000.000) 07/10 12:07:42 Job executing on host: <18.12.9.32:45767>
...
006 (498140.000.000) 07/10 12:07:50 Image size of job updated: 184476
	42  -  MemoryUsage of job (MB)
	42732  -  ResidentSetSize of job (KB)
...
006 (498140.000.000) 07/10 12:10:11 Image size of job updated: 244468
	42  -  MemoryUsage of job (MB)
	42732  -  ResidentSetSize of job (KB)
...
005 (498140.000.000) 07/10 12:10:11 Job terminated.
	(1) Normal termination (return value 0)
		Usr 0 00:00:43, Sys 0 00:00:02  -  Run Remote Usage
		Usr 0 00:00:00, Sys 0 00:00:00  -  Run Local Usage
		Usr 0 00:00:43, Sys 0 00:00:02  -  Total Remote Usage
		Usr 0 00:00:00, Sys 0 00:00:00  -  Total Local Usage
	509380  -  Run Bytes Sent By Job
	46586  -  Run Bytes Received By Job
	509380  -  Total Bytes Sent By Job
	46586  -  Total Bytes Received By Job
	Partitionable Resources :    Usage  Request          
	   Cpus                 :                 1          
	   Disk (KB)            :      568      568          
	   Memory (MB)          :       42       42          
...
000 (498641.000.000) 07/10 16:45:25 Job submitted from host: <18.12.1.74:48322>
...
001 (498641.000.000) 07/10 16:49:16 Job executing on host: <18.12.9.30:41314>
...
006 (498641.000.000) 07/10 16:49:25 Image size of job updated: 1
	3  -  MemoryUsage of job (MB)
	2364  -  ResidentSetSize of job (KB)
...
006 (498641.000.000) 07/10 16:50:10 Image size of job updated: 304004
	3  -  MemoryUsage of job (MB)
	2364  -  ResidentSetSize of job (KB)
...
005 (498641.000.000) 07/10 17:27:47 Job terminated.
	(1) Normal termination (return value 0)
		Usr 0 00:00:06, Sys 0 00:00:00  -  Run Remote Usage
		Usr 0 00:00:00, Sys 0 00:00:00  -  Run Local Usage
		Usr 0 00:00:06, Sys 0 00:00:00  -  Total Remote Usage
		Usr 0 00:00:00, Sys 0 00:00:00  -  Total Local Usage
	519541  -  Run Bytes Sent By Job
	47454  -  Run Bytes Received By Job
	519541  -  Total Bytes Sent By Job
	47454  -  Total Bytes Received By Job
	Partitionable Resources :    Usage  Request          
	   Cpus                 :                 1          
	   Disk (KB)            :      579      579          
	   Memory (MB)          :        3        3          
...
