
----------------------------------------------------
Job started on Mon Jun 29 21:59:54 EDT 2015 at WN: t2bat0123.cmsaf.mit.edu 
Job is running on Linux t2bat0123.cmsaf.mit.edu 2.6.32-358.el6.x86_64 #1 SMP Fri Feb 22 20:37:17 CST 2013 x86_64 x86_64 x86_64 GNU/Linux
Filesystem            Size  Used Avail Use% Mounted on
/dev/sda3              20G  3.8G   15G  21% /
tmpfs                 7.8G     0  7.8G   0% /dev/shm
/dev/sda1              97M   33M   60M  36% /boot
/dev/sda4             415G   65G  350G  16% /export/data1
fuse_dfs              4.9P  4.4P  527T  90% /mnt/hadoop
/dev/sdb1             1.8T  1.6T  215G  89% /export/00b
/dev/sdc1             1.8T  1.6T  209G  89% /export/00c
/dev/sdd1             1.8T  1.6T  204G  89% /export/00d
/dev/sde1             1.8T  1.6T  207G  89% /export/00e
/dev/sdf1             1.8T  1.6T  200G  90% /export/00f
cvmfs2                 98G   64G   34G  66% /cvmfs/cms.cern.ch
t2srv0004:/export/db  135G  187M  135G   1% /net/t2srv0004/db
cvmfs2                 98G   64G   34G  66% /cvmfs/cvmfs.cmsaf.mit.edu
cvmfs2                 98G   64G   34G  66% /cvmfs/oasis.opensciencegrid.org
cvmfs2                 98G   64G   34G  66% /cvmfs/grid.cern.ch
cvmfs2                 98G   64G   34G  66% /cvmfs/fermilab.opensciencegrid.org
gcc (GCC) 4.4.7 20120313 (Red Hat 4.4.7-3)
Copyright (C) 2010 Free Software Foundation, Inc.
This is free software; see the source for copying conditions.  There is NO
warranty; not even for MERCHANTABILITY or FITNESS FOR A PARTICULAR PURPOSE.

Processing...
0/237841
10000/237841
20000/237841
30000/237841
40000/237841
50000/237841
60000/237841
70000/237841
80000/237841
90000/237841
100000/237841
110000/237841
120000/237841
130000/237841
140000/237841
150000/237841
160000/237841
170000/237841
180000/237841
190000/237841
200000/237841
210000/237841
220000/237841
230000/237841
Macro finished: 
CPU time (min)  = 1.85483
Real time (min) = 2.44376
Done!
Copied output files to hadoop rootfiles/JetRAA/June22
