000 (426762.000.000) 06/22 20:55:18 Job submitted from host: <18.12.1.74:48322>
...
001 (426762.000.000) 06/22 20:55:32 Job executing on host: <18.12.9.57:42920>
...
006 (426762.000.000) 06/22 20:55:40 Image size of job updated: 241772
	62  -  MemoryUsage of job (MB)
	62996  -  ResidentSetSize of job (KB)
...
006 (426762.000.000) 06/22 20:58:55 Image size of job updated: 244028
	62  -  MemoryUsage of job (MB)
	62996  -  ResidentSetSize of job (KB)
...
005 (426762.000.000) 06/22 20:58:55 Job terminated.
	(1) Normal termination (return value 0)
		Usr 0 00:02:12, Sys 0 00:00:05  -  Run Remote Usage
		Usr 0 00:00:00, Sys 0 00:00:00  -  Run Local Usage
		Usr 0 00:02:12, Sys 0 00:00:05  -  Total Remote Usage
		Usr 0 00:00:00, Sys 0 00:00:00  -  Total Local Usage
	495234  -  Run Bytes Sent By Job
	41910  -  Run Bytes Received By Job
	495234  -  Total Bytes Sent By Job
	41910  -  Total Bytes Received By Job
	Partitionable Resources :    Usage  Request          
	   Cpus                 :                 1          
	   Disk (KB)            :      550      550          
	   Memory (MB)          :       62       62          
...
000 (492081.000.000) 06/29 09:51:41 Job submitted from host: <18.12.1.74:48322>
...
001 (492081.000.000) 06/29 09:52:10 Job executing on host: <18.12.6.9:49417>
...
006 (492081.000.000) 06/29 09:52:19 Image size of job updated: 1
	3  -  MemoryUsage of job (MB)
	2356  -  ResidentSetSize of job (KB)
...
006 (492081.000.000) 06/29 09:55:23 Image size of job updated: 243140
	3  -  MemoryUsage of job (MB)
	2356  -  ResidentSetSize of job (KB)
...
005 (492081.000.000) 06/29 09:55:23 Job terminated.
	(1) Normal termination (return value 0)
		Usr 0 00:01:11, Sys 0 00:00:01  -  Run Remote Usage
		Usr 0 00:00:00, Sys 0 00:00:00  -  Run Local Usage
		Usr 0 00:01:11, Sys 0 00:00:01  -  Total Remote Usage
		Usr 0 00:00:00, Sys 0 00:00:00  -  Total Local Usage
	508645  -  Run Bytes Sent By Job
	46550  -  Run Bytes Received By Job
	508645  -  Total Bytes Sent By Job
	46550  -  Total Bytes Received By Job
	Partitionable Resources :    Usage  Request          
	   Cpus                 :                 1          
	   Disk (KB)            :      568      568          
	   Memory (MB)          :        3        3          
...
000 (492988.000.000) 06/29 10:16:45 Job submitted from host: <18.12.1.74:48322>
...
001 (492988.000.000) 06/29 10:16:54 Job executing on host: <18.12.8.243:45475>
...
006 (492988.000.000) 06/29 10:17:02 Image size of job updated: 242060
	61  -  MemoryUsage of job (MB)
	61476  -  ResidentSetSize of job (KB)
...
006 (492988.000.000) 06/29 10:19:28 Image size of job updated: 243236
	61  -  MemoryUsage of job (MB)
	61476  -  ResidentSetSize of job (KB)
...
005 (492988.000.000) 06/29 10:19:29 Job terminated.
	(1) Normal termination (return value 0)
		Usr 0 00:01:16, Sys 0 00:00:02  -  Run Remote Usage
		Usr 0 00:00:00, Sys 0 00:00:00  -  Run Local Usage
		Usr 0 00:01:16, Sys 0 00:00:02  -  Total Remote Usage
		Usr 0 00:00:00, Sys 0 00:00:00  -  Total Local Usage
	508948  -  Run Bytes Sent By Job
	46566  -  Run Bytes Received By Job
	508948  -  Total Bytes Sent By Job
	46566  -  Total Bytes Received By Job
	Partitionable Resources :    Usage  Request          
	   Cpus                 :                 1          
	   Disk (KB)            :      568      568          
	   Memory (MB)          :       61       61          
...
000 (494983.000.000) 06/29 21:56:35 Job submitted from host: <18.12.1.74:48322>
...
001 (494983.000.000) 06/29 21:56:52 Job executing on host: <18.12.9.46:40292>
...
006 (494983.000.000) 06/29 21:57:00 Image size of job updated: 242616
	60  -  MemoryUsage of job (MB)
	60648  -  ResidentSetSize of job (KB)
...
006 (494983.000.000) 06/29 22:00:53 Image size of job updated: 243704
	60  -  MemoryUsage of job (MB)
	60648  -  ResidentSetSize of job (KB)
...
005 (494983.000.000) 06/29 22:00:53 Job terminated.
	(1) Normal termination (return value 0)
		Usr 0 00:01:14, Sys 0 00:00:04  -  Run Remote Usage
		Usr 0 00:00:00, Sys 0 00:00:00  -  Run Local Usage
		Usr 0 00:01:14, Sys 0 00:00:04  -  Total Remote Usage
		Usr 0 00:00:00, Sys 0 00:00:00  -  Total Local Usage
	509221  -  Run Bytes Sent By Job
	46564  -  Run Bytes Received By Job
	509221  -  Total Bytes Sent By Job
	46564  -  Total Bytes Received By Job
	Partitionable Resources :    Usage  Request          
	   Cpus                 :                 1          
	   Disk (KB)            :      568      568          
	   Memory (MB)          :       60       60          
...
