000 (426475.000.000) 06/22 20:50:09 Job submitted from host: <18.12.1.74:48322>
...
001 (426475.000.000) 06/22 20:50:44 Job executing on host: <18.12.6.38:45037>
...
006 (426475.000.000) 06/22 20:50:52 Image size of job updated: 1
	3  -  MemoryUsage of job (MB)
	2356  -  ResidentSetSize of job (KB)
...
006 (426475.000.000) 06/22 20:51:02 Image size of job updated: 245336
	3  -  MemoryUsage of job (MB)
	2356  -  ResidentSetSize of job (KB)
...
004 (426475.000.000) 06/22 20:51:02 Job was evicted.
	(0) Job was not checkpointed.
		Usr 0 00:00:05, Sys 0 00:00:00  -  Run Remote Usage
		Usr 0 00:00:00, Sys 0 00:00:00  -  Run Local Usage
	0  -  Run Bytes Sent By Job
	41910  -  Run Bytes Received By Job
	Partitionable Resources :    Usage  Request          
	   Cpus                 :                 1          
	   Disk (KB)            :      550      550          
	   Memory (MB)          :        3        3          
...
009 (426475.000.000) 06/22 20:51:10 Job was aborted by the user.
	via condor_rm (by user rkunnawa)
...
000 (491912.000.000) 06/29 09:48:20 Job submitted from host: <18.12.1.74:48322>
...
001 (491912.000.000) 06/29 09:48:57 Job executing on host: <18.12.8.241:49709>
...
006 (491912.000.000) 06/29 09:49:06 Image size of job updated: 184640
	52  -  MemoryUsage of job (MB)
	52292  -  ResidentSetSize of job (KB)
...
006 (491912.000.000) 06/29 09:51:54 Image size of job updated: 248252
	52  -  MemoryUsage of job (MB)
	52292  -  ResidentSetSize of job (KB)
...
005 (491912.000.000) 06/29 09:51:55 Job terminated.
	(1) Normal termination (return value 0)
		Usr 0 00:02:03, Sys 0 00:00:02  -  Run Remote Usage
		Usr 0 00:00:00, Sys 0 00:00:00  -  Run Local Usage
		Usr 0 00:02:03, Sys 0 00:00:02  -  Total Remote Usage
		Usr 0 00:00:00, Sys 0 00:00:00  -  Total Local Usage
	508836  -  Run Bytes Sent By Job
	46550  -  Run Bytes Received By Job
	508836  -  Total Bytes Sent By Job
	46550  -  Total Bytes Received By Job
	Partitionable Resources :    Usage  Request          
	   Cpus                 :                 1          
	   Disk (KB)            :      568      568          
	   Memory (MB)          :       52       52          
...
000 (492651.000.000) 06/29 10:14:29 Job submitted from host: <18.12.1.74:48322>
...
001 (492651.000.000) 06/29 10:14:46 Job executing on host: <18.12.8.105:41095>
...
006 (492651.000.000) 06/29 10:14:54 Image size of job updated: 245612
	74  -  MemoryUsage of job (MB)
	75080  -  ResidentSetSize of job (KB)
...
006 (492651.000.000) 06/29 10:17:02 Image size of job updated: 247368
	74  -  MemoryUsage of job (MB)
	75080  -  ResidentSetSize of job (KB)
...
005 (492651.000.000) 06/29 10:17:02 Job terminated.
	(1) Normal termination (return value 0)
		Usr 0 00:01:30, Sys 0 00:00:03  -  Run Remote Usage
		Usr 0 00:00:00, Sys 0 00:00:00  -  Run Local Usage
		Usr 0 00:01:30, Sys 0 00:00:03  -  Total Remote Usage
		Usr 0 00:00:00, Sys 0 00:00:00  -  Total Local Usage
	509066  -  Run Bytes Sent By Job
	46566  -  Run Bytes Received By Job
	509066  -  Total Bytes Sent By Job
	46566  -  Total Bytes Received By Job
	Partitionable Resources :    Usage  Request          
	   Cpus                 :                 1          
	   Disk (KB)            :      568      568          
	   Memory (MB)          :       74       74          
...
000 (495370.000.000) 06/29 21:59:37 Job submitted from host: <18.12.1.74:48322>
...
001 (495370.000.000) 06/29 21:59:49 Job executing on host: <18.12.6.9:49417>
...
006 (495370.000.000) 06/29 21:59:58 Image size of job updated: 245900
	62  -  MemoryUsage of job (MB)
	62752  -  ResidentSetSize of job (KB)
...
006 (495370.000.000) 06/29 22:02:18 Image size of job updated: 248820
	62  -  MemoryUsage of job (MB)
	62752  -  ResidentSetSize of job (KB)
...
005 (495370.000.000) 06/29 22:02:19 Job terminated.
	(1) Normal termination (return value 0)
		Usr 0 00:01:44, Sys 0 00:00:01  -  Run Remote Usage
		Usr 0 00:00:00, Sys 0 00:00:00  -  Run Local Usage
		Usr 0 00:01:44, Sys 0 00:00:01  -  Total Remote Usage
		Usr 0 00:00:00, Sys 0 00:00:00  -  Total Local Usage
	508920  -  Run Bytes Sent By Job
	46564  -  Run Bytes Received By Job
	508920  -  Total Bytes Sent By Job
	46564  -  Total Bytes Received By Job
	Partitionable Resources :    Usage  Request          
	   Cpus                 :                 1          
	   Disk (KB)            :      568      568          
	   Memory (MB)          :       62       62          
...
