
----------------------------------------------------
Job started on Mon Jun 22 20:55:33 EDT 2015 at WN: t2bat0126.cmsaf.mit.edu 
Job is running on Linux t2bat0126.cmsaf.mit.edu 2.6.32-358.el6.x86_64 #1 SMP Fri Feb 22 20:37:17 CST 2013 x86_64 x86_64 x86_64 GNU/Linux
Filesystem            Size  Used Avail Use% Mounted on
/dev/sda3              20G  2.5G   17G  13% /
tmpfs                 7.8G     0  7.8G   0% /dev/shm
/dev/sda1              97M   33M   60M  36% /boot
/dev/sda4             415G   76G  339G  19% /export/data1
/dev/sdb1             1.8T  1.7T  187G  90% /export/00b
/dev/sdc1             1.8T  1.6T  215G  89% /export/00c
/dev/sdd1             1.8T  1.6T  205G  89% /export/00d
/dev/sde1             1.8T  1.6T  200G  90% /export/00e
/dev/sdf1             1.8T  1.6T  197G  90% /export/00f
fuse_dfs              4.9P  4.4P  522T  90% /mnt/hadoop
t2srv0004:/export/db  135G  187M  135G   1% /net/t2srv0004/db
cvmfs2                 98G   75G   24G  76% /cvmfs/cms.cern.ch
cvmfs2                 98G   75G   24G  76% /cvmfs/mu2e.opensciencegrid.org
gcc (GCC) 4.4.7 20120313 (Red Hat 4.4.7-3)
Copyright (C) 2010 Free Software Foundation, Inc.
This is free software; see the source for copying conditions.  There is NO
warranty; not even for MERCHANTABILITY or FITNESS FOR A PARTICULAR PURPOSE.

Processing...
0/232911
10000/232911
20000/232911
30000/232911
40000/232911
50000/232911
60000/232911
70000/232911
80000/232911
90000/232911
100000/232911
110000/232911
120000/232911
130000/232911
140000/232911
150000/232911
160000/232911
170000/232911
180000/232911
190000/232911
200000/232911
210000/232911
220000/232911
230000/232911
Macro finished: 
CPU time (min)  = 1.8395
Real time (min) = 2.86385
Done!
Copied output files to hadoop rootfiles/JetRAA/June22
