
----------------------------------------------------
Job started on Mon Jun 22 20:55:28 EDT 2015 at WN: t2bat0303.cmsaf.mit.edu 
Job is running on Linux t2bat0303.cmsaf.mit.edu 2.6.32-358.el6.x86_64 #1 SMP Fri Feb 22 20:37:17 CST 2013 x86_64 x86_64 x86_64 GNU/Linux
Filesystem            Size  Used Avail Use% Mounted on
/dev/sda3              20G  2.5G   17G  13% /
tmpfs                  32G     0   32G   0% /dev/shm
/dev/sda1              97M   32M   61M  35% /boot
/dev/sda4             416G   56G  360G  14% /export/data1
fuse_dfs              4.9P  4.4P  522T  90% /mnt/hadoop
/dev/sdb1             3.6T  3.3T  377G  90% /export/00b
/dev/sdc1             3.6T  3.3T  383G  90% /export/00c
/dev/sdd1             3.6T  3.2T  410G  89% /export/00d
/dev/sde1             3.6T  3.2T  413G  89% /export/00e
/dev/sdf1             3.6T  3.2T  399G  90% /export/00f
/dev/sdg1             3.6T  3.2T  443G  88% /export/00g
cvmfs2                 98G   51G   48G  52% /cvmfs/cms.cern.ch
t2srv0004:/export/db  135G  187M  135G   1% /net/t2srv0004/db
cvmfs2                 98G   51G   48G  52% /cvmfs/mu2e.opensciencegrid.org
cvmfs2                 98G   51G   48G  52% /cvmfs/oasis.opensciencegrid.org
gcc (GCC) 4.4.7 20120313 (Red Hat 4.4.7-3)
Copyright (C) 2010 Free Software Foundation, Inc.
This is free software; see the source for copying conditions.  There is NO
warranty; not even for MERCHANTABILITY or FITNESS FOR A PARTICULAR PURPOSE.

Processing...
0/155668
10000/155668
20000/155668
30000/155668
40000/155668
50000/155668
60000/155668
70000/155668
80000/155668
90000/155668
100000/155668
110000/155668
120000/155668
130000/155668
140000/155668
150000/155668
Macro finished: 
CPU time (min)  = 1.433
Real time (min) = 2.23596
Done!
Copied output files to hadoop rootfiles/JetRAA/June22
