
----------------------------------------------------
Job started on Fri Jul 10 16:56:16 EDT 2015 at WN: t2bat0244.cmsaf.mit.edu 
Job is running on Linux t2bat0244.cmsaf.mit.edu 2.6.32-358.el6.x86_64 #1 SMP Fri Feb 22 20:37:17 CST 2013 x86_64 x86_64 x86_64 GNU/Linux
Filesystem            Size  Used Avail Use% Mounted on
/dev/sda3              20G  2.5G   17G  13% /
tmpfs                  12G     0   12G   0% /dev/shm
/dev/sda1              97M   32M   61M  35% /boot
/dev/sda4             874G   59G  816G   7% /export/data1
/dev/sdb1             1.8T  1.7T  154G  92% /export/00b
/dev/sdc1             1.8T  1.7T  167G  91% /export/00c
/dev/sdd1             1.8T  1.7T  170G  91% /export/00d
/dev/sde1             1.8T  1.7T  179G  91% /export/00e
/dev/sdf1             1.8T  1.7T  161G  92% /export/00f
fuse_dfs              4.9P  4.5P  447T  92% /mnt/hadoop
cvmfs2                 98G   58G   41G  59% /cvmfs/cvmfs.cmsaf.mit.edu
cvmfs2                 98G   58G   41G  59% /cvmfs/cms.cern.ch
t2srv0004:/export/db  135G  187M  135G   1% /net/t2srv0004/db
gcc (GCC) 4.4.7 20120313 (Red Hat 4.4.7-3)
Copyright (C) 2010 Free Software Foundation, Inc.
This is free software; see the source for copying conditions.  There is NO
warranty; not even for MERCHANTABILITY or FITNESS FOR A PARTICULAR PURPOSE.

Processing...
0/29039
10000/29039
20000/29039
Macro finished: 
CPU time (min)  = 0.339833
Real time (min) = 0.455669
Done!
Copied output files to hadoop rootfiles/JetRAA/June22
