000 (426528.000.000) 06/22 20:50:14 Job submitted from host: <18.12.1.74:48322>
...
001 (426528.000.000) 06/22 20:50:48 Job executing on host: <18.12.8.215:40876>
...
006 (426528.000.000) 06/22 20:50:57 Image size of job updated: 183828
	53  -  MemoryUsage of job (MB)
	53492  -  ResidentSetSize of job (KB)
...
006 (426528.000.000) 06/22 20:51:02 Image size of job updated: 245184
	53  -  MemoryUsage of job (MB)
	53492  -  ResidentSetSize of job (KB)
...
004 (426528.000.000) 06/22 20:51:02 Job was evicted.
	(0) Job was not checkpointed.
		Usr 0 00:00:03, Sys 0 00:00:00  -  Run Remote Usage
		Usr 0 00:00:00, Sys 0 00:00:00  -  Run Local Usage
	0  -  Run Bytes Sent By Job
	41910  -  Run Bytes Received By Job
	Partitionable Resources :    Usage  Request          
	   Cpus                 :                 1          
	   Disk (KB)            :      550      550          
	   Memory (MB)          :       53       53          
...
009 (426528.000.000) 06/22 20:51:10 Job was aborted by the user.
	via condor_rm (by user rkunnawa)
...
000 (426619.000.000) 06/22 20:51:46 Job submitted from host: <18.12.1.74:48322>
...
001 (426619.000.000) 06/22 20:52:16 Job executing on host: <18.12.6.91:40511>
...
006 (426619.000.000) 06/22 20:52:25 Image size of job updated: 1
	3  -  MemoryUsage of job (MB)
	2356  -  ResidentSetSize of job (KB)
...
006 (426619.000.000) 06/22 20:52:38 Image size of job updated: 244912
	3  -  MemoryUsage of job (MB)
	2356  -  ResidentSetSize of job (KB)
...
005 (426619.000.000) 06/22 20:52:38 Job terminated.
	(1) Normal termination (return value 0)
		Usr 0 00:00:10, Sys 0 00:00:00  -  Run Remote Usage
		Usr 0 00:00:00, Sys 0 00:00:00  -  Run Local Usage
		Usr 0 00:00:10, Sys 0 00:00:00  -  Total Remote Usage
		Usr 0 00:00:00, Sys 0 00:00:00  -  Total Local Usage
	494870  -  Run Bytes Sent By Job
	41910  -  Run Bytes Received By Job
	494870  -  Total Bytes Sent By Job
	41910  -  Total Bytes Received By Job
	Partitionable Resources :    Usage  Request          
	   Cpus                 :                 1          
	   Disk (KB)            :      550      550          
	   Memory (MB)          :        3        3          
...
000 (491965.000.000) 06/29 09:48:27 Job submitted from host: <18.12.1.74:48322>
...
001 (491965.000.000) 06/29 09:49:06 Job executing on host: <18.12.8.156:40657>
...
006 (491965.000.000) 06/29 09:49:14 Image size of job updated: 1
	3  -  MemoryUsage of job (MB)
	2380  -  ResidentSetSize of job (KB)
...
006 (491965.000.000) 06/29 09:49:51 Image size of job updated: 246008
	3  -  MemoryUsage of job (MB)
	2380  -  ResidentSetSize of job (KB)
...
005 (491965.000.000) 06/29 09:49:51 Job terminated.
	(1) Normal termination (return value 0)
		Usr 0 00:00:14, Sys 0 00:00:00  -  Run Remote Usage
		Usr 0 00:00:00, Sys 0 00:00:00  -  Run Local Usage
		Usr 0 00:00:14, Sys 0 00:00:00  -  Total Remote Usage
		Usr 0 00:00:00, Sys 0 00:00:00  -  Total Local Usage
	508714  -  Run Bytes Sent By Job
	46550  -  Run Bytes Received By Job
	508714  -  Total Bytes Sent By Job
	46550  -  Total Bytes Received By Job
	Partitionable Resources :    Usage  Request          
	   Cpus                 :                 1          
	   Disk (KB)            :      568      568          
	   Memory (MB)          :        3        3          
...
000 (492704.000.000) 06/29 10:14:35 Job submitted from host: <18.12.1.74:48322>
...
001 (492704.000.000) 06/29 10:14:51 Job executing on host: <18.12.8.99:49563>
...
006 (492704.000.000) 06/29 10:14:59 Image size of job updated: 1
	3  -  MemoryUsage of job (MB)
	2352  -  ResidentSetSize of job (KB)
...
006 (492704.000.000) 06/29 10:15:12 Image size of job updated: 245876
	3  -  MemoryUsage of job (MB)
	2352  -  ResidentSetSize of job (KB)
...
005 (492704.000.000) 06/29 10:15:12 Job terminated.
	(1) Normal termination (return value 0)
		Usr 0 00:00:05, Sys 0 00:00:00  -  Run Remote Usage
		Usr 0 00:00:00, Sys 0 00:00:00  -  Run Local Usage
		Usr 0 00:00:05, Sys 0 00:00:00  -  Total Remote Usage
		Usr 0 00:00:00, Sys 0 00:00:00  -  Total Local Usage
	508936  -  Run Bytes Sent By Job
	46566  -  Run Bytes Received By Job
	508936  -  Total Bytes Sent By Job
	46566  -  Total Bytes Received By Job
	Partitionable Resources :    Usage  Request          
	   Cpus                 :                 1          
	   Disk (KB)            :      568      568          
	   Memory (MB)          :        3        3          
...
000 (495423.000.000) 06/29 21:59:51 Job submitted from host: <18.12.1.74:48322>
...
001 (495423.000.000) 06/29 22:00:08 Job executing on host: <18.12.8.120:40146>
...
006 (495423.000.000) 06/29 22:00:16 Image size of job updated: 245704
	58  -  MemoryUsage of job (MB)
	59320  -  ResidentSetSize of job (KB)
...
005 (495423.000.000) 06/29 22:00:29 Job terminated.
	(1) Normal termination (return value 0)
		Usr 0 00:00:04, Sys 0 00:00:00  -  Run Remote Usage
		Usr 0 00:00:00, Sys 0 00:00:00  -  Run Local Usage
		Usr 0 00:00:04, Sys 0 00:00:00  -  Total Remote Usage
		Usr 0 00:00:00, Sys 0 00:00:00  -  Total Local Usage
	508737  -  Run Bytes Sent By Job
	46564  -  Run Bytes Received By Job
	508737  -  Total Bytes Sent By Job
	46564  -  Total Bytes Received By Job
	Partitionable Resources :    Usage  Request          
	   Cpus                 :                 1          
	   Disk (KB)            :      568      568          
	   Memory (MB)          :       58       58          
...
