
----------------------------------------------------
Job started on Tue Jun 23 16:48:37 EDT 2015 at WN: t2bat0011.cmsaf.mit.edu 
Job is running on Linux t2bat0011.cmsaf.mit.edu 2.6.32-358.el6.x86_64 #1 SMP Fri Feb 22 20:37:17 CST 2013 x86_64 x86_64 x86_64 GNU/Linux
Filesystem            Size  Used Avail Use% Mounted on
/dev/sda3              20G  3.0G   16G  16% /
tmpfs                  12G     0   12G   0% /dev/shm
/dev/sda1              97M   32M   61M  35% /boot
/dev/sda4             645G   94G  551G  15% /export/data1
/dev/sdb1             1.8T  1.6T  205G  89% /export/00b
/dev/sdc1             1.8T  1.7T  189G  90% /export/00c
/dev/sdd1             1.8T  1.7T  189G  90% /export/00d
fuse_dfs              4.9P  4.4P  516T  90% /mnt/hadoop
/dev/sdf1             1.8T  1.6T  208G  89% /export/00e
/dev/sde1             1.8T  1.6T  202G  90% /export/00f
t2srv0004:/export/db  135G  187M  135G   1% /net/t2srv0004/db
cvmfs2                 98G   92G  6.5G  94% /cvmfs/cms.cern.ch
gcc (GCC) 4.4.7 20120313 (Red Hat 4.4.7-3)
Copyright (C) 2010 Free Software Foundation, Inc.
This is free software; see the source for copying conditions.  There is NO
warranty; not even for MERCHANTABILITY or FITNESS FOR A PARTICULAR PURPOSE.

Processing...
0/238487
10000/238487
20000/238487
30000/238487
40000/238487
50000/238487
60000/238487
70000/238487
80000/238487
90000/238487
100000/238487
110000/238487
120000/238487
130000/238487
140000/238487
150000/238487
160000/238487
170000/238487
180000/238487
190000/238487
200000/238487
210000/238487
220000/238487
230000/238487
Macro finished: 
CPU time (min)  = 2.05483
Real time (min) = 3.31399
Done!
Copied output files to hadoop rootfiles/JetRAA/June22
