
----------------------------------------------------
Job started on Mon Jun 22 20:52:16 EDT 2015 at WN: t2bat0105.cmsaf.mit.edu 
Job is running on Linux t2bat0105.cmsaf.mit.edu 2.6.32-358.el6.x86_64 #1 SMP Fri Feb 22 20:37:17 CST 2013 x86_64 x86_64 x86_64 GNU/Linux
Filesystem            Size  Used Avail Use% Mounted on
/dev/sda3              20G  3.0G   16G  17% /
tmpfs                 7.8G     0  7.8G   0% /dev/shm
/dev/sda1              97M   33M   60M  36% /boot
/dev/sda4             415G   73G  343G  18% /export/data1
fuse_dfs              4.9P  4.4P  522T  90% /mnt/hadoop
/dev/sdb1             1.8T  1.5T  299G  84% /export/00b
/dev/sdc1             1.8T  1.7T  158G  92% /export/00c
/dev/sdd1             1.8T  1.7T  185G  90% /export/00d
/dev/sde1             1.8T  1.7T  167G  91% /export/00e
/dev/sdf1             1.8T  1.7T  186G  90% /export/00f
t2srv0004:/export/db  135G  187M  135G   1% /net/t2srv0004/db
cvmfs2                 98G   72G   27G  73% /cvmfs/cms.cern.ch
gcc (GCC) 4.4.7 20120313 (Red Hat 4.4.7-3)
Copyright (C) 2010 Free Software Foundation, Inc.
This is free software; see the source for copying conditions.  There is NO
warranty; not even for MERCHANTABILITY or FITNESS FOR A PARTICULAR PURPOSE.

Processing...
0/263464
10000/263464
20000/263464
30000/263464
40000/263464
50000/263464
60000/263464
70000/263464
80000/263464
90000/263464
100000/263464
110000/263464
120000/263464
130000/263464
140000/263464
150000/263464
160000/263464
170000/263464
180000/263464
190000/263464
200000/263464
210000/263464
220000/263464
230000/263464
240000/263464
250000/263464
260000/263464
Macro finished: 
CPU time (min)  = 2.00317
Real time (min) = 2.7251
Done!
Copied output files to hadoop rootfiles/JetRAA/June22
