
----------------------------------------------------
Job started on Tue Jun 23 16:48:39 EDT 2015 at WN: t2bat0182.cmsaf.mit.edu 
Job is running on Linux t2bat0182.cmsaf.mit.edu 2.6.32-358.el6.x86_64 #1 SMP Fri Feb 22 20:37:17 CST 2013 x86_64 x86_64 x86_64 GNU/Linux
Filesystem            Size  Used Avail Use% Mounted on
/dev/sda3              20G  3.7G   15G  20% /
tmpfs                  12G     0   12G   0% /dev/shm
/dev/sda1              97M   32M   61M  35% /boot
/dev/sda4             874G   99G  776G  12% /export/data1
/dev/sdb1             1.8T  1.6T  199G  90% /export/00b
/dev/sdc1             1.8T  1.6T  200G  90% /export/00c
/dev/sdd1             1.8T  1.7T  189G  90% /export/00d
/dev/sde1             1.8T  1.6T  204G  89% /export/00e
/dev/sdf1             1.8T  1.6T  200G  90% /export/00f
fuse_dfs              4.9P  4.4P  516T  90% /mnt/hadoop
t2srv0004:/export/db  135G  187M  135G   1% /net/t2srv0004/db
cvmfs2                 98G   97G  702M 100% /cvmfs/cms.cern.ch
cvmfs2                 98G   97G  702M 100% /cvmfs/mu2e.opensciencegrid.org
cvmfs2                 98G   97G  702M 100% /cvmfs/oasis.opensciencegrid.org
cvmfs2                 98G   97G  702M 100% /cvmfs/cdfcfs.fnal.gov
cvmfs2                 98G   97G  702M 100% /cvmfs/cvmfs.cmsaf.mit.edu
gcc (GCC) 4.4.7 20120313 (Red Hat 4.4.7-3)
Copyright (C) 2010 Free Software Foundation, Inc.
This is free software; see the source for copying conditions.  There is NO
warranty; not even for MERCHANTABILITY or FITNESS FOR A PARTICULAR PURPOSE.

Processing...
0/309626
10000/309626
20000/309626
30000/309626
40000/309626
50000/309626
60000/309626
70000/309626
80000/309626
90000/309626
100000/309626
110000/309626
120000/309626
130000/309626
140000/309626
150000/309626
160000/309626
170000/309626
180000/309626
190000/309626
200000/309626
210000/309626
220000/309626
230000/309626
240000/309626
250000/309626
260000/309626
270000/309626
280000/309626
290000/309626
300000/309626
Macro finished: 
CPU time (min)  = 2.76483
Real time (min) = 6.49913
Done!
Copied output files to hadoop rootfiles/JetRAA/June22
