000 (426734.000.000) 06/22 20:55:15 Job submitted from host: <18.12.1.74:48322>
...
001 (426734.000.000) 06/22 20:55:25 Job executing on host: <18.12.8.205:41752>
...
006 (426734.000.000) 06/22 20:55:34 Image size of job updated: 1
	3  -  MemoryUsage of job (MB)
	2360  -  ResidentSetSize of job (KB)
...
006 (426734.000.000) 06/22 20:57:26 Image size of job updated: 243504
	3  -  MemoryUsage of job (MB)
	2360  -  ResidentSetSize of job (KB)
...
005 (426734.000.000) 06/22 20:57:26 Job terminated.
	(1) Normal termination (return value 0)
		Usr 0 00:01:15, Sys 0 00:00:02  -  Run Remote Usage
		Usr 0 00:00:00, Sys 0 00:00:00  -  Run Local Usage
		Usr 0 00:01:15, Sys 0 00:00:02  -  Total Remote Usage
		Usr 0 00:00:00, Sys 0 00:00:00  -  Total Local Usage
	494878  -  Run Bytes Sent By Job
	41910  -  Run Bytes Received By Job
	494878  -  Total Bytes Sent By Job
	41910  -  Total Bytes Received By Job
	Partitionable Resources :    Usage  Request          
	   Cpus                 :                 1          
	   Disk (KB)            :      550      550          
	   Memory (MB)          :        3        3          
...
