
----------------------------------------------------
Job started on Mon Jun 29 21:59:52 EDT 2015 at WN: hibat0042.cmsaf.mit.edu 
Job is running on Linux hibat0042.cmsaf.mit.edu 2.6.32-358.el6.x86_64 #1 SMP Fri Feb 22 20:37:17 CST 2013 x86_64 x86_64 x86_64 GNU/Linux
Filesystem            Size  Used Avail Use% Mounted on
/dev/sda3              20G  3.5G   16G  19% /
tmpfs                  24G     0   24G   0% /dev/shm
/dev/sda1              97M   32M   61M  35% /boot
/dev/sda4             874G   92G  783G  11% /export/data1
/dev/sdb1             1.8T  1.7T  193G  90% /export/00b
/dev/sdc1             1.8T  1.6T  210G  89% /export/00c
/dev/sdd1             1.8T  1.6T  212G  89% /export/00d
/dev/sde1             1.8T  1.6T  205G  89% /export/00e
/dev/sdf1             1.8T  1.6T  202G  90% /export/00f
fuse_dfs              4.9P  4.4P  527T  90% /mnt/hadoop
cvmfs2                 98G   90G  8.6G  92% /cvmfs/cms.cern.ch
t2srv0004:/export/db  135G  187M  135G   1% /net/t2srv0004/db
cvmfs2                 98G   90G  8.6G  92% /cvmfs/cvmfs.cmsaf.mit.edu
cvmfs2                 98G   90G  8.6G  92% /cvmfs/oasis.opensciencegrid.org
cvmfs2                 98G   90G  8.6G  92% /cvmfs/grid.cern.ch
cvmfs2                 98G   90G  8.6G  92% /cvmfs/fermilab.opensciencegrid.org
cvmfs2                 98G   90G  8.6G  92% /cvmfs/cdfcfs.fnal.gov
gcc (GCC) 4.4.7 20120313 (Red Hat 4.4.7-3)
Copyright (C) 2010 Free Software Foundation, Inc.
This is free software; see the source for copying conditions.  There is NO
warranty; not even for MERCHANTABILITY or FITNESS FOR A PARTICULAR PURPOSE.

Processing...
0/167621
10000/167621
20000/167621
30000/167621
40000/167621
50000/167621
60000/167621
70000/167621
80000/167621
90000/167621
100000/167621
110000/167621
120000/167621
130000/167621
140000/167621
150000/167621
160000/167621
Macro finished: 
CPU time (min)  = 1.852
Real time (min) = 2.36773
Done!
Copied output files to hadoop rootfiles/JetRAA/June22
