000 (426508.000.000) 06/22 20:50:12 Job submitted from host: <18.12.1.74:48322>
...
001 (426508.000.000) 06/22 20:50:51 Job executing on host: <18.12.9.56:40657>
...
006 (426508.000.000) 06/22 20:50:59 Image size of job updated: 93716
	14  -  MemoryUsage of job (MB)
	14144  -  ResidentSetSize of job (KB)
...
006 (426508.000.000) 06/22 20:51:02 Image size of job updated: 245380
	14  -  MemoryUsage of job (MB)
	14144  -  ResidentSetSize of job (KB)
...
004 (426508.000.000) 06/22 20:51:02 Job was evicted.
	(0) Job was not checkpointed.
		Usr 0 00:00:02, Sys 0 00:00:00  -  Run Remote Usage
		Usr 0 00:00:00, Sys 0 00:00:00  -  Run Local Usage
	0  -  Run Bytes Sent By Job
	41910  -  Run Bytes Received By Job
	Partitionable Resources :    Usage  Request          
	   Cpus                 :                 1          
	   Disk (KB)            :      550      550          
	   Memory (MB)          :       14       14          
...
009 (426508.000.000) 06/22 20:51:11 Job was aborted by the user.
	via condor_rm (by user rkunnawa)
...
000 (426609.000.000) 06/22 20:51:45 Job submitted from host: <18.12.1.74:48322>
...
001 (426609.000.000) 06/22 20:52:16 Job executing on host: <18.12.6.62:48687>
...
006 (426609.000.000) 06/22 20:52:24 Image size of job updated: 245296
	97  -  MemoryUsage of job (MB)
	99228  -  ResidentSetSize of job (KB)
...
006 (426609.000.000) 06/22 20:56:11 Image size of job updated: 247612
	97  -  MemoryUsage of job (MB)
	99228  -  ResidentSetSize of job (KB)
...
005 (426609.000.000) 06/22 20:56:11 Job terminated.
	(1) Normal termination (return value 0)
		Usr 0 00:02:57, Sys 0 00:00:02  -  Run Remote Usage
		Usr 0 00:00:00, Sys 0 00:00:00  -  Run Local Usage
		Usr 0 00:02:57, Sys 0 00:00:02  -  Total Remote Usage
		Usr 0 00:00:00, Sys 0 00:00:00  -  Total Local Usage
	495228  -  Run Bytes Sent By Job
	41910  -  Run Bytes Received By Job
	495228  -  Total Bytes Sent By Job
	41910  -  Total Bytes Received By Job
	Partitionable Resources :    Usage  Request          
	   Cpus                 :                 1          
	   Disk (KB)            :      550      550          
	   Memory (MB)          :       97       97          
...
000 (491945.000.000) 06/29 09:48:25 Job submitted from host: <18.12.1.74:48322>
...
001 (491945.000.000) 06/29 09:49:00 Job executing on host: <18.12.12.6:46424>
...
006 (491945.000.000) 06/29 09:49:08 Image size of job updated: 245768
	59  -  MemoryUsage of job (MB)
	60264  -  ResidentSetSize of job (KB)
...
006 (491945.000.000) 06/29 09:50:57 Image size of job updated: 247036
	59  -  MemoryUsage of job (MB)
	60264  -  ResidentSetSize of job (KB)
...
005 (491945.000.000) 06/29 09:50:57 Job terminated.
	(1) Normal termination (return value 0)
		Usr 0 00:01:20, Sys 0 00:00:01  -  Run Remote Usage
		Usr 0 00:00:00, Sys 0 00:00:00  -  Run Local Usage
		Usr 0 00:01:20, Sys 0 00:00:01  -  Total Remote Usage
		Usr 0 00:00:00, Sys 0 00:00:00  -  Total Local Usage
	508724  -  Run Bytes Sent By Job
	46550  -  Run Bytes Received By Job
	508724  -  Total Bytes Sent By Job
	46550  -  Total Bytes Received By Job
	Partitionable Resources :    Usage  Request          
	   Cpus                 :                 1          
	   Disk (KB)            :      568      568          
	   Memory (MB)          :       59       59          
...
000 (492684.000.000) 06/29 10:14:33 Job submitted from host: <18.12.1.74:48322>
...
001 (492684.000.000) 06/29 10:14:49 Job executing on host: <18.12.8.80:44745>
...
006 (492684.000.000) 06/29 10:14:58 Image size of job updated: 1
	3  -  MemoryUsage of job (MB)
	2352  -  ResidentSetSize of job (KB)
...
006 (492684.000.000) 06/29 10:16:45 Image size of job updated: 247044
	3  -  MemoryUsage of job (MB)
	2352  -  ResidentSetSize of job (KB)
...
005 (492684.000.000) 06/29 10:16:45 Job terminated.
	(1) Normal termination (return value 0)
		Usr 0 00:01:14, Sys 0 00:00:03  -  Run Remote Usage
		Usr 0 00:00:00, Sys 0 00:00:00  -  Run Local Usage
		Usr 0 00:01:14, Sys 0 00:00:03  -  Total Remote Usage
		Usr 0 00:00:00, Sys 0 00:00:00  -  Total Local Usage
	508948  -  Run Bytes Sent By Job
	46566  -  Run Bytes Received By Job
	508948  -  Total Bytes Sent By Job
	46566  -  Total Bytes Received By Job
	Partitionable Resources :    Usage  Request          
	   Cpus                 :                 1          
	   Disk (KB)            :      568      568          
	   Memory (MB)          :        3        3          
...
000 (495403.000.000) 06/29 21:59:48 Job submitted from host: <18.12.1.74:48322>
...
001 (495403.000.000) 06/29 21:59:59 Job executing on host: <18.12.8.33:46643>
...
006 (495403.000.000) 06/29 22:00:07 Image size of job updated: 246196
	63  -  MemoryUsage of job (MB)
	64024  -  ResidentSetSize of job (KB)
...
006 (495403.000.000) 06/29 22:02:17 Image size of job updated: 247592
	63  -  MemoryUsage of job (MB)
	64024  -  ResidentSetSize of job (KB)
...
005 (495403.000.000) 06/29 22:02:17 Job terminated.
	(1) Normal termination (return value 0)
		Usr 0 00:01:34, Sys 0 00:00:03  -  Run Remote Usage
		Usr 0 00:00:00, Sys 0 00:00:00  -  Run Local Usage
		Usr 0 00:01:34, Sys 0 00:00:03  -  Total Remote Usage
		Usr 0 00:00:00, Sys 0 00:00:00  -  Total Local Usage
	508808  -  Run Bytes Sent By Job
	46564  -  Run Bytes Received By Job
	508808  -  Total Bytes Sent By Job
	46564  -  Total Bytes Received By Job
	Partitionable Resources :    Usage  Request          
	   Cpus                 :                 1          
	   Disk (KB)            :      568      568          
	   Memory (MB)          :       63       63          
...
