
----------------------------------------------------
Job started on Mon Jun 29 21:59:58 EDT 2015 at WN: t2bat0291.cmsaf.mit.edu 
Job is running on Linux t2bat0291.cmsaf.mit.edu 2.6.32-358.el6.x86_64 #1 SMP Fri Feb 22 20:37:17 CST 2013 x86_64 x86_64 x86_64 GNU/Linux
Filesystem            Size  Used Avail Use% Mounted on
/dev/sda3              20G   15G  4.7G  76% /
tmpfs                  32G     0   32G   0% /dev/shm
/dev/sda1              97M   32M   61M  35% /boot
/dev/sda4             416G   63G  353G  16% /export/data1
fuse_dfs              4.9P  4.4P  527T  90% /mnt/hadoop
/dev/sdb1             2.7T  2.5T  290G  90% /export/00b
/dev/sdc1             2.7T  2.4T  310G  89% /export/00c
/dev/sdd1             2.7T  2.4T  311G  89% /export/00d
/dev/sde1             2.7T  2.4T  323G  89% /export/00e
/dev/sdf1             2.7T  2.4T  304G  89% /export/00f
/dev/sdg1             2.7T  2.4T  298G  90% /export/00g
/dev/sdh1             2.7T  2.4T  303G  90% /export/00h
/dev/sdi1             2.7T  2.4T  319G  89% /export/00i
/dev/sdj1             2.7T  2.4T  308G  89% /export/00j
/dev/sdk1             2.7T  2.4T  301G  90% /export/00k
/dev/sdl1             2.7T  2.5T  290G  90% /export/00l
cvmfs2                 98G   53G   46G  54% /cvmfs/cms.cern.ch
t2srv0004:/export/db  135G  187M  135G   1% /net/t2srv0004/db
cvmfs2                 98G   53G   46G  54% /cvmfs/cvmfs.cmsaf.mit.edu
gcc (GCC) 4.4.7 20120313 (Red Hat 4.4.7-3)
Copyright (C) 2010 Free Software Foundation, Inc.
This is free software; see the source for copying conditions.  There is NO
warranty; not even for MERCHANTABILITY or FITNESS FOR A PARTICULAR PURPOSE.

Processing...
0/146072
10000/146072
20000/146072
30000/146072
40000/146072
50000/146072
60000/146072
70000/146072
80000/146072
90000/146072
100000/146072
110000/146072
120000/146072
130000/146072
140000/146072
Macro finished: 
CPU time (min)  = 1.4325
Real time (min) = 6.55122
Done!
Copied output files to hadoop rootfiles/JetRAA/June22
