000 (426761.000.000) 06/22 20:55:18 Job submitted from host: <18.12.1.74:48322>
...
001 (426761.000.000) 06/22 20:55:27 Job executing on host: <18.12.8.126:45621>
...
006 (426761.000.000) 06/22 20:55:35 Image size of job updated: 1196
	1  -  MemoryUsage of job (MB)
	156  -  ResidentSetSize of job (KB)
...
006 (426761.000.000) 06/22 20:58:29 Image size of job updated: 243688
	1  -  MemoryUsage of job (MB)
	156  -  ResidentSetSize of job (KB)
...
005 (426761.000.000) 06/22 20:58:29 Job terminated.
	(1) Normal termination (return value 0)
		Usr 0 00:01:35, Sys 0 00:00:03  -  Run Remote Usage
		Usr 0 00:00:00, Sys 0 00:00:00  -  Run Local Usage
		Usr 0 00:01:35, Sys 0 00:00:03  -  Total Remote Usage
		Usr 0 00:00:00, Sys 0 00:00:00  -  Total Local Usage
	495046  -  Run Bytes Sent By Job
	41910  -  Run Bytes Received By Job
	495046  -  Total Bytes Sent By Job
	41910  -  Total Bytes Received By Job
	Partitionable Resources :    Usage  Request          
	   Cpus                 :                 1          
	   Disk (KB)            :      549      549          
	   Memory (MB)          :        1        1          
...
