
----------------------------------------------------
Job started on Mon Jun 29 21:59:41 EDT 2015 at WN: t2bat0142.cmsaf.mit.edu 
Job is running on Linux t2bat0142.cmsaf.mit.edu 2.6.32-358.el6.x86_64 #1 SMP Fri Feb 22 20:37:17 CST 2013 x86_64 x86_64 x86_64 GNU/Linux
Filesystem            Size  Used Avail Use% Mounted on
/dev/sda3              20G  3.2G   16G  17% /
tmpfs                 7.8G     0  7.8G   0% /dev/shm
/dev/sda1              97M   33M   60M  36% /boot
/dev/sda4             415G   62G  353G  15% /export/data1
fuse_dfs              4.9P  4.4P  527T  90% /mnt/hadoop
/dev/sdb1             1.8T  1.6T  211G  89% /export/00b
/dev/sdc1             1.8T  1.6T  209G  89% /export/00c
/dev/sdd1             1.8T  1.7T  195G  90% /export/00d
/dev/sde1             1.8T  1.6T  214G  89% /export/00e
/dev/sdf1             1.8T  1.6T  201G  90% /export/00f
t2srv0004:/export/db  135G  187M  135G   1% /net/t2srv0004/db
cvmfs2                 98G   59G   39G  61% /cvmfs/cms.cern.ch
cvmfs2                 98G   59G   39G  61% /cvmfs/cvmfs.cmsaf.mit.edu
cvmfs2                 98G   59G   39G  61% /cvmfs/oasis.opensciencegrid.org
gcc (GCC) 4.4.7 20120313 (Red Hat 4.4.7-3)
Copyright (C) 2010 Free Software Foundation, Inc.
This is free software; see the source for copying conditions.  There is NO
warranty; not even for MERCHANTABILITY or FITNESS FOR A PARTICULAR PURPOSE.

Processing...
0/177666
10000/177666
20000/177666
30000/177666
40000/177666
50000/177666
60000/177666
70000/177666
80000/177666
90000/177666
100000/177666
110000/177666
120000/177666
130000/177666
140000/177666
150000/177666
160000/177666
170000/177666
Macro finished: 
CPU time (min)  = 1.376
Real time (min) = 1.83781
Done!
Copied output files to hadoop rootfiles/JetRAA/June22
