000 (426353.000.000) 06/22 20:49:57 Job submitted from host: <18.12.1.74:48322>
...
001 (426353.000.000) 06/22 20:50:45 Job executing on host: <18.12.9.28:45986>
...
006 (426353.000.000) 06/22 20:50:53 Image size of job updated: 1
	3  -  MemoryUsage of job (MB)
	2384  -  ResidentSetSize of job (KB)
...
006 (426353.000.000) 06/22 20:51:02 Image size of job updated: 153140
	3  -  MemoryUsage of job (MB)
	2384  -  ResidentSetSize of job (KB)
...
004 (426353.000.000) 06/22 20:51:02 Job was evicted.
	(0) Job was not checkpointed.
		Usr 0 00:00:00, Sys 0 00:00:00  -  Run Remote Usage
		Usr 0 00:00:00, Sys 0 00:00:00  -  Run Local Usage
	0  -  Run Bytes Sent By Job
	41910  -  Run Bytes Received By Job
	Partitionable Resources :    Usage  Request          
	   Cpus                 :                 1          
	   Disk (KB)            :      550      550          
	   Memory (MB)          :        3        3          
...
009 (426353.000.000) 06/22 20:51:10 Job was aborted by the user.
	via condor_rm (by user rkunnawa)
...
