
----------------------------------------------------
Job started on Tue Jun 23 16:48:38 EDT 2015 at WN: hibat0081.cmsaf.mit.edu 
Job is running on Linux hibat0081.cmsaf.mit.edu 2.6.32-358.el6.x86_64 #1 SMP Fri Feb 22 20:37:17 CST 2013 x86_64 x86_64 x86_64 GNU/Linux
Filesystem            Size  Used Avail Use% Mounted on
/dev/sda3              20G  3.2G   16G  18% /
tmpfs                  24G     0   24G   0% /dev/shm
/dev/sda1              97M   32M   61M  35% /boot
/dev/sda4             873G   75G  799G   9% /export/data1
/dev/sdb1             2.7T  2.7T   72G  98% /export/00b
/dev/sdc1             2.7T  2.7T   80G  98% /export/00c
/dev/sdd1             2.7T  2.7T   87G  97% /export/00d
/dev/sde1             2.7T  2.7T   86G  97% /export/00e
/dev/sdf1             2.7T  2.7T   73G  98% /export/00f
/dev/sdg1             3.6T  3.1T  569G  85% /export/00g
/dev/sdh1             3.6T  3.1T  567G  85% /export/00h
fuse_dfs              4.9P  4.4P  516T  90% /mnt/hadoop
t2srv0004:/export/db  135G  187M  135G   1% /net/t2srv0004/db
cvmfs2                 98G   74G   25G  76% /cvmfs/cms.cern.ch
cvmfs2                 98G   74G   25G  76% /cvmfs/oasis.opensciencegrid.org
cvmfs2                 98G   74G   25G  76% /cvmfs/mu2e.opensciencegrid.org
gcc (GCC) 4.4.7 20120313 (Red Hat 4.4.7-3)
Copyright (C) 2010 Free Software Foundation, Inc.
This is free software; see the source for copying conditions.  There is NO
warranty; not even for MERCHANTABILITY or FITNESS FOR A PARTICULAR PURPOSE.

Processing...
0/118155
10000/118155
20000/118155
30000/118155
40000/118155
50000/118155
60000/118155
70000/118155
80000/118155
90000/118155
100000/118155
110000/118155
Macro finished: 
CPU time (min)  = 1.26483
Real time (min) = 2.64821
Done!
Copied output files to hadoop rootfiles/JetRAA/June22
