
----------------------------------------------------
Job started on Mon Jun 22 20:52:11 EDT 2015 at WN: t2bat0320.cmsaf.mit.edu 
Job is running on Linux t2bat0320.cmsaf.mit.edu 2.6.32-358.el6.x86_64 #1 SMP Fri Feb 22 20:37:17 CST 2013 x86_64 x86_64 x86_64 GNU/Linux
Filesystem            Size  Used Avail Use% Mounted on
/dev/sda3              20G  2.7G   17G  15% /
tmpfs                  32G     0   32G   0% /dev/shm
/dev/sda1              97M   32M   61M  35% /boot
/dev/sda4             416G   71G  345G  18% /export/data1
/dev/sdb1             3.6T  3.1T  537G  86% /export/00b
/dev/sdc1             3.6T  3.1T  539G  86% /export/00c
/dev/sdd1             3.6T  3.1T  542G  86% /export/00d
/dev/sde1             3.6T  3.1T  551G  85% /export/00e
/dev/sdk1             3.6T  3.1T  516G  86% /export/00f
/dev/sdf1             3.6T  3.1T  524G  86% /export/00g
/dev/sdg1             3.6T  3.1T  514G  86% /export/00h
/dev/sdh1             3.6T  3.1T  533G  86% /export/00i
/dev/sdi1             3.6T  3.1T  569G  85% /export/00j
/dev/sdj1             3.6T  3.1T  516G  86% /export/00k
/dev/sdl1             3.6T  3.1T  560G  85% /export/00l
fuse_dfs              4.9P  4.4P  522T  90% /mnt/hadoop
cvmfs2                 98G   67G   32G  68% /cvmfs/cms.cern.ch
t2srv0004:/export/db  135G  187M  135G   1% /net/t2srv0004/db
cvmfs2                 98G   67G   32G  68% /cvmfs/mu2e.opensciencegrid.org
gcc (GCC) 4.4.7 20120313 (Red Hat 4.4.7-3)
Copyright (C) 2010 Free Software Foundation, Inc.
This is free software; see the source for copying conditions.  There is NO
warranty; not even for MERCHANTABILITY or FITNESS FOR A PARTICULAR PURPOSE.

Processing...
0/350643
10000/350643
20000/350643
30000/350643
40000/350643
50000/350643
60000/350643
70000/350643
80000/350643
90000/350643
100000/350643
110000/350643
120000/350643
130000/350643
140000/350643
150000/350643
160000/350643
170000/350643
180000/350643
190000/350643
200000/350643
210000/350643
220000/350643
230000/350643
240000/350643
250000/350643
260000/350643
270000/350643
280000/350643
290000/350643
300000/350643
310000/350643
320000/350643
330000/350643
340000/350643
350000/350643
Macro finished: 
CPU time (min)  = 3.1875
Real time (min) = 4.25239
Done!
Copied output files to hadoop rootfiles/JetRAA/June22
