
----------------------------------------------------
Job started on Mon Jun 29 21:59:31 EDT 2015 at WN: t2bat0292.cmsaf.mit.edu 
Job is running on Linux t2bat0292.cmsaf.mit.edu 2.6.32-358.el6.x86_64 #1 SMP Fri Feb 22 20:37:17 CST 2013 x86_64 x86_64 x86_64 GNU/Linux
Filesystem            Size  Used Avail Use% Mounted on
/dev/sda3              20G   15G  4.7G  75% /
tmpfs                  32G     0   32G   0% /dev/shm
/dev/sda1              97M   32M   61M  35% /boot
/dev/sda4             416G   62G  354G  15% /export/data1
fuse_dfs              4.9P  4.4P  527T  90% /mnt/hadoop
/dev/sdb1             2.7T  2.4T  301G  90% /export/00b
/dev/sdc1             2.7T  2.4T  306G  89% /export/00c
/dev/sdd1             2.7T  2.4T  298G  90% /export/00d
/dev/sde1             2.7T  2.4T  313G  89% /export/00e
/dev/sdf1             2.7T  2.4T  309G  89% /export/00f
/dev/sdg1             2.7T  2.4T  312G  89% /export/00g
/dev/sdh1             2.7T  2.4T  302G  90% /export/00h
/dev/sdi1             2.7T  2.4T  306G  89% /export/00i
/dev/sdj1             2.7T  2.5T  291G  90% /export/00j
/dev/sdk1             2.7T  2.4T  307G  89% /export/00k
/dev/sdl1             2.7T  2.4T  309G  89% /export/00l
cvmfs2                 98G   54G   45G  55% /cvmfs/cms.cern.ch
t2srv0004:/export/db  135G  187M  135G   1% /net/t2srv0004/db
cvmfs2                 98G   54G   45G  55% /cvmfs/cvmfs.cmsaf.mit.edu
cvmfs2                 98G   54G   45G  55% /cvmfs/oasis.opensciencegrid.org
cvmfs2                 98G   54G   45G  55% /cvmfs/grid.cern.ch
cvmfs2                 98G   54G   45G  55% /cvmfs/fermilab.opensciencegrid.org
cvmfs2                 98G   54G   45G  55% /cvmfs/cdfcfs.fnal.gov
gcc (GCC) 4.4.7 20120313 (Red Hat 4.4.7-3)
Copyright (C) 2010 Free Software Foundation, Inc.
This is free software; see the source for copying conditions.  There is NO
warranty; not even for MERCHANTABILITY or FITNESS FOR A PARTICULAR PURPOSE.

Processing...
0/66029
10000/66029
20000/66029
30000/66029
40000/66029
50000/66029
60000/66029
Macro finished: 
CPU time (min)  = 0.638667
Real time (min) = 2.95572
Done!
Copied output files to hadoop rootfiles/JetRAA/June22
