
----------------------------------------------------
Job started on Tue Jun 23 16:48:36 EDT 2015 at WN: t2bat0258.cmsaf.mit.edu 
Job is running on Linux t2bat0258.cmsaf.mit.edu 2.6.32-358.el6.x86_64 #1 SMP Fri Feb 22 20:37:17 CST 2013 x86_64 x86_64 x86_64 GNU/Linux
Filesystem            Size  Used Avail Use% Mounted on
/dev/sda3              20G  3.1G   16G  17% /
tmpfs                  12G     0   12G   0% /dev/shm
/dev/sda1              97M   32M   61M  35% /boot
/dev/sda4             874G  100G  775G  12% /export/data1
/dev/sdb1             1.8T  1.7T  185G  90% /export/00b
/dev/sdc1             1.8T  1.6T  203G  89% /export/00c
/dev/sdd1             1.8T  1.7T  194G  90% /export/00d
/dev/sde1             1.8T  1.6T  217G  89% /export/00e
/dev/sdf1             1.8T  1.7T  190G  90% /export/00f
fuse_dfs              4.9P  4.4P  516T  90% /mnt/hadoop
t2srv0004:/export/db  135G  187M  135G   1% /net/t2srv0004/db
cvmfs2                 98G   98G  635M 100% /cvmfs/cms.cern.ch
cvmfs2                 98G   98G  635M 100% /cvmfs/oasis.opensciencegrid.org
cvmfs2                 98G   98G  635M 100% /cvmfs/cdfcfs.fnal.gov
cvmfs2                 98G   98G  635M 100% /cvmfs/cvmfs.cmsaf.mit.edu
gcc (GCC) 4.4.7 20120313 (Red Hat 4.4.7-3)
Copyright (C) 2010 Free Software Foundation, Inc.
This is free software; see the source for copying conditions.  There is NO
warranty; not even for MERCHANTABILITY or FITNESS FOR A PARTICULAR PURPOSE.

Processing...
0/275355
10000/275355
20000/275355
30000/275355
40000/275355
50000/275355
60000/275355
70000/275355
80000/275355
90000/275355
100000/275355
110000/275355
120000/275355
130000/275355
140000/275355
150000/275355
160000/275355
170000/275355
180000/275355
190000/275355
200000/275355
210000/275355
220000/275355
230000/275355
240000/275355
250000/275355
260000/275355
270000/275355
Macro finished: 
CPU time (min)  = 2.55717
Real time (min) = 3.76677
Done!
Copied output files to hadoop rootfiles/JetRAA/June22
