000 (426783.000.000) 06/22 20:55:20 Job submitted from host: <18.12.1.74:48322>
...
001 (426783.000.000) 06/22 20:55:27 Job executing on host: <18.12.6.39:44015>
...
006 (426783.000.000) 06/22 20:55:36 Image size of job updated: 69052
	18  -  MemoryUsage of job (MB)
	17428  -  ResidentSetSize of job (KB)
...
006 (426783.000.000) 06/22 21:00:37 Image size of job updated: 243380
	130  -  MemoryUsage of job (MB)
	132832  -  ResidentSetSize of job (KB)
...
005 (426783.000.000) 06/22 21:01:55 Job terminated.
	(1) Normal termination (return value 0)
		Usr 0 00:04:03, Sys 0 00:00:03  -  Run Remote Usage
		Usr 0 00:00:00, Sys 0 00:00:00  -  Run Local Usage
		Usr 0 00:04:03, Sys 0 00:00:03  -  Total Remote Usage
		Usr 0 00:00:00, Sys 0 00:00:00  -  Total Local Usage
	495305  -  Run Bytes Sent By Job
	41910  -  Run Bytes Received By Job
	495305  -  Total Bytes Sent By Job
	41910  -  Total Bytes Received By Job
	Partitionable Resources :    Usage  Request          
	   Cpus                 :                 1          
	   Disk (KB)            :      550      550          
	   Memory (MB)          :      130      130          
...
