
----------------------------------------------------
Job started on Mon Jun 22 20:52:15 EDT 2015 at WN: hibat0026.cmsaf.mit.edu 
Job is running on Linux hibat0026.cmsaf.mit.edu 2.6.32-358.el6.x86_64 #1 SMP Fri Feb 22 20:37:17 CST 2013 x86_64 x86_64 x86_64 GNU/Linux
Filesystem            Size  Used Avail Use% Mounted on
/dev/sda3              20G  3.5G   16G  19% /
tmpfs                  24G     0   24G   0% /dev/shm
/dev/sda1              97M   32M   61M  35% /boot
/dev/sda4             1.8T   91G  1.7T   6% /export/data1
/dev/sdb1             1.8T  1.6T  203G  89% /export/00b
/dev/sdc1             1.8T  1.6T  209G  89% /export/00c
/dev/sdd1             1.8T  1.6T  198G  90% /export/00d
/dev/sde1             1.8T  1.6T  202G  89% /export/00e
/dev/sdf1             1.8T  1.6T  203G  89% /export/00f
fuse_dfs              4.9P  4.4P  522T  90% /mnt/hadoop
t2srv0004:/export/db  135G  187M  135G   1% /net/t2srv0004/db
cvmfs2                 98G   89G  8.7G  92% /cvmfs/cms.cern.ch
cvmfs2                 98G   89G  8.7G  92% /cvmfs/mu2e.opensciencegrid.org
gcc (GCC) 4.4.7 20120313 (Red Hat 4.4.7-3)
Copyright (C) 2010 Free Software Foundation, Inc.
This is free software; see the source for copying conditions.  There is NO
warranty; not even for MERCHANTABILITY or FITNESS FOR A PARTICULAR PURPOSE.

Processing...
0/390864
10000/390864
20000/390864
30000/390864
40000/390864
50000/390864
60000/390864
70000/390864
80000/390864
90000/390864
100000/390864
110000/390864
120000/390864
130000/390864
140000/390864
150000/390864
160000/390864
170000/390864
180000/390864
190000/390864
200000/390864
210000/390864
220000/390864
230000/390864
240000/390864
250000/390864
260000/390864
270000/390864
280000/390864
290000/390864
300000/390864
310000/390864
320000/390864
330000/390864
340000/390864
350000/390864
360000/390864
370000/390864
380000/390864
390000/390864
Macro finished: 
CPU time (min)  = 3.32533
Real time (min) = 4.36492
Done!
Copied output files to hadoop rootfiles/JetRAA/June22
