
----------------------------------------------------
Job started on Mon Jun 29 21:59:40 EDT 2015 at WN: t2bat0284.cmsaf.mit.edu 
Job is running on Linux t2bat0284.cmsaf.mit.edu 2.6.32-358.el6.x86_64 #1 SMP Fri Feb 22 20:37:17 CST 2013 x86_64 x86_64 x86_64 GNU/Linux
Filesystem            Size  Used Avail Use% Mounted on
/dev/sda3              20G  6.9G   12G  37% /
tmpfs                  32G     0   32G   0% /dev/shm
/dev/sda1              97M   32M   61M  35% /boot
/dev/sda4             416G   60G  357G  15% /export/data1
fuse_dfs              4.9P  4.4P  527T  90% /mnt/hadoop
/dev/sdb1             2.7T  2.4T  300G  90% /export/00b
/dev/sdc1             2.7T  2.4T  304G  89% /export/00c
/dev/sdd1             2.7T  2.4T  314G  89% /export/00d
/dev/sde1             2.7T  2.4T  301G  90% /export/00e
/dev/sdf1             2.7T  2.4T  305G  89% /export/00f
/dev/sdg1             2.7T  2.4T  311G  89% /export/00g
/dev/sdh1             2.7T  2.5T  288G  90% /export/00h
/dev/sdi1             2.7T  2.4T  306G  89% /export/00i
/dev/sdj1             2.7T  2.4T  310G  89% /export/00j
/dev/sdk1             2.7T  2.4T  304G  89% /export/00k
/dev/sdl1             2.7T  2.4T  309G  89% /export/00l
cvmfs2                 98G   52G   46G  54% /cvmfs/cms.cern.ch
t2srv0004:/export/db  135G  187M  135G   1% /net/t2srv0004/db
cvmfs2                 98G   52G   46G  54% /cvmfs/cvmfs.cmsaf.mit.edu
cvmfs2                 98G   52G   46G  54% /cvmfs/oasis.opensciencegrid.org
gcc (GCC) 4.4.7 20120313 (Red Hat 4.4.7-3)
Copyright (C) 2010 Free Software Foundation, Inc.
This is free software; see the source for copying conditions.  There is NO
warranty; not even for MERCHANTABILITY or FITNESS FOR A PARTICULAR PURPOSE.

Processing...
0/67113
10000/67113
20000/67113
30000/67113
40000/67113
50000/67113
60000/67113
Macro finished: 
CPU time (min)  = 0.679333
Real time (min) = 2.95755
Done!
Copied output files to hadoop rootfiles/JetRAA/June22
