
----------------------------------------------------
Job started on Mon Jun 22 20:55:26 EDT 2015 at WN: t2bat0305.cmsaf.mit.edu 
Job is running on Linux t2bat0305.cmsaf.mit.edu 2.6.32-358.el6.x86_64 #1 SMP Fri Feb 22 20:37:17 CST 2013 x86_64 x86_64 x86_64 GNU/Linux
Filesystem            Size  Used Avail Use% Mounted on
/dev/sda3              20G  3.1G   16G  17% /
tmpfs                  32G     0   32G   0% /dev/shm
/dev/sda1              97M   32M   61M  35% /boot
/dev/sda4             416G   93G  323G  23% /export/data1
fuse_dfs              4.9P  4.4P  522T  90% /mnt/hadoop
/dev/sdb1             3.6T  3.3T  338G  91% /export/00b
/dev/sdc1             3.6T  3.3T  373G  90% /export/00c
/dev/sdd1             3.6T  3.2T  402G  90% /export/00d
/dev/sde1             3.6T  3.2T  422G  89% /export/00e
/dev/sdf1             3.6T  3.2T  429G  89% /export/00f
/dev/sdg1             3.6T  3.2T  463G  88% /export/00g
t2srv0004:/export/db  135G  187M  135G   1% /net/t2srv0004/db
cvmfs2                 98G   87G   11G  89% /cvmfs/cms.cern.ch
cvmfs2                 98G   87G   11G  89% /cvmfs/oasis.opensciencegrid.org
cvmfs2                 98G   87G   11G  89% /cvmfs/mu2e.opensciencegrid.org
cvmfs2                 98G   87G   11G  89% /cvmfs/cdfcfs.fnal.gov
cvmfs2                 98G   87G   11G  89% /cvmfs/cvmfs.cmsaf.mit.edu
gcc (GCC) 4.4.7 20120313 (Red Hat 4.4.7-3)
Copyright (C) 2010 Free Software Foundation, Inc.
This is free software; see the source for copying conditions.  There is NO
warranty; not even for MERCHANTABILITY or FITNESS FOR A PARTICULAR PURPOSE.

Processing...
0/138100
10000/138100
20000/138100
30000/138100
40000/138100
50000/138100
60000/138100
70000/138100
80000/138100
90000/138100
100000/138100
110000/138100
120000/138100
130000/138100
Macro finished: 
CPU time (min)  = 1.2355
Real time (min) = 1.7433
Done!
Copied output files to hadoop rootfiles/JetRAA/June22
