
----------------------------------------------------
Job started on Mon Jun 22 20:52:43 EDT 2015 at WN: t2bat0326.cmsaf.mit.edu 
Job is running on Linux t2bat0326.cmsaf.mit.edu 2.6.32-358.el6.x86_64 #1 SMP Fri Feb 22 20:37:17 CST 2013 x86_64 x86_64 x86_64 GNU/Linux
Filesystem            Size  Used Avail Use% Mounted on
/dev/sda3              20G  2.5G   17G  13% /
tmpfs                  32G     0   32G   0% /dev/shm
/dev/sda1              97M   32M   61M  35% /boot
/dev/sda4             416G   89G  327G  22% /export/data1
fuse_dfs              4.9P  4.4P  522T  90% /mnt/hadoop
/dev/sdb1             3.6T  3.2T  397G  90% /export/00b
/dev/sdc1             3.6T  3.2T  408G  89% /export/00c
/dev/sdd1             3.6T  3.2T  397G  90% /export/00d
/dev/sde1             3.6T  3.2T  429G  89% /export/00e
/dev/sdf1             3.6T  3.2T  395G  90% /export/00f
/dev/sdg1             3.6T  3.2T  401G  90% /export/00g
t2srv0004:/export/db  135G  187M  135G   1% /net/t2srv0004/db
cvmfs2                 98G   85G   13G  87% /cvmfs/cms.cern.ch
cvmfs2                 98G   85G   13G  87% /cvmfs/mu2e.opensciencegrid.org
gcc (GCC) 4.4.7 20120313 (Red Hat 4.4.7-3)
Copyright (C) 2010 Free Software Foundation, Inc.
This is free software; see the source for copying conditions.  There is NO
warranty; not even for MERCHANTABILITY or FITNESS FOR A PARTICULAR PURPOSE.

Processing...
0/188060
10000/188060
20000/188060
30000/188060
40000/188060
50000/188060
60000/188060
70000/188060
80000/188060
90000/188060
100000/188060
110000/188060
120000/188060
130000/188060
140000/188060
150000/188060
160000/188060
170000/188060
180000/188060
Macro finished: 
CPU time (min)  = 1.75733
Real time (min) = 2.43742
Done!
Copied output files to hadoop rootfiles/JetRAA/June22
