000 (426369.000.000) 06/22 20:49:59 Job submitted from host: <18.12.1.74:48322>
...
001 (426369.000.000) 06/22 20:50:40 Job executing on host: <18.12.8.105:41095>
...
006 (426369.000.000) 06/22 20:50:49 Image size of job updated: 69176
	13  -  MemoryUsage of job (MB)
	13304  -  ResidentSetSize of job (KB)
...
006 (426369.000.000) 06/22 20:51:02 Image size of job updated: 245388
	13  -  MemoryUsage of job (MB)
	13304  -  ResidentSetSize of job (KB)
...
004 (426369.000.000) 06/22 20:51:02 Job was evicted.
	(0) Job was not checkpointed.
		Usr 0 00:00:04, Sys 0 00:00:00  -  Run Remote Usage
		Usr 0 00:00:00, Sys 0 00:00:00  -  Run Local Usage
	0  -  Run Bytes Sent By Job
	41910  -  Run Bytes Received By Job
	Partitionable Resources :    Usage  Request          
	   Cpus                 :                 1          
	   Disk (KB)            :      550      550          
	   Memory (MB)          :       13       13          
...
009 (426369.000.000) 06/22 20:51:10 Job was aborted by the user.
	via condor_rm (by user rkunnawa)
...
