
----------------------------------------------------
Job started on Mon Jun 29 21:59:28 EDT 2015 at WN: lnbat0006.cmsaf.mit.edu 
Job is running on Linux lnbat0006.cmsaf.mit.edu 2.6.32-358.el6.x86_64 #1 SMP Fri Feb 22 20:37:17 CST 2013 x86_64 x86_64 x86_64 GNU/Linux
Filesystem            Size  Used Avail Use% Mounted on
/dev/sda3              20G  3.7G   15G  20% /
tmpfs                  12G     0   12G   0% /dev/shm
/dev/sda1              97M   32M   61M  35% /boot
/dev/sda4             874G   58G  816G   7% /export/data1
fuse_dfs              4.9P  4.4P  527T  90% /mnt/hadoop
/dev/sdc1             1.8T  1.7T  119G  94% /export/00b
/dev/sdd1             1.8T  1.7T  136G  93% /export/00c
/dev/sdb1             1.8T  1.7T  127G  94% /export/00d
/dev/sde1             1.8T  1.7T  132G  93% /export/00e
/dev/sdf1             1.8T  1.7T  116G  94% /export/00f
cvmfs2                 98G   55G   44G  56% /cvmfs/cms.cern.ch
t2srv0004:/export/db  135G  187M  135G   1% /net/t2srv0004/db
cvmfs2                 98G   55G   44G  56% /cvmfs/cvmfs.cmsaf.mit.edu
cvmfs2                 98G   55G   44G  56% /cvmfs/oasis.opensciencegrid.org
cvmfs2                 98G   55G   44G  56% /cvmfs/grid.cern.ch
cvmfs2                 98G   55G   44G  56% /cvmfs/fermilab.opensciencegrid.org
gcc (GCC) 4.4.7 20120313 (Red Hat 4.4.7-3)
Copyright (C) 2010 Free Software Foundation, Inc.
This is free software; see the source for copying conditions.  There is NO
warranty; not even for MERCHANTABILITY or FITNESS FOR A PARTICULAR PURPOSE.

Processing...
0/84054
10000/84054
20000/84054
30000/84054
40000/84054
50000/84054
60000/84054
70000/84054
80000/84054
Macro finished: 
CPU time (min)  = 0.935167
Real time (min) = 1.37517
Done!
Copied output files to hadoop rootfiles/JetRAA/June22
