000 (426702.000.000) 06/22 20:54:22 Job submitted from host: <18.12.1.74:48322>
...
001 (426702.000.000) 06/22 20:54:49 Job executing on host: <18.12.8.115:48030>
...
006 (426702.000.000) 06/22 20:54:57 Image size of job updated: 244404
	109  -  MemoryUsage of job (MB)
	110772  -  ResidentSetSize of job (KB)
...
006 (426702.000.000) 06/22 20:59:16 Image size of job updated: 245572
	109  -  MemoryUsage of job (MB)
	110772  -  ResidentSetSize of job (KB)
...
005 (426702.000.000) 06/22 20:59:16 Job terminated.
	(1) Normal termination (return value 0)
		Usr 0 00:03:03, Sys 0 00:00:08  -  Run Remote Usage
		Usr 0 00:00:00, Sys 0 00:00:00  -  Run Local Usage
		Usr 0 00:03:03, Sys 0 00:00:08  -  Total Remote Usage
		Usr 0 00:00:00, Sys 0 00:00:00  -  Total Local Usage
	495348  -  Run Bytes Sent By Job
	41910  -  Run Bytes Received By Job
	495348  -  Total Bytes Sent By Job
	41910  -  Total Bytes Received By Job
	Partitionable Resources :    Usage  Request          
	   Cpus                 :                 1          
	   Disk (KB)            :      550      550          
	   Memory (MB)          :      109      109          
...
000 (428115.000.000) 06/23 16:48:30 Job submitted from host: <18.12.1.74:48322>
...
001 (428115.000.000) 06/23 16:48:39 Job executing on host: <18.12.8.203:42263>
...
006 (428115.000.000) 06/23 16:48:47 Image size of job updated: 1196
	1  -  MemoryUsage of job (MB)
	156  -  ResidentSetSize of job (KB)
...
006 (428115.000.000) 06/23 16:53:47 Image size of job updated: 245344
	121  -  MemoryUsage of job (MB)
	123392  -  ResidentSetSize of job (KB)
...
005 (428115.000.000) 06/23 16:54:20 Job terminated.
	(1) Normal termination (return value 0)
		Usr 0 00:03:34, Sys 0 00:00:03  -  Run Remote Usage
		Usr 0 00:00:00, Sys 0 00:00:00  -  Run Local Usage
		Usr 0 00:03:34, Sys 0 00:00:03  -  Total Remote Usage
		Usr 0 00:00:00, Sys 0 00:00:00  -  Total Local Usage
	511819  -  Run Bytes Sent By Job
	47429  -  Run Bytes Received By Job
	511819  -  Total Bytes Sent By Job
	47429  -  Total Bytes Received By Job
	Partitionable Resources :    Usage  Request          
	   Cpus                 :                 1          
	   Disk (KB)            :      572      572          
	   Memory (MB)          :      121      121          
...
000 (429466.000.000) 06/24 21:33:29 Job submitted from host: <18.12.1.74:48322>
...
001 (429466.000.000) 06/24 21:33:52 Job executing on host: <18.12.8.122:40511>
...
006 (429466.000.000) 06/24 21:34:01 Image size of job updated: 9248
	2  -  MemoryUsage of job (MB)
	1272  -  ResidentSetSize of job (KB)
...
006 (429466.000.000) 06/24 21:37:14 Image size of job updated: 244548
	2  -  MemoryUsage of job (MB)
	1272  -  ResidentSetSize of job (KB)
...
005 (429466.000.000) 06/24 21:37:14 Job terminated.
	(1) Normal termination (return value 0)
		Usr 0 00:01:17, Sys 0 00:00:02  -  Run Remote Usage
		Usr 0 00:00:00, Sys 0 00:00:00  -  Run Local Usage
		Usr 0 00:01:17, Sys 0 00:00:02  -  Total Remote Usage
		Usr 0 00:00:00, Sys 0 00:00:00  -  Total Local Usage
	512343  -  Run Bytes Sent By Job
	47957  -  Run Bytes Received By Job
	512343  -  Total Bytes Sent By Job
	47957  -  Total Bytes Received By Job
	Partitionable Resources :    Usage  Request          
	   Cpus                 :                 1          
	   Disk (KB)            :      572      572          
	   Memory (MB)          :        2        2          
...
000 (429647.000.000) 06/24 21:48:13 Job submitted from host: <18.12.1.74:48322>
...
001 (429647.000.000) 06/24 21:48:43 Job executing on host: <18.12.8.3:46059>
...
006 (429647.000.000) 06/24 21:48:51 Image size of job updated: 244484
	109  -  MemoryUsage of job (MB)
	110832  -  ResidentSetSize of job (KB)
...
006 (429647.000.000) 06/24 21:50:52 Image size of job updated: 244536
	109  -  MemoryUsage of job (MB)
	110832  -  ResidentSetSize of job (KB)
...
005 (429647.000.000) 06/24 21:50:52 Job terminated.
	(1) Normal termination (return value 0)
		Usr 0 00:01:27, Sys 0 00:00:01  -  Run Remote Usage
		Usr 0 00:00:00, Sys 0 00:00:00  -  Run Local Usage
		Usr 0 00:01:27, Sys 0 00:00:01  -  Total Remote Usage
		Usr 0 00:00:00, Sys 0 00:00:00  -  Total Local Usage
	512261  -  Run Bytes Sent By Job
	47957  -  Run Bytes Received By Job
	512261  -  Total Bytes Sent By Job
	47957  -  Total Bytes Received By Job
	Partitionable Resources :    Usage  Request          
	   Cpus                 :                 1          
	   Disk (KB)            :      573      573          
	   Memory (MB)          :      109      109          
...
000 (451347.000.000) 06/25 11:40:13 Job submitted from host: <18.12.1.74:48322>
...
001 (451347.000.000) 06/25 11:40:49 Job executing on host: <18.12.8.198:46789>
...
006 (451347.000.000) 06/25 11:40:58 Image size of job updated: 153256
	39  -  MemoryUsage of job (MB)
	39084  -  ResidentSetSize of job (KB)
...
006 (451347.000.000) 06/25 11:44:45 Image size of job updated: 189972
	39  -  MemoryUsage of job (MB)
	39084  -  ResidentSetSize of job (KB)
...
005 (451347.000.000) 06/25 11:44:46 Job terminated.
	(1) Normal termination (return value 0)
		Usr 0 00:03:00, Sys 0 00:00:04  -  Run Remote Usage
		Usr 0 00:00:00, Sys 0 00:00:00  -  Run Local Usage
		Usr 0 00:03:00, Sys 0 00:00:04  -  Total Remote Usage
		Usr 0 00:00:00, Sys 0 00:00:00  -  Total Local Usage
	16809608  -  Run Bytes Sent By Job
	46060  -  Run Bytes Received By Job
	16809608  -  Total Bytes Sent By Job
	46060  -  Total Bytes Received By Job
	Partitionable Resources :    Usage  Request          
	   Cpus                 :                 1          
	   Disk (KB)            :    16486    16486          
	   Memory (MB)          :       39       39          
...
000 (452184.000.000) 06/26 10:10:37 Job submitted from host: <18.12.1.74:48322>
...
001 (452184.000.000) 06/26 10:11:02 Job executing on host: <18.12.8.153:40146>
...
006 (452184.000.000) 06/26 10:11:11 Image size of job updated: 69184
	15  -  MemoryUsage of job (MB)
	14688  -  ResidentSetSize of job (KB)
...
006 (452184.000.000) 06/26 10:14:18 Image size of job updated: 189528
	15  -  MemoryUsage of job (MB)
	14688  -  ResidentSetSize of job (KB)
...
005 (452184.000.000) 06/26 10:14:19 Job terminated.
	(1) Normal termination (return value 0)
		Usr 0 00:01:16, Sys 0 00:00:02  -  Run Remote Usage
		Usr 0 00:00:00, Sys 0 00:00:00  -  Run Local Usage
		Usr 0 00:01:16, Sys 0 00:00:02  -  Total Remote Usage
		Usr 0 00:00:00, Sys 0 00:00:00  -  Total Local Usage
	7269130  -  Run Bytes Sent By Job
	46038  -  Run Bytes Received By Job
	7269130  -  Total Bytes Sent By Job
	46038  -  Total Bytes Received By Job
	Partitionable Resources :    Usage  Request          
	   Cpus                 :                 1          
	   Disk (KB)            :     7169     7169          
	   Memory (MB)          :       15       15          
...
000 (472813.000.000) 06/26 16:38:27 Job submitted from host: <18.12.1.74:48322>
...
001 (472813.000.000) 06/26 16:38:49 Job executing on host: <18.12.6.41:43650>
...
006 (472813.000.000) 06/26 16:38:58 Image size of job updated: 66156
	8  -  MemoryUsage of job (MB)
	7740  -  ResidentSetSize of job (KB)
...
006 (472813.000.000) 06/26 16:43:11 Image size of job updated: 189944
	8  -  MemoryUsage of job (MB)
	7740  -  ResidentSetSize of job (KB)
...
005 (472813.000.000) 06/26 16:43:12 Job terminated.
	(1) Normal termination (return value 0)
		Usr 0 00:03:19, Sys 0 00:00:04  -  Run Remote Usage
		Usr 0 00:00:00, Sys 0 00:00:00  -  Run Local Usage
		Usr 0 00:03:19, Sys 0 00:00:04  -  Total Remote Usage
		Usr 0 00:00:00, Sys 0 00:00:00  -  Total Local Usage
	16810052  -  Run Bytes Sent By Job
	46344  -  Run Bytes Received By Job
	16810052  -  Total Bytes Sent By Job
	46344  -  Total Bytes Received By Job
	Partitionable Resources :    Usage  Request          
	   Cpus                 :                 1          
	   Disk (KB)            :    16487    16487          
	   Memory (MB)          :        8        8          
...
000 (491755.000.000) 06/29 09:42:00 Job submitted from host: <18.12.1.74:48322>
...
001 (491755.000.000) 06/29 09:42:30 Job executing on host: <18.12.9.11:47957>
...
006 (491755.000.000) 06/29 09:42:38 Image size of job updated: 185276
	52  -  MemoryUsage of job (MB)
	53168  -  ResidentSetSize of job (KB)
...
006 (491755.000.000) 06/29 09:45:10 Image size of job updated: 244868
	52  -  MemoryUsage of job (MB)
	53168  -  ResidentSetSize of job (KB)
...
005 (491755.000.000) 06/29 09:45:10 Job terminated.
	(1) Normal termination (return value 0)
		Usr 0 00:01:37, Sys 0 00:00:02  -  Run Remote Usage
		Usr 0 00:00:00, Sys 0 00:00:00  -  Run Local Usage
		Usr 0 00:01:37, Sys 0 00:00:02  -  Total Remote Usage
		Usr 0 00:00:00, Sys 0 00:00:00  -  Total Local Usage
	508765  -  Run Bytes Sent By Job
	46550  -  Run Bytes Received By Job
	508765  -  Total Bytes Sent By Job
	46550  -  Total Bytes Received By Job
	Partitionable Resources :    Usage  Request          
	   Cpus                 :                 1          
	   Disk (KB)            :      568      568          
	   Memory (MB)          :       52       52          
...
000 (492869.000.000) 06/29 10:15:24 Job submitted from host: <18.12.1.74:48322>
...
001 (492869.000.000) 06/29 10:15:34 Job executing on host: <18.12.8.232:49271>
...
006 (492869.000.000) 06/29 10:15:43 Image size of job updated: 1
	3  -  MemoryUsage of job (MB)
	2360  -  ResidentSetSize of job (KB)
...
006 (492869.000.000) 06/29 10:18:00 Image size of job updated: 244876
	3  -  MemoryUsage of job (MB)
	2360  -  ResidentSetSize of job (KB)
...
005 (492869.000.000) 06/29 10:18:00 Job terminated.
	(1) Normal termination (return value 0)
		Usr 0 00:01:34, Sys 0 00:00:02  -  Run Remote Usage
		Usr 0 00:00:00, Sys 0 00:00:00  -  Run Local Usage
		Usr 0 00:01:34, Sys 0 00:00:02  -  Total Remote Usage
		Usr 0 00:00:00, Sys 0 00:00:00  -  Total Local Usage
	509134  -  Run Bytes Sent By Job
	46566  -  Run Bytes Received By Job
	509134  -  Total Bytes Sent By Job
	46566  -  Total Bytes Received By Job
	Partitionable Resources :    Usage  Request          
	   Cpus                 :                 1          
	   Disk (KB)            :      568      568          
	   Memory (MB)          :        3        3          
...
000 (495226.000.000) 06/29 21:57:39 Job submitted from host: <18.12.1.74:48322>
...
001 (495226.000.000) 06/29 21:58:02 Job executing on host: <18.12.6.26:48979>
...
006 (495226.000.000) 06/29 21:58:11 Image size of job updated: 243488
	60  -  MemoryUsage of job (MB)
	61424  -  ResidentSetSize of job (KB)
...
006 (495226.000.000) 06/29 22:00:37 Image size of job updated: 245428
	60  -  MemoryUsage of job (MB)
	61424  -  ResidentSetSize of job (KB)
...
005 (495226.000.000) 06/29 22:00:37 Job terminated.
	(1) Normal termination (return value 0)
		Usr 0 00:01:54, Sys 0 00:00:02  -  Run Remote Usage
		Usr 0 00:00:00, Sys 0 00:00:00  -  Run Local Usage
		Usr 0 00:01:54, Sys 0 00:00:02  -  Total Remote Usage
		Usr 0 00:00:00, Sys 0 00:00:00  -  Total Local Usage
	508927  -  Run Bytes Sent By Job
	46564  -  Run Bytes Received By Job
	508927  -  Total Bytes Sent By Job
	46564  -  Total Bytes Received By Job
	Partitionable Resources :    Usage  Request          
	   Cpus                 :                 1          
	   Disk (KB)            :      568      568          
	   Memory (MB)          :       60       60          
...
000 (497360.000.000) 07/09 13:07:21 Job submitted from host: <18.12.1.74:48322>
...
001 (497360.000.000) 07/09 13:07:52 Job executing on host: <18.12.9.71:48103>
...
006 (497360.000.000) 07/09 13:08:00 Image size of job updated: 243492
	63  -  MemoryUsage of job (MB)
	63576  -  ResidentSetSize of job (KB)
...
006 (497360.000.000) 07/09 13:10:03 Image size of job updated: 245432
	63  -  MemoryUsage of job (MB)
	63576  -  ResidentSetSize of job (KB)
...
005 (497360.000.000) 07/09 13:10:04 Job terminated.
	(1) Normal termination (return value 0)
		Usr 0 00:01:29, Sys 0 00:00:03  -  Run Remote Usage
		Usr 0 00:00:00, Sys 0 00:00:00  -  Run Local Usage
		Usr 0 00:01:29, Sys 0 00:00:03  -  Total Remote Usage
		Usr 0 00:00:00, Sys 0 00:00:00  -  Total Local Usage
	509204  -  Run Bytes Sent By Job
	46648  -  Run Bytes Received By Job
	509204  -  Total Bytes Sent By Job
	46648  -  Total Bytes Received By Job
	Partitionable Resources :    Usage  Request          
	   Cpus                 :                 1          
	   Disk (KB)            :      568      568          
	   Memory (MB)          :       63       63          
...
000 (497550.000.000) 07/09 15:41:18 Job submitted from host: <18.12.1.74:48322>
...
001 (497550.000.000) 07/09 15:41:54 Job executing on host: <18.12.6.13:47227>
...
006 (497550.000.000) 07/09 15:42:02 Image size of job updated: 153688
	42  -  MemoryUsage of job (MB)
	42660  -  ResidentSetSize of job (KB)
...
006 (497550.000.000) 07/09 15:44:39 Image size of job updated: 245436
	42  -  MemoryUsage of job (MB)
	42660  -  ResidentSetSize of job (KB)
...
005 (497550.000.000) 07/09 15:44:39 Job terminated.
	(1) Normal termination (return value 0)
		Usr 0 00:01:56, Sys 0 00:00:02  -  Run Remote Usage
		Usr 0 00:00:00, Sys 0 00:00:00  -  Run Local Usage
		Usr 0 00:01:56, Sys 0 00:00:02  -  Total Remote Usage
		Usr 0 00:00:00, Sys 0 00:00:00  -  Total Local Usage
	508968  -  Run Bytes Sent By Job
	46609  -  Run Bytes Received By Job
	508968  -  Total Bytes Sent By Job
	46609  -  Total Bytes Received By Job
	Partitionable Resources :    Usage  Request          
	   Cpus                 :                 1          
	   Disk (KB)            :      568      568          
	   Memory (MB)          :       42       42          
...
000 (497857.000.000) 07/09 16:39:30 Job submitted from host: <18.12.1.74:48322>
...
001 (497857.000.000) 07/09 16:40:36 Job executing on host: <18.12.8.204:49125>
...
006 (497857.000.000) 07/09 16:40:44 Image size of job updated: 144840
	32  -  MemoryUsage of job (MB)
	31992  -  ResidentSetSize of job (KB)
...
006 (497857.000.000) 07/09 16:43:32 Image size of job updated: 245440
	32  -  MemoryUsage of job (MB)
	31992  -  ResidentSetSize of job (KB)
...
005 (497857.000.000) 07/09 16:43:32 Job terminated.
	(1) Normal termination (return value 0)
		Usr 0 00:01:43, Sys 0 00:00:02  -  Run Remote Usage
		Usr 0 00:00:00, Sys 0 00:00:00  -  Run Local Usage
		Usr 0 00:01:43, Sys 0 00:00:02  -  Total Remote Usage
		Usr 0 00:00:00, Sys 0 00:00:00  -  Total Local Usage
	509463  -  Run Bytes Sent By Job
	46604  -  Run Bytes Received By Job
	509463  -  Total Bytes Sent By Job
	46604  -  Total Bytes Received By Job
	Partitionable Resources :    Usage  Request          
	   Cpus                 :                 1          
	   Disk (KB)            :      569      569          
	   Memory (MB)          :       32       32          
...
000 (498190.000.000) 07/10 12:07:31 Job submitted from host: <18.12.1.74:48322>
...
001 (498190.000.000) 07/10 12:07:45 Job executing on host: <18.12.6.90:44380>
...
006 (498190.000.000) 07/10 12:07:54 Image size of job updated: 1
	3  -  MemoryUsage of job (MB)
	2352  -  ResidentSetSize of job (KB)
...
006 (498190.000.000) 07/10 12:10:20 Image size of job updated: 245436
	3  -  MemoryUsage of job (MB)
	2352  -  ResidentSetSize of job (KB)
...
005 (498190.000.000) 07/10 12:10:20 Job terminated.
	(1) Normal termination (return value 0)
		Usr 0 00:01:40, Sys 0 00:00:02  -  Run Remote Usage
		Usr 0 00:00:00, Sys 0 00:00:00  -  Run Local Usage
		Usr 0 00:01:40, Sys 0 00:00:02  -  Total Remote Usage
		Usr 0 00:00:00, Sys 0 00:00:00  -  Total Local Usage
	509066  -  Run Bytes Sent By Job
	46586  -  Run Bytes Received By Job
	509066  -  Total Bytes Sent By Job
	46586  -  Total Bytes Received By Job
	Partitionable Resources :    Usage  Request          
	   Cpus                 :                 1          
	   Disk (KB)            :      568      568          
	   Memory (MB)          :        3        3          
...
000 (498742.000.000) 07/10 16:45:36 Job submitted from host: <18.12.1.74:48322>
...
001 (498742.000.000) 07/10 16:55:17 Job executing on host: <18.12.8.96:45256>
...
006 (498742.000.000) 07/10 16:55:26 Image size of job updated: 147872
	36  -  MemoryUsage of job (MB)
	36180  -  ResidentSetSize of job (KB)
...
006 (498742.000.000) 07/10 16:56:45 Image size of job updated: 245628
	36  -  MemoryUsage of job (MB)
	36180  -  ResidentSetSize of job (KB)
...
005 (498742.000.000) 07/10 17:30:40 Job terminated.
	(1) Normal termination (return value 0)
		Usr 0 00:00:53, Sys 0 00:00:02  -  Run Remote Usage
		Usr 0 00:00:00, Sys 0 00:00:00  -  Run Local Usage
		Usr 0 00:00:53, Sys 0 00:00:02  -  Total Remote Usage
		Usr 0 00:00:00, Sys 0 00:00:00  -  Total Local Usage
	519833  -  Run Bytes Sent By Job
	47454  -  Run Bytes Received By Job
	519833  -  Total Bytes Sent By Job
	47454  -  Total Bytes Received By Job
	Partitionable Resources :    Usage  Request          
	   Cpus                 :                 1          
	   Disk (KB)            :      579      579          
	   Memory (MB)          :       36       36          
...
