
----------------------------------------------------
Job started on Mon Jun 22 20:55:24 EDT 2015 at WN: t2bat0204.cmsaf.mit.edu 
Job is running on Linux t2bat0204.cmsaf.mit.edu 2.6.32-358.el6.x86_64 #1 SMP Fri Feb 22 20:37:17 CST 2013 x86_64 x86_64 x86_64 GNU/Linux
Filesystem            Size  Used Avail Use% Mounted on
/dev/sda3              20G  2.5G   17G  13% /
tmpfs                  12G     0   12G   0% /dev/shm
/dev/sda1              97M   32M   61M  35% /boot
/dev/sda4             874G   76G  799G   9% /export/data1
/dev/sdb1             1.8T  1.6T  207G  89% /export/00b
/dev/sdc1             1.8T  1.6T  198G  90% /export/00c
/dev/sdd1             1.8T  1.7T  195G  90% /export/00d
/dev/sde1             1.8T  1.7T  195G  90% /export/00e
/dev/sdf1             1.8T  1.6T  199G  90% /export/00f
fuse_dfs              4.9P  4.4P  522T  90% /mnt/hadoop
cvmfs2                 98G   74G   25G  76% /cvmfs/cms.cern.ch
t2srv0004:/export/db  135G  187M  135G   1% /net/t2srv0004/db
cvmfs2                 98G   74G   25G  76% /cvmfs/mu2e.opensciencegrid.org
gcc (GCC) 4.4.7 20120313 (Red Hat 4.4.7-3)
Copyright (C) 2010 Free Software Foundation, Inc.
This is free software; see the source for copying conditions.  There is NO
warranty; not even for MERCHANTABILITY or FITNESS FOR A PARTICULAR PURPOSE.

Processing...
0/134281
10000/134281
20000/134281
30000/134281
40000/134281
50000/134281
60000/134281
70000/134281
80000/134281
90000/134281
100000/134281
110000/134281
120000/134281
130000/134281
Macro finished: 
CPU time (min)  = 1.46383
Real time (min) = 2.40258
Done!
Copied output files to hadoop rootfiles/JetRAA/June22
