000 (426742.000.000) 06/22 20:55:16 Job submitted from host: <18.12.1.74:48322>
...
001 (426742.000.000) 06/22 20:55:26 Job executing on host: <18.12.9.21:49855>
...
006 (426742.000.000) 06/22 20:55:35 Image size of job updated: 187224
	55  -  MemoryUsage of job (MB)
	56256  -  ResidentSetSize of job (KB)
...
006 (426742.000.000) 06/22 21:00:36 Image size of job updated: 242964
	55  -  MemoryUsage of job (MB)
	56256  -  ResidentSetSize of job (KB)
...
005 (426742.000.000) 06/22 21:00:37 Job terminated.
	(1) Normal termination (return value 0)
		Usr 0 00:03:11, Sys 0 00:00:04  -  Run Remote Usage
		Usr 0 00:00:00, Sys 0 00:00:00  -  Run Local Usage
		Usr 0 00:03:11, Sys 0 00:00:04  -  Total Remote Usage
		Usr 0 00:00:00, Sys 0 00:00:00  -  Total Local Usage
	495159  -  Run Bytes Sent By Job
	41910  -  Run Bytes Received By Job
	495159  -  Total Bytes Sent By Job
	41910  -  Total Bytes Received By Job
	Partitionable Resources :    Usage  Request          
	   Cpus                 :                 1          
	   Disk (KB)            :      701      701          
	   Memory (MB)          :       55       55          
...
000 (492041.000.000) 06/29 09:51:37 Job submitted from host: <18.12.1.74:48322>
...
001 (492041.000.000) 06/29 09:52:07 Job executing on host: <18.12.8.152:49563>
...
006 (492041.000.000) 06/29 09:52:15 Image size of job updated: 184652
	51  -  MemoryUsage of job (MB)
	51884  -  ResidentSetSize of job (KB)
...
006 (492041.000.000) 06/29 09:54:36 Image size of job updated: 243728
	51  -  MemoryUsage of job (MB)
	51884  -  ResidentSetSize of job (KB)
...
005 (492041.000.000) 06/29 09:54:36 Job terminated.
	(1) Normal termination (return value 0)
		Usr 0 00:01:14, Sys 0 00:00:01  -  Run Remote Usage
		Usr 0 00:00:00, Sys 0 00:00:00  -  Run Local Usage
		Usr 0 00:01:14, Sys 0 00:00:01  -  Total Remote Usage
		Usr 0 00:00:00, Sys 0 00:00:00  -  Total Local Usage
	508889  -  Run Bytes Sent By Job
	46550  -  Run Bytes Received By Job
	508889  -  Total Bytes Sent By Job
	46550  -  Total Bytes Received By Job
	Partitionable Resources :    Usage  Request          
	   Cpus                 :                 1          
	   Disk (KB)            :      568      568          
	   Memory (MB)          :       51       51          
...
000 (492948.000.000) 06/29 10:16:35 Job submitted from host: <18.12.1.74:48322>
...
001 (492948.000.000) 06/29 10:16:48 Job executing on host: <18.12.8.64:49125>
...
006 (492948.000.000) 06/29 10:16:56 Image size of job updated: 1
	3  -  MemoryUsage of job (MB)
	2376  -  ResidentSetSize of job (KB)
...
006 (492948.000.000) 06/29 10:19:02 Image size of job updated: 243728
	3  -  MemoryUsage of job (MB)
	2376  -  ResidentSetSize of job (KB)
...
005 (492948.000.000) 06/29 10:19:02 Job terminated.
	(1) Normal termination (return value 0)
		Usr 0 00:01:39, Sys 0 00:00:03  -  Run Remote Usage
		Usr 0 00:00:00, Sys 0 00:00:00  -  Run Local Usage
		Usr 0 00:01:39, Sys 0 00:00:03  -  Total Remote Usage
		Usr 0 00:00:00, Sys 0 00:00:00  -  Total Local Usage
	508976  -  Run Bytes Sent By Job
	46566  -  Run Bytes Received By Job
	508976  -  Total Bytes Sent By Job
	46566  -  Total Bytes Received By Job
	Partitionable Resources :    Usage  Request          
	   Cpus                 :                 1          
	   Disk (KB)            :      568      568          
	   Memory (MB)          :        3        3          
...
000 (494943.000.000) 06/29 21:56:30 Job submitted from host: <18.12.1.74:48322>
...
001 (494943.000.000) 06/29 21:56:49 Job executing on host: <18.12.8.222:45621>
...
006 (494943.000.000) 06/29 21:56:57 Image size of job updated: 242752
	60  -  MemoryUsage of job (MB)
	60448  -  ResidentSetSize of job (KB)
...
006 (494943.000.000) 06/29 22:00:10 Image size of job updated: 244012
	60  -  MemoryUsage of job (MB)
	60448  -  ResidentSetSize of job (KB)
...
005 (494943.000.000) 06/29 22:00:10 Job terminated.
	(1) Normal termination (return value 0)
		Usr 0 00:01:39, Sys 0 00:00:02  -  Run Remote Usage
		Usr 0 00:00:00, Sys 0 00:00:00  -  Run Local Usage
		Usr 0 00:01:39, Sys 0 00:00:02  -  Total Remote Usage
		Usr 0 00:00:00, Sys 0 00:00:00  -  Total Local Usage
	508912  -  Run Bytes Sent By Job
	46564  -  Run Bytes Received By Job
	508912  -  Total Bytes Sent By Job
	46564  -  Total Bytes Received By Job
	Partitionable Resources :    Usage  Request          
	   Cpus                 :                 1          
	   Disk (KB)            :      568      568          
	   Memory (MB)          :       60       60          
...
