
----------------------------------------------------
Job started on Mon Jun 29 22:00:15 EDT 2015 at WN: t2bat0203.cmsaf.mit.edu 
Job is running on Linux t2bat0203.cmsaf.mit.edu 2.6.32-358.el6.x86_64 #1 SMP Fri Feb 22 20:37:17 CST 2013 x86_64 x86_64 x86_64 GNU/Linux
Filesystem            Size  Used Avail Use% Mounted on
/dev/sda3              20G  2.6G   17G  14% /
tmpfs                  12G     0   12G   0% /dev/shm
/dev/sda1              97M   32M   61M  35% /boot
/dev/sda4             874G   70G  805G   8% /export/data1
/dev/sdb1             1.8T  1.6T  200G  90% /export/00b
/dev/sdc1             1.8T  1.6T  214G  89% /export/00c
/dev/sdd1             1.8T  1.6T  214G  89% /export/00d
/dev/sde1             1.8T  1.6T  197G  90% /export/00e
/dev/sdf1             1.8T  1.6T  207G  89% /export/00f
fuse_dfs              4.9P  4.4P  527T  90% /mnt/hadoop
t2srv0004:/export/db  135G  187M  135G   1% /net/t2srv0004/db
cvmfs2                 98G   63G   35G  65% /cvmfs/cms.cern.ch
cvmfs2                 98G   63G   35G  65% /cvmfs/cvmfs.cmsaf.mit.edu
cvmfs2                 98G   63G   35G  65% /cvmfs/oasis.opensciencegrid.org
cvmfs2                 98G   63G   35G  65% /cvmfs/cdfcfs.fnal.gov
gcc (GCC) 4.4.7 20120313 (Red Hat 4.4.7-3)
Copyright (C) 2010 Free Software Foundation, Inc.
This is free software; see the source for copying conditions.  There is NO
warranty; not even for MERCHANTABILITY or FITNESS FOR A PARTICULAR PURPOSE.

Processing...
0/129866
10000/129866
20000/129866
30000/129866
40000/129866
50000/129866
60000/129866
70000/129866
80000/129866
90000/129866
100000/129866
110000/129866
120000/129866
Macro finished: 
CPU time (min)  = 1.29733
Real time (min) = 1.64795
Done!
Copied output files to hadoop rootfiles/JetRAA/June22
