000 (426366.000.000) 06/22 20:49:59 Job submitted from host: <18.12.1.74:48322>
...
001 (426366.000.000) 06/22 20:50:40 Job executing on host: <18.12.9.67:49271>
...
006 (426366.000.000) 06/22 20:50:49 Image size of job updated: 147052
	35  -  MemoryUsage of job (MB)
	35692  -  ResidentSetSize of job (KB)
...
006 (426366.000.000) 06/22 20:51:02 Image size of job updated: 151792
	39  -  MemoryUsage of job (MB)
	39256  -  ResidentSetSize of job (KB)
...
004 (426366.000.000) 06/22 20:51:02 Job was evicted.
	(0) Job was not checkpointed.
		Usr 0 00:00:00, Sys 0 00:00:00  -  Run Remote Usage
		Usr 0 00:00:00, Sys 0 00:00:00  -  Run Local Usage
	0  -  Run Bytes Sent By Job
	41910  -  Run Bytes Received By Job
	Partitionable Resources :    Usage  Request          
	   Cpus                 :                 1          
	   Disk (KB)            :      550      550          
	   Memory (MB)          :       39       39          
...
009 (426366.000.000) 06/22 20:51:10 Job was aborted by the user.
	via condor_rm (by user rkunnawa)
...
000 (426538.000.000) 06/22 20:51:39 Job submitted from host: <18.12.1.74:48322>
...
001 (426538.000.000) 06/22 20:52:09 Job executing on host: <18.12.9.27:48614>
...
006 (426538.000.000) 06/22 20:52:17 Image size of job updated: 1
	3  -  MemoryUsage of job (MB)
	2360  -  ResidentSetSize of job (KB)
...
006 (426538.000.000) 06/22 20:57:17 Image size of job updated: 247492
	130  -  MemoryUsage of job (MB)
	132132  -  ResidentSetSize of job (KB)
...
005 (426538.000.000) 06/22 21:00:42 Job terminated.
	(1) Normal termination (return value 0)
		Usr 0 00:01:47, Sys 0 00:00:02  -  Run Remote Usage
		Usr 0 00:00:00, Sys 0 00:00:00  -  Run Local Usage
		Usr 0 00:01:47, Sys 0 00:00:02  -  Total Remote Usage
		Usr 0 00:00:00, Sys 0 00:00:00  -  Total Local Usage
	495341  -  Run Bytes Sent By Job
	41910  -  Run Bytes Received By Job
	495341  -  Total Bytes Sent By Job
	41910  -  Total Bytes Received By Job
	Partitionable Resources :    Usage  Request          
	   Cpus                 :                 1          
	   Disk (KB)            :      550      550          
	   Memory (MB)          :      130      130          
...
