000 (426420.000.000) 06/22 20:50:04 Job submitted from host: <18.12.1.74:48322>
...
004 (426420.000.000) 06/22 20:51:18 Job was evicted.
	(0) Job was not checkpointed.
		Usr 0 00:00:00, Sys 0 00:00:00  -  Run Remote Usage
		Usr 0 00:00:00, Sys 0 00:00:00  -  Run Local Usage
	0  -  Run Bytes Sent By Job
	41910  -  Run Bytes Received By Job
	Partitionable Resources :    Usage  Request          
	   Cpus                 :                 1          
	   Disk (KB)            :       42       42          
	   Memory (MB)          :                 1          
...
009 (426420.000.000) 06/22 20:51:18 Job was aborted by the user.
	via condor_rm (by user rkunnawa)
...
000 (426565.000.000) 06/22 20:51:41 Job submitted from host: <18.12.1.74:48322>
...
001 (426565.000.000) 06/22 20:52:10 Job executing on host: <18.12.9.44:49782>
...
006 (426565.000.000) 06/22 20:52:19 Image size of job updated: 146992
	35  -  MemoryUsage of job (MB)
	35304  -  ResidentSetSize of job (KB)
...
006 (426565.000.000) 06/22 20:57:20 Image size of job updated: 246708
	119  -  MemoryUsage of job (MB)
	121184  -  ResidentSetSize of job (KB)
...
006 (426565.000.000) 06/22 21:02:21 Image size of job updated: 248028
	122  -  MemoryUsage of job (MB)
	123912  -  ResidentSetSize of job (KB)
...
005 (426565.000.000) 06/22 21:03:58 Job terminated.
	(1) Normal termination (return value 0)
		Usr 0 00:02:47, Sys 0 00:00:05  -  Run Remote Usage
		Usr 0 00:00:00, Sys 0 00:00:00  -  Run Local Usage
		Usr 0 00:02:47, Sys 0 00:00:05  -  Total Remote Usage
		Usr 0 00:00:00, Sys 0 00:00:00  -  Total Local Usage
	495542  -  Run Bytes Sent By Job
	41910  -  Run Bytes Received By Job
	495542  -  Total Bytes Sent By Job
	41910  -  Total Bytes Received By Job
	Partitionable Resources :    Usage  Request          
	   Cpus                 :                 1          
	   Disk (KB)            :      550      550          
	   Memory (MB)          :      122      122          
...
000 (491844.000.000) 06/29 09:48:09 Job submitted from host: <18.12.1.74:48322>
...
001 (491844.000.000) 06/29 09:48:19 Job executing on host: <18.12.8.60:44015>
...
006 (491844.000.000) 06/29 09:48:27 Image size of job updated: 1
	3  -  MemoryUsage of job (MB)
	2356  -  ResidentSetSize of job (KB)
...
006 (491844.000.000) 06/29 09:49:49 Image size of job updated: 246652
	3  -  MemoryUsage of job (MB)
	2356  -  ResidentSetSize of job (KB)
...
005 (491844.000.000) 06/29 09:49:49 Job terminated.
	(1) Normal termination (return value 0)
		Usr 0 00:01:02, Sys 0 00:00:02  -  Run Remote Usage
		Usr 0 00:00:00, Sys 0 00:00:00  -  Run Local Usage
		Usr 0 00:01:02, Sys 0 00:00:02  -  Total Remote Usage
		Usr 0 00:00:00, Sys 0 00:00:00  -  Total Local Usage
	508619  -  Run Bytes Sent By Job
	46550  -  Run Bytes Received By Job
	508619  -  Total Bytes Sent By Job
	46550  -  Total Bytes Received By Job
	Partitionable Resources :    Usage  Request          
	   Cpus                 :                 1          
	   Disk (KB)            :      568      568          
	   Memory (MB)          :        3        3          
...
000 (492596.000.000) 06/29 10:14:13 Job submitted from host: <18.12.1.74:48322>
...
001 (492596.000.000) 06/29 10:14:48 Job executing on host: <18.12.8.191:47519>
...
006 (492596.000.000) 06/29 10:14:57 Image size of job updated: 245500
	61  -  MemoryUsage of job (MB)
	61472  -  ResidentSetSize of job (KB)
...
006 (492596.000.000) 06/29 10:16:31 Image size of job updated: 246816
	61  -  MemoryUsage of job (MB)
	61472  -  ResidentSetSize of job (KB)
...
005 (492596.000.000) 06/29 10:16:31 Job terminated.
	(1) Normal termination (return value 0)
		Usr 0 00:01:05, Sys 0 00:00:01  -  Run Remote Usage
		Usr 0 00:00:00, Sys 0 00:00:00  -  Run Local Usage
		Usr 0 00:01:05, Sys 0 00:00:01  -  Total Remote Usage
		Usr 0 00:00:00, Sys 0 00:00:00  -  Total Local Usage
	508918  -  Run Bytes Sent By Job
	46566  -  Run Bytes Received By Job
	508918  -  Total Bytes Sent By Job
	46566  -  Total Bytes Received By Job
	Partitionable Resources :    Usage  Request          
	   Cpus                 :                 1          
	   Disk (KB)            :      568      568          
	   Memory (MB)          :       61       61          
...
000 (495315.000.000) 06/29 21:59:30 Job submitted from host: <18.12.1.74:48322>
...
001 (495315.000.000) 06/29 21:59:44 Job executing on host: <18.12.8.63:42044>
...
006 (495315.000.000) 06/29 21:59:52 Image size of job updated: 246060
	58  -  MemoryUsage of job (MB)
	59292  -  ResidentSetSize of job (KB)
...
006 (495315.000.000) 06/29 22:01:23 Image size of job updated: 247376
	58  -  MemoryUsage of job (MB)
	59292  -  ResidentSetSize of job (KB)
...
005 (495315.000.000) 06/29 22:01:23 Job terminated.
	(1) Normal termination (return value 0)
		Usr 0 00:01:07, Sys 0 00:00:03  -  Run Remote Usage
		Usr 0 00:00:00, Sys 0 00:00:00  -  Run Local Usage
		Usr 0 00:01:07, Sys 0 00:00:03  -  Total Remote Usage
		Usr 0 00:00:00, Sys 0 00:00:00  -  Total Local Usage
	508855  -  Run Bytes Sent By Job
	46564  -  Run Bytes Received By Job
	508855  -  Total Bytes Sent By Job
	46564  -  Total Bytes Received By Job
	Partitionable Resources :    Usage  Request          
	   Cpus                 :                 1          
	   Disk (KB)            :      568      568          
	   Memory (MB)          :       58       58          
...
