
----------------------------------------------------
Job started on Mon Jun 29 21:59:47 EDT 2015 at WN: t2bat0188.cmsaf.mit.edu 
Job is running on Linux t2bat0188.cmsaf.mit.edu 2.6.32-358.el6.x86_64 #1 SMP Fri Feb 22 20:37:17 CST 2013 x86_64 x86_64 x86_64 GNU/Linux
Filesystem            Size  Used Avail Use% Mounted on
/dev/sda3              20G  3.2G   16G  17% /
tmpfs                  12G     0   12G   0% /dev/shm
/dev/sda1              97M   32M   61M  35% /boot
/dev/sda4             874G   96G  779G  11% /export/data1
/dev/sdb1             1.8T  1.6T  199G  90% /export/00b
/dev/sdc1             1.8T  1.6T  212G  89% /export/00c
/dev/sdd1             1.8T  1.6T  207G  89% /export/00d
/dev/sde1             1.8T  1.6T  210G  89% /export/00e
/dev/sdf1             1.8T  1.6T  198G  90% /export/00f
fuse_dfs              4.9P  4.4P  527T  90% /mnt/hadoop
cvmfs2                 98G   93G  5.1G  95% /cvmfs/cms.cern.ch
t2srv0004:/export/db  135G  187M  135G   1% /net/t2srv0004/db
cvmfs2                 98G   93G  5.1G  95% /cvmfs/cvmfs.cmsaf.mit.edu
cvmfs2                 98G   93G  5.1G  95% /cvmfs/oasis.opensciencegrid.org
cvmfs2                 98G   93G  5.1G  95% /cvmfs/cdfcfs.fnal.gov
gcc (GCC) 4.4.7 20120313 (Red Hat 4.4.7-3)
Copyright (C) 2010 Free Software Foundation, Inc.
This is free software; see the source for copying conditions.  There is NO
warranty; not even for MERCHANTABILITY or FITNESS FOR A PARTICULAR PURPOSE.

Processing...
0/177362
10000/177362
20000/177362
30000/177362
40000/177362
50000/177362
60000/177362
70000/177362
80000/177362
90000/177362
100000/177362
110000/177362
120000/177362
130000/177362
140000/177362
150000/177362
160000/177362
170000/177362
Macro finished: 
CPU time (min)  = 1.98
Real time (min) = 2.88808
Done!
Copied output files to hadoop rootfiles/JetRAA/June22
