000 (426779.000.000) 06/22 20:55:20 Job submitted from host: <18.12.1.74:48322>
...
001 (426779.000.000) 06/22 20:55:33 Job executing on host: <18.12.9.16:44599>
...
006 (426779.000.000) 06/22 20:55:42 Image size of job updated: 1
	3  -  MemoryUsage of job (MB)
	2372  -  ResidentSetSize of job (KB)
...
006 (426779.000.000) 06/22 21:00:34 Image size of job updated: 244780
	3  -  MemoryUsage of job (MB)
	2372  -  ResidentSetSize of job (KB)
...
005 (426779.000.000) 06/22 21:00:34 Job terminated.
	(1) Normal termination (return value 0)
		Usr 0 00:03:13, Sys 0 00:00:03  -  Run Remote Usage
		Usr 0 00:00:00, Sys 0 00:00:00  -  Run Local Usage
		Usr 0 00:03:13, Sys 0 00:00:03  -  Total Remote Usage
		Usr 0 00:00:00, Sys 0 00:00:00  -  Total Local Usage
	495145  -  Run Bytes Sent By Job
	41910  -  Run Bytes Received By Job
	495145  -  Total Bytes Sent By Job
	41910  -  Total Bytes Received By Job
	Partitionable Resources :    Usage  Request          
	   Cpus                 :                 1          
	   Disk (KB)            :      550      550          
	   Memory (MB)          :        3        3          
...
000 (492115.000.000) 06/29 09:51:45 Job submitted from host: <18.12.1.74:48322>
...
001 (492115.000.000) 06/29 09:52:42 Job executing on host: <18.12.9.84:47519>
...
006 (492115.000.000) 06/29 09:52:51 Image size of job updated: 242588
	89  -  MemoryUsage of job (MB)
	91092  -  ResidentSetSize of job (KB)
...
006 (492115.000.000) 06/29 09:54:45 Image size of job updated: 243852
	89  -  MemoryUsage of job (MB)
	91092  -  ResidentSetSize of job (KB)
...
005 (492115.000.000) 06/29 09:54:45 Job terminated.
	(1) Normal termination (return value 0)
		Usr 0 00:01:23, Sys 0 00:00:02  -  Run Remote Usage
		Usr 0 00:00:00, Sys 0 00:00:00  -  Run Local Usage
		Usr 0 00:01:23, Sys 0 00:00:02  -  Total Remote Usage
		Usr 0 00:00:00, Sys 0 00:00:00  -  Total Local Usage
	509226  -  Run Bytes Sent By Job
	46550  -  Run Bytes Received By Job
	509226  -  Total Bytes Sent By Job
	46550  -  Total Bytes Received By Job
	Partitionable Resources :    Usage  Request          
	   Cpus                 :                 1          
	   Disk (KB)            :      568      568          
	   Memory (MB)          :       89       89          
...
000 (493022.000.000) 06/29 10:16:48 Job submitted from host: <18.12.1.74:48322>
...
001 (493022.000.000) 06/29 10:17:13 Job executing on host: <18.12.8.221:41679>
...
006 (493022.000.000) 06/29 10:17:22 Image size of job updated: 1
	3  -  MemoryUsage of job (MB)
	2360  -  ResidentSetSize of job (KB)
...
006 (493022.000.000) 06/29 10:19:21 Image size of job updated: 243860
	3  -  MemoryUsage of job (MB)
	2360  -  ResidentSetSize of job (KB)
...
005 (493022.000.000) 06/29 10:19:21 Job terminated.
	(1) Normal termination (return value 0)
		Usr 0 00:01:30, Sys 0 00:00:01  -  Run Remote Usage
		Usr 0 00:00:00, Sys 0 00:00:00  -  Run Local Usage
		Usr 0 00:01:30, Sys 0 00:00:01  -  Total Remote Usage
		Usr 0 00:00:00, Sys 0 00:00:00  -  Total Local Usage
	508981  -  Run Bytes Sent By Job
	46566  -  Run Bytes Received By Job
	508981  -  Total Bytes Sent By Job
	46566  -  Total Bytes Received By Job
	Partitionable Resources :    Usage  Request          
	   Cpus                 :                 1          
	   Disk (KB)            :      568      568          
	   Memory (MB)          :        3        3          
...
000 (495017.000.000) 06/29 21:56:39 Job submitted from host: <18.12.1.74:48322>
...
001 (495017.000.000) 06/29 21:56:54 Job executing on host: <18.12.8.33:46643>
...
006 (495017.000.000) 06/29 21:57:03 Image size of job updated: 153672
	39  -  MemoryUsage of job (MB)
	39520  -  ResidentSetSize of job (KB)
...
006 (495017.000.000) 06/29 22:01:08 Image size of job updated: 245616
	39  -  MemoryUsage of job (MB)
	39520  -  ResidentSetSize of job (KB)
...
005 (495017.000.000) 06/29 22:01:08 Job terminated.
	(1) Normal termination (return value 0)
		Usr 0 00:02:06, Sys 0 00:00:04  -  Run Remote Usage
		Usr 0 00:00:00, Sys 0 00:00:00  -  Run Local Usage
		Usr 0 00:02:06, Sys 0 00:00:04  -  Total Remote Usage
		Usr 0 00:00:00, Sys 0 00:00:00  -  Total Local Usage
	508836  -  Run Bytes Sent By Job
	46564  -  Run Bytes Received By Job
	508836  -  Total Bytes Sent By Job
	46564  -  Total Bytes Received By Job
	Partitionable Resources :    Usage  Request          
	   Cpus                 :                 1          
	   Disk (KB)            :      568      568          
	   Memory (MB)          :       39       39          
...
