
----------------------------------------------------
Job started on Mon Jun 29 21:59:46 EDT 2015 at WN: hibat0027.cmsaf.mit.edu 
Job is running on Linux hibat0027.cmsaf.mit.edu 2.6.32-358.el6.x86_64 #1 SMP Fri Feb 22 20:37:17 CST 2013 x86_64 x86_64 x86_64 GNU/Linux
Filesystem            Size  Used Avail Use% Mounted on
/dev/sda3              20G  3.5G   16G  19% /
tmpfs                  24G     0   24G   0% /dev/shm
/dev/sda1              97M   32M   61M  35% /boot
/dev/sda4             874G   95G  780G  11% /export/data1
/dev/sdb1             1.8T  1.6T  202G  89% /export/00b
/dev/sdc1             1.8T  1.6T  213G  89% /export/00c
/dev/sdd1             1.8T  1.6T  215G  89% /export/00d
/dev/sde1             1.8T  1.6T  197G  90% /export/00e
/dev/sdf1             1.8T  1.6T  208G  89% /export/00f
fuse_dfs              4.9P  4.4P  527T  90% /mnt/hadoop
cvmfs2                 98G   92G  6.6G  94% /cvmfs/cms.cern.ch
t2srv0004:/export/db  135G  187M  135G   1% /net/t2srv0004/db
cvmfs2                 98G   92G  6.6G  94% /cvmfs/cvmfs.cmsaf.mit.edu
cvmfs2                 98G   92G  6.6G  94% /cvmfs/oasis.opensciencegrid.org
gcc (GCC) 4.4.7 20120313 (Red Hat 4.4.7-3)
Copyright (C) 2010 Free Software Foundation, Inc.
This is free software; see the source for copying conditions.  There is NO
warranty; not even for MERCHANTABILITY or FITNESS FOR A PARTICULAR PURPOSE.

Processing...
0/188873
10000/188873
20000/188873
30000/188873
40000/188873
50000/188873
60000/188873
70000/188873
80000/188873
90000/188873
100000/188873
110000/188873
120000/188873
130000/188873
140000/188873
150000/188873
160000/188873
170000/188873
180000/188873
Macro finished: 
CPU time (min)  = 2.02333
Real time (min) = 2.52674
Done!
Copied output files to hadoop rootfiles/JetRAA/June22
