
----------------------------------------------------
Job started on Tue Jun 23 16:48:41 EDT 2015 at WN: t2bat0250.cmsaf.mit.edu 
Job is running on Linux t2bat0250.cmsaf.mit.edu 2.6.32-358.el6.x86_64 #1 SMP Fri Feb 22 20:37:17 CST 2013 x86_64 x86_64 x86_64 GNU/Linux
Filesystem            Size  Used Avail Use% Mounted on
/dev/sda3              20G  3.0G   16G  16% /
tmpfs                  12G     0   12G   0% /dev/shm
/dev/sda1              97M   32M   61M  35% /boot
/dev/sda4             874G   65G  809G   8% /export/data1
/dev/sdb1             1.8T  1.7T  193G  90% /export/00b
/dev/sdc1             1.8T  1.7T  195G  90% /export/00c
/dev/sdd1             1.8T  1.6T  206G  89% /export/00d
/dev/sde1             1.8T  1.7T  187G  90% /export/00e
/dev/sdf1             1.8T  1.6T  201G  90% /export/00f
fuse_dfs              4.9P  4.4P  516T  90% /mnt/hadoop
cvmfs2                 98G   64G   35G  65% /cvmfs/cms.cern.ch
t2srv0004:/export/db  135G  187M  135G   1% /net/t2srv0004/db
cvmfs2                 98G   64G   35G  65% /cvmfs/mu2e.opensciencegrid.org
cvmfs2                 98G   64G   35G  65% /cvmfs/oasis.opensciencegrid.org
gcc (GCC) 4.4.7 20120313 (Red Hat 4.4.7-3)
Copyright (C) 2010 Free Software Foundation, Inc.
This is free software; see the source for copying conditions.  There is NO
warranty; not even for MERCHANTABILITY or FITNESS FOR A PARTICULAR PURPOSE.

Processing...
0/386115
10000/386115
20000/386115
30000/386115
40000/386115
50000/386115
60000/386115
70000/386115
80000/386115
90000/386115
100000/386115
110000/386115
120000/386115
130000/386115
140000/386115
150000/386115
160000/386115
170000/386115
180000/386115
190000/386115
200000/386115
210000/386115
220000/386115
230000/386115
240000/386115
250000/386115
260000/386115
270000/386115
280000/386115
290000/386115
300000/386115
310000/386115
320000/386115
330000/386115
340000/386115
350000/386115
360000/386115
370000/386115
380000/386115
Macro finished: 
CPU time (min)  = 3.95467
Real time (min) = 5.83125
Done!
Copied output files to hadoop rootfiles/JetRAA/June22
