000 (426648.000.000) 06/22 20:54:16 Job submitted from host: <18.12.1.74:48322>
...
001 (426648.000.000) 06/22 20:54:44 Job executing on host: <18.12.8.112:40657>
...
006 (426648.000.000) 06/22 20:54:53 Image size of job updated: 1196
	1  -  MemoryUsage of job (MB)
	156  -  ResidentSetSize of job (KB)
...
006 (426648.000.000) 06/22 20:56:31 Image size of job updated: 244520
	1  -  MemoryUsage of job (MB)
	156  -  ResidentSetSize of job (KB)
...
005 (426648.000.000) 06/22 20:56:32 Job terminated.
	(1) Normal termination (return value 0)
		Usr 0 00:01:01, Sys 0 00:00:02  -  Run Remote Usage
		Usr 0 00:00:00, Sys 0 00:00:00  -  Run Local Usage
		Usr 0 00:01:01, Sys 0 00:00:02  -  Total Remote Usage
		Usr 0 00:00:00, Sys 0 00:00:00  -  Total Local Usage
	495046  -  Run Bytes Sent By Job
	41910  -  Run Bytes Received By Job
	495046  -  Total Bytes Sent By Job
	41910  -  Total Bytes Received By Job
	Partitionable Resources :    Usage  Request          
	   Cpus                 :                 1          
	   Disk (KB)            :      550      550          
	   Memory (MB)          :        1        1          
...
000 (428061.000.000) 06/23 16:48:25 Job submitted from host: <18.12.1.74:48322>
...
001 (428061.000.000) 06/23 16:48:36 Job executing on host: <18.12.8.245:48906>
...
006 (428061.000.000) 06/23 16:48:44 Image size of job updated: 13384
	2  -  MemoryUsage of job (MB)
	1980  -  ResidentSetSize of job (KB)
...
006 (428061.000.000) 06/23 16:51:13 Image size of job updated: 244572
	2  -  MemoryUsage of job (MB)
	1980  -  ResidentSetSize of job (KB)
...
005 (428061.000.000) 06/23 16:51:13 Job terminated.
	(1) Normal termination (return value 0)
		Usr 0 00:01:17, Sys 0 00:00:01  -  Run Remote Usage
		Usr 0 00:00:00, Sys 0 00:00:00  -  Run Local Usage
		Usr 0 00:01:17, Sys 0 00:00:01  -  Total Remote Usage
		Usr 0 00:00:00, Sys 0 00:00:00  -  Total Local Usage
	511455  -  Run Bytes Sent By Job
	47429  -  Run Bytes Received By Job
	511455  -  Total Bytes Sent By Job
	47429  -  Total Bytes Received By Job
	Partitionable Resources :    Usage  Request          
	   Cpus                 :                 1          
	   Disk (KB)            :      571      571          
	   Memory (MB)          :        2        2          
...
000 (429211.000.000) 06/24 21:27:55 Job submitted from host: <18.12.1.74:48322>
...
001 (429211.000.000) 06/24 21:28:27 Job executing on host: <18.12.9.62:47811>
...
006 (429211.000.000) 06/24 21:28:35 Image size of job updated: 184344
	49  -  MemoryUsage of job (MB)
	49700  -  ResidentSetSize of job (KB)
...
006 (429211.000.000) 06/24 21:28:45 Image size of job updated: 244164
	49  -  MemoryUsage of job (MB)
	49700  -  ResidentSetSize of job (KB)
...
004 (429211.000.000) 06/24 21:28:45 Job was evicted.
	(0) Job was not checkpointed.
		Usr 0 00:00:06, Sys 0 00:00:00  -  Run Remote Usage
		Usr 0 00:00:00, Sys 0 00:00:00  -  Run Local Usage
	0  -  Run Bytes Sent By Job
	47961  -  Run Bytes Received By Job
	Partitionable Resources :    Usage  Request          
	   Cpus                 :                 1          
	   Disk (KB)            :      573      573          
	   Memory (MB)          :       49       49          
...
009 (429211.000.000) 06/24 21:28:52 Job was aborted by the user.
	via condor_rm (by user rkunnawa)
...
000 (429358.000.000) 06/24 21:33:18 Job submitted from host: <18.12.1.74:48322>
...
001 (429358.000.000) 06/24 21:33:47 Job executing on host: <18.12.9.55:40657>
...
006 (429358.000.000) 06/24 21:33:56 Image size of job updated: 243180
	69  -  MemoryUsage of job (MB)
	69852  -  ResidentSetSize of job (KB)
...
006 (429358.000.000) 06/24 21:34:42 Image size of job updated: 244132
	69  -  MemoryUsage of job (MB)
	69852  -  ResidentSetSize of job (KB)
...
005 (429358.000.000) 06/24 21:34:42 Job terminated.
	(1) Normal termination (return value 0)
		Usr 0 00:00:36, Sys 0 00:00:01  -  Run Remote Usage
		Usr 0 00:00:00, Sys 0 00:00:00  -  Run Local Usage
		Usr 0 00:00:36, Sys 0 00:00:01  -  Total Remote Usage
		Usr 0 00:00:00, Sys 0 00:00:00  -  Total Local Usage
	512404  -  Run Bytes Sent By Job
	47957  -  Run Bytes Received By Job
	512404  -  Total Bytes Sent By Job
	47957  -  Total Bytes Received By Job
	Partitionable Resources :    Usage  Request          
	   Cpus                 :                 1          
	   Disk (KB)            :      573      573          
	   Memory (MB)          :       69       69          
...
000 (429539.000.000) 06/24 21:47:57 Job submitted from host: <18.12.1.74:48322>
...
001 (429539.000.000) 06/24 21:48:06 Job executing on host: <18.12.9.38:48541>
...
006 (429539.000.000) 06/24 21:48:14 Image size of job updated: 153632
	41  -  MemoryUsage of job (MB)
	41960  -  ResidentSetSize of job (KB)
...
006 (429539.000.000) 06/24 21:50:54 Image size of job updated: 244168
	41  -  MemoryUsage of job (MB)
	41960  -  ResidentSetSize of job (KB)
...
005 (429539.000.000) 06/24 21:50:54 Job terminated.
	(1) Normal termination (return value 0)
		Usr 0 00:00:42, Sys 0 00:00:02  -  Run Remote Usage
		Usr 0 00:00:00, Sys 0 00:00:00  -  Run Local Usage
		Usr 0 00:00:42, Sys 0 00:00:02  -  Total Remote Usage
		Usr 0 00:00:00, Sys 0 00:00:00  -  Total Local Usage
	512622  -  Run Bytes Sent By Job
	47957  -  Run Bytes Received By Job
	512622  -  Total Bytes Sent By Job
	47957  -  Total Bytes Received By Job
	Partitionable Resources :    Usage  Request          
	   Cpus                 :                 1          
	   Disk (KB)            :      573      573          
	   Memory (MB)          :       41       41          
...
000 (451293.000.000) 06/25 11:40:08 Job submitted from host: <18.12.1.74:48322>
...
001 (451293.000.000) 06/25 11:40:50 Job executing on host: <18.12.9.0:41460>
...
006 (451293.000.000) 06/25 11:40:58 Image size of job updated: 189064
	53  -  MemoryUsage of job (MB)
	53968  -  ResidentSetSize of job (KB)
...
005 (451293.000.000) 06/25 11:42:34 Job terminated.
	(1) Normal termination (return value 0)
		Usr 0 00:00:52, Sys 0 00:00:01  -  Run Remote Usage
		Usr 0 00:00:00, Sys 0 00:00:00  -  Run Local Usage
		Usr 0 00:00:52, Sys 0 00:00:01  -  Total Remote Usage
		Usr 0 00:00:00, Sys 0 00:00:00  -  Total Local Usage
	5989453  -  Run Bytes Sent By Job
	46060  -  Run Bytes Received By Job
	5989453  -  Total Bytes Sent By Job
	46060  -  Total Bytes Received By Job
	Partitionable Resources :    Usage  Request          
	   Cpus                 :                 1          
	   Disk (KB)            :     5920     5920          
	   Memory (MB)          :       53       53          
...
000 (452076.000.000) 06/26 10:10:26 Job submitted from host: <18.12.1.74:48322>
...
001 (452076.000.000) 06/26 10:10:52 Job executing on host: <18.12.8.247:45913>
...
006 (452076.000.000) 06/26 10:11:00 Image size of job updated: 1
	3  -  MemoryUsage of job (MB)
	2352  -  ResidentSetSize of job (KB)
...
006 (452076.000.000) 06/26 10:12:22 Image size of job updated: 189056
	3  -  MemoryUsage of job (MB)
	2352  -  ResidentSetSize of job (KB)
...
005 (452076.000.000) 06/26 10:12:22 Job terminated.
	(1) Normal termination (return value 0)
		Usr 0 00:00:42, Sys 0 00:00:01  -  Run Remote Usage
		Usr 0 00:00:00, Sys 0 00:00:00  -  Run Local Usage
		Usr 0 00:00:42, Sys 0 00:00:01  -  Total Remote Usage
		Usr 0 00:00:00, Sys 0 00:00:00  -  Total Local Usage
	3672135  -  Run Bytes Sent By Job
	46038  -  Run Bytes Received By Job
	3672135  -  Total Bytes Sent By Job
	46038  -  Total Bytes Received By Job
	Partitionable Resources :    Usage  Request          
	   Cpus                 :                 1          
	   Disk (KB)            :     3657     3657          
	   Memory (MB)          :        3        3          
...
000 (472759.000.000) 06/26 16:38:22 Job submitted from host: <18.12.1.74:48322>
...
001 (472759.000.000) 06/26 16:38:45 Job executing on host: <18.12.9.62:47811>
...
006 (472759.000.000) 06/26 16:38:54 Image size of job updated: 1
	3  -  MemoryUsage of job (MB)
	2356  -  ResidentSetSize of job (KB)
...
006 (472759.000.000) 06/26 16:40:30 Image size of job updated: 189196
	3  -  MemoryUsage of job (MB)
	2356  -  ResidentSetSize of job (KB)
...
005 (472759.000.000) 06/26 16:40:30 Job terminated.
	(1) Normal termination (return value 0)
		Usr 0 00:01:04, Sys 0 00:00:02  -  Run Remote Usage
		Usr 0 00:00:00, Sys 0 00:00:00  -  Run Local Usage
		Usr 0 00:01:04, Sys 0 00:00:02  -  Total Remote Usage
		Usr 0 00:00:00, Sys 0 00:00:00  -  Total Local Usage
	5990104  -  Run Bytes Sent By Job
	46344  -  Run Bytes Received By Job
	5990104  -  Total Bytes Sent By Job
	46344  -  Total Bytes Received By Job
	Partitionable Resources :    Usage  Request          
	   Cpus                 :                 1          
	   Disk (KB)            :     5920     5920          
	   Memory (MB)          :        3        3          
...
000 (491647.000.000) 06/29 09:41:41 Job submitted from host: <18.12.1.74:48322>
...
001 (491647.000.000) 06/29 09:41:55 Job executing on host: <18.12.9.76:47884>
...
006 (491647.000.000) 06/29 09:42:04 Image size of job updated: 242568
	57  -  MemoryUsage of job (MB)
	57588  -  ResidentSetSize of job (KB)
...
006 (491647.000.000) 06/29 09:43:01 Image size of job updated: 243444
	57  -  MemoryUsage of job (MB)
	57588  -  ResidentSetSize of job (KB)
...
005 (491647.000.000) 06/29 09:43:08 Job terminated.
	(1) Normal termination (return value 0)
		Usr 0 00:00:43, Sys 0 00:00:01  -  Run Remote Usage
		Usr 0 00:00:00, Sys 0 00:00:00  -  Run Local Usage
		Usr 0 00:00:43, Sys 0 00:00:01  -  Total Remote Usage
		Usr 0 00:00:00, Sys 0 00:00:00  -  Total Local Usage
	508688  -  Run Bytes Sent By Job
	46550  -  Run Bytes Received By Job
	508688  -  Total Bytes Sent By Job
	46550  -  Total Bytes Received By Job
	Partitionable Resources :    Usage  Request          
	   Cpus                 :                 1          
	   Disk (KB)            :      568      568          
	   Memory (MB)          :       57       57          
...
000 (492761.000.000) 06/29 10:15:05 Job submitted from host: <18.12.1.74:48322>
...
001 (492761.000.000) 06/29 10:15:18 Job executing on host: <18.12.8.190:43358>
...
006 (492761.000.000) 06/29 10:15:27 Image size of job updated: 242572
	57  -  MemoryUsage of job (MB)
	57628  -  ResidentSetSize of job (KB)
...
006 (492761.000.000) 06/29 10:16:45 Image size of job updated: 243472
	57  -  MemoryUsage of job (MB)
	57628  -  ResidentSetSize of job (KB)
...
005 (492761.000.000) 06/29 10:16:45 Job terminated.
	(1) Normal termination (return value 0)
		Usr 0 00:00:50, Sys 0 00:00:01  -  Run Remote Usage
		Usr 0 00:00:00, Sys 0 00:00:00  -  Run Local Usage
		Usr 0 00:00:50, Sys 0 00:00:01  -  Total Remote Usage
		Usr 0 00:00:00, Sys 0 00:00:00  -  Total Local Usage
	508786  -  Run Bytes Sent By Job
	46566  -  Run Bytes Received By Job
	508786  -  Total Bytes Sent By Job
	46566  -  Total Bytes Received By Job
	Partitionable Resources :    Usage  Request          
	   Cpus                 :                 1          
	   Disk (KB)            :      568      568          
	   Memory (MB)          :       57       57          
...
000 (495118.000.000) 06/29 21:57:20 Job submitted from host: <18.12.1.74:48322>
...
001 (495118.000.000) 06/29 21:57:31 Job executing on host: <18.12.8.59:40146>
...
006 (495118.000.000) 06/29 21:57:39 Image size of job updated: 1
	3  -  MemoryUsage of job (MB)
	2356  -  ResidentSetSize of job (KB)
...
006 (495118.000.000) 06/29 21:58:46 Image size of job updated: 244096
	3  -  MemoryUsage of job (MB)
	2356  -  ResidentSetSize of job (KB)
...
005 (495118.000.000) 06/29 21:58:46 Job terminated.
	(1) Normal termination (return value 0)
		Usr 0 00:00:50, Sys 0 00:00:02  -  Run Remote Usage
		Usr 0 00:00:00, Sys 0 00:00:00  -  Run Local Usage
		Usr 0 00:00:50, Sys 0 00:00:02  -  Total Remote Usage
		Usr 0 00:00:00, Sys 0 00:00:00  -  Total Local Usage
	508796  -  Run Bytes Sent By Job
	46564  -  Run Bytes Received By Job
	508796  -  Total Bytes Sent By Job
	46564  -  Total Bytes Received By Job
	Partitionable Resources :    Usage  Request          
	   Cpus                 :                 1          
	   Disk (KB)            :      568      568          
	   Memory (MB)          :        3        3          
...
000 (497252.000.000) 07/09 13:07:04 Job submitted from host: <18.12.1.74:48322>
...
001 (497252.000.000) 07/09 13:07:19 Job executing on host: <18.12.6.56:45986>
...
006 (497252.000.000) 07/09 13:07:27 Image size of job updated: 243128
	57  -  MemoryUsage of job (MB)
	58200  -  ResidentSetSize of job (KB)
...
006 (497252.000.000) 07/09 13:08:35 Image size of job updated: 243968
	57  -  MemoryUsage of job (MB)
	58200  -  ResidentSetSize of job (KB)
...
005 (497252.000.000) 07/09 13:08:35 Job terminated.
	(1) Normal termination (return value 0)
		Usr 0 00:00:48, Sys 0 00:00:01  -  Run Remote Usage
		Usr 0 00:00:00, Sys 0 00:00:00  -  Run Local Usage
		Usr 0 00:00:48, Sys 0 00:00:01  -  Total Remote Usage
		Usr 0 00:00:00, Sys 0 00:00:00  -  Total Local Usage
	509015  -  Run Bytes Sent By Job
	46648  -  Run Bytes Received By Job
	509015  -  Total Bytes Sent By Job
	46648  -  Total Bytes Received By Job
	Partitionable Resources :    Usage  Request          
	   Cpus                 :                 1          
	   Disk (KB)            :      568      568          
	   Memory (MB)          :       57       57          
...
000 (497442.000.000) 07/09 15:41:08 Job submitted from host: <18.12.1.74:48322>
...
001 (497442.000.000) 07/09 15:41:48 Job executing on host: <18.12.9.23:49198>
...
006 (497442.000.000) 07/09 15:41:57 Image size of job updated: 145236
	30  -  MemoryUsage of job (MB)
	30528  -  ResidentSetSize of job (KB)
...
006 (497442.000.000) 07/09 15:43:28 Image size of job updated: 244112
	30  -  MemoryUsage of job (MB)
	30528  -  ResidentSetSize of job (KB)
...
005 (497442.000.000) 07/09 15:43:28 Job terminated.
	(1) Normal termination (return value 0)
		Usr 0 00:00:45, Sys 0 00:00:02  -  Run Remote Usage
		Usr 0 00:00:00, Sys 0 00:00:00  -  Run Local Usage
		Usr 0 00:00:45, Sys 0 00:00:02  -  Total Remote Usage
		Usr 0 00:00:00, Sys 0 00:00:00  -  Total Local Usage
	508914  -  Run Bytes Sent By Job
	46609  -  Run Bytes Received By Job
	508914  -  Total Bytes Sent By Job
	46609  -  Total Bytes Received By Job
	Partitionable Resources :    Usage  Request          
	   Cpus                 :                 1          
	   Disk (KB)            :      568      568          
	   Memory (MB)          :       30       30          
...
000 (497740.000.000) 07/09 16:39:09 Job submitted from host: <18.12.1.74:48322>
...
001 (497740.000.000) 07/09 16:39:26 Job executing on host: <18.12.8.211:42920>
...
006 (497740.000.000) 07/09 16:39:34 Image size of job updated: 1196
	1  -  MemoryUsage of job (MB)
	152  -  ResidentSetSize of job (KB)
...
006 (497740.000.000) 07/09 16:41:18 Image size of job updated: 244104
	1  -  MemoryUsage of job (MB)
	152  -  ResidentSetSize of job (KB)
...
005 (497740.000.000) 07/09 16:41:18 Job terminated.
	(1) Normal termination (return value 0)
		Usr 0 00:00:45, Sys 0 00:00:02  -  Run Remote Usage
		Usr 0 00:00:00, Sys 0 00:00:00  -  Run Local Usage
		Usr 0 00:00:45, Sys 0 00:00:02  -  Total Remote Usage
		Usr 0 00:00:00, Sys 0 00:00:00  -  Total Local Usage
	509113  -  Run Bytes Sent By Job
	46604  -  Run Bytes Received By Job
	509113  -  Total Bytes Sent By Job
	46604  -  Total Bytes Received By Job
	Partitionable Resources :    Usage  Request          
	   Cpus                 :                 1          
	   Disk (KB)            :      568      568          
	   Memory (MB)          :        1        1          
...
000 (498082.000.000) 07/10 12:07:19 Job submitted from host: <18.12.1.74:48322>
...
001 (498082.000.000) 07/10 12:07:38 Job executing on host: <18.12.9.28:48614>
...
006 (498082.000.000) 07/10 12:07:47 Image size of job updated: 243100
	43  -  MemoryUsage of job (MB)
	43812  -  ResidentSetSize of job (KB)
...
006 (498082.000.000) 07/10 12:09:15 Image size of job updated: 244096
	43  -  MemoryUsage of job (MB)
	43812  -  ResidentSetSize of job (KB)
...
005 (498082.000.000) 07/10 12:09:15 Job terminated.
	(1) Normal termination (return value 0)
		Usr 0 00:00:46, Sys 0 00:00:02  -  Run Remote Usage
		Usr 0 00:00:00, Sys 0 00:00:00  -  Run Local Usage
		Usr 0 00:00:46, Sys 0 00:00:02  -  Total Remote Usage
		Usr 0 00:00:00, Sys 0 00:00:00  -  Total Local Usage
	509156  -  Run Bytes Sent By Job
	46586  -  Run Bytes Received By Job
	509156  -  Total Bytes Sent By Job
	46586  -  Total Bytes Received By Job
	Partitionable Resources :    Usage  Request          
	   Cpus                 :                 1          
	   Disk (KB)            :      568      568          
	   Memory (MB)          :       43       43          
...
000 (498525.000.000) 07/10 16:45:15 Job submitted from host: <18.12.1.74:48322>
...
001 (498525.000.000) 07/10 16:45:41 Job executing on host: <18.12.8.138:43285>
...
006 (498525.000.000) 07/10 16:45:50 Image size of job updated: 149912
	37  -  MemoryUsage of job (MB)
	37160  -  ResidentSetSize of job (KB)
...
005 (498525.000.000) 07/10 17:26:56 Job terminated.
	(1) Normal termination (return value 0)
		Usr 0 00:00:00, Sys 0 00:00:00  -  Run Remote Usage
		Usr 0 00:00:00, Sys 0 00:00:00  -  Run Local Usage
		Usr 0 00:00:00, Sys 0 00:00:00  -  Total Remote Usage
		Usr 0 00:00:00, Sys 0 00:00:00  -  Total Local Usage
	519190  -  Run Bytes Sent By Job
	47454  -  Run Bytes Received By Job
	519190  -  Total Bytes Sent By Job
	47454  -  Total Bytes Received By Job
	Partitionable Resources :    Usage  Request          
	   Cpus                 :                 1          
	   Disk (KB)            :      579      579          
	   Memory (MB)          :       37       37          
...
