
----------------------------------------------------
Job started on Mon Jun 22 20:55:34 EDT 2015 at WN: hibat0068.cmsaf.mit.edu 
Job is running on Linux hibat0068.cmsaf.mit.edu 2.6.32-358.el6.x86_64 #1 SMP Fri Feb 22 20:37:17 CST 2013 x86_64 x86_64 x86_64 GNU/Linux
Filesystem            Size  Used Avail Use% Mounted on
/dev/sda3              20G  3.3G   16G  18% /
tmpfs                  24G     0   24G   0% /dev/shm
/dev/sda1              97M   32M   61M  35% /boot
/dev/sda4             874G   85G  789G  10% /export/data1
/dev/sdb1             1.8T  1.6T  203G  89% /export/00b
/dev/sdc1             1.8T  1.6T  212G  89% /export/00c
/dev/sdd1             1.8T  1.7T  186G  90% /export/00d
/dev/sde1             1.8T  1.7T  192G  90% /export/00e
/dev/sdf1             1.8T  1.6T  209G  89% /export/00f
fuse_dfs              4.9P  4.4P  522T  90% /mnt/hadoop
t2srv0004:/export/db  135G  187M  135G   1% /net/t2srv0004/db
cvmfs2                 98G   83G   15G  85% /cvmfs/cms.cern.ch
cvmfs2                 98G   83G   15G  85% /cvmfs/mu2e.opensciencegrid.org
gcc (GCC) 4.4.7 20120313 (Red Hat 4.4.7-3)
Copyright (C) 2010 Free Software Foundation, Inc.
This is free software; see the source for copying conditions.  There is NO
warranty; not even for MERCHANTABILITY or FITNESS FOR A PARTICULAR PURPOSE.

Processing...
0/386115
10000/386115
20000/386115
30000/386115
40000/386115
50000/386115
60000/386115
70000/386115
80000/386115
90000/386115
100000/386115
110000/386115
120000/386115
130000/386115
140000/386115
150000/386115
160000/386115
170000/386115
180000/386115
190000/386115
200000/386115
210000/386115
220000/386115
230000/386115
240000/386115
250000/386115
260000/386115
270000/386115
280000/386115
290000/386115
300000/386115
310000/386115
320000/386115
330000/386115
340000/386115
350000/386115
360000/386115
370000/386115
380000/386115
Macro finished: 
CPU time (min)  = 4.438
Real time (min) = 5.48619
Done!
Copied output files to hadoop rootfiles/JetRAA/June22
