000 (426386.000.000) 06/22 20:50:01 Job submitted from host: <18.12.1.74:48322>
...
001 (426386.000.000) 06/22 20:50:43 Job executing on host: <18.12.6.35:40949>
...
006 (426386.000.000) 06/22 20:50:51 Image size of job updated: 1
	3  -  MemoryUsage of job (MB)
	2352  -  ResidentSetSize of job (KB)
...
006 (426386.000.000) 06/22 20:51:02 Image size of job updated: 245160
	3  -  MemoryUsage of job (MB)
	2352  -  ResidentSetSize of job (KB)
...
004 (426386.000.000) 06/22 20:51:02 Job was evicted.
	(0) Job was not checkpointed.
		Usr 0 00:00:04, Sys 0 00:00:00  -  Run Remote Usage
		Usr 0 00:00:00, Sys 0 00:00:00  -  Run Local Usage
	0  -  Run Bytes Sent By Job
	41910  -  Run Bytes Received By Job
	Partitionable Resources :    Usage  Request          
	   Cpus                 :                 1          
	   Disk (KB)            :      550      550          
	   Memory (MB)          :        3        3          
...
009 (426386.000.000) 06/22 20:51:10 Job was aborted by the user.
	via condor_rm (by user rkunnawa)
...
000 (426548.000.000) 06/22 20:51:40 Job submitted from host: <18.12.1.74:48322>
...
001 (426548.000.000) 06/22 20:52:16 Job executing on host: <18.12.9.26:43650>
...
006 (426548.000.000) 06/22 20:52:25 Image size of job updated: 245040
	56  -  MemoryUsage of job (MB)
	56672  -  ResidentSetSize of job (KB)
...
006 (426548.000.000) 06/22 20:57:26 Image size of job updated: 246368
	110  -  MemoryUsage of job (MB)
	112384  -  ResidentSetSize of job (KB)
...
005 (426548.000.000) 06/22 20:57:27 Job terminated.
	(1) Normal termination (return value 0)
		Usr 0 00:01:03, Sys 0 00:00:01  -  Run Remote Usage
		Usr 0 00:00:00, Sys 0 00:00:00  -  Run Local Usage
		Usr 0 00:01:03, Sys 0 00:00:01  -  Total Remote Usage
		Usr 0 00:00:00, Sys 0 00:00:00  -  Total Local Usage
	495430  -  Run Bytes Sent By Job
	41910  -  Run Bytes Received By Job
	495430  -  Total Bytes Sent By Job
	41910  -  Total Bytes Received By Job
	Partitionable Resources :    Usage  Request          
	   Cpus                 :                 1          
	   Disk (KB)            :      550      550          
	   Memory (MB)          :      110      110          
...
