
----------------------------------------------------
Job started on Mon Jun 29 21:56:47 EDT 2015 at WN: hibat0038.cmsaf.mit.edu 
Job is running on Linux hibat0038.cmsaf.mit.edu 2.6.32-358.el6.x86_64 #1 SMP Fri Feb 22 20:37:17 CST 2013 x86_64 x86_64 x86_64 GNU/Linux
Filesystem            Size  Used Avail Use% Mounted on
/dev/sda3              20G  3.5G   16G  19% /
tmpfs                  24G     0   24G   0% /dev/shm
/dev/sda1              97M   32M   61M  35% /boot
/dev/sda4             874G   98G  776G  12% /export/data1
/dev/sdb1             1.8T  1.6T  206G  89% /export/00b
/dev/sdc1             1.8T  1.6T  203G  89% /export/00c
/dev/sdd1             1.8T  1.7T  196G  90% /export/00d
/dev/sde1             1.8T  1.6T  204G  89% /export/00e
/dev/sdf1             1.8T  1.6T  224G  88% /export/00f
fuse_dfs              4.9P  4.4P  527T  90% /mnt/hadoop
cvmfs2                 98G   95G  3.6G  97% /cvmfs/cms.cern.ch
t2srv0004:/export/db  135G  187M  135G   1% /net/t2srv0004/db
cvmfs2                 98G   95G  3.6G  97% /cvmfs/cvmfs.cmsaf.mit.edu
cvmfs2                 98G   95G  3.6G  97% /cvmfs/oasis.opensciencegrid.org
cvmfs2                 98G   95G  3.6G  97% /cvmfs/cdfcfs.fnal.gov
gcc (GCC) 4.4.7 20120313 (Red Hat 4.4.7-3)
Copyright (C) 2010 Free Software Foundation, Inc.
This is free software; see the source for copying conditions.  There is NO
warranty; not even for MERCHANTABILITY or FITNESS FOR A PARTICULAR PURPOSE.

Processing...
0/78516
10000/78516
20000/78516
30000/78516
40000/78516
50000/78516
60000/78516
70000/78516
Macro finished: 
CPU time (min)  = 0.931833
Real time (min) = 1.23137
Done!
Copied output files to hadoop rootfiles/JetRAA/June22
