
----------------------------------------------------
Job started on Tue Jun 23 16:48:42 EDT 2015 at WN: t2bat0324.cmsaf.mit.edu 
Job is running on Linux t2bat0324.cmsaf.mit.edu 2.6.32-358.el6.x86_64 #1 SMP Fri Feb 22 20:37:17 CST 2013 x86_64 x86_64 x86_64 GNU/Linux
Filesystem            Size  Used Avail Use% Mounted on
/dev/sda3              20G  2.5G   17G  13% /
tmpfs                  32G     0   32G   0% /dev/shm
/dev/sda1              97M   32M   61M  35% /boot
/dev/sda4             416G   81G  335G  20% /export/data1
fuse_dfs              4.9P  4.4P  516T  90% /mnt/hadoop
/dev/sdb1             3.6T  3.2T  429G  89% /export/00b
/dev/sdc1             3.6T  3.2T  405G  89% /export/00c
/dev/sdd1             3.6T  3.3T  378G  90% /export/00d
/dev/sde1             3.6T  3.2T  404G  89% /export/00e
/dev/sdf1             3.6T  3.2T  404G  89% /export/00f
/dev/sdg1             3.6T  3.2T  411G  89% /export/00g
t2srv0004:/export/db  135G  187M  135G   1% /net/t2srv0004/db
cvmfs2                 98G   78G   20G  80% /cvmfs/cms.cern.ch
cvmfs2                 98G   78G   20G  80% /cvmfs/oasis.opensciencegrid.org
gcc (GCC) 4.4.7 20120313 (Red Hat 4.4.7-3)
Copyright (C) 2010 Free Software Foundation, Inc.
This is free software; see the source for copying conditions.  There is NO
warranty; not even for MERCHANTABILITY or FITNESS FOR A PARTICULAR PURPOSE.

Processing...
0/374560
10000/374560
20000/374560
30000/374560
40000/374560
50000/374560
60000/374560
70000/374560
80000/374560
90000/374560
100000/374560
110000/374560
120000/374560
130000/374560
140000/374560
150000/374560
160000/374560
170000/374560
180000/374560
190000/374560
200000/374560
210000/374560
220000/374560
230000/374560
240000/374560
250000/374560
260000/374560
270000/374560
280000/374560
290000/374560
300000/374560
310000/374560
320000/374560
330000/374560
340000/374560
350000/374560
360000/374560
370000/374560
Macro finished: 
CPU time (min)  = 3.17717
Real time (min) = 4.64621
Done!
Copied output files to hadoop rootfiles/JetRAA/June22
