
----------------------------------------------------
Job started on Mon Jun 29 21:59:48 EDT 2015 at WN: t2bat0063.cmsaf.mit.edu 
Job is running on Linux t2bat0063.cmsaf.mit.edu 2.6.32-358.el6.x86_64 #1 SMP Fri Feb 22 20:37:17 CST 2013 x86_64 x86_64 x86_64 GNU/Linux
Filesystem            Size  Used Avail Use% Mounted on
/dev/sda3              20G  3.2G   16G  18% /
tmpfs                 7.8G     0  7.8G   0% /dev/shm
/dev/sda1              97M   33M   60M  36% /boot
/dev/sda4             415G   90G  325G  22% /export/data1
/dev/sdb1             1.8T  1.6T  214G  89% /export/00b
/dev/sdc1             1.8T  1.7T  193G  90% /export/00c
/dev/sdd1             1.8T  1.6T  205G  89% /export/00d
/dev/sde1             1.8T  1.6T  209G  89% /export/00e
/dev/sdf1             1.8T  1.6T  206G  89% /export/00f
fuse_dfs              4.9P  4.4P  527T  90% /mnt/hadoop
cvmfs2                 98G   88G   10G  90% /cvmfs/cms.cern.ch
t2srv0004:/export/db  135G  187M  135G   1% /net/t2srv0004/db
cvmfs2                 98G   88G   10G  90% /cvmfs/cvmfs.cmsaf.mit.edu
cvmfs2                 98G   88G   10G  90% /cvmfs/oasis.opensciencegrid.org
gcc (GCC) 4.4.7 20120313 (Red Hat 4.4.7-3)
Copyright (C) 2010 Free Software Foundation, Inc.
This is free software; see the source for copying conditions.  There is NO
warranty; not even for MERCHANTABILITY or FITNESS FOR A PARTICULAR PURPOSE.

Processing...
0/55527
10000/55527
20000/55527
30000/55527
40000/55527
50000/55527
Macro finished: 
CPU time (min)  = 0.710333
Real time (min) = 1.03838
Done!
Copied output files to hadoop rootfiles/JetRAA/June22
