000 (426766.000.000) 06/22 20:55:18 Job submitted from host: <18.12.1.74:48322>
...
001 (426766.000.000) 06/22 20:55:26 Job executing on host: <18.12.9.60:41752>
...
006 (426766.000.000) 06/22 20:55:35 Image size of job updated: 144168
	30  -  MemoryUsage of job (MB)
	30700  -  ResidentSetSize of job (KB)
...
006 (426766.000.000) 06/22 20:57:58 Image size of job updated: 243776
	30  -  MemoryUsage of job (MB)
	30700  -  ResidentSetSize of job (KB)
...
005 (426766.000.000) 06/22 20:57:59 Job terminated.
	(1) Normal termination (return value 0)
		Usr 0 00:01:41, Sys 0 00:00:03  -  Run Remote Usage
		Usr 0 00:00:00, Sys 0 00:00:00  -  Run Local Usage
		Usr 0 00:01:41, Sys 0 00:00:03  -  Total Remote Usage
		Usr 0 00:00:00, Sys 0 00:00:00  -  Total Local Usage
	495108  -  Run Bytes Sent By Job
	41910  -  Run Bytes Received By Job
	495108  -  Total Bytes Sent By Job
	41910  -  Total Bytes Received By Job
	Partitionable Resources :    Usage  Request          
	   Cpus                 :                 1          
	   Disk (KB)            :      550      550          
	   Memory (MB)          :       30       30          
...
000 (492089.000.000) 06/29 09:51:42 Job submitted from host: <18.12.1.74:48322>
...
001 (492089.000.000) 06/29 09:52:10 Job executing on host: <18.12.9.50:46059>
...
006 (492089.000.000) 06/29 09:52:19 Image size of job updated: 241560
	57  -  MemoryUsage of job (MB)
	57744  -  ResidentSetSize of job (KB)
...
006 (492089.000.000) 06/29 09:53:41 Image size of job updated: 243480
	57  -  MemoryUsage of job (MB)
	57744  -  ResidentSetSize of job (KB)
...
005 (492089.000.000) 06/29 09:53:41 Job terminated.
	(1) Normal termination (return value 0)
		Usr 0 00:00:53, Sys 0 00:00:03  -  Run Remote Usage
		Usr 0 00:00:00, Sys 0 00:00:00  -  Run Local Usage
		Usr 0 00:00:53, Sys 0 00:00:03  -  Total Remote Usage
		Usr 0 00:00:00, Sys 0 00:00:00  -  Total Local Usage
	508874  -  Run Bytes Sent By Job
	46550  -  Run Bytes Received By Job
	508874  -  Total Bytes Sent By Job
	46550  -  Total Bytes Received By Job
	Partitionable Resources :    Usage  Request          
	   Cpus                 :                 1          
	   Disk (KB)            :      568      568          
	   Memory (MB)          :       57       57          
...
000 (492996.000.000) 06/29 10:16:46 Job submitted from host: <18.12.1.74:48322>
...
001 (492996.000.000) 06/29 10:17:00 Job executing on host: <18.12.9.60:41752>
...
006 (492996.000.000) 06/29 10:17:08 Image size of job updated: 1
	3  -  MemoryUsage of job (MB)
	2368  -  ResidentSetSize of job (KB)
...
006 (492996.000.000) 06/29 10:18:27 Image size of job updated: 243492
	3  -  MemoryUsage of job (MB)
	2368  -  ResidentSetSize of job (KB)
...
005 (492996.000.000) 06/29 10:18:27 Job terminated.
	(1) Normal termination (return value 0)
		Usr 0 00:00:50, Sys 0 00:00:02  -  Run Remote Usage
		Usr 0 00:00:00, Sys 0 00:00:00  -  Run Local Usage
		Usr 0 00:00:50, Sys 0 00:00:02  -  Total Remote Usage
		Usr 0 00:00:00, Sys 0 00:00:00  -  Total Local Usage
	508962  -  Run Bytes Sent By Job
	46566  -  Run Bytes Received By Job
	508962  -  Total Bytes Sent By Job
	46566  -  Total Bytes Received By Job
	Partitionable Resources :    Usage  Request          
	   Cpus                 :                 1          
	   Disk (KB)            :      568      568          
	   Memory (MB)          :        3        3          
...
000 (494991.000.000) 06/29 21:56:36 Job submitted from host: <18.12.1.74:48322>
...
001 (494991.000.000) 06/29 21:56:50 Job executing on host: <18.12.9.25:47446>
...
006 (494991.000.000) 06/29 21:56:58 Image size of job updated: 184604
	49  -  MemoryUsage of job (MB)
	50176  -  ResidentSetSize of job (KB)
...
006 (494991.000.000) 06/29 21:59:43 Image size of job updated: 244048
	49  -  MemoryUsage of job (MB)
	50176  -  ResidentSetSize of job (KB)
...
005 (494991.000.000) 06/29 21:59:44 Job terminated.
	(1) Normal termination (return value 0)
		Usr 0 00:00:52, Sys 0 00:00:01  -  Run Remote Usage
		Usr 0 00:00:00, Sys 0 00:00:00  -  Run Local Usage
		Usr 0 00:00:52, Sys 0 00:00:01  -  Total Remote Usage
		Usr 0 00:00:00, Sys 0 00:00:00  -  Total Local Usage
	509177  -  Run Bytes Sent By Job
	46564  -  Run Bytes Received By Job
	509177  -  Total Bytes Sent By Job
	46564  -  Total Bytes Received By Job
	Partitionable Resources :    Usage  Request          
	   Cpus                 :                 1          
	   Disk (KB)            :      568      568          
	   Memory (MB)          :       49       49          
...
