000 (426708.000.000) 06/22 20:54:23 Job submitted from host: <18.12.1.74:48322>
...
001 (426708.000.000) 06/22 20:54:46 Job executing on host: <18.12.6.92:48541>
...
006 (426708.000.000) 06/22 20:54:54 Image size of job updated: 1
	3  -  MemoryUsage of job (MB)
	2356  -  ResidentSetSize of job (KB)
...
006 (426708.000.000) 06/22 20:59:41 Image size of job updated: 245596
	3  -  MemoryUsage of job (MB)
	2356  -  ResidentSetSize of job (KB)
...
005 (426708.000.000) 06/22 20:59:41 Job terminated.
	(1) Normal termination (return value 0)
		Usr 0 00:03:22, Sys 0 00:00:04  -  Run Remote Usage
		Usr 0 00:00:00, Sys 0 00:00:00  -  Run Local Usage
		Usr 0 00:03:22, Sys 0 00:00:04  -  Total Remote Usage
		Usr 0 00:00:00, Sys 0 00:00:00  -  Total Local Usage
	495243  -  Run Bytes Sent By Job
	41910  -  Run Bytes Received By Job
	495243  -  Total Bytes Sent By Job
	41910  -  Total Bytes Received By Job
	Partitionable Resources :    Usage  Request          
	   Cpus                 :                 1          
	   Disk (KB)            :      550      550          
	   Memory (MB)          :        3        3          
...
000 (428121.000.000) 06/23 16:48:30 Job submitted from host: <18.12.1.74:48322>
...
001 (428121.000.000) 06/23 16:48:42 Job executing on host: <18.12.8.226:49563>
...
006 (428121.000.000) 06/23 16:48:51 Image size of job updated: 9588
	2  -  MemoryUsage of job (MB)
	1456  -  ResidentSetSize of job (KB)
...
006 (428121.000.000) 06/23 16:53:13 Image size of job updated: 246040
	2  -  MemoryUsage of job (MB)
	1456  -  ResidentSetSize of job (KB)
...
005 (428121.000.000) 06/23 16:53:13 Job terminated.
	(1) Normal termination (return value 0)
		Usr 0 00:02:56, Sys 0 00:00:02  -  Run Remote Usage
		Usr 0 00:00:00, Sys 0 00:00:00  -  Run Local Usage
		Usr 0 00:02:56, Sys 0 00:00:02  -  Total Remote Usage
		Usr 0 00:00:00, Sys 0 00:00:00  -  Total Local Usage
	511897  -  Run Bytes Sent By Job
	47429  -  Run Bytes Received By Job
	511897  -  Total Bytes Sent By Job
	47429  -  Total Bytes Received By Job
	Partitionable Resources :    Usage  Request          
	   Cpus                 :                 1          
	   Disk (KB)            :      572      572          
	   Memory (MB)          :        2        2          
...
