
----------------------------------------------------
Job started on Tue Jun 23 16:48:42 EDT 2015 at WN: t2bat0251.cmsaf.mit.edu 
Job is running on Linux t2bat0251.cmsaf.mit.edu 2.6.32-358.el6.x86_64 #1 SMP Fri Feb 22 20:37:17 CST 2013 x86_64 x86_64 x86_64 GNU/Linux
Filesystem            Size  Used Avail Use% Mounted on
/dev/sda3              20G  3.0G   16G  16% /
tmpfs                  12G     0   12G   0% /dev/shm
/dev/sda1              97M   32M   61M  35% /boot
/dev/sda4             874G   53G  821G   7% /export/data1
/dev/sdb1             1.8T  1.6T  198G  90% /export/00b
/dev/sdc1             1.8T  1.7T  192G  90% /export/00c
/dev/sdd1             1.8T  1.7T  193G  90% /export/00d
/dev/sde1             1.8T  1.7T  196G  90% /export/00e
/dev/sdf1             1.8T  1.6T  210G  89% /export/00f
fuse_dfs              4.9P  4.4P  516T  90% /mnt/hadoop
cvmfs2                 98G   51G   47G  52% /cvmfs/cms.cern.ch
t2srv0004:/export/db  135G  187M  135G   1% /net/t2srv0004/db
cvmfs2                 98G   51G   47G  52% /cvmfs/mu2e.opensciencegrid.org
cvmfs2                 98G   51G   47G  52% /cvmfs/oasis.opensciencegrid.org
cvmfs2                 98G   51G   47G  52% /cvmfs/cdfcfs.fnal.gov
cvmfs2                 98G   51G   47G  52% /cvmfs/cvmfs.cmsaf.mit.edu
cvmfs2                 98G   51G   47G  52% /cvmfs/fermilab.opensciencegrid.org
cvmfs2                 98G   51G   47G  52% /cvmfs/grid.cern.ch
gcc (GCC) 4.4.7 20120313 (Red Hat 4.4.7-3)
Copyright (C) 2010 Free Software Foundation, Inc.
This is free software; see the source for copying conditions.  There is NO
warranty; not even for MERCHANTABILITY or FITNESS FOR A PARTICULAR PURPOSE.

Processing...
0/429540
10000/429540
20000/429540
30000/429540
40000/429540
50000/429540
60000/429540
70000/429540
80000/429540
90000/429540
100000/429540
110000/429540
120000/429540
130000/429540
140000/429540
150000/429540
160000/429540
170000/429540
180000/429540
190000/429540
200000/429540
210000/429540
220000/429540
230000/429540
240000/429540
250000/429540
260000/429540
270000/429540
280000/429540
290000/429540
300000/429540
310000/429540
320000/429540
330000/429540
340000/429540
350000/429540
360000/429540
370000/429540
380000/429540
390000/429540
400000/429540
410000/429540
420000/429540
Macro finished: 
CPU time (min)  = 3.49367
Real time (min) = 5.20557
Done!
Copied output files to hadoop rootfiles/JetRAA/June22
