
----------------------------------------------------
Job started on Mon Jun 29 21:59:42 EDT 2015 at WN: t2bat0304.cmsaf.mit.edu 
Job is running on Linux t2bat0304.cmsaf.mit.edu 2.6.32-358.el6.x86_64 #1 SMP Fri Feb 22 20:37:17 CST 2013 x86_64 x86_64 x86_64 GNU/Linux
Filesystem            Size  Used Avail Use% Mounted on
/dev/sda3              20G  3.0G   16G  17% /
tmpfs                  32G     0   32G   0% /dev/shm
/dev/sda1              97M   32M   61M  35% /boot
/dev/sda4             416G   97G  319G  24% /export/data1
fuse_dfs              4.9P  4.4P  527T  90% /mnt/hadoop
/dev/sdb1             3.6T  3.2T  437G  89% /export/00b
/dev/sdc1             3.6T  3.2T  402G  90% /export/00c
/dev/sdd1             3.6T  3.2T  395G  90% /export/00d
/dev/sde1             3.6T  3.2T  402G  90% /export/00e
/dev/sdf1             3.6T  3.2T  399G  90% /export/00f
/dev/sdg1             3.6T  3.2T  416G  89% /export/00g
t2srv0004:/export/db  135G  187M  135G   1% /net/t2srv0004/db
cvmfs2                 98G   90G  7.7G  93% /cvmfs/cms.cern.ch
cvmfs2                 98G   90G  7.7G  93% /cvmfs/cvmfs.cmsaf.mit.edu
cvmfs2                 98G   90G  7.7G  93% /cvmfs/oasis.opensciencegrid.org
gcc (GCC) 4.4.7 20120313 (Red Hat 4.4.7-3)
Copyright (C) 2010 Free Software Foundation, Inc.
This is free software; see the source for copying conditions.  There is NO
warranty; not even for MERCHANTABILITY or FITNESS FOR A PARTICULAR PURPOSE.

Processing...
0/118233
10000/118233
20000/118233
30000/118233
40000/118233
50000/118233
60000/118233
70000/118233
80000/118233
90000/118233
100000/118233
110000/118233
Macro finished: 
CPU time (min)  = 1.0775
Real time (min) = 1.41858
Done!
Copied output files to hadoop rootfiles/JetRAA/June22
