000 (426786.000.000) 06/22 20:55:20 Job submitted from host: <18.12.1.74:48322>
...
001 (426786.000.000) 06/22 20:55:28 Job executing on host: <18.12.8.181:40803>
...
006 (426786.000.000) 06/22 20:55:37 Image size of job updated: 9772
	2  -  MemoryUsage of job (MB)
	1420  -  ResidentSetSize of job (KB)
...
006 (426786.000.000) 06/22 21:00:38 Image size of job updated: 243028
	127  -  MemoryUsage of job (MB)
	129080  -  ResidentSetSize of job (KB)
...
006 (426786.000.000) 06/22 21:02:26 Image size of job updated: 244112
	127  -  MemoryUsage of job (MB)
	129080  -  ResidentSetSize of job (KB)
...
005 (426786.000.000) 06/22 21:02:26 Job terminated.
	(1) Normal termination (return value 0)
		Usr 0 00:02:45, Sys 0 00:00:03  -  Run Remote Usage
		Usr 0 00:00:00, Sys 0 00:00:00  -  Run Local Usage
		Usr 0 00:02:45, Sys 0 00:00:03  -  Total Remote Usage
		Usr 0 00:00:00, Sys 0 00:00:00  -  Total Local Usage
	495186  -  Run Bytes Sent By Job
	41910  -  Run Bytes Received By Job
	495186  -  Total Bytes Sent By Job
	41910  -  Total Bytes Received By Job
	Partitionable Resources :    Usage  Request          
	   Cpus                 :                 1          
	   Disk (KB)            :      550      550          
	   Memory (MB)          :      127      127          
...
000 (492129.000.000) 06/29 09:51:47 Job submitted from host: <18.12.1.74:48322>
...
001 (492129.000.000) 06/29 09:52:42 Job executing on host: <18.12.8.87:46205>
...
006 (492129.000.000) 06/29 09:52:51 Image size of job updated: 1
	3  -  MemoryUsage of job (MB)
	2372  -  ResidentSetSize of job (KB)
...
006 (492129.000.000) 06/29 09:54:56 Image size of job updated: 243596
	3  -  MemoryUsage of job (MB)
	2372  -  ResidentSetSize of job (KB)
...
005 (492129.000.000) 06/29 09:54:56 Job terminated.
	(1) Normal termination (return value 0)
		Usr 0 00:01:37, Sys 0 00:00:03  -  Run Remote Usage
		Usr 0 00:00:00, Sys 0 00:00:00  -  Run Local Usage
		Usr 0 00:01:37, Sys 0 00:00:03  -  Total Remote Usage
		Usr 0 00:00:00, Sys 0 00:00:00  -  Total Local Usage
	508750  -  Run Bytes Sent By Job
	46550  -  Run Bytes Received By Job
	508750  -  Total Bytes Sent By Job
	46550  -  Total Bytes Received By Job
	Partitionable Resources :    Usage  Request          
	   Cpus                 :                 1          
	   Disk (KB)            :      568      568          
	   Memory (MB)          :        3        3          
...
000 (493036.000.000) 06/29 10:16:50 Job submitted from host: <18.12.1.74:48322>
...
001 (493036.000.000) 06/29 10:17:19 Job executing on host: <18.12.8.168:45840>
...
006 (493036.000.000) 06/29 10:17:28 Image size of job updated: 72348
	17  -  MemoryUsage of job (MB)
	16836  -  ResidentSetSize of job (KB)
...
006 (493036.000.000) 06/29 10:20:15 Image size of job updated: 243628
	17  -  MemoryUsage of job (MB)
	16836  -  ResidentSetSize of job (KB)
...
005 (493036.000.000) 06/29 10:20:16 Job terminated.
	(1) Normal termination (return value 0)
		Usr 0 00:01:15, Sys 0 00:00:01  -  Run Remote Usage
		Usr 0 00:00:00, Sys 0 00:00:00  -  Run Local Usage
		Usr 0 00:01:15, Sys 0 00:00:01  -  Total Remote Usage
		Usr 0 00:00:00, Sys 0 00:00:00  -  Total Local Usage
	508838  -  Run Bytes Sent By Job
	46566  -  Run Bytes Received By Job
	508838  -  Total Bytes Sent By Job
	46566  -  Total Bytes Received By Job
	Partitionable Resources :    Usage  Request          
	   Cpus                 :                 1          
	   Disk (KB)            :      568      568          
	   Memory (MB)          :       17       17          
...
000 (495031.000.000) 06/29 21:56:40 Job submitted from host: <18.12.1.74:48322>
...
001 (495031.000.000) 06/29 21:56:52 Job executing on host: <18.12.9.1:42409>
...
006 (495031.000.000) 06/29 21:57:00 Image size of job updated: 13384
	2  -  MemoryUsage of job (MB)
	1980  -  ResidentSetSize of job (KB)
...
006 (495031.000.000) 06/29 21:59:55 Image size of job updated: 244168
	2  -  MemoryUsage of job (MB)
	1980  -  ResidentSetSize of job (KB)
...
005 (495031.000.000) 06/29 21:59:55 Job terminated.
	(1) Normal termination (return value 0)
		Usr 0 00:01:41, Sys 0 00:00:03  -  Run Remote Usage
		Usr 0 00:00:00, Sys 0 00:00:00  -  Run Local Usage
		Usr 0 00:01:41, Sys 0 00:00:03  -  Total Remote Usage
		Usr 0 00:00:00, Sys 0 00:00:00  -  Total Local Usage
	509056  -  Run Bytes Sent By Job
	46564  -  Run Bytes Received By Job
	509056  -  Total Bytes Sent By Job
	46564  -  Total Bytes Received By Job
	Partitionable Resources :    Usage  Request          
	   Cpus                 :                 1          
	   Disk (KB)            :      568      568          
	   Memory (MB)          :        2        2          
...
