
----------------------------------------------------
Job started on Mon Jun 22 20:55:30 EDT 2015 at WN: t2bat0290.cmsaf.mit.edu 
Job is running on Linux t2bat0290.cmsaf.mit.edu 2.6.32-358.el6.x86_64 #1 SMP Fri Feb 22 20:37:17 CST 2013 x86_64 x86_64 x86_64 GNU/Linux
Filesystem            Size  Used Avail Use% Mounted on
/dev/sda3              20G  3.1G   16G  17% /
tmpfs                  32G     0   32G   0% /dev/shm
/dev/sda1              97M   32M   61M  35% /boot
/dev/sda4             416G   66G  350G  16% /export/data1
/dev/sdb1             2.7T  2.4T  305G  89% /export/00b
/dev/sdc1             2.7T  2.4T  304G  89% /export/00c
/dev/sdd1             2.7T  2.4T  306G  89% /export/00d
/dev/sde1             2.7T  2.4T  296G  90% /export/00e
/dev/sdf1             2.7T  2.4T  308G  89% /export/00f
/dev/sdg1             2.7T  2.4T  310G  89% /export/00g
/dev/sdh1             2.7T  2.4T  307G  89% /export/00h
/dev/sdi1             2.7T  2.4T  309G  89% /export/00i
/dev/sdj1             2.7T  2.4T  323G  89% /export/00j
/dev/sdk1             2.7T  2.4T  306G  89% /export/00k
/dev/sdl1             2.7T  2.4T  311G  89% /export/00l
fuse_dfs              4.9P  4.4P  522T  90% /mnt/hadoop
cvmfs2                 98G   63G   36G  64% /cvmfs/cms.cern.ch
t2srv0004:/export/db  135G  187M  135G   1% /net/t2srv0004/db
cvmfs2                 98G   63G   36G  64% /cvmfs/oasis.opensciencegrid.org
cvmfs2                 98G   63G   36G  64% /cvmfs/mu2e.opensciencegrid.org
cvmfs2                 98G   63G   36G  64% /cvmfs/cdfcfs.fnal.gov
cvmfs2                 98G   63G   36G  64% /cvmfs/cvmfs.cmsaf.mit.edu
gcc (GCC) 4.4.7 20120313 (Red Hat 4.4.7-3)
Copyright (C) 2010 Free Software Foundation, Inc.
This is free software; see the source for copying conditions.  There is NO
warranty; not even for MERCHANTABILITY or FITNESS FOR A PARTICULAR PURPOSE.

Processing...
0/189825
10000/189825
20000/189825
30000/189825
40000/189825
50000/189825
60000/189825
70000/189825
80000/189825
90000/189825
100000/189825
110000/189825
120000/189825
130000/189825
140000/189825
150000/189825
160000/189825
170000/189825
180000/189825
Macro finished: 
CPU time (min)  = 1.78083
Real time (min) = 7.0298
Done!
Copied output files to hadoop rootfiles/JetRAA/June22
