000 (426771.000.000) 06/22 20:55:19 Job submitted from host: <18.12.1.74:48322>
...
001 (426771.000.000) 06/22 20:55:28 Job executing on host: <18.12.9.30:40073>
...
006 (426771.000.000) 06/22 20:55:37 Image size of job updated: 1196
	1  -  MemoryUsage of job (MB)
	156  -  ResidentSetSize of job (KB)
...
006 (426771.000.000) 06/22 21:00:38 Image size of job updated: 243624
	127  -  MemoryUsage of job (MB)
	129220  -  ResidentSetSize of job (KB)
...
005 (426771.000.000) 06/22 21:00:42 Job terminated.
	(1) Normal termination (return value 0)
		Usr 0 00:01:14, Sys 0 00:00:02  -  Run Remote Usage
		Usr 0 00:00:00, Sys 0 00:00:00  -  Run Local Usage
		Usr 0 00:01:14, Sys 0 00:00:02  -  Total Remote Usage
		Usr 0 00:00:00, Sys 0 00:00:00  -  Total Local Usage
	495257  -  Run Bytes Sent By Job
	41910  -  Run Bytes Received By Job
	495257  -  Total Bytes Sent By Job
	41910  -  Total Bytes Received By Job
	Partitionable Resources :    Usage  Request          
	   Cpus                 :                 1          
	   Disk (KB)            :      550      550          
	   Memory (MB)          :      127      127          
...
