
----------------------------------------------------
Job started on Mon Jun 29 21:59:57 EDT 2015 at WN: t2bat0272.cmsaf.mit.edu 
Job is running on Linux t2bat0272.cmsaf.mit.edu 2.6.32-358.el6.x86_64 #1 SMP Fri Feb 22 20:37:17 CST 2013 x86_64 x86_64 x86_64 GNU/Linux
Filesystem            Size  Used Avail Use% Mounted on
/dev/sda3              20G  3.2G   16G  17% /
tmpfs                  12G     0   12G   0% /dev/shm
/dev/sda1              97M   32M   61M  35% /boot
/dev/sda4             874G   39G  835G   5% /export/data1
/dev/sdb1             1.8T  1.7T  194G  90% /export/00b
/dev/sdc1             1.8T  1.6T  197G  90% /export/00c
/dev/sdd1             1.8T  1.6T  216G  89% /export/00d
/dev/sde1             1.8T  1.6T  205G  89% /export/00e
/dev/sdf1             1.8T  1.6T  204G  89% /export/00f
fuse_dfs              4.9P  4.4P  527T  90% /mnt/hadoop
cvmfs2                 98G   35G   64G  36% /cvmfs/cms.cern.ch
t2srv0004:/export/db  135G  187M  135G   1% /net/t2srv0004/db
cvmfs2                 98G   35G   64G  36% /cvmfs/cvmfs.cmsaf.mit.edu
cvmfs2                 98G   35G   64G  36% /cvmfs/oasis.opensciencegrid.org
gcc (GCC) 4.4.7 20120313 (Red Hat 4.4.7-3)
Copyright (C) 2010 Free Software Foundation, Inc.
This is free software; see the source for copying conditions.  There is NO
warranty; not even for MERCHANTABILITY or FITNESS FOR A PARTICULAR PURPOSE.

Processing...
0/187964
10000/187964
20000/187964
30000/187964
40000/187964
50000/187964
60000/187964
70000/187964
80000/187964
90000/187964
100000/187964
110000/187964
120000/187964
130000/187964
140000/187964
150000/187964
160000/187964
170000/187964
180000/187964
Macro finished: 
CPU time (min)  = 2.02483
Real time (min) = 3.07672
Done!
Copied output files to hadoop rootfiles/JetRAA/June22
