
----------------------------------------------------
Job started on Tue Jun 23 16:48:40 EDT 2015 at WN: t2bat0311.cmsaf.mit.edu 
Job is running on Linux t2bat0311.cmsaf.mit.edu 2.6.32-358.el6.x86_64 #1 SMP Fri Feb 22 20:37:17 CST 2013 x86_64 x86_64 x86_64 GNU/Linux
Filesystem            Size  Used Avail Use% Mounted on
/dev/sda3              20G  3.0G   16G  16% /
tmpfs                  32G     0   32G   0% /dev/shm
/dev/sda1              97M   32M   61M  35% /boot
/dev/sda4             416G  101G  315G  25% /export/data1
fuse_dfs              4.9P  4.4P  516T  90% /mnt/hadoop
/dev/sdb1             3.6T  3.3T  377G  90% /export/00b
/dev/sdc1             3.6T  3.3T  390G  90% /export/00c
/dev/sdd1             3.6T  3.3T  387G  90% /export/00d
/dev/sde1             3.6T  3.3T  386G  90% /export/00e
/dev/sdf1             3.6T  3.2T  421G  89% /export/00f
/dev/sdg1             3.6T  3.2T  452G  88% /export/00g
t2srv0004:/export/db  135G  187M  135G   1% /net/t2srv0004/db
cvmfs2                 98G   97G  692M 100% /cvmfs/cms.cern.ch
cvmfs2                 98G   97G  692M 100% /cvmfs/oasis.opensciencegrid.org
gcc (GCC) 4.4.7 20120313 (Red Hat 4.4.7-3)
Copyright (C) 2010 Free Software Foundation, Inc.
This is free software; see the source for copying conditions.  There is NO
warranty; not even for MERCHANTABILITY or FITNESS FOR A PARTICULAR PURPOSE.

Processing...
0/333243
10000/333243
20000/333243
30000/333243
40000/333243
50000/333243
60000/333243
70000/333243
80000/333243
90000/333243
100000/333243
110000/333243
120000/333243
130000/333243
140000/333243
150000/333243
160000/333243
170000/333243
180000/333243
190000/333243
200000/333243
210000/333243
220000/333243
230000/333243
240000/333243
250000/333243
260000/333243
270000/333243
280000/333243
290000/333243
300000/333243
310000/333243
320000/333243
330000/333243
Macro finished: 
CPU time (min)  = 2.5105
Real time (min) = 4.17226
Done!
Copied output files to hadoop rootfiles/JetRAA/June22
