
----------------------------------------------------
Job started on Mon Jun 29 21:59:52 EDT 2015 at WN: hibat0051.cmsaf.mit.edu 
Job is running on Linux hibat0051.cmsaf.mit.edu 2.6.32-358.el6.x86_64 #1 SMP Fri Feb 22 20:37:17 CST 2013 x86_64 x86_64 x86_64 GNU/Linux
Filesystem            Size  Used Avail Use% Mounted on
/dev/sda3              20G  3.7G   16G  20% /
tmpfs                  24G     0   24G   0% /dev/shm
/dev/sda1              97M   32M   61M  35% /boot
/dev/sda4             873G   57G  817G   7% /export/data1
/dev/sdb1             2.7T  2.5T  272G  91% /export/00b
/dev/sdc1             2.7T  2.4T  296G  90% /export/00c
/dev/sdd1             2.7T  2.5T  288G  90% /export/00d
/dev/sde1             2.7T  2.5T  289G  90% /export/00e
/dev/sdf1             2.7T  2.5T  286G  90% /export/00f
fuse_dfs              4.9P  4.4P  527T  90% /mnt/hadoop
/dev/sdg1             3.6T  3.2T  438G  89% /export/00g
/dev/sdh1             3.6T  3.2T  455G  88% /export/00h
cvmfs2                 98G   54G   44G  55% /cvmfs/cms.cern.ch
t2srv0004:/export/db  135G  187M  135G   1% /net/t2srv0004/db
cvmfs2                 98G   54G   44G  55% /cvmfs/cvmfs.cmsaf.mit.edu
cvmfs2                 98G   54G   44G  55% /cvmfs/oasis.opensciencegrid.org
gcc (GCC) 4.4.7 20120313 (Red Hat 4.4.7-3)
Copyright (C) 2010 Free Software Foundation, Inc.
This is free software; see the source for copying conditions.  There is NO
warranty; not even for MERCHANTABILITY or FITNESS FOR A PARTICULAR PURPOSE.

Processing...
0/151763
10000/151763
20000/151763
30000/151763
40000/151763
50000/151763
60000/151763
70000/151763
80000/151763
90000/151763
100000/151763
110000/151763
120000/151763
130000/151763
140000/151763
150000/151763
Macro finished: 
CPU time (min)  = 1.7465
Real time (min) = 2.13416
Done!
Copied output files to hadoop rootfiles/JetRAA/June22
