000 (426350.000.000) 06/22 20:49:57 Job submitted from host: <18.12.1.74:48322>
...
001 (426350.000.000) 06/22 20:50:38 Job executing on host: <18.12.9.47:46351>
...
006 (426350.000.000) 06/22 20:50:47 Image size of job updated: 183036
	50  -  MemoryUsage of job (MB)
	51152  -  ResidentSetSize of job (KB)
...
006 (426350.000.000) 06/22 20:50:58 Image size of job updated: 189592
	50  -  MemoryUsage of job (MB)
	51152  -  ResidentSetSize of job (KB)
...
005 (426350.000.000) 06/22 20:50:59 Job terminated.
	(1) Normal termination (return value 0)
		Usr 0 00:00:02, Sys 0 00:00:00  -  Run Remote Usage
		Usr 0 00:00:00, Sys 0 00:00:00  -  Run Local Usage
		Usr 0 00:00:02, Sys 0 00:00:00  -  Total Remote Usage
		Usr 0 00:00:00, Sys 0 00:00:00  -  Total Local Usage
	494868  -  Run Bytes Sent By Job
	41910  -  Run Bytes Received By Job
	494868  -  Total Bytes Sent By Job
	41910  -  Total Bytes Received By Job
	Partitionable Resources :    Usage  Request          
	   Cpus                 :                 1          
	   Disk (KB)            :      550      550          
	   Memory (MB)          :       50       50          
...
000 (426530.000.000) 06/22 20:51:38 Job submitted from host: <18.12.1.74:48322>
...
001 (426530.000.000) 06/22 20:52:08 Job executing on host: <18.12.9.76:47884>
...
006 (426530.000.000) 06/22 20:52:17 Image size of job updated: 1
	3  -  MemoryUsage of job (MB)
	2356  -  ResidentSetSize of job (KB)
...
006 (426530.000.000) 06/22 20:52:26 Image size of job updated: 246164
	3  -  MemoryUsage of job (MB)
	2356  -  ResidentSetSize of job (KB)
...
005 (426530.000.000) 06/22 20:52:27 Job terminated.
	(1) Normal termination (return value 0)
		Usr 0 00:00:06, Sys 0 00:00:00  -  Run Remote Usage
		Usr 0 00:00:00, Sys 0 00:00:00  -  Run Local Usage
		Usr 0 00:00:06, Sys 0 00:00:00  -  Total Remote Usage
		Usr 0 00:00:00, Sys 0 00:00:00  -  Total Local Usage
	494804  -  Run Bytes Sent By Job
	41910  -  Run Bytes Received By Job
	494804  -  Total Bytes Sent By Job
	41910  -  Total Bytes Received By Job
	Partitionable Resources :    Usage  Request          
	   Cpus                 :                 1          
	   Disk (KB)            :      550      550          
	   Memory (MB)          :        3        3          
...
