
----------------------------------------------------
Job started on Mon Jun 22 20:55:28 EDT 2015 at WN: hibat0084.cmsaf.mit.edu 
Job is running on Linux hibat0084.cmsaf.mit.edu 2.6.32-358.el6.x86_64 #1 SMP Fri Feb 22 20:37:17 CST 2013 x86_64 x86_64 x86_64 GNU/Linux
Filesystem            Size  Used Avail Use% Mounted on
/dev/sda3              20G  3.6G   16G  20% /
tmpfs                  24G     0   24G   0% /dev/shm
/dev/sda1              97M   32M   61M  35% /boot
/dev/sda4             873G   79G  795G   9% /export/data1
/dev/sdb1             2.7T  2.7T   87G  97% /export/00b
/dev/sdc1             2.7T  2.7T   76G  98% /export/00c
/dev/sdd1             2.7T  2.7T   84G  97% /export/00d
/dev/sde1             2.7T  2.7T   82G  98% /export/00e
/dev/sdf1             2.7T  2.6T   94G  97% /export/00f
/dev/sdg1             3.6T  3.1T  551G  85% /export/00g
/dev/sdh1             3.6T  3.1T  560G  85% /export/00h
fuse_dfs              4.9P  4.4P  522T  90% /mnt/hadoop
t2srv0004:/export/db  135G  187M  135G   1% /net/t2srv0004/db
cvmfs2                 98G   76G   22G  78% /cvmfs/cms.cern.ch
cvmfs2                 98G   76G   22G  78% /cvmfs/mu2e.opensciencegrid.org
gcc (GCC) 4.4.7 20120313 (Red Hat 4.4.7-3)
Copyright (C) 2010 Free Software Foundation, Inc.
This is free software; see the source for copying conditions.  There is NO
warranty; not even for MERCHANTABILITY or FITNESS FOR A PARTICULAR PURPOSE.

Processing...
0/147751
10000/147751
20000/147751
30000/147751
40000/147751
50000/147751
60000/147751
70000/147751
80000/147751
90000/147751
100000/147751
110000/147751
120000/147751
130000/147751
140000/147751
Macro finished: 
CPU time (min)  = 1.75183
Real time (min) = 3.66607
Done!
Copied output files to hadoop rootfiles/JetRAA/June22
