
----------------------------------------------------
Job started on Mon Jun 22 20:55:31 EDT 2015 at WN: t2bat0127.cmsaf.mit.edu 
Job is running on Linux t2bat0127.cmsaf.mit.edu 2.6.32-358.el6.x86_64 #1 SMP Fri Feb 22 20:37:17 CST 2013 x86_64 x86_64 x86_64 GNU/Linux
Filesystem            Size  Used Avail Use% Mounted on
/dev/sda3              20G  2.5G   17G  14% /
tmpfs                 7.8G     0  7.8G   0% /dev/shm
/dev/sda1              97M   33M   60M  36% /boot
/dev/sda4             415G   67G  348G  17% /export/data1
/dev/sdb1             1.8T  1.6T  258G  86% /export/00b
/dev/sdc1             1.8T  1.6T  272G  86% /export/00c
/dev/sdd1             1.8T  1.6T  264G  86% /export/00d
/dev/sde1             1.8T  1.6T  255G  87% /export/00e
/dev/sdf1             1.8T  1.6T  258G  86% /export/00f
fuse_dfs              4.9P  4.4P  522T  90% /mnt/hadoop
cvmfs2                 98G   65G   34G  67% /cvmfs/cms.cern.ch
t2srv0004:/export/db  135G  187M  135G   1% /net/t2srv0004/db
cvmfs2                 98G   65G   34G  67% /cvmfs/mu2e.opensciencegrid.org
hisrv0001:/export/home
                      2.0T  1.6T  354G  82% /net/hisrv0001/home
gcc (GCC) 4.4.7 20120313 (Red Hat 4.4.7-3)
Copyright (C) 2010 Free Software Foundation, Inc.
This is free software; see the source for copying conditions.  There is NO
warranty; not even for MERCHANTABILITY or FITNESS FOR A PARTICULAR PURPOSE.

Processing...
0/177561
10000/177561
20000/177561
30000/177561
40000/177561
50000/177561
60000/177561
70000/177561
80000/177561
90000/177561
100000/177561
110000/177561
120000/177561
130000/177561
140000/177561
150000/177561
160000/177561
170000/177561
Macro finished: 
CPU time (min)  = 1.48983
Real time (min) = 4.42618
Done!
Copied output files to hadoop rootfiles/JetRAA/June22
