
----------------------------------------------------
Job started on Mon Jun 22 20:55:30 EDT 2015 at WN: t2bat0123.cmsaf.mit.edu 
Job is running on Linux t2bat0123.cmsaf.mit.edu 2.6.32-358.el6.x86_64 #1 SMP Fri Feb 22 20:37:17 CST 2013 x86_64 x86_64 x86_64 GNU/Linux
Filesystem            Size  Used Avail Use% Mounted on
/dev/sda3              20G  3.6G   16G  20% /
tmpfs                 7.8G     0  7.8G   0% /dev/shm
/dev/sda1              97M   33M   60M  36% /boot
/dev/sda4             415G   68G  348G  17% /export/data1
fuse_dfs              4.9P  4.4P  522T  90% /mnt/hadoop
/dev/sdb1             1.8T  1.6T  210G  89% /export/00b
/dev/sdc1             1.8T  1.6T  204G  89% /export/00c
/dev/sdd1             1.8T  1.6T  198G  90% /export/00d
/dev/sde1             1.8T  1.6T  201G  90% /export/00e
/dev/sdf1             1.8T  1.7T  193G  90% /export/00f
t2srv0004:/export/db  135G  187M  135G   1% /net/t2srv0004/db
cvmfs2                 98G   67G   32G  69% /cvmfs/cms.cern.ch
cvmfs2                 98G   67G   32G  69% /cvmfs/mu2e.opensciencegrid.org
gcc (GCC) 4.4.7 20120313 (Red Hat 4.4.7-3)
Copyright (C) 2010 Free Software Foundation, Inc.
This is free software; see the source for copying conditions.  There is NO
warranty; not even for MERCHANTABILITY or FITNESS FOR A PARTICULAR PURPOSE.

Processing...
0/125125
10000/125125
20000/125125
30000/125125
40000/125125
50000/125125
60000/125125
70000/125125
80000/125125
90000/125125
100000/125125
110000/125125
120000/125125
Macro finished: 
CPU time (min)  = 1.0245
Real time (min) = 1.52117
Done!
Copied output files to hadoop rootfiles/JetRAA/June22
