000 (426780.000.000) 06/22 20:55:20 Job submitted from host: <18.12.1.74:48322>
...
001 (426780.000.000) 06/22 20:55:27 Job executing on host: <18.12.9.64:47738>
...
006 (426780.000.000) 06/22 20:55:36 Image size of job updated: 1
	3  -  MemoryUsage of job (MB)
	2356  -  ResidentSetSize of job (KB)
...
006 (426780.000.000) 06/22 20:59:05 Image size of job updated: 243136
	3  -  MemoryUsage of job (MB)
	2356  -  ResidentSetSize of job (KB)
...
005 (426780.000.000) 06/22 20:59:06 Job terminated.
	(1) Normal termination (return value 0)
		Usr 0 00:02:24, Sys 0 00:00:02  -  Run Remote Usage
		Usr 0 00:00:00, Sys 0 00:00:00  -  Run Local Usage
		Usr 0 00:02:24, Sys 0 00:00:02  -  Total Remote Usage
		Usr 0 00:00:00, Sys 0 00:00:00  -  Total Local Usage
	495466  -  Run Bytes Sent By Job
	41910  -  Run Bytes Received By Job
	495466  -  Total Bytes Sent By Job
	41910  -  Total Bytes Received By Job
	Partitionable Resources :    Usage  Request          
	   Cpus                 :                 1          
	   Disk (KB)            :      550      550          
	   Memory (MB)          :        3        3          
...
