
----------------------------------------------------
Job started on Mon Jun 29 21:56:49 EDT 2015 at WN: t2bat0176.cmsaf.mit.edu 
Job is running on Linux t2bat0176.cmsaf.mit.edu 2.6.32-358.el6.x86_64 #1 SMP Fri Feb 22 20:37:17 CST 2013 x86_64 x86_64 x86_64 GNU/Linux
Filesystem            Size  Used Avail Use% Mounted on
/dev/sda3              20G  4.0G   15G  22% /
tmpfs                  12G     0   12G   0% /dev/shm
/dev/sda1              97M   32M   61M  35% /boot
/dev/sda4             874G   27G  848G   4% /export/data1
/dev/sdb1             1.8T  1.6T  203G  89% /export/00b
/dev/sdc1             1.8T  1.6T  201G  90% /export/00c
/dev/sdd1             1.8T  1.6T  210G  89% /export/00d
/dev/sde1             1.8T  1.6T  209G  89% /export/00e
/dev/sdf1             1.8T  1.6T  204G  89% /export/00f
fuse_dfs              4.9P  4.4P  527T  90% /mnt/hadoop
cvmfs2                 98G   23G   75G  24% /cvmfs/cms.cern.ch
cvmfs2                 98G   23G   75G  24% /cvmfs/cvmfs.cmsaf.mit.edu
cvmfs2                 98G   23G   75G  24% /cvmfs/oasis.opensciencegrid.org
t2srv0004:/export/db  135G  187M  135G   1% /net/t2srv0004/db
gcc (GCC) 4.4.7 20120313 (Red Hat 4.4.7-3)
Copyright (C) 2010 Free Software Foundation, Inc.
This is free software; see the source for copying conditions.  There is NO
warranty; not even for MERCHANTABILITY or FITNESS FOR A PARTICULAR PURPOSE.

Processing...
0/64483
10000/64483
20000/64483
30000/64483
40000/64483
50000/64483
60000/64483
Macro finished: 
CPU time (min)  = 0.569
Real time (min) = 1.46407
Done!
Copied output files to hadoop rootfiles/JetRAA/June22
