000 (426441.000.000) 06/22 20:50:06 Job submitted from host: <18.12.1.74:48322>
...
001 (426441.000.000) 06/22 20:50:48 Job executing on host: <18.12.8.115:48030>
...
006 (426441.000.000) 06/22 20:50:56 Image size of job updated: 1
	3  -  MemoryUsage of job (MB)
	2352  -  ResidentSetSize of job (KB)
...
006 (426441.000.000) 06/22 20:51:02 Image size of job updated: 245624
	3  -  MemoryUsage of job (MB)
	2352  -  ResidentSetSize of job (KB)
...
004 (426441.000.000) 06/22 20:51:02 Job was evicted.
	(0) Job was not checkpointed.
		Usr 0 00:00:02, Sys 0 00:00:00  -  Run Remote Usage
		Usr 0 00:00:00, Sys 0 00:00:00  -  Run Local Usage
	0  -  Run Bytes Sent By Job
	41910  -  Run Bytes Received By Job
	Partitionable Resources :    Usage  Request          
	   Cpus                 :                 1          
	   Disk (KB)            :      550      550          
	   Memory (MB)          :        3        3          
...
009 (426441.000.000) 06/22 20:51:03 Job was aborted by the user.
	via condor_rm (by user rkunnawa)
...
000 (491865.000.000) 06/29 09:48:12 Job submitted from host: <18.12.1.74:48322>
...
001 (491865.000.000) 06/29 09:48:23 Job executing on host: <18.12.9.46:40292>
...
006 (491865.000.000) 06/29 09:48:32 Image size of job updated: 1
	3  -  MemoryUsage of job (MB)
	2360  -  ResidentSetSize of job (KB)
...
006 (491865.000.000) 06/29 09:50:10 Image size of job updated: 247004
	3  -  MemoryUsage of job (MB)
	2360  -  ResidentSetSize of job (KB)
...
005 (491865.000.000) 06/29 09:50:10 Job terminated.
	(1) Normal termination (return value 0)
		Usr 0 00:01:15, Sys 0 00:00:02  -  Run Remote Usage
		Usr 0 00:00:00, Sys 0 00:00:00  -  Run Local Usage
		Usr 0 00:01:15, Sys 0 00:00:02  -  Total Remote Usage
		Usr 0 00:00:00, Sys 0 00:00:00  -  Total Local Usage
	509212  -  Run Bytes Sent By Job
	46550  -  Run Bytes Received By Job
	509212  -  Total Bytes Sent By Job
	46550  -  Total Bytes Received By Job
	Partitionable Resources :    Usage  Request          
	   Cpus                 :                 1          
	   Disk (KB)            :      568      568          
	   Memory (MB)          :        3        3          
...
000 (492617.000.000) 06/29 10:14:17 Job submitted from host: <18.12.1.74:48322>
...
001 (492617.000.000) 06/29 10:15:15 Job executing on host: <18.12.8.168:45840>
...
006 (492617.000.000) 06/29 10:15:24 Image size of job updated: 143792
	24  -  MemoryUsage of job (MB)
	23668  -  ResidentSetSize of job (KB)
...
006 (492617.000.000) 06/29 10:17:57 Image size of job updated: 247144
	24  -  MemoryUsage of job (MB)
	23668  -  ResidentSetSize of job (KB)
...
005 (492617.000.000) 06/29 10:17:58 Job terminated.
	(1) Normal termination (return value 0)
		Usr 0 00:01:11, Sys 0 00:00:01  -  Run Remote Usage
		Usr 0 00:00:00, Sys 0 00:00:00  -  Run Local Usage
		Usr 0 00:01:11, Sys 0 00:00:01  -  Total Remote Usage
		Usr 0 00:00:00, Sys 0 00:00:00  -  Total Local Usage
	508824  -  Run Bytes Sent By Job
	46566  -  Run Bytes Received By Job
	508824  -  Total Bytes Sent By Job
	46566  -  Total Bytes Received By Job
	Partitionable Resources :    Usage  Request          
	   Cpus                 :                 1          
	   Disk (KB)            :      568      568          
	   Memory (MB)          :       24       24          
...
000 (495336.000.000) 06/29 21:59:32 Job submitted from host: <18.12.1.74:48322>
...
001 (495336.000.000) 06/29 21:59:47 Job executing on host: <18.12.9.46:40292>
...
006 (495336.000.000) 06/29 21:59:56 Image size of job updated: 246068
	60  -  MemoryUsage of job (MB)
	61360  -  ResidentSetSize of job (KB)
...
006 (495336.000.000) 06/29 22:01:56 Image size of job updated: 247560
	60  -  MemoryUsage of job (MB)
	61360  -  ResidentSetSize of job (KB)
...
005 (495336.000.000) 06/29 22:01:56 Job terminated.
	(1) Normal termination (return value 0)
		Usr 0 00:01:22, Sys 0 00:00:04  -  Run Remote Usage
		Usr 0 00:00:00, Sys 0 00:00:00  -  Run Local Usage
		Usr 0 00:01:22, Sys 0 00:00:04  -  Total Remote Usage
		Usr 0 00:00:00, Sys 0 00:00:00  -  Total Local Usage
	509235  -  Run Bytes Sent By Job
	46564  -  Run Bytes Received By Job
	509235  -  Total Bytes Sent By Job
	46564  -  Total Bytes Received By Job
	Partitionable Resources :    Usage  Request          
	   Cpus                 :                 1          
	   Disk (KB)            :      568      568          
	   Memory (MB)          :       60       60          
...
