000 (426419.000.000) 06/22 20:50:04 Job submitted from host: <18.12.1.74:48322>
...
001 (426419.000.000) 06/22 20:50:46 Job executing on host: <18.12.8.240:46059>
...
006 (426419.000.000) 06/22 20:50:55 Image size of job updated: 1
	3  -  MemoryUsage of job (MB)
	2348  -  ResidentSetSize of job (KB)
...
006 (426419.000.000) 06/22 20:51:02 Image size of job updated: 245248
	3  -  MemoryUsage of job (MB)
	2348  -  ResidentSetSize of job (KB)
...
004 (426419.000.000) 06/22 20:51:02 Job was evicted.
	(0) Job was not checkpointed.
		Usr 0 00:00:01, Sys 0 00:00:00  -  Run Remote Usage
		Usr 0 00:00:00, Sys 0 00:00:00  -  Run Local Usage
	0  -  Run Bytes Sent By Job
	41910  -  Run Bytes Received By Job
	Partitionable Resources :    Usage  Request          
	   Cpus                 :                 1          
	   Disk (KB)            :      550      550          
	   Memory (MB)          :        3        3          
...
009 (426419.000.000) 06/22 20:51:10 Job was aborted by the user.
	via condor_rm (by user rkunnawa)
...
000 (491843.000.000) 06/29 09:48:09 Job submitted from host: <18.12.1.74:48322>
...
001 (491843.000.000) 06/29 09:48:19 Job executing on host: <18.12.8.51:41022>
...
006 (491843.000.000) 06/29 09:48:27 Image size of job updated: 1
	3  -  MemoryUsage of job (MB)
	2356  -  ResidentSetSize of job (KB)
...
006 (491843.000.000) 06/29 09:50:17 Image size of job updated: 246912
	3  -  MemoryUsage of job (MB)
	2356  -  ResidentSetSize of job (KB)
...
005 (491843.000.000) 06/29 09:50:17 Job terminated.
	(1) Normal termination (return value 0)
		Usr 0 00:01:29, Sys 0 00:00:03  -  Run Remote Usage
		Usr 0 00:00:00, Sys 0 00:00:00  -  Run Local Usage
		Usr 0 00:01:29, Sys 0 00:00:03  -  Total Remote Usage
		Usr 0 00:00:00, Sys 0 00:00:00  -  Total Local Usage
	508633  -  Run Bytes Sent By Job
	46550  -  Run Bytes Received By Job
	508633  -  Total Bytes Sent By Job
	46550  -  Total Bytes Received By Job
	Partitionable Resources :    Usage  Request          
	   Cpus                 :                 1          
	   Disk (KB)            :      568      568          
	   Memory (MB)          :        3        3          
...
000 (492595.000.000) 06/29 10:14:13 Job submitted from host: <18.12.1.74:48322>
...
001 (492595.000.000) 06/29 10:14:40 Job executing on host: <18.12.8.155:49344>
...
006 (492595.000.000) 06/29 10:14:48 Image size of job updated: 1
	3  -  MemoryUsage of job (MB)
	2356  -  ResidentSetSize of job (KB)
...
006 (492595.000.000) 06/29 10:17:04 Image size of job updated: 246908
	3  -  MemoryUsage of job (MB)
	2356  -  ResidentSetSize of job (KB)
...
005 (492595.000.000) 06/29 10:17:05 Job terminated.
	(1) Normal termination (return value 0)
		Usr 0 00:01:24, Sys 0 00:00:02  -  Run Remote Usage
		Usr 0 00:00:00, Sys 0 00:00:00  -  Run Local Usage
		Usr 0 00:01:24, Sys 0 00:00:02  -  Total Remote Usage
		Usr 0 00:00:00, Sys 0 00:00:00  -  Total Local Usage
	508934  -  Run Bytes Sent By Job
	46566  -  Run Bytes Received By Job
	508934  -  Total Bytes Sent By Job
	46566  -  Total Bytes Received By Job
	Partitionable Resources :    Usage  Request          
	   Cpus                 :                 1          
	   Disk (KB)            :      568      568          
	   Memory (MB)          :        3        3          
...
000 (495314.000.000) 06/29 21:59:30 Job submitted from host: <18.12.1.74:48322>
...
001 (495314.000.000) 06/29 21:59:44 Job executing on host: <18.12.9.56:40657>
...
006 (495314.000.000) 06/29 21:59:52 Image size of job updated: 1
	3  -  MemoryUsage of job (MB)
	2356  -  ResidentSetSize of job (KB)
...
006 (495314.000.000) 06/29 22:01:26 Image size of job updated: 247476
	3  -  MemoryUsage of job (MB)
	2356  -  ResidentSetSize of job (KB)
...
005 (495314.000.000) 06/29 22:01:26 Job terminated.
	(1) Normal termination (return value 0)
		Usr 0 00:01:01, Sys 0 00:00:03  -  Run Remote Usage
		Usr 0 00:00:00, Sys 0 00:00:00  -  Run Local Usage
		Usr 0 00:01:01, Sys 0 00:00:03  -  Total Remote Usage
		Usr 0 00:00:00, Sys 0 00:00:00  -  Total Local Usage
	508927  -  Run Bytes Sent By Job
	46564  -  Run Bytes Received By Job
	508927  -  Total Bytes Sent By Job
	46564  -  Total Bytes Received By Job
	Partitionable Resources :    Usage  Request          
	   Cpus                 :                 1          
	   Disk (KB)            :      568      568          
	   Memory (MB)          :        3        3          
...
