000 (426461.000.000) 06/22 20:50:08 Job submitted from host: <18.12.1.74:48322>
...
001 (426461.000.000) 06/22 20:50:51 Job executing on host: <18.12.6.82:43942>
...
006 (426461.000.000) 06/22 20:50:59 Image size of job updated: 184196
	52  -  MemoryUsage of job (MB)
	53248  -  ResidentSetSize of job (KB)
...
006 (426461.000.000) 06/22 20:51:02 Image size of job updated: 245012
	52  -  MemoryUsage of job (MB)
	53248  -  ResidentSetSize of job (KB)
...
004 (426461.000.000) 06/22 20:51:02 Job was evicted.
	(0) Job was not checkpointed.
		Usr 0 00:00:04, Sys 0 00:00:00  -  Run Remote Usage
		Usr 0 00:00:00, Sys 0 00:00:00  -  Run Local Usage
	0  -  Run Bytes Sent By Job
	41910  -  Run Bytes Received By Job
	Partitionable Resources :    Usage  Request          
	   Cpus                 :                 1          
	   Disk (KB)            :      550      550          
	   Memory (MB)          :       52       52          
...
009 (426461.000.000) 06/22 20:51:10 Job was aborted by the user.
	via condor_rm (by user rkunnawa)
...
