000 (426486.000.000) 06/22 20:50:10 Job submitted from host: <18.12.1.74:48322>
...
001 (426486.000.000) 06/22 20:50:54 Job executing on host: <18.12.9.55:40657>
...
006 (426486.000.000) 06/22 20:51:02 Image size of job updated: 1
	3  -  MemoryUsage of job (MB)
	2380  -  ResidentSetSize of job (KB)
...
006 (426486.000.000) 06/22 20:51:02 Image size of job updated: 245168
	3  -  MemoryUsage of job (MB)
	2380  -  ResidentSetSize of job (KB)
...
004 (426486.000.000) 06/22 20:51:02 Job was evicted.
	(0) Job was not checkpointed.
		Usr 0 00:00:02, Sys 0 00:00:00  -  Run Remote Usage
		Usr 0 00:00:00, Sys 0 00:00:00  -  Run Local Usage
	0  -  Run Bytes Sent By Job
	41910  -  Run Bytes Received By Job
	Partitionable Resources :    Usage  Request          
	   Cpus                 :                 1          
	   Disk (KB)            :      550      550          
	   Memory (MB)          :        3        3          
...
009 (426486.000.000) 06/22 20:51:10 Job was aborted by the user.
	via condor_rm (by user rkunnawa)
...
000 (426598.000.000) 06/22 20:51:44 Job submitted from host: <18.12.1.74:48322>
...
001 (426598.000.000) 06/22 20:52:15 Job executing on host: <18.12.8.226:49563>
...
006 (426598.000.000) 06/22 20:52:23 Image size of job updated: 1
	3  -  MemoryUsage of job (MB)
	2356  -  ResidentSetSize of job (KB)
...
006 (426598.000.000) 06/22 20:57:23 Image size of job updated: 247260
	119  -  MemoryUsage of job (MB)
	120960  -  ResidentSetSize of job (KB)
...
005 (426598.000.000) 06/22 20:58:42 Job terminated.
	(1) Normal termination (return value 0)
		Usr 0 00:02:53, Sys 0 00:00:04  -  Run Remote Usage
		Usr 0 00:00:00, Sys 0 00:00:00  -  Run Local Usage
		Usr 0 00:02:53, Sys 0 00:00:04  -  Total Remote Usage
		Usr 0 00:00:00, Sys 0 00:00:00  -  Total Local Usage
	495131  -  Run Bytes Sent By Job
	41910  -  Run Bytes Received By Job
	495131  -  Total Bytes Sent By Job
	41910  -  Total Bytes Received By Job
	Partitionable Resources :    Usage  Request          
	   Cpus                 :                 1          
	   Disk (KB)            :      550      550          
	   Memory (MB)          :      119      119          
...
000 (491923.000.000) 06/29 09:48:22 Job submitted from host: <18.12.1.74:48322>
...
001 (491923.000.000) 06/29 09:49:45 Job executing on host: <18.12.9.68:44526>
...
006 (491923.000.000) 06/29 09:49:53 Image size of job updated: 144956
	28  -  MemoryUsage of job (MB)
	28672  -  ResidentSetSize of job (KB)
...
006 (491923.000.000) 06/29 09:52:06 Image size of job updated: 248152
	28  -  MemoryUsage of job (MB)
	28672  -  ResidentSetSize of job (KB)
...
005 (491923.000.000) 06/29 09:52:06 Job terminated.
	(1) Normal termination (return value 0)
		Usr 0 00:01:14, Sys 0 00:00:01  -  Run Remote Usage
		Usr 0 00:00:00, Sys 0 00:00:00  -  Run Local Usage
		Usr 0 00:01:14, Sys 0 00:00:01  -  Total Remote Usage
		Usr 0 00:00:00, Sys 0 00:00:00  -  Total Local Usage
	508794  -  Run Bytes Sent By Job
	46550  -  Run Bytes Received By Job
	508794  -  Total Bytes Sent By Job
	46550  -  Total Bytes Received By Job
	Partitionable Resources :    Usage  Request          
	   Cpus                 :                 1          
	   Disk (KB)            :      568      568          
	   Memory (MB)          :       28       28          
...
000 (492662.000.000) 06/29 10:14:31 Job submitted from host: <18.12.1.74:48322>
...
001 (492662.000.000) 06/29 10:14:43 Job executing on host: <18.12.8.239:41022>
...
006 (492662.000.000) 06/29 10:14:52 Image size of job updated: 1
	3  -  MemoryUsage of job (MB)
	2352  -  ResidentSetSize of job (KB)
...
006 (492662.000.000) 06/29 10:18:21 Image size of job updated: 246996
	3  -  MemoryUsage of job (MB)
	2352  -  ResidentSetSize of job (KB)
...
005 (492662.000.000) 06/29 10:18:21 Job terminated.
	(1) Normal termination (return value 0)
		Usr 0 00:01:21, Sys 0 00:00:02  -  Run Remote Usage
		Usr 0 00:00:00, Sys 0 00:00:00  -  Run Local Usage
		Usr 0 00:01:21, Sys 0 00:00:02  -  Total Remote Usage
		Usr 0 00:00:00, Sys 0 00:00:00  -  Total Local Usage
	508961  -  Run Bytes Sent By Job
	46566  -  Run Bytes Received By Job
	508961  -  Total Bytes Sent By Job
	46566  -  Total Bytes Received By Job
	Partitionable Resources :    Usage  Request          
	   Cpus                 :                 1          
	   Disk (KB)            :      568      568          
	   Memory (MB)          :        3        3          
...
000 (495381.000.000) 06/29 21:59:39 Job submitted from host: <18.12.1.74:48322>
...
001 (495381.000.000) 06/29 21:59:52 Job executing on host: <18.12.9.76:47884>
...
006 (495381.000.000) 06/29 22:00:01 Image size of job updated: 246164
	59  -  MemoryUsage of job (MB)
	60256  -  ResidentSetSize of job (KB)
...
006 (495381.000.000) 06/29 22:01:29 Image size of job updated: 248696
	59  -  MemoryUsage of job (MB)
	60256  -  ResidentSetSize of job (KB)
...
005 (495381.000.000) 06/29 22:01:29 Job terminated.
	(1) Normal termination (return value 0)
		Usr 0 00:01:13, Sys 0 00:00:01  -  Run Remote Usage
		Usr 0 00:00:00, Sys 0 00:00:00  -  Run Local Usage
		Usr 0 00:01:13, Sys 0 00:00:01  -  Total Remote Usage
		Usr 0 00:00:00, Sys 0 00:00:00  -  Total Local Usage
	508953  -  Run Bytes Sent By Job
	46564  -  Run Bytes Received By Job
	508953  -  Total Bytes Sent By Job
	46564  -  Total Bytes Received By Job
	Partitionable Resources :    Usage  Request          
	   Cpus                 :                 1          
	   Disk (KB)            :      568      568          
	   Memory (MB)          :       59       59          
...
