000 (426416.000.000) 06/22 20:50:03 Job submitted from host: <18.12.1.74:48322>
...
001 (426416.000.000) 06/22 20:50:47 Job executing on host: <18.12.8.124:43650>
...
006 (426416.000.000) 06/22 20:50:55 Image size of job updated: 1196
	1  -  MemoryUsage of job (MB)
	152  -  ResidentSetSize of job (KB)
...
006 (426416.000.000) 06/22 20:51:02 Image size of job updated: 245476
	1  -  MemoryUsage of job (MB)
	152  -  ResidentSetSize of job (KB)
...
004 (426416.000.000) 06/22 20:51:02 Job was evicted.
	(0) Job was not checkpointed.
		Usr 0 00:00:02, Sys 0 00:00:00  -  Run Remote Usage
		Usr 0 00:00:00, Sys 0 00:00:00  -  Run Local Usage
	0  -  Run Bytes Sent By Job
	41910  -  Run Bytes Received By Job
	Partitionable Resources :    Usage  Request          
	   Cpus                 :                 1          
	   Disk (KB)            :      550      550          
	   Memory (MB)          :        1        1          
...
009 (426416.000.000) 06/22 20:51:10 Job was aborted by the user.
	via condor_rm (by user rkunnawa)
...
000 (426563.000.000) 06/22 20:51:41 Job submitted from host: <18.12.1.74:48322>
...
001 (426563.000.000) 06/22 20:52:17 Job executing on host: <18.12.9.84:47519>
...
006 (426563.000.000) 06/22 20:52:25 Image size of job updated: 245524
	59  -  MemoryUsage of job (MB)
	60188  -  ResidentSetSize of job (KB)
...
006 (426563.000.000) 06/22 20:56:57 Image size of job updated: 248144
	59  -  MemoryUsage of job (MB)
	60188  -  ResidentSetSize of job (KB)
...
005 (426563.000.000) 06/22 20:56:57 Job terminated.
	(1) Normal termination (return value 0)
		Usr 0 00:02:53, Sys 0 00:00:04  -  Run Remote Usage
		Usr 0 00:00:00, Sys 0 00:00:00  -  Run Local Usage
		Usr 0 00:02:53, Sys 0 00:00:04  -  Total Remote Usage
		Usr 0 00:00:00, Sys 0 00:00:00  -  Total Local Usage
	495778  -  Run Bytes Sent By Job
	41910  -  Run Bytes Received By Job
	495778  -  Total Bytes Sent By Job
	41910  -  Total Bytes Received By Job
	Partitionable Resources :    Usage  Request          
	   Cpus                 :                 1          
	   Disk (KB)            :      551      551          
	   Memory (MB)          :       59       59          
...
