
----------------------------------------------------
Job started on Mon Jun 22 20:52:15 EDT 2015 at WN: t2bat0226.cmsaf.mit.edu 
Job is running on Linux t2bat0226.cmsaf.mit.edu 2.6.32-358.el6.x86_64 #1 SMP Fri Feb 22 20:37:17 CST 2013 x86_64 x86_64 x86_64 GNU/Linux
Filesystem            Size  Used Avail Use% Mounted on
/dev/sda3              20G  3.0G   16G  16% /
tmpfs                  12G     0   12G   0% /dev/shm
/dev/sda1              97M   32M   61M  35% /boot
/dev/sda4             874G   83G  791G  10% /export/data1
/dev/sdb1             1.8T  1.7T  188G  90% /export/00b
/dev/sdc1             1.8T  1.7T  192G  90% /export/00c
/dev/sdd1             1.8T  1.6T  206G  89% /export/00d
/dev/sde1             1.8T  1.6T  201G  90% /export/00e
/dev/sdf1             1.8T  1.6T  208G  89% /export/00f
fuse_dfs              4.9P  4.4P  522T  90% /mnt/hadoop
cvmfs2                 98G   81G   18G  83% /cvmfs/cms.cern.ch
t2srv0004:/export/db  135G  187M  135G   1% /net/t2srv0004/db
cvmfs2                 98G   81G   18G  83% /cvmfs/mu2e.opensciencegrid.org
gcc (GCC) 4.4.7 20120313 (Red Hat 4.4.7-3)
Copyright (C) 2010 Free Software Foundation, Inc.
This is free software; see the source for copying conditions.  There is NO
warranty; not even for MERCHANTABILITY or FITNESS FOR A PARTICULAR PURPOSE.

Processing...
0/292150
10000/292150
20000/292150
30000/292150
40000/292150
50000/292150
60000/292150
70000/292150
80000/292150
90000/292150
100000/292150
110000/292150
120000/292150
130000/292150
140000/292150
150000/292150
160000/292150
170000/292150
180000/292150
190000/292150
200000/292150
210000/292150
220000/292150
230000/292150
240000/292150
250000/292150
260000/292150
270000/292150
280000/292150
290000/292150
Macro finished: 
CPU time (min)  = 3.05233
Real time (min) = 6.32135
Done!
Copied output files to hadoop rootfiles/JetRAA/June22
