000 (426718.000.000) 06/22 20:55:13 Job submitted from host: <18.12.1.74:48322>
...
001 (426718.000.000) 06/22 20:55:24 Job executing on host: <18.12.9.53:46424>
...
006 (426718.000.000) 06/22 20:55:33 Image size of job updated: 93720
	3  -  MemoryUsage of job (MB)
	2440  -  ResidentSetSize of job (KB)
...
006 (426718.000.000) 06/22 20:57:55 Image size of job updated: 243476
	3  -  MemoryUsage of job (MB)
	2440  -  ResidentSetSize of job (KB)
...
005 (426718.000.000) 06/22 20:57:55 Job terminated.
	(1) Normal termination (return value 0)
		Usr 0 00:00:59, Sys 0 00:00:01  -  Run Remote Usage
		Usr 0 00:00:00, Sys 0 00:00:00  -  Run Local Usage
		Usr 0 00:00:59, Sys 0 00:00:01  -  Total Remote Usage
		Usr 0 00:00:00, Sys 0 00:00:00  -  Total Local Usage
	495023  -  Run Bytes Sent By Job
	41910  -  Run Bytes Received By Job
	495023  -  Total Bytes Sent By Job
	41910  -  Total Bytes Received By Job
	Partitionable Resources :    Usage  Request          
	   Cpus                 :                 1          
	   Disk (KB)            :      550      550          
	   Memory (MB)          :        3        3          
...
000 (491993.000.000) 06/29 09:51:30 Job submitted from host: <18.12.1.74:48322>
...
001 (491993.000.000) 06/29 09:51:36 Job executing on host: <18.12.12.10:48176>
...
006 (491993.000.000) 06/29 09:51:44 Image size of job updated: 241368
	56  -  MemoryUsage of job (MB)
	56912  -  ResidentSetSize of job (KB)
...
006 (491993.000.000) 06/29 09:53:04 Image size of job updated: 243884
	56  -  MemoryUsage of job (MB)
	56912  -  ResidentSetSize of job (KB)
...
005 (491993.000.000) 06/29 09:53:04 Job terminated.
	(1) Normal termination (return value 0)
		Usr 0 00:00:34, Sys 0 00:00:01  -  Run Remote Usage
		Usr 0 00:00:00, Sys 0 00:00:00  -  Run Local Usage
		Usr 0 00:00:34, Sys 0 00:00:01  -  Total Remote Usage
		Usr 0 00:00:00, Sys 0 00:00:00  -  Total Local Usage
	508749  -  Run Bytes Sent By Job
	46550  -  Run Bytes Received By Job
	508749  -  Total Bytes Sent By Job
	46550  -  Total Bytes Received By Job
	Partitionable Resources :    Usage  Request          
	   Cpus                 :                 1          
	   Disk (KB)            :      568      568          
	   Memory (MB)          :       56       56          
...
000 (492900.000.000) 06/29 10:16:29 Job submitted from host: <18.12.1.74:48322>
...
001 (492900.000.000) 06/29 10:16:39 Job executing on host: <18.12.8.190:43358>
...
006 (492900.000.000) 06/29 10:16:47 Image size of job updated: 241372
	56  -  MemoryUsage of job (MB)
	56924  -  ResidentSetSize of job (KB)
...
006 (492900.000.000) 06/29 10:17:36 Image size of job updated: 243512
	56  -  MemoryUsage of job (MB)
	56924  -  ResidentSetSize of job (KB)
...
005 (492900.000.000) 06/29 10:17:36 Job terminated.
	(1) Normal termination (return value 0)
		Usr 0 00:00:32, Sys 0 00:00:01  -  Run Remote Usage
		Usr 0 00:00:00, Sys 0 00:00:00  -  Run Local Usage
		Usr 0 00:00:32, Sys 0 00:00:01  -  Total Remote Usage
		Usr 0 00:00:00, Sys 0 00:00:00  -  Total Local Usage
	508836  -  Run Bytes Sent By Job
	46566  -  Run Bytes Received By Job
	508836  -  Total Bytes Sent By Job
	46566  -  Total Bytes Received By Job
	Partitionable Resources :    Usage  Request          
	   Cpus                 :                 1          
	   Disk (KB)            :      568      568          
	   Memory (MB)          :       56       56          
...
000 (494895.000.000) 06/29 21:56:25 Job submitted from host: <18.12.1.74:48322>
...
001 (494895.000.000) 06/29 21:56:38 Job executing on host: <18.12.9.37:43285>
...
006 (494895.000.000) 06/29 21:56:47 Image size of job updated: 1
	3  -  MemoryUsage of job (MB)
	2368  -  ResidentSetSize of job (KB)
...
006 (494895.000.000) 06/29 21:59:40 Image size of job updated: 244448
	3  -  MemoryUsage of job (MB)
	2368  -  ResidentSetSize of job (KB)
...
005 (494895.000.000) 06/29 21:59:40 Job terminated.
	(1) Normal termination (return value 0)
		Usr 0 00:00:31, Sys 0 00:00:01  -  Run Remote Usage
		Usr 0 00:00:00, Sys 0 00:00:00  -  Run Local Usage
		Usr 0 00:00:31, Sys 0 00:00:01  -  Total Remote Usage
		Usr 0 00:00:00, Sys 0 00:00:00  -  Total Local Usage
	509175  -  Run Bytes Sent By Job
	46564  -  Run Bytes Received By Job
	509175  -  Total Bytes Sent By Job
	46564  -  Total Bytes Received By Job
	Partitionable Resources :    Usage  Request          
	   Cpus                 :                 1          
	   Disk (KB)            :      569      569          
	   Memory (MB)          :        3        3          
...
