000 (426728.000.000) 06/22 20:55:14 Job submitted from host: <18.12.1.74:48322>
...
001 (426728.000.000) 06/22 20:55:24 Job executing on host: <18.12.8.11:44088>
...
006 (426728.000.000) 06/22 20:55:32 Image size of job updated: 241572
	56  -  MemoryUsage of job (MB)
	56952  -  ResidentSetSize of job (KB)
...
006 (426728.000.000) 06/22 20:57:09 Image size of job updated: 243276
	56  -  MemoryUsage of job (MB)
	56952  -  ResidentSetSize of job (KB)
...
005 (426728.000.000) 06/22 20:57:09 Job terminated.
	(1) Normal termination (return value 0)
		Usr 0 00:01:11, Sys 0 00:00:01  -  Run Remote Usage
		Usr 0 00:00:00, Sys 0 00:00:00  -  Run Local Usage
		Usr 0 00:01:11, Sys 0 00:00:01  -  Total Remote Usage
		Usr 0 00:00:00, Sys 0 00:00:00  -  Total Local Usage
	494893  -  Run Bytes Sent By Job
	41910  -  Run Bytes Received By Job
	494893  -  Total Bytes Sent By Job
	41910  -  Total Bytes Received By Job
	Partitionable Resources :    Usage  Request          
	   Cpus                 :                 1          
	   Disk (KB)            :      550      550          
	   Memory (MB)          :       56       56          
...
000 (492013.000.000) 06/29 09:51:34 Job submitted from host: <18.12.1.74:48322>
...
001 (492013.000.000) 06/29 09:52:25 Job executing on host: <18.12.8.75:47957>
...
006 (492013.000.000) 06/29 09:52:34 Image size of job updated: 1
	3  -  MemoryUsage of job (MB)
	2376  -  ResidentSetSize of job (KB)
...
006 (492013.000.000) 06/29 09:53:23 Image size of job updated: 244512
	3  -  MemoryUsage of job (MB)
	2376  -  ResidentSetSize of job (KB)
...
005 (492013.000.000) 06/29 09:53:23 Job terminated.
	(1) Normal termination (return value 0)
		Usr 0 00:00:41, Sys 0 00:00:01  -  Run Remote Usage
		Usr 0 00:00:00, Sys 0 00:00:00  -  Run Local Usage
		Usr 0 00:00:41, Sys 0 00:00:01  -  Total Remote Usage
		Usr 0 00:00:00, Sys 0 00:00:00  -  Total Local Usage
	508762  -  Run Bytes Sent By Job
	46550  -  Run Bytes Received By Job
	508762  -  Total Bytes Sent By Job
	46550  -  Total Bytes Received By Job
	Partitionable Resources :    Usage  Request          
	   Cpus                 :                 1          
	   Disk (KB)            :      568      568          
	   Memory (MB)          :        3        3          
...
000 (492920.000.000) 06/29 10:16:32 Job submitted from host: <18.12.1.74:48322>
...
001 (492920.000.000) 06/29 10:16:39 Job executing on host: <18.12.6.61:47227>
...
006 (492920.000.000) 06/29 10:16:48 Image size of job updated: 241572
	57  -  MemoryUsage of job (MB)
	57548  -  ResidentSetSize of job (KB)
...
006 (492920.000.000) 06/29 10:17:47 Image size of job updated: 244852
	57  -  MemoryUsage of job (MB)
	57548  -  ResidentSetSize of job (KB)
...
005 (492920.000.000) 06/29 10:17:47 Job terminated.
	(1) Normal termination (return value 0)
		Usr 0 00:00:44, Sys 0 00:00:01  -  Run Remote Usage
		Usr 0 00:00:00, Sys 0 00:00:00  -  Run Local Usage
		Usr 0 00:00:44, Sys 0 00:00:01  -  Total Remote Usage
		Usr 0 00:00:00, Sys 0 00:00:00  -  Total Local Usage
	509103  -  Run Bytes Sent By Job
	46566  -  Run Bytes Received By Job
	509103  -  Total Bytes Sent By Job
	46566  -  Total Bytes Received By Job
	Partitionable Resources :    Usage  Request          
	   Cpus                 :                 1          
	   Disk (KB)            :      569      569          
	   Memory (MB)          :       57       57          
...
000 (494915.000.000) 06/29 21:56:27 Job submitted from host: <18.12.1.74:48322>
...
001 (494915.000.000) 06/29 21:56:45 Job executing on host: <18.12.8.12:49855>
...
006 (494915.000.000) 06/29 21:56:54 Image size of job updated: 153812
	43  -  MemoryUsage of job (MB)
	43120  -  ResidentSetSize of job (KB)
...
006 (494915.000.000) 06/29 22:00:04 Image size of job updated: 245408
	43  -  MemoryUsage of job (MB)
	43120  -  ResidentSetSize of job (KB)
...
005 (494915.000.000) 06/29 22:00:04 Job terminated.
	(1) Normal termination (return value 0)
		Usr 0 00:00:37, Sys 0 00:00:01  -  Run Remote Usage
		Usr 0 00:00:00, Sys 0 00:00:00  -  Run Local Usage
		Usr 0 00:00:37, Sys 0 00:00:01  -  Total Remote Usage
		Usr 0 00:00:00, Sys 0 00:00:00  -  Total Local Usage
	509184  -  Run Bytes Sent By Job
	46564  -  Run Bytes Received By Job
	509184  -  Total Bytes Sent By Job
	46564  -  Total Bytes Received By Job
	Partitionable Resources :    Usage  Request          
	   Cpus                 :                 1          
	   Disk (KB)            :      568      568          
	   Memory (MB)          :       43       43          
...
