
----------------------------------------------------
Job started on Mon Jun 29 21:59:54 EDT 2015 at WN: hibat0018.cmsaf.mit.edu 
Job is running on Linux hibat0018.cmsaf.mit.edu 2.6.32-358.el6.x86_64 #1 SMP Fri Feb 22 20:37:17 CST 2013 x86_64 x86_64 x86_64 GNU/Linux
Filesystem            Size  Used Avail Use% Mounted on
/dev/sda3              20G  3.8G   15G  20% /
tmpfs                  24G     0   24G   0% /dev/shm
/dev/sda1              97M   32M   61M  35% /boot
/dev/sda4             1.8T   99G  1.7T   6% /export/data1
/dev/sdb1             1.8T  1.6T  224G  88% /export/00b
/dev/sdc1             1.8T  1.6T  211G  89% /export/00c
/dev/sdd1             1.8T  1.6T  217G  89% /export/00d
/dev/sde1             1.8T  1.6T  196G  90% /export/00e
/dev/sdf1             1.8T  1.6T  203G  89% /export/00f
fuse_dfs              4.9P  4.4P  527T  90% /mnt/hadoop
t2srv0004:/export/db  135G  187M  135G   1% /net/t2srv0004/db
cvmfs2                 98G   96G  2.4G  98% /cvmfs/cms.cern.ch
cvmfs2                 98G   96G  2.4G  98% /cvmfs/cvmfs.cmsaf.mit.edu
cvmfs2                 98G   96G  2.4G  98% /cvmfs/oasis.opensciencegrid.org
cvmfs2                 98G   96G  2.4G  98% /cvmfs/grid.cern.ch
cvmfs2                 98G   96G  2.4G  98% /cvmfs/fermilab.opensciencegrid.org
gcc (GCC) 4.4.7 20120313 (Red Hat 4.4.7-3)
Copyright (C) 2010 Free Software Foundation, Inc.
This is free software; see the source for copying conditions.  There is NO
warranty; not even for MERCHANTABILITY or FITNESS FOR A PARTICULAR PURPOSE.

Processing...
0/75440
10000/75440
20000/75440
30000/75440
40000/75440
50000/75440
60000/75440
70000/75440
Macro finished: 
CPU time (min)  = 0.835
Real time (min) = 1.14167
Done!
Copied output files to hadoop rootfiles/JetRAA/June22
