
----------------------------------------------------
Job started on Fri Jul 10 16:48:22 EDT 2015 at WN: t2bat0198.cmsaf.mit.edu 
Job is running on Linux t2bat0198.cmsaf.mit.edu 2.6.32-358.el6.x86_64 #1 SMP Fri Feb 22 20:37:17 CST 2013 x86_64 x86_64 x86_64 GNU/Linux
Filesystem            Size  Used Avail Use% Mounted on
/dev/sda3              20G  3.9G   15G  21% /
tmpfs                  12G     0   12G   0% /dev/shm
/dev/sda1              97M   32M   61M  35% /boot
/dev/sda4             874G   93G  781G  11% /export/data1
/dev/sdb1             1.8T  1.7T  174G  91% /export/00b
/dev/sdc1             1.8T  1.7T  151G  92% /export/00c
/dev/sdd1             1.8T  1.7T  159G  92% /export/00d
/dev/sde1             1.8T  1.7T  173G  91% /export/00e
/dev/sdf1             1.8T  1.7T  177G  91% /export/00f
fuse_dfs              4.9P  4.5P  447T  92% /mnt/hadoop
t2srv0004:/export/db  135G  187M  135G   1% /net/t2srv0004/db
cvmfs2                 98G   91G  7.4G  93% /cvmfs/cms.cern.ch
cvmfs2                 98G   91G  7.4G  93% /cvmfs/oasis.opensciencegrid.org
cvmfs2                 98G   91G  7.4G  93% /cvmfs/cdfcfs.fnal.gov
cvmfs2                 98G   91G  7.4G  93% /cvmfs/cvmfs.cmsaf.mit.edu
gcc (GCC) 4.4.7 20120313 (Red Hat 4.4.7-3)
Copyright (C) 2010 Free Software Foundation, Inc.
This is free software; see the source for copying conditions.  There is NO
warranty; not even for MERCHANTABILITY or FITNESS FOR A PARTICULAR PURPOSE.

Processing...
0/105400
10000/105400
20000/105400
30000/105400
40000/105400
50000/105400
60000/105400
70000/105400
80000/105400
90000/105400
100000/105400
Macro finished: 
CPU time (min)  = 0.935667
Real time (min) = 1.36311
Done!
Copied output files to hadoop rootfiles/JetRAA/June22
