000 (426376.000.000) 06/22 20:50:00 Job submitted from host: <18.12.1.74:48322>
...
001 (426376.000.000) 06/22 20:50:46 Job executing on host: <18.12.9.15:45402>
...
006 (426376.000.000) 06/22 20:50:55 Image size of job updated: 13384
	2  -  MemoryUsage of job (MB)
	1980  -  ResidentSetSize of job (KB)
...
006 (426376.000.000) 06/22 20:51:02 Image size of job updated: 147016
	30  -  MemoryUsage of job (MB)
	29776  -  ResidentSetSize of job (KB)
...
004 (426376.000.000) 06/22 20:51:02 Job was evicted.
	(0) Job was not checkpointed.
		Usr 0 00:00:00, Sys 0 00:00:00  -  Run Remote Usage
		Usr 0 00:00:00, Sys 0 00:00:00  -  Run Local Usage
	0  -  Run Bytes Sent By Job
	41910  -  Run Bytes Received By Job
	Partitionable Resources :    Usage  Request          
	   Cpus                 :                 1          
	   Disk (KB)            :      550      550          
	   Memory (MB)          :       30       30          
...
009 (426376.000.000) 06/22 20:51:10 Job was aborted by the user.
	via condor_rm (by user rkunnawa)
...
000 (426543.000.000) 06/22 20:51:39 Job submitted from host: <18.12.1.74:48322>
...
001 (426543.000.000) 06/22 20:52:09 Job executing on host: <18.12.9.29:47519>
...
006 (426543.000.000) 06/22 20:52:18 Image size of job updated: 153152
	39  -  MemoryUsage of job (MB)
	38932  -  ResidentSetSize of job (KB)
...
006 (426543.000.000) 06/22 20:57:19 Image size of job updated: 248096
	126  -  MemoryUsage of job (MB)
	128268  -  ResidentSetSize of job (KB)
...
005 (426543.000.000) 06/22 20:58:39 Job terminated.
	(1) Normal termination (return value 0)
		Usr 0 00:01:19, Sys 0 00:00:02  -  Run Remote Usage
		Usr 0 00:00:00, Sys 0 00:00:00  -  Run Local Usage
		Usr 0 00:01:19, Sys 0 00:00:02  -  Total Remote Usage
		Usr 0 00:00:00, Sys 0 00:00:00  -  Total Local Usage
	495256  -  Run Bytes Sent By Job
	41910  -  Run Bytes Received By Job
	495256  -  Total Bytes Sent By Job
	41910  -  Total Bytes Received By Job
	Partitionable Resources :    Usage  Request          
	   Cpus                 :                 1          
	   Disk (KB)            :      550      550          
	   Memory (MB)          :      126      126          
...
