000 (426720.000.000) 06/22 20:55:14 Job submitted from host: <18.12.1.74:48322>
...
001 (426720.000.000) 06/22 20:55:24 Job executing on host: <18.12.9.64:47738>
...
006 (426720.000.000) 06/22 20:55:32 Image size of job updated: 241588
	69  -  MemoryUsage of job (MB)
	70044  -  ResidentSetSize of job (KB)
...
006 (426720.000.000) 06/22 20:58:11 Image size of job updated: 243308
	69  -  MemoryUsage of job (MB)
	70044  -  ResidentSetSize of job (KB)
...
005 (426720.000.000) 06/22 20:58:12 Job terminated.
	(1) Normal termination (return value 0)
		Usr 0 00:01:45, Sys 0 00:00:02  -  Run Remote Usage
		Usr 0 00:00:00, Sys 0 00:00:00  -  Run Local Usage
		Usr 0 00:01:45, Sys 0 00:00:02  -  Total Remote Usage
		Usr 0 00:00:00, Sys 0 00:00:00  -  Total Local Usage
	495341  -  Run Bytes Sent By Job
	41910  -  Run Bytes Received By Job
	495341  -  Total Bytes Sent By Job
	41910  -  Total Bytes Received By Job
	Partitionable Resources :    Usage  Request          
	   Cpus                 :                 1          
	   Disk (KB)            :      550      550          
	   Memory (MB)          :       69       69          
...
