
----------------------------------------------------
Job started on Mon Jun 29 21:59:55 EDT 2015 at WN: t2bat0038.cmsaf.mit.edu 
Job is running on Linux t2bat0038.cmsaf.mit.edu 2.6.32-358.el6.x86_64 #1 SMP Fri Feb 22 20:37:17 CST 2013 x86_64 x86_64 x86_64 GNU/Linux
Filesystem            Size  Used Avail Use% Mounted on
/dev/sda3              20G  3.2G   16G  17% /
tmpfs                 7.8G     0  7.8G   0% /dev/shm
/dev/sda1              97M   33M   60M  36% /boot
/dev/sda4             415G   51G  365G  13% /export/data1
/dev/sdb1             1.8T  1.7T  192G  90% /export/00b
/dev/sdc1             1.8T  1.6T  212G  89% /export/00c
/dev/sdd1             1.8T  1.6T  201G  90% /export/00d
/dev/sde1             1.8T  1.6T  203G  89% /export/00e
/dev/sdf1             1.8T  1.6T  211G  89% /export/00f
fuse_dfs              4.9P  4.4P  527T  90% /mnt/hadoop
cvmfs2                 98G   50G   49G  51% /cvmfs/cms.cern.ch
t2srv0004:/export/db  135G  187M  135G   1% /net/t2srv0004/db
cvmfs2                 98G   50G   49G  51% /cvmfs/cvmfs.cmsaf.mit.edu
gcc (GCC) 4.4.7 20120313 (Red Hat 4.4.7-3)
Copyright (C) 2010 Free Software Foundation, Inc.
This is free software; see the source for copying conditions.  There is NO
warranty; not even for MERCHANTABILITY or FITNESS FOR A PARTICULAR PURPOSE.

Processing...
0/182644
10000/182644
20000/182644
30000/182644
40000/182644
50000/182644
60000/182644
70000/182644
80000/182644
90000/182644
100000/182644
110000/182644
120000/182644
130000/182644
140000/182644
150000/182644
160000/182644
170000/182644
180000/182644
Macro finished: 
CPU time (min)  = 2.404
Real time (min) = 3.08883
Done!
Copied output files to hadoop rootfiles/JetRAA/June22
