000 (426448.000.000) 06/22 20:50:06 Job submitted from host: <18.12.1.74:48322>
...
001 (426448.000.000) 06/22 20:50:51 Job executing on host: <18.12.8.160:41168>
...
006 (426448.000.000) 06/22 20:51:00 Image size of job updated: 148388
	36  -  MemoryUsage of job (MB)
	36240  -  ResidentSetSize of job (KB)
...
006 (426448.000.000) 06/22 20:51:02 Image size of job updated: 245072
	36  -  MemoryUsage of job (MB)
	36240  -  ResidentSetSize of job (KB)
...
004 (426448.000.000) 06/22 20:51:02 Job was evicted.
	(0) Job was not checkpointed.
		Usr 0 00:00:02, Sys 0 00:00:00  -  Run Remote Usage
		Usr 0 00:00:00, Sys 0 00:00:00  -  Run Local Usage
	0  -  Run Bytes Sent By Job
	41910  -  Run Bytes Received By Job
	Partitionable Resources :    Usage  Request          
	   Cpus                 :                 1          
	   Disk (KB)            :      550      550          
	   Memory (MB)          :       36       36          
...
009 (426448.000.000) 06/22 20:51:11 Job was aborted by the user.
	via condor_rm (by user rkunnawa)
...
000 (426579.000.000) 06/22 20:51:43 Job submitted from host: <18.12.1.74:48322>
...
001 (426579.000.000) 06/22 20:52:17 Job executing on host: <18.12.8.189:49271>
...
006 (426579.000.000) 06/22 20:52:26 Image size of job updated: 245080
	61  -  MemoryUsage of job (MB)
	62088  -  ResidentSetSize of job (KB)
...
006 (426579.000.000) 06/22 20:56:38 Image size of job updated: 246660
	61  -  MemoryUsage of job (MB)
	62088  -  ResidentSetSize of job (KB)
...
005 (426579.000.000) 06/22 20:56:38 Job terminated.
	(1) Normal termination (return value 0)
		Usr 0 00:02:22, Sys 0 00:00:03  -  Run Remote Usage
		Usr 0 00:00:00, Sys 0 00:00:00  -  Run Local Usage
		Usr 0 00:02:22, Sys 0 00:00:03  -  Total Remote Usage
		Usr 0 00:00:00, Sys 0 00:00:00  -  Total Local Usage
	495047  -  Run Bytes Sent By Job
	41910  -  Run Bytes Received By Job
	495047  -  Total Bytes Sent By Job
	41910  -  Total Bytes Received By Job
	Partitionable Resources :    Usage  Request          
	   Cpus                 :                 1          
	   Disk (KB)            :      550      550          
	   Memory (MB)          :       61       61          
...
000 (491872.000.000) 06/29 09:48:13 Job submitted from host: <18.12.1.74:48322>
...
001 (491872.000.000) 06/29 09:48:28 Job executing on host: <18.12.9.15:45402>
...
006 (491872.000.000) 06/29 09:48:36 Image size of job updated: 75592
	17  -  MemoryUsage of job (MB)
	17180  -  ResidentSetSize of job (KB)
...
006 (491872.000.000) 06/29 09:49:56 Image size of job updated: 246716
	17  -  MemoryUsage of job (MB)
	17180  -  ResidentSetSize of job (KB)
...
005 (491872.000.000) 06/29 09:49:56 Job terminated.
	(1) Normal termination (return value 0)
		Usr 0 00:00:54, Sys 0 00:00:01  -  Run Remote Usage
		Usr 0 00:00:00, Sys 0 00:00:00  -  Run Local Usage
		Usr 0 00:00:54, Sys 0 00:00:01  -  Total Remote Usage
		Usr 0 00:00:00, Sys 0 00:00:00  -  Total Local Usage
	508682  -  Run Bytes Sent By Job
	46550  -  Run Bytes Received By Job
	508682  -  Total Bytes Sent By Job
	46550  -  Total Bytes Received By Job
	Partitionable Resources :    Usage  Request          
	   Cpus                 :                 1          
	   Disk (KB)            :      568      568          
	   Memory (MB)          :       17       17          
...
000 (492624.000.000) 06/29 10:14:18 Job submitted from host: <18.12.1.74:48322>
...
001 (492624.000.000) 06/29 10:14:44 Job executing on host: <18.12.9.53:46424>
...
006 (492624.000.000) 06/29 10:14:53 Image size of job updated: 1
	3  -  MemoryUsage of job (MB)
	2356  -  ResidentSetSize of job (KB)
...
006 (492624.000.000) 06/29 10:16:04 Image size of job updated: 246864
	3  -  MemoryUsage of job (MB)
	2356  -  ResidentSetSize of job (KB)
...
005 (492624.000.000) 06/29 10:16:04 Job terminated.
	(1) Normal termination (return value 0)
		Usr 0 00:00:50, Sys 0 00:00:01  -  Run Remote Usage
		Usr 0 00:00:00, Sys 0 00:00:00  -  Run Local Usage
		Usr 0 00:00:50, Sys 0 00:00:01  -  Total Remote Usage
		Usr 0 00:00:00, Sys 0 00:00:00  -  Total Local Usage
	508960  -  Run Bytes Sent By Job
	46566  -  Run Bytes Received By Job
	508960  -  Total Bytes Sent By Job
	46566  -  Total Bytes Received By Job
	Partitionable Resources :    Usage  Request          
	   Cpus                 :                 1          
	   Disk (KB)            :      568      568          
	   Memory (MB)          :        3        3          
...
000 (495343.000.000) 06/29 21:59:34 Job submitted from host: <18.12.1.74:48322>
...
001 (495343.000.000) 06/29 21:59:48 Job executing on host: <18.12.8.23:44015>
...
006 (495343.000.000) 06/29 21:59:56 Image size of job updated: 246052
	58  -  MemoryUsage of job (MB)
	59352  -  ResidentSetSize of job (KB)
...
006 (495343.000.000) 06/29 22:01:26 Image size of job updated: 247280
	58  -  MemoryUsage of job (MB)
	59352  -  ResidentSetSize of job (KB)
...
005 (495343.000.000) 06/29 22:01:26 Job terminated.
	(1) Normal termination (return value 0)
		Usr 0 00:01:16, Sys 0 00:00:03  -  Run Remote Usage
		Usr 0 00:00:00, Sys 0 00:00:00  -  Run Local Usage
		Usr 0 00:01:16, Sys 0 00:00:03  -  Total Remote Usage
		Usr 0 00:00:00, Sys 0 00:00:00  -  Total Local Usage
	509054  -  Run Bytes Sent By Job
	46564  -  Run Bytes Received By Job
	509054  -  Total Bytes Sent By Job
	46564  -  Total Bytes Received By Job
	Partitionable Resources :    Usage  Request          
	   Cpus                 :                 1          
	   Disk (KB)            :      568      568          
	   Memory (MB)          :       58       58          
...
