000 (426521.000.000) 06/22 20:50:14 Job submitted from host: <18.12.1.74:48322>
...
001 (426521.000.000) 06/22 20:50:50 Job executing on host: <18.12.6.92:48541>
...
006 (426521.000.000) 06/22 20:50:58 Image size of job updated: 69572
	18  -  MemoryUsage of job (MB)
	17544  -  ResidentSetSize of job (KB)
...
006 (426521.000.000) 06/22 20:51:02 Image size of job updated: 245544
	18  -  MemoryUsage of job (MB)
	17544  -  ResidentSetSize of job (KB)
...
004 (426521.000.000) 06/22 20:51:02 Job was evicted.
	(0) Job was not checkpointed.
		Usr 0 00:00:03, Sys 0 00:00:00  -  Run Remote Usage
		Usr 0 00:00:00, Sys 0 00:00:00  -  Run Local Usage
	0  -  Run Bytes Sent By Job
	41910  -  Run Bytes Received By Job
	Partitionable Resources :    Usage  Request          
	   Cpus                 :                 1          
	   Disk (KB)            :      550      550          
	   Memory (MB)          :       18       18          
...
009 (426521.000.000) 06/22 20:51:10 Job was aborted by the user.
	via condor_rm (by user rkunnawa)
...
