
----------------------------------------------------
Job started on Mon Jun 22 20:55:28 EDT 2015 at WN: lnbat0009.cmsaf.mit.edu 
Job is running on Linux lnbat0009.cmsaf.mit.edu 2.6.32-358.el6.x86_64 #1 SMP Fri Feb 22 20:37:17 CST 2013 x86_64 x86_64 x86_64 GNU/Linux
Filesystem            Size  Used Avail Use% Mounted on
/dev/sda3              20G  3.0G   16G  16% /
tmpfs                  12G     0   12G   0% /dev/shm
/dev/sda1              97M   32M   61M  35% /boot
/dev/sda4             874G   69G  805G   8% /export/data1
fuse_dfs              4.9P  4.4P  522T  90% /mnt/hadoop
/dev/sdc1             1.8T  1.7T  156G  92% /export/00b
/dev/sdd1             1.8T  1.7T  156G  92% /export/00c
/dev/sdb1             1.8T  1.7T  160G  92% /export/00d
/dev/sde1             1.8T  1.7T  165G  92% /export/00e
/dev/sdf1             1.8T  1.7T  160G  92% /export/00f
t2srv0004:/export/db  135G  187M  135G   1% /net/t2srv0004/db
cvmfs2                 98G   68G   31G  69% /cvmfs/cms.cern.ch
cvmfs2                 98G   68G   31G  69% /cvmfs/mu2e.opensciencegrid.org
cvmfs2                 98G   68G   31G  69% /cvmfs/oasis.opensciencegrid.org
gcc (GCC) 4.4.7 20120313 (Red Hat 4.4.7-3)
Copyright (C) 2010 Free Software Foundation, Inc.
This is free software; see the source for copying conditions.  There is NO
warranty; not even for MERCHANTABILITY or FITNESS FOR A PARTICULAR PURPOSE.

Processing...
0/363855
10000/363855
20000/363855
30000/363855
40000/363855
50000/363855
60000/363855
70000/363855
80000/363855
90000/363855
100000/363855
110000/363855
120000/363855
130000/363855
140000/363855
150000/363855
160000/363855
170000/363855
180000/363855
190000/363855
200000/363855
210000/363855
220000/363855
230000/363855
240000/363855
250000/363855
260000/363855
270000/363855
280000/363855
290000/363855
300000/363855
310000/363855
320000/363855
330000/363855
340000/363855
350000/363855
360000/363855
Macro finished: 
CPU time (min)  = 4.1475
Real time (min) = 6.59682
Done!
Copied output files to hadoop rootfiles/JetRAA/June22
