000 (426409.000.000) 06/22 20:50:03 Job submitted from host: <18.12.1.74:48322>
...
001 (426409.000.000) 06/22 20:50:45 Job executing on host: <18.12.8.224:40730>
...
006 (426409.000.000) 06/22 20:50:54 Image size of job updated: 1196
	1  -  MemoryUsage of job (MB)
	152  -  ResidentSetSize of job (KB)
...
006 (426409.000.000) 06/22 20:51:02 Image size of job updated: 246252
	1  -  MemoryUsage of job (MB)
	152  -  ResidentSetSize of job (KB)
...
004 (426409.000.000) 06/22 20:51:02 Job was evicted.
	(0) Job was not checkpointed.
		Usr 0 00:00:03, Sys 0 00:00:00  -  Run Remote Usage
		Usr 0 00:00:00, Sys 0 00:00:00  -  Run Local Usage
	0  -  Run Bytes Sent By Job
	41910  -  Run Bytes Received By Job
	Partitionable Resources :    Usage  Request          
	   Cpus                 :                 1          
	   Disk (KB)            :      550      550          
	   Memory (MB)          :        1        1          
...
009 (426409.000.000) 06/22 20:51:10 Job was aborted by the user.
	via condor_rm (by user rkunnawa)
...
000 (491833.000.000) 06/29 09:48:08 Job submitted from host: <18.12.1.74:48322>
...
001 (491833.000.000) 06/29 09:48:24 Job executing on host: <18.12.8.21:47008>
...
006 (491833.000.000) 06/29 09:48:33 Image size of job updated: 1
	3  -  MemoryUsage of job (MB)
	2376  -  ResidentSetSize of job (KB)
...
006 (491833.000.000) 06/29 09:51:15 Image size of job updated: 247176
	3  -  MemoryUsage of job (MB)
	2376  -  ResidentSetSize of job (KB)
...
005 (491833.000.000) 06/29 09:51:15 Job terminated.
	(1) Normal termination (return value 0)
		Usr 0 00:02:06, Sys 0 00:00:05  -  Run Remote Usage
		Usr 0 00:00:00, Sys 0 00:00:00  -  Run Local Usage
		Usr 0 00:02:06, Sys 0 00:00:05  -  Total Remote Usage
		Usr 0 00:00:00, Sys 0 00:00:00  -  Total Local Usage
	508918  -  Run Bytes Sent By Job
	46550  -  Run Bytes Received By Job
	508918  -  Total Bytes Sent By Job
	46550  -  Total Bytes Received By Job
	Partitionable Resources :    Usage  Request          
	   Cpus                 :                 1          
	   Disk (KB)            :      568      568          
	   Memory (MB)          :        3        3          
...
000 (492585.000.000) 06/29 10:14:11 Job submitted from host: <18.12.1.74:48322>
...
001 (492585.000.000) 06/29 10:14:32 Job executing on host: <18.12.8.37:45767>
...
006 (492585.000.000) 06/29 10:14:41 Image size of job updated: 1
	3  -  MemoryUsage of job (MB)
	2360  -  ResidentSetSize of job (KB)
...
006 (492585.000.000) 06/29 10:18:41 Image size of job updated: 247280
	3  -  MemoryUsage of job (MB)
	2360  -  ResidentSetSize of job (KB)
...
005 (492585.000.000) 06/29 10:18:42 Job terminated.
	(1) Normal termination (return value 0)
		Usr 0 00:03:13, Sys 0 00:00:07  -  Run Remote Usage
		Usr 0 00:00:00, Sys 0 00:00:00  -  Run Local Usage
		Usr 0 00:03:13, Sys 0 00:00:07  -  Total Remote Usage
		Usr 0 00:00:00, Sys 0 00:00:00  -  Total Local Usage
	508787  -  Run Bytes Sent By Job
	46566  -  Run Bytes Received By Job
	508787  -  Total Bytes Sent By Job
	46566  -  Total Bytes Received By Job
	Partitionable Resources :    Usage  Request          
	   Cpus                 :                 1          
	   Disk (KB)            :      568      568          
	   Memory (MB)          :        3        3          
...
000 (495304.000.000) 06/29 21:59:29 Job submitted from host: <18.12.1.74:48322>
...
001 (495304.000.000) 06/29 21:59:41 Job executing on host: <18.12.8.142:40657>
...
006 (495304.000.000) 06/29 21:59:50 Image size of job updated: 246528
	61  -  MemoryUsage of job (MB)
	61460  -  ResidentSetSize of job (KB)
...
006 (495304.000.000) 06/29 22:01:32 Image size of job updated: 247752
	61  -  MemoryUsage of job (MB)
	61460  -  ResidentSetSize of job (KB)
...
005 (495304.000.000) 06/29 22:01:33 Job terminated.
	(1) Normal termination (return value 0)
		Usr 0 00:01:09, Sys 0 00:00:02  -  Run Remote Usage
		Usr 0 00:00:00, Sys 0 00:00:00  -  Run Local Usage
		Usr 0 00:01:09, Sys 0 00:00:02  -  Total Remote Usage
		Usr 0 00:00:00, Sys 0 00:00:00  -  Total Local Usage
	508939  -  Run Bytes Sent By Job
	46564  -  Run Bytes Received By Job
	508939  -  Total Bytes Sent By Job
	46564  -  Total Bytes Received By Job
	Partitionable Resources :    Usage  Request          
	   Cpus                 :                 1          
	   Disk (KB)            :      568      568          
	   Memory (MB)          :       61       61          
...
