000 (426498.000.000) 06/22 20:50:11 Job submitted from host: <18.12.1.74:48322>
...
001 (426498.000.000) 06/22 20:50:57 Job executing on host: <18.12.8.134:40876>
...
006 (426498.000.000) 06/22 20:51:02 Image size of job updated: 91628
	0  -  MemoryUsage of job (MB)
	0  -  ResidentSetSize of job (KB)
...
004 (426498.000.000) 06/22 20:51:02 Job was evicted.
	(0) Job was not checkpointed.
		Usr 0 00:00:00, Sys 0 00:00:00  -  Run Remote Usage
		Usr 0 00:00:00, Sys 0 00:00:00  -  Run Local Usage
	0  -  Run Bytes Sent By Job
	41910  -  Run Bytes Received By Job
	Partitionable Resources :    Usage  Request          
	   Cpus                 :                 1          
	   Disk (KB)            :      549      549          
	   Memory (MB)          :        0        0          
...
009 (426498.000.000) 06/22 20:51:03 Job was aborted by the user.
	via condor_rm (by user rkunnawa)
...
000 (426604.000.000) 06/22 20:51:45 Job submitted from host: <18.12.1.74:48322>
...
001 (426604.000.000) 06/22 20:52:19 Job executing on host: <18.12.6.34:40949>
...
006 (426604.000.000) 06/22 20:52:27 Image size of job updated: 1
	3  -  MemoryUsage of job (MB)
	2376  -  ResidentSetSize of job (KB)
...
006 (426604.000.000) 06/22 20:57:16 Image size of job updated: 247996
	3  -  MemoryUsage of job (MB)
	2376  -  ResidentSetSize of job (KB)
...
005 (426604.000.000) 06/22 20:57:16 Job terminated.
	(1) Normal termination (return value 0)
		Usr 0 00:03:37, Sys 0 00:00:03  -  Run Remote Usage
		Usr 0 00:00:00, Sys 0 00:00:00  -  Run Local Usage
		Usr 0 00:03:37, Sys 0 00:00:03  -  Total Remote Usage
		Usr 0 00:00:00, Sys 0 00:00:00  -  Total Local Usage
	495187  -  Run Bytes Sent By Job
	41910  -  Run Bytes Received By Job
	495187  -  Total Bytes Sent By Job
	41910  -  Total Bytes Received By Job
	Partitionable Resources :    Usage  Request          
	   Cpus                 :                 1          
	   Disk (KB)            :      550      550          
	   Memory (MB)          :        3        3          
...
