
----------------------------------------------------
Job started on Tue Jun 23 16:48:39 EDT 2015 at WN: t2bat0318.cmsaf.mit.edu 
Job is running on Linux t2bat0318.cmsaf.mit.edu 2.6.32-358.el6.x86_64 #1 SMP Fri Feb 22 20:37:17 CST 2013 x86_64 x86_64 x86_64 GNU/Linux
Filesystem            Size  Used Avail Use% Mounted on
/dev/sda3              20G  5.9G   13G  32% /
tmpfs                  32G     0   32G   0% /dev/shm
/dev/sda1              97M   32M   61M  35% /boot
/dev/sda4             416G  100G  316G  24% /export/data1
fuse_dfs              4.9P  4.4P  516T  90% /mnt/hadoop
/dev/sdb1             3.6T  3.3T  375G  90% /export/00b
/dev/sdc1             3.6T  3.3T  320G  92% /export/00c
/dev/sdd1             3.6T  3.2T  400G  90% /export/00d
/dev/sde1             3.6T  3.2T  430G  89% /export/00e
/dev/sdf1             3.6T  3.2T  435G  89% /export/00f
/dev/sdg1             3.6T  3.2T  453G  88% /export/00g
cvmfs2                 98G   97G  1.5G  99% /cvmfs/cms.cern.ch
t2srv0004:/export/db  135G  187M  135G   1% /net/t2srv0004/db
cvmfs2                 98G   97G  1.5G  99% /cvmfs/oasis.opensciencegrid.org
cvmfs2                 98G   97G  1.5G  99% /cvmfs/mu2e.opensciencegrid.org
gcc (GCC) 4.4.7 20120313 (Red Hat 4.4.7-3)
Copyright (C) 2010 Free Software Foundation, Inc.
This is free software; see the source for copying conditions.  There is NO
warranty; not even for MERCHANTABILITY or FITNESS FOR A PARTICULAR PURPOSE.

Processing...
0/189399
10000/189399
20000/189399
30000/189399
40000/189399
50000/189399
60000/189399
70000/189399
80000/189399
90000/189399
100000/189399
110000/189399
120000/189399
130000/189399
140000/189399
150000/189399
160000/189399
170000/189399
180000/189399
Macro finished: 
CPU time (min)  = 1.42717
Real time (min) = 2.49475
Done!
Copied output files to hadoop rootfiles/JetRAA/June22
