000 (426476.000.000) 06/22 20:50:09 Job submitted from host: <18.12.1.74:48322>
...
001 (426476.000.000) 06/22 20:50:45 Job executing on host: <18.12.9.14:42117>
...
006 (426476.000.000) 06/22 20:50:54 Image size of job updated: 19220
	2  -  MemoryUsage of job (MB)
	1976  -  ResidentSetSize of job (KB)
...
006 (426476.000.000) 06/22 20:51:02 Image size of job updated: 245532
	2  -  MemoryUsage of job (MB)
	1976  -  ResidentSetSize of job (KB)
...
004 (426476.000.000) 06/22 20:51:02 Job was evicted.
	(0) Job was not checkpointed.
		Usr 0 00:00:01, Sys 0 00:00:00  -  Run Remote Usage
		Usr 0 00:00:00, Sys 0 00:00:00  -  Run Local Usage
	0  -  Run Bytes Sent By Job
	41910  -  Run Bytes Received By Job
	Partitionable Resources :    Usage  Request          
	   Cpus                 :                 1          
	   Disk (KB)            :      550      550          
	   Memory (MB)          :        2        2          
...
009 (426476.000.000) 06/22 20:51:10 Job was aborted by the user.
	via condor_rm (by user rkunnawa)
...
000 (426593.000.000) 06/22 20:51:44 Job submitted from host: <18.12.1.74:48322>
...
001 (426593.000.000) 06/22 20:52:13 Job executing on host: <18.12.8.215:40876>
...
006 (426593.000.000) 06/22 20:52:22 Image size of job updated: 1
	3  -  MemoryUsage of job (MB)
	2364  -  ResidentSetSize of job (KB)
...
006 (426593.000.000) 06/22 20:57:22 Image size of job updated: 247104
	120  -  MemoryUsage of job (MB)
	122720  -  ResidentSetSize of job (KB)
...
006 (426593.000.000) 06/22 20:57:49 Image size of job updated: 249016
	120  -  MemoryUsage of job (MB)
	122720  -  ResidentSetSize of job (KB)
...
005 (426593.000.000) 06/22 20:57:50 Job terminated.
	(1) Normal termination (return value 0)
		Usr 0 00:03:59, Sys 0 00:00:04  -  Run Remote Usage
		Usr 0 00:00:00, Sys 0 00:00:00  -  Run Local Usage
		Usr 0 00:03:59, Sys 0 00:00:04  -  Total Remote Usage
		Usr 0 00:00:00, Sys 0 00:00:00  -  Total Local Usage
	495499  -  Run Bytes Sent By Job
	41910  -  Run Bytes Received By Job
	495499  -  Total Bytes Sent By Job
	41910  -  Total Bytes Received By Job
	Partitionable Resources :    Usage  Request          
	   Cpus                 :                 1          
	   Disk (KB)            :      550      550          
	   Memory (MB)          :      120      120          
...
