000 (426431.000.000) 06/22 20:50:05 Job submitted from host: <18.12.1.74:48322>
...
001 (426431.000.000) 06/22 20:50:53 Job executing on host: <18.12.9.64:47738>
...
006 (426431.000.000) 06/22 20:51:01 Image size of job updated: 1196
	1  -  MemoryUsage of job (MB)
	156  -  ResidentSetSize of job (KB)
...
006 (426431.000.000) 06/22 20:51:02 Image size of job updated: 245704
	1  -  MemoryUsage of job (MB)
	156  -  ResidentSetSize of job (KB)
...
004 (426431.000.000) 06/22 20:51:02 Job was evicted.
	(0) Job was not checkpointed.
		Usr 0 00:00:02, Sys 0 00:00:00  -  Run Remote Usage
		Usr 0 00:00:00, Sys 0 00:00:00  -  Run Local Usage
	0  -  Run Bytes Sent By Job
	41910  -  Run Bytes Received By Job
	Partitionable Resources :    Usage  Request          
	   Cpus                 :                 1          
	   Disk (KB)            :      550      550          
	   Memory (MB)          :        1        1          
...
009 (426431.000.000) 06/22 20:51:10 Job was aborted by the user.
	via condor_rm (by user rkunnawa)
...
000 (491855.000.000) 06/29 09:48:10 Job submitted from host: <18.12.1.74:48322>
...
001 (491855.000.000) 06/29 09:48:21 Job executing on host: <18.12.8.34:42555>
...
006 (491855.000.000) 06/29 09:48:29 Image size of job updated: 74976
	16  -  MemoryUsage of job (MB)
	15468  -  ResidentSetSize of job (KB)
...
006 (491855.000.000) 06/29 09:51:28 Image size of job updated: 252520
	16  -  MemoryUsage of job (MB)
	15468  -  ResidentSetSize of job (KB)
...
005 (491855.000.000) 06/29 09:51:28 Job terminated.
	(1) Normal termination (return value 0)
		Usr 0 00:02:18, Sys 0 00:00:04  -  Run Remote Usage
		Usr 0 00:00:00, Sys 0 00:00:00  -  Run Local Usage
		Usr 0 00:02:18, Sys 0 00:00:04  -  Total Remote Usage
		Usr 0 00:00:00, Sys 0 00:00:00  -  Total Local Usage
	508808  -  Run Bytes Sent By Job
	46550  -  Run Bytes Received By Job
	508808  -  Total Bytes Sent By Job
	46550  -  Total Bytes Received By Job
	Partitionable Resources :    Usage  Request          
	   Cpus                 :                 1          
	   Disk (KB)            :      568      568          
	   Memory (MB)          :       16       16          
...
000 (492607.000.000) 06/29 10:14:15 Job submitted from host: <18.12.1.74:48322>
...
001 (492607.000.000) 06/29 10:14:41 Job executing on host: <18.12.9.16:44599>
...
006 (492607.000.000) 06/29 10:14:49 Image size of job updated: 1
	3  -  MemoryUsage of job (MB)
	2360  -  ResidentSetSize of job (KB)
...
006 (492607.000.000) 06/29 10:18:17 Image size of job updated: 252520
	3  -  MemoryUsage of job (MB)
	2360  -  ResidentSetSize of job (KB)
...
005 (492607.000.000) 06/29 10:18:17 Job terminated.
	(1) Normal termination (return value 0)
		Usr 0 00:01:52, Sys 0 00:00:01  -  Run Remote Usage
		Usr 0 00:00:00, Sys 0 00:00:00  -  Run Local Usage
		Usr 0 00:01:52, Sys 0 00:00:01  -  Total Remote Usage
		Usr 0 00:00:00, Sys 0 00:00:00  -  Total Local Usage
	509165  -  Run Bytes Sent By Job
	46566  -  Run Bytes Received By Job
	509165  -  Total Bytes Sent By Job
	46566  -  Total Bytes Received By Job
	Partitionable Resources :    Usage  Request          
	   Cpus                 :                 1          
	   Disk (KB)            :      568      568          
	   Memory (MB)          :        3        3          
...
000 (495326.000.000) 06/29 21:59:31 Job submitted from host: <18.12.1.74:48322>
...
001 (495326.000.000) 06/29 21:59:47 Job executing on host: <18.12.9.13:46935>
...
006 (495326.000.000) 06/29 21:59:56 Image size of job updated: 153736
	43  -  MemoryUsage of job (MB)
	43080  -  ResidentSetSize of job (KB)
...
006 (495326.000.000) 06/29 22:03:45 Image size of job updated: 253076
	43  -  MemoryUsage of job (MB)
	43080  -  ResidentSetSize of job (KB)
...
005 (495326.000.000) 06/29 22:03:45 Job terminated.
	(1) Normal termination (return value 0)
		Usr 0 00:01:52, Sys 0 00:00:02  -  Run Remote Usage
		Usr 0 00:00:00, Sys 0 00:00:00  -  Run Local Usage
		Usr 0 00:01:52, Sys 0 00:00:02  -  Total Remote Usage
		Usr 0 00:00:00, Sys 0 00:00:00  -  Total Local Usage
	509035  -  Run Bytes Sent By Job
	46564  -  Run Bytes Received By Job
	509035  -  Total Bytes Sent By Job
	46564  -  Total Bytes Received By Job
	Partitionable Resources :    Usage  Request          
	   Cpus                 :                 1          
	   Disk (KB)            :      568      568          
	   Memory (MB)          :       43       43          
...
