
----------------------------------------------------
Job started on Tue Jun 23 16:48:46 EDT 2015 at WN: hibat0084.cmsaf.mit.edu 
Job is running on Linux hibat0084.cmsaf.mit.edu 2.6.32-358.el6.x86_64 #1 SMP Fri Feb 22 20:37:17 CST 2013 x86_64 x86_64 x86_64 GNU/Linux
Filesystem            Size  Used Avail Use% Mounted on
/dev/sda3              20G  3.7G   15G  20% /
tmpfs                  24G     0   24G   0% /dev/shm
/dev/sda1              97M   32M   61M  35% /boot
/dev/sda4             873G   85G  789G  10% /export/data1
/dev/sdb1             2.7T  2.7T   71G  98% /export/00b
/dev/sdc1             2.7T  2.7T   60G  98% /export/00c
/dev/sdd1             2.7T  2.7T   66G  98% /export/00d
/dev/sde1             2.7T  2.7T   66G  98% /export/00e
/dev/sdf1             2.7T  2.7T   78G  98% /export/00f
/dev/sdg1             3.6T  3.1T  536G  86% /export/00g
/dev/sdh1             3.6T  3.1T  542G  86% /export/00h
fuse_dfs              4.9P  4.4P  516T  90% /mnt/hadoop
cvmfs2                 98G   83G   16G  85% /cvmfs/cms.cern.ch
cvmfs2                 98G   83G   16G  85% /cvmfs/mu2e.opensciencegrid.org
cvmfs2                 98G   83G   16G  85% /cvmfs/oasis.opensciencegrid.org
t2srv0004:/export/db  135G  187M  135G   1% /net/t2srv0004/db
cvmfs2                 98G   83G   16G  85% /cvmfs/cdfcfs.fnal.gov
cvmfs2                 98G   83G   16G  85% /cvmfs/cvmfs.cmsaf.mit.edu
cvmfs2                 98G   83G   16G  85% /cvmfs/fermilab.opensciencegrid.org
cvmfs2                 98G   83G   16G  85% /cvmfs/grid.cern.ch
gcc (GCC) 4.4.7 20120313 (Red Hat 4.4.7-3)
Copyright (C) 2010 Free Software Foundation, Inc.
This is free software; see the source for copying conditions.  There is NO
warranty; not even for MERCHANTABILITY or FITNESS FOR A PARTICULAR PURPOSE.

Processing...
0/293750
10000/293750
20000/293750
30000/293750
40000/293750
50000/293750
60000/293750
70000/293750
80000/293750
90000/293750
100000/293750
110000/293750
120000/293750
130000/293750
140000/293750
150000/293750
160000/293750
170000/293750
180000/293750
190000/293750
200000/293750
210000/293750
220000/293750
230000/293750
240000/293750
250000/293750
260000/293750
270000/293750
280000/293750
290000/293750
Macro finished: 
CPU time (min)  = 3.0055
Real time (min) = 4.27492
Done!
Copied output files to hadoop rootfiles/JetRAA/June22
