
----------------------------------------------------
Job started on Mon Jun 29 21:59:42 EDT 2015 at WN: t2bat0255.cmsaf.mit.edu 
Job is running on Linux t2bat0255.cmsaf.mit.edu 2.6.32-358.el6.x86_64 #1 SMP Fri Feb 22 20:37:17 CST 2013 x86_64 x86_64 x86_64 GNU/Linux
Filesystem            Size  Used Avail Use% Mounted on
/dev/sda3              20G  3.2G   16G  18% /
tmpfs                  12G     0   12G   0% /dev/shm
/dev/sda1              97M   32M   61M  35% /boot
/dev/sda4             874G   66G  808G   8% /export/data1
/dev/sdb1             1.8T  1.7T  194G  90% /export/00b
/dev/sdc1             1.8T  1.6T  225G  88% /export/00c
/dev/sdd1             1.8T  1.6T  208G  89% /export/00d
/dev/sde1             1.8T  1.7T  194G  90% /export/00e
/dev/sdf1             1.8T  1.6T  212G  89% /export/00f
fuse_dfs              4.9P  4.4P  527T  90% /mnt/hadoop
t2srv0004:/export/db  135G  187M  135G   1% /net/t2srv0004/db
cvmfs2                 98G   62G   37G  63% /cvmfs/cms.cern.ch
cvmfs2                 98G   62G   37G  63% /cvmfs/cvmfs.cmsaf.mit.edu
cvmfs2                 98G   62G   37G  63% /cvmfs/oasis.opensciencegrid.org
gcc (GCC) 4.4.7 20120313 (Red Hat 4.4.7-3)
Copyright (C) 2010 Free Software Foundation, Inc.
This is free software; see the source for copying conditions.  There is NO
warranty; not even for MERCHANTABILITY or FITNESS FOR A PARTICULAR PURPOSE.

Processing...
0/62609
10000/62609
20000/62609
30000/62609
40000/62609
50000/62609
60000/62609
Macro finished: 
CPU time (min)  = 0.665667
Real time (min) = 1.29645
Done!
Copied output files to hadoop rootfiles/JetRAA/June22
