
----------------------------------------------------
Job started on Mon Jun 29 21:59:43 EDT 2015 at WN: hibat0091.cmsaf.mit.edu 
Job is running on Linux hibat0091.cmsaf.mit.edu 2.6.32-358.el6.x86_64 #1 SMP Fri Feb 22 20:37:17 CST 2013 x86_64 x86_64 x86_64 GNU/Linux
Filesystem            Size  Used Avail Use% Mounted on
/dev/sda3              20G  4.4G   15G  24% /
tmpfs                  24G     0   24G   0% /dev/shm
/dev/sda1              97M   32M   61M  35% /boot
/dev/sda4             873G   85G  788G  10% /export/data1
/dev/sdb1             2.7T  2.7T   68G  98% /export/00b
/dev/sdc1             2.7T  2.7T   70G  98% /export/00c
/dev/sdd1             2.7T  2.7T   62G  98% /export/00d
/dev/sde1             2.7T  2.7T   63G  98% /export/00e
/dev/sdf1             2.7T  2.7T   65G  98% /export/00f
/dev/sdg1             3.6T  3.1T  583G  85% /export/00g
/dev/sdh1             3.6T  3.0T  610G  84% /export/00h
fuse_dfs              4.9P  4.4P  527T  90% /mnt/hadoop
cvmfs2                 98G   82G   17G  83% /cvmfs/cms.cern.ch
t2srv0004:/export/db  135G  187M  135G   1% /net/t2srv0004/db
cvmfs2                 98G   82G   17G  83% /cvmfs/cvmfs.cmsaf.mit.edu
cvmfs2                 98G   82G   17G  83% /cvmfs/oasis.opensciencegrid.org
cvmfs2                 98G   82G   17G  83% /cvmfs/cdfcfs.fnal.gov
gcc (GCC) 4.4.7 20120313 (Red Hat 4.4.7-3)
Copyright (C) 2010 Free Software Foundation, Inc.
This is free software; see the source for copying conditions.  There is NO
warranty; not even for MERCHANTABILITY or FITNESS FOR A PARTICULAR PURPOSE.

Processing...
0/78516
10000/78516
20000/78516
30000/78516
40000/78516
50000/78516
60000/78516
70000/78516
Macro finished: 
CPU time (min)  = 0.944667
Real time (min) = 1.32523
Done!
Copied output files to hadoop rootfiles/JetRAA/June22
