000 (426445.000.000) 06/22 20:50:06 Job submitted from host: <18.12.1.74:48322>
...
001 (426445.000.000) 06/22 20:50:43 Job executing on host: <18.12.8.243:45475>
...
006 (426445.000.000) 06/22 20:50:51 Image size of job updated: 1
	3  -  MemoryUsage of job (MB)
	2356  -  ResidentSetSize of job (KB)
...
006 (426445.000.000) 06/22 20:51:02 Image size of job updated: 147020
	30  -  MemoryUsage of job (MB)
	29708  -  ResidentSetSize of job (KB)
...
004 (426445.000.000) 06/22 20:51:02 Job was evicted.
	(0) Job was not checkpointed.
		Usr 0 00:00:00, Sys 0 00:00:00  -  Run Remote Usage
		Usr 0 00:00:00, Sys 0 00:00:00  -  Run Local Usage
	0  -  Run Bytes Sent By Job
	41910  -  Run Bytes Received By Job
	Partitionable Resources :    Usage  Request          
	   Cpus                 :                 1          
	   Disk (KB)            :      550      550          
	   Memory (MB)          :       30       30          
...
009 (426445.000.000) 06/22 20:51:10 Job was aborted by the user.
	via condor_rm (by user rkunnawa)
...
000 (491869.000.000) 06/29 09:48:13 Job submitted from host: <18.12.1.74:48322>
...
001 (491869.000.000) 06/29 09:48:23 Job executing on host: <18.12.9.51:49855>
...
006 (491869.000.000) 06/29 09:48:32 Image size of job updated: 245692
	58  -  MemoryUsage of job (MB)
	58724  -  ResidentSetSize of job (KB)
...
006 (491869.000.000) 06/29 09:49:28 Image size of job updated: 246568
	58  -  MemoryUsage of job (MB)
	58724  -  ResidentSetSize of job (KB)
...
005 (491869.000.000) 06/29 09:49:28 Job terminated.
	(1) Normal termination (return value 0)
		Usr 0 00:00:37, Sys 0 00:00:00  -  Run Remote Usage
		Usr 0 00:00:00, Sys 0 00:00:00  -  Run Local Usage
		Usr 0 00:00:37, Sys 0 00:00:00  -  Total Remote Usage
		Usr 0 00:00:00, Sys 0 00:00:00  -  Total Local Usage
	508715  -  Run Bytes Sent By Job
	46550  -  Run Bytes Received By Job
	508715  -  Total Bytes Sent By Job
	46550  -  Total Bytes Received By Job
	Partitionable Resources :    Usage  Request          
	   Cpus                 :                 1          
	   Disk (KB)            :      568      568          
	   Memory (MB)          :       58       58          
...
000 (492621.000.000) 06/29 10:14:18 Job submitted from host: <18.12.1.74:48322>
...
001 (492621.000.000) 06/29 10:14:43 Job executing on host: <18.12.12.14:41971>
...
006 (492621.000.000) 06/29 10:14:51 Image size of job updated: 147080
	32  -  MemoryUsage of job (MB)
	32004  -  ResidentSetSize of job (KB)
...
006 (492621.000.000) 06/29 10:18:59 Image size of job updated: 246808
	32  -  MemoryUsage of job (MB)
	32004  -  ResidentSetSize of job (KB)
...
005 (492621.000.000) 06/29 10:18:59 Job terminated.
	(1) Normal termination (return value 0)
		Usr 0 00:00:54, Sys 0 00:00:01  -  Run Remote Usage
		Usr 0 00:00:00, Sys 0 00:00:00  -  Run Local Usage
		Usr 0 00:00:54, Sys 0 00:00:01  -  Total Remote Usage
		Usr 0 00:00:00, Sys 0 00:00:00  -  Total Local Usage
	508744  -  Run Bytes Sent By Job
	46566  -  Run Bytes Received By Job
	508744  -  Total Bytes Sent By Job
	46566  -  Total Bytes Received By Job
	Partitionable Resources :    Usage  Request          
	   Cpus                 :                 1          
	   Disk (KB)            :      568      568          
	   Memory (MB)          :       32       32          
...
000 (495340.000.000) 06/29 21:59:34 Job submitted from host: <18.12.1.74:48322>
...
001 (495340.000.000) 06/29 21:59:46 Job executing on host: <18.12.8.44:41606>
...
006 (495340.000.000) 06/29 21:59:55 Image size of job updated: 246300
	44  -  MemoryUsage of job (MB)
	44716  -  ResidentSetSize of job (KB)
...
006 (495340.000.000) 06/29 22:01:16 Image size of job updated: 247408
	44  -  MemoryUsage of job (MB)
	44716  -  ResidentSetSize of job (KB)
...
005 (495340.000.000) 06/29 22:01:16 Job terminated.
	(1) Normal termination (return value 0)
		Usr 0 00:01:03, Sys 0 00:00:03  -  Run Remote Usage
		Usr 0 00:00:00, Sys 0 00:00:00  -  Run Local Usage
		Usr 0 00:01:03, Sys 0 00:00:03  -  Total Remote Usage
		Usr 0 00:00:00, Sys 0 00:00:00  -  Total Local Usage
	508835  -  Run Bytes Sent By Job
	46564  -  Run Bytes Received By Job
	508835  -  Total Bytes Sent By Job
	46564  -  Total Bytes Received By Job
	Partitionable Resources :    Usage  Request          
	   Cpus                 :                 1          
	   Disk (KB)            :      568      568          
	   Memory (MB)          :       44       44          
...
