
----------------------------------------------------
Job started on Mon Jun 29 21:59:50 EDT 2015 at WN: t2bat0335.cmsaf.mit.edu 
Job is running on Linux t2bat0335.cmsaf.mit.edu 2.6.32-358.el6.x86_64 #1 SMP Fri Feb 22 20:37:17 CST 2013 x86_64 x86_64 x86_64 GNU/Linux
Filesystem            Size  Used Avail Use% Mounted on
/dev/sda3              20G  3.7G   16G  20% /
tmpfs                  32G     0   32G   0% /dev/shm
/dev/sda1              97M   32M   61M  35% /boot
/dev/sda4             416G  101G  315G  25% /export/data1
fuse_dfs              4.9P  4.4P  527T  90% /mnt/hadoop
/dev/sdb1             3.6T  3.2T  394G  90% /export/00b
/dev/sdc1             3.6T  3.2T  419G  89% /export/00c
/dev/sdd1             3.6T  3.2T  398G  90% /export/00d
/dev/sde1             3.6T  3.2T  402G  90% /export/00e
/dev/sdf1             3.6T  3.2T  394G  90% /export/00f
/dev/sdg1             3.6T  3.2T  399G  90% /export/00g
t2srv0004:/export/db  135G  187M  135G   1% /net/t2srv0004/db
cvmfs2                 98G   91G  7.6G  93% /cvmfs/cms.cern.ch
cvmfs2                 98G   91G  7.6G  93% /cvmfs/cvmfs.cmsaf.mit.edu
cvmfs2                 98G   91G  7.6G  93% /cvmfs/oasis.opensciencegrid.org
gcc (GCC) 4.4.7 20120313 (Red Hat 4.4.7-3)
Copyright (C) 2010 Free Software Foundation, Inc.
This is free software; see the source for copying conditions.  There is NO
warranty; not even for MERCHANTABILITY or FITNESS FOR A PARTICULAR PURPOSE.

Processing...
0/142390
10000/142390
20000/142390
30000/142390
40000/142390
50000/142390
60000/142390
70000/142390
80000/142390
90000/142390
100000/142390
110000/142390
120000/142390
130000/142390
140000/142390
Macro finished: 
CPU time (min)  = 1.401
Real time (min) = 1.99524
Done!
Copied output files to hadoop rootfiles/JetRAA/June22
