000 (426427.000.000) 06/22 20:50:04 Job submitted from host: <18.12.1.74:48322>
...
001 (426427.000.000) 06/22 20:50:47 Job executing on host: <18.12.6.44:44453>
...
006 (426427.000.000) 06/22 20:50:55 Image size of job updated: 66092
	5  -  MemoryUsage of job (MB)
	4124  -  ResidentSetSize of job (KB)
...
006 (426427.000.000) 06/22 20:51:02 Image size of job updated: 245516
	5  -  MemoryUsage of job (MB)
	4124  -  ResidentSetSize of job (KB)
...
004 (426427.000.000) 06/22 20:51:02 Job was evicted.
	(0) Job was not checkpointed.
		Usr 0 00:00:03, Sys 0 00:00:00  -  Run Remote Usage
		Usr 0 00:00:00, Sys 0 00:00:00  -  Run Local Usage
	0  -  Run Bytes Sent By Job
	41910  -  Run Bytes Received By Job
	Partitionable Resources :    Usage  Request          
	   Cpus                 :                 1          
	   Disk (KB)            :      550      550          
	   Memory (MB)          :        5        5          
...
009 (426427.000.000) 06/22 20:51:08 Job was aborted by the user.
	via condor_rm (by user rkunnawa)
...
000 (491851.000.000) 06/29 09:48:09 Job submitted from host: <18.12.1.74:48322>
...
001 (491851.000.000) 06/29 09:48:20 Job executing on host: <18.12.8.43:43504>
...
006 (491851.000.000) 06/29 09:48:28 Image size of job updated: 1
	3  -  MemoryUsage of job (MB)
	2356  -  ResidentSetSize of job (KB)
...
006 (491851.000.000) 06/29 09:52:02 Image size of job updated: 247076
	3  -  MemoryUsage of job (MB)
	2356  -  ResidentSetSize of job (KB)
...
005 (491851.000.000) 06/29 09:52:03 Job terminated.
	(1) Normal termination (return value 0)
		Usr 0 00:02:22, Sys 0 00:00:05  -  Run Remote Usage
		Usr 0 00:00:00, Sys 0 00:00:00  -  Run Local Usage
		Usr 0 00:02:22, Sys 0 00:00:05  -  Total Remote Usage
		Usr 0 00:00:00, Sys 0 00:00:00  -  Total Local Usage
	508932  -  Run Bytes Sent By Job
	46550  -  Run Bytes Received By Job
	508932  -  Total Bytes Sent By Job
	46550  -  Total Bytes Received By Job
	Partitionable Resources :    Usage  Request          
	   Cpus                 :                 1          
	   Disk (KB)            :      568      568          
	   Memory (MB)          :        3        3          
...
000 (492603.000.000) 06/29 10:14:14 Job submitted from host: <18.12.1.74:48322>
...
001 (492603.000.000) 06/29 10:14:40 Job executing on host: <18.12.6.97:49636>
...
006 (492603.000.000) 06/29 10:14:49 Image size of job updated: 245860
	60  -  MemoryUsage of job (MB)
	60844  -  ResidentSetSize of job (KB)
...
006 (492603.000.000) 06/29 10:17:57 Image size of job updated: 247784
	60  -  MemoryUsage of job (MB)
	60844  -  ResidentSetSize of job (KB)
...
005 (492603.000.000) 06/29 10:17:57 Job terminated.
	(1) Normal termination (return value 0)
		Usr 0 00:02:05, Sys 0 00:00:02  -  Run Remote Usage
		Usr 0 00:00:00, Sys 0 00:00:00  -  Run Local Usage
		Usr 0 00:02:05, Sys 0 00:00:02  -  Total Remote Usage
		Usr 0 00:00:00, Sys 0 00:00:00  -  Total Local Usage
	509130  -  Run Bytes Sent By Job
	46566  -  Run Bytes Received By Job
	509130  -  Total Bytes Sent By Job
	46566  -  Total Bytes Received By Job
	Partitionable Resources :    Usage  Request          
	   Cpus                 :                 1          
	   Disk (KB)            :      568      568          
	   Memory (MB)          :       60       60          
...
000 (495322.000.000) 06/29 21:59:31 Job submitted from host: <18.12.1.74:48322>
...
001 (495322.000.000) 06/29 21:59:45 Job executing on host: <18.12.9.80:44526>
...
006 (495322.000.000) 06/29 21:59:54 Image size of job updated: 153852
	39  -  MemoryUsage of job (MB)
	39684  -  ResidentSetSize of job (KB)
...
006 (495322.000.000) 06/29 22:02:11 Image size of job updated: 247648
	39  -  MemoryUsage of job (MB)
	39684  -  ResidentSetSize of job (KB)
...
005 (495322.000.000) 06/29 22:02:11 Job terminated.
	(1) Normal termination (return value 0)
		Usr 0 00:01:40, Sys 0 00:00:03  -  Run Remote Usage
		Usr 0 00:00:00, Sys 0 00:00:00  -  Run Local Usage
		Usr 0 00:01:40, Sys 0 00:00:03  -  Total Remote Usage
		Usr 0 00:00:00, Sys 0 00:00:00  -  Total Local Usage
	509011  -  Run Bytes Sent By Job
	46564  -  Run Bytes Received By Job
	509011  -  Total Bytes Sent By Job
	46564  -  Total Bytes Received By Job
	Partitionable Resources :    Usage  Request          
	   Cpus                 :                 1          
	   Disk (KB)            :      568      568          
	   Memory (MB)          :       39       39          
...
