000 (426349.000.000) 06/22 20:49:57 Job submitted from host: <18.12.1.74:48322>
...
001 (426349.000.000) 06/22 20:50:38 Job executing on host: <18.12.9.77:41533>
...
006 (426349.000.000) 06/22 20:50:45 Image size of job updated: 1
	0  -  MemoryUsage of job (MB)
	0  -  ResidentSetSize of job (KB)
...
005 (426349.000.000) 06/22 20:50:46 Job terminated.
	(1) Normal termination (return value 0)
		Usr 0 00:00:00, Sys 0 00:00:00  -  Run Remote Usage
		Usr 0 00:00:00, Sys 0 00:00:00  -  Run Local Usage
		Usr 0 00:00:00, Sys 0 00:00:00  -  Total Remote Usage
		Usr 0 00:00:00, Sys 0 00:00:00  -  Total Local Usage
	495006  -  Run Bytes Sent By Job
	41910  -  Run Bytes Received By Job
	495006  -  Total Bytes Sent By Job
	41910  -  Total Bytes Received By Job
	Partitionable Resources :    Usage  Request          
	   Cpus                 :                 1          
	   Disk (KB)            :      550      550          
	   Memory (MB)          :        0        0          
...
000 (491773.000.000) 06/29 09:48:02 Job submitted from host: <18.12.1.74:48322>
...
001 (491773.000.000) 06/29 09:48:12 Job executing on host: <18.12.9.35:43869>
...
006 (491773.000.000) 06/29 09:48:21 Image size of job updated: 93704
	1  -  MemoryUsage of job (MB)
	156  -  ResidentSetSize of job (KB)
...
006 (491773.000.000) 06/29 09:48:39 Image size of job updated: 190220
	1  -  MemoryUsage of job (MB)
	156  -  ResidentSetSize of job (KB)
...
005 (491773.000.000) 06/29 09:48:39 Job terminated.
	(1) Normal termination (return value 0)
		Usr 0 00:00:01, Sys 0 00:00:00  -  Run Remote Usage
		Usr 0 00:00:00, Sys 0 00:00:00  -  Run Local Usage
		Usr 0 00:00:01, Sys 0 00:00:00  -  Total Remote Usage
		Usr 0 00:00:00, Sys 0 00:00:00  -  Total Local Usage
	508885  -  Run Bytes Sent By Job
	46550  -  Run Bytes Received By Job
	508885  -  Total Bytes Sent By Job
	46550  -  Total Bytes Received By Job
	Partitionable Resources :    Usage  Request          
	   Cpus                 :                 1          
	   Disk (KB)            :      568      568          
	   Memory (MB)          :        1        1          
...
000 (492525.000.000) 06/29 10:13:57 Job submitted from host: <18.12.1.74:48322>
...
001 (492525.000.000) 06/29 10:14:07 Job executing on host: <18.12.9.74:47227>
...
006 (492525.000.000) 06/29 10:14:17 Image size of job updated: 1
	3  -  MemoryUsage of job (MB)
	2356  -  ResidentSetSize of job (KB)
...
006 (492525.000.000) 06/29 10:14:20 Image size of job updated: 190072
	3  -  MemoryUsage of job (MB)
	2356  -  ResidentSetSize of job (KB)
...
005 (492525.000.000) 06/29 10:14:23 Job terminated.
	(1) Normal termination (return value 0)
		Usr 0 00:00:01, Sys 0 00:00:00  -  Run Remote Usage
		Usr 0 00:00:00, Sys 0 00:00:00  -  Run Local Usage
		Usr 0 00:00:01, Sys 0 00:00:00  -  Total Remote Usage
		Usr 0 00:00:00, Sys 0 00:00:00  -  Total Local Usage
	509103  -  Run Bytes Sent By Job
	46566  -  Run Bytes Received By Job
	509103  -  Total Bytes Sent By Job
	46566  -  Total Bytes Received By Job
	Partitionable Resources :    Usage  Request          
	   Cpus                 :                 1          
	   Disk (KB)            :      568      568          
	   Memory (MB)          :        3        3          
...
000 (495244.000.000) 06/29 21:59:21 Job submitted from host: <18.12.1.74:48322>
...
001 (495244.000.000) 06/29 21:59:23 Job executing on host: <18.12.8.240:46059>
...
006 (495244.000.000) 06/29 21:59:32 Image size of job updated: 150408
	36  -  MemoryUsage of job (MB)
	36296  -  ResidentSetSize of job (KB)
...
006 (495244.000.000) 06/29 21:59:46 Image size of job updated: 190748
	36  -  MemoryUsage of job (MB)
	36296  -  ResidentSetSize of job (KB)
...
005 (495244.000.000) 06/29 21:59:47 Job terminated.
	(1) Normal termination (return value 0)
		Usr 0 00:00:01, Sys 0 00:00:00  -  Run Remote Usage
		Usr 0 00:00:00, Sys 0 00:00:00  -  Run Local Usage
		Usr 0 00:00:01, Sys 0 00:00:00  -  Total Remote Usage
		Usr 0 00:00:00, Sys 0 00:00:00  -  Total Local Usage
	508857  -  Run Bytes Sent By Job
	46564  -  Run Bytes Received By Job
	508857  -  Total Bytes Sent By Job
	46564  -  Total Bytes Received By Job
	Partitionable Resources :    Usage  Request          
	   Cpus                 :                 1          
	   Disk (KB)            :      568      568          
	   Memory (MB)          :       36       36          
...
