000 (426468.000.000) 06/22 20:50:08 Job submitted from host: <18.12.1.74:48322>
...
001 (426468.000.000) 06/22 20:50:52 Job executing on host: <18.12.8.135:42044>
...
006 (426468.000.000) 06/22 20:51:00 Image size of job updated: 1196
	1  -  MemoryUsage of job (MB)
	156  -  ResidentSetSize of job (KB)
...
006 (426468.000.000) 06/22 20:51:02 Image size of job updated: 245096
	1  -  MemoryUsage of job (MB)
	156  -  ResidentSetSize of job (KB)
...
004 (426468.000.000) 06/22 20:51:02 Job was evicted.
	(0) Job was not checkpointed.
		Usr 0 00:00:02, Sys 0 00:00:00  -  Run Remote Usage
		Usr 0 00:00:00, Sys 0 00:00:00  -  Run Local Usage
	0  -  Run Bytes Sent By Job
	41910  -  Run Bytes Received By Job
	Partitionable Resources :    Usage  Request          
	   Cpus                 :                 1          
	   Disk (KB)            :      550      550          
	   Memory (MB)          :        1        1          
...
009 (426468.000.000) 06/22 20:51:04 Job was aborted by the user.
	via condor_rm (by user rkunnawa)
...
000 (426589.000.000) 06/22 20:51:44 Job submitted from host: <18.12.1.74:48322>
...
001 (426589.000.000) 06/22 20:52:12 Job executing on host: <18.12.9.56:40657>
...
006 (426589.000.000) 06/22 20:52:20 Image size of job updated: 1
	3  -  MemoryUsage of job (MB)
	2360  -  ResidentSetSize of job (KB)
...
006 (426589.000.000) 06/22 20:54:13 Image size of job updated: 246304
	3  -  MemoryUsage of job (MB)
	2360  -  ResidentSetSize of job (KB)
...
005 (426589.000.000) 06/22 20:54:13 Job terminated.
	(1) Normal termination (return value 0)
		Usr 0 00:01:22, Sys 0 00:00:03  -  Run Remote Usage
		Usr 0 00:00:00, Sys 0 00:00:00  -  Run Local Usage
		Usr 0 00:01:22, Sys 0 00:00:03  -  Total Remote Usage
		Usr 0 00:00:00, Sys 0 00:00:00  -  Total Local Usage
	494975  -  Run Bytes Sent By Job
	41910  -  Run Bytes Received By Job
	494975  -  Total Bytes Sent By Job
	41910  -  Total Bytes Received By Job
	Partitionable Resources :    Usage  Request          
	   Cpus                 :                 1          
	   Disk (KB)            :      550      550          
	   Memory (MB)          :        3        3          
...
