
----------------------------------------------------
Job started on Mon Jun 29 21:59:49 EDT 2015 at WN: hibat0006.cmsaf.mit.edu 
Job is running on Linux hibat0006.cmsaf.mit.edu 2.6.32-358.el6.x86_64 #1 SMP Fri Feb 22 20:37:17 CST 2013 x86_64 x86_64 x86_64 GNU/Linux
Filesystem            Size  Used Avail Use% Mounted on
/dev/sda3              20G  3.1G   16G  17% /
tmpfs                  12G     0   12G   0% /dev/shm
/dev/sda1              97M   32M   61M  35% /boot
/dev/sda4             874G   80G  794G  10% /export/data1
/dev/sdb1             1.8T  1.7T  193G  90% /export/00b
/dev/sdc1             1.8T  1.6T  196G  90% /export/00c
/dev/sdd1             1.8T  1.6T  217G  89% /export/00d
/dev/sde1             1.8T  1.6T  215G  89% /export/00e
/dev/sdf1             1.8T  1.6T  206G  89% /export/00f
fuse_dfs              4.9P  4.4P  527T  90% /mnt/hadoop
t2srv0004:/export/db  135G  187M  135G   1% /net/t2srv0004/db
cvmfs2                 98G   79G   20G  81% /cvmfs/cms.cern.ch
cvmfs2                 98G   79G   20G  81% /cvmfs/cvmfs.cmsaf.mit.edu
gcc (GCC) 4.4.7 20120313 (Red Hat 4.4.7-3)
Copyright (C) 2010 Free Software Foundation, Inc.
This is free software; see the source for copying conditions.  There is NO
warranty; not even for MERCHANTABILITY or FITNESS FOR A PARTICULAR PURPOSE.

Processing...
0/74877
10000/74877
20000/74877
30000/74877
40000/74877
50000/74877
60000/74877
70000/74877
Macro finished: 
CPU time (min)  = 0.664
Real time (min) = 1.4376
Done!
Copied output files to hadoop rootfiles/JetRAA/June22
