000 (426680.000.000) 06/22 20:54:20 Job submitted from host: <18.12.1.74:48322>
...
001 (426680.000.000) 06/22 20:54:46 Job executing on host: <18.12.8.124:43650>
...
006 (426680.000.000) 06/22 20:54:54 Image size of job updated: 243032
	71  -  MemoryUsage of job (MB)
	72700  -  ResidentSetSize of job (KB)
...
006 (426680.000.000) 06/22 20:56:41 Image size of job updated: 244448
	71  -  MemoryUsage of job (MB)
	72700  -  ResidentSetSize of job (KB)
...
005 (426680.000.000) 06/22 20:56:41 Job terminated.
	(1) Normal termination (return value 0)
		Usr 0 00:01:08, Sys 0 00:00:04  -  Run Remote Usage
		Usr 0 00:00:00, Sys 0 00:00:00  -  Run Local Usage
		Usr 0 00:01:08, Sys 0 00:00:04  -  Total Remote Usage
		Usr 0 00:00:00, Sys 0 00:00:00  -  Total Local Usage
	495136  -  Run Bytes Sent By Job
	41910  -  Run Bytes Received By Job
	495136  -  Total Bytes Sent By Job
	41910  -  Total Bytes Received By Job
	Partitionable Resources :    Usage  Request          
	   Cpus                 :                 1          
	   Disk (KB)            :      550      550          
	   Memory (MB)          :       71       71          
...
000 (428093.000.000) 06/23 16:48:28 Job submitted from host: <18.12.1.74:48322>
...
001 (428093.000.000) 06/23 16:48:40 Job executing on host: <18.12.9.13:46935>
...
006 (428093.000.000) 06/23 16:48:48 Image size of job updated: 13384
	2  -  MemoryUsage of job (MB)
	1976  -  ResidentSetSize of job (KB)
...
006 (428093.000.000) 06/23 16:51:04 Image size of job updated: 245548
	2  -  MemoryUsage of job (MB)
	1976  -  ResidentSetSize of job (KB)
...
005 (428093.000.000) 06/23 16:51:04 Job terminated.
	(1) Normal termination (return value 0)
		Usr 0 00:01:12, Sys 0 00:00:01  -  Run Remote Usage
		Usr 0 00:00:00, Sys 0 00:00:00  -  Run Local Usage
		Usr 0 00:01:12, Sys 0 00:00:01  -  Total Remote Usage
		Usr 0 00:00:00, Sys 0 00:00:00  -  Total Local Usage
	511748  -  Run Bytes Sent By Job
	47429  -  Run Bytes Received By Job
	511748  -  Total Bytes Sent By Job
	47429  -  Total Bytes Received By Job
	Partitionable Resources :    Usage  Request          
	   Cpus                 :                 1          
	   Disk (KB)            :      572      572          
	   Memory (MB)          :        2        2          
...
