000 (426629.000.000) 06/22 20:54:15 Job submitted from host: <18.12.1.74:48322>
...
001 (426629.000.000) 06/22 20:54:34 Job executing on host: <18.12.9.47:46351>
...
006 (426629.000.000) 06/22 20:54:42 Image size of job updated: 243044
	59  -  MemoryUsage of job (MB)
	59896  -  ResidentSetSize of job (KB)
...
006 (426629.000.000) 06/22 20:57:21 Image size of job updated: 245532
	59  -  MemoryUsage of job (MB)
	59896  -  ResidentSetSize of job (KB)
...
005 (426629.000.000) 06/22 20:57:21 Job terminated.
	(1) Normal termination (return value 0)
		Usr 0 00:01:37, Sys 0 00:00:03  -  Run Remote Usage
		Usr 0 00:00:00, Sys 0 00:00:00  -  Run Local Usage
		Usr 0 00:01:37, Sys 0 00:00:03  -  Total Remote Usage
		Usr 0 00:00:00, Sys 0 00:00:00  -  Total Local Usage
	495138  -  Run Bytes Sent By Job
	41910  -  Run Bytes Received By Job
	495138  -  Total Bytes Sent By Job
	41910  -  Total Bytes Received By Job
	Partitionable Resources :    Usage  Request          
	   Cpus                 :                 1          
	   Disk (KB)            :      550      550          
	   Memory (MB)          :       59       59          
...
000 (428042.000.000) 06/23 16:48:23 Job submitted from host: <18.12.1.74:48322>
...
001 (428042.000.000) 06/23 16:48:37 Job executing on host: <18.12.8.188:44161>
...
006 (428042.000.000) 06/23 16:48:45 Image size of job updated: 13384
	2  -  MemoryUsage of job (MB)
	1980  -  ResidentSetSize of job (KB)
...
006 (428042.000.000) 06/23 16:52:05 Image size of job updated: 245524
	2  -  MemoryUsage of job (MB)
	1980  -  ResidentSetSize of job (KB)
...
005 (428042.000.000) 06/23 16:52:05 Job terminated.
	(1) Normal termination (return value 0)
		Usr 0 00:01:53, Sys 0 00:00:02  -  Run Remote Usage
		Usr 0 00:00:00, Sys 0 00:00:00  -  Run Local Usage
		Usr 0 00:01:53, Sys 0 00:00:02  -  Total Remote Usage
		Usr 0 00:00:00, Sys 0 00:00:00  -  Total Local Usage
	511552  -  Run Bytes Sent By Job
	47429  -  Run Bytes Received By Job
	511552  -  Total Bytes Sent By Job
	47429  -  Total Bytes Received By Job
	Partitionable Resources :    Usage  Request          
	   Cpus                 :                 1          
	   Disk (KB)            :      571      571          
	   Memory (MB)          :        2        2          
...
