000 (426753.000.000) 06/22 20:55:17 Job submitted from host: <18.12.1.74:48322>
...
001 (426753.000.000) 06/22 20:55:26 Job executing on host: <18.12.8.143:44599>
...
006 (426753.000.000) 06/22 20:55:35 Image size of job updated: 18184
	2  -  MemoryUsage of job (MB)
	1504  -  ResidentSetSize of job (KB)
...
006 (426753.000.000) 06/22 20:59:16 Image size of job updated: 243344
	2  -  MemoryUsage of job (MB)
	1504  -  ResidentSetSize of job (KB)
...
005 (426753.000.000) 06/22 20:59:16 Job terminated.
	(1) Normal termination (return value 0)
		Usr 0 00:02:27, Sys 0 00:00:05  -  Run Remote Usage
		Usr 0 00:00:00, Sys 0 00:00:00  -  Run Local Usage
		Usr 0 00:02:27, Sys 0 00:00:05  -  Total Remote Usage
		Usr 0 00:00:00, Sys 0 00:00:00  -  Total Local Usage
	495097  -  Run Bytes Sent By Job
	41910  -  Run Bytes Received By Job
	495097  -  Total Bytes Sent By Job
	41910  -  Total Bytes Received By Job
	Partitionable Resources :    Usage  Request          
	   Cpus                 :                 1          
	   Disk (KB)            :      550      550          
	   Memory (MB)          :        2        2          
...
