000 (426686.000.000) 06/22 20:54:20 Job submitted from host: <18.12.1.74:48322>
...
001 (426686.000.000) 06/22 20:54:48 Job executing on host: <18.12.8.166:49782>
...
006 (426686.000.000) 06/22 20:54:56 Image size of job updated: 1
	3  -  MemoryUsage of job (MB)
	2352  -  ResidentSetSize of job (KB)
...
006 (426686.000.000) 06/22 20:59:56 Image size of job updated: 245396
	84  -  MemoryUsage of job (MB)
	85652  -  ResidentSetSize of job (KB)
...
006 (426686.000.000) 06/22 21:03:39 Image size of job updated: 246172
	84  -  MemoryUsage of job (MB)
	85652  -  ResidentSetSize of job (KB)
...
005 (426686.000.000) 06/22 21:03:39 Job terminated.
	(1) Normal termination (return value 0)
		Usr 0 00:03:24, Sys 0 00:00:03  -  Run Remote Usage
		Usr 0 00:00:00, Sys 0 00:00:00  -  Run Local Usage
		Usr 0 00:03:24, Sys 0 00:00:03  -  Total Remote Usage
		Usr 0 00:00:00, Sys 0 00:00:00  -  Total Local Usage
	495471  -  Run Bytes Sent By Job
	41910  -  Run Bytes Received By Job
	495471  -  Total Bytes Sent By Job
	41910  -  Total Bytes Received By Job
	Partitionable Resources :    Usage  Request          
	   Cpus                 :                 1          
	   Disk (KB)            :      550      550          
	   Memory (MB)          :       84       84          
...
000 (428099.000.000) 06/23 16:48:28 Job submitted from host: <18.12.1.74:48322>
...
001 (428099.000.000) 06/23 16:48:40 Job executing on host: <18.12.8.250:41460>
...
006 (428099.000.000) 06/23 16:48:49 Image size of job updated: 13384
	2  -  MemoryUsage of job (MB)
	1980  -  ResidentSetSize of job (KB)
...
006 (428099.000.000) 06/23 16:53:50 Image size of job updated: 245836
	119  -  MemoryUsage of job (MB)
	121064  -  ResidentSetSize of job (KB)
...
005 (428099.000.000) 06/23 16:54:40 Job terminated.
	(1) Normal termination (return value 0)
		Usr 0 00:03:46, Sys 0 00:00:03  -  Run Remote Usage
		Usr 0 00:00:00, Sys 0 00:00:00  -  Run Local Usage
		Usr 0 00:03:46, Sys 0 00:00:03  -  Total Remote Usage
		Usr 0 00:00:00, Sys 0 00:00:00  -  Total Local Usage
	511805  -  Run Bytes Sent By Job
	47429  -  Run Bytes Received By Job
	511805  -  Total Bytes Sent By Job
	47429  -  Total Bytes Received By Job
	Partitionable Resources :    Usage  Request          
	   Cpus                 :                 1          
	   Disk (KB)            :      572      572          
	   Memory (MB)          :      119      119          
...
000 (429434.000.000) 06/24 21:33:25 Job submitted from host: <18.12.1.74:48322>
...
001 (429434.000.000) 06/24 21:33:51 Job executing on host: <18.12.8.223:47519>
...
006 (429434.000.000) 06/24 21:33:59 Image size of job updated: 1
	3  -  MemoryUsage of job (MB)
	2360  -  ResidentSetSize of job (KB)
...
006 (429434.000.000) 06/24 21:35:43 Image size of job updated: 245584
	3  -  MemoryUsage of job (MB)
	2360  -  ResidentSetSize of job (KB)
...
005 (429434.000.000) 06/24 21:35:43 Job terminated.
	(1) Normal termination (return value 0)
		Usr 0 00:01:06, Sys 0 00:00:01  -  Run Remote Usage
		Usr 0 00:00:00, Sys 0 00:00:00  -  Run Local Usage
		Usr 0 00:01:06, Sys 0 00:00:01  -  Total Remote Usage
		Usr 0 00:00:00, Sys 0 00:00:00  -  Total Local Usage
	512389  -  Run Bytes Sent By Job
	47957  -  Run Bytes Received By Job
	512389  -  Total Bytes Sent By Job
	47957  -  Total Bytes Received By Job
	Partitionable Resources :    Usage  Request          
	   Cpus                 :                 1          
	   Disk (KB)            :      573      573          
	   Memory (MB)          :        3        3          
...
000 (429615.000.000) 06/24 21:48:10 Job submitted from host: <18.12.1.74:48322>
...
001 (429615.000.000) 06/24 21:48:40 Job executing on host: <18.12.9.46:40292>
...
006 (429615.000.000) 06/24 21:48:49 Image size of job updated: 243416
	59  -  MemoryUsage of job (MB)
	59596  -  ResidentSetSize of job (KB)
...
006 (429615.000.000) 06/24 21:50:25 Image size of job updated: 245596
	59  -  MemoryUsage of job (MB)
	59596  -  ResidentSetSize of job (KB)
...
005 (429615.000.000) 06/24 21:50:26 Job terminated.
	(1) Normal termination (return value 0)
		Usr 0 00:01:12, Sys 0 00:00:01  -  Run Remote Usage
		Usr 0 00:00:00, Sys 0 00:00:00  -  Run Local Usage
		Usr 0 00:01:12, Sys 0 00:00:01  -  Total Remote Usage
		Usr 0 00:00:00, Sys 0 00:00:00  -  Total Local Usage
	513140  -  Run Bytes Sent By Job
	47957  -  Run Bytes Received By Job
	513140  -  Total Bytes Sent By Job
	47957  -  Total Bytes Received By Job
	Partitionable Resources :    Usage  Request          
	   Cpus                 :                 1          
	   Disk (KB)            :      573      573          
	   Memory (MB)          :       59       59          
...
000 (451331.000.000) 06/25 11:40:12 Job submitted from host: <18.12.1.74:48322>
...
001 (451331.000.000) 06/25 11:40:49 Job executing on host: <18.12.8.217:43139>
...
006 (451331.000.000) 06/25 11:40:57 Image size of job updated: 189316
	55  -  MemoryUsage of job (MB)
	56296  -  ResidentSetSize of job (KB)
...
006 (451331.000.000) 06/25 11:44:30 Image size of job updated: 189876
	55  -  MemoryUsage of job (MB)
	56296  -  ResidentSetSize of job (KB)
...
005 (451331.000.000) 06/25 11:44:31 Job terminated.
	(1) Normal termination (return value 0)
		Usr 0 00:02:44, Sys 0 00:00:03  -  Run Remote Usage
		Usr 0 00:00:00, Sys 0 00:00:00  -  Run Local Usage
		Usr 0 00:02:44, Sys 0 00:00:03  -  Total Remote Usage
		Usr 0 00:00:00, Sys 0 00:00:00  -  Total Local Usage
	16497447  -  Run Bytes Sent By Job
	46060  -  Run Bytes Received By Job
	16497447  -  Total Bytes Sent By Job
	46060  -  Total Bytes Received By Job
	Partitionable Resources :    Usage  Request          
	   Cpus                 :                 1          
	   Disk (KB)            :    16181    16181          
	   Memory (MB)          :       55       55          
...
000 (452152.000.000) 06/26 10:10:33 Job submitted from host: <18.12.1.74:48322>
...
001 (452152.000.000) 06/26 10:11:01 Job executing on host: <18.12.8.240:46059>
...
006 (452152.000.000) 06/26 10:11:09 Image size of job updated: 1
	3  -  MemoryUsage of job (MB)
	2348  -  ResidentSetSize of job (KB)
...
006 (452152.000.000) 06/26 10:12:57 Image size of job updated: 189868
	3  -  MemoryUsage of job (MB)
	2348  -  ResidentSetSize of job (KB)
...
005 (452152.000.000) 06/26 10:12:57 Job terminated.
	(1) Normal termination (return value 0)
		Usr 0 00:01:10, Sys 0 00:00:02  -  Run Remote Usage
		Usr 0 00:00:00, Sys 0 00:00:00  -  Run Local Usage
		Usr 0 00:01:10, Sys 0 00:00:02  -  Total Remote Usage
		Usr 0 00:00:00, Sys 0 00:00:00  -  Total Local Usage
	6502462  -  Run Bytes Sent By Job
	46038  -  Run Bytes Received By Job
	6502462  -  Total Bytes Sent By Job
	46038  -  Total Bytes Received By Job
	Partitionable Resources :    Usage  Request          
	   Cpus                 :                 1          
	   Disk (KB)            :     6421     6421          
	   Memory (MB)          :        3        3          
...
000 (472797.000.000) 06/26 16:38:26 Job submitted from host: <18.12.1.74:48322>
...
001 (472797.000.000) 06/26 16:38:46 Job executing on host: <18.12.9.37:43285>
...
006 (472797.000.000) 06/26 16:38:55 Image size of job updated: 1
	3  -  MemoryUsage of job (MB)
	2352  -  ResidentSetSize of job (KB)
...
006 (472797.000.000) 06/26 16:43:56 Image size of job updated: 189876
	63  -  MemoryUsage of job (MB)
	64048  -  ResidentSetSize of job (KB)
...
006 (472797.000.000) 06/26 16:48:57 Image size of job updated: 189876
	64  -  MemoryUsage of job (MB)
	64852  -  ResidentSetSize of job (KB)
...
005 (472797.000.000) 06/26 16:51:01 Job terminated.
	(1) Normal termination (return value 0)
		Usr 0 00:03:18, Sys 0 00:00:06  -  Run Remote Usage
		Usr 0 00:00:00, Sys 0 00:00:00  -  Run Local Usage
		Usr 0 00:03:18, Sys 0 00:00:06  -  Total Remote Usage
		Usr 0 00:00:00, Sys 0 00:00:00  -  Total Local Usage
	16498084  -  Run Bytes Sent By Job
	46344  -  Run Bytes Received By Job
	16498084  -  Total Bytes Sent By Job
	46344  -  Total Bytes Received By Job
	Partitionable Resources :    Usage  Request          
	   Cpus                 :                 1          
	   Disk (KB)            :    16182    16182          
	   Memory (MB)          :       64       64          
...
000 (491723.000.000) 06/29 09:41:51 Job submitted from host: <18.12.1.74:48322>
...
001 (491723.000.000) 06/29 09:42:01 Job executing on host: <18.12.8.34:42555>
...
006 (491723.000.000) 06/29 09:42:10 Image size of job updated: 184216
	51  -  MemoryUsage of job (MB)
	51572  -  ResidentSetSize of job (KB)
...
006 (491723.000.000) 06/29 09:44:59 Image size of job updated: 244132
	51  -  MemoryUsage of job (MB)
	51572  -  ResidentSetSize of job (KB)
...
005 (491723.000.000) 06/29 09:44:59 Job terminated.
	(1) Normal termination (return value 0)
		Usr 0 00:01:46, Sys 0 00:00:04  -  Run Remote Usage
		Usr 0 00:00:00, Sys 0 00:00:00  -  Run Local Usage
		Usr 0 00:01:46, Sys 0 00:00:04  -  Total Remote Usage
		Usr 0 00:00:00, Sys 0 00:00:00  -  Total Local Usage
	508737  -  Run Bytes Sent By Job
	46550  -  Run Bytes Received By Job
	508737  -  Total Bytes Sent By Job
	46550  -  Total Bytes Received By Job
	Partitionable Resources :    Usage  Request          
	   Cpus                 :                 1          
	   Disk (KB)            :      568      568          
	   Memory (MB)          :       51       51          
...
000 (492837.000.000) 06/29 10:15:16 Job submitted from host: <18.12.1.74:48322>
...
001 (492837.000.000) 06/29 10:15:27 Job executing on host: <18.12.9.56:40657>
...
006 (492837.000.000) 06/29 10:15:36 Image size of job updated: 1
	3  -  MemoryUsage of job (MB)
	2356  -  ResidentSetSize of job (KB)
...
006 (492837.000.000) 06/29 10:17:28 Image size of job updated: 244088
	3  -  MemoryUsage of job (MB)
	2356  -  ResidentSetSize of job (KB)
...
005 (492837.000.000) 06/29 10:17:28 Job terminated.
	(1) Normal termination (return value 0)
		Usr 0 00:01:18, Sys 0 00:00:02  -  Run Remote Usage
		Usr 0 00:00:00, Sys 0 00:00:00  -  Run Local Usage
		Usr 0 00:01:18, Sys 0 00:00:02  -  Total Remote Usage
		Usr 0 00:00:00, Sys 0 00:00:00  -  Total Local Usage
	509018  -  Run Bytes Sent By Job
	46566  -  Run Bytes Received By Job
	509018  -  Total Bytes Sent By Job
	46566  -  Total Bytes Received By Job
	Partitionable Resources :    Usage  Request          
	   Cpus                 :                 1          
	   Disk (KB)            :      568      568          
	   Memory (MB)          :        3        3          
...
000 (495194.000.000) 06/29 21:57:33 Job submitted from host: <18.12.1.74:48322>
...
001 (495194.000.000) 06/29 21:57:40 Job executing on host: <18.12.9.73:46059>
...
006 (495194.000.000) 06/29 21:57:49 Image size of job updated: 1
	3  -  MemoryUsage of job (MB)
	2364  -  ResidentSetSize of job (KB)
...
006 (495194.000.000) 06/29 21:59:47 Image size of job updated: 244772
	3  -  MemoryUsage of job (MB)
	2364  -  ResidentSetSize of job (KB)
...
005 (495194.000.000) 06/29 21:59:47 Job terminated.
	(1) Normal termination (return value 0)
		Usr 0 00:01:22, Sys 0 00:00:03  -  Run Remote Usage
		Usr 0 00:00:00, Sys 0 00:00:00  -  Run Local Usage
		Usr 0 00:01:22, Sys 0 00:00:03  -  Total Remote Usage
		Usr 0 00:00:00, Sys 0 00:00:00  -  Total Local Usage
	508953  -  Run Bytes Sent By Job
	46564  -  Run Bytes Received By Job
	508953  -  Total Bytes Sent By Job
	46564  -  Total Bytes Received By Job
	Partitionable Resources :    Usage  Request          
	   Cpus                 :                 1          
	   Disk (KB)            :      568      568          
	   Memory (MB)          :        3        3          
...
000 (497328.000.000) 07/09 13:07:18 Job submitted from host: <18.12.1.74:48322>
...
001 (497328.000.000) 07/09 13:07:58 Job executing on host: <18.12.9.16:44599>
...
006 (497328.000.000) 07/09 13:08:06 Image size of job updated: 1
	3  -  MemoryUsage of job (MB)
	2344  -  ResidentSetSize of job (KB)
...
006 (497328.000.000) 07/09 13:10:55 Image size of job updated: 244656
	3  -  MemoryUsage of job (MB)
	2344  -  ResidentSetSize of job (KB)
...
005 (497328.000.000) 07/09 13:10:56 Job terminated.
	(1) Normal termination (return value 0)
		Usr 0 00:01:35, Sys 0 00:00:02  -  Run Remote Usage
		Usr 0 00:00:00, Sys 0 00:00:00  -  Run Local Usage
		Usr 0 00:01:35, Sys 0 00:00:02  -  Total Remote Usage
		Usr 0 00:00:00, Sys 0 00:00:00  -  Total Local Usage
	509408  -  Run Bytes Sent By Job
	46648  -  Run Bytes Received By Job
	509408  -  Total Bytes Sent By Job
	46648  -  Total Bytes Received By Job
	Partitionable Resources :    Usage  Request          
	   Cpus                 :                 1          
	   Disk (KB)            :      569      569          
	   Memory (MB)          :        3        3          
...
000 (497518.000.000) 07/09 15:41:15 Job submitted from host: <18.12.1.74:48322>
...
001 (497518.000.000) 07/09 15:41:52 Job executing on host: <18.12.8.69:45402>
...
006 (497518.000.000) 07/09 15:42:00 Image size of job updated: 147740
	32  -  MemoryUsage of job (MB)
	32524  -  ResidentSetSize of job (KB)
...
006 (497518.000.000) 07/09 15:44:34 Image size of job updated: 244792
	32  -  MemoryUsage of job (MB)
	32524  -  ResidentSetSize of job (KB)
...
005 (497518.000.000) 07/09 15:44:34 Job terminated.
	(1) Normal termination (return value 0)
		Usr 0 00:01:46, Sys 0 00:00:04  -  Run Remote Usage
		Usr 0 00:00:00, Sys 0 00:00:00  -  Run Local Usage
		Usr 0 00:01:46, Sys 0 00:00:04  -  Total Remote Usage
		Usr 0 00:00:00, Sys 0 00:00:00  -  Total Local Usage
	509017  -  Run Bytes Sent By Job
	46609  -  Run Bytes Received By Job
	509017  -  Total Bytes Sent By Job
	46609  -  Total Bytes Received By Job
	Partitionable Resources :    Usage  Request          
	   Cpus                 :                 1          
	   Disk (KB)            :      568      568          
	   Memory (MB)          :       32       32          
...
000 (497816.000.000) 07/09 16:39:20 Job submitted from host: <18.12.1.74:48322>
...
001 (497816.000.000) 07/09 16:39:30 Job executing on host: <18.12.6.18:47592>
...
006 (497816.000.000) 07/09 16:39:38 Image size of job updated: 38824
	3  -  MemoryUsage of job (MB)
	2688  -  ResidentSetSize of job (KB)
...
006 (497816.000.000) 07/09 16:42:24 Image size of job updated: 244772
	3  -  MemoryUsage of job (MB)
	2688  -  ResidentSetSize of job (KB)
...
005 (497816.000.000) 07/09 16:42:24 Job terminated.
	(1) Normal termination (return value 0)
		Usr 0 00:01:48, Sys 0 00:00:02  -  Run Remote Usage
		Usr 0 00:00:00, Sys 0 00:00:00  -  Run Local Usage
		Usr 0 00:01:48, Sys 0 00:00:02  -  Total Remote Usage
		Usr 0 00:00:00, Sys 0 00:00:00  -  Total Local Usage
	509079  -  Run Bytes Sent By Job
	46604  -  Run Bytes Received By Job
	509079  -  Total Bytes Sent By Job
	46604  -  Total Bytes Received By Job
	Partitionable Resources :    Usage  Request          
	   Cpus                 :                 1          
	   Disk (KB)            :      568      568          
	   Memory (MB)          :        3        3          
...
000 (498158.000.000) 07/10 12:07:28 Job submitted from host: <18.12.1.74:48322>
...
001 (498158.000.000) 07/10 12:07:42 Job executing on host: <18.12.9.27:43869>
...
006 (498158.000.000) 07/10 12:07:51 Image size of job updated: 143788
	24  -  MemoryUsage of job (MB)
	24508  -  ResidentSetSize of job (KB)
...
006 (498158.000.000) 07/10 12:11:51 Image size of job updated: 244780
	24  -  MemoryUsage of job (MB)
	24508  -  ResidentSetSize of job (KB)
...
005 (498158.000.000) 07/10 12:11:51 Job terminated.
	(1) Normal termination (return value 0)
		Usr 0 00:01:27, Sys 0 00:00:03  -  Run Remote Usage
		Usr 0 00:00:00, Sys 0 00:00:00  -  Run Local Usage
		Usr 0 00:01:27, Sys 0 00:00:03  -  Total Remote Usage
		Usr 0 00:00:00, Sys 0 00:00:00  -  Total Local Usage
	509262  -  Run Bytes Sent By Job
	46586  -  Run Bytes Received By Job
	509262  -  Total Bytes Sent By Job
	46586  -  Total Bytes Received By Job
	Partitionable Resources :    Usage  Request          
	   Cpus                 :                 1          
	   Disk (KB)            :      568      568          
	   Memory (MB)          :       24       24          
...
000 (498678.000.000) 07/10 16:45:28 Job submitted from host: <18.12.1.74:48322>
...
001 (498678.000.000) 07/10 16:51:15 Job executing on host: <18.12.8.236:48468>
...
006 (498678.000.000) 07/10 16:51:24 Image size of job updated: 1
	3  -  MemoryUsage of job (MB)
	2348  -  ResidentSetSize of job (KB)
...
006 (498678.000.000) 07/10 16:51:58 Image size of job updated: 244620
	3  -  MemoryUsage of job (MB)
	2348  -  ResidentSetSize of job (KB)
...
005 (498678.000.000) 07/10 17:27:49 Job terminated.
	(1) Normal termination (return value 0)
		Usr 0 00:00:18, Sys 0 00:00:00  -  Run Remote Usage
		Usr 0 00:00:00, Sys 0 00:00:00  -  Run Local Usage
		Usr 0 00:00:18, Sys 0 00:00:00  -  Total Remote Usage
		Usr 0 00:00:00, Sys 0 00:00:00  -  Total Local Usage
	519472  -  Run Bytes Sent By Job
	47454  -  Run Bytes Received By Job
	519472  -  Total Bytes Sent By Job
	47454  -  Total Bytes Received By Job
	Partitionable Resources :    Usage  Request          
	   Cpus                 :                 1          
	   Disk (KB)            :      579      579          
	   Memory (MB)          :        3        3          
...
