000 (426433.000.000) 06/22 20:50:05 Job submitted from host: <18.12.1.74:48322>
...
004 (426433.000.000) 06/22 20:51:32 Job was evicted.
	(0) Job was not checkpointed.
		Usr 0 00:00:00, Sys 0 00:00:00  -  Run Remote Usage
		Usr 0 00:00:00, Sys 0 00:00:00  -  Run Local Usage
	0  -  Run Bytes Sent By Job
	0  -  Run Bytes Received By Job
	Partitionable Resources :    Usage  Request          
	   Cpus                 :                 1          
	   Disk (KB)            :       42       42          
	   Memory (MB)          :                 1          
...
009 (426433.000.000) 06/22 20:51:32 Job was aborted by the user.
	via condor_rm (by user rkunnawa)
...
000 (491857.000.000) 06/29 09:48:10 Job submitted from host: <18.12.1.74:48322>
...
001 (491857.000.000) 06/29 09:48:21 Job executing on host: <18.12.9.14:42117>
...
006 (491857.000.000) 06/29 09:48:30 Image size of job updated: 1
	3  -  MemoryUsage of job (MB)
	2356  -  ResidentSetSize of job (KB)
...
006 (491857.000.000) 06/29 09:50:39 Image size of job updated: 247032
	3  -  MemoryUsage of job (MB)
	2356  -  ResidentSetSize of job (KB)
...
005 (491857.000.000) 06/29 09:50:39 Job terminated.
	(1) Normal termination (return value 0)
		Usr 0 00:01:22, Sys 0 00:00:01  -  Run Remote Usage
		Usr 0 00:00:00, Sys 0 00:00:00  -  Run Local Usage
		Usr 0 00:01:22, Sys 0 00:00:01  -  Total Remote Usage
		Usr 0 00:00:00, Sys 0 00:00:00  -  Total Local Usage
	508724  -  Run Bytes Sent By Job
	46550  -  Run Bytes Received By Job
	508724  -  Total Bytes Sent By Job
	46550  -  Total Bytes Received By Job
	Partitionable Resources :    Usage  Request          
	   Cpus                 :                 1          
	   Disk (KB)            :      568      568          
	   Memory (MB)          :        3        3          
...
000 (492609.000.000) 06/29 10:14:15 Job submitted from host: <18.12.1.74:48322>
...
001 (492609.000.000) 06/29 10:14:42 Job executing on host: <18.12.8.166:49782>
...
006 (492609.000.000) 06/29 10:14:51 Image size of job updated: 68256
	13  -  MemoryUsage of job (MB)
	12496  -  ResidentSetSize of job (KB)
...
006 (492609.000.000) 06/29 10:18:39 Image size of job updated: 247100
	13  -  MemoryUsage of job (MB)
	12496  -  ResidentSetSize of job (KB)
...
005 (492609.000.000) 06/29 10:18:39 Job terminated.
	(1) Normal termination (return value 0)
		Usr 0 00:01:09, Sys 0 00:00:01  -  Run Remote Usage
		Usr 0 00:00:00, Sys 0 00:00:00  -  Run Local Usage
		Usr 0 00:01:09, Sys 0 00:00:01  -  Total Remote Usage
		Usr 0 00:00:00, Sys 0 00:00:00  -  Total Local Usage
	508947  -  Run Bytes Sent By Job
	46566  -  Run Bytes Received By Job
	508947  -  Total Bytes Sent By Job
	46566  -  Total Bytes Received By Job
	Partitionable Resources :    Usage  Request          
	   Cpus                 :                 1          
	   Disk (KB)            :      568      568          
	   Memory (MB)          :       13       13          
...
000 (495328.000.000) 06/29 21:59:32 Job submitted from host: <18.12.1.74:48322>
...
001 (495328.000.000) 06/29 21:59:48 Job executing on host: <18.12.8.29:45621>
...
006 (495328.000.000) 06/29 21:59:56 Image size of job updated: 1
	3  -  MemoryUsage of job (MB)
	2348  -  ResidentSetSize of job (KB)
...
006 (495328.000.000) 06/29 22:02:09 Image size of job updated: 247656
	3  -  MemoryUsage of job (MB)
	2348  -  ResidentSetSize of job (KB)
...
005 (495328.000.000) 06/29 22:02:09 Job terminated.
	(1) Normal termination (return value 0)
		Usr 0 00:01:37, Sys 0 00:00:03  -  Run Remote Usage
		Usr 0 00:00:00, Sys 0 00:00:00  -  Run Local Usage
		Usr 0 00:01:37, Sys 0 00:00:03  -  Total Remote Usage
		Usr 0 00:00:00, Sys 0 00:00:00  -  Total Local Usage
	508808  -  Run Bytes Sent By Job
	46564  -  Run Bytes Received By Job
	508808  -  Total Bytes Sent By Job
	46564  -  Total Bytes Received By Job
	Partitionable Resources :    Usage  Request          
	   Cpus                 :                 1          
	   Disk (KB)            :      568      568          
	   Memory (MB)          :        3        3          
...
