
----------------------------------------------------
Job started on Mon Jun 29 21:56:54 EDT 2015 at WN: t2bat0257.cmsaf.mit.edu 
Job is running on Linux t2bat0257.cmsaf.mit.edu 2.6.32-358.el6.x86_64 #1 SMP Fri Feb 22 20:37:17 CST 2013 x86_64 x86_64 x86_64 GNU/Linux
Filesystem            Size  Used Avail Use% Mounted on
/dev/sda3              20G  3.2G   16G  17% /
tmpfs                  12G     0   12G   0% /dev/shm
/dev/sda1              97M   32M   61M  35% /boot
/dev/sda4             874G  103G  772G  12% /export/data1
/dev/sdb1             1.8T  1.6T  200G  90% /export/00b
/dev/sdc1             1.8T  1.6T  205G  89% /export/00c
/dev/sdd1             1.8T  1.6T  211G  89% /export/00d
/dev/sde1             1.8T  1.6T  202G  90% /export/00e
/dev/sdf1             1.8T  1.6T  204G  89% /export/00f
fuse_dfs              4.9P  4.4P  527T  90% /mnt/hadoop
t2srv0004:/export/db  135G  187M  135G   1% /net/t2srv0004/db
cvmfs2                 98G   98G  154M 100% /cvmfs/cms.cern.ch
cvmfs2                 98G   98G  154M 100% /cvmfs/cvmfs.cmsaf.mit.edu
cvmfs2                 98G   98G  154M 100% /cvmfs/oasis.opensciencegrid.org
cvmfs2                 98G   98G  154M 100% /cvmfs/grid.cern.ch
cvmfs2                 98G   98G  154M 100% /cvmfs/fermilab.opensciencegrid.org
gcc (GCC) 4.4.7 20120313 (Red Hat 4.4.7-3)
Copyright (C) 2010 Free Software Foundation, Inc.
This is free software; see the source for copying conditions.  There is NO
warranty; not even for MERCHANTABILITY or FITNESS FOR A PARTICULAR PURPOSE.

Processing...
0/194686
10000/194686
20000/194686
30000/194686
40000/194686
50000/194686
60000/194686
70000/194686
80000/194686
90000/194686
100000/194686
110000/194686
120000/194686
130000/194686
140000/194686
150000/194686
160000/194686
170000/194686
180000/194686
190000/194686
Macro finished: 
CPU time (min)  = 2.27533
Real time (min) = 3.91246
Done!
Copied output files to hadoop rootfiles/JetRAA/June22
