000 (426634.000.000) 06/22 20:54:15 Job submitted from host: <18.12.1.74:48322>
...
001 (426634.000.000) 06/22 20:54:41 Job executing on host: <18.12.9.66:47884>
...
006 (426634.000.000) 06/22 20:54:50 Image size of job updated: 1
	3  -  MemoryUsage of job (MB)
	2356  -  ResidentSetSize of job (KB)
...
006 (426634.000.000) 06/22 20:56:41 Image size of job updated: 245460
	3  -  MemoryUsage of job (MB)
	2356  -  ResidentSetSize of job (KB)
...
005 (426634.000.000) 06/22 20:56:41 Job terminated.
	(1) Normal termination (return value 0)
		Usr 0 00:01:19, Sys 0 00:00:03  -  Run Remote Usage
		Usr 0 00:00:00, Sys 0 00:00:00  -  Run Local Usage
		Usr 0 00:01:19, Sys 0 00:00:03  -  Total Remote Usage
		Usr 0 00:00:00, Sys 0 00:00:00  -  Total Local Usage
	495116  -  Run Bytes Sent By Job
	41910  -  Run Bytes Received By Job
	495116  -  Total Bytes Sent By Job
	41910  -  Total Bytes Received By Job
	Partitionable Resources :    Usage  Request          
	   Cpus                 :                 1          
	   Disk (KB)            :      550      550          
	   Memory (MB)          :        3        3          
...
000 (428047.000.000) 06/23 16:48:23 Job submitted from host: <18.12.1.74:48322>
...
001 (428047.000.000) 06/23 16:48:35 Job executing on host: <18.12.9.54:46570>
...
006 (428047.000.000) 06/23 16:48:44 Image size of job updated: 1
	3  -  MemoryUsage of job (MB)
	2360  -  ResidentSetSize of job (KB)
...
006 (428047.000.000) 06/23 16:51:02 Image size of job updated: 244500
	3  -  MemoryUsage of job (MB)
	2360  -  ResidentSetSize of job (KB)
...
005 (428047.000.000) 06/23 16:51:02 Job terminated.
	(1) Normal termination (return value 0)
		Usr 0 00:01:04, Sys 0 00:00:01  -  Run Remote Usage
		Usr 0 00:00:00, Sys 0 00:00:00  -  Run Local Usage
		Usr 0 00:01:04, Sys 0 00:00:01  -  Total Remote Usage
		Usr 0 00:00:00, Sys 0 00:00:00  -  Total Local Usage
	511449  -  Run Bytes Sent By Job
	47429  -  Run Bytes Received By Job
	511449  -  Total Bytes Sent By Job
	47429  -  Total Bytes Received By Job
	Partitionable Resources :    Usage  Request          
	   Cpus                 :                 1          
	   Disk (KB)            :      571      571          
	   Memory (MB)          :        3        3          
...
