
----------------------------------------------------
Job started on Mon Jun 22 20:56:08 EDT 2015 at WN: hibat0093.cmsaf.mit.edu 
Job is running on Linux hibat0093.cmsaf.mit.edu 2.6.32-358.el6.x86_64 #1 SMP Fri Feb 22 20:37:17 CST 2013 x86_64 x86_64 x86_64 GNU/Linux
Filesystem            Size  Used Avail Use% Mounted on
/dev/sda3              20G  3.6G   16G  19% /
tmpfs                  24G     0   24G   0% /dev/shm
/dev/sda1              97M   32M   61M  35% /boot
/dev/sda4             873G   93G  781G  11% /export/data1
/dev/sdb1             2.7T  2.7T   87G  97% /export/00b
/dev/sdc1             2.7T  2.6T   89G  97% /export/00c
/dev/sdd1             2.7T  2.6T   95G  97% /export/00d
/dev/sde1             2.7T  2.6T   99G  97% /export/00e
/dev/sdf1             2.7T  2.7T   80G  98% /export/00f
/dev/sdg1             3.6T  3.0T  618G  84% /export/00g
/dev/sdh1             3.6T  3.1T  583G  85% /export/00h
fuse_dfs              4.9P  4.4P  522T  90% /mnt/hadoop
t2srv0004:/export/db  135G  187M  135G   1% /net/t2srv0004/db
cvmfs2                 98G   92G  6.6G  94% /cvmfs/cms.cern.ch
cvmfs2                 98G   92G  6.6G  94% /cvmfs/mu2e.opensciencegrid.org
gcc (GCC) 4.4.7 20120313 (Red Hat 4.4.7-3)
Copyright (C) 2010 Free Software Foundation, Inc.
This is free software; see the source for copying conditions.  There is NO
warranty; not even for MERCHANTABILITY or FITNESS FOR A PARTICULAR PURPOSE.

Processing...
0/396859
10000/396859
20000/396859
30000/396859
40000/396859
50000/396859
60000/396859
70000/396859
80000/396859
90000/396859
100000/396859
110000/396859
120000/396859
130000/396859
140000/396859
150000/396859
160000/396859
170000/396859
180000/396859
190000/396859
200000/396859
210000/396859
220000/396859
230000/396859
240000/396859
250000/396859
260000/396859
270000/396859
280000/396859
290000/396859
300000/396859
310000/396859
320000/396859
330000/396859
340000/396859
350000/396859
360000/396859
370000/396859
380000/396859
390000/396859
Macro finished: 
CPU time (min)  = 3.83733
Real time (min) = 4.87329
Done!
Copied output files to hadoop rootfiles/JetRAA/June22
