000 (426375.000.000) 06/22 20:49:59 Job submitted from host: <18.12.1.74:48322>
...
001 (426375.000.000) 06/22 20:50:46 Job executing on host: <18.12.9.6:43212>
...
006 (426375.000.000) 06/22 20:50:55 Image size of job updated: 1
	3  -  MemoryUsage of job (MB)
	2344  -  ResidentSetSize of job (KB)
...
006 (426375.000.000) 06/22 20:51:02 Image size of job updated: 153136
	3  -  MemoryUsage of job (MB)
	2344  -  ResidentSetSize of job (KB)
...
004 (426375.000.000) 06/22 20:51:02 Job was evicted.
	(0) Job was not checkpointed.
		Usr 0 00:00:00, Sys 0 00:00:00  -  Run Remote Usage
		Usr 0 00:00:00, Sys 0 00:00:00  -  Run Local Usage
	0  -  Run Bytes Sent By Job
	41910  -  Run Bytes Received By Job
	Partitionable Resources :    Usage  Request          
	   Cpus                 :                 1          
	   Disk (KB)            :      550      550          
	   Memory (MB)          :        3        3          
...
009 (426375.000.000) 06/22 20:51:10 Job was aborted by the user.
	via condor_rm (by user rkunnawa)
...
000 (491799.000.000) 06/29 09:48:04 Job submitted from host: <18.12.1.74:48322>
...
001 (491799.000.000) 06/29 09:48:16 Job executing on host: <18.12.8.108:46789>
...
006 (491799.000.000) 06/29 09:48:24 Image size of job updated: 245468
	57  -  MemoryUsage of job (MB)
	57780  -  ResidentSetSize of job (KB)
...
006 (491799.000.000) 06/29 09:48:53 Image size of job updated: 246164
	57  -  MemoryUsage of job (MB)
	57780  -  ResidentSetSize of job (KB)
...
005 (491799.000.000) 06/29 09:48:54 Job terminated.
	(1) Normal termination (return value 0)
		Usr 0 00:00:23, Sys 0 00:00:01  -  Run Remote Usage
		Usr 0 00:00:00, Sys 0 00:00:00  -  Run Local Usage
		Usr 0 00:00:23, Sys 0 00:00:01  -  Total Remote Usage
		Usr 0 00:00:00, Sys 0 00:00:00  -  Total Local Usage
	508747  -  Run Bytes Sent By Job
	46550  -  Run Bytes Received By Job
	508747  -  Total Bytes Sent By Job
	46550  -  Total Bytes Received By Job
	Partitionable Resources :    Usage  Request          
	   Cpus                 :                 1          
	   Disk (KB)            :      568      568          
	   Memory (MB)          :       57       57          
...
000 (492551.000.000) 06/29 10:14:02 Job submitted from host: <18.12.1.74:48322>
...
001 (492551.000.000) 06/29 10:14:14 Job executing on host: <18.12.8.124:43650>
...
006 (492551.000.000) 06/29 10:14:23 Image size of job updated: 147080
	35  -  MemoryUsage of job (MB)
	35760  -  ResidentSetSize of job (KB)
...
006 (492551.000.000) 06/29 10:14:52 Image size of job updated: 246172
	35  -  MemoryUsage of job (MB)
	35760  -  ResidentSetSize of job (KB)
...
005 (492551.000.000) 06/29 10:14:52 Job terminated.
	(1) Normal termination (return value 0)
		Usr 0 00:00:20, Sys 0 00:00:00  -  Run Remote Usage
		Usr 0 00:00:00, Sys 0 00:00:00  -  Run Local Usage
		Usr 0 00:00:20, Sys 0 00:00:00  -  Total Remote Usage
		Usr 0 00:00:00, Sys 0 00:00:00  -  Total Local Usage
	508980  -  Run Bytes Sent By Job
	46566  -  Run Bytes Received By Job
	508980  -  Total Bytes Sent By Job
	46566  -  Total Bytes Received By Job
	Partitionable Resources :    Usage  Request          
	   Cpus                 :                 1          
	   Disk (KB)            :      568      568          
	   Memory (MB)          :       35       35          
...
000 (495270.000.000) 06/29 21:59:24 Job submitted from host: <18.12.1.74:48322>
...
001 (495270.000.000) 06/29 21:59:39 Job executing on host: <18.12.9.35:43869>
...
006 (495270.000.000) 06/29 21:59:48 Image size of job updated: 9524
	2  -  MemoryUsage of job (MB)
	1420  -  ResidentSetSize of job (KB)
...
006 (495270.000.000) 06/29 22:02:28 Image size of job updated: 247000
	2  -  MemoryUsage of job (MB)
	1420  -  ResidentSetSize of job (KB)
...
005 (495270.000.000) 06/29 22:02:28 Job terminated.
	(1) Normal termination (return value 0)
		Usr 0 00:00:31, Sys 0 00:00:01  -  Run Remote Usage
		Usr 0 00:00:00, Sys 0 00:00:00  -  Run Local Usage
		Usr 0 00:00:31, Sys 0 00:00:01  -  Total Remote Usage
		Usr 0 00:00:00, Sys 0 00:00:00  -  Total Local Usage
	509031  -  Run Bytes Sent By Job
	46564  -  Run Bytes Received By Job
	509031  -  Total Bytes Sent By Job
	46564  -  Total Bytes Received By Job
	Partitionable Resources :    Usage  Request          
	   Cpus                 :                 1          
	   Disk (KB)            :      568      568          
	   Memory (MB)          :        2        2          
...
