
----------------------------------------------------
Job started on Mon Jun 29 21:59:53 EDT 2015 at WN: hibat0043.cmsaf.mit.edu 
Job is running on Linux hibat0043.cmsaf.mit.edu 2.6.32-358.el6.x86_64 #1 SMP Fri Feb 22 20:37:17 CST 2013 x86_64 x86_64 x86_64 GNU/Linux
Filesystem            Size  Used Avail Use% Mounted on
/dev/sda3              20G  3.5G   16G  19% /
tmpfs                  24G     0   24G   0% /dev/shm
/dev/sda1              97M   32M   61M  35% /boot
/dev/sda4             874G  102G  773G  12% /export/data1
/dev/sdb1             1.8T  1.6T  202G  90% /export/00b
/dev/sdc1             1.8T  1.6T  207G  89% /export/00c
/dev/sdd1             1.8T  1.6T  215G  89% /export/00d
/dev/sde1             1.8T  1.6T  203G  89% /export/00e
/dev/sdf1             1.8T  1.6T  205G  89% /export/00f
fuse_dfs              4.9P  4.4P  527T  90% /mnt/hadoop
t2srv0004:/export/db  135G  187M  135G   1% /net/t2srv0004/db
cvmfs2                 98G   98G   50M 100% /cvmfs/cms.cern.ch
cvmfs2                 98G   98G   50M 100% /cvmfs/cvmfs.cmsaf.mit.edu
cvmfs2                 98G   98G   50M 100% /cvmfs/oasis.opensciencegrid.org
gcc (GCC) 4.4.7 20120313 (Red Hat 4.4.7-3)
Copyright (C) 2010 Free Software Foundation, Inc.
This is free software; see the source for copying conditions.  There is NO
warranty; not even for MERCHANTABILITY or FITNESS FOR A PARTICULAR PURPOSE.

Processing...
0/178403
10000/178403
20000/178403
30000/178403
40000/178403
50000/178403
60000/178403
70000/178403
80000/178403
90000/178403
100000/178403
110000/178403
120000/178403
130000/178403
140000/178403
150000/178403
160000/178403
170000/178403
Macro finished: 
CPU time (min)  = 1.983
Real time (min) = 2.52212
Done!
Copied output files to hadoop rootfiles/JetRAA/June22
