000 (426514.000.000) 06/22 20:50:13 Job submitted from host: <18.12.1.74:48322>
...
001 (426514.000.000) 06/22 20:50:53 Job executing on host: <18.12.9.64:47738>
...
006 (426514.000.000) 06/22 20:51:01 Image size of job updated: 1
	3  -  MemoryUsage of job (MB)
	2356  -  ResidentSetSize of job (KB)
...
006 (426514.000.000) 06/22 20:51:02 Image size of job updated: 245652
	3  -  MemoryUsage of job (MB)
	2356  -  ResidentSetSize of job (KB)
...
004 (426514.000.000) 06/22 20:51:02 Job was evicted.
	(0) Job was not checkpointed.
		Usr 0 00:00:01, Sys 0 00:00:00  -  Run Remote Usage
		Usr 0 00:00:00, Sys 0 00:00:00  -  Run Local Usage
	0  -  Run Bytes Sent By Job
	41910  -  Run Bytes Received By Job
	Partitionable Resources :    Usage  Request          
	   Cpus                 :                 1          
	   Disk (KB)            :      550      550          
	   Memory (MB)          :        3        3          
...
009 (426514.000.000) 06/22 20:51:10 Job was aborted by the user.
	via condor_rm (by user rkunnawa)
...
000 (426612.000.000) 06/22 20:51:46 Job submitted from host: <18.12.1.74:48322>
...
001 (426612.000.000) 06/22 20:52:16 Job executing on host: <18.12.8.230:40657>
...
006 (426612.000.000) 06/22 20:52:24 Image size of job updated: 184888
	52  -  MemoryUsage of job (MB)
	53024  -  ResidentSetSize of job (KB)
...
006 (426612.000.000) 06/22 20:57:24 Image size of job updated: 248152
	87  -  MemoryUsage of job (MB)
	88792  -  ResidentSetSize of job (KB)
...
005 (426612.000.000) 06/22 20:58:14 Job terminated.
	(1) Normal termination (return value 0)
		Usr 0 00:04:11, Sys 0 00:00:04  -  Run Remote Usage
		Usr 0 00:00:00, Sys 0 00:00:00  -  Run Local Usage
		Usr 0 00:04:11, Sys 0 00:00:04  -  Total Remote Usage
		Usr 0 00:00:00, Sys 0 00:00:00  -  Total Local Usage
	495313  -  Run Bytes Sent By Job
	41910  -  Run Bytes Received By Job
	495313  -  Total Bytes Sent By Job
	41910  -  Total Bytes Received By Job
	Partitionable Resources :    Usage  Request          
	   Cpus                 :                 1          
	   Disk (KB)            :      550      550          
	   Memory (MB)          :       87       87          
...
000 (491951.000.000) 06/29 09:48:26 Job submitted from host: <18.12.1.74:48322>
...
001 (491951.000.000) 06/29 09:49:00 Job executing on host: <18.12.8.243:45475>
...
006 (491951.000.000) 06/29 09:49:08 Image size of job updated: 1
	3  -  MemoryUsage of job (MB)
	2352  -  ResidentSetSize of job (KB)
...
006 (491951.000.000) 06/29 09:54:08 Image size of job updated: 247264
	114  -  MemoryUsage of job (MB)
	116604  -  ResidentSetSize of job (KB)
...
005 (491951.000.000) 06/29 09:55:36 Job terminated.
	(1) Normal termination (return value 0)
		Usr 0 00:02:22, Sys 0 00:00:04  -  Run Remote Usage
		Usr 0 00:00:00, Sys 0 00:00:00  -  Run Local Usage
		Usr 0 00:02:22, Sys 0 00:00:04  -  Total Remote Usage
		Usr 0 00:00:00, Sys 0 00:00:00  -  Total Local Usage
	508876  -  Run Bytes Sent By Job
	46550  -  Run Bytes Received By Job
	508876  -  Total Bytes Sent By Job
	46550  -  Total Bytes Received By Job
	Partitionable Resources :    Usage  Request          
	   Cpus                 :                 1          
	   Disk (KB)            :      568      568          
	   Memory (MB)          :      114      114          
...
000 (492690.000.000) 06/29 10:14:34 Job submitted from host: <18.12.1.74:48322>
...
001 (492690.000.000) 06/29 10:14:50 Job executing on host: <18.12.8.63:42044>
...
006 (492690.000.000) 06/29 10:14:58 Image size of job updated: 1
	3  -  MemoryUsage of job (MB)
	2356  -  ResidentSetSize of job (KB)
...
006 (492690.000.000) 06/29 10:19:58 Image size of job updated: 247272
	65  -  MemoryUsage of job (MB)
	66148  -  ResidentSetSize of job (KB)
...
005 (492690.000.000) 06/29 10:21:35 Job terminated.
	(1) Normal termination (return value 0)
		Usr 0 00:02:38, Sys 0 00:00:06  -  Run Remote Usage
		Usr 0 00:00:00, Sys 0 00:00:00  -  Run Local Usage
		Usr 0 00:02:38, Sys 0 00:00:06  -  Total Remote Usage
		Usr 0 00:00:00, Sys 0 00:00:00  -  Total Local Usage
	509376  -  Run Bytes Sent By Job
	46566  -  Run Bytes Received By Job
	509376  -  Total Bytes Sent By Job
	46566  -  Total Bytes Received By Job
	Partitionable Resources :    Usage  Request          
	   Cpus                 :                 1          
	   Disk (KB)            :      568      568          
	   Memory (MB)          :       65       65          
...
000 (495409.000.000) 06/29 21:59:49 Job submitted from host: <18.12.1.74:48322>
...
001 (495409.000.000) 06/29 21:59:53 Job executing on host: <18.12.8.62:41606>
...
006 (495409.000.000) 06/29 22:00:03 Image size of job updated: 1
	3  -  MemoryUsage of job (MB)
	2356  -  ResidentSetSize of job (KB)
...
006 (495409.000.000) 06/29 22:03:48 Image size of job updated: 247832
	3  -  MemoryUsage of job (MB)
	2356  -  ResidentSetSize of job (KB)
...
005 (495409.000.000) 06/29 22:03:49 Job terminated.
	(1) Normal termination (return value 0)
		Usr 0 00:02:56, Sys 0 00:00:06  -  Run Remote Usage
		Usr 0 00:00:00, Sys 0 00:00:00  -  Run Local Usage
		Usr 0 00:02:56, Sys 0 00:00:06  -  Total Remote Usage
		Usr 0 00:00:00, Sys 0 00:00:00  -  Total Local Usage
	509039  -  Run Bytes Sent By Job
	46564  -  Run Bytes Received By Job
	509039  -  Total Bytes Sent By Job
	46564  -  Total Bytes Received By Job
	Partitionable Resources :    Usage  Request          
	   Cpus                 :                 1          
	   Disk (KB)            :      568      568          
	   Memory (MB)          :        3        3          
...
