000 (426705.000.000) 06/22 20:54:22 Job submitted from host: <18.12.1.74:48322>
...
001 (426705.000.000) 06/22 20:54:51 Job executing on host: <18.12.6.83:47300>
...
006 (426705.000.000) 06/22 20:55:00 Image size of job updated: 1
	3  -  MemoryUsage of job (MB)
	2376  -  ResidentSetSize of job (KB)
...
006 (426705.000.000) 06/22 20:59:04 Image size of job updated: 244944
	3  -  MemoryUsage of job (MB)
	2376  -  ResidentSetSize of job (KB)
...
005 (426705.000.000) 06/22 20:59:04 Job terminated.
	(1) Normal termination (return value 0)
		Usr 0 00:03:04, Sys 0 00:00:03  -  Run Remote Usage
		Usr 0 00:00:00, Sys 0 00:00:00  -  Run Local Usage
		Usr 0 00:03:04, Sys 0 00:00:03  -  Total Remote Usage
		Usr 0 00:00:00, Sys 0 00:00:00  -  Total Local Usage
	495167  -  Run Bytes Sent By Job
	41910  -  Run Bytes Received By Job
	495167  -  Total Bytes Sent By Job
	41910  -  Total Bytes Received By Job
	Partitionable Resources :    Usage  Request          
	   Cpus                 :                 1          
	   Disk (KB)            :      550      550          
	   Memory (MB)          :        3        3          
...
000 (428118.000.000) 06/23 16:48:30 Job submitted from host: <18.12.1.74:48322>
...
001 (428118.000.000) 06/23 16:48:46 Job executing on host: <18.12.6.84:41606>
...
006 (428118.000.000) 06/23 16:48:55 Image size of job updated: 144304
	27  -  MemoryUsage of job (MB)
	27420  -  ResidentSetSize of job (KB)
...
006 (428118.000.000) 06/23 16:53:06 Image size of job updated: 244976
	27  -  MemoryUsage of job (MB)
	27420  -  ResidentSetSize of job (KB)
...
005 (428118.000.000) 06/23 16:53:06 Job terminated.
	(1) Normal termination (return value 0)
		Usr 0 00:02:55, Sys 0 00:00:03  -  Run Remote Usage
		Usr 0 00:00:00, Sys 0 00:00:00  -  Run Local Usage
		Usr 0 00:02:55, Sys 0 00:00:03  -  Total Remote Usage
		Usr 0 00:00:00, Sys 0 00:00:00  -  Total Local Usage
	512072  -  Run Bytes Sent By Job
	47429  -  Run Bytes Received By Job
	512072  -  Total Bytes Sent By Job
	47429  -  Total Bytes Received By Job
	Partitionable Resources :    Usage  Request          
	   Cpus                 :                 1          
	   Disk (KB)            :      572      572          
	   Memory (MB)          :       27       27          
...
000 (429472.000.000) 06/24 21:33:29 Job submitted from host: <18.12.1.74:48322>
...
001 (429472.000.000) 06/24 21:33:57 Job executing on host: <18.12.8.207:49125>
...
006 (429472.000.000) 06/24 21:34:05 Image size of job updated: 1
	3  -  MemoryUsage of job (MB)
	2380  -  ResidentSetSize of job (KB)
...
006 (429472.000.000) 06/24 21:35:44 Image size of job updated: 245020
	3  -  MemoryUsage of job (MB)
	2380  -  ResidentSetSize of job (KB)
...
005 (429472.000.000) 06/24 21:35:44 Job terminated.
	(1) Normal termination (return value 0)
		Usr 0 00:01:11, Sys 0 00:00:01  -  Run Remote Usage
		Usr 0 00:00:00, Sys 0 00:00:00  -  Run Local Usage
		Usr 0 00:01:11, Sys 0 00:00:01  -  Total Remote Usage
		Usr 0 00:00:00, Sys 0 00:00:00  -  Total Local Usage
	512386  -  Run Bytes Sent By Job
	47957  -  Run Bytes Received By Job
	512386  -  Total Bytes Sent By Job
	47957  -  Total Bytes Received By Job
	Partitionable Resources :    Usage  Request          
	   Cpus                 :                 1          
	   Disk (KB)            :      573      573          
	   Memory (MB)          :        3        3          
...
000 (429653.000.000) 06/24 21:48:14 Job submitted from host: <18.12.1.74:48322>
...
001 (429653.000.000) 06/24 21:48:43 Job executing on host: <18.12.8.113:46716>
...
006 (429653.000.000) 06/24 21:48:51 Image size of job updated: 243448
	72  -  MemoryUsage of job (MB)
	73720  -  ResidentSetSize of job (KB)
...
006 (429653.000.000) 06/24 21:51:19 Image size of job updated: 245024
	72  -  MemoryUsage of job (MB)
	73720  -  ResidentSetSize of job (KB)
...
005 (429653.000.000) 06/24 21:51:19 Job terminated.
	(1) Normal termination (return value 0)
		Usr 0 00:01:11, Sys 0 00:00:03  -  Run Remote Usage
		Usr 0 00:00:00, Sys 0 00:00:00  -  Run Local Usage
		Usr 0 00:01:11, Sys 0 00:00:03  -  Total Remote Usage
		Usr 0 00:00:00, Sys 0 00:00:00  -  Total Local Usage
	512510  -  Run Bytes Sent By Job
	47957  -  Run Bytes Received By Job
	512510  -  Total Bytes Sent By Job
	47957  -  Total Bytes Received By Job
	Partitionable Resources :    Usage  Request          
	   Cpus                 :                 1          
	   Disk (KB)            :      573      573          
	   Memory (MB)          :       72       72          
...
000 (451350.000.000) 06/25 11:40:14 Job submitted from host: <18.12.1.74:48322>
...
001 (451350.000.000) 06/25 11:40:49 Job executing on host: <18.12.8.3:46059>
...
006 (451350.000.000) 06/25 11:40:58 Image size of job updated: 1
	3  -  MemoryUsage of job (MB)
	2352  -  ResidentSetSize of job (KB)
...
006 (451350.000.000) 06/25 11:43:50 Image size of job updated: 189572
	3  -  MemoryUsage of job (MB)
	2352  -  ResidentSetSize of job (KB)
...
005 (451350.000.000) 06/25 11:43:50 Job terminated.
	(1) Normal termination (return value 0)
		Usr 0 00:02:09, Sys 0 00:00:03  -  Run Remote Usage
		Usr 0 00:00:00, Sys 0 00:00:00  -  Run Local Usage
		Usr 0 00:02:09, Sys 0 00:00:03  -  Total Remote Usage
		Usr 0 00:00:00, Sys 0 00:00:00  -  Total Local Usage
	12745327  -  Run Bytes Sent By Job
	46060  -  Run Bytes Received By Job
	12745327  -  Total Bytes Sent By Job
	46060  -  Total Bytes Received By Job
	Partitionable Resources :    Usage  Request          
	   Cpus                 :                 1          
	   Disk (KB)            :    12517    12517          
	   Memory (MB)          :        3        3          
...
000 (452190.000.000) 06/26 10:10:37 Job submitted from host: <18.12.1.74:48322>
...
001 (452190.000.000) 06/26 10:11:04 Job executing on host: <18.12.6.84:41606>
...
006 (452190.000.000) 06/26 10:11:12 Image size of job updated: 153248
	39  -  MemoryUsage of job (MB)
	39028  -  ResidentSetSize of job (KB)
...
006 (452190.000.000) 06/26 10:13:12 Image size of job updated: 189432
	39  -  MemoryUsage of job (MB)
	39028  -  ResidentSetSize of job (KB)
...
005 (452190.000.000) 06/26 10:13:12 Job terminated.
	(1) Normal termination (return value 0)
		Usr 0 00:01:22, Sys 0 00:00:02  -  Run Remote Usage
		Usr 0 00:00:00, Sys 0 00:00:00  -  Run Local Usage
		Usr 0 00:01:22, Sys 0 00:00:02  -  Total Remote Usage
		Usr 0 00:00:00, Sys 0 00:00:00  -  Total Local Usage
	6516756  -  Run Bytes Sent By Job
	46038  -  Run Bytes Received By Job
	6516756  -  Total Bytes Sent By Job
	46038  -  Total Bytes Received By Job
	Partitionable Resources :    Usage  Request          
	   Cpus                 :                 1          
	   Disk (KB)            :     6434     6434          
	   Memory (MB)          :       39       39          
...
000 (472816.000.000) 06/26 16:38:28 Job submitted from host: <18.12.1.74:48322>
...
001 (472816.000.000) 06/26 16:38:49 Job executing on host: <18.12.6.15:43358>
...
006 (472816.000.000) 06/26 16:38:58 Image size of job updated: 1
	3  -  MemoryUsage of job (MB)
	2356  -  ResidentSetSize of job (KB)
...
006 (472816.000.000) 06/26 16:42:48 Image size of job updated: 189568
	3  -  MemoryUsage of job (MB)
	2356  -  ResidentSetSize of job (KB)
...
005 (472816.000.000) 06/26 16:42:48 Job terminated.
	(1) Normal termination (return value 0)
		Usr 0 00:02:55, Sys 0 00:00:04  -  Run Remote Usage
		Usr 0 00:00:00, Sys 0 00:00:00  -  Run Local Usage
		Usr 0 00:02:55, Sys 0 00:00:04  -  Total Remote Usage
		Usr 0 00:00:00, Sys 0 00:00:00  -  Total Local Usage
	12745851  -  Run Bytes Sent By Job
	46344  -  Run Bytes Received By Job
	12745851  -  Total Bytes Sent By Job
	46344  -  Total Bytes Received By Job
	Partitionable Resources :    Usage  Request          
	   Cpus                 :                 1          
	   Disk (KB)            :    12518    12518          
	   Memory (MB)          :        3        3          
...
000 (491761.000.000) 06/29 09:42:00 Job submitted from host: <18.12.1.74:48322>
...
001 (491761.000.000) 06/29 09:42:30 Job executing on host: <18.12.8.73:43796>
...
006 (491761.000.000) 06/29 09:42:39 Image size of job updated: 1
	3  -  MemoryUsage of job (MB)
	2352  -  ResidentSetSize of job (KB)
...
006 (491761.000.000) 06/29 09:44:41 Image size of job updated: 245024
	3  -  MemoryUsage of job (MB)
	2352  -  ResidentSetSize of job (KB)
...
005 (491761.000.000) 06/29 09:44:41 Job terminated.
	(1) Normal termination (return value 0)
		Usr 0 00:01:30, Sys 0 00:00:03  -  Run Remote Usage
		Usr 0 00:00:00, Sys 0 00:00:00  -  Run Local Usage
		Usr 0 00:01:30, Sys 0 00:00:03  -  Total Remote Usage
		Usr 0 00:00:00, Sys 0 00:00:00  -  Total Local Usage
	508876  -  Run Bytes Sent By Job
	46550  -  Run Bytes Received By Job
	508876  -  Total Bytes Sent By Job
	46550  -  Total Bytes Received By Job
	Partitionable Resources :    Usage  Request          
	   Cpus                 :                 1          
	   Disk (KB)            :      568      568          
	   Memory (MB)          :        3        3          
...
000 (492875.000.000) 06/29 10:15:26 Job submitted from host: <18.12.1.74:48322>
...
001 (492875.000.000) 06/29 10:15:39 Job executing on host: <18.12.8.153:40146>
...
006 (492875.000.000) 06/29 10:15:47 Image size of job updated: 1
	3  -  MemoryUsage of job (MB)
	2368  -  ResidentSetSize of job (KB)
...
006 (492875.000.000) 06/29 10:18:53 Image size of job updated: 245020
	3  -  MemoryUsage of job (MB)
	2368  -  ResidentSetSize of job (KB)
...
005 (492875.000.000) 06/29 10:18:53 Job terminated.
	(1) Normal termination (return value 0)
		Usr 0 00:01:11, Sys 0 00:00:01  -  Run Remote Usage
		Usr 0 00:00:00, Sys 0 00:00:00  -  Run Local Usage
		Usr 0 00:01:11, Sys 0 00:00:01  -  Total Remote Usage
		Usr 0 00:00:00, Sys 0 00:00:00  -  Total Local Usage
	508962  -  Run Bytes Sent By Job
	46566  -  Run Bytes Received By Job
	508962  -  Total Bytes Sent By Job
	46566  -  Total Bytes Received By Job
	Partitionable Resources :    Usage  Request          
	   Cpus                 :                 1          
	   Disk (KB)            :      568      568          
	   Memory (MB)          :        3        3          
...
000 (495232.000.000) 06/29 21:57:40 Job submitted from host: <18.12.1.74:48322>
...
001 (495232.000.000) 06/29 21:58:05 Job executing on host: <18.12.8.209:48249>
...
006 (495232.000.000) 06/29 21:58:14 Image size of job updated: 1
	3  -  MemoryUsage of job (MB)
	2368  -  ResidentSetSize of job (KB)
...
006 (495232.000.000) 06/29 22:00:42 Image size of job updated: 245580
	3  -  MemoryUsage of job (MB)
	2368  -  ResidentSetSize of job (KB)
...
005 (495232.000.000) 06/29 22:00:42 Job terminated.
	(1) Normal termination (return value 0)
		Usr 0 00:01:29, Sys 0 00:00:02  -  Run Remote Usage
		Usr 0 00:00:00, Sys 0 00:00:00  -  Run Local Usage
		Usr 0 00:01:29, Sys 0 00:00:02  -  Total Remote Usage
		Usr 0 00:00:00, Sys 0 00:00:00  -  Total Local Usage
	508898  -  Run Bytes Sent By Job
	46564  -  Run Bytes Received By Job
	508898  -  Total Bytes Sent By Job
	46564  -  Total Bytes Received By Job
	Partitionable Resources :    Usage  Request          
	   Cpus                 :                 1          
	   Disk (KB)            :      568      568          
	   Memory (MB)          :        3        3          
...
000 (497366.000.000) 07/09 13:07:22 Job submitted from host: <18.12.1.74:48322>
...
001 (497366.000.000) 07/09 13:07:58 Job executing on host: <18.12.9.84:47519>
...
006 (497366.000.000) 07/09 13:08:07 Image size of job updated: 243644
	69  -  MemoryUsage of job (MB)
	70448  -  ResidentSetSize of job (KB)
...
006 (497366.000.000) 07/09 13:10:12 Image size of job updated: 245580
	69  -  MemoryUsage of job (MB)
	70448  -  ResidentSetSize of job (KB)
...
005 (497366.000.000) 07/09 13:10:12 Job terminated.
	(1) Normal termination (return value 0)
		Usr 0 00:01:16, Sys 0 00:00:02  -  Run Remote Usage
		Usr 0 00:00:00, Sys 0 00:00:00  -  Run Local Usage
		Usr 0 00:01:16, Sys 0 00:00:02  -  Total Remote Usage
		Usr 0 00:00:00, Sys 0 00:00:00  -  Total Local Usage
	509456  -  Run Bytes Sent By Job
	46648  -  Run Bytes Received By Job
	509456  -  Total Bytes Sent By Job
	46648  -  Total Bytes Received By Job
	Partitionable Resources :    Usage  Request          
	   Cpus                 :                 1          
	   Disk (KB)            :      569      569          
	   Memory (MB)          :       69       69          
...
000 (497556.000.000) 07/09 15:41:19 Job submitted from host: <18.12.1.74:48322>
...
001 (497556.000.000) 07/09 15:41:54 Job executing on host: <18.12.6.12:41825>
...
006 (497556.000.000) 07/09 15:42:03 Image size of job updated: 93716
	3  -  MemoryUsage of job (MB)
	2440  -  ResidentSetSize of job (KB)
...
006 (497556.000.000) 07/09 15:45:12 Image size of job updated: 245588
	3  -  MemoryUsage of job (MB)
	2440  -  ResidentSetSize of job (KB)
...
005 (497556.000.000) 07/09 15:45:13 Job terminated.
	(1) Normal termination (return value 0)
		Usr 0 00:02:00, Sys 0 00:00:04  -  Run Remote Usage
		Usr 0 00:00:00, Sys 0 00:00:00  -  Run Local Usage
		Usr 0 00:02:00, Sys 0 00:00:04  -  Total Remote Usage
		Usr 0 00:00:00, Sys 0 00:00:00  -  Total Local Usage
	509017  -  Run Bytes Sent By Job
	46609  -  Run Bytes Received By Job
	509017  -  Total Bytes Sent By Job
	46609  -  Total Bytes Received By Job
	Partitionable Resources :    Usage  Request          
	   Cpus                 :                 1          
	   Disk (KB)            :      568      568          
	   Memory (MB)          :        3        3          
...
000 (497863.000.000) 07/09 16:39:31 Job submitted from host: <18.12.1.74:48322>
...
001 (497863.000.000) 07/09 16:40:07 Job executing on host: <18.12.6.82:43942>
...
006 (497863.000.000) 07/09 16:40:15 Image size of job updated: 1
	3  -  MemoryUsage of job (MB)
	2348  -  ResidentSetSize of job (KB)
...
006 (497863.000.000) 07/09 16:42:51 Image size of job updated: 245584
	3  -  MemoryUsage of job (MB)
	2348  -  ResidentSetSize of job (KB)
...
005 (497863.000.000) 07/09 16:42:51 Job terminated.
	(1) Normal termination (return value 0)
		Usr 0 00:01:43, Sys 0 00:00:02  -  Run Remote Usage
		Usr 0 00:00:00, Sys 0 00:00:00  -  Run Local Usage
		Usr 0 00:01:43, Sys 0 00:00:02  -  Total Remote Usage
		Usr 0 00:00:00, Sys 0 00:00:00  -  Total Local Usage
	509409  -  Run Bytes Sent By Job
	46604  -  Run Bytes Received By Job
	509409  -  Total Bytes Sent By Job
	46604  -  Total Bytes Received By Job
	Partitionable Resources :    Usage  Request          
	   Cpus                 :                 1          
	   Disk (KB)            :      569      569          
	   Memory (MB)          :        3        3          
...
000 (498196.000.000) 07/10 12:07:31 Job submitted from host: <18.12.1.74:48322>
...
001 (498196.000.000) 07/10 12:07:46 Job executing on host: <18.12.6.84:44307>
...
006 (498196.000.000) 07/10 12:07:54 Image size of job updated: 1
	3  -  MemoryUsage of job (MB)
	2352  -  ResidentSetSize of job (KB)
...
006 (498196.000.000) 07/10 12:10:06 Image size of job updated: 245580
	3  -  MemoryUsage of job (MB)
	2352  -  ResidentSetSize of job (KB)
...
005 (498196.000.000) 07/10 12:10:06 Job terminated.
	(1) Normal termination (return value 0)
		Usr 0 00:01:29, Sys 0 00:00:01  -  Run Remote Usage
		Usr 0 00:00:00, Sys 0 00:00:00  -  Run Local Usage
		Usr 0 00:01:29, Sys 0 00:00:01  -  Total Remote Usage
		Usr 0 00:00:00, Sys 0 00:00:00  -  Total Local Usage
	509036  -  Run Bytes Sent By Job
	46586  -  Run Bytes Received By Job
	509036  -  Total Bytes Sent By Job
	46586  -  Total Bytes Received By Job
	Partitionable Resources :    Usage  Request          
	   Cpus                 :                 1          
	   Disk (KB)            :      568      568          
	   Memory (MB)          :        3        3          
...
000 (498749.000.000) 07/10 16:45:37 Job submitted from host: <18.12.1.74:48322>
...
001 (498749.000.000) 07/10 16:56:41 Job executing on host: <18.12.8.186:44161>
...
006 (498749.000.000) 07/10 16:56:50 Image size of job updated: 1
	3  -  MemoryUsage of job (MB)
	2372  -  ResidentSetSize of job (KB)
...
006 (498749.000.000) 07/10 16:57:43 Image size of job updated: 245776
	3  -  MemoryUsage of job (MB)
	2372  -  ResidentSetSize of job (KB)
...
005 (498749.000.000) 07/10 17:30:42 Job terminated.
	(1) Normal termination (return value 0)
		Usr 0 00:00:39, Sys 0 00:00:00  -  Run Remote Usage
		Usr 0 00:00:00, Sys 0 00:00:00  -  Run Local Usage
		Usr 0 00:00:39, Sys 0 00:00:00  -  Total Remote Usage
		Usr 0 00:00:00, Sys 0 00:00:00  -  Total Local Usage
	519285  -  Run Bytes Sent By Job
	47454  -  Run Bytes Received By Job
	519285  -  Total Bytes Sent By Job
	47454  -  Total Bytes Received By Job
	Partitionable Resources :    Usage  Request          
	   Cpus                 :                 1          
	   Disk (KB)            :      579      579          
	   Memory (MB)          :        3        3          
...
