
----------------------------------------------------
Job started on Mon Jun 29 21:59:47 EDT 2015 at WN: t2bat0333.cmsaf.mit.edu 
Job is running on Linux t2bat0333.cmsaf.mit.edu 2.6.32-358.el6.x86_64 #1 SMP Fri Feb 22 20:37:17 CST 2013 x86_64 x86_64 x86_64 GNU/Linux
Filesystem            Size  Used Avail Use% Mounted on
/dev/sda3              20G  2.9G   16G  16% /
tmpfs                  32G     0   32G   0% /dev/shm
/dev/sda1              97M   32M   61M  35% /boot
/dev/sda4             416G   97G  319G  24% /export/data1
fuse_dfs              4.9P  4.4P  527T  90% /mnt/hadoop
/dev/sdb1             3.6T  3.2T  397G  90% /export/00b
/dev/sdc1             3.6T  3.2T  443G  88% /export/00c
/dev/sdd1             3.6T  3.2T  405G  89% /export/00d
/dev/sde1             3.6T  3.2T  420G  89% /export/00e
/dev/sdf1             3.6T  3.3T  384G  90% /export/00f
/dev/sdg1             3.6T  3.2T  408G  89% /export/00g
t2srv0004:/export/db  135G  187M  135G   1% /net/t2srv0004/db
cvmfs2                 98G   90G  8.0G  92% /cvmfs/cms.cern.ch
cvmfs2                 98G   90G  8.0G  92% /cvmfs/cvmfs.cmsaf.mit.edu
cvmfs2                 98G   90G  8.0G  92% /cvmfs/oasis.opensciencegrid.org
cvmfs2                 98G   90G  8.0G  92% /cvmfs/cdfcfs.fnal.gov
cvmfs2                 98G   90G  8.0G  92% /cvmfs/grid.cern.ch
cvmfs2                 98G   90G  8.0G  92% /cvmfs/fermilab.opensciencegrid.org
gcc (GCC) 4.4.7 20120313 (Red Hat 4.4.7-3)
Copyright (C) 2010 Free Software Foundation, Inc.
This is free software; see the source for copying conditions.  There is NO
warranty; not even for MERCHANTABILITY or FITNESS FOR A PARTICULAR PURPOSE.

Processing...
0/154984
10000/154984
20000/154984
30000/154984
40000/154984
50000/154984
60000/154984
70000/154984
80000/154984
90000/154984
100000/154984
110000/154984
120000/154984
130000/154984
140000/154984
150000/154984
Macro finished: 
CPU time (min)  = 1.46033
Real time (min) = 4.88736
Done!
Copied output files to hadoop rootfiles/JetRAA/June22
