000 (426752.000.000) 06/22 20:55:17 Job submitted from host: <18.12.1.74:48322>
...
001 (426752.000.000) 06/22 20:55:27 Job executing on host: <18.12.8.170:47446>
...
006 (426752.000.000) 06/22 20:55:35 Image size of job updated: 1
	3  -  MemoryUsage of job (MB)
	2348  -  ResidentSetSize of job (KB)
...
006 (426752.000.000) 06/22 21:00:35 Image size of job updated: 243180
	126  -  MemoryUsage of job (MB)
	128772  -  ResidentSetSize of job (KB)
...
006 (426752.000.000) 06/22 21:04:22 Image size of job updated: 243816
	126  -  MemoryUsage of job (MB)
	128772  -  ResidentSetSize of job (KB)
...
005 (426752.000.000) 06/22 21:04:22 Job terminated.
	(1) Normal termination (return value 0)
		Usr 0 00:03:45, Sys 0 00:00:03  -  Run Remote Usage
		Usr 0 00:00:00, Sys 0 00:00:00  -  Run Local Usage
		Usr 0 00:03:45, Sys 0 00:00:03  -  Total Remote Usage
		Usr 0 00:00:00, Sys 0 00:00:00  -  Total Local Usage
	495418  -  Run Bytes Sent By Job
	41910  -  Run Bytes Received By Job
	495418  -  Total Bytes Sent By Job
	41910  -  Total Bytes Received By Job
	Partitionable Resources :    Usage  Request          
	   Cpus                 :                 1          
	   Disk (KB)            :      550      550          
	   Memory (MB)          :      126      126          
...
