
----------------------------------------------------
Job started on Tue Jun 23 16:48:40 EDT 2015 at WN: t2bat0269.cmsaf.mit.edu 
Job is running on Linux t2bat0269.cmsaf.mit.edu 2.6.32-358.el6.x86_64 #1 SMP Fri Feb 22 20:37:17 CST 2013 x86_64 x86_64 x86_64 GNU/Linux
Filesystem            Size  Used Avail Use% Mounted on
/dev/sda3              20G  3.0G   16G  16% /
tmpfs                  12G     0   12G   0% /dev/shm
/dev/sda1              97M   32M   61M  35% /boot
/dev/sda4             874G   81G  793G  10% /export/data1
/dev/sdb1             1.8T  1.6T  202G  90% /export/00b
/dev/sdc1             1.8T  1.6T  198G  90% /export/00c
/dev/sdd1             1.8T  1.6T  203G  89% /export/00d
/dev/sde1             1.8T  1.6T  197G  90% /export/00e
/dev/sdf1             1.8T  1.6T  197G  90% /export/00f
fuse_dfs              4.9P  4.4P  516T  90% /mnt/hadoop
t2srv0004:/export/db  135G  187M  135G   1% /net/t2srv0004/db
cvmfs2                 98G   79G   19G  81% /cvmfs/cms.cern.ch
cvmfs2                 98G   79G   19G  81% /cvmfs/oasis.opensciencegrid.org
cvmfs2                 98G   79G   19G  81% /cvmfs/grid.cern.ch
cvmfs2                 98G   79G   19G  81% /cvmfs/fermilab.opensciencegrid.org
cvmfs2                 98G   79G   19G  81% /cvmfs/mu2e.opensciencegrid.org
cvmfs2                 98G   79G   19G  81% /cvmfs/cdfcfs.fnal.gov
cvmfs2                 98G   79G   19G  81% /cvmfs/cvmfs.cmsaf.mit.edu
gcc (GCC) 4.4.7 20120313 (Red Hat 4.4.7-3)
Copyright (C) 2010 Free Software Foundation, Inc.
This is free software; see the source for copying conditions.  There is NO
warranty; not even for MERCHANTABILITY or FITNESS FOR A PARTICULAR PURPOSE.

Processing...
0/146016
10000/146016
20000/146016
30000/146016
40000/146016
50000/146016
60000/146016
70000/146016
80000/146016
90000/146016
100000/146016
110000/146016
120000/146016
130000/146016
140000/146016
Macro finished: 
CPU time (min)  = 1.247
Real time (min) = 2.2404
Done!
Copied output files to hadoop rootfiles/JetRAA/June22
