000 (426635.000.000) 06/22 20:54:15 Job submitted from host: <18.12.1.74:48322>
...
001 (426635.000.000) 06/22 20:54:41 Job executing on host: <18.12.9.48:49271>
...
006 (426635.000.000) 06/22 20:54:49 Image size of job updated: 184496
	53  -  MemoryUsage of job (MB)
	53800  -  ResidentSetSize of job (KB)
...
006 (426635.000.000) 06/22 20:56:44 Image size of job updated: 246016
	53  -  MemoryUsage of job (MB)
	53800  -  ResidentSetSize of job (KB)
...
005 (426635.000.000) 06/22 20:56:45 Job terminated.
	(1) Normal termination (return value 0)
		Usr 0 00:01:13, Sys 0 00:00:01  -  Run Remote Usage
		Usr 0 00:00:00, Sys 0 00:00:00  -  Run Local Usage
		Usr 0 00:01:13, Sys 0 00:00:01  -  Total Remote Usage
		Usr 0 00:00:00, Sys 0 00:00:00  -  Total Local Usage
	494989  -  Run Bytes Sent By Job
	41910  -  Run Bytes Received By Job
	494989  -  Total Bytes Sent By Job
	41910  -  Total Bytes Received By Job
	Partitionable Resources :    Usage  Request          
	   Cpus                 :                 1          
	   Disk (KB)            :      550      550          
	   Memory (MB)          :       53       53          
...
000 (428048.000.000) 06/23 16:48:23 Job submitted from host: <18.12.1.74:48322>
...
001 (428048.000.000) 06/23 16:48:37 Job executing on host: <18.12.9.47:46351>
...
006 (428048.000.000) 06/23 16:48:45 Image size of job updated: 1
	3  -  MemoryUsage of job (MB)
	2356  -  ResidentSetSize of job (KB)
...
006 (428048.000.000) 06/23 16:51:01 Image size of job updated: 244940
	3  -  MemoryUsage of job (MB)
	2356  -  ResidentSetSize of job (KB)
...
005 (428048.000.000) 06/23 16:51:01 Job terminated.
	(1) Normal termination (return value 0)
		Usr 0 00:01:05, Sys 0 00:00:01  -  Run Remote Usage
		Usr 0 00:00:00, Sys 0 00:00:00  -  Run Local Usage
		Usr 0 00:01:05, Sys 0 00:00:01  -  Total Remote Usage
		Usr 0 00:00:00, Sys 0 00:00:00  -  Total Local Usage
	511757  -  Run Bytes Sent By Job
	47429  -  Run Bytes Received By Job
	511757  -  Total Bytes Sent By Job
	47429  -  Total Bytes Received By Job
	Partitionable Resources :    Usage  Request          
	   Cpus                 :                 1          
	   Disk (KB)            :      572      572          
	   Memory (MB)          :        3        3          
...
