000 (426355.000.000) 06/22 20:49:57 Job submitted from host: <18.12.1.74:48322>
...
001 (426355.000.000) 06/22 20:50:39 Job executing on host: <18.12.9.36:44307>
...
006 (426355.000.000) 06/22 20:50:47 Image size of job updated: 93704
	3  -  MemoryUsage of job (MB)
	2444  -  ResidentSetSize of job (KB)
...
006 (426355.000.000) 06/22 20:51:02 Image size of job updated: 245484
	3  -  MemoryUsage of job (MB)
	2444  -  ResidentSetSize of job (KB)
...
004 (426355.000.000) 06/22 20:51:02 Job was evicted.
	(0) Job was not checkpointed.
		Usr 0 00:00:01, Sys 0 00:00:00  -  Run Remote Usage
		Usr 0 00:00:00, Sys 0 00:00:00  -  Run Local Usage
	0  -  Run Bytes Sent By Job
	41910  -  Run Bytes Received By Job
	Partitionable Resources :    Usage  Request          
	   Cpus                 :                 1          
	   Disk (KB)            :      550      550          
	   Memory (MB)          :        3        3          
...
009 (426355.000.000) 06/22 20:51:10 Job was aborted by the user.
	via condor_rm (by user rkunnawa)
...
000 (491779.000.000) 06/29 09:48:02 Job submitted from host: <18.12.1.74:48322>
...
001 (491779.000.000) 06/29 09:48:13 Job executing on host: <18.12.9.58:42482>
...
006 (491779.000.000) 06/29 09:48:22 Image size of job updated: 245460
	72  -  MemoryUsage of job (MB)
	73116  -  ResidentSetSize of job (KB)
...
006 (491779.000.000) 06/29 09:53:23 Image size of job updated: 246672
	121  -  MemoryUsage of job (MB)
	123036  -  ResidentSetSize of job (KB)
...
006 (491779.000.000) 06/29 09:58:23 Image size of job updated: 246672
	128  -  MemoryUsage of job (MB)
	130564  -  ResidentSetSize of job (KB)
...
005 (491779.000.000) 06/29 09:59:09 Job terminated.
	(1) Normal termination (return value 0)
		Usr 0 00:00:55, Sys 0 00:00:01  -  Run Remote Usage
		Usr 0 00:00:00, Sys 0 00:00:00  -  Run Local Usage
		Usr 0 00:00:55, Sys 0 00:00:01  -  Total Remote Usage
		Usr 0 00:00:00, Sys 0 00:00:00  -  Total Local Usage
	508883  -  Run Bytes Sent By Job
	46550  -  Run Bytes Received By Job
	508883  -  Total Bytes Sent By Job
	46550  -  Total Bytes Received By Job
	Partitionable Resources :    Usage  Request          
	   Cpus                 :                 1          
	   Disk (KB)            :      568      568          
	   Memory (MB)          :      128      128          
...
000 (492531.000.000) 06/29 10:13:58 Job submitted from host: <18.12.1.74:48322>
...
001 (492531.000.000) 06/29 10:14:08 Job executing on host: <18.12.12.9:49125>
...
006 (492531.000.000) 06/29 10:14:16 Image size of job updated: 1
	3  -  MemoryUsage of job (MB)
	2356  -  ResidentSetSize of job (KB)
...
006 (492531.000.000) 06/29 10:15:38 Image size of job updated: 246668
	3  -  MemoryUsage of job (MB)
	2356  -  ResidentSetSize of job (KB)
...
005 (492531.000.000) 06/29 10:15:38 Job terminated.
	(1) Normal termination (return value 0)
		Usr 0 00:00:52, Sys 0 00:00:00  -  Run Remote Usage
		Usr 0 00:00:00, Sys 0 00:00:00  -  Run Local Usage
		Usr 0 00:00:52, Sys 0 00:00:00  -  Total Remote Usage
		Usr 0 00:00:00, Sys 0 00:00:00  -  Total Local Usage
	508768  -  Run Bytes Sent By Job
	46566  -  Run Bytes Received By Job
	508768  -  Total Bytes Sent By Job
	46566  -  Total Bytes Received By Job
	Partitionable Resources :    Usage  Request          
	   Cpus                 :                 1          
	   Disk (KB)            :      568      568          
	   Memory (MB)          :        3        3          
...
000 (495250.000.000) 06/29 21:59:22 Job submitted from host: <18.12.1.74:48322>
...
001 (495250.000.000) 06/29 21:59:26 Job executing on host: <18.12.8.113:46716>
...
006 (495250.000.000) 06/29 21:59:35 Image size of job updated: 246016
	58  -  MemoryUsage of job (MB)
	59080  -  ResidentSetSize of job (KB)
...
006 (495250.000.000) 06/29 22:01:52 Image size of job updated: 247228
	58  -  MemoryUsage of job (MB)
	59080  -  ResidentSetSize of job (KB)
...
005 (495250.000.000) 06/29 22:01:52 Job terminated.
	(1) Normal termination (return value 0)
		Usr 0 00:00:50, Sys 0 00:00:01  -  Run Remote Usage
		Usr 0 00:00:00, Sys 0 00:00:00  -  Run Local Usage
		Usr 0 00:00:50, Sys 0 00:00:01  -  Total Remote Usage
		Usr 0 00:00:00, Sys 0 00:00:00  -  Total Local Usage
	508844  -  Run Bytes Sent By Job
	46564  -  Run Bytes Received By Job
	508844  -  Total Bytes Sent By Job
	46564  -  Total Bytes Received By Job
	Partitionable Resources :    Usage  Request          
	   Cpus                 :                 1          
	   Disk (KB)            :      568      568          
	   Memory (MB)          :       58       58          
...
