000 (426764.000.000) 06/22 20:55:18 Job submitted from host: <18.12.1.74:48322>
...
001 (426764.000.000) 06/22 20:55:27 Job executing on host: <18.12.9.52:45037>
...
006 (426764.000.000) 06/22 20:55:35 Image size of job updated: 184872
	45  -  MemoryUsage of job (MB)
	45728  -  ResidentSetSize of job (KB)
...
006 (426764.000.000) 06/22 21:00:35 Image size of job updated: 243660
	120  -  MemoryUsage of job (MB)
	122400  -  ResidentSetSize of job (KB)
...
005 (426764.000.000) 06/22 21:00:39 Job terminated.
	(1) Normal termination (return value 0)
		Usr 0 00:03:29, Sys 0 00:00:08  -  Run Remote Usage
		Usr 0 00:00:00, Sys 0 00:00:00  -  Run Local Usage
		Usr 0 00:03:29, Sys 0 00:00:08  -  Total Remote Usage
		Usr 0 00:00:00, Sys 0 00:00:00  -  Total Local Usage
	495514  -  Run Bytes Sent By Job
	41910  -  Run Bytes Received By Job
	495514  -  Total Bytes Sent By Job
	41910  -  Total Bytes Received By Job
	Partitionable Resources :    Usage  Request          
	   Cpus                 :                 1          
	   Disk (KB)            :      551      551          
	   Memory (MB)          :      120      120          
...
000 (492085.000.000) 06/29 09:51:42 Job submitted from host: <18.12.1.74:48322>
...
001 (492085.000.000) 06/29 09:52:07 Job executing on host: <18.12.8.60:44015>
...
006 (492085.000.000) 06/29 09:52:16 Image size of job updated: 242384
	60  -  MemoryUsage of job (MB)
	60780  -  ResidentSetSize of job (KB)
...
006 (492085.000.000) 06/29 09:55:41 Image size of job updated: 243428
	60  -  MemoryUsage of job (MB)
	60780  -  ResidentSetSize of job (KB)
...
005 (492085.000.000) 06/29 09:55:41 Job terminated.
	(1) Normal termination (return value 0)
		Usr 0 00:02:07, Sys 0 00:00:04  -  Run Remote Usage
		Usr 0 00:00:00, Sys 0 00:00:00  -  Run Local Usage
		Usr 0 00:02:07, Sys 0 00:00:04  -  Total Remote Usage
		Usr 0 00:00:00, Sys 0 00:00:00  -  Total Local Usage
	508757  -  Run Bytes Sent By Job
	46550  -  Run Bytes Received By Job
	508757  -  Total Bytes Sent By Job
	46550  -  Total Bytes Received By Job
	Partitionable Resources :    Usage  Request          
	   Cpus                 :                 1          
	   Disk (KB)            :      568      568          
	   Memory (MB)          :       60       60          
...
000 (492992.000.000) 06/29 10:16:45 Job submitted from host: <18.12.1.74:48322>
...
001 (492992.000.000) 06/29 10:17:02 Job executing on host: <18.12.6.68:41606>
...
006 (492992.000.000) 06/29 10:17:10 Image size of job updated: 1
	3  -  MemoryUsage of job (MB)
	2376  -  ResidentSetSize of job (KB)
...
006 (492992.000.000) 06/29 10:19:57 Image size of job updated: 243572
	3  -  MemoryUsage of job (MB)
	2376  -  ResidentSetSize of job (KB)
...
005 (492992.000.000) 06/29 10:19:57 Job terminated.
	(1) Normal termination (return value 0)
		Usr 0 00:02:21, Sys 0 00:00:02  -  Run Remote Usage
		Usr 0 00:00:00, Sys 0 00:00:00  -  Run Local Usage
		Usr 0 00:02:21, Sys 0 00:00:02  -  Total Remote Usage
		Usr 0 00:00:00, Sys 0 00:00:00  -  Total Local Usage
	509060  -  Run Bytes Sent By Job
	46566  -  Run Bytes Received By Job
	509060  -  Total Bytes Sent By Job
	46566  -  Total Bytes Received By Job
	Partitionable Resources :    Usage  Request          
	   Cpus                 :                 1          
	   Disk (KB)            :      568      568          
	   Memory (MB)          :        3        3          
...
000 (494987.000.000) 06/29 21:56:35 Job submitted from host: <18.12.1.74:48322>
...
001 (494987.000.000) 06/29 21:56:52 Job executing on host: <18.12.9.60:41752>
...
006 (494987.000.000) 06/29 21:57:01 Image size of job updated: 242944
	48  -  MemoryUsage of job (MB)
	48288  -  ResidentSetSize of job (KB)
...
006 (494987.000.000) 06/29 22:00:01 Image size of job updated: 243988
	48  -  MemoryUsage of job (MB)
	48288  -  ResidentSetSize of job (KB)
...
005 (494987.000.000) 06/29 22:00:02 Job terminated.
	(1) Normal termination (return value 0)
		Usr 0 00:01:57, Sys 0 00:00:04  -  Run Remote Usage
		Usr 0 00:00:00, Sys 0 00:00:00  -  Run Local Usage
		Usr 0 00:01:57, Sys 0 00:00:04  -  Total Remote Usage
		Usr 0 00:00:00, Sys 0 00:00:00  -  Total Local Usage
	509053  -  Run Bytes Sent By Job
	46564  -  Run Bytes Received By Job
	509053  -  Total Bytes Sent By Job
	46564  -  Total Bytes Received By Job
	Partitionable Resources :    Usage  Request          
	   Cpus                 :                 1          
	   Disk (KB)            :      568      568          
	   Memory (MB)          :       48       48          
...
