000 (426672.000.000) 06/22 20:54:19 Job submitted from host: <18.12.1.74:48322>
...
001 (426672.000.000) 06/22 20:54:49 Job executing on host: <18.12.6.11:49563>
...
006 (426672.000.000) 06/22 20:54:58 Image size of job updated: 243336
	58  -  MemoryUsage of job (MB)
	59212  -  ResidentSetSize of job (KB)
...
006 (426672.000.000) 06/22 20:59:59 Image size of job updated: 245568
	128  -  MemoryUsage of job (MB)
	130740  -  ResidentSetSize of job (KB)
...
005 (426672.000.000) 06/22 21:00:28 Job terminated.
	(1) Normal termination (return value 0)
		Usr 0 00:03:09, Sys 0 00:00:04  -  Run Remote Usage
		Usr 0 00:00:00, Sys 0 00:00:00  -  Run Local Usage
		Usr 0 00:03:09, Sys 0 00:00:04  -  Total Remote Usage
		Usr 0 00:00:00, Sys 0 00:00:00  -  Total Local Usage
	495117  -  Run Bytes Sent By Job
	41910  -  Run Bytes Received By Job
	495117  -  Total Bytes Sent By Job
	41910  -  Total Bytes Received By Job
	Partitionable Resources :    Usage  Request          
	   Cpus                 :                 1          
	   Disk (KB)            :      550      550          
	   Memory (MB)          :      128      128          
...
000 (428085.000.000) 06/23 16:48:27 Job submitted from host: <18.12.1.74:48322>
...
001 (428085.000.000) 06/23 16:48:38 Job executing on host: <18.12.8.179:49928>
...
006 (428085.000.000) 06/23 16:48:47 Image size of job updated: 93700
	2  -  MemoryUsage of job (MB)
	1984  -  ResidentSetSize of job (KB)
...
006 (428085.000.000) 06/23 16:53:48 Image size of job updated: 245612
	85  -  MemoryUsage of job (MB)
	86084  -  ResidentSetSize of job (KB)
...
005 (428085.000.000) 06/23 16:54:31 Job terminated.
	(1) Normal termination (return value 0)
		Usr 0 00:02:18, Sys 0 00:00:04  -  Run Remote Usage
		Usr 0 00:00:00, Sys 0 00:00:00  -  Run Local Usage
		Usr 0 00:02:18, Sys 0 00:00:04  -  Total Remote Usage
		Usr 0 00:00:00, Sys 0 00:00:00  -  Total Local Usage
	511803  -  Run Bytes Sent By Job
	47429  -  Run Bytes Received By Job
	511803  -  Total Bytes Sent By Job
	47429  -  Total Bytes Received By Job
	Partitionable Resources :    Usage  Request          
	   Cpus                 :                 1          
	   Disk (KB)            :      572      572          
	   Memory (MB)          :       85       85          
...
