000 (426443.000.000) 06/22 20:50:06 Job submitted from host: <18.12.1.74:48322>
...
001 (426443.000.000) 06/22 20:50:45 Job executing on host: <18.12.12.7:46716>
...
006 (426443.000.000) 06/22 20:50:53 Image size of job updated: 1196
	1  -  MemoryUsage of job (MB)
	156  -  ResidentSetSize of job (KB)
...
006 (426443.000.000) 06/22 20:51:02 Image size of job updated: 244776
	1  -  MemoryUsage of job (MB)
	156  -  ResidentSetSize of job (KB)
...
004 (426443.000.000) 06/22 20:51:02 Job was evicted.
	(0) Job was not checkpointed.
		Usr 0 00:00:01, Sys 0 00:00:00  -  Run Remote Usage
		Usr 0 00:00:00, Sys 0 00:00:00  -  Run Local Usage
	0  -  Run Bytes Sent By Job
	41910  -  Run Bytes Received By Job
	Partitionable Resources :    Usage  Request          
	   Cpus                 :                 1          
	   Disk (KB)            :      550      550          
	   Memory (MB)          :        1        1          
...
009 (426443.000.000) 06/22 20:51:10 Job was aborted by the user.
	via condor_rm (by user rkunnawa)
...
000 (491867.000.000) 06/29 09:48:12 Job submitted from host: <18.12.1.74:48322>
...
001 (491867.000.000) 06/29 09:48:27 Job executing on host: <18.12.8.80:44745>
...
006 (491867.000.000) 06/29 09:48:36 Image size of job updated: 244724
	58  -  MemoryUsage of job (MB)
	58732  -  ResidentSetSize of job (KB)
...
006 (491867.000.000) 06/29 09:49:48 Image size of job updated: 246768
	58  -  MemoryUsage of job (MB)
	58732  -  ResidentSetSize of job (KB)
...
005 (491867.000.000) 06/29 09:49:48 Job terminated.
	(1) Normal termination (return value 0)
		Usr 0 00:00:56, Sys 0 00:00:02  -  Run Remote Usage
		Usr 0 00:00:00, Sys 0 00:00:00  -  Run Local Usage
		Usr 0 00:00:56, Sys 0 00:00:02  -  Total Remote Usage
		Usr 0 00:00:00, Sys 0 00:00:00  -  Total Local Usage
	508659  -  Run Bytes Sent By Job
	46550  -  Run Bytes Received By Job
	508659  -  Total Bytes Sent By Job
	46550  -  Total Bytes Received By Job
	Partitionable Resources :    Usage  Request          
	   Cpus                 :                 1          
	   Disk (KB)            :      568      568          
	   Memory (MB)          :       58       58          
...
000 (492619.000.000) 06/29 10:14:17 Job submitted from host: <18.12.1.74:48322>
...
001 (492619.000.000) 06/29 10:14:43 Job executing on host: <18.12.8.195:46059>
...
006 (492619.000.000) 06/29 10:14:51 Image size of job updated: 1
	3  -  MemoryUsage of job (MB)
	2352  -  ResidentSetSize of job (KB)
...
006 (492619.000.000) 06/29 10:16:15 Image size of job updated: 246768
	3  -  MemoryUsage of job (MB)
	2352  -  ResidentSetSize of job (KB)
...
005 (492619.000.000) 06/29 10:16:15 Job terminated.
	(1) Normal termination (return value 0)
		Usr 0 00:01:00, Sys 0 00:00:01  -  Run Remote Usage
		Usr 0 00:00:00, Sys 0 00:00:00  -  Run Local Usage
		Usr 0 00:01:00, Sys 0 00:00:01  -  Total Remote Usage
		Usr 0 00:00:00, Sys 0 00:00:00  -  Total Local Usage
	508880  -  Run Bytes Sent By Job
	46566  -  Run Bytes Received By Job
	508880  -  Total Bytes Sent By Job
	46566  -  Total Bytes Received By Job
	Partitionable Resources :    Usage  Request          
	   Cpus                 :                 1          
	   Disk (KB)            :      568      568          
	   Memory (MB)          :        3        3          
...
000 (495338.000.000) 06/29 21:59:33 Job submitted from host: <18.12.1.74:48322>
...
001 (495338.000.000) 06/29 21:59:47 Job executing on host: <18.12.8.82:41825>
...
006 (495338.000.000) 06/29 21:59:56 Image size of job updated: 1
	3  -  MemoryUsage of job (MB)
	2352  -  ResidentSetSize of job (KB)
...
006 (495338.000.000) 06/29 22:01:21 Image size of job updated: 247248
	3  -  MemoryUsage of job (MB)
	2352  -  ResidentSetSize of job (KB)
...
005 (495338.000.000) 06/29 22:01:22 Job terminated.
	(1) Normal termination (return value 0)
		Usr 0 00:01:00, Sys 0 00:00:02  -  Run Remote Usage
		Usr 0 00:00:00, Sys 0 00:00:00  -  Run Local Usage
		Usr 0 00:01:00, Sys 0 00:00:02  -  Total Remote Usage
		Usr 0 00:00:00, Sys 0 00:00:00  -  Total Local Usage
	508817  -  Run Bytes Sent By Job
	46564  -  Run Bytes Received By Job
	508817  -  Total Bytes Sent By Job
	46564  -  Total Bytes Received By Job
	Partitionable Resources :    Usage  Request          
	   Cpus                 :                 1          
	   Disk (KB)            :      568      568          
	   Memory (MB)          :        3        3          
...
