000 (426797.000.000) 06/22 20:55:21 Job submitted from host: <18.12.1.74:48322>
...
001 (426797.000.000) 06/22 20:55:31 Job executing on host: <18.12.8.216:48833>
...
006 (426797.000.000) 06/22 20:55:39 Image size of job updated: 1
	3  -  MemoryUsage of job (MB)
	2360  -  ResidentSetSize of job (KB)
...
006 (426797.000.000) 06/22 21:00:39 Image size of job updated: 243508
	127  -  MemoryUsage of job (MB)
	129036  -  ResidentSetSize of job (KB)
...
005 (426797.000.000) 06/22 21:01:40 Job terminated.
	(1) Normal termination (return value 0)
		Usr 0 00:03:54, Sys 0 00:00:06  -  Run Remote Usage
		Usr 0 00:00:00, Sys 0 00:00:00  -  Run Local Usage
		Usr 0 00:03:54, Sys 0 00:00:06  -  Total Remote Usage
		Usr 0 00:00:00, Sys 0 00:00:00  -  Total Local Usage
	495471  -  Run Bytes Sent By Job
	41910  -  Run Bytes Received By Job
	495471  -  Total Bytes Sent By Job
	41910  -  Total Bytes Received By Job
	Partitionable Resources :    Usage  Request          
	   Cpus                 :                 1          
	   Disk (KB)            :      550      550          
	   Memory (MB)          :      127      127          
...
