000 (426775.000.000) 06/22 20:55:19 Job submitted from host: <18.12.1.74:48322>
...
001 (426775.000.000) 06/22 20:55:58 Job executing on host: <18.12.6.57:49855>
...
006 (426775.000.000) 06/22 20:56:06 Image size of job updated: 1
	3  -  MemoryUsage of job (MB)
	2372  -  ResidentSetSize of job (KB)
...
006 (426775.000.000) 06/22 21:01:06 Image size of job updated: 243160
	127  -  MemoryUsage of job (MB)
	129160  -  ResidentSetSize of job (KB)
...
006 (426775.000.000) 06/22 21:02:02 Image size of job updated: 243804
	127  -  MemoryUsage of job (MB)
	129160  -  ResidentSetSize of job (KB)
...
005 (426775.000.000) 06/22 21:02:02 Job terminated.
	(1) Normal termination (return value 0)
		Usr 0 00:04:25, Sys 0 00:00:03  -  Run Remote Usage
		Usr 0 00:00:00, Sys 0 00:00:00  -  Run Local Usage
		Usr 0 00:04:25, Sys 0 00:00:03  -  Total Remote Usage
		Usr 0 00:00:00, Sys 0 00:00:00  -  Total Local Usage
	495397  -  Run Bytes Sent By Job
	41910  -  Run Bytes Received By Job
	495397  -  Total Bytes Sent By Job
	41910  -  Total Bytes Received By Job
	Partitionable Resources :    Usage  Request          
	   Cpus                 :                 1          
	   Disk (KB)            :      550      550          
	   Memory (MB)          :      127      127          
...
000 (492107.000.000) 06/29 09:51:44 Job submitted from host: <18.12.1.74:48322>
...
001 (492107.000.000) 06/29 09:52:12 Job executing on host: <18.12.9.74:47227>
...
006 (492107.000.000) 06/29 09:52:20 Image size of job updated: 187440
	54  -  MemoryUsage of job (MB)
	55000  -  ResidentSetSize of job (KB)
...
006 (492107.000.000) 06/29 09:55:05 Image size of job updated: 243404
	54  -  MemoryUsage of job (MB)
	55000  -  ResidentSetSize of job (KB)
...
005 (492107.000.000) 06/29 09:55:05 Job terminated.
	(1) Normal termination (return value 0)
		Usr 0 00:02:00, Sys 0 00:00:03  -  Run Remote Usage
		Usr 0 00:00:00, Sys 0 00:00:00  -  Run Local Usage
		Usr 0 00:02:00, Sys 0 00:00:03  -  Total Remote Usage
		Usr 0 00:00:00, Sys 0 00:00:00  -  Total Local Usage
	509304  -  Run Bytes Sent By Job
	46550  -  Run Bytes Received By Job
	509304  -  Total Bytes Sent By Job
	46550  -  Total Bytes Received By Job
	Partitionable Resources :    Usage  Request          
	   Cpus                 :                 1          
	   Disk (KB)            :      568      568          
	   Memory (MB)          :       54       54          
...
000 (493014.000.000) 06/29 10:16:48 Job submitted from host: <18.12.1.74:48322>
...
001 (493014.000.000) 06/29 10:17:11 Job executing on host: <18.12.8.42:40438>
...
006 (493014.000.000) 06/29 10:17:19 Image size of job updated: 242268
	60  -  MemoryUsage of job (MB)
	61124  -  ResidentSetSize of job (KB)
...
006 (493014.000.000) 06/29 10:21:16 Image size of job updated: 243440
	60  -  MemoryUsage of job (MB)
	61124  -  ResidentSetSize of job (KB)
...
005 (493014.000.000) 06/29 10:21:16 Job terminated.
	(1) Normal termination (return value 0)
		Usr 0 00:02:48, Sys 0 00:00:06  -  Run Remote Usage
		Usr 0 00:00:00, Sys 0 00:00:00  -  Run Local Usage
		Usr 0 00:02:48, Sys 0 00:00:06  -  Total Remote Usage
		Usr 0 00:00:00, Sys 0 00:00:00  -  Total Local Usage
	509060  -  Run Bytes Sent By Job
	46566  -  Run Bytes Received By Job
	509060  -  Total Bytes Sent By Job
	46566  -  Total Bytes Received By Job
	Partitionable Resources :    Usage  Request          
	   Cpus                 :                 1          
	   Disk (KB)            :      568      568          
	   Memory (MB)          :       60       60          
...
000 (495009.000.000) 06/29 21:56:38 Job submitted from host: <18.12.1.74:48322>
...
001 (495009.000.000) 06/29 21:56:57 Job executing on host: <18.12.6.34:40949>
...
006 (495009.000.000) 06/29 21:57:06 Image size of job updated: 242824
	61  -  MemoryUsage of job (MB)
	61656  -  ResidentSetSize of job (KB)
...
006 (495009.000.000) 06/29 22:00:25 Image size of job updated: 243976
	61  -  MemoryUsage of job (MB)
	61656  -  ResidentSetSize of job (KB)
...
005 (495009.000.000) 06/29 22:00:25 Job terminated.
	(1) Normal termination (return value 0)
		Usr 0 00:02:25, Sys 0 00:00:03  -  Run Remote Usage
		Usr 0 00:00:00, Sys 0 00:00:00  -  Run Local Usage
		Usr 0 00:02:25, Sys 0 00:00:03  -  Total Remote Usage
		Usr 0 00:00:00, Sys 0 00:00:00  -  Total Local Usage
	508996  -  Run Bytes Sent By Job
	46564  -  Run Bytes Received By Job
	508996  -  Total Bytes Sent By Job
	46564  -  Total Bytes Received By Job
	Partitionable Resources :    Usage  Request          
	   Cpus                 :                 1          
	   Disk (KB)            :      568      568          
	   Memory (MB)          :       61       61          
...
