000 (426772.000.000) 06/22 20:55:19 Job submitted from host: <18.12.1.74:48322>
...
001 (426772.000.000) 06/22 20:55:27 Job executing on host: <18.12.6.84:41606>
...
006 (426772.000.000) 06/22 20:55:36 Image size of job updated: 1
	3  -  MemoryUsage of job (MB)
	2352  -  ResidentSetSize of job (KB)
...
006 (426772.000.000) 06/22 20:59:09 Image size of job updated: 243948
	3  -  MemoryUsage of job (MB)
	2352  -  ResidentSetSize of job (KB)
...
005 (426772.000.000) 06/22 20:59:09 Job terminated.
	(1) Normal termination (return value 0)
		Usr 0 00:01:32, Sys 0 00:00:03  -  Run Remote Usage
		Usr 0 00:00:00, Sys 0 00:00:00  -  Run Local Usage
		Usr 0 00:01:32, Sys 0 00:00:03  -  Total Remote Usage
		Usr 0 00:00:00, Sys 0 00:00:00  -  Total Local Usage
	495033  -  Run Bytes Sent By Job
	41910  -  Run Bytes Received By Job
	495033  -  Total Bytes Sent By Job
	41910  -  Total Bytes Received By Job
	Partitionable Resources :    Usage  Request          
	   Cpus                 :                 1          
	   Disk (KB)            :      550      550          
	   Memory (MB)          :        3        3          
...
