
----------------------------------------------------
Job started on Mon Jun 29 21:59:58 EDT 2015 at WN: t2bat0080.cmsaf.mit.edu 
Job is running on Linux t2bat0080.cmsaf.mit.edu 2.6.32-358.el6.x86_64 #1 SMP Fri Feb 22 20:37:17 CST 2013 x86_64 x86_64 x86_64 GNU/Linux
Filesystem            Size  Used Avail Use% Mounted on
/dev/sda3              20G  3.1G   16G  17% /
tmpfs                 7.8G     0  7.8G   0% /dev/shm
/dev/sda1              97M   33M   60M  36% /boot
/dev/sda4             415G   95G  320G  23% /export/data1
/dev/sdb1             1.8T  1.6T  200G  90% /export/00b
/dev/sdc1             1.8T  1.7T  188G  90% /export/00c
/dev/sdd1             1.8T  1.6T  222G  88% /export/00d
/dev/sde1             1.8T  1.6T  210G  89% /export/00e
/dev/sdf1             1.8T  1.6T  199G  90% /export/00f
fuse_dfs              4.9P  4.4P  527T  90% /mnt/hadoop
cvmfs2                 98G   94G  4.0G  96% /cvmfs/cms.cern.ch
cvmfs2                 98G   94G  4.0G  96% /cvmfs/cvmfs.cmsaf.mit.edu
cvmfs2                 98G   94G  4.0G  96% /cvmfs/oasis.opensciencegrid.org
t2srv0004:/export/db  135G  187M  135G   1% /net/t2srv0004/db
gcc (GCC) 4.4.7 20120313 (Red Hat 4.4.7-3)
Copyright (C) 2010 Free Software Foundation, Inc.
This is free software; see the source for copying conditions.  There is NO
warranty; not even for MERCHANTABILITY or FITNESS FOR A PARTICULAR PURPOSE.

Processing...
0/176899
10000/176899
20000/176899
30000/176899
40000/176899
50000/176899
60000/176899
70000/176899
80000/176899
90000/176899
100000/176899
110000/176899
120000/176899
130000/176899
140000/176899
150000/176899
160000/176899
170000/176899
Macro finished: 
CPU time (min)  = 2.29883
Real time (min) = 2.89136
Done!
Copied output files to hadoop rootfiles/JetRAA/June22
