
----------------------------------------------------
Job started on Mon Jun 22 20:52:20 EDT 2015 at WN: t2bat0288.cmsaf.mit.edu 
Job is running on Linux t2bat0288.cmsaf.mit.edu 2.6.32-358.el6.x86_64 #1 SMP Fri Feb 22 20:37:17 CST 2013 x86_64 x86_64 x86_64 GNU/Linux
Filesystem            Size  Used Avail Use% Mounted on
/dev/sda3              20G  4.8G   14G  26% /
tmpfs                  32G     0   32G   0% /dev/shm
/dev/sda1              97M   32M   61M  35% /boot
/dev/sda4             416G   98G  318G  24% /export/data1
/dev/sdb1             2.7T  2.4T  315G  89% /export/00b
/dev/sdc1             2.7T  2.4T  325G  89% /export/00c
/dev/sdd1             2.7T  2.4T  301G  90% /export/00d
/dev/sde1             2.7T  2.4T  315G  89% /export/00e
/dev/sdf1             2.7T  2.4T  308G  89% /export/00f
/dev/sdg1             2.7T  2.4T  296G  90% /export/00g
/dev/sdh1             2.7T  2.4T  315G  89% /export/00h
/dev/sdi1             2.7T  2.4T  322G  89% /export/00i
/dev/sdj1             2.7T  2.4T  317G  89% /export/00j
/dev/sdk1             2.7T  2.4T  315G  89% /export/00k
/dev/sdl1             2.7T  2.4T  307G  89% /export/00l
fuse_dfs              4.9P  4.4P  522T  90% /mnt/hadoop
cvmfs2                 98G   93G  5.0G  95% /cvmfs/cms.cern.ch
t2srv0004:/export/db  135G  187M  135G   1% /net/t2srv0004/db
cvmfs2                 98G   93G  5.0G  95% /cvmfs/mu2e.opensciencegrid.org
gcc (GCC) 4.4.7 20120313 (Red Hat 4.4.7-3)
Copyright (C) 2010 Free Software Foundation, Inc.
This is free software; see the source for copying conditions.  There is NO
warranty; not even for MERCHANTABILITY or FITNESS FOR A PARTICULAR PURPOSE.

Processing...
0/297579
10000/297579
20000/297579
30000/297579
40000/297579
50000/297579
60000/297579
70000/297579
80000/297579
90000/297579
100000/297579
110000/297579
120000/297579
130000/297579
140000/297579
150000/297579
160000/297579
170000/297579
180000/297579
190000/297579
200000/297579
210000/297579
220000/297579
230000/297579
240000/297579
250000/297579
260000/297579
270000/297579
280000/297579
290000/297579
Macro finished: 
CPU time (min)  = 2.71867
Real time (min) = 11.1909
Done!
Copied output files to hadoop rootfiles/JetRAA/June22
