000 (426639.000.000) 06/22 20:54:16 Job submitted from host: <18.12.1.74:48322>
...
001 (426639.000.000) 06/22 20:54:41 Job executing on host: <18.12.9.47:46351>
...
006 (426639.000.000) 06/22 20:54:49 Image size of job updated: 1
	3  -  MemoryUsage of job (MB)
	2360  -  ResidentSetSize of job (KB)
...
006 (426639.000.000) 06/22 20:56:22 Image size of job updated: 244608
	3  -  MemoryUsage of job (MB)
	2360  -  ResidentSetSize of job (KB)
...
005 (426639.000.000) 06/22 20:56:22 Job terminated.
	(1) Normal termination (return value 0)
		Usr 0 00:00:56, Sys 0 00:00:01  -  Run Remote Usage
		Usr 0 00:00:00, Sys 0 00:00:00  -  Run Local Usage
		Usr 0 00:00:56, Sys 0 00:00:01  -  Total Remote Usage
		Usr 0 00:00:00, Sys 0 00:00:00  -  Total Local Usage
	495012  -  Run Bytes Sent By Job
	41910  -  Run Bytes Received By Job
	495012  -  Total Bytes Sent By Job
	41910  -  Total Bytes Received By Job
	Partitionable Resources :    Usage  Request          
	   Cpus                 :                 1          
	   Disk (KB)            :      550      550          
	   Memory (MB)          :        3        3          
...
000 (428052.000.000) 06/23 16:48:24 Job submitted from host: <18.12.1.74:48322>
...
001 (428052.000.000) 06/23 16:48:37 Job executing on host: <18.12.9.84:47519>
...
006 (428052.000.000) 06/23 16:48:45 Image size of job updated: 13384
	2  -  MemoryUsage of job (MB)
	1984  -  ResidentSetSize of job (KB)
...
006 (428052.000.000) 06/23 16:50:38 Image size of job updated: 244632
	2  -  MemoryUsage of job (MB)
	1984  -  ResidentSetSize of job (KB)
...
005 (428052.000.000) 06/23 16:50:38 Job terminated.
	(1) Normal termination (return value 0)
		Usr 0 00:00:51, Sys 0 00:00:01  -  Run Remote Usage
		Usr 0 00:00:00, Sys 0 00:00:00  -  Run Local Usage
		Usr 0 00:00:51, Sys 0 00:00:01  -  Total Remote Usage
		Usr 0 00:00:00, Sys 0 00:00:00  -  Total Local Usage
	511764  -  Run Bytes Sent By Job
	47429  -  Run Bytes Received By Job
	511764  -  Total Bytes Sent By Job
	47429  -  Total Bytes Received By Job
	Partitionable Resources :    Usage  Request          
	   Cpus                 :                 1          
	   Disk (KB)            :      572      572          
	   Memory (MB)          :        2        2          
...
