000 (426647.000.000) 06/22 20:54:16 Job submitted from host: <18.12.1.74:48322>
...
001 (426647.000.000) 06/22 20:54:43 Job executing on host: <18.12.8.248:48760>
...
006 (426647.000.000) 06/22 20:54:52 Image size of job updated: 72344
	13  -  MemoryUsage of job (MB)
	12936  -  ResidentSetSize of job (KB)
...
006 (426647.000.000) 06/22 20:58:55 Image size of job updated: 245808
	13  -  MemoryUsage of job (MB)
	12936  -  ResidentSetSize of job (KB)
...
005 (426647.000.000) 06/22 20:58:55 Job terminated.
	(1) Normal termination (return value 0)
		Usr 0 00:01:29, Sys 0 00:00:02  -  Run Remote Usage
		Usr 0 00:00:00, Sys 0 00:00:00  -  Run Local Usage
		Usr 0 00:01:29, Sys 0 00:00:02  -  Total Remote Usage
		Usr 0 00:00:00, Sys 0 00:00:00  -  Total Local Usage
	494921  -  Run Bytes Sent By Job
	41910  -  Run Bytes Received By Job
	494921  -  Total Bytes Sent By Job
	41910  -  Total Bytes Received By Job
	Partitionable Resources :    Usage  Request          
	   Cpus                 :                 1          
	   Disk (KB)            :      550      550          
	   Memory (MB)          :       13       13          
...
000 (428060.000.000) 06/23 16:48:25 Job submitted from host: <18.12.1.74:48322>
...
001 (428060.000.000) 06/23 16:48:37 Job executing on host: <18.12.6.68:41606>
...
006 (428060.000.000) 06/23 16:48:46 Image size of job updated: 1
	3  -  MemoryUsage of job (MB)
	2352  -  ResidentSetSize of job (KB)
...
006 (428060.000.000) 06/23 16:51:23 Image size of job updated: 244688
	3  -  MemoryUsage of job (MB)
	2352  -  ResidentSetSize of job (KB)
...
005 (428060.000.000) 06/23 16:51:24 Job terminated.
	(1) Normal termination (return value 0)
		Usr 0 00:01:22, Sys 0 00:00:01  -  Run Remote Usage
		Usr 0 00:00:00, Sys 0 00:00:00  -  Run Local Usage
		Usr 0 00:01:22, Sys 0 00:00:01  -  Total Remote Usage
		Usr 0 00:00:00, Sys 0 00:00:00  -  Total Local Usage
	511467  -  Run Bytes Sent By Job
	47429  -  Run Bytes Received By Job
	511467  -  Total Bytes Sent By Job
	47429  -  Total Bytes Received By Job
	Partitionable Resources :    Usage  Request          
	   Cpus                 :                 1          
	   Disk (KB)            :      571      571          
	   Memory (MB)          :        3        3          
...
