
----------------------------------------------------
Job started on Mon Jun 22 20:52:17 EDT 2015 at WN: t2bat0282.cmsaf.mit.edu 
Job is running on Linux t2bat0282.cmsaf.mit.edu 2.6.32-358.el6.x86_64 #1 SMP Fri Feb 22 20:37:17 CST 2013 x86_64 x86_64 x86_64 GNU/Linux
Filesystem            Size  Used Avail Use% Mounted on
/dev/sda3              20G  4.8G   14G  26% /
tmpfs                  32G     0   32G   0% /dev/shm
/dev/sda1              97M   32M   61M  35% /boot
/dev/sda4             416G   70G  347G  17% /export/data1
fuse_dfs              4.9P  4.4P  522T  90% /mnt/hadoop
/dev/sdb1             2.7T  2.4T  316G  89% /export/00b
/dev/sdc1             2.7T  2.4T  319G  89% /export/00c
/dev/sdd1             2.7T  2.4T  321G  89% /export/00d
/dev/sde1             2.7T  2.4T  316G  89% /export/00e
/dev/sdf1             2.7T  2.4T  309G  89% /export/00f
/dev/sdg1             2.7T  2.4T  313G  89% /export/00g
/dev/sdh1             2.7T  2.4T  313G  89% /export/00h
/dev/sdi1             2.7T  2.4T  309G  89% /export/00i
/dev/sdj1             2.7T  2.4T  309G  89% /export/00j
/dev/sdk1             2.7T  2.4T  312G  89% /export/00k
/dev/sdl1             2.7T  2.4T  306G  89% /export/00l
cvmfs2                 98G   66G   32G  68% /cvmfs/cms.cern.ch
t2srv0004:/export/db  135G  187M  135G   1% /net/t2srv0004/db
cvmfs2                 98G   66G   32G  68% /cvmfs/mu2e.opensciencegrid.org
cvmfs2                 98G   66G   32G  68% /cvmfs/oasis.opensciencegrid.org
cvmfs2                 98G   66G   32G  68% /cvmfs/cdfcfs.fnal.gov
cvmfs2                 98G   66G   32G  68% /cvmfs/cvmfs.cmsaf.mit.edu
gcc (GCC) 4.4.7 20120313 (Red Hat 4.4.7-3)
Copyright (C) 2010 Free Software Foundation, Inc.
This is free software; see the source for copying conditions.  There is NO
warranty; not even for MERCHANTABILITY or FITNESS FOR A PARTICULAR PURPOSE.

Processing...
0/114409
10000/114409
20000/114409
30000/114409
40000/114409
50000/114409
60000/114409
70000/114409
80000/114409
90000/114409
100000/114409
110000/114409
Macro finished: 
CPU time (min)  = 1.08083
Real time (min) = 5.10616
Done!
Copied output files to hadoop rootfiles/JetRAA/June22
