000 (426382.000.000) 06/22 20:50:00 Job submitted from host: <18.12.1.74:48322>
...
001 (426382.000.000) 06/22 20:50:43 Job executing on host: <18.12.6.29:43942>
...
006 (426382.000.000) 06/22 20:50:51 Image size of job updated: 17148
	2  -  MemoryUsage of job (MB)
	1504  -  ResidentSetSize of job (KB)
...
006 (426382.000.000) 06/22 20:51:02 Image size of job updated: 245068
	2  -  MemoryUsage of job (MB)
	1504  -  ResidentSetSize of job (KB)
...
004 (426382.000.000) 06/22 20:51:02 Job was evicted.
	(0) Job was not checkpointed.
		Usr 0 00:00:01, Sys 0 00:00:00  -  Run Remote Usage
		Usr 0 00:00:00, Sys 0 00:00:00  -  Run Local Usage
	0  -  Run Bytes Sent By Job
	41910  -  Run Bytes Received By Job
	Partitionable Resources :    Usage  Request          
	   Cpus                 :                 1          
	   Disk (KB)            :      550      550          
	   Memory (MB)          :        2        2          
...
009 (426382.000.000) 06/22 20:51:10 Job was aborted by the user.
	via condor_rm (by user rkunnawa)
...
000 (426546.000.000) 06/22 20:51:39 Job submitted from host: <18.12.1.74:48322>
...
001 (426546.000.000) 06/22 20:52:09 Job executing on host: <18.12.9.43:40876>
...
006 (426546.000.000) 06/22 20:52:18 Image size of job updated: 1
	3  -  MemoryUsage of job (MB)
	2364  -  ResidentSetSize of job (KB)
...
006 (426546.000.000) 06/22 20:57:07 Image size of job updated: 248116
	3  -  MemoryUsage of job (MB)
	2364  -  ResidentSetSize of job (KB)
...
005 (426546.000.000) 06/22 20:57:07 Job terminated.
	(1) Normal termination (return value 0)
		Usr 0 00:01:05, Sys 0 00:00:01  -  Run Remote Usage
		Usr 0 00:00:00, Sys 0 00:00:00  -  Run Local Usage
		Usr 0 00:01:05, Sys 0 00:00:01  -  Total Remote Usage
		Usr 0 00:00:00, Sys 0 00:00:00  -  Total Local Usage
	495292  -  Run Bytes Sent By Job
	41910  -  Run Bytes Received By Job
	495292  -  Total Bytes Sent By Job
	41910  -  Total Bytes Received By Job
	Partitionable Resources :    Usage  Request          
	   Cpus                 :                 1          
	   Disk (KB)            :      550      550          
	   Memory (MB)          :        3        3          
...
000 (491806.000.000) 06/29 09:48:05 Job submitted from host: <18.12.1.74:48322>
...
001 (491806.000.000) 06/29 09:48:16 Job executing on host: <18.12.8.162:48541>
...
006 (491806.000.000) 06/29 09:48:25 Image size of job updated: 1
	3  -  MemoryUsage of job (MB)
	2368  -  ResidentSetSize of job (KB)
...
006 (491806.000.000) 06/29 09:50:56 Image size of job updated: 246036
	3  -  MemoryUsage of job (MB)
	2368  -  ResidentSetSize of job (KB)
...
005 (491806.000.000) 06/29 09:50:57 Job terminated.
	(1) Normal termination (return value 0)
		Usr 0 00:00:27, Sys 0 00:00:00  -  Run Remote Usage
		Usr 0 00:00:00, Sys 0 00:00:00  -  Run Local Usage
		Usr 0 00:00:27, Sys 0 00:00:00  -  Total Remote Usage
		Usr 0 00:00:00, Sys 0 00:00:00  -  Total Local Usage
	508623  -  Run Bytes Sent By Job
	46550  -  Run Bytes Received By Job
	508623  -  Total Bytes Sent By Job
	46550  -  Total Bytes Received By Job
	Partitionable Resources :    Usage  Request          
	   Cpus                 :                 1          
	   Disk (KB)            :      568      568          
	   Memory (MB)          :        3        3          
...
000 (492558.000.000) 06/29 10:14:03 Job submitted from host: <18.12.1.74:48322>
...
001 (492558.000.000) 06/29 10:14:10 Job executing on host: <18.12.8.215:40876>
...
006 (492558.000.000) 06/29 10:14:18 Image size of job updated: 1
	3  -  MemoryUsage of job (MB)
	2360  -  ResidentSetSize of job (KB)
...
006 (492558.000.000) 06/29 10:15:04 Image size of job updated: 246044
	3  -  MemoryUsage of job (MB)
	2360  -  ResidentSetSize of job (KB)
...
005 (492558.000.000) 06/29 10:15:04 Job terminated.
	(1) Normal termination (return value 0)
		Usr 0 00:00:30, Sys 0 00:00:00  -  Run Remote Usage
		Usr 0 00:00:00, Sys 0 00:00:00  -  Run Local Usage
		Usr 0 00:00:30, Sys 0 00:00:00  -  Total Remote Usage
		Usr 0 00:00:00, Sys 0 00:00:00  -  Total Local Usage
	508992  -  Run Bytes Sent By Job
	46566  -  Run Bytes Received By Job
	508992  -  Total Bytes Sent By Job
	46566  -  Total Bytes Received By Job
	Partitionable Resources :    Usage  Request          
	   Cpus                 :                 1          
	   Disk (KB)            :      568      568          
	   Memory (MB)          :        3        3          
...
000 (495277.000.000) 06/29 21:59:25 Job submitted from host: <18.12.1.74:48322>
...
001 (495277.000.000) 06/29 21:59:46 Job executing on host: <18.12.8.191:47519>
...
006 (495277.000.000) 06/29 21:59:54 Image size of job updated: 9528
	2  -  MemoryUsage of job (MB)
	1416  -  ResidentSetSize of job (KB)
...
006 (495277.000.000) 06/29 22:01:16 Image size of job updated: 246524
	2  -  MemoryUsage of job (MB)
	1416  -  ResidentSetSize of job (KB)
...
005 (495277.000.000) 06/29 22:01:16 Job terminated.
	(1) Normal termination (return value 0)
		Usr 0 00:00:35, Sys 0 00:00:01  -  Run Remote Usage
		Usr 0 00:00:00, Sys 0 00:00:00  -  Run Local Usage
		Usr 0 00:00:35, Sys 0 00:00:01  -  Total Remote Usage
		Usr 0 00:00:00, Sys 0 00:00:00  -  Total Local Usage
	508783  -  Run Bytes Sent By Job
	46564  -  Run Bytes Received By Job
	508783  -  Total Bytes Sent By Job
	46564  -  Total Bytes Received By Job
	Partitionable Resources :    Usage  Request          
	   Cpus                 :                 1          
	   Disk (KB)            :      568      568          
	   Memory (MB)          :        2        2          
...
