000 (426723.000.000) 06/22 20:55:14 Job submitted from host: <18.12.1.74:48322>
...
001 (426723.000.000) 06/22 20:55:58 Job executing on host: <18.12.9.64:47738>
...
006 (426723.000.000) 06/22 20:56:06 Image size of job updated: 1
	3  -  MemoryUsage of job (MB)
	2376  -  ResidentSetSize of job (KB)
...
006 (426723.000.000) 06/22 20:59:12 Image size of job updated: 243080
	3  -  MemoryUsage of job (MB)
	2376  -  ResidentSetSize of job (KB)
...
005 (426723.000.000) 06/22 20:59:12 Job terminated.
	(1) Normal termination (return value 0)
		Usr 0 00:01:18, Sys 0 00:00:02  -  Run Remote Usage
		Usr 0 00:00:00, Sys 0 00:00:00  -  Run Local Usage
		Usr 0 00:01:18, Sys 0 00:00:02  -  Total Remote Usage
		Usr 0 00:00:00, Sys 0 00:00:00  -  Total Local Usage
	495271  -  Run Bytes Sent By Job
	41910  -  Run Bytes Received By Job
	495271  -  Total Bytes Sent By Job
	41910  -  Total Bytes Received By Job
	Partitionable Resources :    Usage  Request          
	   Cpus                 :                 1          
	   Disk (KB)            :      550      550          
	   Memory (MB)          :        3        3          
...
000 (492003.000.000) 06/29 09:51:32 Job submitted from host: <18.12.1.74:48322>
...
001 (492003.000.000) 06/29 09:51:37 Job executing on host: <18.12.6.14:45256>
...
006 (492003.000.000) 06/29 09:51:45 Image size of job updated: 1
	3  -  MemoryUsage of job (MB)
	2368  -  ResidentSetSize of job (KB)
...
006 (492003.000.000) 06/29 09:53:02 Image size of job updated: 245080
	3  -  MemoryUsage of job (MB)
	2368  -  ResidentSetSize of job (KB)
...
005 (492003.000.000) 06/29 09:53:02 Job terminated.
	(1) Normal termination (return value 0)
		Usr 0 00:00:37, Sys 0 00:00:01  -  Run Remote Usage
		Usr 0 00:00:00, Sys 0 00:00:00  -  Run Local Usage
		Usr 0 00:00:37, Sys 0 00:00:01  -  Total Remote Usage
		Usr 0 00:00:00, Sys 0 00:00:00  -  Total Local Usage
	508761  -  Run Bytes Sent By Job
	46550  -  Run Bytes Received By Job
	508761  -  Total Bytes Sent By Job
	46550  -  Total Bytes Received By Job
	Partitionable Resources :    Usage  Request          
	   Cpus                 :                 1          
	   Disk (KB)            :      568      568          
	   Memory (MB)          :        3        3          
...
000 (492910.000.000) 06/29 10:16:31 Job submitted from host: <18.12.1.74:48322>
...
001 (492910.000.000) 06/29 10:16:37 Job executing on host: <18.12.8.252:48395>
...
006 (492910.000.000) 06/29 10:16:46 Image size of job updated: 1
	3  -  MemoryUsage of job (MB)
	2360  -  ResidentSetSize of job (KB)
...
006 (492910.000.000) 06/29 10:18:14 Image size of job updated: 243220
	3  -  MemoryUsage of job (MB)
	2360  -  ResidentSetSize of job (KB)
...
005 (492910.000.000) 06/29 10:18:15 Job terminated.
	(1) Normal termination (return value 0)
		Usr 0 00:00:37, Sys 0 00:00:00  -  Run Remote Usage
		Usr 0 00:00:00, Sys 0 00:00:00  -  Run Local Usage
		Usr 0 00:00:37, Sys 0 00:00:00  -  Total Remote Usage
		Usr 0 00:00:00, Sys 0 00:00:00  -  Total Local Usage
	508709  -  Run Bytes Sent By Job
	46566  -  Run Bytes Received By Job
	508709  -  Total Bytes Sent By Job
	46566  -  Total Bytes Received By Job
	Partitionable Resources :    Usage  Request          
	   Cpus                 :                 1          
	   Disk (KB)            :      568      568          
	   Memory (MB)          :        3        3          
...
000 (494905.000.000) 06/29 21:56:26 Job submitted from host: <18.12.1.74:48322>
...
001 (494905.000.000) 06/29 21:56:44 Job executing on host: <18.12.9.49:44526>
...
006 (494905.000.000) 06/29 21:56:53 Image size of job updated: 242100
	46  -  MemoryUsage of job (MB)
	46852  -  ResidentSetSize of job (KB)
...
006 (494905.000.000) 06/29 21:58:28 Image size of job updated: 245644
	46  -  MemoryUsage of job (MB)
	46852  -  ResidentSetSize of job (KB)
...
005 (494905.000.000) 06/29 21:58:28 Job terminated.
	(1) Normal termination (return value 0)
		Usr 0 00:00:38, Sys 0 00:00:01  -  Run Remote Usage
		Usr 0 00:00:00, Sys 0 00:00:00  -  Run Local Usage
		Usr 0 00:00:38, Sys 0 00:00:01  -  Total Remote Usage
		Usr 0 00:00:00, Sys 0 00:00:00  -  Total Local Usage
	508840  -  Run Bytes Sent By Job
	46564  -  Run Bytes Received By Job
	508840  -  Total Bytes Sent By Job
	46564  -  Total Bytes Received By Job
	Partitionable Resources :    Usage  Request          
	   Cpus                 :                 1          
	   Disk (KB)            :      568      568          
	   Memory (MB)          :       46       46          
...
