
----------------------------------------------------
Job started on Tue Jun 23 16:48:41 EDT 2015 at WN: t2bat0166.cmsaf.mit.edu 
Job is running on Linux t2bat0166.cmsaf.mit.edu 2.6.32-358.el6.x86_64 #1 SMP Fri Feb 22 20:37:17 CST 2013 x86_64 x86_64 x86_64 GNU/Linux
Filesystem            Size  Used Avail Use% Mounted on
/dev/sda3              20G  3.7G   16G  20% /
tmpfs                  12G     0   12G   0% /dev/shm
/dev/sda1              97M   32M   61M  35% /boot
/dev/sda4             1.8T   90G  1.7T   6% /export/data1
/dev/sdb1             1.8T  1.6T  201G  90% /export/00b
/dev/sdc1             1.8T  1.7T  190G  90% /export/00c
/dev/sdd1             1.8T  1.6T  198G  90% /export/00d
/dev/sde1             1.8T  1.6T  204G  89% /export/00e
/dev/sdf1             1.8T  1.7T  194G  90% /export/00f
fuse_dfs              4.9P  4.4P  516T  90% /mnt/hadoop
cvmfs2                 98G   89G  9.5G  91% /cvmfs/mu2e.opensciencegrid.org
cvmfs2                 98G   89G  9.5G  91% /cvmfs/oasis.opensciencegrid.org
cvmfs2                 98G   89G  9.5G  91% /cvmfs/cms.cern.ch
t2srv0004:/export/db  135G  187M  135G   1% /net/t2srv0004/db
cvmfs2                 98G   89G  9.5G  91% /cvmfs/fermilab.opensciencegrid.org
gcc (GCC) 4.4.7 20120313 (Red Hat 4.4.7-3)
Copyright (C) 2010 Free Software Foundation, Inc.
This is free software; see the source for copying conditions.  There is NO
warranty; not even for MERCHANTABILITY or FITNESS FOR A PARTICULAR PURPOSE.

Processing...
0/367942
10000/367942
20000/367942
30000/367942
40000/367942
50000/367942
60000/367942
70000/367942
80000/367942
90000/367942
100000/367942
110000/367942
120000/367942
130000/367942
140000/367942
150000/367942
160000/367942
170000/367942
180000/367942
190000/367942
200000/367942
210000/367942
220000/367942
230000/367942
240000/367942
250000/367942
260000/367942
270000/367942
280000/367942
290000/367942
300000/367942
310000/367942
320000/367942
330000/367942
340000/367942
350000/367942
360000/367942
Macro finished: 
CPU time (min)  = 3.3295
Real time (min) = 5.0334
Done!
Copied output files to hadoop rootfiles/JetRAA/June22
