000 (426407.000.000) 06/22 20:50:03 Job submitted from host: <18.12.1.74:48322>
...
001 (426407.000.000) 06/22 20:50:56 Job executing on host: <18.12.8.170:47446>
...
006 (426407.000.000) 06/22 20:51:02 Image size of job updated: 90832
	0  -  MemoryUsage of job (MB)
	0  -  ResidentSetSize of job (KB)
...
004 (426407.000.000) 06/22 20:51:02 Job was evicted.
	(0) Job was not checkpointed.
		Usr 0 00:00:00, Sys 0 00:00:00  -  Run Remote Usage
		Usr 0 00:00:00, Sys 0 00:00:00  -  Run Local Usage
	0  -  Run Bytes Sent By Job
	41910  -  Run Bytes Received By Job
	Partitionable Resources :    Usage  Request          
	   Cpus                 :                 1          
	   Disk (KB)            :      549      549          
	   Memory (MB)          :        0        0          
...
009 (426407.000.000) 06/22 20:51:10 Job was aborted by the user.
	via condor_rm (by user rkunnawa)
...
000 (491831.000.000) 06/29 09:48:07 Job submitted from host: <18.12.1.74:48322>
...
001 (491831.000.000) 06/29 09:48:18 Job executing on host: <18.12.8.12:49855>
...
006 (491831.000.000) 06/29 09:48:26 Image size of job updated: 75600
	21  -  MemoryUsage of job (MB)
	20912  -  ResidentSetSize of job (KB)
...
006 (491831.000.000) 06/29 09:53:26 Image size of job updated: 246912
	122  -  MemoryUsage of job (MB)
	124732  -  ResidentSetSize of job (KB)
...
005 (491831.000.000) 06/29 09:55:44 Job terminated.
	(1) Normal termination (return value 0)
		Usr 0 00:01:39, Sys 0 00:00:02  -  Run Remote Usage
		Usr 0 00:00:00, Sys 0 00:00:00  -  Run Local Usage
		Usr 0 00:01:39, Sys 0 00:00:02  -  Total Remote Usage
		Usr 0 00:00:00, Sys 0 00:00:00  -  Total Local Usage
	509426  -  Run Bytes Sent By Job
	46550  -  Run Bytes Received By Job
	509426  -  Total Bytes Sent By Job
	46550  -  Total Bytes Received By Job
	Partitionable Resources :    Usage  Request          
	   Cpus                 :                 1          
	   Disk (KB)            :      569      569          
	   Memory (MB)          :      122      122          
...
000 (492583.000.000) 06/29 10:14:10 Job submitted from host: <18.12.1.74:48322>
...
001 (492583.000.000) 06/29 10:15:05 Job executing on host: <18.12.9.71:48103>
...
006 (492583.000.000) 06/29 10:15:14 Image size of job updated: 97924
	3  -  MemoryUsage of job (MB)
	2464  -  ResidentSetSize of job (KB)
...
006 (492583.000.000) 06/29 10:17:57 Image size of job updated: 246916
	3  -  MemoryUsage of job (MB)
	2464  -  ResidentSetSize of job (KB)
...
005 (492583.000.000) 06/29 10:17:58 Job terminated.
	(1) Normal termination (return value 0)
		Usr 0 00:01:43, Sys 0 00:00:04  -  Run Remote Usage
		Usr 0 00:00:00, Sys 0 00:00:00  -  Run Local Usage
		Usr 0 00:01:43, Sys 0 00:00:04  -  Total Remote Usage
		Usr 0 00:00:00, Sys 0 00:00:00  -  Total Local Usage
	509232  -  Run Bytes Sent By Job
	46566  -  Run Bytes Received By Job
	509232  -  Total Bytes Sent By Job
	46566  -  Total Bytes Received By Job
	Partitionable Resources :    Usage  Request          
	   Cpus                 :                 1          
	   Disk (KB)            :      568      568          
	   Memory (MB)          :        3        3          
...
000 (495302.000.000) 06/29 21:59:28 Job submitted from host: <18.12.1.74:48322>
...
001 (495302.000.000) 06/29 21:59:44 Job executing on host: <18.12.8.91:41168>
...
006 (495302.000.000) 06/29 21:59:52 Image size of job updated: 246052
	49  -  MemoryUsage of job (MB)
	49356  -  ResidentSetSize of job (KB)
...
006 (495302.000.000) 06/29 22:02:29 Image size of job updated: 247576
	49  -  MemoryUsage of job (MB)
	49356  -  ResidentSetSize of job (KB)
...
005 (495302.000.000) 06/29 22:02:29 Job terminated.
	(1) Normal termination (return value 0)
		Usr 0 00:01:24, Sys 0 00:00:04  -  Run Remote Usage
		Usr 0 00:00:00, Sys 0 00:00:00  -  Run Local Usage
		Usr 0 00:01:24, Sys 0 00:00:04  -  Total Remote Usage
		Usr 0 00:00:00, Sys 0 00:00:00  -  Total Local Usage
	509035  -  Run Bytes Sent By Job
	46564  -  Run Bytes Received By Job
	509035  -  Total Bytes Sent By Job
	46564  -  Total Bytes Received By Job
	Partitionable Resources :    Usage  Request          
	   Cpus                 :                 1          
	   Disk (KB)            :      568      568          
	   Memory (MB)          :       49       49          
...
