000 (426491.000.000) 06/22 20:50:11 Job submitted from host: <18.12.1.74:48322>
...
004 (426491.000.000) 06/22 20:51:13 Job was evicted.
	(0) Job was not checkpointed.
		Usr 0 00:00:00, Sys 0 00:00:00  -  Run Remote Usage
		Usr 0 00:00:00, Sys 0 00:00:00  -  Run Local Usage
	0  -  Run Bytes Sent By Job
	41910  -  Run Bytes Received By Job
	Partitionable Resources :    Usage  Request          
	   Cpus                 :                 1          
	   Disk (KB)            :       42       42          
	   Memory (MB)          :                 1          
...
009 (426491.000.000) 06/22 20:51:13 Job was aborted by the user.
	via condor_rm (by user rkunnawa)
...
000 (491928.000.000) 06/29 09:48:23 Job submitted from host: <18.12.1.74:48322>
...
001 (491928.000.000) 06/29 09:49:04 Job executing on host: <18.12.9.73:46059>
...
006 (491928.000.000) 06/29 09:49:12 Image size of job updated: 245300
	60  -  MemoryUsage of job (MB)
	60544  -  ResidentSetSize of job (KB)
...
006 (491928.000.000) 06/29 09:53:35 Image size of job updated: 247120
	60  -  MemoryUsage of job (MB)
	60544  -  ResidentSetSize of job (KB)
...
005 (491928.000.000) 06/29 09:53:35 Job terminated.
	(1) Normal termination (return value 0)
		Usr 0 00:01:22, Sys 0 00:00:02  -  Run Remote Usage
		Usr 0 00:00:00, Sys 0 00:00:00  -  Run Local Usage
		Usr 0 00:01:22, Sys 0 00:00:02  -  Total Remote Usage
		Usr 0 00:00:00, Sys 0 00:00:00  -  Total Local Usage
	509082  -  Run Bytes Sent By Job
	46550  -  Run Bytes Received By Job
	509082  -  Total Bytes Sent By Job
	46550  -  Total Bytes Received By Job
	Partitionable Resources :    Usage  Request          
	   Cpus                 :                 1          
	   Disk (KB)            :      568      568          
	   Memory (MB)          :       60       60          
...
000 (492667.000.000) 06/29 10:14:31 Job submitted from host: <18.12.1.74:48322>
...
001 (492667.000.000) 06/29 10:14:48 Job executing on host: <18.12.8.3:46059>
...
006 (492667.000.000) 06/29 10:14:56 Image size of job updated: 1
	3  -  MemoryUsage of job (MB)
	2356  -  ResidentSetSize of job (KB)
...
006 (492667.000.000) 06/29 10:17:33 Image size of job updated: 247108
	3  -  MemoryUsage of job (MB)
	2356  -  ResidentSetSize of job (KB)
...
005 (492667.000.000) 06/29 10:17:34 Job terminated.
	(1) Normal termination (return value 0)
		Usr 0 00:01:34, Sys 0 00:00:02  -  Run Remote Usage
		Usr 0 00:00:00, Sys 0 00:00:00  -  Run Local Usage
		Usr 0 00:01:34, Sys 0 00:00:02  -  Total Remote Usage
		Usr 0 00:00:00, Sys 0 00:00:00  -  Total Local Usage
	508760  -  Run Bytes Sent By Job
	46566  -  Run Bytes Received By Job
	508760  -  Total Bytes Sent By Job
	46566  -  Total Bytes Received By Job
	Partitionable Resources :    Usage  Request          
	   Cpus                 :                 1          
	   Disk (KB)            :      568      568          
	   Memory (MB)          :        3        3          
...
000 (495386.000.000) 06/29 21:59:40 Job submitted from host: <18.12.1.74:48322>
...
001 (495386.000.000) 06/29 21:59:51 Job executing on host: <18.12.8.44:41606>
...
006 (495386.000.000) 06/29 22:00:00 Image size of job updated: 149628
	35  -  MemoryUsage of job (MB)
	35380  -  ResidentSetSize of job (KB)
...
006 (495386.000.000) 06/29 22:04:34 Image size of job updated: 247732
	35  -  MemoryUsage of job (MB)
	35380  -  ResidentSetSize of job (KB)
...
005 (495386.000.000) 06/29 22:04:34 Job terminated.
	(1) Normal termination (return value 0)
		Usr 0 00:01:40, Sys 0 00:00:04  -  Run Remote Usage
		Usr 0 00:00:00, Sys 0 00:00:00  -  Run Local Usage
		Usr 0 00:01:40, Sys 0 00:00:04  -  Total Remote Usage
		Usr 0 00:00:00, Sys 0 00:00:00  -  Total Local Usage
	508928  -  Run Bytes Sent By Job
	46564  -  Run Bytes Received By Job
	508928  -  Total Bytes Sent By Job
	46564  -  Total Bytes Received By Job
	Partitionable Resources :    Usage  Request          
	   Cpus                 :                 1          
	   Disk (KB)            :      568      568          
	   Memory (MB)          :       35       35          
...
