000 (426785.000.000) 06/22 20:55:20 Job submitted from host: <18.12.1.74:48322>
...
001 (426785.000.000) 06/22 20:55:33 Job executing on host: <18.12.8.171:48176>
...
006 (426785.000.000) 06/22 20:55:41 Image size of job updated: 1
	3  -  MemoryUsage of job (MB)
	2364  -  ResidentSetSize of job (KB)
...
006 (426785.000.000) 06/22 21:00:41 Image size of job updated: 243728
	129  -  MemoryUsage of job (MB)
	131552  -  ResidentSetSize of job (KB)
...
006 (426785.000.000) 06/22 21:02:59 Image size of job updated: 244788
	129  -  MemoryUsage of job (MB)
	131552  -  ResidentSetSize of job (KB)
...
005 (426785.000.000) 06/22 21:02:59 Job terminated.
	(1) Normal termination (return value 0)
		Usr 0 00:02:52, Sys 0 00:00:03  -  Run Remote Usage
		Usr 0 00:00:00, Sys 0 00:00:00  -  Run Local Usage
		Usr 0 00:02:52, Sys 0 00:00:03  -  Total Remote Usage
		Usr 0 00:00:00, Sys 0 00:00:00  -  Total Local Usage
	495264  -  Run Bytes Sent By Job
	41910  -  Run Bytes Received By Job
	495264  -  Total Bytes Sent By Job
	41910  -  Total Bytes Received By Job
	Partitionable Resources :    Usage  Request          
	   Cpus                 :                 1          
	   Disk (KB)            :      550      550          
	   Memory (MB)          :      129      129          
...
000 (492127.000.000) 06/29 09:51:46 Job submitted from host: <18.12.1.74:48322>
...
001 (492127.000.000) 06/29 09:52:15 Job executing on host: <18.12.8.95:49271>
...
006 (492127.000.000) 06/29 09:52:23 Image size of job updated: 242348
	60  -  MemoryUsage of job (MB)
	60824  -  ResidentSetSize of job (KB)
...
006 (492127.000.000) 06/29 09:54:19 Image size of job updated: 243424
	60  -  MemoryUsage of job (MB)
	60824  -  ResidentSetSize of job (KB)
...
005 (492127.000.000) 06/29 09:54:20 Job terminated.
	(1) Normal termination (return value 0)
		Usr 0 00:01:15, Sys 0 00:00:03  -  Run Remote Usage
		Usr 0 00:00:00, Sys 0 00:00:00  -  Run Local Usage
		Usr 0 00:01:15, Sys 0 00:00:03  -  Total Remote Usage
		Usr 0 00:00:00, Sys 0 00:00:00  -  Total Local Usage
	508780  -  Run Bytes Sent By Job
	46550  -  Run Bytes Received By Job
	508780  -  Total Bytes Sent By Job
	46550  -  Total Bytes Received By Job
	Partitionable Resources :    Usage  Request          
	   Cpus                 :                 1          
	   Disk (KB)            :      568      568          
	   Memory (MB)          :       60       60          
...
000 (493034.000.000) 06/29 10:16:50 Job submitted from host: <18.12.1.74:48322>
...
001 (493034.000.000) 06/29 10:17:19 Job executing on host: <18.12.8.157:47081>
...
006 (493034.000.000) 06/29 10:17:28 Image size of job updated: 1
	3  -  MemoryUsage of job (MB)
	2380  -  ResidentSetSize of job (KB)
...
006 (493034.000.000) 06/29 10:21:08 Image size of job updated: 243460
	3  -  MemoryUsage of job (MB)
	2380  -  ResidentSetSize of job (KB)
...
005 (493034.000.000) 06/29 10:21:08 Job terminated.
	(1) Normal termination (return value 0)
		Usr 0 00:01:35, Sys 0 00:00:01  -  Run Remote Usage
		Usr 0 00:00:00, Sys 0 00:00:00  -  Run Local Usage
		Usr 0 00:01:35, Sys 0 00:00:01  -  Total Remote Usage
		Usr 0 00:00:00, Sys 0 00:00:00  -  Total Local Usage
	508866  -  Run Bytes Sent By Job
	46566  -  Run Bytes Received By Job
	508866  -  Total Bytes Sent By Job
	46566  -  Total Bytes Received By Job
	Partitionable Resources :    Usage  Request          
	   Cpus                 :                 1          
	   Disk (KB)            :      568      568          
	   Memory (MB)          :        3        3          
...
000 (495029.000.000) 06/29 21:56:40 Job submitted from host: <18.12.1.74:48322>
...
001 (495029.000.000) 06/29 21:56:55 Job executing on host: <18.12.6.86:44818>
...
006 (495029.000.000) 06/29 21:57:03 Image size of job updated: 1
	3  -  MemoryUsage of job (MB)
	2352  -  ResidentSetSize of job (KB)
...
006 (495029.000.000) 06/29 21:59:45 Image size of job updated: 243992
	3  -  MemoryUsage of job (MB)
	2352  -  ResidentSetSize of job (KB)
...
005 (495029.000.000) 06/29 21:59:46 Job terminated.
	(1) Normal termination (return value 0)
		Usr 0 00:02:04, Sys 0 00:00:02  -  Run Remote Usage
		Usr 0 00:00:00, Sys 0 00:00:00  -  Run Local Usage
		Usr 0 00:02:04, Sys 0 00:00:02  -  Total Remote Usage
		Usr 0 00:00:00, Sys 0 00:00:00  -  Total Local Usage
	509052  -  Run Bytes Sent By Job
	46564  -  Run Bytes Received By Job
	509052  -  Total Bytes Sent By Job
	46564  -  Total Bytes Received By Job
	Partitionable Resources :    Usage  Request          
	   Cpus                 :                 1          
	   Disk (KB)            :      568      568          
	   Memory (MB)          :        3        3          
...
