
----------------------------------------------------
Job started on Mon Jun 29 21:56:45 EDT 2015 at WN: t2bat0217.cmsaf.mit.edu 
Job is running on Linux t2bat0217.cmsaf.mit.edu 2.6.32-358.el6.x86_64 #1 SMP Fri Feb 22 20:37:17 CST 2013 x86_64 x86_64 x86_64 GNU/Linux
Filesystem            Size  Used Avail Use% Mounted on
/dev/sda3              20G  2.6G   17G  14% /
tmpfs                  12G     0   12G   0% /dev/shm
/dev/sda1              97M   32M   61M  35% /boot
/dev/sda4             874G   96G  778G  11% /export/data1
/dev/sdb1             1.8T  1.7T  196G  90% /export/00b
/dev/sdc1             1.8T  1.6T  214G  89% /export/00c
/dev/sdd1             1.8T  1.6T  207G  89% /export/00d
/dev/sde1             1.8T  1.7T  187G  90% /export/00e
/dev/sdf1             1.8T  1.6T  208G  89% /export/00f
fuse_dfs              4.9P  4.4P  527T  90% /mnt/hadoop
t2srv0004:/export/db  135G  187M  135G   1% /net/t2srv0004/db
cvmfs2                 98G   91G  7.0G  93% /cvmfs/cms.cern.ch
cvmfs2                 98G   91G  7.0G  93% /cvmfs/cvmfs.cmsaf.mit.edu
cvmfs2                 98G   91G  7.0G  93% /cvmfs/oasis.opensciencegrid.org
cvmfs2                 98G   91G  7.0G  93% /cvmfs/cdfcfs.fnal.gov
gcc (GCC) 4.4.7 20120313 (Red Hat 4.4.7-3)
Copyright (C) 2010 Free Software Foundation, Inc.
This is free software; see the source for copying conditions.  There is NO
warranty; not even for MERCHANTABILITY or FITNESS FOR A PARTICULAR PURPOSE.

Processing...
0/85234
10000/85234
20000/85234
30000/85234
40000/85234
50000/85234
60000/85234
70000/85234
80000/85234
Macro finished: 
CPU time (min)  = 0.930833
Real time (min) = 1.35882
Done!
Copied output files to hadoop rootfiles/JetRAA/June22
