000 (426504.000.000) 06/22 20:50:12 Job submitted from host: <18.12.1.74:48322>
...
001 (426504.000.000) 06/22 20:50:47 Job executing on host: <18.12.9.51:49855>
...
006 (426504.000.000) 06/22 20:50:55 Image size of job updated: 153064
	42  -  MemoryUsage of job (MB)
	42392  -  ResidentSetSize of job (KB)
...
006 (426504.000.000) 06/22 20:51:02 Image size of job updated: 245532
	42  -  MemoryUsage of job (MB)
	42392  -  ResidentSetSize of job (KB)
...
004 (426504.000.000) 06/22 20:51:02 Job was evicted.
	(0) Job was not checkpointed.
		Usr 0 00:00:00, Sys 0 00:00:00  -  Run Remote Usage
		Usr 0 00:00:00, Sys 0 00:00:00  -  Run Local Usage
	0  -  Run Bytes Sent By Job
	41910  -  Run Bytes Received By Job
	Partitionable Resources :    Usage  Request          
	   Cpus                 :                 1          
	   Disk (KB)            :      550      550          
	   Memory (MB)          :       42       42          
...
009 (426504.000.000) 06/22 20:51:11 Job was aborted by the user.
	via condor_rm (by user rkunnawa)
...
000 (426607.000.000) 06/22 20:51:45 Job submitted from host: <18.12.1.74:48322>
...
001 (426607.000.000) 06/22 20:52:15 Job executing on host: <18.12.8.202:45256>
...
006 (426607.000.000) 06/22 20:52:24 Image size of job updated: 245572
	99  -  MemoryUsage of job (MB)
	100392  -  ResidentSetSize of job (KB)
...
006 (426607.000.000) 06/22 20:57:09 Image size of job updated: 247476
	99  -  MemoryUsage of job (MB)
	100392  -  ResidentSetSize of job (KB)
...
005 (426607.000.000) 06/22 20:57:09 Job terminated.
	(1) Normal termination (return value 0)
		Usr 0 00:03:45, Sys 0 00:00:04  -  Run Remote Usage
		Usr 0 00:00:00, Sys 0 00:00:00  -  Run Local Usage
		Usr 0 00:03:45, Sys 0 00:00:04  -  Total Remote Usage
		Usr 0 00:00:00, Sys 0 00:00:00  -  Total Local Usage
	495320  -  Run Bytes Sent By Job
	41910  -  Run Bytes Received By Job
	495320  -  Total Bytes Sent By Job
	41910  -  Total Bytes Received By Job
	Partitionable Resources :    Usage  Request          
	   Cpus                 :                 1          
	   Disk (KB)            :      550      550          
	   Memory (MB)          :       99       99          
...
