000 (426492.000.000) 06/22 20:50:11 Job submitted from host: <18.12.1.74:48322>
...
001 (426492.000.000) 06/22 20:50:54 Job executing on host: <18.12.8.223:47519>
...
006 (426492.000.000) 06/22 20:51:02 Image size of job updated: 184380
	52  -  MemoryUsage of job (MB)
	52232  -  ResidentSetSize of job (KB)
...
006 (426492.000.000) 06/22 20:51:02 Image size of job updated: 245180
	52  -  MemoryUsage of job (MB)
	52232  -  ResidentSetSize of job (KB)
...
004 (426492.000.000) 06/22 20:51:02 Job was evicted.
	(0) Job was not checkpointed.
		Usr 0 00:00:01, Sys 0 00:00:00  -  Run Remote Usage
		Usr 0 00:00:00, Sys 0 00:00:00  -  Run Local Usage
	0  -  Run Bytes Sent By Job
	41910  -  Run Bytes Received By Job
	Partitionable Resources :    Usage  Request          
	   Cpus                 :                 1          
	   Disk (KB)            :      550      550          
	   Memory (MB)          :       52       52          
...
009 (426492.000.000) 06/22 20:51:10 Job was aborted by the user.
	via condor_rm (by user rkunnawa)
...
000 (426601.000.000) 06/22 20:51:45 Job submitted from host: <18.12.1.74:48322>
...
001 (426601.000.000) 06/22 20:52:15 Job executing on host: <18.12.6.97:49636>
...
006 (426601.000.000) 06/22 20:52:24 Image size of job updated: 68256
	13  -  MemoryUsage of job (MB)
	12396  -  ResidentSetSize of job (KB)
...
006 (426601.000.000) 06/22 20:57:25 Image size of job updated: 247556
	130  -  MemoryUsage of job (MB)
	132368  -  ResidentSetSize of job (KB)
...
005 (426601.000.000) 06/22 20:57:39 Job terminated.
	(1) Normal termination (return value 0)
		Usr 0 00:03:55, Sys 0 00:00:03  -  Run Remote Usage
		Usr 0 00:00:00, Sys 0 00:00:00  -  Run Local Usage
		Usr 0 00:03:55, Sys 0 00:00:03  -  Total Remote Usage
		Usr 0 00:00:00, Sys 0 00:00:00  -  Total Local Usage
	495341  -  Run Bytes Sent By Job
	41910  -  Run Bytes Received By Job
	495341  -  Total Bytes Sent By Job
	41910  -  Total Bytes Received By Job
	Partitionable Resources :    Usage  Request          
	   Cpus                 :                 1          
	   Disk (KB)            :      550      550          
	   Memory (MB)          :      130      130          
...
