
----------------------------------------------------
Job started on Mon Jun 22 20:55:24 EDT 2015 at WN: t2bat0105.cmsaf.mit.edu 
Job is running on Linux t2bat0105.cmsaf.mit.edu 2.6.32-358.el6.x86_64 #1 SMP Fri Feb 22 20:37:17 CST 2013 x86_64 x86_64 x86_64 GNU/Linux
Filesystem            Size  Used Avail Use% Mounted on
/dev/sda3              20G  3.0G   16G  17% /
tmpfs                 7.8G     0  7.8G   0% /dev/shm
/dev/sda1              97M   33M   60M  36% /boot
/dev/sda4             415G   73G  343G  18% /export/data1
fuse_dfs              4.9P  4.4P  522T  90% /mnt/hadoop
/dev/sdb1             1.8T  1.5T  299G  84% /export/00b
/dev/sdc1             1.8T  1.7T  158G  92% /export/00c
/dev/sdd1             1.8T  1.7T  185G  90% /export/00d
/dev/sde1             1.8T  1.7T  167G  91% /export/00e
/dev/sdf1             1.8T  1.7T  186G  90% /export/00f
t2srv0004:/export/db  135G  187M  135G   1% /net/t2srv0004/db
cvmfs2                 98G   72G   27G  73% /cvmfs/cms.cern.ch
gcc (GCC) 4.4.7 20120313 (Red Hat 4.4.7-3)
Copyright (C) 2010 Free Software Foundation, Inc.
This is free software; see the source for copying conditions.  There is NO
warranty; not even for MERCHANTABILITY or FITNESS FOR A PARTICULAR PURPOSE.

Processing...
0/159215
10000/159215
20000/159215
30000/159215
40000/159215
50000/159215
60000/159215
70000/159215
80000/159215
90000/159215
100000/159215
110000/159215
120000/159215
130000/159215
140000/159215
150000/159215
Macro finished: 
CPU time (min)  = 1.344
Real time (min) = 2.01601
Done!
Copied output files to hadoop rootfiles/JetRAA/June22
