000 (426380.000.000) 06/22 20:50:00 Job submitted from host: <18.12.1.74:48322>
...
001 (426380.000.000) 06/22 20:50:43 Job executing on host: <18.12.6.27:48030>
...
006 (426380.000.000) 06/22 20:50:51 Image size of job updated: 1
	3  -  MemoryUsage of job (MB)
	2356  -  ResidentSetSize of job (KB)
...
006 (426380.000.000) 06/22 20:51:02 Image size of job updated: 245164
	3  -  MemoryUsage of job (MB)
	2356  -  ResidentSetSize of job (KB)
...
004 (426380.000.000) 06/22 20:51:02 Job was evicted.
	(0) Job was not checkpointed.
		Usr 0 00:00:03, Sys 0 00:00:01  -  Run Remote Usage
		Usr 0 00:00:00, Sys 0 00:00:00  -  Run Local Usage
	0  -  Run Bytes Sent By Job
	41910  -  Run Bytes Received By Job
	Partitionable Resources :    Usage  Request          
	   Cpus                 :                 1          
	   Disk (KB)            :      550      550          
	   Memory (MB)          :        3        3          
...
009 (426380.000.000) 06/22 20:51:10 Job was aborted by the user.
	via condor_rm (by user rkunnawa)
...
000 (426545.000.000) 06/22 20:51:39 Job submitted from host: <18.12.1.74:48322>
...
001 (426545.000.000) 06/22 20:52:09 Job executing on host: <18.12.9.36:44307>
...
006 (426545.000.000) 06/22 20:52:18 Image size of job updated: 1196
	1  -  MemoryUsage of job (MB)
	156  -  ResidentSetSize of job (KB)
...
006 (426545.000.000) 06/22 20:57:01 Image size of job updated: 246560
	1  -  MemoryUsage of job (MB)
	156  -  ResidentSetSize of job (KB)
...
005 (426545.000.000) 06/22 20:57:01 Job terminated.
	(1) Normal termination (return value 0)
		Usr 0 00:01:06, Sys 0 00:00:01  -  Run Remote Usage
		Usr 0 00:00:00, Sys 0 00:00:00  -  Run Local Usage
		Usr 0 00:01:06, Sys 0 00:00:01  -  Total Remote Usage
		Usr 0 00:00:00, Sys 0 00:00:00  -  Total Local Usage
	495214  -  Run Bytes Sent By Job
	41910  -  Run Bytes Received By Job
	495214  -  Total Bytes Sent By Job
	41910  -  Total Bytes Received By Job
	Partitionable Resources :    Usage  Request          
	   Cpus                 :                 1          
	   Disk (KB)            :      550      550          
	   Memory (MB)          :        1        1          
...
