000 (426675.000.000) 06/22 20:54:19 Job submitted from host: <18.12.1.74:48322>
...
001 (426675.000.000) 06/22 20:54:50 Job executing on host: <18.12.8.213:46424>
...
006 (426675.000.000) 06/22 20:54:58 Image size of job updated: 1
	3  -  MemoryUsage of job (MB)
	2384  -  ResidentSetSize of job (KB)
...
006 (426675.000.000) 06/22 20:57:33 Image size of job updated: 244300
	3  -  MemoryUsage of job (MB)
	2384  -  ResidentSetSize of job (KB)
...
005 (426675.000.000) 06/22 20:57:33 Job terminated.
	(1) Normal termination (return value 0)
		Usr 0 00:01:55, Sys 0 00:00:02  -  Run Remote Usage
		Usr 0 00:00:00, Sys 0 00:00:00  -  Run Local Usage
		Usr 0 00:01:55, Sys 0 00:00:02  -  Total Remote Usage
		Usr 0 00:00:00, Sys 0 00:00:00  -  Total Local Usage
	494975  -  Run Bytes Sent By Job
	41910  -  Run Bytes Received By Job
	494975  -  Total Bytes Sent By Job
	41910  -  Total Bytes Received By Job
	Partitionable Resources :    Usage  Request          
	   Cpus                 :                 1          
	   Disk (KB)            :      550      550          
	   Memory (MB)          :        3        3          
...
000 (428088.000.000) 06/23 16:48:27 Job submitted from host: <18.12.1.74:48322>
...
001 (428088.000.000) 06/23 16:48:39 Job executing on host: <18.12.9.74:47227>
...
006 (428088.000.000) 06/23 16:48:48 Image size of job updated: 13384
	2  -  MemoryUsage of job (MB)
	1984  -  ResidentSetSize of job (KB)
...
006 (428088.000.000) 06/23 16:51:38 Image size of job updated: 245344
	2  -  MemoryUsage of job (MB)
	1984  -  ResidentSetSize of job (KB)
...
005 (428088.000.000) 06/23 16:51:38 Job terminated.
	(1) Normal termination (return value 0)
		Usr 0 00:01:21, Sys 0 00:00:01  -  Run Remote Usage
		Usr 0 00:00:00, Sys 0 00:00:00  -  Run Local Usage
		Usr 0 00:01:21, Sys 0 00:00:01  -  Total Remote Usage
		Usr 0 00:00:00, Sys 0 00:00:00  -  Total Local Usage
	511643  -  Run Bytes Sent By Job
	47429  -  Run Bytes Received By Job
	511643  -  Total Bytes Sent By Job
	47429  -  Total Bytes Received By Job
	Partitionable Resources :    Usage  Request          
	   Cpus                 :                 1          
	   Disk (KB)            :      571      571          
	   Memory (MB)          :        2        2          
...
