000 (426483.000.000) 06/22 20:50:10 Job submitted from host: <18.12.1.74:48322>
...
001 (426483.000.000) 06/22 20:50:47 Job executing on host: <18.12.8.160:41168>
...
006 (426483.000.000) 06/22 20:50:55 Image size of job updated: 13384
	2  -  MemoryUsage of job (MB)
	1984  -  ResidentSetSize of job (KB)
...
006 (426483.000.000) 06/22 20:51:02 Image size of job updated: 245376
	2  -  MemoryUsage of job (MB)
	1984  -  ResidentSetSize of job (KB)
...
004 (426483.000.000) 06/22 20:51:02 Job was evicted.
	(0) Job was not checkpointed.
		Usr 0 00:00:02, Sys 0 00:00:00  -  Run Remote Usage
		Usr 0 00:00:00, Sys 0 00:00:00  -  Run Local Usage
	0  -  Run Bytes Sent By Job
	41910  -  Run Bytes Received By Job
	Partitionable Resources :    Usage  Request          
	   Cpus                 :                 1          
	   Disk (KB)            :      550      550          
	   Memory (MB)          :        2        2          
...
009 (426483.000.000) 06/22 20:51:11 Job was aborted by the user.
	via condor_rm (by user rkunnawa)
...
000 (491920.000.000) 06/29 09:48:22 Job submitted from host: <18.12.1.74:48322>
...
001 (491920.000.000) 06/29 09:48:58 Job executing on host: <18.12.8.39:43139>
...
006 (491920.000.000) 06/29 09:49:06 Image size of job updated: 68656
	13  -  MemoryUsage of job (MB)
	12752  -  ResidentSetSize of job (KB)
...
006 (491920.000.000) 06/29 09:51:53 Image size of job updated: 247232
	13  -  MemoryUsage of job (MB)
	12752  -  ResidentSetSize of job (KB)
...
005 (491920.000.000) 06/29 09:51:53 Job terminated.
	(1) Normal termination (return value 0)
		Usr 0 00:02:12, Sys 0 00:00:04  -  Run Remote Usage
		Usr 0 00:00:00, Sys 0 00:00:00  -  Run Local Usage
		Usr 0 00:02:12, Sys 0 00:00:04  -  Total Remote Usage
		Usr 0 00:00:00, Sys 0 00:00:00  -  Total Local Usage
	508989  -  Run Bytes Sent By Job
	46550  -  Run Bytes Received By Job
	508989  -  Total Bytes Sent By Job
	46550  -  Total Bytes Received By Job
	Partitionable Resources :    Usage  Request          
	   Cpus                 :                 1          
	   Disk (KB)            :      568      568          
	   Memory (MB)          :       13       13          
...
000 (492659.000.000) 06/29 10:14:30 Job submitted from host: <18.12.1.74:48322>
...
001 (492659.000.000) 06/29 10:14:47 Job executing on host: <18.12.6.94:42336>
...
006 (492659.000.000) 06/29 10:14:55 Image size of job updated: 1
	3  -  MemoryUsage of job (MB)
	2352  -  ResidentSetSize of job (KB)
...
006 (492659.000.000) 06/29 10:17:35 Image size of job updated: 247244
	3  -  MemoryUsage of job (MB)
	2352  -  ResidentSetSize of job (KB)
...
005 (492659.000.000) 06/29 10:17:35 Job terminated.
	(1) Normal termination (return value 0)
		Usr 0 00:01:58, Sys 0 00:00:02  -  Run Remote Usage
		Usr 0 00:00:00, Sys 0 00:00:00  -  Run Local Usage
		Usr 0 00:01:58, Sys 0 00:00:02  -  Total Remote Usage
		Usr 0 00:00:00, Sys 0 00:00:00  -  Total Local Usage
	508992  -  Run Bytes Sent By Job
	46566  -  Run Bytes Received By Job
	508992  -  Total Bytes Sent By Job
	46566  -  Total Bytes Received By Job
	Partitionable Resources :    Usage  Request          
	   Cpus                 :                 1          
	   Disk (KB)            :      568      568          
	   Memory (MB)          :        3        3          
...
000 (495378.000.000) 06/29 21:59:38 Job submitted from host: <18.12.1.74:48322>
...
001 (495378.000.000) 06/29 21:59:56 Job executing on host: <18.12.9.16:44599>
...
006 (495378.000.000) 06/29 22:00:05 Image size of job updated: 246452
	60  -  MemoryUsage of job (MB)
	61300  -  ResidentSetSize of job (KB)
...
006 (495378.000.000) 06/29 22:03:04 Image size of job updated: 247796
	60  -  MemoryUsage of job (MB)
	61300  -  ResidentSetSize of job (KB)
...
005 (495378.000.000) 06/29 22:03:04 Job terminated.
	(1) Normal termination (return value 0)
		Usr 0 00:01:55, Sys 0 00:00:03  -  Run Remote Usage
		Usr 0 00:00:00, Sys 0 00:00:00  -  Run Local Usage
		Usr 0 00:01:55, Sys 0 00:00:03  -  Total Remote Usage
		Usr 0 00:00:00, Sys 0 00:00:00  -  Total Local Usage
	508955  -  Run Bytes Sent By Job
	46564  -  Run Bytes Received By Job
	508955  -  Total Bytes Sent By Job
	46564  -  Total Bytes Received By Job
	Partitionable Resources :    Usage  Request          
	   Cpus                 :                 1          
	   Disk (KB)            :      568      568          
	   Memory (MB)          :       60       60          
...
