000 (426354.000.000) 06/22 20:49:57 Job submitted from host: <18.12.1.74:48322>
...
001 (426354.000.000) 06/22 20:50:38 Job executing on host: <18.12.9.29:47519>
...
006 (426354.000.000) 06/22 20:50:47 Image size of job updated: 147024
	32  -  MemoryUsage of job (MB)
	31864  -  ResidentSetSize of job (KB)
...
006 (426354.000.000) 06/22 20:51:02 Image size of job updated: 245244
	32  -  MemoryUsage of job (MB)
	31864  -  ResidentSetSize of job (KB)
...
004 (426354.000.000) 06/22 20:51:02 Job was evicted.
	(0) Job was not checkpointed.
		Usr 0 00:00:01, Sys 0 00:00:00  -  Run Remote Usage
		Usr 0 00:00:00, Sys 0 00:00:00  -  Run Local Usage
	0  -  Run Bytes Sent By Job
	41910  -  Run Bytes Received By Job
	Partitionable Resources :    Usage  Request          
	   Cpus                 :                 1          
	   Disk (KB)            :      550      550          
	   Memory (MB)          :       32       32          
...
009 (426354.000.000) 06/22 20:51:10 Job was aborted by the user.
	via condor_rm (by user rkunnawa)
...
000 (426532.000.000) 06/22 20:51:38 Job submitted from host: <18.12.1.74:48322>
...
001 (426532.000.000) 06/22 20:52:08 Job executing on host: <18.12.9.47:46351>
...
006 (426532.000.000) 06/22 20:52:17 Image size of job updated: 245116
	100  -  MemoryUsage of job (MB)
	101528  -  ResidentSetSize of job (KB)
...
006 (426532.000.000) 06/22 20:54:22 Image size of job updated: 247792
	100  -  MemoryUsage of job (MB)
	101528  -  ResidentSetSize of job (KB)
...
005 (426532.000.000) 06/22 20:54:22 Job terminated.
	(1) Normal termination (return value 0)
		Usr 0 00:01:39, Sys 0 00:00:01  -  Run Remote Usage
		Usr 0 00:00:00, Sys 0 00:00:00  -  Run Local Usage
		Usr 0 00:01:39, Sys 0 00:00:01  -  Total Remote Usage
		Usr 0 00:00:00, Sys 0 00:00:00  -  Total Local Usage
	495138  -  Run Bytes Sent By Job
	41910  -  Run Bytes Received By Job
	495138  -  Total Bytes Sent By Job
	41910  -  Total Bytes Received By Job
	Partitionable Resources :    Usage  Request          
	   Cpus                 :                 1          
	   Disk (KB)            :      550      550          
	   Memory (MB)          :      100      100          
...
000 (491778.000.000) 06/29 09:48:02 Job submitted from host: <18.12.1.74:48322>
...
001 (491778.000.000) 06/29 09:48:45 Job executing on host: <18.12.9.24:46205>
...
006 (491778.000.000) 06/29 09:48:54 Image size of job updated: 1
	3  -  MemoryUsage of job (MB)
	2372  -  ResidentSetSize of job (KB)
...
006 (491778.000.000) 06/29 09:50:17 Image size of job updated: 246728
	3  -  MemoryUsage of job (MB)
	2372  -  ResidentSetSize of job (KB)
...
005 (491778.000.000) 06/29 09:50:17 Job terminated.
	(1) Normal termination (return value 0)
		Usr 0 00:00:58, Sys 0 00:00:01  -  Run Remote Usage
		Usr 0 00:00:00, Sys 0 00:00:00  -  Run Local Usage
		Usr 0 00:00:58, Sys 0 00:00:01  -  Total Remote Usage
		Usr 0 00:00:00, Sys 0 00:00:00  -  Total Local Usage
	508680  -  Run Bytes Sent By Job
	46550  -  Run Bytes Received By Job
	508680  -  Total Bytes Sent By Job
	46550  -  Total Bytes Received By Job
	Partitionable Resources :    Usage  Request          
	   Cpus                 :                 1          
	   Disk (KB)            :      568      568          
	   Memory (MB)          :        3        3          
...
000 (492530.000.000) 06/29 10:13:58 Job submitted from host: <18.12.1.74:48322>
...
001 (492530.000.000) 06/29 10:14:08 Job executing on host: <18.12.9.19:49782>
...
006 (492530.000.000) 06/29 10:14:16 Image size of job updated: 245476
	59  -  MemoryUsage of job (MB)
	59424  -  ResidentSetSize of job (KB)
...
006 (492530.000.000) 06/29 10:15:51 Image size of job updated: 246948
	59  -  MemoryUsage of job (MB)
	59424  -  ResidentSetSize of job (KB)
...
005 (492530.000.000) 06/29 10:15:51 Job terminated.
	(1) Normal termination (return value 0)
		Usr 0 00:01:00, Sys 0 00:00:01  -  Run Remote Usage
		Usr 0 00:00:00, Sys 0 00:00:00  -  Run Local Usage
		Usr 0 00:01:00, Sys 0 00:00:01  -  Total Remote Usage
		Usr 0 00:00:00, Sys 0 00:00:00  -  Total Local Usage
	508905  -  Run Bytes Sent By Job
	46566  -  Run Bytes Received By Job
	508905  -  Total Bytes Sent By Job
	46566  -  Total Bytes Received By Job
	Partitionable Resources :    Usage  Request          
	   Cpus                 :                 1          
	   Disk (KB)            :      568      568          
	   Memory (MB)          :       59       59          
...
000 (495249.000.000) 06/29 21:59:22 Job submitted from host: <18.12.1.74:48322>
...
001 (495249.000.000) 06/29 21:59:26 Job executing on host: <18.12.8.62:41606>
...
006 (495249.000.000) 06/29 21:59:35 Image size of job updated: 1
	3  -  MemoryUsage of job (MB)
	2360  -  ResidentSetSize of job (KB)
...
006 (495249.000.000) 06/29 22:01:28 Image size of job updated: 247364
	3  -  MemoryUsage of job (MB)
	2360  -  ResidentSetSize of job (KB)
...
005 (495249.000.000) 06/29 22:01:28 Job terminated.
	(1) Normal termination (return value 0)
		Usr 0 00:01:29, Sys 0 00:00:04  -  Run Remote Usage
		Usr 0 00:00:00, Sys 0 00:00:00  -  Run Local Usage
		Usr 0 00:01:29, Sys 0 00:00:04  -  Total Remote Usage
		Usr 0 00:00:00, Sys 0 00:00:00  -  Total Local Usage
	508843  -  Run Bytes Sent By Job
	46564  -  Run Bytes Received By Job
	508843  -  Total Bytes Sent By Job
	46564  -  Total Bytes Received By Job
	Partitionable Resources :    Usage  Request          
	   Cpus                 :                 1          
	   Disk (KB)            :      568      568          
	   Memory (MB)          :        3        3          
...
