000 (426367.000.000) 06/22 20:49:59 Job submitted from host: <18.12.1.74:48322>
...
001 (426367.000.000) 06/22 20:50:47 Job executing on host: <18.12.9.77:41533>
...
006 (426367.000.000) 06/22 20:50:56 Image size of job updated: 13384
	2  -  MemoryUsage of job (MB)
	1984  -  ResidentSetSize of job (KB)
...
006 (426367.000.000) 06/22 20:51:02 Image size of job updated: 245196
	2  -  MemoryUsage of job (MB)
	1984  -  ResidentSetSize of job (KB)
...
004 (426367.000.000) 06/22 20:51:02 Job was evicted.
	(0) Job was not checkpointed.
		Usr 0 00:00:03, Sys 0 00:00:00  -  Run Remote Usage
		Usr 0 00:00:00, Sys 0 00:00:00  -  Run Local Usage
	0  -  Run Bytes Sent By Job
	41910  -  Run Bytes Received By Job
	Partitionable Resources :    Usage  Request          
	   Cpus                 :                 1          
	   Disk (KB)            :      550      550          
	   Memory (MB)          :        2        2          
...
009 (426367.000.000) 06/22 20:51:10 Job was aborted by the user.
	via condor_rm (by user rkunnawa)
...
000 (491791.000.000) 06/29 09:48:03 Job submitted from host: <18.12.1.74:48322>
...
001 (491791.000.000) 06/29 09:48:15 Job executing on host: <18.12.6.82:43942>
...
006 (491791.000.000) 06/29 09:48:23 Image size of job updated: 1
	3  -  MemoryUsage of job (MB)
	2356  -  ResidentSetSize of job (KB)
...
006 (491791.000.000) 06/29 09:50:10 Image size of job updated: 247220
	3  -  MemoryUsage of job (MB)
	2356  -  ResidentSetSize of job (KB)
...
005 (491791.000.000) 06/29 09:50:10 Job terminated.
	(1) Normal termination (return value 0)
		Usr 0 00:01:03, Sys 0 00:00:01  -  Run Remote Usage
		Usr 0 00:00:00, Sys 0 00:00:00  -  Run Local Usage
		Usr 0 00:01:03, Sys 0 00:00:01  -  Total Remote Usage
		Usr 0 00:00:00, Sys 0 00:00:00  -  Total Local Usage
	508792  -  Run Bytes Sent By Job
	46550  -  Run Bytes Received By Job
	508792  -  Total Bytes Sent By Job
	46550  -  Total Bytes Received By Job
	Partitionable Resources :    Usage  Request          
	   Cpus                 :                 1          
	   Disk (KB)            :      568      568          
	   Memory (MB)          :        3        3          
...
000 (492543.000.000) 06/29 10:14:00 Job submitted from host: <18.12.1.74:48322>
...
001 (492543.000.000) 06/29 10:14:09 Job executing on host: <18.12.6.37:42555>
...
006 (492543.000.000) 06/29 10:14:18 Image size of job updated: 245120
	58  -  MemoryUsage of job (MB)
	58940  -  ResidentSetSize of job (KB)
...
006 (492543.000.000) 06/29 10:15:27 Image size of job updated: 246908
	58  -  MemoryUsage of job (MB)
	58940  -  ResidentSetSize of job (KB)
...
005 (492543.000.000) 06/29 10:15:27 Job terminated.
	(1) Normal termination (return value 0)
		Usr 0 00:00:49, Sys 0 00:00:01  -  Run Remote Usage
		Usr 0 00:00:00, Sys 0 00:00:00  -  Run Local Usage
		Usr 0 00:00:49, Sys 0 00:00:01  -  Total Remote Usage
		Usr 0 00:00:00, Sys 0 00:00:00  -  Total Local Usage
	509050  -  Run Bytes Sent By Job
	46566  -  Run Bytes Received By Job
	509050  -  Total Bytes Sent By Job
	46566  -  Total Bytes Received By Job
	Partitionable Resources :    Usage  Request          
	   Cpus                 :                 1          
	   Disk (KB)            :      568      568          
	   Memory (MB)          :       58       58          
...
000 (495262.000.000) 06/29 21:59:23 Job submitted from host: <18.12.1.74:48322>
...
001 (495262.000.000) 06/29 21:59:35 Job executing on host: <18.12.9.80:44526>
...
006 (495262.000.000) 06/29 21:59:43 Image size of job updated: 1
	3  -  MemoryUsage of job (MB)
	2368  -  ResidentSetSize of job (KB)
...
006 (495262.000.000) 06/29 22:02:00 Image size of job updated: 247776
	3  -  MemoryUsage of job (MB)
	2368  -  ResidentSetSize of job (KB)
...
005 (495262.000.000) 06/29 22:02:00 Job terminated.
	(1) Normal termination (return value 0)
		Usr 0 00:00:52, Sys 0 00:00:02  -  Run Remote Usage
		Usr 0 00:00:00, Sys 0 00:00:00  -  Run Local Usage
		Usr 0 00:00:52, Sys 0 00:00:02  -  Total Remote Usage
		Usr 0 00:00:00, Sys 0 00:00:00  -  Total Local Usage
	508899  -  Run Bytes Sent By Job
	46564  -  Run Bytes Received By Job
	508899  -  Total Bytes Sent By Job
	46564  -  Total Bytes Received By Job
	Partitionable Resources :    Usage  Request          
	   Cpus                 :                 1          
	   Disk (KB)            :      568      568          
	   Memory (MB)          :        3        3          
...
