
----------------------------------------------------
Job started on Fri Jul 10 16:54:16 EDT 2015 at WN: t2bat0282.cmsaf.mit.edu 
Job is running on Linux t2bat0282.cmsaf.mit.edu 2.6.32-358.el6.x86_64 #1 SMP Fri Feb 22 20:37:17 CST 2013 x86_64 x86_64 x86_64 GNU/Linux
Filesystem            Size  Used Avail Use% Mounted on
/dev/sda3              20G  4.8G   14G  26% /
tmpfs                  32G     0   32G   0% /dev/shm
/dev/sda1              97M   32M   61M  35% /boot
/dev/sda4             416G   64G  352G  16% /export/data1
fuse_dfs              4.9P  4.5P  447T  92% /mnt/hadoop
/dev/sdb1             2.7T  2.5T  281G  90% /export/00b
/dev/sdc1             2.7T  2.5T  284G  90% /export/00c
/dev/sdd1             2.7T  2.5T  287G  90% /export/00d
/dev/sde1             2.7T  2.5T  280G  90% /export/00e
/dev/sdf1             2.7T  2.5T  275G  91% /export/00f
/dev/sdg1             2.7T  2.5T  276G  90% /export/00g
/dev/sdh1             2.7T  2.5T  279G  90% /export/00h
/dev/sdi1             2.7T  2.5T  276G  90% /export/00i
/dev/sdj1             2.7T  2.5T  275G  91% /export/00j
/dev/sdk1             2.7T  2.5T  280G  90% /export/00k
/dev/sdl1             2.7T  2.5T  273G  91% /export/00l
cvmfs2                 98G   57G   42G  58% /cvmfs/cms.cern.ch
t2srv0004:/export/db  135G  187M  135G   1% /net/t2srv0004/db
cvmfs2                 98G   57G   42G  58% /cvmfs/cvmfs.cmsaf.mit.edu
gcc (GCC) 4.4.7 20120313 (Red Hat 4.4.7-3)
Copyright (C) 2010 Free Software Foundation, Inc.
This is free software; see the source for copying conditions.  There is NO
warranty; not even for MERCHANTABILITY or FITNESS FOR A PARTICULAR PURPOSE.

Processing...
0/152946
Done!
Copied output files to hadoop rootfiles/JetRAA/June22
