
----------------------------------------------------
Job started on Mon Jun 29 21:56:51 EDT 2015 at WN: t2bat0050.cmsaf.mit.edu 
Job is running on Linux t2bat0050.cmsaf.mit.edu 2.6.32-358.el6.x86_64 #1 SMP Fri Feb 22 20:37:17 CST 2013 x86_64 x86_64 x86_64 GNU/Linux
Filesystem            Size  Used Avail Use% Mounted on
/dev/sda3              20G  3.1G   16G  17% /
tmpfs                 7.8G     0  7.8G   0% /dev/shm
/dev/sda1              97M   33M   60M  36% /boot
/dev/sda4             415G   88G  328G  22% /export/data1
/dev/sdb1             1.8T  1.6T  204G  89% /export/00b
/dev/sdc1             1.8T  1.6T  215G  89% /export/00c
/dev/sdd1             1.8T  1.6T  200G  90% /export/00d
/dev/sde1             1.8T  1.6T  201G  90% /export/00e
/dev/sdf1             1.8T  1.6T  202G  89% /export/00f
fuse_dfs              4.9P  4.4P  527T  90% /mnt/hadoop
t2srv0004:/export/db  135G  187M  135G   1% /net/t2srv0004/db
cvmfs2                 98G   87G   12G  89% /cvmfs/cms.cern.ch
cvmfs2                 98G   87G   12G  89% /cvmfs/cvmfs.cmsaf.mit.edu
cvmfs2                 98G   87G   12G  89% /cvmfs/oasis.opensciencegrid.org
gcc (GCC) 4.4.7 20120313 (Red Hat 4.4.7-3)
Copyright (C) 2010 Free Software Foundation, Inc.
This is free software; see the source for copying conditions.  There is NO
warranty; not even for MERCHANTABILITY or FITNESS FOR A PARTICULAR PURPOSE.

Processing...
0/200320
10000/200320
20000/200320
30000/200320
40000/200320
50000/200320
60000/200320
70000/200320
80000/200320
90000/200320
100000/200320
110000/200320
120000/200320
130000/200320
140000/200320
150000/200320
160000/200320
170000/200320
180000/200320
190000/200320
200000/200320
Macro finished: 
CPU time (min)  = 2.77433
Real time (min) = 3.56777
Done!
Copied output files to hadoop rootfiles/JetRAA/June22
