
----------------------------------------------------
Job started on Mon Jun 29 21:56:37 EDT 2015 at WN: lnbat0007.cmsaf.mit.edu 
Job is running on Linux lnbat0007.cmsaf.mit.edu 2.6.32-358.el6.x86_64 #1 SMP Fri Feb 22 20:37:17 CST 2013 x86_64 x86_64 x86_64 GNU/Linux
Filesystem            Size  Used Avail Use% Mounted on
/dev/sda3              20G  3.6G   16G  19% /
tmpfs                  12G     0   12G   0% /dev/shm
/dev/sda1              97M   32M   61M  35% /boot
/dev/sda4             874G   84G  790G  10% /export/data1
fuse_dfs              4.9P  4.4P  527T  90% /mnt/hadoop
/dev/sdc1             1.8T  1.7T  118G  94% /export/00b
/dev/sdd1             1.8T  1.7T  127G  94% /export/00c
/dev/sde1             1.8T  1.7T  120G  94% /export/00d
/dev/sdb1             1.8T  1.7T  131G  93% /export/00e
/dev/sdf1             1.8T  1.7T  130G  93% /export/00f
cvmfs2                 98G   76G   23G  78% /cvmfs/cms.cern.ch
t2srv0004:/export/db  135G  187M  135G   1% /net/t2srv0004/db
cvmfs2                 98G   76G   23G  78% /cvmfs/cvmfs.cmsaf.mit.edu
cvmfs2                 98G   76G   23G  78% /cvmfs/oasis.opensciencegrid.org
cvmfs2                 98G   76G   23G  78% /cvmfs/grid.cern.ch
cvmfs2                 98G   76G   23G  78% /cvmfs/fermilab.opensciencegrid.org
gcc (GCC) 4.4.7 20120313 (Red Hat 4.4.7-3)
Copyright (C) 2010 Free Software Foundation, Inc.
This is free software; see the source for copying conditions.  There is NO
warranty; not even for MERCHANTABILITY or FITNESS FOR A PARTICULAR PURPOSE.

Processing...
0/85815
10000/85815
20000/85815
30000/85815
40000/85815
50000/85815
60000/85815
70000/85815
80000/85815
Macro finished: 
CPU time (min)  = 1.024
Real time (min) = 5.3061
Done!
Copied output files to hadoop rootfiles/JetRAA/June22
