
----------------------------------------------------
Job started on Tue Jun 23 16:48:39 EDT 2015 at WN: hibat0095.cmsaf.mit.edu 
Job is running on Linux hibat0095.cmsaf.mit.edu 2.6.32-358.el6.x86_64 #1 SMP Fri Feb 22 20:37:17 CST 2013 x86_64 x86_64 x86_64 GNU/Linux
Filesystem            Size  Used Avail Use% Mounted on
/dev/sda3              20G  3.7G   15G  20% /
tmpfs                  24G     0   24G   0% /dev/shm
/dev/sda1              97M   32M   61M  35% /boot
/dev/sda4             873G   75G  799G   9% /export/data1
/dev/sdb1             2.7T  2.7T   76G  98% /export/00b
/dev/sdc1             2.7T  2.7T   82G  98% /export/00c
/dev/sdd1             2.7T  2.7T   73G  98% /export/00d
/dev/sde1             2.7T  2.7T   71G  98% /export/00e
/dev/sdf1             2.7T  2.7T   68G  98% /export/00f
/dev/sdg1             3.6T  3.1T  594G  84% /export/00g
/dev/sdh1             3.6T  3.0T  607G  84% /export/00h
fuse_dfs              4.9P  4.4P  516T  90% /mnt/hadoop
t2srv0004:/export/db  135G  187M  135G   1% /net/t2srv0004/db
cvmfs2                 98G   74G   25G  75% /cvmfs/mu2e.opensciencegrid.org
cvmfs2                 98G   74G   25G  75% /cvmfs/oasis.opensciencegrid.org
cvmfs2                 98G   74G   25G  75% /cvmfs/cms.cern.ch
gcc (GCC) 4.4.7 20120313 (Red Hat 4.4.7-3)
Copyright (C) 2010 Free Software Foundation, Inc.
This is free software; see the source for copying conditions.  There is NO
warranty; not even for MERCHANTABILITY or FITNESS FOR A PARTICULAR PURPOSE.

Processing...
0/189825
10000/189825
20000/189825
30000/189825
40000/189825
50000/189825
60000/189825
70000/189825
80000/189825
90000/189825
100000/189825
110000/189825
120000/189825
130000/189825
140000/189825
150000/189825
160000/189825
170000/189825
180000/189825
Macro finished: 
CPU time (min)  = 2.39867
Real time (min) = 3.60476
Done!
Copied output files to hadoop rootfiles/JetRAA/June22
