
----------------------------------------------------
Job started on Tue Jun 23 16:48:43 EDT 2015 at WN: t2bat0171.cmsaf.mit.edu 
Job is running on Linux t2bat0171.cmsaf.mit.edu 2.6.32-358.el6.x86_64 #1 SMP Fri Feb 22 20:37:17 CST 2013 x86_64 x86_64 x86_64 GNU/Linux
Filesystem            Size  Used Avail Use% Mounted on
/dev/sda3              20G  3.0G   16G  16% /
tmpfs                  12G     0   12G   0% /dev/shm
/dev/sda1              97M   32M   61M  35% /boot
/dev/sda4             874G   89G  786G  11% /export/data1
/dev/sdb1             1.8T  1.6T  201G  90% /export/00b
/dev/sdc1             1.8T  1.6T  199G  90% /export/00c
/dev/sdd1             1.8T  1.6T  206G  89% /export/00d
/dev/sde1             1.8T  1.6T  203G  89% /export/00e
/dev/sdf1             1.8T  1.7T  186G  90% /export/00f
fuse_dfs              4.9P  4.4P  516T  90% /mnt/hadoop
t2srv0004:/export/db  135G  187M  135G   1% /net/t2srv0004/db
cvmfs2                 98G   88G   11G  90% /cvmfs/cms.cern.ch
cvmfs2                 98G   88G   11G  90% /cvmfs/oasis.opensciencegrid.org
cvmfs2                 98G   88G   11G  90% /cvmfs/mu2e.opensciencegrid.org
cvmfs2                 98G   88G   11G  90% /cvmfs/cdfcfs.fnal.gov
cvmfs2                 98G   88G   11G  90% /cvmfs/cvmfs.cmsaf.mit.edu
gcc (GCC) 4.4.7 20120313 (Red Hat 4.4.7-3)
Copyright (C) 2010 Free Software Foundation, Inc.
This is free software; see the source for copying conditions.  There is NO
warranty; not even for MERCHANTABILITY or FITNESS FOR A PARTICULAR PURPOSE.

Processing...
0/155750
10000/155750
20000/155750
30000/155750
40000/155750
50000/155750
60000/155750
70000/155750
80000/155750
90000/155750
100000/155750
110000/155750
120000/155750
130000/155750
140000/155750
150000/155750
Macro finished: 
CPU time (min)  = 1.354
Real time (min) = 2.61522
Done!
Copied output files to hadoop rootfiles/JetRAA/June22
