
----------------------------------------------------
Job started on Mon Jun 29 21:59:42 EDT 2015 at WN: t2bat0004.cmsaf.mit.edu 
Job is running on Linux t2bat0004.cmsaf.mit.edu 2.6.32-358.el6.x86_64 #1 SMP Fri Feb 22 20:37:17 CST 2013 x86_64 x86_64 x86_64 GNU/Linux
Filesystem            Size  Used Avail Use% Mounted on
/dev/sda3              20G  3.2G   16G  17% /
tmpfs                  12G     0   12G   0% /dev/shm
/dev/sda1              97M   32M   61M  35% /boot
/dev/sda4             645G   88G  558G  14% /export/data1
/dev/sdb1             1.8T  1.6T  203G  89% /export/00b
/dev/sdc1             1.8T  1.6T  214G  89% /export/00c
/dev/sdd1             1.8T  1.7T  196G  90% /export/00d
/dev/sde1             1.8T  1.6T  204G  89% /export/00e
fuse_dfs              4.9P  4.4P  527T  90% /mnt/hadoop
/dev/sdf1             1.8T  1.6T  215G  89% /export/00f
cvmfs2                 98G   84G   14G  86% /cvmfs/cms.cern.ch
t2srv0004:/export/db  135G  187M  135G   1% /net/t2srv0004/db
cvmfs2                 98G   84G   14G  86% /cvmfs/cvmfs.cmsaf.mit.edu
cvmfs2                 98G   84G   14G  86% /cvmfs/oasis.opensciencegrid.org
cvmfs2                 98G   84G   14G  86% /cvmfs/cdfcfs.fnal.gov
cvmfs2                 98G   84G   14G  86% /cvmfs/grid.cern.ch
cvmfs2                 98G   84G   14G  86% /cvmfs/fermilab.opensciencegrid.org
gcc (GCC) 4.4.7 20120313 (Red Hat 4.4.7-3)
Copyright (C) 2010 Free Software Foundation, Inc.
This is free software; see the source for copying conditions.  There is NO
warranty; not even for MERCHANTABILITY or FITNESS FOR A PARTICULAR PURPOSE.

Processing...
0/80358
10000/80358
20000/80358
30000/80358
40000/80358
50000/80358
60000/80358
70000/80358
80000/80358
Macro finished: 
CPU time (min)  = 0.8855
Real time (min) = 1.40534
Done!
Copied output files to hadoop rootfiles/JetRAA/June22
