000 (426628.000.000) 06/22 20:54:15 Job submitted from host: <18.12.1.74:48322>
...
001 (426628.000.000) 06/22 20:54:31 Job executing on host: <18.12.9.51:49855>
...
006 (426628.000.000) 06/22 20:54:39 Image size of job updated: 1
	3  -  MemoryUsage of job (MB)
	2368  -  ResidentSetSize of job (KB)
...
006 (426628.000.000) 06/22 20:56:56 Image size of job updated: 246596
	3  -  MemoryUsage of job (MB)
	2368  -  ResidentSetSize of job (KB)
...
005 (426628.000.000) 06/22 20:56:56 Job terminated.
	(1) Normal termination (return value 0)
		Usr 0 00:01:01, Sys 0 00:00:02  -  Run Remote Usage
		Usr 0 00:00:00, Sys 0 00:00:00  -  Run Local Usage
		Usr 0 00:01:01, Sys 0 00:00:02  -  Total Remote Usage
		Usr 0 00:00:00, Sys 0 00:00:00  -  Total Local Usage
	494872  -  Run Bytes Sent By Job
	41910  -  Run Bytes Received By Job
	494872  -  Total Bytes Sent By Job
	41910  -  Total Bytes Received By Job
	Partitionable Resources :    Usage  Request          
	   Cpus                 :                 1          
	   Disk (KB)            :      550      550          
	   Memory (MB)          :        3        3          
...
000 (428041.000.000) 06/23 16:48:23 Job submitted from host: <18.12.1.74:48322>
...
001 (428041.000.000) 06/23 16:48:34 Job executing on host: <18.12.9.61:47593>
...
006 (428041.000.000) 06/23 16:48:43 Image size of job updated: 13384
	2  -  MemoryUsage of job (MB)
	1984  -  ResidentSetSize of job (KB)
...
006 (428041.000.000) 06/23 16:50:54 Image size of job updated: 245612
	2  -  MemoryUsage of job (MB)
	1984  -  ResidentSetSize of job (KB)
...
005 (428041.000.000) 06/23 16:50:54 Job terminated.
	(1) Normal termination (return value 0)
		Usr 0 00:00:57, Sys 0 00:00:01  -  Run Remote Usage
		Usr 0 00:00:00, Sys 0 00:00:00  -  Run Local Usage
		Usr 0 00:00:57, Sys 0 00:00:01  -  Total Remote Usage
		Usr 0 00:00:00, Sys 0 00:00:00  -  Total Local Usage
	511634  -  Run Bytes Sent By Job
	47429  -  Run Bytes Received By Job
	511634  -  Total Bytes Sent By Job
	47429  -  Total Bytes Received By Job
	Partitionable Resources :    Usage  Request          
	   Cpus                 :                 1          
	   Disk (KB)            :      571      571          
	   Memory (MB)          :        2        2          
...
