
----------------------------------------------------
Job started on Mon Jun 22 20:52:10 EDT 2015 at WN: t2bat0301.cmsaf.mit.edu 
Job is running on Linux t2bat0301.cmsaf.mit.edu 2.6.32-358.el6.x86_64 #1 SMP Fri Feb 22 20:37:17 CST 2013 x86_64 x86_64 x86_64 GNU/Linux
Filesystem            Size  Used Avail Use% Mounted on
tmpfs                  32G     0   32G   0% /dev/shm
/dev/sda1              97M   32M   61M  35% /boot
/dev/sda4             416G   56G  360G  14% /export/data1
/dev/sda1              97M   32M   61M  35% /boot
/dev/sda4             416G   56G  360G  14% /export/data1
fuse_dfs              4.9P  4.4P  522T  90% /mnt/hadoop
/dev/sdb1             3.6T  3.1T  511G  87% /export/00b
/dev/sdc1             3.6T  3.1T  535G  86% /export/00c
/dev/sdd1             3.6T  3.1T  524G  86% /export/00d
/dev/sde1             3.6T  3.1T  546G  86% /export/00e
/dev/sdf1             3.6T  3.2T  494G  87% /export/00f
/dev/sdg1             3.6T  3.1T  528G  86% /export/00g
/dev/sdh1             3.6T  3.1T  519G  86% /export/00h
/dev/sdi1             3.6T  3.1T  559G  85% /export/00i
/dev/sdj1             3.6T  3.1T  539G  86% /export/00j
/dev/sdk1             3.6T  3.1T  538G  86% /export/00k
/dev/sdl1             3.6T  3.1T  555G  85% /export/00l
cvmfs2                 98G   52G   46G  53% /cvmfs/cms.cern.ch
t2srv0004:/export/db  135G  187M  135G   1% /net/t2srv0004/db
gcc (GCC) 4.4.7 20120313 (Red Hat 4.4.7-3)
Copyright (C) 2010 Free Software Foundation, Inc.
This is free software; see the source for copying conditions.  There is NO
warranty; not even for MERCHANTABILITY or FITNESS FOR A PARTICULAR PURPOSE.

Processing...
0/125125
10000/125125
20000/125125
30000/125125
40000/125125
50000/125125
60000/125125
70000/125125
80000/125125
90000/125125
100000/125125
110000/125125
120000/125125
Macro finished: 
CPU time (min)  = 1.04717
Real time (min) = 1.442
Done!
Copied output files to hadoop rootfiles/JetRAA/June22
