000 (426791.000.000) 06/22 20:55:21 Job submitted from host: <18.12.1.74:48322>
...
001 (426791.000.000) 06/22 20:55:29 Job executing on host: <18.12.8.191:47519>
...
006 (426791.000.000) 06/22 20:55:37 Image size of job updated: 1
	3  -  MemoryUsage of job (MB)
	2356  -  ResidentSetSize of job (KB)
...
006 (426791.000.000) 06/22 20:59:53 Image size of job updated: 243404
	3  -  MemoryUsage of job (MB)
	2356  -  ResidentSetSize of job (KB)
...
005 (426791.000.000) 06/22 20:59:53 Job terminated.
	(1) Normal termination (return value 0)
		Usr 0 00:03:06, Sys 0 00:00:03  -  Run Remote Usage
		Usr 0 00:00:00, Sys 0 00:00:00  -  Run Local Usage
		Usr 0 00:03:06, Sys 0 00:00:03  -  Total Remote Usage
		Usr 0 00:00:00, Sys 0 00:00:00  -  Total Local Usage
	495117  -  Run Bytes Sent By Job
	41910  -  Run Bytes Received By Job
	495117  -  Total Bytes Sent By Job
	41910  -  Total Bytes Received By Job
	Partitionable Resources :    Usage  Request          
	   Cpus                 :                 1          
	   Disk (KB)            :      550      550          
	   Memory (MB)          :        3        3          
...
000 (492139.000.000) 06/29 09:51:48 Job submitted from host: <18.12.1.74:48322>
...
001 (492139.000.000) 06/29 09:53:12 Job executing on host: <18.12.8.184:47592>
...
006 (492139.000.000) 06/29 09:53:21 Image size of job updated: 147868
	33  -  MemoryUsage of job (MB)
	33128  -  ResidentSetSize of job (KB)
...
006 (492139.000.000) 06/29 09:55:24 Image size of job updated: 243116
	33  -  MemoryUsage of job (MB)
	33128  -  ResidentSetSize of job (KB)
...
005 (492139.000.000) 06/29 09:55:24 Job terminated.
	(1) Normal termination (return value 0)
		Usr 0 00:01:20, Sys 0 00:00:01  -  Run Remote Usage
		Usr 0 00:00:00, Sys 0 00:00:00  -  Run Local Usage
		Usr 0 00:01:20, Sys 0 00:00:01  -  Total Remote Usage
		Usr 0 00:00:00, Sys 0 00:00:00  -  Total Local Usage
	508724  -  Run Bytes Sent By Job
	46550  -  Run Bytes Received By Job
	508724  -  Total Bytes Sent By Job
	46550  -  Total Bytes Received By Job
	Partitionable Resources :    Usage  Request          
	   Cpus                 :                 1          
	   Disk (KB)            :      568      568          
	   Memory (MB)          :       33       33          
...
000 (493046.000.000) 06/29 10:16:52 Job submitted from host: <18.12.1.74:48322>
...
001 (493046.000.000) 06/29 10:17:15 Job executing on host: <18.12.9.15:45402>
...
006 (493046.000.000) 06/29 10:17:24 Image size of job updated: 184248
	51  -  MemoryUsage of job (MB)
	51204  -  ResidentSetSize of job (KB)
...
006 (493046.000.000) 06/29 10:19:45 Image size of job updated: 243096
	51  -  MemoryUsage of job (MB)
	51204  -  ResidentSetSize of job (KB)
...
005 (493046.000.000) 06/29 10:19:45 Job terminated.
	(1) Normal termination (return value 0)
		Usr 0 00:01:14, Sys 0 00:00:02  -  Run Remote Usage
		Usr 0 00:00:00, Sys 0 00:00:00  -  Run Local Usage
		Usr 0 00:01:14, Sys 0 00:00:02  -  Total Remote Usage
		Usr 0 00:00:00, Sys 0 00:00:00  -  Total Local Usage
	508948  -  Run Bytes Sent By Job
	46566  -  Run Bytes Received By Job
	508948  -  Total Bytes Sent By Job
	46566  -  Total Bytes Received By Job
	Partitionable Resources :    Usage  Request          
	   Cpus                 :                 1          
	   Disk (KB)            :      568      568          
	   Memory (MB)          :       51       51          
...
000 (495041.000.000) 06/29 21:56:41 Job submitted from host: <18.12.1.74:48322>
...
001 (495041.000.000) 06/29 21:56:54 Job executing on host: <18.12.8.43:43504>
...
006 (495041.000.000) 06/29 21:57:03 Image size of job updated: 149448
	37  -  MemoryUsage of job (MB)
	37716  -  ResidentSetSize of job (KB)
...
006 (495041.000.000) 06/29 22:01:01 Image size of job updated: 243776
	37  -  MemoryUsage of job (MB)
	37716  -  ResidentSetSize of job (KB)
...
005 (495041.000.000) 06/29 22:01:02 Job terminated.
	(1) Normal termination (return value 0)
		Usr 0 00:02:40, Sys 0 00:00:09  -  Run Remote Usage
		Usr 0 00:00:00, Sys 0 00:00:00  -  Run Local Usage
		Usr 0 00:02:40, Sys 0 00:00:09  -  Total Remote Usage
		Usr 0 00:00:00, Sys 0 00:00:00  -  Total Local Usage
	508952  -  Run Bytes Sent By Job
	46564  -  Run Bytes Received By Job
	508952  -  Total Bytes Sent By Job
	46564  -  Total Bytes Received By Job
	Partitionable Resources :    Usage  Request          
	   Cpus                 :                 1          
	   Disk (KB)            :      568      568          
	   Memory (MB)          :       37       37          
...
