
----------------------------------------------------
Job started on Mon Jun 29 21:56:50 EDT 2015 at WN: t2bat0234.cmsaf.mit.edu 
Job is running on Linux t2bat0234.cmsaf.mit.edu 2.6.32-358.el6.x86_64 #1 SMP Fri Feb 22 20:37:17 CST 2013 x86_64 x86_64 x86_64 GNU/Linux
Filesystem            Size  Used Avail Use% Mounted on
/dev/sda3              20G  3.2G   16G  18% /
tmpfs                  12G     0   12G   0% /dev/shm
/dev/sda1              97M   32M   61M  35% /boot
/dev/sda4             874G   66G  809G   8% /export/data1
/dev/sdb1             1.8T  1.6T  203G  89% /export/00b
/dev/sdc1             1.8T  1.6T  202G  89% /export/00c
/dev/sdd1             1.8T  1.6T  205G  89% /export/00d
/dev/sde1             1.8T  1.6T  218G  89% /export/00e
/dev/sdf1             1.8T  1.7T  195G  90% /export/00f
fuse_dfs              4.9P  4.4P  527T  90% /mnt/hadoop
t2srv0004:/export/db  135G  187M  135G   1% /net/t2srv0004/db
cvmfs2                 98G   62G   37G  64% /cvmfs/cms.cern.ch
cvmfs2                 98G   62G   37G  64% /cvmfs/cvmfs.cmsaf.mit.edu
cvmfs2                 98G   62G   37G  64% /cvmfs/oasis.opensciencegrid.org
cvmfs2                 98G   62G   37G  64% /cvmfs/atlas.cern.ch
cvmfs2                 98G   62G   37G  64% /cvmfs/atlas-nightlies.cern.ch
cvmfs2                 98G   62G   37G  64% /cvmfs/atlas-condb.cern.ch
cvmfs2                 98G   62G   37G  64% /cvmfs/sft.cern.ch
cvmfs2                 98G   62G   37G  64% /cvmfs/cdfcfs.fnal.gov
gcc (GCC) 4.4.7 20120313 (Red Hat 4.4.7-3)
Copyright (C) 2010 Free Software Foundation, Inc.
This is free software; see the source for copying conditions.  There is NO
warranty; not even for MERCHANTABILITY or FITNESS FOR A PARTICULAR PURPOSE.

Processing...
0/94955
10000/94955
20000/94955
30000/94955
40000/94955
50000/94955
60000/94955
70000/94955
80000/94955
90000/94955
Macro finished: 
CPU time (min)  = 1.05383
Real time (min) = 1.82225
Done!
Copied output files to hadoop rootfiles/JetRAA/June22
