
----------------------------------------------------
Job started on Mon Jun 29 21:59:44 EDT 2015 at WN: t2bat0131.cmsaf.mit.edu 
Job is running on Linux t2bat0131.cmsaf.mit.edu 2.6.32-358.el6.x86_64 #1 SMP Fri Feb 22 20:37:17 CST 2013 x86_64 x86_64 x86_64 GNU/Linux
Filesystem            Size  Used Avail Use% Mounted on
/dev/sda3              20G  3.2G   16G  17% /
tmpfs                 7.8G     0  7.8G   0% /dev/shm
/dev/sda1              97M   33M   60M  36% /boot
/dev/sda4             415G   66G  349G  16% /export/data1
/dev/sdb1             1.8T  1.6T  208G  89% /export/00b
/dev/sdc1             1.8T  1.6T  216G  89% /export/00c
/dev/sdd1             1.8T  1.6T  200G  90% /export/00d
/dev/sde1             1.8T  1.6T  205G  89% /export/00e
/dev/sdf1             1.8T  1.6T  208G  89% /export/00f
fuse_dfs              4.9P  4.4P  527T  90% /mnt/hadoop
cvmfs2                 98G   65G   34G  66% /cvmfs/cms.cern.ch
cvmfs2                 98G   65G   34G  66% /cvmfs/cvmfs.cmsaf.mit.edu
t2srv0004:/export/db  135G  187M  135G   1% /net/t2srv0004/db
cvmfs2                 98G   65G   34G  66% /cvmfs/oasis.opensciencegrid.org
cvmfs2                 98G   65G   34G  66% /cvmfs/grid.cern.ch
cvmfs2                 98G   65G   34G  66% /cvmfs/fermilab.opensciencegrid.org
gcc (GCC) 4.4.7 20120313 (Red Hat 4.4.7-3)
Copyright (C) 2010 Free Software Foundation, Inc.
This is free software; see the source for copying conditions.  There is NO
warranty; not even for MERCHANTABILITY or FITNESS FOR A PARTICULAR PURPOSE.

Processing...
0/180066
10000/180066
20000/180066
30000/180066
40000/180066
50000/180066
60000/180066
70000/180066
80000/180066
90000/180066
100000/180066
110000/180066
120000/180066
130000/180066
140000/180066
150000/180066
160000/180066
170000/180066
180000/180066
Macro finished: 
CPU time (min)  = 1.38733
Real time (min) = 1.90791
Done!
Copied output files to hadoop rootfiles/JetRAA/June22
