000 (426434.000.000) 06/22 20:50:05 Job submitted from host: <18.12.1.74:48322>
...
001 (426434.000.000) 06/22 20:50:55 Job executing on host: <18.12.8.14:46132>
...
006 (426434.000.000) 06/22 20:51:02 Image size of job updated: 147564
	0  -  MemoryUsage of job (MB)
	0  -  ResidentSetSize of job (KB)
...
004 (426434.000.000) 06/22 20:51:02 Job was evicted.
	(0) Job was not checkpointed.
		Usr 0 00:00:00, Sys 0 00:00:00  -  Run Remote Usage
		Usr 0 00:00:00, Sys 0 00:00:00  -  Run Local Usage
	0  -  Run Bytes Sent By Job
	41910  -  Run Bytes Received By Job
	Partitionable Resources :    Usage  Request          
	   Cpus                 :                 1          
	   Disk (KB)            :      550      550          
	   Memory (MB)          :        0        0          
...
009 (426434.000.000) 06/22 20:51:10 Job was aborted by the user.
	via condor_rm (by user rkunnawa)
...
000 (426572.000.000) 06/22 20:51:42 Job submitted from host: <18.12.1.74:48322>
...
001 (426572.000.000) 06/22 20:52:11 Job executing on host: <18.12.9.24:46205>
...
006 (426572.000.000) 06/22 20:52:20 Image size of job updated: 1
	3  -  MemoryUsage of job (MB)
	2352  -  ResidentSetSize of job (KB)
...
006 (426572.000.000) 06/22 20:56:14 Image size of job updated: 250168
	3  -  MemoryUsage of job (MB)
	2352  -  ResidentSetSize of job (KB)
...
005 (426572.000.000) 06/22 20:56:14 Job terminated.
	(1) Normal termination (return value 0)
		Usr 0 00:02:30, Sys 0 00:00:03  -  Run Remote Usage
		Usr 0 00:00:00, Sys 0 00:00:00  -  Run Local Usage
		Usr 0 00:02:30, Sys 0 00:00:03  -  Total Remote Usage
		Usr 0 00:00:00, Sys 0 00:00:00  -  Total Local Usage
	495290  -  Run Bytes Sent By Job
	41910  -  Run Bytes Received By Job
	495290  -  Total Bytes Sent By Job
	41910  -  Total Bytes Received By Job
	Partitionable Resources :    Usage  Request          
	   Cpus                 :                 1          
	   Disk (KB)            :      550      550          
	   Memory (MB)          :        3        3          
...
