000 (426374.000.000) 06/22 20:49:59 Job submitted from host: <18.12.1.74:48322>
...
001 (426374.000.000) 06/22 20:50:41 Job executing on host: <18.12.8.148:48760>
...
006 (426374.000.000) 06/22 20:50:50 Image size of job updated: 1
	3  -  MemoryUsage of job (MB)
	2352  -  ResidentSetSize of job (KB)
...
006 (426374.000.000) 06/22 20:51:02 Image size of job updated: 147016
	30  -  MemoryUsage of job (MB)
	29768  -  ResidentSetSize of job (KB)
...
004 (426374.000.000) 06/22 20:51:02 Job was evicted.
	(0) Job was not checkpointed.
		Usr 0 00:00:00, Sys 0 00:00:00  -  Run Remote Usage
		Usr 0 00:00:00, Sys 0 00:00:00  -  Run Local Usage
	0  -  Run Bytes Sent By Job
	41910  -  Run Bytes Received By Job
	Partitionable Resources :    Usage  Request          
	   Cpus                 :                 1          
	   Disk (KB)            :      550      550          
	   Memory (MB)          :       30       30          
...
009 (426374.000.000) 06/22 20:51:02 Job was aborted by the user.
	via condor_rm (by user rkunnawa)
...
000 (426542.000.000) 06/22 20:51:39 Job submitted from host: <18.12.1.74:48322>
...
001 (426542.000.000) 06/22 20:52:11 Job executing on host: <18.12.9.58:42482>
...
006 (426542.000.000) 06/22 20:52:20 Image size of job updated: 68788
	13  -  MemoryUsage of job (MB)
	12988  -  ResidentSetSize of job (KB)
...
006 (426542.000.000) 06/22 20:57:21 Image size of job updated: 246028
	99  -  MemoryUsage of job (MB)
	100484  -  ResidentSetSize of job (KB)
...
006 (426542.000.000) 06/22 21:02:21 Image size of job updated: 247052
	122  -  MemoryUsage of job (MB)
	124160  -  ResidentSetSize of job (KB)
...
005 (426542.000.000) 06/22 21:04:04 Job terminated.
	(1) Normal termination (return value 0)
		Usr 0 00:01:10, Sys 0 00:00:02  -  Run Remote Usage
		Usr 0 00:00:00, Sys 0 00:00:00  -  Run Local Usage
		Usr 0 00:01:10, Sys 0 00:00:02  -  Total Remote Usage
		Usr 0 00:00:00, Sys 0 00:00:00  -  Total Local Usage
	495038  -  Run Bytes Sent By Job
	41910  -  Run Bytes Received By Job
	495038  -  Total Bytes Sent By Job
	41910  -  Total Bytes Received By Job
	Partitionable Resources :    Usage  Request          
	   Cpus                 :                 1          
	   Disk (KB)            :      550      550          
	   Memory (MB)          :      122      122          
...
