000 (426719.000.000) 06/22 20:55:13 Job submitted from host: <18.12.1.74:48322>
...
001 (426719.000.000) 06/22 20:55:24 Job executing on host: <18.12.9.67:49271>
...
006 (426719.000.000) 06/22 20:55:32 Image size of job updated: 241452
	44  -  MemoryUsage of job (MB)
	44608  -  ResidentSetSize of job (KB)
...
006 (426719.000.000) 06/22 20:57:58 Image size of job updated: 242960
	44  -  MemoryUsage of job (MB)
	44608  -  ResidentSetSize of job (KB)
...
005 (426719.000.000) 06/22 20:57:58 Job terminated.
	(1) Normal termination (return value 0)
		Usr 0 00:01:01, Sys 0 00:00:01  -  Run Remote Usage
		Usr 0 00:00:00, Sys 0 00:00:00  -  Run Local Usage
		Usr 0 00:01:01, Sys 0 00:00:01  -  Total Remote Usage
		Usr 0 00:00:00, Sys 0 00:00:00  -  Total Local Usage
	495162  -  Run Bytes Sent By Job
	41910  -  Run Bytes Received By Job
	495162  -  Total Bytes Sent By Job
	41910  -  Total Bytes Received By Job
	Partitionable Resources :    Usage  Request          
	   Cpus                 :                 1          
	   Disk (KB)            :      550      550          
	   Memory (MB)          :       44       44          
...
