000 (426759.000.000) 06/22 20:55:18 Job submitted from host: <18.12.1.74:48322>
...
001 (426759.000.000) 06/22 20:55:25 Job executing on host: <18.12.8.115:48030>
...
006 (426759.000.000) 06/22 20:55:34 Image size of job updated: 241668
	90  -  MemoryUsage of job (MB)
	91800  -  ResidentSetSize of job (KB)
...
006 (426759.000.000) 06/22 20:57:35 Image size of job updated: 242668
	90  -  MemoryUsage of job (MB)
	91800  -  ResidentSetSize of job (KB)
...
005 (426759.000.000) 06/22 20:57:35 Job terminated.
	(1) Normal termination (return value 0)
		Usr 0 00:01:21, Sys 0 00:00:04  -  Run Remote Usage
		Usr 0 00:00:00, Sys 0 00:00:00  -  Run Local Usage
		Usr 0 00:01:21, Sys 0 00:00:04  -  Total Remote Usage
		Usr 0 00:00:00, Sys 0 00:00:00  -  Total Local Usage
	495040  -  Run Bytes Sent By Job
	41910  -  Run Bytes Received By Job
	495040  -  Total Bytes Sent By Job
	41910  -  Total Bytes Received By Job
	Partitionable Resources :    Usage  Request          
	   Cpus                 :                 1          
	   Disk (KB)            :      550      550          
	   Memory (MB)          :       90       90          
...
000 (492075.000.000) 06/29 09:51:41 Job submitted from host: <18.12.1.74:48322>
...
001 (492075.000.000) 06/29 09:52:10 Job executing on host: <18.12.6.7:49928>
...
006 (492075.000.000) 06/29 09:52:18 Image size of job updated: 1
	3  -  MemoryUsage of job (MB)
	2356  -  ResidentSetSize of job (KB)
...
006 (492075.000.000) 06/29 09:53:13 Image size of job updated: 242756
	3  -  MemoryUsage of job (MB)
	2356  -  ResidentSetSize of job (KB)
...
005 (492075.000.000) 06/29 09:53:13 Job terminated.
	(1) Normal termination (return value 0)
		Usr 0 00:00:42, Sys 0 00:00:00  -  Run Remote Usage
		Usr 0 00:00:00, Sys 0 00:00:00  -  Run Local Usage
		Usr 0 00:00:42, Sys 0 00:00:00  -  Total Remote Usage
		Usr 0 00:00:00, Sys 0 00:00:00  -  Total Local Usage
	508785  -  Run Bytes Sent By Job
	46550  -  Run Bytes Received By Job
	508785  -  Total Bytes Sent By Job
	46550  -  Total Bytes Received By Job
	Partitionable Resources :    Usage  Request          
	   Cpus                 :                 1          
	   Disk (KB)            :      568      568          
	   Memory (MB)          :        3        3          
...
000 (492982.000.000) 06/29 10:16:44 Job submitted from host: <18.12.1.74:48322>
...
001 (492982.000.000) 06/29 10:16:51 Job executing on host: <18.12.8.160:41168>
...
006 (492982.000.000) 06/29 10:16:59 Image size of job updated: 1
	3  -  MemoryUsage of job (MB)
	2372  -  ResidentSetSize of job (KB)
...
006 (492982.000.000) 06/29 10:18:39 Image size of job updated: 242840
	3  -  MemoryUsage of job (MB)
	2372  -  ResidentSetSize of job (KB)
...
005 (492982.000.000) 06/29 10:18:39 Job terminated.
	(1) Normal termination (return value 0)
		Usr 0 00:01:16, Sys 0 00:00:01  -  Run Remote Usage
		Usr 0 00:00:00, Sys 0 00:00:00  -  Run Local Usage
		Usr 0 00:01:16, Sys 0 00:00:01  -  Total Remote Usage
		Usr 0 00:00:00, Sys 0 00:00:00  -  Total Local Usage
	508874  -  Run Bytes Sent By Job
	46566  -  Run Bytes Received By Job
	508874  -  Total Bytes Sent By Job
	46566  -  Total Bytes Received By Job
	Partitionable Resources :    Usage  Request          
	   Cpus                 :                 1          
	   Disk (KB)            :      568      568          
	   Memory (MB)          :        3        3          
...
000 (494977.000.000) 06/29 21:56:34 Job submitted from host: <18.12.1.74:48322>
...
001 (494977.000.000) 06/29 21:56:51 Job executing on host: <18.12.8.30:43139>
...
006 (494977.000.000) 06/29 21:57:00 Image size of job updated: 242300
	58  -  MemoryUsage of job (MB)
	59124  -  ResidentSetSize of job (KB)
...
006 (494977.000.000) 06/29 21:58:36 Image size of job updated: 243316
	58  -  MemoryUsage of job (MB)
	59124  -  ResidentSetSize of job (KB)
...
005 (494977.000.000) 06/29 21:58:37 Job terminated.
	(1) Normal termination (return value 0)
		Usr 0 00:01:03, Sys 0 00:00:03  -  Run Remote Usage
		Usr 0 00:00:00, Sys 0 00:00:00  -  Run Local Usage
		Usr 0 00:01:03, Sys 0 00:00:03  -  Total Remote Usage
		Usr 0 00:00:00, Sys 0 00:00:00  -  Total Local Usage
	508730  -  Run Bytes Sent By Job
	46564  -  Run Bytes Received By Job
	508730  -  Total Bytes Sent By Job
	46564  -  Total Bytes Received By Job
	Partitionable Resources :    Usage  Request          
	   Cpus                 :                 1          
	   Disk (KB)            :      568      568          
	   Memory (MB)          :       58       58          
...
