000 (426621.000.000) 06/22 20:54:14 Job submitted from host: <18.12.1.74:48322>
...
001 (426621.000.000) 06/22 20:54:21 Job executing on host: <18.12.8.11:44088>
...
006 (426621.000.000) 06/22 20:54:29 Image size of job updated: 189624
	66  -  MemoryUsage of job (MB)
	67124  -  ResidentSetSize of job (KB)
...
006 (426621.000.000) 06/22 20:54:44 Image size of job updated: 244136
	66  -  MemoryUsage of job (MB)
	67124  -  ResidentSetSize of job (KB)
...
005 (426621.000.000) 06/22 20:54:44 Job terminated.
	(1) Normal termination (return value 0)
		Usr 0 00:00:12, Sys 0 00:00:00  -  Run Remote Usage
		Usr 0 00:00:00, Sys 0 00:00:00  -  Run Local Usage
		Usr 0 00:00:12, Sys 0 00:00:00  -  Total Remote Usage
		Usr 0 00:00:00, Sys 0 00:00:00  -  Total Local Usage
	494743  -  Run Bytes Sent By Job
	41910  -  Run Bytes Received By Job
	494743  -  Total Bytes Sent By Job
	41910  -  Total Bytes Received By Job
	Partitionable Resources :    Usage  Request          
	   Cpus                 :                 1          
	   Disk (KB)            :      550      550          
	   Memory (MB)          :       66       66          
...
000 (428034.000.000) 06/23 16:48:22 Job submitted from host: <18.12.1.74:48322>
...
001 (428034.000.000) 06/23 16:48:35 Job executing on host: <18.12.9.63:45475>
...
006 (428034.000.000) 06/23 16:48:43 Image size of job updated: 1
	3  -  MemoryUsage of job (MB)
	2360  -  ResidentSetSize of job (KB)
...
006 (428034.000.000) 06/23 16:49:36 Image size of job updated: 244208
	3  -  MemoryUsage of job (MB)
	2360  -  ResidentSetSize of job (KB)
...
005 (428034.000.000) 06/23 16:49:37 Job terminated.
	(1) Normal termination (return value 0)
		Usr 0 00:00:05, Sys 0 00:00:00  -  Run Remote Usage
		Usr 0 00:00:00, Sys 0 00:00:00  -  Run Local Usage
		Usr 0 00:00:05, Sys 0 00:00:00  -  Total Remote Usage
		Usr 0 00:00:00, Sys 0 00:00:00  -  Total Local Usage
	511494  -  Run Bytes Sent By Job
	47429  -  Run Bytes Received By Job
	511494  -  Total Bytes Sent By Job
	47429  -  Total Bytes Received By Job
	Partitionable Resources :    Usage  Request          
	   Cpus                 :                 1          
	   Disk (KB)            :      571      571          
	   Memory (MB)          :        3        3          
...
