
----------------------------------------------------
Job started on Mon Jun 22 20:55:26 EDT 2015 at WN: t2bat0205.cmsaf.mit.edu 
Job is running on Linux t2bat0205.cmsaf.mit.edu 2.6.32-358.el6.x86_64 #1 SMP Fri Feb 22 20:37:17 CST 2013 x86_64 x86_64 x86_64 GNU/Linux
Filesystem            Size  Used Avail Use% Mounted on
/dev/sda3              20G  2.5G   17G  13% /
tmpfs                  12G     0   12G   0% /dev/shm
/dev/sda1              97M   32M   61M  35% /boot
/dev/sda4             874G   97G  778G  12% /export/data1
/dev/sdb1             1.8T  1.6T  215G  89% /export/00b
/dev/sdc1             1.8T  1.7T  191G  90% /export/00c
/dev/sdd1             1.8T  1.6T  215G  89% /export/00d
/dev/sde1             1.8T  1.6T  204G  89% /export/00e
/dev/sdf1             1.8T  1.7T  193G  90% /export/00f
fuse_dfs              4.9P  4.4P  522T  90% /mnt/hadoop
t2srv0004:/export/db  135G  187M  135G   1% /net/t2srv0004/db
cvmfs2                 98G   95G  3.3G  97% /cvmfs/cms.cern.ch
cvmfs2                 98G   95G  3.3G  97% /cvmfs/mu2e.opensciencegrid.org
gcc (GCC) 4.4.7 20120313 (Red Hat 4.4.7-3)
Copyright (C) 2010 Free Software Foundation, Inc.
This is free software; see the source for copying conditions.  There is NO
warranty; not even for MERCHANTABILITY or FITNESS FOR A PARTICULAR PURPOSE.

Processing...
0/118155
10000/118155
20000/118155
30000/118155
40000/118155
50000/118155
60000/118155
70000/118155
80000/118155
90000/118155
100000/118155
110000/118155
Macro finished: 
CPU time (min)  = 1.2945
Real time (min) = 1.82682
Done!
Copied output files to hadoop rootfiles/JetRAA/June22
