000 (426746.000.000) 06/22 20:55:16 Job submitted from host: <18.12.1.74:48322>
...
001 (426746.000.000) 06/22 20:55:32 Job executing on host: <18.12.8.109:44599>
...
006 (426746.000.000) 06/22 20:55:40 Image size of job updated: 68524
	17  -  MemoryUsage of job (MB)
	16448  -  ResidentSetSize of job (KB)
...
006 (426746.000.000) 06/22 20:58:43 Image size of job updated: 243236
	17  -  MemoryUsage of job (MB)
	16448  -  ResidentSetSize of job (KB)
...
005 (426746.000.000) 06/22 20:58:43 Job terminated.
	(1) Normal termination (return value 0)
		Usr 0 00:02:00, Sys 0 00:00:04  -  Run Remote Usage
		Usr 0 00:00:00, Sys 0 00:00:00  -  Run Local Usage
		Usr 0 00:02:00, Sys 0 00:00:04  -  Total Remote Usage
		Usr 0 00:00:00, Sys 0 00:00:00  -  Total Local Usage
	495103  -  Run Bytes Sent By Job
	41910  -  Run Bytes Received By Job
	495103  -  Total Bytes Sent By Job
	41910  -  Total Bytes Received By Job
	Partitionable Resources :    Usage  Request          
	   Cpus                 :                 1          
	   Disk (KB)            :      550      550          
	   Memory (MB)          :       17       17          
...
000 (492049.000.000) 06/29 09:51:38 Job submitted from host: <18.12.1.74:48322>
...
001 (492049.000.000) 06/29 09:52:07 Job executing on host: <18.12.8.207:49125>
...
006 (492049.000.000) 06/29 09:52:16 Image size of job updated: 242112
	59  -  MemoryUsage of job (MB)
	60096  -  ResidentSetSize of job (KB)
...
006 (492049.000.000) 06/29 09:54:17 Image size of job updated: 245076
	59  -  MemoryUsage of job (MB)
	60096  -  ResidentSetSize of job (KB)
...
005 (492049.000.000) 06/29 09:54:17 Job terminated.
	(1) Normal termination (return value 0)
		Usr 0 00:01:28, Sys 0 00:00:01  -  Run Remote Usage
		Usr 0 00:00:00, Sys 0 00:00:00  -  Run Local Usage
		Usr 0 00:01:28, Sys 0 00:00:01  -  Total Remote Usage
		Usr 0 00:00:00, Sys 0 00:00:00  -  Total Local Usage
	508876  -  Run Bytes Sent By Job
	46550  -  Run Bytes Received By Job
	508876  -  Total Bytes Sent By Job
	46550  -  Total Bytes Received By Job
	Partitionable Resources :    Usage  Request          
	   Cpus                 :                 1          
	   Disk (KB)            :      568      568          
	   Memory (MB)          :       59       59          
...
000 (492956.000.000) 06/29 10:16:38 Job submitted from host: <18.12.1.74:48322>
...
001 (492956.000.000) 06/29 10:16:47 Job executing on host: <18.12.8.201:47008>
...
006 (492956.000.000) 06/29 10:16:55 Image size of job updated: 1
	3  -  MemoryUsage of job (MB)
	2356  -  ResidentSetSize of job (KB)
...
006 (492956.000.000) 06/29 10:19:15 Image size of job updated: 245084
	3  -  MemoryUsage of job (MB)
	2356  -  ResidentSetSize of job (KB)
...
005 (492956.000.000) 06/29 10:19:15 Job terminated.
	(1) Normal termination (return value 0)
		Usr 0 00:01:21, Sys 0 00:00:02  -  Run Remote Usage
		Usr 0 00:00:00, Sys 0 00:00:00  -  Run Local Usage
		Usr 0 00:01:21, Sys 0 00:00:02  -  Total Remote Usage
		Usr 0 00:00:00, Sys 0 00:00:00  -  Total Local Usage
	509106  -  Run Bytes Sent By Job
	46566  -  Run Bytes Received By Job
	509106  -  Total Bytes Sent By Job
	46566  -  Total Bytes Received By Job
	Partitionable Resources :    Usage  Request          
	   Cpus                 :                 1          
	   Disk (KB)            :      568      568          
	   Memory (MB)          :        3        3          
...
000 (494951.000.000) 06/29 21:56:31 Job submitted from host: <18.12.1.74:48322>
...
001 (494951.000.000) 06/29 21:56:47 Job executing on host: <18.12.9.45:42482>
...
006 (494951.000.000) 06/29 21:56:56 Image size of job updated: 152460
	38  -  MemoryUsage of job (MB)
	38256  -  ResidentSetSize of job (KB)
...
006 (494951.000.000) 06/29 21:59:12 Image size of job updated: 245672
	38  -  MemoryUsage of job (MB)
	38256  -  ResidentSetSize of job (KB)
...
005 (494951.000.000) 06/29 21:59:13 Job terminated.
	(1) Normal termination (return value 0)
		Usr 0 00:01:23, Sys 0 00:00:04  -  Run Remote Usage
		Usr 0 00:00:00, Sys 0 00:00:00  -  Run Local Usage
		Usr 0 00:01:23, Sys 0 00:00:04  -  Total Remote Usage
		Usr 0 00:00:00, Sys 0 00:00:00  -  Total Local Usage
	509644  -  Run Bytes Sent By Job
	46564  -  Run Bytes Received By Job
	509644  -  Total Bytes Sent By Job
	46564  -  Total Bytes Received By Job
	Partitionable Resources :    Usage  Request          
	   Cpus                 :                 1          
	   Disk (KB)            :      569      569          
	   Memory (MB)          :       38       38          
...
