000 (426358.000.000) 06/22 20:49:58 Job submitted from host: <18.12.1.74:48322>
...
001 (426358.000.000) 06/22 20:50:46 Job executing on host: <18.12.9.80:44526>
...
006 (426358.000.000) 06/22 20:50:55 Image size of job updated: 1
	3  -  MemoryUsage of job (MB)
	2356  -  ResidentSetSize of job (KB)
...
006 (426358.000.000) 06/22 20:51:02 Image size of job updated: 205332
	3  -  MemoryUsage of job (MB)
	2356  -  ResidentSetSize of job (KB)
...
004 (426358.000.000) 06/22 20:51:02 Job was evicted.
	(0) Job was not checkpointed.
		Usr 0 00:00:00, Sys 0 00:00:00  -  Run Remote Usage
		Usr 0 00:00:00, Sys 0 00:00:00  -  Run Local Usage
	0  -  Run Bytes Sent By Job
	41910  -  Run Bytes Received By Job
	Partitionable Resources :    Usage  Request          
	   Cpus                 :                 1          
	   Disk (KB)            :      550      550          
	   Memory (MB)          :        3        3          
...
009 (426358.000.000) 06/22 20:51:10 Job was aborted by the user.
	via condor_rm (by user rkunnawa)
...
000 (426534.000.000) 06/22 20:51:38 Job submitted from host: <18.12.1.74:48322>
...
001 (426534.000.000) 06/22 20:52:15 Job executing on host: <18.12.9.51:49855>
...
006 (426534.000.000) 06/22 20:52:23 Image size of job updated: 153116
	42  -  MemoryUsage of job (MB)
	42356  -  ResidentSetSize of job (KB)
...
006 (426534.000.000) 06/22 20:54:11 Image size of job updated: 246040
	42  -  MemoryUsage of job (MB)
	42356  -  ResidentSetSize of job (KB)
...
005 (426534.000.000) 06/22 20:54:11 Job terminated.
	(1) Normal termination (return value 0)
		Usr 0 00:01:09, Sys 0 00:00:02  -  Run Remote Usage
		Usr 0 00:00:00, Sys 0 00:00:00  -  Run Local Usage
		Usr 0 00:01:09, Sys 0 00:00:02  -  Total Remote Usage
		Usr 0 00:00:00, Sys 0 00:00:00  -  Total Local Usage
	494901  -  Run Bytes Sent By Job
	41910  -  Run Bytes Received By Job
	494901  -  Total Bytes Sent By Job
	41910  -  Total Bytes Received By Job
	Partitionable Resources :    Usage  Request          
	   Cpus                 :                 1          
	   Disk (KB)            :      550      550          
	   Memory (MB)          :       42       42          
...
