
----------------------------------------------------
Job started on Mon Jun 22 20:52:09 EDT 2015 at WN: t2bat0312.cmsaf.mit.edu 
Job is running on Linux t2bat0312.cmsaf.mit.edu 2.6.32-358.el6.x86_64 #1 SMP Fri Feb 22 20:37:17 CST 2013 x86_64 x86_64 x86_64 GNU/Linux
Filesystem            Size  Used Avail Use% Mounted on
/dev/sda3              20G  2.9G   16G  15% /
tmpfs                  32G     0   32G   0% /dev/shm
/dev/sda1              97M   32M   61M  35% /boot
/dev/sda4             416G   96G  320G  23% /export/data1
fuse_dfs              4.9P  4.4P  522T  90% /mnt/hadoop
/dev/sdb1             3.6T  3.2T  409G  89% /export/00b
/dev/sdc1             3.6T  3.2T  407G  89% /export/00c
/dev/sdd1             3.6T  3.2T  411G  89% /export/00d
/dev/sde1             3.6T  3.2T  404G  89% /export/00e
/dev/sdf1             3.6T  3.2T  405G  89% /export/00f
/dev/sdg1             3.6T  3.3T  389G  90% /export/00g
cvmfs2                 98G   92G  6.0G  94% /cvmfs/cms.cern.ch
t2srv0004:/export/db  135G  187M  135G   1% /net/t2srv0004/db
cvmfs2                 98G   92G  6.0G  94% /cvmfs/mu2e.opensciencegrid.org
gcc (GCC) 4.4.7 20120313 (Red Hat 4.4.7-3)
Copyright (C) 2010 Free Software Foundation, Inc.
This is free software; see the source for copying conditions.  There is NO
warranty; not even for MERCHANTABILITY or FITNESS FOR A PARTICULAR PURPOSE.

Processing...
0/150411
10000/150411
20000/150411
30000/150411
40000/150411
50000/150411
60000/150411
70000/150411
80000/150411
90000/150411
100000/150411
110000/150411
120000/150411
130000/150411
140000/150411
150000/150411
Macro finished: 
CPU time (min)  = 1.5225
Real time (min) = 2.25822
Done!
Copied output files to hadoop rootfiles/JetRAA/June22
