000 (426644.000.000) 06/22 20:54:16 Job submitted from host: <18.12.1.74:48322>
...
001 (426644.000.000) 06/22 20:54:41 Job executing on host: <18.12.9.56:40657>
...
006 (426644.000.000) 06/22 20:54:50 Image size of job updated: 1
	3  -  MemoryUsage of job (MB)
	2364  -  ResidentSetSize of job (KB)
...
006 (426644.000.000) 06/22 20:57:21 Image size of job updated: 243692
	3  -  MemoryUsage of job (MB)
	2364  -  ResidentSetSize of job (KB)
...
005 (426644.000.000) 06/22 20:57:22 Job terminated.
	(1) Normal termination (return value 0)
		Usr 0 00:01:00, Sys 0 00:00:02  -  Run Remote Usage
		Usr 0 00:00:00, Sys 0 00:00:00  -  Run Local Usage
		Usr 0 00:01:00, Sys 0 00:00:02  -  Total Remote Usage
		Usr 0 00:00:00, Sys 0 00:00:00  -  Total Local Usage
	494935  -  Run Bytes Sent By Job
	41910  -  Run Bytes Received By Job
	494935  -  Total Bytes Sent By Job
	41910  -  Total Bytes Received By Job
	Partitionable Resources :    Usage  Request          
	   Cpus                 :                 1          
	   Disk (KB)            :      550      550          
	   Memory (MB)          :        3        3          
...
000 (428057.000.000) 06/23 16:48:24 Job submitted from host: <18.12.1.74:48322>
...
001 (428057.000.000) 06/23 16:48:43 Job executing on host: <18.12.8.151:42628>
...
006 (428057.000.000) 06/23 16:48:52 Image size of job updated: 1
	3  -  MemoryUsage of job (MB)
	2368  -  ResidentSetSize of job (KB)
...
006 (428057.000.000) 06/23 16:51:15 Image size of job updated: 243740
	3  -  MemoryUsage of job (MB)
	2368  -  ResidentSetSize of job (KB)
...
005 (428057.000.000) 06/23 16:51:15 Job terminated.
	(1) Normal termination (return value 0)
		Usr 0 00:01:02, Sys 0 00:00:02  -  Run Remote Usage
		Usr 0 00:00:00, Sys 0 00:00:00  -  Run Local Usage
		Usr 0 00:01:02, Sys 0 00:00:02  -  Total Remote Usage
		Usr 0 00:00:00, Sys 0 00:00:00  -  Total Local Usage
	511426  -  Run Bytes Sent By Job
	47429  -  Run Bytes Received By Job
	511426  -  Total Bytes Sent By Job
	47429  -  Total Bytes Received By Job
	Partitionable Resources :    Usage  Request          
	   Cpus                 :                 1          
	   Disk (KB)            :      571      571          
	   Memory (MB)          :        3        3          
...
000 (429171.000.000) 06/24 21:27:51 Job submitted from host: <18.12.1.74:48322>
...
001 (429171.000.000) 06/24 21:28:18 Job executing on host: <18.12.9.38:48541>
...
006 (429171.000.000) 06/24 21:28:27 Image size of job updated: 1
	3  -  MemoryUsage of job (MB)
	2368  -  ResidentSetSize of job (KB)
...
006 (429171.000.000) 06/24 21:28:45 Image size of job updated: 243792
	3  -  MemoryUsage of job (MB)
	2368  -  ResidentSetSize of job (KB)
...
004 (429171.000.000) 06/24 21:28:45 Job was evicted.
	(0) Job was not checkpointed.
		Usr 0 00:00:07, Sys 0 00:00:00  -  Run Remote Usage
		Usr 0 00:00:00, Sys 0 00:00:00  -  Run Local Usage
	0  -  Run Bytes Sent By Job
	47961  -  Run Bytes Received By Job
	Partitionable Resources :    Usage  Request          
	   Cpus                 :                 1          
	   Disk (KB)            :      573      573          
	   Memory (MB)          :        3        3          
...
009 (429171.000.000) 06/24 21:28:52 Job was aborted by the user.
	via condor_rm (by user rkunnawa)
...
000 (429350.000.000) 06/24 21:33:17 Job submitted from host: <18.12.1.74:48322>
...
001 (429350.000.000) 06/24 21:33:51 Job executing on host: <18.12.9.52:45037>
...
006 (429350.000.000) 06/24 21:34:00 Image size of job updated: 243124
	56  -  MemoryUsage of job (MB)
	56664  -  ResidentSetSize of job (KB)
...
006 (429350.000.000) 06/24 21:34:46 Image size of job updated: 243812
	56  -  MemoryUsage of job (MB)
	56664  -  ResidentSetSize of job (KB)
...
005 (429350.000.000) 06/24 21:34:46 Job terminated.
	(1) Normal termination (return value 0)
		Usr 0 00:00:32, Sys 0 00:00:01  -  Run Remote Usage
		Usr 0 00:00:00, Sys 0 00:00:00  -  Run Local Usage
		Usr 0 00:00:32, Sys 0 00:00:01  -  Total Remote Usage
		Usr 0 00:00:00, Sys 0 00:00:00  -  Total Local Usage
	512475  -  Run Bytes Sent By Job
	47957  -  Run Bytes Received By Job
	512475  -  Total Bytes Sent By Job
	47957  -  Total Bytes Received By Job
	Partitionable Resources :    Usage  Request          
	   Cpus                 :                 1          
	   Disk (KB)            :      573      573          
	   Memory (MB)          :       56       56          
...
000 (429531.000.000) 06/24 21:47:56 Job submitted from host: <18.12.1.74:48322>
...
001 (429531.000.000) 06/24 21:48:05 Job executing on host: <18.12.9.37:43285>
...
006 (429531.000.000) 06/24 21:48:14 Image size of job updated: 9888
	2  -  MemoryUsage of job (MB)
	1316  -  ResidentSetSize of job (KB)
...
006 (429531.000.000) 06/24 21:51:32 Image size of job updated: 244688
	2  -  MemoryUsage of job (MB)
	1316  -  ResidentSetSize of job (KB)
...
005 (429531.000.000) 06/24 21:51:32 Job terminated.
	(1) Normal termination (return value 0)
		Usr 0 00:00:37, Sys 0 00:00:01  -  Run Remote Usage
		Usr 0 00:00:00, Sys 0 00:00:00  -  Run Local Usage
		Usr 0 00:00:37, Sys 0 00:00:01  -  Total Remote Usage
		Usr 0 00:00:00, Sys 0 00:00:00  -  Total Local Usage
	512530  -  Run Bytes Sent By Job
	47957  -  Run Bytes Received By Job
	512530  -  Total Bytes Sent By Job
	47957  -  Total Bytes Received By Job
	Partitionable Resources :    Usage  Request          
	   Cpus                 :                 1          
	   Disk (KB)            :      573      573          
	   Memory (MB)          :        2        2          
...
000 (451289.000.000) 06/25 11:40:08 Job submitted from host: <18.12.1.74:48322>
...
001 (451289.000.000) 06/25 11:40:49 Job executing on host: <18.12.12.11:40949>
...
006 (451289.000.000) 06/25 11:40:58 Image size of job updated: 1
	3  -  MemoryUsage of job (MB)
	2368  -  ResidentSetSize of job (KB)
...
006 (451289.000.000) 06/25 11:42:22 Image size of job updated: 189060
	3  -  MemoryUsage of job (MB)
	2368  -  ResidentSetSize of job (KB)
...
005 (451289.000.000) 06/25 11:42:22 Job terminated.
	(1) Normal termination (return value 0)
		Usr 0 00:00:51, Sys 0 00:00:01  -  Run Remote Usage
		Usr 0 00:00:00, Sys 0 00:00:00  -  Run Local Usage
		Usr 0 00:00:51, Sys 0 00:00:01  -  Total Remote Usage
		Usr 0 00:00:00, Sys 0 00:00:00  -  Total Local Usage
	5371129  -  Run Bytes Sent By Job
	46060  -  Run Bytes Received By Job
	5371129  -  Total Bytes Sent By Job
	46060  -  Total Bytes Received By Job
	Partitionable Resources :    Usage  Request          
	   Cpus                 :                 1          
	   Disk (KB)            :     5316     5316          
	   Memory (MB)          :        3        3          
...
000 (452068.000.000) 06/26 10:10:25 Job submitted from host: <18.12.1.74:48322>
...
001 (452068.000.000) 06/26 10:10:58 Job executing on host: <18.12.8.253:49636>
...
006 (452068.000.000) 06/26 10:11:06 Image size of job updated: 1
	3  -  MemoryUsage of job (MB)
	2372  -  ResidentSetSize of job (KB)
...
006 (452068.000.000) 06/26 10:12:17 Image size of job updated: 189080
	3  -  MemoryUsage of job (MB)
	2372  -  ResidentSetSize of job (KB)
...
005 (452068.000.000) 06/26 10:12:17 Job terminated.
	(1) Normal termination (return value 0)
		Usr 0 00:00:32, Sys 0 00:00:01  -  Run Remote Usage
		Usr 0 00:00:00, Sys 0 00:00:00  -  Run Local Usage
		Usr 0 00:00:32, Sys 0 00:00:01  -  Total Remote Usage
		Usr 0 00:00:00, Sys 0 00:00:00  -  Total Local Usage
	3109421  -  Run Bytes Sent By Job
	46038  -  Run Bytes Received By Job
	3109421  -  Total Bytes Sent By Job
	46038  -  Total Bytes Received By Job
	Partitionable Resources :    Usage  Request          
	   Cpus                 :                 1          
	   Disk (KB)            :     3107     3107          
	   Memory (MB)          :        3        3          
...
000 (472755.000.000) 06/26 16:38:22 Job submitted from host: <18.12.1.74:48322>
...
001 (472755.000.000) 06/26 16:38:45 Job executing on host: <18.12.8.1:47592>
...
006 (472755.000.000) 06/26 16:38:54 Image size of job updated: 1
	3  -  MemoryUsage of job (MB)
	2356  -  ResidentSetSize of job (KB)
...
006 (472755.000.000) 06/26 16:40:34 Image size of job updated: 189724
	3  -  MemoryUsage of job (MB)
	2356  -  ResidentSetSize of job (KB)
...
005 (472755.000.000) 06/26 16:40:35 Job terminated.
	(1) Normal termination (return value 0)
		Usr 0 00:00:56, Sys 0 00:00:01  -  Run Remote Usage
		Usr 0 00:00:00, Sys 0 00:00:00  -  Run Local Usage
		Usr 0 00:00:56, Sys 0 00:00:01  -  Total Remote Usage
		Usr 0 00:00:00, Sys 0 00:00:00  -  Total Local Usage
	5371436  -  Run Bytes Sent By Job
	46344  -  Run Bytes Received By Job
	5371436  -  Total Bytes Sent By Job
	46344  -  Total Bytes Received By Job
	Partitionable Resources :    Usage  Request          
	   Cpus                 :                 1          
	   Disk (KB)            :     5316     5316          
	   Memory (MB)          :        3        3          
...
000 (491639.000.000) 06/29 09:41:40 Job submitted from host: <18.12.1.74:48322>
...
001 (491639.000.000) 06/29 09:41:59 Job executing on host: <18.12.8.73:43796>
...
006 (491639.000.000) 06/29 09:42:08 Image size of job updated: 1
	3  -  MemoryUsage of job (MB)
	2372  -  ResidentSetSize of job (KB)
...
006 (491639.000.000) 06/29 09:42:57 Image size of job updated: 243364
	3  -  MemoryUsage of job (MB)
	2372  -  ResidentSetSize of job (KB)
...
005 (491639.000.000) 06/29 09:42:57 Job terminated.
	(1) Normal termination (return value 0)
		Usr 0 00:00:40, Sys 0 00:00:01  -  Run Remote Usage
		Usr 0 00:00:00, Sys 0 00:00:00  -  Run Local Usage
		Usr 0 00:00:40, Sys 0 00:00:01  -  Total Remote Usage
		Usr 0 00:00:00, Sys 0 00:00:00  -  Total Local Usage
	508762  -  Run Bytes Sent By Job
	46550  -  Run Bytes Received By Job
	508762  -  Total Bytes Sent By Job
	46550  -  Total Bytes Received By Job
	Partitionable Resources :    Usage  Request          
	   Cpus                 :                 1          
	   Disk (KB)            :      568      568          
	   Memory (MB)          :        3        3          
...
000 (492753.000.000) 06/29 10:15:04 Job submitted from host: <18.12.1.74:48322>
...
001 (492753.000.000) 06/29 10:15:18 Job executing on host: <18.12.8.243:45475>
...
006 (492753.000.000) 06/29 10:15:26 Image size of job updated: 1
	3  -  MemoryUsage of job (MB)
	2352  -  ResidentSetSize of job (KB)
...
006 (492753.000.000) 06/29 10:16:27 Image size of job updated: 243188
	3  -  MemoryUsage of job (MB)
	2352  -  ResidentSetSize of job (KB)
...
005 (492753.000.000) 06/29 10:16:28 Job terminated.
	(1) Normal termination (return value 0)
		Usr 0 00:00:32, Sys 0 00:00:01  -  Run Remote Usage
		Usr 0 00:00:00, Sys 0 00:00:00  -  Run Local Usage
		Usr 0 00:00:32, Sys 0 00:00:01  -  Total Remote Usage
		Usr 0 00:00:00, Sys 0 00:00:00  -  Total Local Usage
	508706  -  Run Bytes Sent By Job
	46566  -  Run Bytes Received By Job
	508706  -  Total Bytes Sent By Job
	46566  -  Total Bytes Received By Job
	Partitionable Resources :    Usage  Request          
	   Cpus                 :                 1          
	   Disk (KB)            :      568      568          
	   Memory (MB)          :        3        3          
...
000 (495110.000.000) 06/29 21:57:19 Job submitted from host: <18.12.1.74:48322>
...
001 (495110.000.000) 06/29 21:57:29 Job executing on host: <18.12.9.49:44526>
...
006 (495110.000.000) 06/29 21:57:38 Image size of job updated: 243028
	57  -  MemoryUsage of job (MB)
	57840  -  ResidentSetSize of job (KB)
...
006 (495110.000.000) 06/29 21:58:33 Image size of job updated: 243704
	57  -  MemoryUsage of job (MB)
	57840  -  ResidentSetSize of job (KB)
...
005 (495110.000.000) 06/29 21:58:33 Job terminated.
	(1) Normal termination (return value 0)
		Usr 0 00:00:35, Sys 0 00:00:01  -  Run Remote Usage
		Usr 0 00:00:00, Sys 0 00:00:00  -  Run Local Usage
		Usr 0 00:00:35, Sys 0 00:00:01  -  Total Remote Usage
		Usr 0 00:00:00, Sys 0 00:00:00  -  Total Local Usage
	508840  -  Run Bytes Sent By Job
	46564  -  Run Bytes Received By Job
	508840  -  Total Bytes Sent By Job
	46564  -  Total Bytes Received By Job
	Partitionable Resources :    Usage  Request          
	   Cpus                 :                 1          
	   Disk (KB)            :      568      568          
	   Memory (MB)          :       57       57          
...
000 (497244.000.000) 07/09 13:07:03 Job submitted from host: <18.12.1.74:48322>
...
001 (497244.000.000) 07/09 13:07:14 Job executing on host: <18.12.9.56:40657>
...
006 (497244.000.000) 07/09 13:07:23 Image size of job updated: 69308
	14  -  MemoryUsage of job (MB)
	13436  -  ResidentSetSize of job (KB)
...
006 (497244.000.000) 07/09 13:08:21 Image size of job updated: 243928
	14  -  MemoryUsage of job (MB)
	13436  -  ResidentSetSize of job (KB)
...
005 (497244.000.000) 07/09 13:08:21 Job terminated.
	(1) Normal termination (return value 0)
		Usr 0 00:00:35, Sys 0 00:00:01  -  Run Remote Usage
		Usr 0 00:00:00, Sys 0 00:00:00  -  Run Local Usage
		Usr 0 00:00:35, Sys 0 00:00:01  -  Total Remote Usage
		Usr 0 00:00:00, Sys 0 00:00:00  -  Total Local Usage
	509061  -  Run Bytes Sent By Job
	46648  -  Run Bytes Received By Job
	509061  -  Total Bytes Sent By Job
	46648  -  Total Bytes Received By Job
	Partitionable Resources :    Usage  Request          
	   Cpus                 :                 1          
	   Disk (KB)            :      568      568          
	   Memory (MB)          :       14       14          
...
000 (497434.000.000) 07/09 15:41:07 Job submitted from host: <18.12.1.74:48322>
...
001 (497434.000.000) 07/09 15:41:42 Job executing on host: <18.12.8.73:43796>
...
006 (497434.000.000) 07/09 15:41:51 Image size of job updated: 93700
	13  -  MemoryUsage of job (MB)
	12340  -  ResidentSetSize of job (KB)
...
006 (497434.000.000) 07/09 15:43:18 Image size of job updated: 243928
	13  -  MemoryUsage of job (MB)
	12340  -  ResidentSetSize of job (KB)
...
005 (497434.000.000) 07/09 15:43:18 Job terminated.
	(1) Normal termination (return value 0)
		Usr 0 00:00:49, Sys 0 00:00:02  -  Run Remote Usage
		Usr 0 00:00:00, Sys 0 00:00:00  -  Run Local Usage
		Usr 0 00:00:49, Sys 0 00:00:02  -  Total Remote Usage
		Usr 0 00:00:00, Sys 0 00:00:00  -  Total Local Usage
	508964  -  Run Bytes Sent By Job
	46609  -  Run Bytes Received By Job
	508964  -  Total Bytes Sent By Job
	46609  -  Total Bytes Received By Job
	Partitionable Resources :    Usage  Request          
	   Cpus                 :                 1          
	   Disk (KB)            :      568      568          
	   Memory (MB)          :       13       13          
...
000 (497732.000.000) 07/09 16:39:09 Job submitted from host: <18.12.1.74:48322>
...
001 (497732.000.000) 07/09 16:39:25 Job executing on host: <18.12.8.120:40146>
...
006 (497732.000.000) 07/09 16:39:34 Image size of job updated: 243036
	86  -  MemoryUsage of job (MB)
	87436  -  ResidentSetSize of job (KB)
...
006 (497732.000.000) 07/09 16:40:29 Image size of job updated: 243688
	86  -  MemoryUsage of job (MB)
	87436  -  ResidentSetSize of job (KB)
...
005 (497732.000.000) 07/09 16:40:29 Job terminated.
	(1) Normal termination (return value 0)
		Usr 0 00:00:31, Sys 0 00:00:02  -  Run Remote Usage
		Usr 0 00:00:00, Sys 0 00:00:00  -  Run Local Usage
		Usr 0 00:00:31, Sys 0 00:00:02  -  Total Remote Usage
		Usr 0 00:00:00, Sys 0 00:00:00  -  Total Local Usage
	509101  -  Run Bytes Sent By Job
	46604  -  Run Bytes Received By Job
	509101  -  Total Bytes Sent By Job
	46604  -  Total Bytes Received By Job
	Partitionable Resources :    Usage  Request          
	   Cpus                 :                 1          
	   Disk (KB)            :      568      568          
	   Memory (MB)          :       86       86          
...
000 (498074.000.000) 07/10 12:07:19 Job submitted from host: <18.12.1.74:48322>
...
001 (498074.000.000) 07/10 12:07:38 Job executing on host: <18.12.9.35:48614>
...
006 (498074.000.000) 07/10 12:07:46 Image size of job updated: 243032
	44  -  MemoryUsage of job (MB)
	44196  -  ResidentSetSize of job (KB)
...
006 (498074.000.000) 07/10 12:09:28 Image size of job updated: 243928
	44  -  MemoryUsage of job (MB)
	44196  -  ResidentSetSize of job (KB)
...
005 (498074.000.000) 07/10 12:09:28 Job terminated.
	(1) Normal termination (return value 0)
		Usr 0 00:00:39, Sys 0 00:00:02  -  Run Remote Usage
		Usr 0 00:00:00, Sys 0 00:00:00  -  Run Local Usage
		Usr 0 00:00:39, Sys 0 00:00:02  -  Total Remote Usage
		Usr 0 00:00:00, Sys 0 00:00:00  -  Total Local Usage
	509366  -  Run Bytes Sent By Job
	46586  -  Run Bytes Received By Job
	509366  -  Total Bytes Sent By Job
	46586  -  Total Bytes Received By Job
	Partitionable Resources :    Usage  Request          
	   Cpus                 :                 1          
	   Disk (KB)            :      568      568          
	   Memory (MB)          :       44       44          
...
000 (498510.000.000) 07/10 16:45:14 Job submitted from host: <18.12.1.74:48322>
...
001 (498510.000.000) 07/10 16:45:39 Job executing on host: <18.12.8.115:40803>
...
006 (498510.000.000) 07/10 16:45:47 Image size of job updated: 243224
	44  -  MemoryUsage of job (MB)
	45004  -  ResidentSetSize of job (KB)
...
006 (498510.000.000) 07/10 16:45:56 Image size of job updated: 243880
	44  -  MemoryUsage of job (MB)
	45004  -  ResidentSetSize of job (KB)
...
005 (498510.000.000) 07/10 17:26:56 Job terminated.
	(1) Normal termination (return value 0)
		Usr 0 00:00:07, Sys 0 00:00:00  -  Run Remote Usage
		Usr 0 00:00:00, Sys 0 00:00:00  -  Run Local Usage
		Usr 0 00:00:07, Sys 0 00:00:00  -  Total Remote Usage
		Usr 0 00:00:00, Sys 0 00:00:00  -  Total Local Usage
	519282  -  Run Bytes Sent By Job
	47454  -  Run Bytes Received By Job
	519282  -  Total Bytes Sent By Job
	47454  -  Total Bytes Received By Job
	Partitionable Resources :    Usage  Request          
	   Cpus                 :                 1          
	   Disk (KB)            :      579      579          
	   Memory (MB)          :       44       44          
...
