
----------------------------------------------------
Job started on Mon Jun 29 21:59:57 EDT 2015 at WN: hibat0024.cmsaf.mit.edu 
Job is running on Linux hibat0024.cmsaf.mit.edu 2.6.32-358.el6.x86_64 #1 SMP Fri Feb 22 20:37:17 CST 2013 x86_64 x86_64 x86_64 GNU/Linux
Filesystem            Size  Used Avail Use% Mounted on
/dev/sda3              20G  3.1G   16G  17% /
tmpfs                  24G     0   24G   0% /dev/shm
/dev/sda1              97M   32M   61M  35% /boot
/dev/sda4             1.8T   99G  1.7T   6% /export/data1
/dev/sdb1             1.8T  1.6T  200G  90% /export/00b
/dev/sdc1             1.8T  1.6T  216G  89% /export/00c
/dev/sdd1             1.8T  1.7T  193G  90% /export/00d
/dev/sde1             1.8T  1.6T  211G  89% /export/00e
/dev/sdf1             1.8T  1.6T  208G  89% /export/00f
fuse_dfs              4.9P  4.4P  527T  90% /mnt/hadoop
t2srv0004:/export/db  135G  187M  135G   1% /net/t2srv0004/db
cvmfs2                 98G   97G  1.6G  99% /cvmfs/cms.cern.ch
cvmfs2                 98G   97G  1.6G  99% /cvmfs/cvmfs.cmsaf.mit.edu
cvmfs2                 98G   97G  1.6G  99% /cvmfs/oasis.opensciencegrid.org
gcc (GCC) 4.4.7 20120313 (Red Hat 4.4.7-3)
Copyright (C) 2010 Free Software Foundation, Inc.
This is free software; see the source for copying conditions.  There is NO
warranty; not even for MERCHANTABILITY or FITNESS FOR A PARTICULAR PURPOSE.

Processing...
0/229238
10000/229238
20000/229238
30000/229238
40000/229238
50000/229238
60000/229238
70000/229238
80000/229238
90000/229238
100000/229238
110000/229238
120000/229238
130000/229238
140000/229238
150000/229238
160000/229238
170000/229238
180000/229238
190000/229238
200000/229238
210000/229238
220000/229238
Macro finished: 
CPU time (min)  = 2.81283
Real time (min) = 3.59938
Done!
Copied output files to hadoop rootfiles/JetRAA/June22
