000 (426733.000.000) 06/22 20:55:15 Job submitted from host: <18.12.1.74:48322>
...
001 (426733.000.000) 06/22 20:55:30 Job executing on host: <18.12.8.123:45986>
...
006 (426733.000.000) 06/22 20:55:38 Image size of job updated: 97904
	3  -  MemoryUsage of job (MB)
	2452  -  ResidentSetSize of job (KB)
...
006 (426733.000.000) 06/22 20:57:06 Image size of job updated: 243840
	3  -  MemoryUsage of job (MB)
	2452  -  ResidentSetSize of job (KB)
...
005 (426733.000.000) 06/22 20:57:06 Job terminated.
	(1) Normal termination (return value 0)
		Usr 0 00:00:55, Sys 0 00:00:02  -  Run Remote Usage
		Usr 0 00:00:00, Sys 0 00:00:00  -  Run Local Usage
		Usr 0 00:00:55, Sys 0 00:00:02  -  Total Remote Usage
		Usr 0 00:00:00, Sys 0 00:00:00  -  Total Local Usage
	494892  -  Run Bytes Sent By Job
	41910  -  Run Bytes Received By Job
	494892  -  Total Bytes Sent By Job
	41910  -  Total Bytes Received By Job
	Partitionable Resources :    Usage  Request          
	   Cpus                 :                 1          
	   Disk (KB)            :      550      550          
	   Memory (MB)          :        3        3          
...
000 (492023.000.000) 06/29 09:51:35 Job submitted from host: <18.12.1.74:48322>
...
001 (492023.000.000) 06/29 09:52:04 Job executing on host: <18.12.8.63:42044>
...
006 (492023.000.000) 06/29 09:52:13 Image size of job updated: 18488
	2  -  MemoryUsage of job (MB)
	1796  -  ResidentSetSize of job (KB)
...
006 (492023.000.000) 06/29 09:53:14 Image size of job updated: 242660
	2  -  MemoryUsage of job (MB)
	1796  -  ResidentSetSize of job (KB)
...
005 (492023.000.000) 06/29 09:53:14 Job terminated.
	(1) Normal termination (return value 0)
		Usr 0 00:00:42, Sys 0 00:00:01  -  Run Remote Usage
		Usr 0 00:00:00, Sys 0 00:00:00  -  Run Local Usage
		Usr 0 00:00:42, Sys 0 00:00:01  -  Total Remote Usage
		Usr 0 00:00:00, Sys 0 00:00:00  -  Total Local Usage
	508624  -  Run Bytes Sent By Job
	46550  -  Run Bytes Received By Job
	508624  -  Total Bytes Sent By Job
	46550  -  Total Bytes Received By Job
	Partitionable Resources :    Usage  Request          
	   Cpus                 :                 1          
	   Disk (KB)            :      568      568          
	   Memory (MB)          :        2        2          
...
000 (492930.000.000) 06/29 10:16:33 Job submitted from host: <18.12.1.74:48322>
...
001 (492930.000.000) 06/29 10:16:45 Job executing on host: <18.12.8.195:46059>
...
006 (492930.000.000) 06/29 10:16:54 Image size of job updated: 241956
	75  -  MemoryUsage of job (MB)
	76184  -  ResidentSetSize of job (KB)
...
006 (492930.000.000) 06/29 10:17:57 Image size of job updated: 242660
	75  -  MemoryUsage of job (MB)
	76184  -  ResidentSetSize of job (KB)
...
005 (492930.000.000) 06/29 10:17:58 Job terminated.
	(1) Normal termination (return value 0)
		Usr 0 00:00:45, Sys 0 00:00:01  -  Run Remote Usage
		Usr 0 00:00:00, Sys 0 00:00:00  -  Run Local Usage
		Usr 0 00:00:45, Sys 0 00:00:01  -  Total Remote Usage
		Usr 0 00:00:00, Sys 0 00:00:00  -  Total Local Usage
	508844  -  Run Bytes Sent By Job
	46566  -  Run Bytes Received By Job
	508844  -  Total Bytes Sent By Job
	46566  -  Total Bytes Received By Job
	Partitionable Resources :    Usage  Request          
	   Cpus                 :                 1          
	   Disk (KB)            :      568      568          
	   Memory (MB)          :       75       75          
...
000 (494925.000.000) 06/29 21:56:28 Job submitted from host: <18.12.1.74:48322>
...
001 (494925.000.000) 06/29 21:56:46 Job executing on host: <18.12.9.4:40438>
...
006 (494925.000.000) 06/29 21:56:55 Image size of job updated: 1
	3  -  MemoryUsage of job (MB)
	2352  -  ResidentSetSize of job (KB)
...
006 (494925.000.000) 06/29 21:57:57 Image size of job updated: 243224
	3  -  MemoryUsage of job (MB)
	2352  -  ResidentSetSize of job (KB)
...
005 (494925.000.000) 06/29 21:57:57 Job terminated.
	(1) Normal termination (return value 0)
		Usr 0 00:00:36, Sys 0 00:00:01  -  Run Remote Usage
		Usr 0 00:00:00, Sys 0 00:00:00  -  Run Local Usage
		Usr 0 00:00:36, Sys 0 00:00:01  -  Total Remote Usage
		Usr 0 00:00:00, Sys 0 00:00:00  -  Total Local Usage
	508928  -  Run Bytes Sent By Job
	46564  -  Run Bytes Received By Job
	508928  -  Total Bytes Sent By Job
	46564  -  Total Bytes Received By Job
	Partitionable Resources :    Usage  Request          
	   Cpus                 :                 1          
	   Disk (KB)            :      568      568          
	   Memory (MB)          :        3        3          
...
