000 (426377.000.000) 06/22 20:50:00 Job submitted from host: <18.12.1.74:48322>
...
004 (426377.000.000) 06/22 20:51:12 Job was evicted.
	(0) Job was not checkpointed.
		Usr 0 00:00:00, Sys 0 00:00:00  -  Run Remote Usage
		Usr 0 00:00:00, Sys 0 00:00:00  -  Run Local Usage
	0  -  Run Bytes Sent By Job
	41910  -  Run Bytes Received By Job
	Partitionable Resources :    Usage  Request          
	   Cpus                 :                 1          
	   Disk (KB)            :       42       42          
	   Memory (MB)          :                 1          
...
009 (426377.000.000) 06/22 20:51:13 Job was aborted by the user.
	via condor_rm (by user rkunnawa)
...
000 (491801.000.000) 06/29 09:48:04 Job submitted from host: <18.12.1.74:48322>
...
001 (491801.000.000) 06/29 09:48:19 Job executing on host: <18.12.8.153:40146>
...
006 (491801.000.000) 06/29 09:48:28 Image size of job updated: 9528
	2  -  MemoryUsage of job (MB)
	1416  -  ResidentSetSize of job (KB)
...
006 (491801.000.000) 06/29 09:50:10 Image size of job updated: 246728
	2  -  MemoryUsage of job (MB)
	1416  -  ResidentSetSize of job (KB)
...
005 (491801.000.000) 06/29 09:50:10 Job terminated.
	(1) Normal termination (return value 0)
		Usr 0 00:00:41, Sys 0 00:00:00  -  Run Remote Usage
		Usr 0 00:00:00, Sys 0 00:00:00  -  Run Local Usage
		Usr 0 00:00:41, Sys 0 00:00:00  -  Total Remote Usage
		Usr 0 00:00:00, Sys 0 00:00:00  -  Total Local Usage
	508782  -  Run Bytes Sent By Job
	46550  -  Run Bytes Received By Job
	508782  -  Total Bytes Sent By Job
	46550  -  Total Bytes Received By Job
	Partitionable Resources :    Usage  Request          
	   Cpus                 :                 1          
	   Disk (KB)            :      568      568          
	   Memory (MB)          :        2        2          
...
000 (492553.000.000) 06/29 10:14:02 Job submitted from host: <18.12.1.74:48322>
...
001 (492553.000.000) 06/29 10:14:08 Job executing on host: <18.12.8.251:47811>
...
006 (492553.000.000) 06/29 10:14:17 Image size of job updated: 68392
	13  -  MemoryUsage of job (MB)
	12568  -  ResidentSetSize of job (KB)
...
006 (492553.000.000) 06/29 10:15:21 Image size of job updated: 246668
	13  -  MemoryUsage of job (MB)
	12568  -  ResidentSetSize of job (KB)
...
005 (492553.000.000) 06/29 10:15:21 Job terminated.
	(1) Normal termination (return value 0)
		Usr 0 00:00:41, Sys 0 00:00:01  -  Run Remote Usage
		Usr 0 00:00:00, Sys 0 00:00:00  -  Run Local Usage
		Usr 0 00:00:41, Sys 0 00:00:01  -  Total Remote Usage
		Usr 0 00:00:00, Sys 0 00:00:00  -  Total Local Usage
	508733  -  Run Bytes Sent By Job
	46566  -  Run Bytes Received By Job
	508733  -  Total Bytes Sent By Job
	46566  -  Total Bytes Received By Job
	Partitionable Resources :    Usage  Request          
	   Cpus                 :                 1          
	   Disk (KB)            :      568      568          
	   Memory (MB)          :       13       13          
...
000 (495272.000.000) 06/29 21:59:24 Job submitted from host: <18.12.1.74:48322>
...
001 (495272.000.000) 06/29 21:59:39 Job executing on host: <18.12.8.4:48614>
...
006 (495272.000.000) 06/29 21:59:48 Image size of job updated: 1196
	1  -  MemoryUsage of job (MB)
	156  -  ResidentSetSize of job (KB)
...
006 (495272.000.000) 06/29 22:01:12 Image size of job updated: 247236
	1  -  MemoryUsage of job (MB)
	156  -  ResidentSetSize of job (KB)
...
005 (495272.000.000) 06/29 22:01:12 Job terminated.
	(1) Normal termination (return value 0)
		Usr 0 00:00:42, Sys 0 00:00:01  -  Run Remote Usage
		Usr 0 00:00:00, Sys 0 00:00:00  -  Run Local Usage
		Usr 0 00:00:42, Sys 0 00:00:01  -  Total Remote Usage
		Usr 0 00:00:00, Sys 0 00:00:00  -  Total Local Usage
	509017  -  Run Bytes Sent By Job
	46564  -  Run Bytes Received By Job
	509017  -  Total Bytes Sent By Job
	46564  -  Total Bytes Received By Job
	Partitionable Resources :    Usage  Request          
	   Cpus                 :                 1          
	   Disk (KB)            :      568      568          
	   Memory (MB)          :        1        1          
...
