
----------------------------------------------------
Job started on Mon Jun 29 21:59:54 EDT 2015 at WN: t2bat0310.cmsaf.mit.edu 
Job is running on Linux t2bat0310.cmsaf.mit.edu 2.6.32-358.el6.x86_64 #1 SMP Fri Feb 22 20:37:17 CST 2013 x86_64 x86_64 x86_64 GNU/Linux
Filesystem            Size  Used Avail Use% Mounted on
/dev/sda3              20G  3.5G   16G  19% /
tmpfs                  32G     0   32G   0% /dev/shm
/dev/sda1              97M   32M   61M  35% /boot
/dev/sda4             416G   63G  353G  16% /export/data1
fuse_dfs              4.9P  4.4P  527T  90% /mnt/hadoop
/dev/sdb1             3.6T  3.2T  410G  89% /export/00b
/dev/sdc1             3.6T  3.3T  377G  90% /export/00c
/dev/sdd1             3.6T  3.2T  406G  89% /export/00d
/dev/sde1             3.6T  3.2T  418G  89% /export/00e
/dev/sdf1             3.6T  3.2T  400G  90% /export/00f
/dev/sdg1             3.6T  3.2T  401G  90% /export/00g
cvmfs2                 98G   53G   46G  54% /cvmfs/cms.cern.ch
t2srv0004:/export/db  135G  187M  135G   1% /net/t2srv0004/db
cvmfs2                 98G   53G   46G  54% /cvmfs/cvmfs.cmsaf.mit.edu
cvmfs2                 98G   53G   46G  54% /cvmfs/oasis.opensciencegrid.org
gcc (GCC) 4.4.7 20120313 (Red Hat 4.4.7-3)
Copyright (C) 2010 Free Software Foundation, Inc.
This is free software; see the source for copying conditions.  There is NO
warranty; not even for MERCHANTABILITY or FITNESS FOR A PARTICULAR PURPOSE.

Processing...
0/195060
10000/195060
20000/195060
30000/195060
40000/195060
50000/195060
60000/195060
70000/195060
80000/195060
90000/195060
100000/195060
110000/195060
120000/195060
130000/195060
140000/195060
150000/195060
160000/195060
170000/195060
180000/195060
190000/195060
Macro finished: 
CPU time (min)  = 1.61583
Real time (min) = 2.19153
Done!
Copied output files to hadoop rootfiles/JetRAA/June22
