000 (426466.000.000) 06/22 20:50:08 Job submitted from host: <18.12.1.74:48322>
...
001 (426466.000.000) 06/22 20:50:44 Job executing on host: <18.12.6.91:40511>
...
006 (426466.000.000) 06/22 20:50:52 Image size of job updated: 147016
	35  -  MemoryUsage of job (MB)
	35356  -  ResidentSetSize of job (KB)
...
006 (426466.000.000) 06/22 20:51:02 Image size of job updated: 245020
	35  -  MemoryUsage of job (MB)
	35356  -  ResidentSetSize of job (KB)
...
004 (426466.000.000) 06/22 20:51:02 Job was evicted.
	(0) Job was not checkpointed.
		Usr 0 00:00:05, Sys 0 00:00:00  -  Run Remote Usage
		Usr 0 00:00:00, Sys 0 00:00:00  -  Run Local Usage
	0  -  Run Bytes Sent By Job
	41910  -  Run Bytes Received By Job
	Partitionable Resources :    Usage  Request          
	   Cpus                 :                 1          
	   Disk (KB)            :      550      550          
	   Memory (MB)          :       35       35          
...
009 (426466.000.000) 06/22 20:51:10 Job was aborted by the user.
	via condor_rm (by user rkunnawa)
...
000 (426588.000.000) 06/22 20:51:43 Job submitted from host: <18.12.1.74:48322>
...
001 (426588.000.000) 06/22 20:52:17 Job executing on host: <18.12.9.15:45402>
...
006 (426588.000.000) 06/22 20:52:25 Image size of job updated: 68784
	14  -  MemoryUsage of job (MB)
	14232  -  ResidentSetSize of job (KB)
...
006 (426588.000.000) 06/22 20:55:38 Image size of job updated: 247844
	14  -  MemoryUsage of job (MB)
	14232  -  ResidentSetSize of job (KB)
...
005 (426588.000.000) 06/22 20:55:38 Job terminated.
	(1) Normal termination (return value 0)
		Usr 0 00:01:55, Sys 0 00:00:03  -  Run Remote Usage
		Usr 0 00:00:00, Sys 0 00:00:00  -  Run Local Usage
		Usr 0 00:01:55, Sys 0 00:00:03  -  Total Remote Usage
		Usr 0 00:00:00, Sys 0 00:00:00  -  Total Local Usage
	494977  -  Run Bytes Sent By Job
	41910  -  Run Bytes Received By Job
	494977  -  Total Bytes Sent By Job
	41910  -  Total Bytes Received By Job
	Partitionable Resources :    Usage  Request          
	   Cpus                 :                 1          
	   Disk (KB)            :      550      550          
	   Memory (MB)          :       14       14          
...
