000 (426415.000.000) 06/22 20:50:03 Job submitted from host: <18.12.1.74:48322>
...
001 (426415.000.000) 06/22 20:50:45 Job executing on host: <18.12.8.160:41168>
...
006 (426415.000.000) 06/22 20:50:54 Image size of job updated: 13384
	2  -  MemoryUsage of job (MB)
	1984  -  ResidentSetSize of job (KB)
...
006 (426415.000.000) 06/22 20:51:02 Image size of job updated: 245664
	2  -  MemoryUsage of job (MB)
	1984  -  ResidentSetSize of job (KB)
...
004 (426415.000.000) 06/22 20:51:02 Job was evicted.
	(0) Job was not checkpointed.
		Usr 0 00:00:02, Sys 0 00:00:00  -  Run Remote Usage
		Usr 0 00:00:00, Sys 0 00:00:00  -  Run Local Usage
	0  -  Run Bytes Sent By Job
	41910  -  Run Bytes Received By Job
	Partitionable Resources :    Usage  Request          
	   Cpus                 :                 1          
	   Disk (KB)            :      550      550          
	   Memory (MB)          :        2        2          
...
009 (426415.000.000) 06/22 20:51:10 Job was aborted by the user.
	via condor_rm (by user rkunnawa)
...
