
----------------------------------------------------
Job started on Mon Jun 29 21:56:57 EDT 2015 at WN: t2bat0025.cmsaf.mit.edu 
Job is running on Linux t2bat0025.cmsaf.mit.edu 2.6.32-358.el6.x86_64 #1 SMP Fri Feb 22 20:37:17 CST 2013 x86_64 x86_64 x86_64 GNU/Linux
Filesystem            Size  Used Avail Use% Mounted on
/dev/sda3              20G  3.3G   16G  18% /
tmpfs                 7.8G     0  7.8G   0% /dev/shm
/dev/sda1              97M   33M   60M  36% /boot
/dev/sda4             415G   64G  352G  16% /export/data1
/dev/sdb1             1.8T  1.8T   12G 100% /export/00b
/dev/sdc1             1.8T  852G  982G  47% /export/00c
/dev/sdd1             1.8T  1.8T  9.9G 100% /export/00d
/dev/sde1             1.8T  1.8T   13G 100% /export/00e
/dev/sdf1             1.8T  1.8T   10G 100% /export/00f
fuse_dfs              4.9P  4.4P  527T  90% /mnt/hadoop
t2srv0004:/export/db  135G  187M  135G   1% /net/t2srv0004/db
cvmfs2                 98G   63G   36G  64% /cvmfs/cms.cern.ch
cvmfs2                 98G   63G   36G  64% /cvmfs/cvmfs.cmsaf.mit.edu
cvmfs2                 98G   63G   36G  64% /cvmfs/oasis.opensciencegrid.org
gcc (GCC) 4.4.7 20120313 (Red Hat 4.4.7-3)
Copyright (C) 2010 Free Software Foundation, Inc.
This is free software; see the source for copying conditions.  There is NO
warranty; not even for MERCHANTABILITY or FITNESS FOR A PARTICULAR PURPOSE.

Processing...
0/195060
10000/195060
20000/195060
30000/195060
40000/195060
50000/195060
60000/195060
70000/195060
80000/195060
90000/195060
100000/195060
110000/195060
120000/195060
130000/195060
140000/195060
150000/195060
160000/195060
170000/195060
180000/195060
190000/195060
Macro finished: 
CPU time (min)  = 3.34217
Real time (min) = 4.1549
Done!
Copied output files to hadoop rootfiles/JetRAA/June22
