
----------------------------------------------------
Job started on Mon Jun 29 21:59:44 EDT 2015 at WN: t2bat0091.cmsaf.mit.edu 
Job is running on Linux t2bat0091.cmsaf.mit.edu 2.6.32-358.el6.x86_64 #1 SMP Fri Feb 22 20:37:17 CST 2013 x86_64 x86_64 x86_64 GNU/Linux
Filesystem            Size  Used Avail Use% Mounted on
/dev/sda3              20G  3.2G   16G  17% /
tmpfs                 7.8G     0  7.8G   0% /dev/shm
/dev/sda1              97M   33M   60M  36% /boot
/dev/sda4             644G   70G  575G  11% /export/data1
/dev/sdb1             1.8T  1.6T  207G  89% /export/00b
/dev/sdc1             1.8T  1.6T  199G  90% /export/00c
/dev/sdd1             1.8T  1.6T  202G  89% /export/00d
/dev/sde1             1.8T  1.6T  207G  89% /export/00e
/dev/sdf1             1.8T  1.6T  202G  90% /export/00f
fuse_dfs              4.9P  4.4P  527T  90% /mnt/hadoop
cvmfs2                 98G   69G   29G  71% /cvmfs/cvmfs.cmsaf.mit.edu
cvmfs2                 98G   69G   29G  71% /cvmfs/oasis.opensciencegrid.org
t2srv0004:/export/db  135G  187M  135G   1% /net/t2srv0004/db
cvmfs2                 98G   69G   29G  71% /cvmfs/cms.cern.ch
cvmfs2                 98G   69G   29G  71% /cvmfs/cdfcfs.fnal.gov
gcc (GCC) 4.4.7 20120313 (Red Hat 4.4.7-3)
Copyright (C) 2010 Free Software Foundation, Inc.
This is free software; see the source for copying conditions.  There is NO
warranty; not even for MERCHANTABILITY or FITNESS FOR A PARTICULAR PURPOSE.

Processing...
0/191393
10000/191393
20000/191393
30000/191393
40000/191393
50000/191393
60000/191393
70000/191393
80000/191393
90000/191393
100000/191393
110000/191393
120000/191393
130000/191393
140000/191393
150000/191393
160000/191393
170000/191393
180000/191393
190000/191393
Macro finished: 
CPU time (min)  = 1.5495
Real time (min) = 2.72193
Done!
Copied output files to hadoop rootfiles/JetRAA/June22
