
----------------------------------------------------
Job started on Fri Jul 10 16:48:16 EDT 2015 at WN: t2bat0189.cmsaf.mit.edu 
Job is running on Linux t2bat0189.cmsaf.mit.edu 2.6.32-358.el6.x86_64 #1 SMP Fri Feb 22 20:37:17 CST 2013 x86_64 x86_64 x86_64 GNU/Linux
Filesystem            Size  Used Avail Use% Mounted on
/dev/sda3              20G  3.1G   16G  17% /
tmpfs                  12G     0   12G   0% /dev/shm
/dev/sda1              97M   32M   61M  35% /boot
/dev/sda4             874G   67G  807G   8% /export/data1
/dev/sdb1             1.8T  1.7T  168G  91% /export/00b
/dev/sdc1             1.8T  1.7T  171G  91% /export/00c
/dev/sdd1             1.8T  1.7T  147G  93% /export/00d
/dev/sde1             1.8T  1.7T  176G  91% /export/00e
/dev/sdf1             1.8T  1.7T  170G  91% /export/00f
fuse_dfs              4.9P  4.5P  447T  92% /mnt/hadoop
t2srv0004:/export/db  135G  187M  135G   1% /net/t2srv0004/db
cvmfs2                 98G   64G   35G  65% /cvmfs/cms.cern.ch
cvmfs2                 98G   64G   35G  65% /cvmfs/cvmfs.cmsaf.mit.edu
gcc (GCC) 4.4.7 20120313 (Red Hat 4.4.7-3)
Copyright (C) 2010 Free Software Foundation, Inc.
This is free software; see the source for copying conditions.  There is NO
warranty; not even for MERCHANTABILITY or FITNESS FOR A PARTICULAR PURPOSE.

Processing...
0/886097
10000/886097
20000/886097
30000/886097
40000/886097
50000/886097
60000/886097
70000/886097
80000/886097
90000/886097
100000/886097
110000/886097
120000/886097
130000/886097
140000/886097
150000/886097
160000/886097
170000/886097
180000/886097
190000/886097
200000/886097
210000/886097
220000/886097
230000/886097
240000/886097
250000/886097
260000/886097
270000/886097
280000/886097
290000/886097
300000/886097
310000/886097
320000/886097
330000/886097
340000/886097
350000/886097
360000/886097
370000/886097
380000/886097
390000/886097
400000/886097
410000/886097
420000/886097
430000/886097
440000/886097
450000/886097
460000/886097
470000/886097
480000/886097
490000/886097
500000/886097
510000/886097
520000/886097
530000/886097
540000/886097
550000/886097
560000/886097
570000/886097
580000/886097
590000/886097
600000/886097
610000/886097
620000/886097
630000/886097
640000/886097
650000/886097
660000/886097
670000/886097
680000/886097
690000/886097
700000/886097
710000/886097
720000/886097
730000/886097
740000/886097
750000/886097
760000/886097
770000/886097
780000/886097
790000/886097
800000/886097
810000/886097
820000/886097
830000/886097
840000/886097
850000/886097
860000/886097
870000/886097
880000/886097
Macro finished: 
CPU time (min)  = 7.9385
Real time (min) = 8.78308
Done!
Copied output files to hadoop rootfiles/JetRAA/June22
