000 (428144.000.000) 06/23 17:53:52 Job submitted from host: <18.12.1.74:48322>
...
001 (428144.000.000) 06/23 17:54:16 Job executing on host: <18.12.9.33:40949>
...
006 (428144.000.000) 06/23 17:54:25 Image size of job updated: 147760
	35  -  MemoryUsage of job (MB)
	34984  -  ResidentSetSize of job (KB)
...
006 (428144.000.000) 06/23 17:59:26 Image size of job updated: 250400
	87  -  MemoryUsage of job (MB)
	88820  -  ResidentSetSize of job (KB)
...
006 (428144.000.000) 06/23 18:04:26 Image size of job updated: 250400
	87  -  MemoryUsage of job (MB)
	88992  -  ResidentSetSize of job (KB)
...
005 (428144.000.000) 06/23 18:06:11 Job terminated.
	(1) Normal termination (return value 0)
		Usr 0 00:03:20, Sys 0 00:00:04  -  Run Remote Usage
		Usr 0 00:00:00, Sys 0 00:00:00  -  Run Local Usage
		Usr 0 00:03:20, Sys 0 00:00:04  -  Total Remote Usage
		Usr 0 00:00:00, Sys 0 00:00:00  -  Total Local Usage
	408153  -  Run Bytes Sent By Job
	46217  -  Run Bytes Received By Job
	408153  -  Total Bytes Sent By Job
	46217  -  Total Bytes Received By Job
	Partitionable Resources :    Usage  Request          
	   Cpus                 :                 1          
	   Disk (KB)            :      469      469          
	   Memory (MB)          :       87       87          
...
000 (451369.000.000) 06/25 13:03:50 Job submitted from host: <18.12.1.74:48322>
...
001 (451369.000.000) 06/25 13:04:09 Job executing on host: <18.12.9.82:44891>
...
006 (451369.000.000) 06/25 13:04:17 Image size of job updated: 152736
	0  -  MemoryUsage of job (MB)
	0  -  ResidentSetSize of job (KB)
...
005 (451369.000.000) 06/25 13:04:17 Job terminated.
	(1) Normal termination (return value 0)
		Usr 0 00:00:00, Sys 0 00:00:00  -  Run Remote Usage
		Usr 0 00:00:00, Sys 0 00:00:00  -  Run Local Usage
		Usr 0 00:00:00, Sys 0 00:00:00  -  Total Remote Usage
		Usr 0 00:00:00, Sys 0 00:00:00  -  Total Local Usage
	474238  -  Run Bytes Sent By Job
	45684  -  Run Bytes Received By Job
	474238  -  Total Bytes Sent By Job
	45684  -  Total Bytes Received By Job
	Partitionable Resources :    Usage  Request          
	   Cpus                 :                 1          
	   Disk (KB)            :      533      533          
	   Memory (MB)          :        0        0          
...
000 (451428.000.000) 06/25 13:07:31 Job submitted from host: <18.12.1.74:48322>
...
001 (451428.000.000) 06/25 13:07:48 Job executing on host: <18.12.9.45:42482>
...
006 (451428.000.000) 06/25 13:07:56 Image size of job updated: 154160
	43  -  MemoryUsage of job (MB)
	43648  -  ResidentSetSize of job (KB)
...
005 (451428.000.000) 06/25 13:07:58 Job terminated.
	(1) Normal termination (return value 0)
		Usr 0 00:00:00, Sys 0 00:00:00  -  Run Remote Usage
		Usr 0 00:00:00, Sys 0 00:00:00  -  Run Local Usage
		Usr 0 00:00:00, Sys 0 00:00:00  -  Total Remote Usage
		Usr 0 00:00:00, Sys 0 00:00:00  -  Total Local Usage
	479828  -  Run Bytes Sent By Job
	47932  -  Run Bytes Received By Job
	479828  -  Total Bytes Sent By Job
	47932  -  Total Bytes Received By Job
	Partitionable Resources :    Usage  Request          
	   Cpus                 :                 1          
	   Disk (KB)            :      541      541          
	   Memory (MB)          :       43       43          
...
000 (451487.000.000) 06/25 13:18:33 Job submitted from host: <18.12.1.74:48322>
...
001 (451487.000.000) 06/25 13:18:42 Job executing on host: <18.12.9.82:44891>
...
006 (451487.000.000) 06/25 13:18:50 Image size of job updated: 154308
	40  -  MemoryUsage of job (MB)
	40196  -  ResidentSetSize of job (KB)
...
006 (451487.000.000) 06/25 13:23:42 Image size of job updated: 190484
	40  -  MemoryUsage of job (MB)
	40196  -  ResidentSetSize of job (KB)
...
005 (451487.000.000) 06/25 13:23:42 Job terminated.
	(1) Normal termination (return value 0)
		Usr 0 00:02:57, Sys 0 00:00:02  -  Run Remote Usage
		Usr 0 00:00:00, Sys 0 00:00:00  -  Run Local Usage
		Usr 0 00:02:57, Sys 0 00:00:02  -  Total Remote Usage
		Usr 0 00:00:00, Sys 0 00:00:00  -  Total Local Usage
	470532  -  Run Bytes Sent By Job
	45681  -  Run Bytes Received By Job
	470532  -  Total Bytes Sent By Job
	45681  -  Total Bytes Received By Job
	Partitionable Resources :    Usage  Request          
	   Cpus                 :                 1          
	   Disk (KB)            :      530      530          
	   Memory (MB)          :       40       40          
...
000 (451648.000.000) 06/25 21:34:30 Job submitted from host: <18.12.1.74:48322>
...
001 (451648.000.000) 06/25 21:34:39 Job executing on host: <18.12.9.42:42628>
...
006 (451648.000.000) 06/25 21:34:48 Image size of job updated: 154304
	40  -  MemoryUsage of job (MB)
	40184  -  ResidentSetSize of job (KB)
...
006 (451648.000.000) 06/25 21:39:49 Image size of job updated: 190484
	74  -  MemoryUsage of job (MB)
	75404  -  ResidentSetSize of job (KB)
...
006 (451648.000.000) 06/25 21:44:49 Image size of job updated: 190484
	75  -  MemoryUsage of job (MB)
	76484  -  ResidentSetSize of job (KB)
...
005 (451648.000.000) 06/25 21:45:14 Job terminated.
	(1) Normal termination (return value 0)
		Usr 0 00:03:24, Sys 0 00:00:02  -  Run Remote Usage
		Usr 0 00:00:00, Sys 0 00:00:00  -  Run Local Usage
		Usr 0 00:03:24, Sys 0 00:00:02  -  Total Remote Usage
		Usr 0 00:00:00, Sys 0 00:00:00  -  Total Local Usage
	480068  -  Run Bytes Sent By Job
	48163  -  Run Bytes Received By Job
	480068  -  Total Bytes Sent By Job
	48163  -  Total Bytes Received By Job
	Partitionable Resources :    Usage  Request          
	   Cpus                 :                 1          
	   Disk (KB)            :      542      542          
	   Memory (MB)          :       75       75          
...
000 (452326.000.000) 06/26 11:24:28 Job submitted from host: <18.12.1.74:48322>
...
001 (452326.000.000) 06/26 11:25:03 Job executing on host: <18.12.8.14:46132>
...
006 (452326.000.000) 06/26 11:25:11 Image size of job updated: 93704
	3  -  MemoryUsage of job (MB)
	2444  -  ResidentSetSize of job (KB)
...
006 (452326.000.000) 06/26 11:30:11 Image size of job updated: 190488
	73  -  MemoryUsage of job (MB)
	74684  -  ResidentSetSize of job (KB)
...
006 (452326.000.000) 06/26 11:35:12 Image size of job updated: 190488
	79  -  MemoryUsage of job (MB)
	79920  -  ResidentSetSize of job (KB)
...
005 (452326.000.000) 06/26 11:38:40 Job terminated.
	(1) Normal termination (return value 0)
		Usr 0 00:03:27, Sys 0 00:00:02  -  Run Remote Usage
		Usr 0 00:00:00, Sys 0 00:00:00  -  Run Local Usage
		Usr 0 00:03:27, Sys 0 00:00:02  -  Total Remote Usage
		Usr 0 00:00:00, Sys 0 00:00:00  -  Total Local Usage
	479795  -  Run Bytes Sent By Job
	48164  -  Run Bytes Received By Job
	479795  -  Total Bytes Sent By Job
	48164  -  Total Bytes Received By Job
	Partitionable Resources :    Usage  Request          
	   Cpus                 :                 1          
	   Disk (KB)            :      541      541          
	   Memory (MB)          :       79       79          
...
000 (456024.000.000) 06/26 11:55:41 Job submitted from host: <18.12.1.74:48322>
...
001 (456024.000.000) 06/26 11:55:59 Job executing on host: <18.12.8.207:49125>
...
006 (456024.000.000) 06/26 11:56:07 Image size of job updated: 104248
	18  -  MemoryUsage of job (MB)
	17432  -  ResidentSetSize of job (KB)
...
006 (456024.000.000) 06/26 11:58:38 Image size of job updated: 190476
	18  -  MemoryUsage of job (MB)
	17432  -  ResidentSetSize of job (KB)
...
005 (456024.000.000) 06/26 11:58:38 Job terminated.
	(1) Normal termination (return value 0)
		Usr 0 00:01:52, Sys 0 00:00:01  -  Run Remote Usage
		Usr 0 00:00:00, Sys 0 00:00:00  -  Run Local Usage
		Usr 0 00:01:52, Sys 0 00:00:01  -  Total Remote Usage
		Usr 0 00:00:00, Sys 0 00:00:00  -  Total Local Usage
	479021  -  Run Bytes Sent By Job
	48164  -  Run Bytes Received By Job
	479021  -  Total Bytes Sent By Job
	48164  -  Total Bytes Received By Job
	Partitionable Resources :    Usage  Request          
	   Cpus                 :                 1          
	   Disk (KB)            :      540      540          
	   Memory (MB)          :       18       18          
...
000 (472514.000.000) 06/26 14:30:25 Job submitted from host: <18.12.1.74:48322>
...
001 (472514.000.000) 06/26 14:30:46 Job executing on host: <18.12.9.60:41752>
...
006 (472514.000.000) 06/26 14:30:54 Image size of job updated: 1
	3  -  MemoryUsage of job (MB)
	2360  -  ResidentSetSize of job (KB)
...
006 (472514.000.000) 06/26 14:33:01 Image size of job updated: 248016
	3  -  MemoryUsage of job (MB)
	2360  -  ResidentSetSize of job (KB)
...
005 (472514.000.000) 06/26 14:33:01 Job terminated.
	(1) Normal termination (return value 0)
		Usr 0 00:01:35, Sys 0 00:00:02  -  Run Remote Usage
		Usr 0 00:00:00, Sys 0 00:00:00  -  Run Local Usage
		Usr 0 00:01:35, Sys 0 00:00:02  -  Total Remote Usage
		Usr 0 00:00:00, Sys 0 00:00:00  -  Total Local Usage
	480145  -  Run Bytes Sent By Job
	48486  -  Run Bytes Received By Job
	480145  -  Total Bytes Sent By Job
	48486  -  Total Bytes Received By Job
	Partitionable Resources :    Usage  Request          
	   Cpus                 :                 1          
	   Disk (KB)            :      542      542          
	   Memory (MB)          :        3        3          
...
000 (472640.000.000) 06/26 15:12:41 Job submitted from host: <18.12.1.74:48322>
...
001 (472640.000.000) 06/26 15:13:18 Job executing on host: <18.12.9.15:45402>
...
006 (472640.000.000) 06/26 15:13:27 Image size of job updated: 146192
	31  -  MemoryUsage of job (MB)
	31480  -  ResidentSetSize of job (KB)
...
006 (472640.000.000) 06/26 15:15:43 Image size of job updated: 248092
	31  -  MemoryUsage of job (MB)
	31480  -  ResidentSetSize of job (KB)
...
005 (472640.000.000) 06/26 15:15:43 Job terminated.
	(1) Normal termination (return value 0)
		Usr 0 00:01:53, Sys 0 00:00:02  -  Run Remote Usage
		Usr 0 00:00:00, Sys 0 00:00:00  -  Run Local Usage
		Usr 0 00:01:53, Sys 0 00:00:02  -  Total Remote Usage
		Usr 0 00:00:00, Sys 0 00:00:00  -  Total Local Usage
	479849  -  Run Bytes Sent By Job
	48521  -  Run Bytes Received By Job
	479849  -  Total Bytes Sent By Job
	48521  -  Total Bytes Received By Job
	Partitionable Resources :    Usage  Request          
	   Cpus                 :                 1          
	   Disk (KB)            :      542      542          
	   Memory (MB)          :       31       31          
...
000 (472848.000.000) 06/26 16:40:20 Job submitted from host: <18.12.1.74:48322>
...
001 (472848.000.000) 06/26 16:40:31 Job executing on host: <18.12.6.37:42555>
...
006 (472848.000.000) 06/26 16:40:39 Image size of job updated: 69172
	14  -  MemoryUsage of job (MB)
	13316  -  ResidentSetSize of job (KB)
...
006 (472848.000.000) 06/26 16:43:07 Image size of job updated: 248096
	14  -  MemoryUsage of job (MB)
	13316  -  ResidentSetSize of job (KB)
...
005 (472848.000.000) 06/26 16:43:07 Job terminated.
	(1) Normal termination (return value 0)
		Usr 0 00:01:46, Sys 0 00:00:01  -  Run Remote Usage
		Usr 0 00:00:00, Sys 0 00:00:00  -  Run Local Usage
		Usr 0 00:01:46, Sys 0 00:00:01  -  Total Remote Usage
		Usr 0 00:00:00, Sys 0 00:00:00  -  Total Local Usage
	480393  -  Run Bytes Sent By Job
	48948  -  Run Bytes Received By Job
	480393  -  Total Bytes Sent By Job
	48948  -  Total Bytes Received By Job
	Partitionable Resources :    Usage  Request          
	   Cpus                 :                 1          
	   Disk (KB)            :      542      542          
	   Memory (MB)          :       14       14          
...
000 (492199.000.000) 06/29 10:00:31 Job submitted from host: <18.12.1.74:48322>
...
001 (492199.000.000) 06/29 10:00:48 Job executing on host: <18.12.8.4:48614>
...
006 (492199.000.000) 06/29 10:00:56 Image size of job updated: 143788
	25  -  MemoryUsage of job (MB)
	25264  -  ResidentSetSize of job (KB)
...
006 (492199.000.000) 06/29 10:03:22 Image size of job updated: 248140
	25  -  MemoryUsage of job (MB)
	25264  -  ResidentSetSize of job (KB)
...
005 (492199.000.000) 06/29 10:03:22 Job terminated.
	(1) Normal termination (return value 0)
		Usr 0 00:02:02, Sys 0 00:00:02  -  Run Remote Usage
		Usr 0 00:00:00, Sys 0 00:00:00  -  Run Local Usage
		Usr 0 00:02:02, Sys 0 00:00:02  -  Total Remote Usage
		Usr 0 00:00:00, Sys 0 00:00:00  -  Total Local Usage
	480751  -  Run Bytes Sent By Job
	49114  -  Run Bytes Received By Job
	480751  -  Total Bytes Sent By Job
	49114  -  Total Bytes Received By Job
	Partitionable Resources :    Usage  Request          
	   Cpus                 :                 1          
	   Disk (KB)            :      543      543          
	   Memory (MB)          :       25       25          
...
000 (493096.000.000) 06/29 11:50:36 Job submitted from host: <18.12.1.74:48322>
...
001 (493096.000.000) 06/29 11:50:56 Job executing on host: <18.12.8.191:47519>
...
006 (493096.000.000) 06/29 11:51:04 Image size of job updated: 1
	3  -  MemoryUsage of job (MB)
	2368  -  ResidentSetSize of job (KB)
...
006 (493096.000.000) 06/29 11:53:58 Image size of job updated: 192620
	3  -  MemoryUsage of job (MB)
	2368  -  ResidentSetSize of job (KB)
...
005 (493096.000.000) 06/29 11:53:58 Job terminated.
	(1) Normal termination (return value 0)
		Usr 0 00:01:54, Sys 0 00:00:01  -  Run Remote Usage
		Usr 0 00:00:00, Sys 0 00:00:00  -  Run Local Usage
		Usr 0 00:01:54, Sys 0 00:00:01  -  Total Remote Usage
		Usr 0 00:00:00, Sys 0 00:00:00  -  Total Local Usage
	481446  -  Run Bytes Sent By Job
	49359  -  Run Bytes Received By Job
	481446  -  Total Bytes Sent By Job
	49359  -  Total Bytes Received By Job
	Partitionable Resources :    Usage  Request          
	   Cpus                 :                 1          
	   Disk (KB)            :      544      544          
	   Memory (MB)          :        3        3          
...
000 (493213.000.000) 06/29 12:56:22 Job submitted from host: <18.12.1.74:48322>
...
001 (493213.000.000) 06/29 12:57:03 Job executing on host: <18.12.8.141:49271>
...
006 (493213.000.000) 06/29 12:57:12 Image size of job updated: 1196
	1  -  MemoryUsage of job (MB)
	152  -  ResidentSetSize of job (KB)
...
006 (493213.000.000) 06/29 13:01:25 Image size of job updated: 192756
	1  -  MemoryUsage of job (MB)
	152  -  ResidentSetSize of job (KB)
...
005 (493213.000.000) 06/29 13:01:25 Job terminated.
	(1) Normal termination (return value 0)
		Usr 0 00:01:13, Sys 0 00:00:01  -  Run Remote Usage
		Usr 0 00:00:00, Sys 0 00:00:00  -  Run Local Usage
		Usr 0 00:01:13, Sys 0 00:00:01  -  Total Remote Usage
		Usr 0 00:00:00, Sys 0 00:00:00  -  Total Local Usage
	481440  -  Run Bytes Sent By Job
	49363  -  Run Bytes Received By Job
	481440  -  Total Bytes Sent By Job
	49363  -  Total Bytes Received By Job
	Partitionable Resources :    Usage  Request          
	   Cpus                 :                 1          
	   Disk (KB)            :      544      544          
	   Memory (MB)          :        1        1          
...
000 (493359.000.000) 06/29 13:37:10 Job submitted from host: <18.12.1.74:48322>
...
001 (493359.000.000) 06/29 13:37:46 Job executing on host: <18.12.9.44:49782>
...
006 (493359.000.000) 06/29 13:37:56 Image size of job updated: 1
	3  -  MemoryUsage of job (MB)
	2360  -  ResidentSetSize of job (KB)
...
006 (493359.000.000) 06/29 13:42:56 Image size of job updated: 192628
	75  -  MemoryUsage of job (MB)
	76048  -  ResidentSetSize of job (KB)
...
005 (493359.000.000) 06/29 13:45:57 Job terminated.
	(1) Normal termination (return value 0)
		Usr 0 00:01:43, Sys 0 00:00:01  -  Run Remote Usage
		Usr 0 00:00:00, Sys 0 00:00:00  -  Run Local Usage
		Usr 0 00:01:43, Sys 0 00:00:01  -  Total Remote Usage
		Usr 0 00:00:00, Sys 0 00:00:00  -  Total Local Usage
	481842  -  Run Bytes Sent By Job
	49355  -  Run Bytes Received By Job
	481842  -  Total Bytes Sent By Job
	49355  -  Total Bytes Received By Job
	Partitionable Resources :    Usage  Request          
	   Cpus                 :                 1          
	   Disk (KB)            :      544      544          
	   Memory (MB)          :       75       75          
...
000 (493503.000.000) 06/29 15:03:06 Job submitted from host: <18.12.1.74:48322>
...
001 (493503.000.000) 06/29 15:03:37 Job executing on host: <18.12.8.127:48906>
...
006 (493503.000.000) 06/29 15:03:46 Image size of job updated: 144972
	29  -  MemoryUsage of job (MB)
	28704  -  ResidentSetSize of job (KB)
...
006 (493503.000.000) 06/29 15:04:52 Image size of job updated: 192796
	29  -  MemoryUsage of job (MB)
	28704  -  ResidentSetSize of job (KB)
...
004 (493503.000.000) 06/29 15:04:52 Job was evicted.
	(0) Job was not checkpointed.
		Usr 0 00:00:23, Sys 0 00:00:00  -  Run Remote Usage
		Usr 0 00:00:00, Sys 0 00:00:00  -  Run Local Usage
	0  -  Run Bytes Sent By Job
	49355  -  Run Bytes Received By Job
	Partitionable Resources :    Usage  Request          
	   Cpus                 :                 1          
	   Disk (KB)            :      544      544          
	   Memory (MB)          :       29       29          
...
009 (493503.000.000) 06/29 15:04:59 Job was aborted by the user.
	via condor_rm (by user rkunnawa)
...
000 (493620.000.000) 06/29 15:05:22 Job submitted from host: <18.12.1.74:48322>
...
001 (493620.000.000) 06/29 15:05:33 Job executing on host: <18.12.8.152:49563>
...
006 (493620.000.000) 06/29 15:05:42 Image size of job updated: 146232
	31  -  MemoryUsage of job (MB)
	30948  -  ResidentSetSize of job (KB)
...
000 (493737.000.000) 06/29 15:06:03 Job submitted from host: <18.12.1.74:48322>
...
001 (493737.000.000) 06/29 15:06:13 Job executing on host: <18.12.6.96:42044>
...
006 (493737.000.000) 06/29 15:06:22 Image size of job updated: 1196
	1  -  MemoryUsage of job (MB)
	156  -  ResidentSetSize of job (KB)
...
006 (493620.000.000) 06/29 15:08:25 Image size of job updated: 192760
	31  -  MemoryUsage of job (MB)
	30948  -  ResidentSetSize of job (KB)
...
005 (493620.000.000) 06/29 15:08:25 Job terminated.
	(1) Normal termination (return value 0)
		Usr 0 00:01:31, Sys 0 00:00:01  -  Run Remote Usage
		Usr 0 00:00:00, Sys 0 00:00:00  -  Run Local Usage
		Usr 0 00:01:31, Sys 0 00:00:01  -  Total Remote Usage
		Usr 0 00:00:00, Sys 0 00:00:00  -  Total Local Usage
	481440  -  Run Bytes Sent By Job
	49355  -  Run Bytes Received By Job
	481440  -  Total Bytes Sent By Job
	49355  -  Total Bytes Received By Job
	Partitionable Resources :    Usage  Request          
	   Cpus                 :                 1          
	   Disk (KB)            :      544      544          
	   Memory (MB)          :       31       31          
...
006 (493737.000.000) 06/29 15:09:19 Image size of job updated: 192756
	1  -  MemoryUsage of job (MB)
	156  -  ResidentSetSize of job (KB)
...
005 (493737.000.000) 06/29 15:09:19 Job terminated.
	(1) Normal termination (return value 0)
		Usr 0 00:01:49, Sys 0 00:00:01  -  Run Remote Usage
		Usr 0 00:00:00, Sys 0 00:00:00  -  Run Local Usage
		Usr 0 00:01:49, Sys 0 00:00:01  -  Total Remote Usage
		Usr 0 00:00:00, Sys 0 00:00:00  -  Total Local Usage
	481552  -  Run Bytes Sent By Job
	49356  -  Run Bytes Received By Job
	481552  -  Total Bytes Sent By Job
	49356  -  Total Bytes Received By Job
	Partitionable Resources :    Usage  Request          
	   Cpus                 :                 1          
	   Disk (KB)            :      544      544          
	   Memory (MB)          :        1        1          
...
000 (494556.000.000) 06/29 21:49:56 Job submitted from host: <18.12.1.74:48322>
...
001 (494556.000.000) 06/29 21:50:28 Job executing on host: <18.12.9.71:48103>
...
006 (494556.000.000) 06/29 21:50:36 Image size of job updated: 192664
	45  -  MemoryUsage of job (MB)
	45100  -  ResidentSetSize of job (KB)
...
006 (494556.000.000) 06/29 21:52:49 Image size of job updated: 192796
	45  -  MemoryUsage of job (MB)
	45100  -  ResidentSetSize of job (KB)
...
005 (494556.000.000) 06/29 21:52:49 Job terminated.
	(1) Normal termination (return value 0)
		Usr 0 00:01:43, Sys 0 00:00:02  -  Run Remote Usage
		Usr 0 00:00:00, Sys 0 00:00:00  -  Run Local Usage
		Usr 0 00:01:43, Sys 0 00:00:02  -  Total Remote Usage
		Usr 0 00:00:00, Sys 0 00:00:00  -  Total Local Usage
	482134  -  Run Bytes Sent By Job
	49495  -  Run Bytes Received By Job
	482134  -  Total Bytes Sent By Job
	49495  -  Total Bytes Received By Job
	Partitionable Resources :    Usage  Request          
	   Cpus                 :                 1          
	   Disk (KB)            :      545      545          
	   Memory (MB)          :       45       45          
...
000 (496471.000.000) 07/07 14:54:08 Job submitted from host: <18.12.1.74:48322>
...
001 (496471.000.000) 07/07 14:54:34 Job executing on host: <18.12.9.75:47081>
...
006 (496471.000.000) 07/07 14:54:42 Image size of job updated: 156952
	44  -  MemoryUsage of job (MB)
	44740  -  ResidentSetSize of job (KB)
...
006 (496471.000.000) 07/07 14:56:39 Image size of job updated: 193128
	44  -  MemoryUsage of job (MB)
	44740  -  ResidentSetSize of job (KB)
...
005 (496471.000.000) 07/07 14:56:39 Job terminated.
	(1) Normal termination (return value 0)
		Usr 0 00:01:34, Sys 0 00:00:01  -  Run Remote Usage
		Usr 0 00:00:00, Sys 0 00:00:00  -  Run Local Usage
		Usr 0 00:01:34, Sys 0 00:00:01  -  Total Remote Usage
		Usr 0 00:00:00, Sys 0 00:00:00  -  Total Local Usage
	488170  -  Run Bytes Sent By Job
	50562  -  Run Bytes Received By Job
	488170  -  Total Bytes Sent By Job
	50562  -  Total Bytes Received By Job
	Partitionable Resources :    Usage  Request          
	   Cpus                 :                 1          
	   Disk (KB)            :      552      552          
	   Memory (MB)          :       44       44          
...
000 (496707.000.000) 07/07 17:00:52 Job submitted from host: <18.12.1.74:48322>
...
001 (496707.000.000) 07/07 17:01:28 Job executing on host: <18.12.9.4:40438>
...
006 (496707.000.000) 07/07 17:01:36 Image size of job updated: 192732
	58  -  MemoryUsage of job (MB)
	59384  -  ResidentSetSize of job (KB)
...
006 (496707.000.000) 07/07 17:04:21 Image size of job updated: 193128
	58  -  MemoryUsage of job (MB)
	59384  -  ResidentSetSize of job (KB)
...
005 (496707.000.000) 07/07 17:04:22 Job terminated.
	(1) Normal termination (return value 0)
		Usr 0 00:02:21, Sys 0 00:00:01  -  Run Remote Usage
		Usr 0 00:00:00, Sys 0 00:00:00  -  Run Local Usage
		Usr 0 00:02:21, Sys 0 00:00:01  -  Total Remote Usage
		Usr 0 00:00:00, Sys 0 00:00:00  -  Total Local Usage
	488172  -  Run Bytes Sent By Job
	50642  -  Run Bytes Received By Job
	488172  -  Total Bytes Sent By Job
	50642  -  Total Bytes Received By Job
	Partitionable Resources :    Usage  Request          
	   Cpus                 :                 1          
	   Disk (KB)            :      552      552          
	   Memory (MB)          :       58       58          
...
000 (497087.000.000) 07/09 11:21:56 Job submitted from host: <18.12.1.74:48322>
...
001 (497087.000.000) 07/09 11:22:34 Job executing on host: <18.12.9.81:45256>
...
006 (497087.000.000) 07/09 11:22:42 Image size of job updated: 192860
	48  -  MemoryUsage of job (MB)
	49028  -  ResidentSetSize of job (KB)
...
006 (497087.000.000) 07/09 11:24:30 Image size of job updated: 192992
	48  -  MemoryUsage of job (MB)
	49028  -  ResidentSetSize of job (KB)
...
005 (497087.000.000) 07/09 11:24:30 Job terminated.
	(1) Normal termination (return value 0)
		Usr 0 00:01:22, Sys 0 00:00:00  -  Run Remote Usage
		Usr 0 00:00:00, Sys 0 00:00:00  -  Run Local Usage
		Usr 0 00:01:22, Sys 0 00:00:00  -  Total Remote Usage
		Usr 0 00:00:00, Sys 0 00:00:00  -  Total Local Usage
	488447  -  Run Bytes Sent By Job
	50700  -  Run Bytes Received By Job
	488447  -  Total Bytes Sent By Job
	50700  -  Total Bytes Received By Job
	Partitionable Resources :    Usage  Request          
	   Cpus                 :                 1          
	   Disk (KB)            :      552      552          
	   Memory (MB)          :       48       48          
...
000 (497593.000.000) 07/09 15:43:02 Job submitted from host: <18.12.1.74:48322>
...
001 (497593.000.000) 07/09 15:43:13 Job executing on host: <18.12.8.62:41606>
...
006 (497593.000.000) 07/09 15:43:21 Image size of job updated: 1
	3  -  MemoryUsage of job (MB)
	2352  -  ResidentSetSize of job (KB)
...
006 (497593.000.000) 07/09 15:48:21 Image size of job updated: 193132
	76  -  MemoryUsage of job (MB)
	77200  -  ResidentSetSize of job (KB)
...
005 (497593.000.000) 07/09 15:50:29 Job terminated.
	(1) Normal termination (return value 0)
		Usr 0 00:06:08, Sys 0 00:00:04  -  Run Remote Usage
		Usr 0 00:00:00, Sys 0 00:00:00  -  Run Local Usage
		Usr 0 00:06:08, Sys 0 00:00:04  -  Total Remote Usage
		Usr 0 00:00:00, Sys 0 00:00:00  -  Total Local Usage
	488111  -  Run Bytes Sent By Job
	50706  -  Run Bytes Received By Job
	488111  -  Total Bytes Sent By Job
	50706  -  Total Bytes Received By Job
	Partitionable Resources :    Usage  Request          
	   Cpus                 :                 1          
	   Disk (KB)            :      552      552          
	   Memory (MB)          :       76       76          
...
000 (497918.000.000) 07/09 16:40:10 Job submitted from host: <18.12.1.74:48322>
...
001 (497918.000.000) 07/09 16:40:38 Job executing on host: <18.12.6.91:40511>
...
006 (497918.000.000) 07/09 16:40:47 Image size of job updated: 13384
	2  -  MemoryUsage of job (MB)
	1980  -  ResidentSetSize of job (KB)
...
006 (497918.000.000) 07/09 16:43:29 Image size of job updated: 193124
	2  -  MemoryUsage of job (MB)
	1980  -  ResidentSetSize of job (KB)
...
005 (497918.000.000) 07/09 16:43:29 Job terminated.
	(1) Normal termination (return value 0)
		Usr 0 00:02:12, Sys 0 00:00:02  -  Run Remote Usage
		Usr 0 00:00:00, Sys 0 00:00:00  -  Run Local Usage
		Usr 0 00:02:12, Sys 0 00:00:02  -  Total Remote Usage
		Usr 0 00:00:00, Sys 0 00:00:00  -  Total Local Usage
	488570  -  Run Bytes Sent By Job
	50713  -  Run Bytes Received By Job
	488570  -  Total Bytes Sent By Job
	50713  -  Total Bytes Received By Job
	Partitionable Resources :    Usage  Request          
	   Cpus                 :                 1          
	   Disk (KB)            :      552      552          
	   Memory (MB)          :        2        2          
...
000 (498233.000.000) 07/10 12:07:50 Job submitted from host: <18.12.1.74:48322>
...
001 (498233.000.000) 07/10 12:08:07 Job executing on host: <18.12.6.91:44599>
...
006 (498233.000.000) 07/10 12:08:16 Image size of job updated: 192868
	46  -  MemoryUsage of job (MB)
	46656  -  ResidentSetSize of job (KB)
...
006 (498233.000.000) 07/10 12:10:31 Image size of job updated: 193132
	46  -  MemoryUsage of job (MB)
	46656  -  ResidentSetSize of job (KB)
...
005 (498233.000.000) 07/10 12:10:31 Job terminated.
	(1) Normal termination (return value 0)
		Usr 0 00:01:49, Sys 0 00:00:01  -  Run Remote Usage
		Usr 0 00:00:00, Sys 0 00:00:00  -  Run Local Usage
		Usr 0 00:01:49, Sys 0 00:00:01  -  Total Remote Usage
		Usr 0 00:00:00, Sys 0 00:00:00  -  Total Local Usage
	488279  -  Run Bytes Sent By Job
	50718  -  Run Bytes Received By Job
	488279  -  Total Bytes Sent By Job
	50718  -  Total Bytes Received By Job
	Partitionable Resources :    Usage  Request          
	   Cpus                 :                 1          
	   Disk (KB)            :      552      552          
	   Memory (MB)          :       46       46          
...
000 (498361.000.000) 07/10 14:02:34 Job submitted from host: <18.12.1.74:48322>
...
001 (498361.000.000) 07/10 14:07:59 Job executing on host: <18.12.9.33:46278>
...
006 (498361.000.000) 07/10 14:08:08 Image size of job updated: 1
	3  -  MemoryUsage of job (MB)
	2348  -  ResidentSetSize of job (KB)
...
006 (498361.000.000) 07/10 14:13:09 Image size of job updated: 193128
	68  -  MemoryUsage of job (MB)
	68896  -  ResidentSetSize of job (KB)
...
005 (498361.000.000) 07/10 14:15:27 Job terminated.
	(1) Normal termination (return value 0)
		Usr 0 00:01:38, Sys 0 00:00:01  -  Run Remote Usage
		Usr 0 00:00:00, Sys 0 00:00:00  -  Run Local Usage
		Usr 0 00:01:38, Sys 0 00:00:01  -  Total Remote Usage
		Usr 0 00:00:00, Sys 0 00:00:00  -  Total Local Usage
	488809  -  Run Bytes Sent By Job
	50793  -  Run Bytes Received By Job
	488809  -  Total Bytes Sent By Job
	50793  -  Total Bytes Received By Job
	Partitionable Resources :    Usage  Request          
	   Cpus                 :                 1          
	   Disk (KB)            :      553      553          
	   Memory (MB)          :       68       68          
...
000 (498563.000.000) 07/10 16:45:18 Job submitted from host: <18.12.1.74:48322>
...
001 (498563.000.000) 07/10 16:45:44 Job executing on host: <18.12.8.142:49855>
...
006 (498563.000.000) 07/10 16:45:53 Image size of job updated: 193252
	45  -  MemoryUsage of job (MB)
	45676  -  ResidentSetSize of job (KB)
...
006 (498563.000.000) 07/10 16:47:22 Image size of job updated: 193516
	45  -  MemoryUsage of job (MB)
	45676  -  ResidentSetSize of job (KB)
...
005 (498563.000.000) 07/10 17:27:40 Job terminated.
	(1) Normal termination (return value 0)
		Usr 0 00:01:12, Sys 0 00:00:01  -  Run Remote Usage
		Usr 0 00:00:00, Sys 0 00:00:00  -  Run Local Usage
		Usr 0 00:01:12, Sys 0 00:00:01  -  Total Remote Usage
		Usr 0 00:00:00, Sys 0 00:00:00  -  Total Local Usage
	496930  -  Run Bytes Sent By Job
	52122  -  Run Bytes Received By Job
	496930  -  Total Bytes Sent By Job
	52122  -  Total Bytes Received By Job
	Partitionable Resources :    Usage  Request          
	   Cpus                 :                 1          
	   Disk (KB)            :      562      562          
	   Memory (MB)          :       45       45          
...
