
----------------------------------------------------
Job started on Fri Jul 10 16:45:41 EDT 2015 at WN: t2bat0169.cmsaf.mit.edu 
Job is running on Linux t2bat0169.cmsaf.mit.edu 2.6.32-358.el6.x86_64 #1 SMP Fri Feb 22 20:37:17 CST 2013 x86_64 x86_64 x86_64 GNU/Linux
Filesystem            Size  Used Avail Use% Mounted on
/dev/sda3              20G  3.0G   16G  16% /
tmpfs                  12G     0   12G   0% /dev/shm
/dev/sda1              97M   32M   61M  35% /boot
/dev/sda4             874G   71G  803G   9% /export/data1
/dev/sdb1             1.8T  1.7T  159G  92% /export/00b
/dev/sdc1             1.8T  1.7T  171G  91% /export/00c
/dev/sdd1             1.8T  1.7T  169G  91% /export/00d
/dev/sde1             1.8T  1.7T  166G  91% /export/00e
/dev/sdf1             1.8T  1.7T  165G  92% /export/00f
fuse_dfs              4.9P  4.5P  447T  92% /mnt/hadoop
cvmfs2                 98G   68G   31G  69% /cvmfs/cms.cern.ch
t2srv0004:/export/db  135G  187M  135G   1% /net/t2srv0004/db
cvmfs2                 98G   68G   31G  69% /cvmfs/cvmfs.cmsaf.mit.edu
cvmfs2                 98G   68G   31G  69% /cvmfs/oasis.opensciencegrid.org
gcc (GCC) 4.4.7 20120313 (Red Hat 4.4.7-3)
Copyright (C) 2010 Free Software Foundation, Inc.
This is free software; see the source for copying conditions.  There is NO
warranty; not even for MERCHANTABILITY or FITNESS FOR A PARTICULAR PURPOSE.

Processing...
0/446648
10000/446648
20000/446648
30000/446648
40000/446648
50000/446648
60000/446648
70000/446648
80000/446648
90000/446648
100000/446648
110000/446648
120000/446648
130000/446648
140000/446648
150000/446648
160000/446648
170000/446648
180000/446648
190000/446648
200000/446648
210000/446648
220000/446648
230000/446648
240000/446648
250000/446648
260000/446648
270000/446648
280000/446648
290000/446648
300000/446648
310000/446648
320000/446648
330000/446648
340000/446648
350000/446648
360000/446648
370000/446648
380000/446648
390000/446648
400000/446648
410000/446648
420000/446648
430000/446648
440000/446648
Macro finished: 
CPU time (min)  = 3.25967
Real time (min) = 4.1171
Done!
Copied output files to hadoop rootfiles/JetRAA/June22
