000 (428165.000.000) 06/23 17:53:54 Job submitted from host: <18.12.1.74:48322>
...
001 (428165.000.000) 06/23 17:54:18 Job executing on host: <18.12.9.72:42336>
...
006 (428165.000.000) 06/23 17:54:27 Image size of job updated: 147760
	32  -  MemoryUsage of job (MB)
	32636  -  ResidentSetSize of job (KB)
...
006 (428165.000.000) 06/23 17:58:58 Image size of job updated: 250228
	32  -  MemoryUsage of job (MB)
	32636  -  ResidentSetSize of job (KB)
...
005 (428165.000.000) 06/23 17:58:58 Job terminated.
	(1) Normal termination (return value 0)
		Usr 0 00:03:27, Sys 0 00:00:02  -  Run Remote Usage
		Usr 0 00:00:00, Sys 0 00:00:00  -  Run Local Usage
		Usr 0 00:03:27, Sys 0 00:00:02  -  Total Remote Usage
		Usr 0 00:00:00, Sys 0 00:00:00  -  Total Local Usage
	408106  -  Run Bytes Sent By Job
	46217  -  Run Bytes Received By Job
	408106  -  Total Bytes Sent By Job
	46217  -  Total Bytes Received By Job
	Partitionable Resources :    Usage  Request          
	   Cpus                 :                 1          
	   Disk (KB)            :      469      469          
	   Memory (MB)          :       32       32          
...
