
----------------------------------------------------
Job started on Tue Jun 23 17:54:15 EDT 2015 at WN: t2bat0310.cmsaf.mit.edu 
Job is running on Linux t2bat0310.cmsaf.mit.edu 2.6.32-358.el6.x86_64 #1 SMP Fri Feb 22 20:37:17 CST 2013 x86_64 x86_64 x86_64 GNU/Linux
Filesystem            Size  Used Avail Use% Mounted on
/dev/sda3              20G  3.1G   16G  17% /
tmpfs                  32G     0   32G   0% /dev/shm
/dev/sda1              97M   32M   61M  35% /boot
/dev/sda4             416G   58G  358G  14% /export/data1
fuse_dfs              4.9P  4.4P  516T  90% /mnt/hadoop
/dev/sdb1             3.6T  3.2T  413G  89% /export/00b
/dev/sdc1             3.6T  3.3T  378G  90% /export/00c
/dev/sdd1             3.6T  3.2T  408G  89% /export/00d
/dev/sde1             3.6T  3.2T  422G  89% /export/00e
/dev/sdf1             3.6T  3.2T  403G  90% /export/00f
/dev/sdg1             3.6T  3.2T  403G  90% /export/00g
t2srv0004:/export/db  135G  187M  135G   1% /net/t2srv0004/db
cvmfs2                 98G   55G   44G  56% /cvmfs/cms.cern.ch
cvmfs2                 98G   55G   44G  56% /cvmfs/oasis.opensciencegrid.org
cvmfs2                 98G   55G   44G  56% /cvmfs/grid.cern.ch
gcc (GCC) 4.4.7 20120313 (Red Hat 4.4.7-3)
Copyright (C) 2010 Free Software Foundation, Inc.
This is free software; see the source for copying conditions.  There is NO
warranty; not even for MERCHANTABILITY or FITNESS FOR A PARTICULAR PURPOSE.

Processing...
0/1705243
10000/1705243
20000/1705243
30000/1705243
40000/1705243
50000/1705243
60000/1705243
70000/1705243
80000/1705243
90000/1705243
100000/1705243
110000/1705243
120000/1705243
130000/1705243
140000/1705243
150000/1705243
160000/1705243
170000/1705243
180000/1705243
190000/1705243
200000/1705243
210000/1705243
220000/1705243
230000/1705243
240000/1705243
250000/1705243
260000/1705243
270000/1705243
280000/1705243
290000/1705243
300000/1705243
310000/1705243
320000/1705243
330000/1705243
340000/1705243
350000/1705243
360000/1705243
370000/1705243
380000/1705243
390000/1705243
400000/1705243
410000/1705243
420000/1705243
430000/1705243
440000/1705243
450000/1705243
460000/1705243
470000/1705243
480000/1705243
490000/1705243
500000/1705243
510000/1705243
520000/1705243
530000/1705243
540000/1705243
550000/1705243
560000/1705243
570000/1705243
580000/1705243
590000/1705243
600000/1705243
610000/1705243
620000/1705243
630000/1705243
640000/1705243
650000/1705243
660000/1705243
670000/1705243
680000/1705243
690000/1705243
700000/1705243
710000/1705243
720000/1705243
730000/1705243
740000/1705243
750000/1705243
760000/1705243
770000/1705243
780000/1705243
790000/1705243
800000/1705243
810000/1705243
820000/1705243
830000/1705243
840000/1705243
850000/1705243
860000/1705243
870000/1705243
880000/1705243
890000/1705243
900000/1705243
910000/1705243
920000/1705243
930000/1705243
940000/1705243
950000/1705243
960000/1705243
970000/1705243
980000/1705243
990000/1705243
1000000/1705243
1010000/1705243
1020000/1705243
1030000/1705243
1040000/1705243
1050000/1705243
1060000/1705243
1070000/1705243
1080000/1705243
1090000/1705243
1100000/1705243
1110000/1705243
1120000/1705243
1130000/1705243
1140000/1705243
1150000/1705243
1160000/1705243
1170000/1705243
1180000/1705243
1190000/1705243
1200000/1705243
1210000/1705243
1220000/1705243
1230000/1705243
1240000/1705243
1250000/1705243
1260000/1705243
1270000/1705243
1280000/1705243
1290000/1705243
1300000/1705243
1310000/1705243
1320000/1705243
1330000/1705243
1340000/1705243
1350000/1705243
1360000/1705243
1370000/1705243
1380000/1705243
1390000/1705243
1400000/1705243
1410000/1705243
1420000/1705243
1430000/1705243
1440000/1705243
1450000/1705243
1460000/1705243
1470000/1705243
1480000/1705243
1490000/1705243
1500000/1705243
1510000/1705243
1520000/1705243
1530000/1705243
1540000/1705243
1550000/1705243
1560000/1705243
1570000/1705243
1580000/1705243
1590000/1705243
1600000/1705243
1610000/1705243
1620000/1705243
1630000/1705243
1640000/1705243
1650000/1705243
1660000/1705243
1670000/1705243
1680000/1705243
1690000/1705243
1700000/1705243
Macro finished: 
CPU time (min)  = 11.6927
Real time (min) = 14.1052
Done!
Copied output files to hadoop rootfiles/JetRAA/June22
