000 (428156.000.000) 06/23 17:53:54 Job submitted from host: <18.12.1.74:48322>
...
001 (428156.000.000) 06/23 17:54:15 Job executing on host: <18.12.9.75:47081>
...
006 (428156.000.000) 06/23 17:54:24 Image size of job updated: 1196
	1  -  MemoryUsage of job (MB)
	152  -  ResidentSetSize of job (KB)
...
006 (428156.000.000) 06/23 17:59:25 Image size of job updated: 246948
	134  -  MemoryUsage of job (MB)
	136276  -  ResidentSetSize of job (KB)
...
006 (428156.000.000) 06/23 18:04:25 Image size of job updated: 248704
	135  -  MemoryUsage of job (MB)
	138184  -  ResidentSetSize of job (KB)
...
006 (428156.000.000) 06/23 18:11:35 Image size of job updated: 249228
	136  -  MemoryUsage of job (MB)
	138592  -  ResidentSetSize of job (KB)
...
005 (428156.000.000) 06/23 18:11:35 Job terminated.
	(1) Normal termination (return value 0)
		Usr 0 00:10:12, Sys 0 00:00:03  -  Run Remote Usage
		Usr 0 00:00:00, Sys 0 00:00:00  -  Run Local Usage
		Usr 0 00:10:12, Sys 0 00:00:03  -  Total Remote Usage
		Usr 0 00:00:00, Sys 0 00:00:00  -  Total Local Usage
	410478  -  Run Bytes Sent By Job
	46217  -  Run Bytes Received By Job
	410478  -  Total Bytes Sent By Job
	46217  -  Total Bytes Received By Job
	Partitionable Resources :    Usage  Request          
	   Cpus                 :                 1          
	   Disk (KB)            :      742      742          
	   Memory (MB)          :      136      136          
...
