
----------------------------------------------------
Job started on Tue Jun 23 17:54:16 EDT 2015 at WN: t2bat0310.cmsaf.mit.edu 
Job is running on Linux t2bat0310.cmsaf.mit.edu 2.6.32-358.el6.x86_64 #1 SMP Fri Feb 22 20:37:17 CST 2013 x86_64 x86_64 x86_64 GNU/Linux
Filesystem            Size  Used Avail Use% Mounted on
/dev/sda3              20G  3.1G   16G  17% /
tmpfs                  32G     0   32G   0% /dev/shm
/dev/sda1              97M   32M   61M  35% /boot
/dev/sda4             416G   58G  358G  14% /export/data1
fuse_dfs              4.9P  4.4P  516T  90% /mnt/hadoop
/dev/sdb1             3.6T  3.2T  413G  89% /export/00b
/dev/sdc1             3.6T  3.3T  378G  90% /export/00c
/dev/sdd1             3.6T  3.2T  408G  89% /export/00d
/dev/sde1             3.6T  3.2T  422G  89% /export/00e
/dev/sdf1             3.6T  3.2T  403G  90% /export/00f
/dev/sdg1             3.6T  3.2T  403G  90% /export/00g
t2srv0004:/export/db  135G  187M  135G   1% /net/t2srv0004/db
cvmfs2                 98G   55G   44G  56% /cvmfs/cms.cern.ch
cvmfs2                 98G   55G   44G  56% /cvmfs/oasis.opensciencegrid.org
cvmfs2                 98G   55G   44G  56% /cvmfs/grid.cern.ch
gcc (GCC) 4.4.7 20120313 (Red Hat 4.4.7-3)
Copyright (C) 2010 Free Software Foundation, Inc.
This is free software; see the source for copying conditions.  There is NO
warranty; not even for MERCHANTABILITY or FITNESS FOR A PARTICULAR PURPOSE.

Processing...
0/1190012
10000/1190012
20000/1190012
30000/1190012
40000/1190012
50000/1190012
60000/1190012
70000/1190012
80000/1190012
90000/1190012
100000/1190012
110000/1190012
120000/1190012
130000/1190012
140000/1190012
150000/1190012
160000/1190012
170000/1190012
180000/1190012
190000/1190012
200000/1190012
210000/1190012
220000/1190012
230000/1190012
240000/1190012
250000/1190012
260000/1190012
270000/1190012
280000/1190012
290000/1190012
300000/1190012
310000/1190012
320000/1190012
330000/1190012
340000/1190012
350000/1190012
360000/1190012
370000/1190012
380000/1190012
390000/1190012
400000/1190012
410000/1190012
420000/1190012
430000/1190012
440000/1190012
450000/1190012
460000/1190012
470000/1190012
480000/1190012
490000/1190012
500000/1190012
510000/1190012
520000/1190012
530000/1190012
540000/1190012
550000/1190012
560000/1190012
570000/1190012
580000/1190012
590000/1190012
600000/1190012
610000/1190012
620000/1190012
630000/1190012
640000/1190012
650000/1190012
660000/1190012
670000/1190012
680000/1190012
690000/1190012
700000/1190012
710000/1190012
720000/1190012
730000/1190012
740000/1190012
750000/1190012
760000/1190012
770000/1190012
780000/1190012
790000/1190012
800000/1190012
810000/1190012
820000/1190012
830000/1190012
840000/1190012
850000/1190012
860000/1190012
870000/1190012
880000/1190012
890000/1190012
900000/1190012
910000/1190012
920000/1190012
930000/1190012
940000/1190012
950000/1190012
960000/1190012
970000/1190012
980000/1190012
990000/1190012
1000000/1190012
1010000/1190012
1020000/1190012
1030000/1190012
1040000/1190012
1050000/1190012
1060000/1190012
1070000/1190012
1080000/1190012
1090000/1190012
1100000/1190012
1110000/1190012
1120000/1190012
1130000/1190012
1140000/1190012
1150000/1190012
1160000/1190012
1170000/1190012
1180000/1190012
1190000/1190012
Macro finished: 
CPU time (min)  = 7.877
Real time (min) = 13.5526
Done!
Copied output files to hadoop rootfiles/JetRAA/June22
