
----------------------------------------------------
Job started on Fri Jul 10 16:53:41 EDT 2015 at WN: t2bat0113.cmsaf.mit.edu 
Job is running on Linux t2bat0113.cmsaf.mit.edu 2.6.32-358.el6.x86_64 #1 SMP Fri Feb 22 20:37:17 CST 2013 x86_64 x86_64 x86_64 GNU/Linux
Filesystem            Size  Used Avail Use% Mounted on
/dev/sda3              20G  2.4G   17G  13% /
tmpfs                 7.8G     0  7.8G   0% /dev/shm
/dev/sda1              97M   33M   60M  36% /boot
/dev/sda4             644G   57G  588G   9% /export/data1
/dev/sdb1             1.8T  1.7T  172G  91% /export/00b
/dev/sdc1             1.8T  1.7T  169G  91% /export/00c
/dev/sdd1             1.8T  1.7T  159G  92% /export/00d
/dev/sde1             1.8T  1.7T  169G  91% /export/00e
/dev/sdf1             1.8T  1.7T  163G  92% /export/00f
fuse_dfs              4.9P  4.5P  447T  92% /mnt/hadoop
t2srv0004:/export/db  135G  187M  135G   1% /net/t2srv0004/db
cvmfs2                 98G   55G   43G  57% /cvmfs/cms.cern.ch
cvmfs2                 98G   55G   43G  57% /cvmfs/cvmfs.cmsaf.mit.edu
gcc (GCC) 4.4.7 20120313 (Red Hat 4.4.7-3)
Copyright (C) 2010 Free Software Foundation, Inc.
This is free software; see the source for copying conditions.  There is NO
warranty; not even for MERCHANTABILITY or FITNESS FOR A PARTICULAR PURPOSE.

Processing...
0/1265123
10000/1265123
20000/1265123
30000/1265123
40000/1265123
50000/1265123
60000/1265123
70000/1265123
80000/1265123
90000/1265123
100000/1265123
110000/1265123
120000/1265123
130000/1265123
140000/1265123
150000/1265123
160000/1265123
170000/1265123
180000/1265123
190000/1265123
200000/1265123
210000/1265123
220000/1265123
230000/1265123
240000/1265123
250000/1265123
260000/1265123
270000/1265123
280000/1265123
290000/1265123
300000/1265123
310000/1265123
320000/1265123
330000/1265123
340000/1265123
350000/1265123
360000/1265123
370000/1265123
380000/1265123
390000/1265123
400000/1265123
410000/1265123
420000/1265123
430000/1265123
440000/1265123
450000/1265123
460000/1265123
470000/1265123
480000/1265123
490000/1265123
500000/1265123
510000/1265123
520000/1265123
530000/1265123
540000/1265123
550000/1265123
560000/1265123
570000/1265123
580000/1265123
590000/1265123
600000/1265123
610000/1265123
620000/1265123
630000/1265123
640000/1265123
650000/1265123
660000/1265123
670000/1265123
680000/1265123
690000/1265123
700000/1265123
710000/1265123
720000/1265123
730000/1265123
740000/1265123
750000/1265123
760000/1265123
770000/1265123
780000/1265123
790000/1265123
800000/1265123
810000/1265123
820000/1265123
830000/1265123
840000/1265123
850000/1265123
860000/1265123
870000/1265123
880000/1265123
890000/1265123
900000/1265123
910000/1265123
920000/1265123
930000/1265123
940000/1265123
950000/1265123
960000/1265123
970000/1265123
980000/1265123
990000/1265123
1000000/1265123
1010000/1265123
1020000/1265123
1030000/1265123
1040000/1265123
1050000/1265123
1060000/1265123
1070000/1265123
1080000/1265123
1090000/1265123
1100000/1265123
1110000/1265123
1120000/1265123
1130000/1265123
1140000/1265123
1150000/1265123
1160000/1265123
1170000/1265123
1180000/1265123
1190000/1265123
1200000/1265123
1210000/1265123
1220000/1265123
1230000/1265123
1240000/1265123
1250000/1265123
1260000/1265123
Macro finished: 
CPU time (min)  = 7.09783
Real time (min) = 14.2744
Done!
Copied output files to hadoop rootfiles/JetRAA/June22
