
----------------------------------------------------
Job started on Fri Jul 10 16:53:17 EDT 2015 at WN: t2bat0177.cmsaf.mit.edu 
Job is running on Linux t2bat0177.cmsaf.mit.edu 2.6.32-358.el6.x86_64 #1 SMP Fri Feb 22 20:37:17 CST 2013 x86_64 x86_64 x86_64 GNU/Linux
Filesystem            Size  Used Avail Use% Mounted on
/dev/sda3              20G  3.1G   16G  17% /
tmpfs                  12G     0   12G   0% /dev/shm
/dev/sda1              97M   32M   61M  35% /boot
/dev/sda4             874G   88G  787G  10% /export/data1
/dev/sdb1             1.8T  1.7T  174G  91% /export/00b
/dev/sdc1             1.8T  1.7T  173G  91% /export/00c
/dev/sdd1             1.8T  1.7T  167G  91% /export/00d
/dev/sde1             1.8T  1.7T  162G  92% /export/00e
/dev/sdf1             1.8T  1.7T  154G  92% /export/00f
fuse_dfs              4.9P  4.5P  447T  92% /mnt/hadoop
cvmfs2                 98G   86G   12G  88% /cvmfs/cms.cern.ch
cvmfs2                 98G   86G   12G  88% /cvmfs/cvmfs.cmsaf.mit.edu
t2srv0004:/export/db  135G  187M  135G   1% /net/t2srv0004/db
gcc (GCC) 4.4.7 20120313 (Red Hat 4.4.7-3)
Copyright (C) 2010 Free Software Foundation, Inc.
This is free software; see the source for copying conditions.  There is NO
warranty; not even for MERCHANTABILITY or FITNESS FOR A PARTICULAR PURPOSE.

Processing...
0/588843
10000/588843
20000/588843
30000/588843
40000/588843
50000/588843
60000/588843
70000/588843
80000/588843
90000/588843
100000/588843
110000/588843
120000/588843
130000/588843
140000/588843
150000/588843
160000/588843
170000/588843
180000/588843
190000/588843
200000/588843
210000/588843
220000/588843
230000/588843
240000/588843
250000/588843
260000/588843
270000/588843
280000/588843
290000/588843
300000/588843
310000/588843
320000/588843
330000/588843
340000/588843
350000/588843
360000/588843
370000/588843
380000/588843
390000/588843
400000/588843
410000/588843
420000/588843
430000/588843
440000/588843
450000/588843
460000/588843
470000/588843
480000/588843
490000/588843
500000/588843
510000/588843
520000/588843
530000/588843
540000/588843
550000/588843
560000/588843
570000/588843
580000/588843
Macro finished: 
CPU time (min)  = 4.29483
Real time (min) = 5.31968
Done!
Copied output files to hadoop rootfiles/JetRAA/June22
