000 (428126.000.000) 06/23 17:53:29 Job submitted from host: <18.12.1.74:48322>
...
009 (428126.000.000) 06/23 17:53:40 Job was aborted by the user.
	via condor_rm (by user rkunnawa)
...
000 (428133.000.000) 06/23 17:53:51 Job submitted from host: <18.12.1.74:48322>
...
001 (428133.000.000) 06/23 17:54:14 Job executing on host: <18.12.9.68:44526>
...
006 (428133.000.000) 06/23 17:54:22 Image size of job updated: 1
	3  -  MemoryUsage of job (MB)
	2356  -  ResidentSetSize of job (KB)
...
006 (428133.000.000) 06/23 17:58:09 Image size of job updated: 250444
	3  -  MemoryUsage of job (MB)
	2356  -  ResidentSetSize of job (KB)
...
005 (428133.000.000) 06/23 17:58:09 Job terminated.
	(1) Normal termination (return value 0)
		Usr 0 00:02:54, Sys 0 00:00:01  -  Run Remote Usage
		Usr 0 00:00:00, Sys 0 00:00:00  -  Run Local Usage
		Usr 0 00:02:54, Sys 0 00:00:01  -  Total Remote Usage
		Usr 0 00:00:00, Sys 0 00:00:00  -  Total Local Usage
	407930  -  Run Bytes Sent By Job
	46217  -  Run Bytes Received By Job
	407930  -  Total Bytes Sent By Job
	46217  -  Total Bytes Received By Job
	Partitionable Resources :    Usage  Request          
	   Cpus                 :                 1          
	   Disk (KB)            :      469      469          
	   Memory (MB)          :        3        3          
...
