
----------------------------------------------------
Job started on Fri Jul 10 16:45:53 EDT 2015 at WN: t2bat0137.cmsaf.mit.edu 
Job is running on Linux t2bat0137.cmsaf.mit.edu 2.6.32-358.el6.x86_64 #1 SMP Fri Feb 22 20:37:17 CST 2013 x86_64 x86_64 x86_64 GNU/Linux
Filesystem            Size  Used Avail Use% Mounted on
/dev/sda3              20G  3.0G   16G  16% /
tmpfs                 7.8G     0  7.8G   0% /dev/shm
/dev/sda1              97M   33M   60M  36% /boot
/dev/sda4             415G   73G  343G  18% /export/data1
/dev/sdb1             1.8T  1.7T  170G  91% /export/00b
/dev/sdc1             1.8T  1.7T  161G  92% /export/00c
/dev/sdd1             1.8T  1.7T  160G  92% /export/00d
/dev/sde1             1.8T  1.7T  171G  91% /export/00e
/dev/sdf1             1.8T  1.7T  164G  92% /export/00f
fuse_dfs              4.9P  4.5P  447T  92% /mnt/hadoop
t2srv0004:/export/db  135G  187M  135G   1% /net/t2srv0004/db
cvmfs2                 98G   71G   27G  73% /cvmfs/cms.cern.ch
cvmfs2                 98G   71G   27G  73% /cvmfs/cvmfs.cmsaf.mit.edu
cvmfs2                 98G   71G   27G  73% /cvmfs/oasis.opensciencegrid.org
gcc (GCC) 4.4.7 20120313 (Red Hat 4.4.7-3)
Copyright (C) 2010 Free Software Foundation, Inc.
This is free software; see the source for copying conditions.  There is NO
warranty; not even for MERCHANTABILITY or FITNESS FOR A PARTICULAR PURPOSE.

Processing...
0/223360
10000/223360
20000/223360
30000/223360
40000/223360
50000/223360
60000/223360
70000/223360
80000/223360
90000/223360
100000/223360
110000/223360
120000/223360
130000/223360
140000/223360
150000/223360
160000/223360
170000/223360
180000/223360
190000/223360
200000/223360
210000/223360
220000/223360
Macro finished: 
CPU time (min)  = 1.36617
Real time (min) = 1.69452
Done!
Copied output files to hadoop rootfiles/JetRAA/June22
