000 (428177.000.000) 06/23 17:53:55 Job submitted from host: <18.12.1.74:48322>
...
001 (428177.000.000) 06/23 17:54:25 Job executing on host: <18.12.9.74:47227>
...
006 (428177.000.000) 06/23 17:54:34 Image size of job updated: 1
	3  -  MemoryUsage of job (MB)
	2376  -  ResidentSetSize of job (KB)
...
006 (428177.000.000) 06/23 17:59:35 Image size of job updated: 247444
	125  -  MemoryUsage of job (MB)
	127168  -  ResidentSetSize of job (KB)
...
006 (428177.000.000) 06/23 18:04:35 Image size of job updated: 247444
	126  -  MemoryUsage of job (MB)
	128564  -  ResidentSetSize of job (KB)
...
006 (428177.000.000) 06/23 18:09:35 Image size of job updated: 248308
	127  -  MemoryUsage of job (MB)
	129312  -  ResidentSetSize of job (KB)
...
005 (428177.000.000) 06/23 18:12:09 Job terminated.
	(1) Normal termination (return value 0)
		Usr 0 00:13:13, Sys 0 00:00:05  -  Run Remote Usage
		Usr 0 00:00:00, Sys 0 00:00:00  -  Run Local Usage
		Usr 0 00:13:13, Sys 0 00:00:05  -  Total Remote Usage
		Usr 0 00:00:00, Sys 0 00:00:00  -  Total Local Usage
	410878  -  Run Bytes Sent By Job
	46217  -  Run Bytes Received By Job
	410878  -  Total Bytes Sent By Job
	46217  -  Total Bytes Received By Job
	Partitionable Resources :    Usage  Request          
	   Cpus                 :                 1          
	   Disk (KB)            :      472      472          
	   Memory (MB)          :      127      127          
...
