000 (428150.000.000) 06/23 17:53:53 Job submitted from host: <18.12.1.74:48322>
...
001 (428150.000.000) 06/23 17:54:16 Job executing on host: <18.12.9.54:46570>
...
006 (428150.000.000) 06/23 17:54:25 Image size of job updated: 154424
	39  -  MemoryUsage of job (MB)
	39364  -  ResidentSetSize of job (KB)
...
006 (428150.000.000) 06/23 17:59:26 Image size of job updated: 247296
	130  -  MemoryUsage of job (MB)
	132312  -  ResidentSetSize of job (KB)
...
005 (428150.000.000) 06/23 18:02:09 Job terminated.
	(1) Normal termination (return value 0)
		Usr 0 00:05:45, Sys 0 00:00:03  -  Run Remote Usage
		Usr 0 00:00:00, Sys 0 00:00:00  -  Run Local Usage
		Usr 0 00:05:45, Sys 0 00:00:03  -  Total Remote Usage
		Usr 0 00:00:00, Sys 0 00:00:00  -  Total Local Usage
	408482  -  Run Bytes Sent By Job
	46217  -  Run Bytes Received By Job
	408482  -  Total Bytes Sent By Job
	46217  -  Total Bytes Received By Job
	Partitionable Resources :    Usage  Request          
	   Cpus                 :                 1          
	   Disk (KB)            :      470      470          
	   Memory (MB)          :      130      130          
...
