
----------------------------------------------------
Job started on Tue Jun 23 17:54:18 EDT 2015 at WN: t2bat0306.cmsaf.mit.edu 
Job is running on Linux t2bat0306.cmsaf.mit.edu 2.6.32-358.el6.x86_64 #1 SMP Fri Feb 22 20:37:17 CST 2013 x86_64 x86_64 x86_64 GNU/Linux
Filesystem            Size  Used Avail Use% Mounted on
/dev/sda3              20G  2.5G   17G  14% /
tmpfs                  32G     0   32G   0% /dev/shm
/dev/sda1              97M   32M   61M  35% /boot
/dev/sda4             416G   57G  359G  14% /export/data1
fuse_dfs              4.9P  4.4P  516T  90% /mnt/hadoop
/dev/sdb1             3.6T  3.2T  404G  89% /export/00b
/dev/sdc1             3.6T  3.2T  425G  89% /export/00c
/dev/sdd1             3.6T  3.2T  410G  89% /export/00d
/dev/sde1             3.6T  3.2T  392G  90% /export/00e
/dev/sdf1             3.6T  3.2T  392G  90% /export/00f
/dev/sdg1             3.6T  3.2T  392G  90% /export/00g
cvmfs2                 98G   54G   45G  55% /cvmfs/cms.cern.ch
t2srv0004:/export/db  135G  187M  135G   1% /net/t2srv0004/db
gcc (GCC) 4.4.7 20120313 (Red Hat 4.4.7-3)
Copyright (C) 2010 Free Software Foundation, Inc.
This is free software; see the source for copying conditions.  There is NO
warranty; not even for MERCHANTABILITY or FITNESS FOR A PARTICULAR PURPOSE.

Processing...
0/640696
10000/640696
20000/640696
30000/640696
40000/640696
50000/640696
60000/640696
70000/640696
80000/640696
90000/640696
100000/640696
110000/640696
120000/640696
130000/640696
140000/640696
150000/640696
160000/640696
170000/640696
180000/640696
190000/640696
200000/640696
210000/640696
220000/640696
230000/640696
240000/640696
250000/640696
260000/640696
270000/640696
280000/640696
290000/640696
300000/640696
310000/640696
320000/640696
330000/640696
340000/640696
350000/640696
360000/640696
370000/640696
380000/640696
390000/640696
400000/640696
410000/640696
420000/640696
430000/640696
440000/640696
450000/640696
460000/640696
470000/640696
480000/640696
490000/640696
500000/640696
510000/640696
520000/640696
530000/640696
540000/640696
550000/640696
560000/640696
570000/640696
580000/640696
590000/640696
600000/640696
610000/640696
620000/640696
630000/640696
640000/640696
Macro finished: 
CPU time (min)  = 4.229
Real time (min) = 5.59614
Done!
Copied output files to hadoop rootfiles/JetRAA/June22
