000 (428160.000.000) 06/23 17:53:54 Job submitted from host: <18.12.1.74:48322>
...
001 (428160.000.000) 06/23 17:54:18 Job executing on host: <18.12.9.79:45767>
...
006 (428160.000.000) 06/23 17:54:27 Image size of job updated: 1
	3  -  MemoryUsage of job (MB)
	2360  -  ResidentSetSize of job (KB)
...
006 (428160.000.000) 06/23 17:59:28 Image size of job updated: 248276
	132  -  MemoryUsage of job (MB)
	134296  -  ResidentSetSize of job (KB)
...
005 (428160.000.000) 06/23 18:02:40 Job terminated.
	(1) Normal termination (return value 0)
		Usr 0 00:07:07, Sys 0 00:00:02  -  Run Remote Usage
		Usr 0 00:00:00, Sys 0 00:00:00  -  Run Local Usage
		Usr 0 00:07:07, Sys 0 00:00:02  -  Total Remote Usage
		Usr 0 00:00:00, Sys 0 00:00:00  -  Total Local Usage
	409088  -  Run Bytes Sent By Job
	46217  -  Run Bytes Received By Job
	409088  -  Total Bytes Sent By Job
	46217  -  Total Bytes Received By Job
	Partitionable Resources :    Usage  Request          
	   Cpus                 :                 1          
	   Disk (KB)            :      470      470          
	   Memory (MB)          :      132      132          
...
000 (451385.000.000) 06/25 13:03:52 Job submitted from host: <18.12.1.74:48322>
...
001 (451385.000.000) 06/25 13:04:12 Job executing on host: <18.12.12.68:45986>
...
006 (451385.000.000) 06/25 13:04:21 Image size of job updated: 1196
	1  -  MemoryUsage of job (MB)
	156  -  ResidentSetSize of job (KB)
...
006 (451385.000.000) 06/25 13:04:32 Image size of job updated: 190124
	1  -  MemoryUsage of job (MB)
	156  -  ResidentSetSize of job (KB)
...
005 (451385.000.000) 06/25 13:04:32 Job terminated.
	(1) Normal termination (return value 0)
		Usr 0 00:00:00, Sys 0 00:00:00  -  Run Remote Usage
		Usr 0 00:00:00, Sys 0 00:00:00  -  Run Local Usage
		Usr 0 00:00:00, Sys 0 00:00:00  -  Total Remote Usage
		Usr 0 00:00:00, Sys 0 00:00:00  -  Total Local Usage
	474454  -  Run Bytes Sent By Job
	45684  -  Run Bytes Received By Job
	474454  -  Total Bytes Sent By Job
	45684  -  Total Bytes Received By Job
	Partitionable Resources :    Usage  Request          
	   Cpus                 :                 1          
	   Disk (KB)            :      533      533          
	   Memory (MB)          :        1        1          
...
000 (451444.000.000) 06/25 13:07:33 Job submitted from host: <18.12.1.74:48322>
...
001 (451444.000.000) 06/25 13:07:44 Job executing on host: <18.12.8.239:41022>
...
006 (451444.000.000) 06/25 13:07:52 Image size of job updated: 155564
	44  -  MemoryUsage of job (MB)
	44884  -  ResidentSetSize of job (KB)
...
005 (451444.000.000) 06/25 13:07:55 Job terminated.
	(1) Normal termination (return value 0)
		Usr 0 00:00:00, Sys 0 00:00:00  -  Run Remote Usage
		Usr 0 00:00:00, Sys 0 00:00:00  -  Run Local Usage
		Usr 0 00:00:00, Sys 0 00:00:00  -  Total Remote Usage
		Usr 0 00:00:00, Sys 0 00:00:00  -  Total Local Usage
	479440  -  Run Bytes Sent By Job
	47932  -  Run Bytes Received By Job
	479440  -  Total Bytes Sent By Job
	47932  -  Total Bytes Received By Job
	Partitionable Resources :    Usage  Request          
	   Cpus                 :                 1          
	   Disk (KB)            :      541      541          
	   Memory (MB)          :       44       44          
...
000 (451503.000.000) 06/25 13:18:35 Job submitted from host: <18.12.1.74:48322>
...
001 (451503.000.000) 06/25 13:18:45 Job executing on host: <18.12.9.65:40146>
...
006 (451503.000.000) 06/25 13:18:54 Image size of job updated: 66080
	4  -  MemoryUsage of job (MB)
	3136  -  ResidentSetSize of job (KB)
...
006 (451503.000.000) 06/25 13:23:56 Image size of job updated: 191500
	76  -  MemoryUsage of job (MB)
	77620  -  ResidentSetSize of job (KB)
...
005 (451503.000.000) 06/25 13:28:42 Job terminated.
	(1) Normal termination (return value 0)
		Usr 0 00:07:27, Sys 0 00:00:04  -  Run Remote Usage
		Usr 0 00:00:00, Sys 0 00:00:00  -  Run Local Usage
		Usr 0 00:07:27, Sys 0 00:00:04  -  Total Remote Usage
		Usr 0 00:00:00, Sys 0 00:00:00  -  Total Local Usage
	472029  -  Run Bytes Sent By Job
	45681  -  Run Bytes Received By Job
	472029  -  Total Bytes Sent By Job
	45681  -  Total Bytes Received By Job
	Partitionable Resources :    Usage  Request          
	   Cpus                 :                 1          
	   Disk (KB)            :      531      531          
	   Memory (MB)          :       76       76          
...
000 (451664.000.000) 06/25 21:34:32 Job submitted from host: <18.12.1.74:48322>
...
001 (451664.000.000) 06/25 21:34:45 Job executing on host: <18.12.9.84:47519>
...
006 (451664.000.000) 06/25 21:34:54 Image size of job updated: 1
	3  -  MemoryUsage of job (MB)
	2380  -  ResidentSetSize of job (KB)
...
006 (451664.000.000) 06/25 21:39:55 Image size of job updated: 191504
	76  -  MemoryUsage of job (MB)
	77644  -  ResidentSetSize of job (KB)
...
005 (451664.000.000) 06/25 21:43:01 Job terminated.
	(1) Normal termination (return value 0)
		Usr 0 00:07:18, Sys 0 00:00:02  -  Run Remote Usage
		Usr 0 00:00:00, Sys 0 00:00:00  -  Run Local Usage
		Usr 0 00:07:18, Sys 0 00:00:02  -  Total Remote Usage
		Usr 0 00:00:00, Sys 0 00:00:00  -  Total Local Usage
	480932  -  Run Bytes Sent By Job
	48163  -  Run Bytes Received By Job
	480932  -  Total Bytes Sent By Job
	48163  -  Total Bytes Received By Job
	Partitionable Resources :    Usage  Request          
	   Cpus                 :                 1          
	   Disk (KB)            :      542      542          
	   Memory (MB)          :       76       76          
...
000 (452342.000.000) 06/26 11:24:29 Job submitted from host: <18.12.1.74:48322>
...
001 (452342.000.000) 06/26 11:25:10 Job executing on host: <18.12.6.56:45986>
...
006 (452342.000.000) 06/26 11:25:18 Image size of job updated: 1
	3  -  MemoryUsage of job (MB)
	2376  -  ResidentSetSize of job (KB)
...
006 (452342.000.000) 06/26 11:30:19 Image size of job updated: 191500
	76  -  MemoryUsage of job (MB)
	77632  -  ResidentSetSize of job (KB)
...
005 (452342.000.000) 06/26 11:36:38 Job terminated.
	(1) Normal termination (return value 0)
		Usr 0 00:10:11, Sys 0 00:00:03  -  Run Remote Usage
		Usr 0 00:00:00, Sys 0 00:00:00  -  Run Local Usage
		Usr 0 00:10:11, Sys 0 00:00:03  -  Total Remote Usage
		Usr 0 00:00:00, Sys 0 00:00:00  -  Total Local Usage
	480597  -  Run Bytes Sent By Job
	48164  -  Run Bytes Received By Job
	480597  -  Total Bytes Sent By Job
	48164  -  Total Bytes Received By Job
	Partitionable Resources :    Usage  Request          
	   Cpus                 :                 1          
	   Disk (KB)            :      542      542          
	   Memory (MB)          :       76       76          
...
000 (456086.000.000) 06/26 11:55:58 Job submitted from host: <18.12.1.74:48322>
...
001 (456086.000.000) 06/26 11:56:07 Job executing on host: <18.12.6.100:47957>
...
006 (456086.000.000) 06/26 11:56:16 Image size of job updated: 69308
	14  -  MemoryUsage of job (MB)
	13444  -  ResidentSetSize of job (KB)
...
006 (456086.000.000) 06/26 12:01:17 Image size of job updated: 191492
	73  -  MemoryUsage of job (MB)
	73812  -  ResidentSetSize of job (KB)
...
005 (456086.000.000) 06/26 12:04:43 Job terminated.
	(1) Normal termination (return value 0)
		Usr 0 00:07:09, Sys 0 00:00:03  -  Run Remote Usage
		Usr 0 00:00:00, Sys 0 00:00:00  -  Run Local Usage
		Usr 0 00:07:09, Sys 0 00:00:03  -  Total Remote Usage
		Usr 0 00:00:00, Sys 0 00:00:00  -  Total Local Usage
	480048  -  Run Bytes Sent By Job
	48164  -  Run Bytes Received By Job
	480048  -  Total Bytes Sent By Job
	48164  -  Total Bytes Received By Job
	Partitionable Resources :    Usage  Request          
	   Cpus                 :                 1          
	   Disk (KB)            :      541      541          
	   Memory (MB)          :       73       73          
...
000 (472546.000.000) 06/26 14:30:28 Job submitted from host: <18.12.1.74:48322>
...
001 (472546.000.000) 06/26 14:30:48 Job executing on host: <18.12.9.81:45256>
...
006 (472546.000.000) 06/26 14:30:57 Image size of job updated: 150920
	36  -  MemoryUsage of job (MB)
	36288  -  ResidentSetSize of job (KB)
...
006 (472546.000.000) 06/26 14:35:58 Image size of job updated: 252984
	131  -  MemoryUsage of job (MB)
	133656  -  ResidentSetSize of job (KB)
...
005 (472546.000.000) 06/26 14:37:02 Job terminated.
	(1) Normal termination (return value 0)
		Usr 0 00:05:21, Sys 0 00:00:02  -  Run Remote Usage
		Usr 0 00:00:00, Sys 0 00:00:00  -  Run Local Usage
		Usr 0 00:05:21, Sys 0 00:00:02  -  Total Remote Usage
		Usr 0 00:00:00, Sys 0 00:00:00  -  Total Local Usage
	480711  -  Run Bytes Sent By Job
	48486  -  Run Bytes Received By Job
	480711  -  Total Bytes Sent By Job
	48486  -  Total Bytes Received By Job
	Partitionable Resources :    Usage  Request          
	   Cpus                 :                 1          
	   Disk (KB)            :      542      542          
	   Memory (MB)          :      131      131          
...
000 (472672.000.000) 06/26 15:12:44 Job submitted from host: <18.12.1.74:48322>
...
001 (472672.000.000) 06/26 15:13:19 Job executing on host: <18.12.8.155:49344>
...
006 (472672.000.000) 06/26 15:13:27 Image size of job updated: 13384
	2  -  MemoryUsage of job (MB)
	1268  -  ResidentSetSize of job (KB)
...
006 (472672.000.000) 06/26 15:18:27 Image size of job updated: 253012
	136  -  MemoryUsage of job (MB)
	138380  -  ResidentSetSize of job (KB)
...
005 (472672.000.000) 06/26 15:19:54 Job terminated.
	(1) Normal termination (return value 0)
		Usr 0 00:05:44, Sys 0 00:00:01  -  Run Remote Usage
		Usr 0 00:00:00, Sys 0 00:00:00  -  Run Local Usage
		Usr 0 00:05:44, Sys 0 00:00:01  -  Total Remote Usage
		Usr 0 00:00:00, Sys 0 00:00:00  -  Total Local Usage
	480764  -  Run Bytes Sent By Job
	48521  -  Run Bytes Received By Job
	480764  -  Total Bytes Sent By Job
	48521  -  Total Bytes Received By Job
	Partitionable Resources :    Usage  Request          
	   Cpus                 :                 1          
	   Disk (KB)            :      542      542          
	   Memory (MB)          :      136      136          
...
000 (472880.000.000) 06/26 16:40:23 Job submitted from host: <18.12.1.74:48322>
...
001 (472880.000.000) 06/26 16:40:34 Job executing on host: <18.12.8.218:47738>
...
006 (472880.000.000) 06/26 16:40:43 Image size of job updated: 1
	3  -  MemoryUsage of job (MB)
	2372  -  ResidentSetSize of job (KB)
...
006 (472880.000.000) 06/26 16:45:44 Image size of job updated: 253036
	136  -  MemoryUsage of job (MB)
	139132  -  ResidentSetSize of job (KB)
...
005 (472880.000.000) 06/26 16:47:40 Job terminated.
	(1) Normal termination (return value 0)
		Usr 0 00:06:24, Sys 0 00:00:01  -  Run Remote Usage
		Usr 0 00:00:00, Sys 0 00:00:00  -  Run Local Usage
		Usr 0 00:06:24, Sys 0 00:00:01  -  Total Remote Usage
		Usr 0 00:00:00, Sys 0 00:00:00  -  Total Local Usage
	481300  -  Run Bytes Sent By Job
	48948  -  Run Bytes Received By Job
	481300  -  Total Bytes Sent By Job
	48948  -  Total Bytes Received By Job
	Partitionable Resources :    Usage  Request          
	   Cpus                 :                 1          
	   Disk (KB)            :      544      544          
	   Memory (MB)          :      136      136          
...
000 (492231.000.000) 06/29 10:00:35 Job submitted from host: <18.12.1.74:48322>
...
001 (492231.000.000) 06/29 10:00:50 Job executing on host: <18.12.8.150:43869>
...
006 (492231.000.000) 06/29 10:00:58 Image size of job updated: 249464
	69  -  MemoryUsage of job (MB)
	70072  -  ResidentSetSize of job (KB)
...
006 (492231.000.000) 06/29 10:05:58 Image size of job updated: 253064
	136  -  MemoryUsage of job (MB)
	139076  -  ResidentSetSize of job (KB)
...
005 (492231.000.000) 06/29 10:09:05 Job terminated.
	(1) Normal termination (return value 0)
		Usr 0 00:07:10, Sys 0 00:00:02  -  Run Remote Usage
		Usr 0 00:00:00, Sys 0 00:00:00  -  Run Local Usage
		Usr 0 00:07:10, Sys 0 00:00:02  -  Total Remote Usage
		Usr 0 00:00:00, Sys 0 00:00:00  -  Total Local Usage
	481806  -  Run Bytes Sent By Job
	49114  -  Run Bytes Received By Job
	481806  -  Total Bytes Sent By Job
	49114  -  Total Bytes Received By Job
	Partitionable Resources :    Usage  Request          
	   Cpus                 :                 1          
	   Disk (KB)            :      544      544          
	   Memory (MB)          :      136      136          
...
000 (493128.000.000) 06/29 11:50:39 Job submitted from host: <18.12.1.74:48322>
...
001 (493128.000.000) 06/29 11:50:55 Job executing on host: <18.12.9.31:42701>
...
006 (493128.000.000) 06/29 11:51:04 Image size of job updated: 1
	3  -  MemoryUsage of job (MB)
	2376  -  ResidentSetSize of job (KB)
...
006 (493128.000.000) 06/29 11:56:05 Image size of job updated: 193768
	65  -  MemoryUsage of job (MB)
	66264  -  ResidentSetSize of job (KB)
...
006 (493128.000.000) 06/29 12:01:05 Image size of job updated: 193768
	71  -  MemoryUsage of job (MB)
	72024  -  ResidentSetSize of job (KB)
...
006 (493128.000.000) 06/29 12:06:05 Image size of job updated: 193768
	72  -  MemoryUsage of job (MB)
	72760  -  ResidentSetSize of job (KB)
...
006 (493128.000.000) 06/29 12:11:06 Image size of job updated: 193768
	79  -  MemoryUsage of job (MB)
	79912  -  ResidentSetSize of job (KB)
...
005 (493128.000.000) 06/29 12:16:37 Job terminated.
	(1) Normal termination (return value 0)
		Usr 0 00:06:26, Sys 0 00:00:03  -  Run Remote Usage
		Usr 0 00:00:00, Sys 0 00:00:00  -  Run Local Usage
		Usr 0 00:06:26, Sys 0 00:00:03  -  Total Remote Usage
		Usr 0 00:00:00, Sys 0 00:00:00  -  Total Local Usage
	482621  -  Run Bytes Sent By Job
	49359  -  Run Bytes Received By Job
	482621  -  Total Bytes Sent By Job
	49359  -  Total Bytes Received By Job
	Partitionable Resources :    Usage  Request          
	   Cpus                 :                 1          
	   Disk (KB)            :      545      545          
	   Memory (MB)          :       79       79          
...
000 (493245.000.000) 06/29 12:56:25 Job submitted from host: <18.12.1.74:48322>
...
001 (493245.000.000) 06/29 12:57:04 Job executing on host: <18.12.8.243:45475>
...
006 (493245.000.000) 06/29 12:57:13 Image size of job updated: 1
	3  -  MemoryUsage of job (MB)
	2376  -  ResidentSetSize of job (KB)
...
006 (493245.000.000) 06/29 13:02:14 Image size of job updated: 193772
	69  -  MemoryUsage of job (MB)
	70252  -  ResidentSetSize of job (KB)
...
005 (493245.000.000) 06/29 13:05:07 Job terminated.
	(1) Normal termination (return value 0)
		Usr 0 00:06:25, Sys 0 00:00:02  -  Run Remote Usage
		Usr 0 00:00:00, Sys 0 00:00:00  -  Run Local Usage
		Usr 0 00:06:25, Sys 0 00:00:02  -  Total Remote Usage
		Usr 0 00:00:00, Sys 0 00:00:00  -  Total Local Usage
	482279  -  Run Bytes Sent By Job
	49363  -  Run Bytes Received By Job
	482279  -  Total Bytes Sent By Job
	49363  -  Total Bytes Received By Job
	Partitionable Resources :    Usage  Request          
	   Cpus                 :                 1          
	   Disk (KB)            :      545      545          
	   Memory (MB)          :       69       69          
...
000 (493391.000.000) 06/29 13:37:13 Job submitted from host: <18.12.1.74:48322>
...
001 (493391.000.000) 06/29 13:37:49 Job executing on host: <18.12.8.109:44599>
...
006 (493391.000.000) 06/29 13:37:59 Image size of job updated: 150692
	37  -  MemoryUsage of job (MB)
	37616  -  ResidentSetSize of job (KB)
...
006 (493391.000.000) 06/29 13:42:39 Image size of job updated: 193780
	37  -  MemoryUsage of job (MB)
	37616  -  ResidentSetSize of job (KB)
...
005 (493391.000.000) 06/29 13:42:39 Job terminated.
	(1) Normal termination (return value 0)
		Usr 0 00:04:10, Sys 0 00:00:02  -  Run Remote Usage
		Usr 0 00:00:00, Sys 0 00:00:00  -  Run Local Usage
		Usr 0 00:04:10, Sys 0 00:00:02  -  Total Remote Usage
		Usr 0 00:00:00, Sys 0 00:00:00  -  Total Local Usage
	482618  -  Run Bytes Sent By Job
	49355  -  Run Bytes Received By Job
	482618  -  Total Bytes Sent By Job
	49355  -  Total Bytes Received By Job
	Partitionable Resources :    Usage  Request          
	   Cpus                 :                 1          
	   Disk (KB)            :      545      545          
	   Memory (MB)          :       37       37          
...
000 (493535.000.000) 06/29 15:03:09 Job submitted from host: <18.12.1.74:48322>
...
001 (493535.000.000) 06/29 15:03:47 Job executing on host: <18.12.8.146:43066>
...
006 (493535.000.000) 06/29 15:03:55 Image size of job updated: 69312
	14  -  MemoryUsage of job (MB)
	14048  -  ResidentSetSize of job (KB)
...
006 (493535.000.000) 06/29 15:04:52 Image size of job updated: 193780
	14  -  MemoryUsage of job (MB)
	14048  -  ResidentSetSize of job (KB)
...
004 (493535.000.000) 06/29 15:04:52 Job was evicted.
	(0) Job was not checkpointed.
		Usr 0 00:00:43, Sys 0 00:00:00  -  Run Remote Usage
		Usr 0 00:00:00, Sys 0 00:00:00  -  Run Local Usage
	0  -  Run Bytes Sent By Job
	49355  -  Run Bytes Received By Job
	Partitionable Resources :    Usage  Request          
	   Cpus                 :                 1          
	   Disk (KB)            :      544      544          
	   Memory (MB)          :       14       14          
...
009 (493535.000.000) 06/29 15:04:59 Job was aborted by the user.
	via condor_rm (by user rkunnawa)
...
000 (493652.000.000) 06/29 15:05:25 Job submitted from host: <18.12.1.74:48322>
...
001 (493652.000.000) 06/29 15:05:37 Job executing on host: <18.12.8.156:40657>
...
006 (493652.000.000) 06/29 15:05:45 Image size of job updated: 1
	3  -  MemoryUsage of job (MB)
	2356  -  ResidentSetSize of job (KB)
...
000 (493769.000.000) 06/29 15:06:06 Job submitted from host: <18.12.1.74:48322>
...
001 (493769.000.000) 06/29 15:06:17 Job executing on host: <18.12.8.149:49052>
...
006 (493769.000.000) 06/29 15:06:26 Image size of job updated: 75128
	17  -  MemoryUsage of job (MB)
	16668  -  ResidentSetSize of job (KB)
...
006 (493652.000.000) 06/29 15:10:45 Image size of job updated: 193776
	76  -  MemoryUsage of job (MB)
	77652  -  ResidentSetSize of job (KB)
...
006 (493769.000.000) 06/29 15:11:28 Image size of job updated: 193816
	58  -  MemoryUsage of job (MB)
	59300  -  ResidentSetSize of job (KB)
...
006 (493652.000.000) 06/29 15:15:46 Image size of job updated: 193776
	79  -  MemoryUsage of job (MB)
	79904  -  ResidentSetSize of job (KB)
...
006 (493769.000.000) 06/29 15:16:28 Image size of job updated: 193816
	70  -  MemoryUsage of job (MB)
	71392  -  ResidentSetSize of job (KB)
...
005 (493652.000.000) 06/29 15:16:33 Job terminated.
	(1) Normal termination (return value 0)
		Usr 0 00:05:37, Sys 0 00:00:01  -  Run Remote Usage
		Usr 0 00:00:00, Sys 0 00:00:00  -  Run Local Usage
		Usr 0 00:05:37, Sys 0 00:00:01  -  Total Remote Usage
		Usr 0 00:00:00, Sys 0 00:00:00  -  Total Local Usage
	482279  -  Run Bytes Sent By Job
	49355  -  Run Bytes Received By Job
	482279  -  Total Bytes Sent By Job
	49355  -  Total Bytes Received By Job
	Partitionable Resources :    Usage  Request          
	   Cpus                 :                 1          
	   Disk (KB)            :      545      545          
	   Memory (MB)          :       79       79          
...
005 (493769.000.000) 06/29 15:19:31 Job terminated.
	(1) Normal termination (return value 0)
		Usr 0 00:05:54, Sys 0 00:00:02  -  Run Remote Usage
		Usr 0 00:00:00, Sys 0 00:00:00  -  Run Local Usage
		Usr 0 00:05:54, Sys 0 00:00:02  -  Total Remote Usage
		Usr 0 00:00:00, Sys 0 00:00:00  -  Total Local Usage
	482366  -  Run Bytes Sent By Job
	49356  -  Run Bytes Received By Job
	482366  -  Total Bytes Sent By Job
	49356  -  Total Bytes Received By Job
	Partitionable Resources :    Usage  Request          
	   Cpus                 :                 1          
	   Disk (KB)            :      544      544          
	   Memory (MB)          :       70       70          
...
000 (494588.000.000) 06/29 21:49:59 Job submitted from host: <18.12.1.74:48322>
...
001 (494588.000.000) 06/29 21:50:31 Job executing on host: <18.12.9.55:40657>
...
006 (494588.000.000) 06/29 21:50:40 Image size of job updated: 193944
	65  -  MemoryUsage of job (MB)
	66152  -  ResidentSetSize of job (KB)
...
006 (494588.000.000) 06/29 21:55:41 Image size of job updated: 193944
	66  -  MemoryUsage of job (MB)
	66592  -  ResidentSetSize of job (KB)
...
005 (494588.000.000) 06/29 21:57:24 Job terminated.
	(1) Normal termination (return value 0)
		Usr 0 00:05:52, Sys 0 00:00:03  -  Run Remote Usage
		Usr 0 00:00:00, Sys 0 00:00:00  -  Run Local Usage
		Usr 0 00:05:52, Sys 0 00:00:03  -  Total Remote Usage
		Usr 0 00:00:00, Sys 0 00:00:00  -  Total Local Usage
	482974  -  Run Bytes Sent By Job
	49495  -  Run Bytes Received By Job
	482974  -  Total Bytes Sent By Job
	49495  -  Total Bytes Received By Job
	Partitionable Resources :    Usage  Request          
	   Cpus                 :                 1          
	   Disk (KB)            :      546      546          
	   Memory (MB)          :       66       66          
...
000 (496503.000.000) 07/07 14:54:11 Job submitted from host: <18.12.1.74:48322>
...
001 (496503.000.000) 07/07 14:54:34 Job executing on host: <18.12.9.22:46059>
...
006 (496503.000.000) 07/07 14:54:42 Image size of job updated: 194012
	68  -  MemoryUsage of job (MB)
	69620  -  ResidentSetSize of job (KB)
...
006 (496503.000.000) 07/07 14:59:42 Image size of job updated: 194144
	82  -  MemoryUsage of job (MB)
	83636  -  ResidentSetSize of job (KB)
...
005 (496503.000.000) 07/07 15:02:28 Job terminated.
	(1) Normal termination (return value 0)
		Usr 0 00:06:58, Sys 0 00:00:02  -  Run Remote Usage
		Usr 0 00:00:00, Sys 0 00:00:00  -  Run Local Usage
		Usr 0 00:06:58, Sys 0 00:00:02  -  Total Remote Usage
		Usr 0 00:00:00, Sys 0 00:00:00  -  Total Local Usage
	488807  -  Run Bytes Sent By Job
	50562  -  Run Bytes Received By Job
	488807  -  Total Bytes Sent By Job
	50562  -  Total Bytes Received By Job
	Partitionable Resources :    Usage  Request          
	   Cpus                 :                 1          
	   Disk (KB)            :      552      552          
	   Memory (MB)          :       82       82          
...
000 (496739.000.000) 07/07 17:00:55 Job submitted from host: <18.12.1.74:48322>
...
001 (496739.000.000) 07/07 17:01:29 Job executing on host: <18.12.8.1:47592>
...
006 (496739.000.000) 07/07 17:01:38 Image size of job updated: 1
	3  -  MemoryUsage of job (MB)
	2356  -  ResidentSetSize of job (KB)
...
006 (496739.000.000) 07/07 17:06:39 Image size of job updated: 194148
	79  -  MemoryUsage of job (MB)
	80008  -  ResidentSetSize of job (KB)
...
005 (496739.000.000) 07/07 17:08:25 Job terminated.
	(1) Normal termination (return value 0)
		Usr 0 00:06:12, Sys 0 00:00:02  -  Run Remote Usage
		Usr 0 00:00:00, Sys 0 00:00:00  -  Run Local Usage
		Usr 0 00:06:12, Sys 0 00:00:02  -  Total Remote Usage
		Usr 0 00:00:00, Sys 0 00:00:00  -  Total Local Usage
	488935  -  Run Bytes Sent By Job
	50642  -  Run Bytes Received By Job
	488935  -  Total Bytes Sent By Job
	50642  -  Total Bytes Received By Job
	Partitionable Resources :    Usage  Request          
	   Cpus                 :                 1          
	   Disk (KB)            :      552      552          
	   Memory (MB)          :       79       79          
...
000 (497119.000.000) 07/09 11:22:00 Job submitted from host: <18.12.1.74:48322>
...
001 (497119.000.000) 07/09 11:22:36 Job executing on host: <18.12.8.58:48906>
...
006 (497119.000.000) 07/09 11:22:45 Image size of job updated: 69176
	17  -  MemoryUsage of job (MB)
	16984  -  ResidentSetSize of job (KB)
...
006 (497119.000.000) 07/09 11:27:46 Image size of job updated: 194148
	82  -  MemoryUsage of job (MB)
	83672  -  ResidentSetSize of job (KB)
...
005 (497119.000.000) 07/09 11:29:55 Job terminated.
	(1) Normal termination (return value 0)
		Usr 0 00:06:08, Sys 0 00:00:04  -  Run Remote Usage
		Usr 0 00:00:00, Sys 0 00:00:00  -  Run Local Usage
		Usr 0 00:06:08, Sys 0 00:00:04  -  Total Remote Usage
		Usr 0 00:00:00, Sys 0 00:00:00  -  Total Local Usage
	489387  -  Run Bytes Sent By Job
	50700  -  Run Bytes Received By Job
	489387  -  Total Bytes Sent By Job
	50700  -  Total Bytes Received By Job
	Partitionable Resources :    Usage  Request          
	   Cpus                 :                 1          
	   Disk (KB)            :      553      553          
	   Memory (MB)          :       82       82          
...
000 (497625.000.000) 07/09 15:43:06 Job submitted from host: <18.12.1.74:48322>
...
001 (497625.000.000) 07/09 15:43:20 Job executing on host: <18.12.8.100:41679>
...
006 (497625.000.000) 07/09 15:43:28 Image size of job updated: 188596
	60  -  MemoryUsage of job (MB)
	61068  -  ResidentSetSize of job (KB)
...
006 (497625.000.000) 07/09 15:48:26 Image size of job updated: 194152
	60  -  MemoryUsage of job (MB)
	61068  -  ResidentSetSize of job (KB)
...
005 (497625.000.000) 07/09 15:48:27 Job terminated.
	(1) Normal termination (return value 0)
		Usr 0 00:04:20, Sys 0 00:00:03  -  Run Remote Usage
		Usr 0 00:00:00, Sys 0 00:00:00  -  Run Local Usage
		Usr 0 00:04:20, Sys 0 00:00:03  -  Total Remote Usage
		Usr 0 00:00:00, Sys 0 00:00:00  -  Total Local Usage
	489329  -  Run Bytes Sent By Job
	50706  -  Run Bytes Received By Job
	489329  -  Total Bytes Sent By Job
	50706  -  Total Bytes Received By Job
	Partitionable Resources :    Usage  Request          
	   Cpus                 :                 1          
	   Disk (KB)            :      553      553          
	   Memory (MB)          :       60       60          
...
000 (497950.000.000) 07/09 16:40:13 Job submitted from host: <18.12.1.74:48322>
...
001 (497950.000.000) 07/09 16:40:40 Job executing on host: <18.12.8.222:45621>
...
006 (497950.000.000) 07/09 16:40:48 Image size of job updated: 150396
	23  -  MemoryUsage of job (MB)
	22572  -  ResidentSetSize of job (KB)
...
006 (497950.000.000) 07/09 16:45:48 Image size of job updated: 194148
	71  -  MemoryUsage of job (MB)
	71688  -  ResidentSetSize of job (KB)
...
005 (497950.000.000) 07/09 16:48:19 Job terminated.
	(1) Normal termination (return value 0)
		Usr 0 00:06:26, Sys 0 00:00:03  -  Run Remote Usage
		Usr 0 00:00:00, Sys 0 00:00:00  -  Run Local Usage
		Usr 0 00:06:26, Sys 0 00:00:03  -  Total Remote Usage
		Usr 0 00:00:00, Sys 0 00:00:00  -  Total Local Usage
	489241  -  Run Bytes Sent By Job
	50713  -  Run Bytes Received By Job
	489241  -  Total Bytes Sent By Job
	50713  -  Total Bytes Received By Job
	Partitionable Resources :    Usage  Request          
	   Cpus                 :                 1          
	   Disk (KB)            :      553      553          
	   Memory (MB)          :       71       71          
...
000 (498265.000.000) 07/10 12:07:53 Job submitted from host: <18.12.1.74:48322>
...
001 (498265.000.000) 07/10 12:08:09 Job executing on host: <18.12.9.43:46132>
...
006 (498265.000.000) 07/10 12:08:18 Image size of job updated: 158784
	37  -  MemoryUsage of job (MB)
	36880  -  ResidentSetSize of job (KB)
...
006 (498265.000.000) 07/10 12:13:19 Image size of job updated: 194624
	68  -  MemoryUsage of job (MB)
	68864  -  ResidentSetSize of job (KB)
...
005 (498265.000.000) 07/10 12:16:54 Job terminated.
	(1) Normal termination (return value 0)
		Usr 0 00:05:52, Sys 0 00:00:08  -  Run Remote Usage
		Usr 0 00:00:00, Sys 0 00:00:00  -  Run Local Usage
		Usr 0 00:05:52, Sys 0 00:00:08  -  Total Remote Usage
		Usr 0 00:00:00, Sys 0 00:00:00  -  Total Local Usage
	489563  -  Run Bytes Sent By Job
	50718  -  Run Bytes Received By Job
	489563  -  Total Bytes Sent By Job
	50718  -  Total Bytes Received By Job
	Partitionable Resources :    Usage  Request          
	   Cpus                 :                 1          
	   Disk (KB)            :      553      553          
	   Memory (MB)          :       68       68          
...
000 (498393.000.000) 07/10 14:02:38 Job submitted from host: <18.12.1.74:48322>
...
001 (498393.000.000) 07/10 14:10:59 Job executing on host: <18.12.8.249:48030>
...
006 (498393.000.000) 07/10 14:11:08 Image size of job updated: 1
	3  -  MemoryUsage of job (MB)
	2348  -  ResidentSetSize of job (KB)
...
006 (498393.000.000) 07/10 14:16:09 Image size of job updated: 194148
	76  -  MemoryUsage of job (MB)
	77184  -  ResidentSetSize of job (KB)
...
005 (498393.000.000) 07/10 14:19:47 Job terminated.
	(1) Normal termination (return value 0)
		Usr 0 00:06:37, Sys 0 00:00:02  -  Run Remote Usage
		Usr 0 00:00:00, Sys 0 00:00:00  -  Run Local Usage
		Usr 0 00:06:37, Sys 0 00:00:02  -  Total Remote Usage
		Usr 0 00:00:00, Sys 0 00:00:00  -  Total Local Usage
	489313  -  Run Bytes Sent By Job
	50793  -  Run Bytes Received By Job
	489313  -  Total Bytes Sent By Job
	50793  -  Total Bytes Received By Job
	Partitionable Resources :    Usage  Request          
	   Cpus                 :                 1          
	   Disk (KB)            :      553      553          
	   Memory (MB)          :       76       76          
...
000 (498627.000.000) 07/10 16:45:24 Job submitted from host: <18.12.1.74:48322>
...
001 (498627.000.000) 07/10 16:48:17 Job executing on host: <18.12.9.4:49198>
...
006 (498627.000.000) 07/10 16:48:25 Image size of job updated: 194540
	66  -  MemoryUsage of job (MB)
	66636  -  ResidentSetSize of job (KB)
...
006 (498627.000.000) 07/10 16:53:25 Image size of job updated: 194540
	67  -  MemoryUsage of job (MB)
	67712  -  ResidentSetSize of job (KB)
...
005 (498627.000.000) 07/10 17:28:34 Job terminated.
	(1) Normal termination (return value 0)
		Usr 0 00:05:53, Sys 0 00:00:01  -  Run Remote Usage
		Usr 0 00:00:00, Sys 0 00:00:00  -  Run Local Usage
		Usr 0 00:05:53, Sys 0 00:00:01  -  Total Remote Usage
		Usr 0 00:00:00, Sys 0 00:00:00  -  Total Local Usage
	497623  -  Run Bytes Sent By Job
	52122  -  Run Bytes Received By Job
	497623  -  Total Bytes Sent By Job
	52122  -  Total Bytes Received By Job
	Partitionable Resources :    Usage  Request          
	   Cpus                 :                 1          
	   Disk (KB)            :      562      562          
	   Memory (MB)          :       67       67          
...
