000 (428182.000.000) 06/23 17:53:56 Job submitted from host: <18.12.1.74:48322>
...
001 (428182.000.000) 06/23 17:54:19 Job executing on host: <18.12.9.40:43796>
...
006 (428182.000.000) 06/23 17:54:27 Image size of job updated: 93704
	3  -  MemoryUsage of job (MB)
	2444  -  ResidentSetSize of job (KB)
...
006 (428182.000.000) 06/23 17:59:27 Image size of job updated: 246932
	128  -  MemoryUsage of job (MB)
	130768  -  ResidentSetSize of job (KB)
...
006 (428182.000.000) 06/23 18:04:28 Image size of job updated: 246932
	133  -  MemoryUsage of job (MB)
	135484  -  ResidentSetSize of job (KB)
...
006 (428182.000.000) 06/23 18:09:29 Image size of job updated: 246932
	134  -  MemoryUsage of job (MB)
	136492  -  ResidentSetSize of job (KB)
...
006 (428182.000.000) 06/23 18:19:29 Image size of job updated: 248884
	136  -  MemoryUsage of job (MB)
	138320  -  ResidentSetSize of job (KB)
...
006 (428182.000.000) 06/23 18:24:30 Image size of job updated: 248884
	136  -  MemoryUsage of job (MB)
	138348  -  ResidentSetSize of job (KB)
...
005 (428182.000.000) 06/23 18:25:00 Job terminated.
	(1) Normal termination (return value 0)
		Usr 0 00:09:40, Sys 0 00:00:07  -  Run Remote Usage
		Usr 0 00:00:00, Sys 0 00:00:00  -  Run Local Usage
		Usr 0 00:09:40, Sys 0 00:00:07  -  Total Remote Usage
		Usr 0 00:00:00, Sys 0 00:00:00  -  Total Local Usage
	409665  -  Run Bytes Sent By Job
	46217  -  Run Bytes Received By Job
	409665  -  Total Bytes Sent By Job
	46217  -  Total Bytes Received By Job
	Partitionable Resources :    Usage  Request          
	   Cpus                 :                 1          
	   Disk (KB)            :      471      471          
	   Memory (MB)          :      136      136          
...
