
----------------------------------------------------
Job started on Tue Jun 23 17:54:19 EDT 2015 at WN: t2bat0340.cmsaf.mit.edu 
Job is running on Linux t2bat0340.cmsaf.mit.edu 2.6.32-358.el6.x86_64 #1 SMP Fri Feb 22 20:37:17 CST 2013 x86_64 x86_64 x86_64 GNU/Linux
Filesystem            Size  Used Avail Use% Mounted on
/dev/sda3              20G  2.6G   17G  14% /
tmpfs                  32G     0   32G   0% /dev/shm
/dev/sda1              97M   32M   61M  35% /boot
/dev/sda4             416G   34G  382G   9% /export/data1
/dev/sdb1             3.6T  3.1T  512G  87% /export/00b
/dev/sdc1             3.6T  3.1T  528G  86% /export/00c
/dev/sdd1             3.6T  3.1T  548G  86% /export/00d
/dev/sde1             3.6T  3.1T  523G  86% /export/00e
/dev/sdh1             3.6T  3.1T  548G  86% /export/00f
/dev/sdf1             3.6T  3.1T  531G  86% /export/00g
/dev/sdg1             3.6T  3.1T  528G  86% /export/00h
/dev/sdj1             3.6T  3.1T  520G  86% /export/00i
/dev/sdi1             3.6T  3.1T  539G  86% /export/00j
/dev/sdk1             3.6T  3.1T  534G  86% /export/00k
/dev/sdl1             3.6T  3.1T  545G  86% /export/00l
fuse_dfs              4.9P  4.4P  516T  90% /mnt/hadoop
t2srv0004:/export/db  135G  187M  135G   1% /net/t2srv0004/db
cvmfs2                 98G   31G   67G  32% /cvmfs/cms.cern.ch
cvmfs2                 98G   31G   67G  32% /cvmfs/oasis.opensciencegrid.org
cvmfs2                 98G   31G   67G  32% /cvmfs/mu2e.opensciencegrid.org
gcc (GCC) 4.4.7 20120313 (Red Hat 4.4.7-3)
Copyright (C) 2010 Free Software Foundation, Inc.
This is free software; see the source for copying conditions.  There is NO
warranty; not even for MERCHANTABILITY or FITNESS FOR A PARTICULAR PURPOSE.

Processing...
0/436612
10000/436612
20000/436612
30000/436612
40000/436612
50000/436612
60000/436612
70000/436612
80000/436612
90000/436612
100000/436612
110000/436612
120000/436612
130000/436612
140000/436612
150000/436612
160000/436612
170000/436612
180000/436612
190000/436612
200000/436612
210000/436612
220000/436612
230000/436612
240000/436612
250000/436612
260000/436612
270000/436612
280000/436612
290000/436612
300000/436612
310000/436612
320000/436612
330000/436612
340000/436612
350000/436612
360000/436612
370000/436612
380000/436612
390000/436612
400000/436612
410000/436612
420000/436612
430000/436612
Macro finished: 
CPU time (min)  = 3.01467
Real time (min) = 3.98424
Done!
Copied output files to hadoop rootfiles/JetRAA/June22
