000 (428189.000.000) 06/23 17:53:57 Job submitted from host: <18.12.1.74:48322>
...
001 (428189.000.000) 06/23 17:54:16 Job executing on host: <18.12.9.70:40511>
...
006 (428189.000.000) 06/23 17:54:24 Image size of job updated: 190704
	69  -  MemoryUsage of job (MB)
	69664  -  ResidentSetSize of job (KB)
...
006 (428189.000.000) 06/23 17:58:31 Image size of job updated: 247396
	69  -  MemoryUsage of job (MB)
	69664  -  ResidentSetSize of job (KB)
...
005 (428189.000.000) 06/23 17:58:31 Job terminated.
	(1) Normal termination (return value 0)
		Usr 0 00:03:19, Sys 0 00:00:01  -  Run Remote Usage
		Usr 0 00:00:00, Sys 0 00:00:00  -  Run Local Usage
		Usr 0 00:03:19, Sys 0 00:00:01  -  Total Remote Usage
		Usr 0 00:00:00, Sys 0 00:00:00  -  Total Local Usage
	407850  -  Run Bytes Sent By Job
	46217  -  Run Bytes Received By Job
	407850  -  Total Bytes Sent By Job
	46217  -  Total Bytes Received By Job
	Partitionable Resources :    Usage  Request          
	   Cpus                 :                 1          
	   Disk (KB)            :      469      469          
	   Memory (MB)          :       69       69          
...
000 (451414.000.000) 06/25 13:03:56 Job submitted from host: <18.12.1.74:48322>
...
001 (451414.000.000) 06/25 13:04:16 Job executing on host: <18.12.12.67:42409>
...
006 (451414.000.000) 06/25 13:04:24 Image size of job updated: 1
	3  -  MemoryUsage of job (MB)
	2360  -  ResidentSetSize of job (KB)
...
006 (451414.000.000) 06/25 13:04:35 Image size of job updated: 186508
	3  -  MemoryUsage of job (MB)
	2360  -  ResidentSetSize of job (KB)
...
005 (451414.000.000) 06/25 13:04:35 Job terminated.
	(1) Normal termination (return value 0)
		Usr 0 00:00:00, Sys 0 00:00:00  -  Run Remote Usage
		Usr 0 00:00:00, Sys 0 00:00:00  -  Run Local Usage
		Usr 0 00:00:00, Sys 0 00:00:00  -  Total Remote Usage
		Usr 0 00:00:00, Sys 0 00:00:00  -  Total Local Usage
	474326  -  Run Bytes Sent By Job
	45684  -  Run Bytes Received By Job
	474326  -  Total Bytes Sent By Job
	45684  -  Total Bytes Received By Job
	Partitionable Resources :    Usage  Request          
	   Cpus                 :                 1          
	   Disk (KB)            :      533      533          
	   Memory (MB)          :        3        3          
...
000 (451473.000.000) 06/25 13:07:36 Job submitted from host: <18.12.1.74:48322>
...
001 (451473.000.000) 06/25 13:08:11 Job executing on host: <18.12.8.204:49125>
...
006 (451473.000.000) 06/25 13:08:17 Image size of job updated: 155048
	0  -  MemoryUsage of job (MB)
	0  -  ResidentSetSize of job (KB)
...
005 (451473.000.000) 06/25 13:08:17 Job terminated.
	(1) Normal termination (return value 0)
		Usr 0 00:00:00, Sys 0 00:00:00  -  Run Remote Usage
		Usr 0 00:00:00, Sys 0 00:00:00  -  Run Local Usage
		Usr 0 00:00:00, Sys 0 00:00:00  -  Total Remote Usage
		Usr 0 00:00:00, Sys 0 00:00:00  -  Total Local Usage
	476269  -  Run Bytes Sent By Job
	47932  -  Run Bytes Received By Job
	476269  -  Total Bytes Sent By Job
	47932  -  Total Bytes Received By Job
	Partitionable Resources :    Usage  Request          
	   Cpus                 :                 1          
	   Disk (KB)            :      538      538          
	   Memory (MB)          :        0        0          
...
000 (451532.000.000) 06/25 13:18:37 Job submitted from host: <18.12.1.74:48322>
...
001 (451532.000.000) 06/25 13:18:45 Job executing on host: <18.12.8.204:49125>
...
006 (451532.000.000) 06/25 13:18:54 Image size of job updated: 1
	3  -  MemoryUsage of job (MB)
	2360  -  ResidentSetSize of job (KB)
...
006 (451532.000.000) 06/25 13:23:55 Image size of job updated: 256136
	90  -  MemoryUsage of job (MB)
	92080  -  ResidentSetSize of job (KB)
...
005 (451532.000.000) 06/25 13:24:20 Job terminated.
	(1) Normal termination (return value 0)
		Usr 0 00:04:18, Sys 0 00:00:01  -  Run Remote Usage
		Usr 0 00:00:00, Sys 0 00:00:00  -  Run Local Usage
		Usr 0 00:04:18, Sys 0 00:00:01  -  Total Remote Usage
		Usr 0 00:00:00, Sys 0 00:00:00  -  Total Local Usage
	470932  -  Run Bytes Sent By Job
	45681  -  Run Bytes Received By Job
	470932  -  Total Bytes Sent By Job
	45681  -  Total Bytes Received By Job
	Partitionable Resources :    Usage  Request          
	   Cpus                 :                 1          
	   Disk (KB)            :      530      530          
	   Memory (MB)          :       90       90          
...
000 (451693.000.000) 06/25 21:34:34 Job submitted from host: <18.12.1.74:48322>
...
001 (451693.000.000) 06/25 21:34:43 Job executing on host: <18.12.9.77:41533>
...
006 (451693.000.000) 06/25 21:34:51 Image size of job updated: 250012
	73  -  MemoryUsage of job (MB)
	74528  -  ResidentSetSize of job (KB)
...
006 (451693.000.000) 06/25 21:38:52 Image size of job updated: 256144
	73  -  MemoryUsage of job (MB)
	74528  -  ResidentSetSize of job (KB)
...
005 (451693.000.000) 06/25 21:38:52 Job terminated.
	(1) Normal termination (return value 0)
		Usr 0 00:03:38, Sys 0 00:00:02  -  Run Remote Usage
		Usr 0 00:00:00, Sys 0 00:00:00  -  Run Local Usage
		Usr 0 00:03:38, Sys 0 00:00:02  -  Total Remote Usage
		Usr 0 00:00:00, Sys 0 00:00:00  -  Total Local Usage
	479558  -  Run Bytes Sent By Job
	48163  -  Run Bytes Received By Job
	479558  -  Total Bytes Sent By Job
	48163  -  Total Bytes Received By Job
	Partitionable Resources :    Usage  Request          
	   Cpus                 :                 1          
	   Disk (KB)            :      541      541          
	   Memory (MB)          :       73       73          
...
000 (452371.000.000) 06/26 11:24:32 Job submitted from host: <18.12.1.74:48322>
...
001 (452371.000.000) 06/26 11:25:19 Job executing on host: <18.12.8.100:41679>
...
006 (452371.000.000) 06/26 11:25:27 Image size of job updated: 147744
	36  -  MemoryUsage of job (MB)
	36064  -  ResidentSetSize of job (KB)
...
006 (452371.000.000) 06/26 11:29:27 Image size of job updated: 256144
	36  -  MemoryUsage of job (MB)
	36064  -  ResidentSetSize of job (KB)
...
005 (452371.000.000) 06/26 11:29:27 Job terminated.
	(1) Normal termination (return value 0)
		Usr 0 00:03:10, Sys 0 00:00:03  -  Run Remote Usage
		Usr 0 00:00:00, Sys 0 00:00:00  -  Run Local Usage
		Usr 0 00:03:10, Sys 0 00:00:03  -  Total Remote Usage
		Usr 0 00:00:00, Sys 0 00:00:00  -  Total Local Usage
	479859  -  Run Bytes Sent By Job
	48164  -  Run Bytes Received By Job
	479859  -  Total Bytes Sent By Job
	48164  -  Total Bytes Received By Job
	Partitionable Resources :    Usage  Request          
	   Cpus                 :                 1          
	   Disk (KB)            :      541      541          
	   Memory (MB)          :       36       36          
...
000 (456199.000.000) 06/26 11:56:13 Job submitted from host: <18.12.1.74:48322>
...
001 (456199.000.000) 06/26 11:56:42 Job executing on host: <18.12.8.172:40803>
...
006 (456199.000.000) 06/26 11:56:50 Image size of job updated: 1
	3  -  MemoryUsage of job (MB)
	2348  -  ResidentSetSize of job (KB)
...
006 (456199.000.000) 06/26 12:01:50 Image size of job updated: 256144
	93  -  MemoryUsage of job (MB)
	94708  -  ResidentSetSize of job (KB)
...
005 (456199.000.000) 06/26 12:02:59 Job terminated.
	(1) Normal termination (return value 0)
		Usr 0 00:03:58, Sys 0 00:00:02  -  Run Remote Usage
		Usr 0 00:00:00, Sys 0 00:00:00  -  Run Local Usage
		Usr 0 00:03:58, Sys 0 00:00:02  -  Total Remote Usage
		Usr 0 00:00:00, Sys 0 00:00:00  -  Total Local Usage
	479425  -  Run Bytes Sent By Job
	48164  -  Run Bytes Received By Job
	479425  -  Total Bytes Sent By Job
	48164  -  Total Bytes Received By Job
	Partitionable Resources :    Usage  Request          
	   Cpus                 :                 1          
	   Disk (KB)            :      541      541          
	   Memory (MB)          :       93       93          
...
000 (472604.000.000) 06/26 14:30:34 Job submitted from host: <18.12.1.74:48322>
...
001 (472604.000.000) 06/26 14:30:57 Job executing on host: <18.12.8.187:47884>
...
006 (472604.000.000) 06/26 14:31:06 Image size of job updated: 169072
	53  -  MemoryUsage of job (MB)
	54164  -  ResidentSetSize of job (KB)
...
006 (472604.000.000) 06/26 14:36:07 Image size of job updated: 314984
	163  -  MemoryUsage of job (MB)
	166412  -  ResidentSetSize of job (KB)
...
005 (472604.000.000) 06/26 14:36:48 Job terminated.
	(1) Normal termination (return value 0)
		Usr 0 00:04:47, Sys 0 00:00:03  -  Run Remote Usage
		Usr 0 00:00:00, Sys 0 00:00:00  -  Run Local Usage
		Usr 0 00:04:47, Sys 0 00:00:03  -  Total Remote Usage
		Usr 0 00:00:00, Sys 0 00:00:00  -  Total Local Usage
	480291  -  Run Bytes Sent By Job
	48486  -  Run Bytes Received By Job
	480291  -  Total Bytes Sent By Job
	48486  -  Total Bytes Received By Job
	Partitionable Resources :    Usage  Request          
	   Cpus                 :                 1          
	   Disk (KB)            :      542      542          
	   Memory (MB)          :      163      163          
...
000 (472730.000.000) 06/26 15:12:50 Job submitted from host: <18.12.1.74:48322>
...
001 (472730.000.000) 06/26 15:13:21 Job executing on host: <18.12.8.155:49344>
...
006 (472730.000.000) 06/26 15:13:30 Image size of job updated: 188752
	66  -  MemoryUsage of job (MB)
	66640  -  ResidentSetSize of job (KB)
...
006 (472730.000.000) 06/26 15:18:28 Image size of job updated: 314984
	66  -  MemoryUsage of job (MB)
	66640  -  ResidentSetSize of job (KB)
...
005 (472730.000.000) 06/26 15:18:28 Job terminated.
	(1) Normal termination (return value 0)
		Usr 0 00:04:06, Sys 0 00:00:02  -  Run Remote Usage
		Usr 0 00:00:00, Sys 0 00:00:00  -  Run Local Usage
		Usr 0 00:04:06, Sys 0 00:00:02  -  Total Remote Usage
		Usr 0 00:00:00, Sys 0 00:00:00  -  Total Local Usage
	480400  -  Run Bytes Sent By Job
	48521  -  Run Bytes Received By Job
	480400  -  Total Bytes Sent By Job
	48521  -  Total Bytes Received By Job
	Partitionable Resources :    Usage  Request          
	   Cpus                 :                 1          
	   Disk (KB)            :      542      542          
	   Memory (MB)          :       66       66          
...
000 (472938.000.000) 06/26 16:40:36 Job submitted from host: <18.12.1.74:48322>
...
001 (472938.000.000) 06/26 16:41:06 Job executing on host: <18.12.8.14:46132>
...
006 (472938.000.000) 06/26 16:41:14 Image size of job updated: 1
	3  -  MemoryUsage of job (MB)
	2364  -  ResidentSetSize of job (KB)
...
006 (472938.000.000) 06/26 16:46:14 Image size of job updated: 308800
	130  -  MemoryUsage of job (MB)
	132696  -  ResidentSetSize of job (KB)
...
006 (472938.000.000) 06/26 16:51:14 Image size of job updated: 314944
	156  -  MemoryUsage of job (MB)
	159124  -  ResidentSetSize of job (KB)
...
006 (472938.000.000) 06/26 16:56:15 Image size of job updated: 314944
	162  -  MemoryUsage of job (MB)
	165240  -  ResidentSetSize of job (KB)
...
005 (472938.000.000) 06/26 16:57:59 Job terminated.
	(1) Normal termination (return value 0)
		Usr 0 00:04:16, Sys 0 00:00:03  -  Run Remote Usage
		Usr 0 00:00:00, Sys 0 00:00:00  -  Run Local Usage
		Usr 0 00:04:16, Sys 0 00:00:03  -  Total Remote Usage
		Usr 0 00:00:00, Sys 0 00:00:00  -  Total Local Usage
	481133  -  Run Bytes Sent By Job
	48948  -  Run Bytes Received By Job
	481133  -  Total Bytes Sent By Job
	48948  -  Total Bytes Received By Job
	Partitionable Resources :    Usage  Request          
	   Cpus                 :                 1          
	   Disk (KB)            :      543      543          
	   Memory (MB)          :      162      162          
...
000 (492289.000.000) 06/29 10:00:45 Job submitted from host: <18.12.1.74:48322>
...
001 (492289.000.000) 06/29 10:01:23 Job executing on host: <18.12.8.178:40511>
...
006 (492289.000.000) 06/29 10:01:31 Image size of job updated: 1
	3  -  MemoryUsage of job (MB)
	2368  -  ResidentSetSize of job (KB)
...
006 (492289.000.000) 06/29 10:06:31 Image size of job updated: 308860
	146  -  MemoryUsage of job (MB)
	149284  -  ResidentSetSize of job (KB)
...
006 (492289.000.000) 06/29 10:09:35 Image size of job updated: 314892
	146  -  MemoryUsage of job (MB)
	149284  -  ResidentSetSize of job (KB)
...
005 (492289.000.000) 06/29 10:09:35 Job terminated.
	(1) Normal termination (return value 0)
		Usr 0 00:03:57, Sys 0 00:00:02  -  Run Remote Usage
		Usr 0 00:00:00, Sys 0 00:00:00  -  Run Local Usage
		Usr 0 00:03:57, Sys 0 00:00:02  -  Total Remote Usage
		Usr 0 00:00:00, Sys 0 00:00:00  -  Total Local Usage
	481303  -  Run Bytes Sent By Job
	49114  -  Run Bytes Received By Job
	481303  -  Total Bytes Sent By Job
	49114  -  Total Bytes Received By Job
	Partitionable Resources :    Usage  Request          
	   Cpus                 :                 1          
	   Disk (KB)            :      544      544          
	   Memory (MB)          :      146      146          
...
000 (493186.000.000) 06/29 11:50:49 Job submitted from host: <18.12.1.74:48322>
...
001 (493186.000.000) 06/29 11:50:53 Job executing on host: <18.12.9.77:41533>
...
006 (493186.000.000) 06/29 11:51:01 Image size of job updated: 252164
	69  -  MemoryUsage of job (MB)
	69812  -  ResidentSetSize of job (KB)
...
006 (493186.000.000) 06/29 11:55:24 Image size of job updated: 258512
	69  -  MemoryUsage of job (MB)
	69812  -  ResidentSetSize of job (KB)
...
005 (493186.000.000) 06/29 11:55:24 Job terminated.
	(1) Normal termination (return value 0)
		Usr 0 00:03:45, Sys 0 00:00:02  -  Run Remote Usage
		Usr 0 00:00:00, Sys 0 00:00:00  -  Run Local Usage
		Usr 0 00:03:45, Sys 0 00:00:02  -  Total Remote Usage
		Usr 0 00:00:00, Sys 0 00:00:00  -  Total Local Usage
	481978  -  Run Bytes Sent By Job
	49359  -  Run Bytes Received By Job
	481978  -  Total Bytes Sent By Job
	49359  -  Total Bytes Received By Job
	Partitionable Resources :    Usage  Request          
	   Cpus                 :                 1          
	   Disk (KB)            :      544      544          
	   Memory (MB)          :       69       69          
...
000 (493312.000.000) 06/29 12:56:32 Job submitted from host: <18.12.1.74:48322>
...
001 (493312.000.000) 06/29 12:57:04 Job executing on host: <18.12.9.78:45840>
...
006 (493312.000.000) 06/29 12:57:12 Image size of job updated: 252168
	85  -  MemoryUsage of job (MB)
	86692  -  ResidentSetSize of job (KB)
...
006 (493312.000.000) 06/29 13:02:12 Image size of job updated: 258548
	100  -  MemoryUsage of job (MB)
	101600  -  ResidentSetSize of job (KB)
...
005 (493312.000.000) 06/29 13:02:14 Job terminated.
	(1) Normal termination (return value 0)
		Usr 0 00:03:53, Sys 0 00:00:03  -  Run Remote Usage
		Usr 0 00:00:00, Sys 0 00:00:00  -  Run Local Usage
		Usr 0 00:03:53, Sys 0 00:00:03  -  Total Remote Usage
		Usr 0 00:00:00, Sys 0 00:00:00  -  Total Local Usage
	481972  -  Run Bytes Sent By Job
	49363  -  Run Bytes Received By Job
	481972  -  Total Bytes Sent By Job
	49363  -  Total Bytes Received By Job
	Partitionable Resources :    Usage  Request          
	   Cpus                 :                 1          
	   Disk (KB)            :      545      545          
	   Memory (MB)          :      100      100          
...
000 (493449.000.000) 06/29 13:37:19 Job submitted from host: <18.12.1.74:48322>
...
001 (493449.000.000) 06/29 13:37:54 Job executing on host: <18.12.9.60:41752>
...
006 (493449.000.000) 06/29 13:38:03 Image size of job updated: 1
	3  -  MemoryUsage of job (MB)
	2356  -  ResidentSetSize of job (KB)
...
006 (493449.000.000) 06/29 13:42:39 Image size of job updated: 258512
	3  -  MemoryUsage of job (MB)
	2356  -  ResidentSetSize of job (KB)
...
005 (493449.000.000) 06/29 13:42:39 Job terminated.
	(1) Normal termination (return value 0)
		Usr 0 00:03:48, Sys 0 00:00:04  -  Run Remote Usage
		Usr 0 00:00:00, Sys 0 00:00:00  -  Run Local Usage
		Usr 0 00:03:48, Sys 0 00:00:04  -  Total Remote Usage
		Usr 0 00:00:00, Sys 0 00:00:00  -  Total Local Usage
	482038  -  Run Bytes Sent By Job
	49355  -  Run Bytes Received By Job
	482038  -  Total Bytes Sent By Job
	49355  -  Total Bytes Received By Job
	Partitionable Resources :    Usage  Request          
	   Cpus                 :                 1          
	   Disk (KB)            :      544      544          
	   Memory (MB)          :        3        3          
...
000 (493593.000.000) 06/29 15:03:15 Job submitted from host: <18.12.1.74:48322>
...
001 (493593.000.000) 06/29 15:03:49 Job executing on host: <18.12.6.94:42336>
...
006 (493593.000.000) 06/29 15:03:58 Image size of job updated: 1
	3  -  MemoryUsage of job (MB)
	2372  -  ResidentSetSize of job (KB)
...
006 (493593.000.000) 06/29 15:04:52 Image size of job updated: 252440
	3  -  MemoryUsage of job (MB)
	2372  -  ResidentSetSize of job (KB)
...
004 (493593.000.000) 06/29 15:04:52 Job was evicted.
	(0) Job was not checkpointed.
		Usr 0 00:00:53, Sys 0 00:00:00  -  Run Remote Usage
		Usr 0 00:00:00, Sys 0 00:00:00  -  Run Local Usage
	0  -  Run Bytes Sent By Job
	49355  -  Run Bytes Received By Job
	Partitionable Resources :    Usage  Request          
	   Cpus                 :                 1          
	   Disk (KB)            :      544      544          
	   Memory (MB)          :        3        3          
...
009 (493593.000.000) 06/29 15:04:59 Job was aborted by the user.
	via condor_rm (by user rkunnawa)
...
000 (493710.000.000) 06/29 15:05:34 Job submitted from host: <18.12.1.74:48322>
...
001 (493710.000.000) 06/29 15:05:46 Job executing on host: <18.12.8.182:47592>
...
006 (493710.000.000) 06/29 15:05:54 Image size of job updated: 1
	3  -  MemoryUsage of job (MB)
	2372  -  ResidentSetSize of job (KB)
...
000 (493827.000.000) 06/29 15:06:17 Job submitted from host: <18.12.1.74:48322>
...
001 (493827.000.000) 06/29 15:06:21 Job executing on host: <18.12.8.186:43285>
...
006 (493827.000.000) 06/29 15:06:29 Image size of job updated: 1196
	1  -  MemoryUsage of job (MB)
	156  -  ResidentSetSize of job (KB)
...
006 (493710.000.000) 06/29 15:10:54 Image size of job updated: 253288
	80  -  MemoryUsage of job (MB)
	80912  -  ResidentSetSize of job (KB)
...
006 (493827.000.000) 06/29 15:11:30 Image size of job updated: 258496
	102  -  MemoryUsage of job (MB)
	103508  -  ResidentSetSize of job (KB)
...
005 (493827.000.000) 06/29 15:12:55 Job terminated.
	(1) Normal termination (return value 0)
		Usr 0 00:05:04, Sys 0 00:00:03  -  Run Remote Usage
		Usr 0 00:00:00, Sys 0 00:00:00  -  Run Local Usage
		Usr 0 00:05:04, Sys 0 00:00:03  -  Total Remote Usage
		Usr 0 00:00:00, Sys 0 00:00:00  -  Total Local Usage
	481916  -  Run Bytes Sent By Job
	49356  -  Run Bytes Received By Job
	481916  -  Total Bytes Sent By Job
	49356  -  Total Bytes Received By Job
	Partitionable Resources :    Usage  Request          
	   Cpus                 :                 1          
	   Disk (KB)            :      544      544          
	   Memory (MB)          :      102      102          
...
006 (493710.000.000) 06/29 15:14:00 Image size of job updated: 258520
	80  -  MemoryUsage of job (MB)
	80912  -  ResidentSetSize of job (KB)
...
005 (493710.000.000) 06/29 15:14:00 Job terminated.
	(1) Normal termination (return value 0)
		Usr 0 00:04:06, Sys 0 00:00:02  -  Run Remote Usage
		Usr 0 00:00:00, Sys 0 00:00:00  -  Run Local Usage
		Usr 0 00:04:06, Sys 0 00:00:02  -  Total Remote Usage
		Usr 0 00:00:00, Sys 0 00:00:00  -  Total Local Usage
	481916  -  Run Bytes Sent By Job
	49355  -  Run Bytes Received By Job
	481916  -  Total Bytes Sent By Job
	49355  -  Total Bytes Received By Job
	Partitionable Resources :    Usage  Request          
	   Cpus                 :                 1          
	   Disk (KB)            :      544      544          
	   Memory (MB)          :       80       80          
...
000 (494646.000.000) 06/29 21:50:06 Job submitted from host: <18.12.1.74:48322>
...
001 (494646.000.000) 06/29 21:50:33 Job executing on host: <18.12.9.28:45986>
...
006 (494646.000.000) 06/29 21:50:42 Image size of job updated: 1
	3  -  MemoryUsage of job (MB)
	2364  -  ResidentSetSize of job (KB)
...
006 (494646.000.000) 06/29 21:55:43 Image size of job updated: 252576
	79  -  MemoryUsage of job (MB)
	80164  -  ResidentSetSize of job (KB)
...
006 (494646.000.000) 06/29 22:00:43 Image size of job updated: 253480
	84  -  MemoryUsage of job (MB)
	85488  -  ResidentSetSize of job (KB)
...
006 (494646.000.000) 06/29 22:05:44 Image size of job updated: 258712
	90  -  MemoryUsage of job (MB)
	91904  -  ResidentSetSize of job (KB)
...
005 (494646.000.000) 06/29 22:08:49 Job terminated.
	(1) Normal termination (return value 0)
		Usr 0 00:04:24, Sys 0 00:00:03  -  Run Remote Usage
		Usr 0 00:00:00, Sys 0 00:00:00  -  Run Local Usage
		Usr 0 00:04:24, Sys 0 00:00:03  -  Total Remote Usage
		Usr 0 00:00:00, Sys 0 00:00:00  -  Total Local Usage
	482889  -  Run Bytes Sent By Job
	49495  -  Run Bytes Received By Job
	482889  -  Total Bytes Sent By Job
	49495  -  Total Bytes Received By Job
	Partitionable Resources :    Usage  Request          
	   Cpus                 :                 1          
	   Disk (KB)            :      546      546          
	   Memory (MB)          :       90       90          
...
000 (496561.000.000) 07/07 14:54:17 Job submitted from host: <18.12.1.74:48322>
...
001 (496561.000.000) 07/07 14:54:36 Job executing on host: <18.12.9.23:49198>
...
006 (496561.000.000) 07/07 14:54:45 Image size of job updated: 152380
	40  -  MemoryUsage of job (MB)
	40752  -  ResidentSetSize of job (KB)
...
006 (496561.000.000) 07/07 14:59:46 Image size of job updated: 253680
	89  -  MemoryUsage of job (MB)
	90704  -  ResidentSetSize of job (KB)
...
006 (496561.000.000) 07/07 15:02:08 Image size of job updated: 258912
	89  -  MemoryUsage of job (MB)
	90704  -  ResidentSetSize of job (KB)
...
005 (496561.000.000) 07/07 15:02:08 Job terminated.
	(1) Normal termination (return value 0)
		Usr 0 00:05:10, Sys 0 00:00:03  -  Run Remote Usage
		Usr 0 00:00:00, Sys 0 00:00:00  -  Run Local Usage
		Usr 0 00:05:10, Sys 0 00:00:03  -  Total Remote Usage
		Usr 0 00:00:00, Sys 0 00:00:00  -  Total Local Usage
	488301  -  Run Bytes Sent By Job
	50562  -  Run Bytes Received By Job
	488301  -  Total Bytes Sent By Job
	50562  -  Total Bytes Received By Job
	Partitionable Resources :    Usage  Request          
	   Cpus                 :                 1          
	   Disk (KB)            :      551      551          
	   Memory (MB)          :       89       89          
...
000 (496797.000.000) 07/07 17:01:01 Job submitted from host: <18.12.1.74:48322>
...
001 (496797.000.000) 07/07 17:01:33 Job executing on host: <18.12.8.56:42920>
...
006 (496797.000.000) 07/07 17:01:41 Image size of job updated: 252544
	76  -  MemoryUsage of job (MB)
	77788  -  ResidentSetSize of job (KB)
...
006 (496797.000.000) 07/07 17:06:41 Image size of job updated: 253688
	93  -  MemoryUsage of job (MB)
	94296  -  ResidentSetSize of job (KB)
...
006 (496797.000.000) 07/07 17:10:47 Image size of job updated: 258924
	93  -  MemoryUsage of job (MB)
	94296  -  ResidentSetSize of job (KB)
...
005 (496797.000.000) 07/07 17:10:47 Job terminated.
	(1) Normal termination (return value 0)
		Usr 0 00:08:07, Sys 0 00:00:06  -  Run Remote Usage
		Usr 0 00:00:00, Sys 0 00:00:00  -  Run Local Usage
		Usr 0 00:08:07, Sys 0 00:00:06  -  Total Remote Usage
		Usr 0 00:00:00, Sys 0 00:00:00  -  Total Local Usage
	488569  -  Run Bytes Sent By Job
	50642  -  Run Bytes Received By Job
	488569  -  Total Bytes Sent By Job
	50642  -  Total Bytes Received By Job
	Partitionable Resources :    Usage  Request          
	   Cpus                 :                 1          
	   Disk (KB)            :      552      552          
	   Memory (MB)          :       93       93          
...
000 (497177.000.000) 07/09 11:22:06 Job submitted from host: <18.12.1.74:48322>
...
001 (497177.000.000) 07/09 11:22:39 Job executing on host: <18.12.8.68:42117>
...
006 (497177.000.000) 07/09 11:22:47 Image size of job updated: 1
	3  -  MemoryUsage of job (MB)
	2356  -  ResidentSetSize of job (KB)
...
006 (497177.000.000) 07/09 11:27:47 Image size of job updated: 258924
	103  -  MemoryUsage of job (MB)
	105396  -  ResidentSetSize of job (KB)
...
005 (497177.000.000) 07/09 11:28:13 Job terminated.
	(1) Normal termination (return value 0)
		Usr 0 00:04:19, Sys 0 00:00:04  -  Run Remote Usage
		Usr 0 00:00:00, Sys 0 00:00:00  -  Run Local Usage
		Usr 0 00:04:19, Sys 0 00:00:04  -  Total Remote Usage
		Usr 0 00:00:00, Sys 0 00:00:00  -  Total Local Usage
	488879  -  Run Bytes Sent By Job
	50700  -  Run Bytes Received By Job
	488879  -  Total Bytes Sent By Job
	50700  -  Total Bytes Received By Job
	Partitionable Resources :    Usage  Request          
	   Cpus                 :                 1          
	   Disk (KB)            :      553      553          
	   Memory (MB)          :      103      103          
...
000 (497683.000.000) 07/09 15:43:17 Job submitted from host: <18.12.1.74:48322>
...
001 (497683.000.000) 07/09 15:44:29 Job executing on host: <18.12.8.89:41022>
...
006 (497683.000.000) 07/09 15:44:37 Image size of job updated: 1
	3  -  MemoryUsage of job (MB)
	2368  -  ResidentSetSize of job (KB)
...
006 (497683.000.000) 07/09 15:49:37 Image size of job updated: 258872
	99  -  MemoryUsage of job (MB)
	101144  -  ResidentSetSize of job (KB)
...
005 (497683.000.000) 07/09 15:49:52 Job terminated.
	(1) Normal termination (return value 0)
		Usr 0 00:04:28, Sys 0 00:00:04  -  Run Remote Usage
		Usr 0 00:00:00, Sys 0 00:00:00  -  Run Local Usage
		Usr 0 00:04:28, Sys 0 00:00:04  -  Total Remote Usage
		Usr 0 00:00:00, Sys 0 00:00:00  -  Total Local Usage
	488879  -  Run Bytes Sent By Job
	50706  -  Run Bytes Received By Job
	488879  -  Total Bytes Sent By Job
	50706  -  Total Bytes Received By Job
	Partitionable Resources :    Usage  Request          
	   Cpus                 :                 1          
	   Disk (KB)            :      553      553          
	   Memory (MB)          :       99       99          
...
000 (498008.000.000) 07/09 16:40:20 Job submitted from host: <18.12.1.74:48322>
...
001 (498008.000.000) 07/09 16:40:44 Job executing on host: <18.12.8.213:46424>
...
006 (498008.000.000) 07/09 16:40:53 Image size of job updated: 252648
	93  -  MemoryUsage of job (MB)
	95200  -  ResidentSetSize of job (KB)
...
006 (498008.000.000) 07/09 16:45:54 Image size of job updated: 258876
	103  -  MemoryUsage of job (MB)
	104540  -  ResidentSetSize of job (KB)
...
005 (498008.000.000) 07/09 16:47:18 Job terminated.
	(1) Normal termination (return value 0)
		Usr 0 00:04:59, Sys 0 00:00:04  -  Run Remote Usage
		Usr 0 00:00:00, Sys 0 00:00:00  -  Run Local Usage
		Usr 0 00:04:59, Sys 0 00:00:04  -  Total Remote Usage
		Usr 0 00:00:00, Sys 0 00:00:00  -  Total Local Usage
	489079  -  Run Bytes Sent By Job
	50713  -  Run Bytes Received By Job
	489079  -  Total Bytes Sent By Job
	50713  -  Total Bytes Received By Job
	Partitionable Resources :    Usage  Request          
	   Cpus                 :                 1          
	   Disk (KB)            :      553      553          
	   Memory (MB)          :      103      103          
...
000 (498323.000.000) 07/10 12:07:58 Job submitted from host: <18.12.1.74:48322>
...
001 (498323.000.000) 07/10 12:08:13 Job executing on host: <18.12.9.27:43869>
...
006 (498323.000.000) 07/10 12:08:21 Image size of job updated: 1
	3  -  MemoryUsage of job (MB)
	2356  -  ResidentSetSize of job (KB)
...
006 (498323.000.000) 07/10 12:13:21 Image size of job updated: 253656
	95  -  MemoryUsage of job (MB)
	96632  -  ResidentSetSize of job (KB)
...
006 (498323.000.000) 07/10 12:15:58 Image size of job updated: 258892
	95  -  MemoryUsage of job (MB)
	96632  -  ResidentSetSize of job (KB)
...
005 (498323.000.000) 07/10 12:15:59 Job terminated.
	(1) Normal termination (return value 0)
		Usr 0 00:04:07, Sys 0 00:00:06  -  Run Remote Usage
		Usr 0 00:00:00, Sys 0 00:00:00  -  Run Local Usage
		Usr 0 00:04:07, Sys 0 00:00:06  -  Total Remote Usage
		Usr 0 00:00:00, Sys 0 00:00:00  -  Total Local Usage
	488980  -  Run Bytes Sent By Job
	50718  -  Run Bytes Received By Job
	488980  -  Total Bytes Sent By Job
	50718  -  Total Bytes Received By Job
	Partitionable Resources :    Usage  Request          
	   Cpus                 :                 1          
	   Disk (KB)            :      552      552          
	   Memory (MB)          :       95       95          
...
000 (498451.000.000) 07/10 14:02:43 Job submitted from host: <18.12.1.74:48322>
...
001 (498451.000.000) 07/10 14:15:22 Job executing on host: <18.12.8.238:44746>
...
006 (498451.000.000) 07/10 14:15:31 Image size of job updated: 252680
	77  -  MemoryUsage of job (MB)
	78048  -  ResidentSetSize of job (KB)
...
006 (498451.000.000) 07/10 14:20:32 Image size of job updated: 258880
	99  -  MemoryUsage of job (MB)
	101372  -  ResidentSetSize of job (KB)
...
005 (498451.000.000) 07/10 14:21:26 Job terminated.
	(1) Normal termination (return value 0)
		Usr 0 00:04:39, Sys 0 00:00:02  -  Run Remote Usage
		Usr 0 00:00:00, Sys 0 00:00:00  -  Run Local Usage
		Usr 0 00:04:39, Sys 0 00:00:02  -  Total Remote Usage
		Usr 0 00:00:00, Sys 0 00:00:00  -  Total Local Usage
	489093  -  Run Bytes Sent By Job
	50793  -  Run Bytes Received By Job
	489093  -  Total Bytes Sent By Job
	50793  -  Total Bytes Received By Job
	Partitionable Resources :    Usage  Request          
	   Cpus                 :                 1          
	   Disk (KB)            :      553      553          
	   Memory (MB)          :       99       99          
...
000 (498743.000.000) 07/10 16:45:36 Job submitted from host: <18.12.1.74:48322>
...
001 (498743.000.000) 07/10 16:55:44 Job executing on host: <18.12.8.170:47081>
...
006 (498743.000.000) 07/10 16:55:52 Image size of job updated: 1
	3  -  MemoryUsage of job (MB)
	2372  -  ResidentSetSize of job (KB)
...
006 (498743.000.000) 07/10 17:00:07 Image size of job updated: 259268
	3  -  MemoryUsage of job (MB)
	2372  -  ResidentSetSize of job (KB)
...
005 (498743.000.000) 07/10 17:31:19 Job terminated.
	(1) Normal termination (return value 0)
		Usr 0 00:03:47, Sys 0 00:00:01  -  Run Remote Usage
		Usr 0 00:00:00, Sys 0 00:00:00  -  Run Local Usage
		Usr 0 00:03:47, Sys 0 00:00:01  -  Total Remote Usage
		Usr 0 00:00:00, Sys 0 00:00:00  -  Total Local Usage
	497330  -  Run Bytes Sent By Job
	52122  -  Run Bytes Received By Job
	497330  -  Total Bytes Sent By Job
	52122  -  Total Bytes Received By Job
	Partitionable Resources :    Usage  Request          
	   Cpus                 :                 1          
	   Disk (KB)            :      562      562          
	   Memory (MB)          :        3        3          
...
