
----------------------------------------------------
Job started on Fri Jul 10 16:45:44 EDT 2015 at WN: t2bat0101.cmsaf.mit.edu 
Job is running on Linux t2bat0101.cmsaf.mit.edu 2.6.32-358.el6.x86_64 #1 SMP Fri Feb 22 20:37:17 CST 2013 x86_64 x86_64 x86_64 GNU/Linux
Filesystem            Size  Used Avail Use% Mounted on
/dev/sda3              20G  3.0G   16G  16% /
tmpfs                 7.8G     0  7.8G   0% /dev/shm
/dev/sda1              97M   33M   60M  36% /boot
/dev/sda4             415G   61G  355G  15% /export/data1
fuse_dfs              4.9P  4.5P  447T  92% /mnt/hadoop
/dev/sdb1             1.8T  1.7T  146G  93% /export/00b
/dev/sdc1             1.8T  1.7T  167G  91% /export/00c
/dev/sdd1             1.8T  1.7T  169G  91% /export/00d
/dev/sde1             1.8T  1.7T  172G  91% /export/00e
/dev/sdf1             1.8T  1.7T  170G  91% /export/00f
t2srv0004:/export/db  135G  187M  135G   1% /net/t2srv0004/db
cvmfs2                 98G   59G   39G  61% /cvmfs/cms.cern.ch
cvmfs2                 98G   59G   39G  61% /cvmfs/cvmfs.cmsaf.mit.edu
cvmfs2                 98G   59G   39G  61% /cvmfs/oasis.opensciencegrid.org
cvmfs2                 98G   59G   39G  61% /cvmfs/cdfcfs.fnal.gov
cvmfs2                 98G   59G   39G  61% /cvmfs/atlas.cern.ch
cvmfs2                 98G   59G   39G  61% /cvmfs/atlas-nightlies.cern.ch
cvmfs2                 98G   59G   39G  61% /cvmfs/atlas-condb.cern.ch
cvmfs2                 98G   59G   39G  61% /cvmfs/sft.cern.ch
gcc (GCC) 4.4.7 20120313 (Red Hat 4.4.7-3)
Copyright (C) 2010 Free Software Foundation, Inc.
This is free software; see the source for copying conditions.  There is NO
warranty; not even for MERCHANTABILITY or FITNESS FOR A PARTICULAR PURPOSE.

Processing...
0/257991
10000/257991
20000/257991
30000/257991
40000/257991
50000/257991
60000/257991
70000/257991
80000/257991
90000/257991
100000/257991
110000/257991
120000/257991
130000/257991
140000/257991
150000/257991
160000/257991
170000/257991
180000/257991
190000/257991
200000/257991
210000/257991
220000/257991
230000/257991
240000/257991
250000/257991
Macro finished: 
CPU time (min)  = 1.55717
Real time (min) = 1.90053
Done!
Copied output files to hadoop rootfiles/JetRAA/June22
