
----------------------------------------------------
Job started on Tue Jun 23 17:54:14 EDT 2015 at WN: t2bat0339.cmsaf.mit.edu 
Job is running on Linux t2bat0339.cmsaf.mit.edu 2.6.32-358.el6.x86_64 #1 SMP Fri Feb 22 20:37:17 CST 2013 x86_64 x86_64 x86_64 GNU/Linux
Filesystem            Size  Used Avail Use% Mounted on
/dev/sda3              20G  2.6G   17G  14% /
tmpfs                  32G     0   32G   0% /dev/shm
/dev/sda1              97M   32M   61M  35% /boot
/dev/sda4             416G   96G  320G  24% /export/data1
fuse_dfs              4.9P  4.4P  516T  90% /mnt/hadoop
/dev/sdb1             3.6T  3.2T  446G  88% /export/00b
/dev/sdc1             3.6T  3.2T  480G  87% /export/00c
/dev/sdd1             3.6T  3.2T  453G  88% /export/00d
/dev/sde1             3.6T  3.2T  456G  88% /export/00e
/dev/sdf1             3.6T  3.2T  489G  87% /export/00f
/dev/sdg1             3.6T  3.2T  432G  89% /export/00g
cvmfs2                 98G   93G  5.0G  95% /cvmfs/cms.cern.ch
t2srv0004:/export/db  135G  187M  135G   1% /net/t2srv0004/db
cvmfs2                 98G   93G  5.0G  95% /cvmfs/mu2e.opensciencegrid.org
cvmfs2                 98G   93G  5.0G  95% /cvmfs/oasis.opensciencegrid.org
gcc (GCC) 4.4.7 20120313 (Red Hat 4.4.7-3)
Copyright (C) 2010 Free Software Foundation, Inc.
This is free software; see the source for copying conditions.  There is NO
warranty; not even for MERCHANTABILITY or FITNESS FOR A PARTICULAR PURPOSE.

Processing...
0/419971
10000/419971
20000/419971
30000/419971
40000/419971
50000/419971
60000/419971
70000/419971
80000/419971
90000/419971
100000/419971
110000/419971
120000/419971
130000/419971
140000/419971
150000/419971
160000/419971
170000/419971
180000/419971
190000/419971
200000/419971
210000/419971
220000/419971
230000/419971
240000/419971
250000/419971
260000/419971
270000/419971
280000/419971
290000/419971
300000/419971
310000/419971
320000/419971
330000/419971
340000/419971
350000/419971
360000/419971
370000/419971
380000/419971
390000/419971
400000/419971
410000/419971
Macro finished: 
CPU time (min)  = 2.898
Real time (min) = 3.72316
Done!
Copied output files to hadoop rootfiles/JetRAA/June22
