000 (428183.000.000) 06/23 17:53:56 Job submitted from host: <18.12.1.74:48322>
...
001 (428183.000.000) 06/23 17:54:16 Job executing on host: <18.12.9.59:44891>
...
006 (428183.000.000) 06/23 17:54:24 Image size of job updated: 185464
	66  -  MemoryUsage of job (MB)
	67516  -  ResidentSetSize of job (KB)
...
006 (428183.000.000) 06/23 17:59:24 Image size of job updated: 247356
	119  -  MemoryUsage of job (MB)
	121260  -  ResidentSetSize of job (KB)
...
006 (428183.000.000) 06/23 18:04:24 Image size of job updated: 247356
	119  -  MemoryUsage of job (MB)
	121300  -  ResidentSetSize of job (KB)
...
006 (428183.000.000) 06/23 18:06:50 Image size of job updated: 247668
	119  -  MemoryUsage of job (MB)
	121300  -  ResidentSetSize of job (KB)
...
005 (428183.000.000) 06/23 18:06:50 Job terminated.
	(1) Normal termination (return value 0)
		Usr 0 00:10:10, Sys 0 00:00:06  -  Run Remote Usage
		Usr 0 00:00:00, Sys 0 00:00:00  -  Run Local Usage
		Usr 0 00:10:10, Sys 0 00:00:06  -  Total Remote Usage
		Usr 0 00:00:00, Sys 0 00:00:00  -  Total Local Usage
	409898  -  Run Bytes Sent By Job
	46217  -  Run Bytes Received By Job
	409898  -  Total Bytes Sent By Job
	46217  -  Total Bytes Received By Job
	Partitionable Resources :    Usage  Request          
	   Cpus                 :                 1          
	   Disk (KB)            :      471      471          
	   Memory (MB)          :      119      119          
...
000 (451408.000.000) 06/25 13:03:55 Job submitted from host: <18.12.1.74:48322>
...
001 (451408.000.000) 06/25 13:04:16 Job executing on host: <18.12.8.218:47738>
...
006 (451408.000.000) 06/25 13:04:24 Image size of job updated: 88900
	20  -  MemoryUsage of job (MB)
	19724  -  ResidentSetSize of job (KB)
...
005 (451408.000.000) 06/25 13:04:35 Job terminated.
	(1) Normal termination (return value 0)
		Usr 0 00:00:00, Sys 0 00:00:00  -  Run Remote Usage
		Usr 0 00:00:00, Sys 0 00:00:00  -  Run Local Usage
		Usr 0 00:00:00, Sys 0 00:00:00  -  Total Remote Usage
		Usr 0 00:00:00, Sys 0 00:00:00  -  Total Local Usage
	474183  -  Run Bytes Sent By Job
	45684  -  Run Bytes Received By Job
	474183  -  Total Bytes Sent By Job
	45684  -  Total Bytes Received By Job
	Partitionable Resources :    Usage  Request          
	   Cpus                 :                 1          
	   Disk (KB)            :      533      533          
	   Memory (MB)          :       20       20          
...
000 (451467.000.000) 06/25 13:07:35 Job submitted from host: <18.12.1.74:48322>
...
001 (451467.000.000) 06/25 13:07:45 Job executing on host: <18.12.9.69:44380>
...
006 (451467.000.000) 06/25 13:07:53 Image size of job updated: 155304
	41  -  MemoryUsage of job (MB)
	41176  -  ResidentSetSize of job (KB)
...
005 (451467.000.000) 06/25 13:07:58 Job terminated.
	(1) Normal termination (return value 0)
		Usr 0 00:00:00, Sys 0 00:00:00  -  Run Remote Usage
		Usr 0 00:00:00, Sys 0 00:00:00  -  Run Local Usage
		Usr 0 00:00:00, Sys 0 00:00:00  -  Total Remote Usage
		Usr 0 00:00:00, Sys 0 00:00:00  -  Total Local Usage
	479326  -  Run Bytes Sent By Job
	47932  -  Run Bytes Received By Job
	479326  -  Total Bytes Sent By Job
	47932  -  Total Bytes Received By Job
	Partitionable Resources :    Usage  Request          
	   Cpus                 :                 1          
	   Disk (KB)            :      540      540          
	   Memory (MB)          :       41       41          
...
000 (451526.000.000) 06/25 13:18:37 Job submitted from host: <18.12.1.74:48322>
...
001 (451526.000.000) 06/25 13:18:47 Job executing on host: <18.12.9.69:44380>
...
006 (451526.000.000) 06/25 13:18:55 Image size of job updated: 250304
	79  -  MemoryUsage of job (MB)
	80604  -  ResidentSetSize of job (KB)
...
006 (451526.000.000) 06/25 13:23:55 Image size of job updated: 252572
	109  -  MemoryUsage of job (MB)
	111540  -  ResidentSetSize of job (KB)
...
005 (451526.000.000) 06/25 13:33:07 Job terminated.
	(1) Normal termination (return value 0)
		Usr 0 00:09:38, Sys 0 00:00:06  -  Run Remote Usage
		Usr 0 00:00:00, Sys 0 00:00:00  -  Run Local Usage
		Usr 0 00:09:38, Sys 0 00:00:06  -  Total Remote Usage
		Usr 0 00:00:00, Sys 0 00:00:00  -  Total Local Usage
	472260  -  Run Bytes Sent By Job
	45681  -  Run Bytes Received By Job
	472260  -  Total Bytes Sent By Job
	45681  -  Total Bytes Received By Job
	Partitionable Resources :    Usage  Request          
	   Cpus                 :                 1          
	   Disk (KB)            :      531      531          
	   Memory (MB)          :      109      109          
...
000 (451687.000.000) 06/25 21:34:34 Job submitted from host: <18.12.1.74:48322>
...
001 (451687.000.000) 06/25 21:34:43 Job executing on host: <18.12.9.56:40657>
...
006 (451687.000.000) 06/25 21:34:51 Image size of job updated: 250316
	85  -  MemoryUsage of job (MB)
	86432  -  ResidentSetSize of job (KB)
...
006 (451687.000.000) 06/25 21:39:51 Image size of job updated: 257256
	120  -  MemoryUsage of job (MB)
	122540  -  ResidentSetSize of job (KB)
...
006 (451687.000.000) 06/25 21:44:52 Image size of job updated: 257256
	120  -  MemoryUsage of job (MB)
	122584  -  ResidentSetSize of job (KB)
...
005 (451687.000.000) 06/25 21:46:07 Job terminated.
	(1) Normal termination (return value 0)
		Usr 0 00:09:38, Sys 0 00:00:04  -  Run Remote Usage
		Usr 0 00:00:00, Sys 0 00:00:00  -  Run Local Usage
		Usr 0 00:09:38, Sys 0 00:00:04  -  Total Remote Usage
		Usr 0 00:00:00, Sys 0 00:00:00  -  Total Local Usage
	481180  -  Run Bytes Sent By Job
	48163  -  Run Bytes Received By Job
	481180  -  Total Bytes Sent By Job
	48163  -  Total Bytes Received By Job
	Partitionable Resources :    Usage  Request          
	   Cpus                 :                 1          
	   Disk (KB)            :      543      543          
	   Memory (MB)          :      120      120          
...
000 (452365.000.000) 06/26 11:24:32 Job submitted from host: <18.12.1.74:48322>
...
001 (452365.000.000) 06/26 11:25:07 Job executing on host: <18.12.9.65:40146>
...
006 (452365.000.000) 06/26 11:25:16 Image size of job updated: 1
	3  -  MemoryUsage of job (MB)
	2356  -  ResidentSetSize of job (KB)
...
006 (452365.000.000) 06/26 11:30:17 Image size of job updated: 252552
	110  -  MemoryUsage of job (MB)
	112164  -  ResidentSetSize of job (KB)
...
005 (452365.000.000) 06/26 11:36:56 Job terminated.
	(1) Normal termination (return value 0)
		Usr 0 00:09:54, Sys 0 00:00:05  -  Run Remote Usage
		Usr 0 00:00:00, Sys 0 00:00:00  -  Run Local Usage
		Usr 0 00:09:54, Sys 0 00:00:05  -  Total Remote Usage
		Usr 0 00:00:00, Sys 0 00:00:00  -  Total Local Usage
	481476  -  Run Bytes Sent By Job
	48164  -  Run Bytes Received By Job
	481476  -  Total Bytes Sent By Job
	48164  -  Total Bytes Received By Job
	Partitionable Resources :    Usage  Request          
	   Cpus                 :                 1          
	   Disk (KB)            :      543      543          
	   Memory (MB)          :      110      110          
...
000 (456175.000.000) 06/26 11:56:10 Job submitted from host: <18.12.1.74:48322>
...
001 (456175.000.000) 06/26 11:56:46 Job executing on host: <18.12.6.23:42044>
...
006 (456175.000.000) 06/26 11:56:54 Image size of job updated: 250172
	90  -  MemoryUsage of job (MB)
	91196  -  ResidentSetSize of job (KB)
...
006 (456175.000.000) 06/26 12:01:54 Image size of job updated: 252560
	116  -  MemoryUsage of job (MB)
	118152  -  ResidentSetSize of job (KB)
...
006 (456175.000.000) 06/26 12:05:50 Image size of job updated: 257244
	116  -  MemoryUsage of job (MB)
	118152  -  ResidentSetSize of job (KB)
...
005 (456175.000.000) 06/26 12:05:50 Job terminated.
	(1) Normal termination (return value 0)
		Usr 0 00:07:56, Sys 0 00:00:04  -  Run Remote Usage
		Usr 0 00:00:00, Sys 0 00:00:00  -  Run Local Usage
		Usr 0 00:07:56, Sys 0 00:00:04  -  Total Remote Usage
		Usr 0 00:00:00, Sys 0 00:00:00  -  Total Local Usage
	479972  -  Run Bytes Sent By Job
	48164  -  Run Bytes Received By Job
	479972  -  Total Bytes Sent By Job
	48164  -  Total Bytes Received By Job
	Partitionable Resources :    Usage  Request          
	   Cpus                 :                 1          
	   Disk (KB)            :      541      541          
	   Memory (MB)          :      116      116          
...
000 (472592.000.000) 06/26 14:30:32 Job submitted from host: <18.12.1.74:48322>
...
001 (472592.000.000) 06/26 14:31:00 Job executing on host: <18.12.8.208:40292>
...
006 (472592.000.000) 06/26 14:31:08 Image size of job updated: 68252
	13  -  MemoryUsage of job (MB)
	12384  -  ResidentSetSize of job (KB)
...
006 (472592.000.000) 06/26 14:36:08 Image size of job updated: 311204
	166  -  MemoryUsage of job (MB)
	169936  -  ResidentSetSize of job (KB)
...
005 (472592.000.000) 06/26 14:38:52 Job terminated.
	(1) Normal termination (return value 0)
		Usr 0 00:06:19, Sys 0 00:00:02  -  Run Remote Usage
		Usr 0 00:00:00, Sys 0 00:00:00  -  Run Local Usage
		Usr 0 00:06:19, Sys 0 00:00:02  -  Total Remote Usage
		Usr 0 00:00:00, Sys 0 00:00:00  -  Total Local Usage
	480765  -  Run Bytes Sent By Job
	48486  -  Run Bytes Received By Job
	480765  -  Total Bytes Sent By Job
	48486  -  Total Bytes Received By Job
	Partitionable Resources :    Usage  Request          
	   Cpus                 :                 1          
	   Disk (KB)            :      542      542          
	   Memory (MB)          :      166      166          
...
000 (472718.000.000) 06/26 15:12:48 Job submitted from host: <18.12.1.74:48322>
...
001 (472718.000.000) 06/26 15:13:23 Job executing on host: <18.12.12.6:46424>
...
006 (472718.000.000) 06/26 15:13:31 Image size of job updated: 153768
	38  -  MemoryUsage of job (MB)
	37964  -  ResidentSetSize of job (KB)
...
006 (472718.000.000) 06/26 15:18:31 Image size of job updated: 311208
	166  -  MemoryUsage of job (MB)
	169932  -  ResidentSetSize of job (KB)
...
005 (472718.000.000) 06/26 15:23:12 Job terminated.
	(1) Normal termination (return value 0)
		Usr 0 00:07:20, Sys 0 00:00:03  -  Run Remote Usage
		Usr 0 00:00:00, Sys 0 00:00:00  -  Run Local Usage
		Usr 0 00:07:20, Sys 0 00:00:03  -  Total Remote Usage
		Usr 0 00:00:00, Sys 0 00:00:00  -  Total Local Usage
	480801  -  Run Bytes Sent By Job
	48521  -  Run Bytes Received By Job
	480801  -  Total Bytes Sent By Job
	48521  -  Total Bytes Received By Job
	Partitionable Resources :    Usage  Request          
	   Cpus                 :                 1          
	   Disk (KB)            :      542      542          
	   Memory (MB)          :      166      166          
...
000 (472926.000.000) 06/26 16:40:32 Job submitted from host: <18.12.1.74:48322>
...
001 (472926.000.000) 06/26 16:40:37 Job executing on host: <18.12.9.74:47227>
...
006 (472926.000.000) 06/26 16:40:45 Image size of job updated: 1
	3  -  MemoryUsage of job (MB)
	2360  -  ResidentSetSize of job (KB)
...
006 (472926.000.000) 06/26 16:45:45 Image size of job updated: 311220
	166  -  MemoryUsage of job (MB)
	169924  -  ResidentSetSize of job (KB)
...
005 (472926.000.000) 06/26 16:48:31 Job terminated.
	(1) Normal termination (return value 0)
		Usr 0 00:06:32, Sys 0 00:00:06  -  Run Remote Usage
		Usr 0 00:00:00, Sys 0 00:00:00  -  Run Local Usage
		Usr 0 00:06:32, Sys 0 00:00:06  -  Total Remote Usage
		Usr 0 00:00:00, Sys 0 00:00:00  -  Total Local Usage
	481467  -  Run Bytes Sent By Job
	48948  -  Run Bytes Received By Job
	481467  -  Total Bytes Sent By Job
	48948  -  Total Bytes Received By Job
	Partitionable Resources :    Usage  Request          
	   Cpus                 :                 1          
	   Disk (KB)            :      544      544          
	   Memory (MB)          :      166      166          
...
000 (492277.000.000) 06/29 10:00:43 Job submitted from host: <18.12.1.74:48322>
...
001 (492277.000.000) 06/29 10:00:53 Job executing on host: <18.12.8.21:47008>
...
006 (492277.000.000) 06/29 10:01:02 Image size of job updated: 1
	3  -  MemoryUsage of job (MB)
	2380  -  ResidentSetSize of job (KB)
...
006 (492277.000.000) 06/29 10:06:03 Image size of job updated: 311280
	154  -  MemoryUsage of job (MB)
	157064  -  ResidentSetSize of job (KB)
...
006 (492277.000.000) 06/29 10:11:04 Image size of job updated: 311280
	154  -  MemoryUsage of job (MB)
	157476  -  ResidentSetSize of job (KB)
...
005 (492277.000.000) 06/29 10:13:33 Job terminated.
	(1) Normal termination (return value 0)
		Usr 0 00:10:28, Sys 0 00:00:16  -  Run Remote Usage
		Usr 0 00:00:00, Sys 0 00:00:00  -  Run Local Usage
		Usr 0 00:10:28, Sys 0 00:00:16  -  Total Remote Usage
		Usr 0 00:00:00, Sys 0 00:00:00  -  Total Local Usage
	481918  -  Run Bytes Sent By Job
	49114  -  Run Bytes Received By Job
	481918  -  Total Bytes Sent By Job
	49114  -  Total Bytes Received By Job
	Partitionable Resources :    Usage  Request          
	   Cpus                 :                 1          
	   Disk (KB)            :      544      544          
	   Memory (MB)          :      154      154          
...
000 (493174.000.000) 06/29 11:50:46 Job submitted from host: <18.12.1.74:48322>
...
001 (493174.000.000) 06/29 11:50:54 Job executing on host: <18.12.9.39:45767>
...
006 (493174.000.000) 06/29 11:51:02 Image size of job updated: 1
	3  -  MemoryUsage of job (MB)
	2360  -  ResidentSetSize of job (KB)
...
006 (493174.000.000) 06/29 11:56:02 Image size of job updated: 252704
	82  -  MemoryUsage of job (MB)
	83112  -  ResidentSetSize of job (KB)
...
006 (493174.000.000) 06/29 12:01:03 Image size of job updated: 259308
	117  -  MemoryUsage of job (MB)
	119352  -  ResidentSetSize of job (KB)
...
006 (493174.000.000) 06/29 12:06:03 Image size of job updated: 259308
	118  -  MemoryUsage of job (MB)
	120120  -  ResidentSetSize of job (KB)
...
006 (493174.000.000) 06/29 12:16:05 Image size of job updated: 259308
	118  -  MemoryUsage of job (MB)
	120156  -  ResidentSetSize of job (KB)
...
005 (493174.000.000) 06/29 12:16:59 Job terminated.
	(1) Normal termination (return value 0)
		Usr 0 00:06:36, Sys 0 00:00:04  -  Run Remote Usage
		Usr 0 00:00:00, Sys 0 00:00:00  -  Run Local Usage
		Usr 0 00:06:36, Sys 0 00:00:04  -  Total Remote Usage
		Usr 0 00:00:00, Sys 0 00:00:00  -  Total Local Usage
	483513  -  Run Bytes Sent By Job
	49359  -  Run Bytes Received By Job
	483513  -  Total Bytes Sent By Job
	49359  -  Total Bytes Received By Job
	Partitionable Resources :    Usage  Request          
	   Cpus                 :                 1          
	   Disk (KB)            :      546      546          
	   Memory (MB)          :      118      118          
...
000 (493300.000.000) 06/29 12:56:31 Job submitted from host: <18.12.1.74:48322>
...
001 (493300.000.000) 06/29 12:57:02 Job executing on host: <18.12.8.237:48103>
...
006 (493300.000.000) 06/29 12:57:11 Image size of job updated: 74992
	16  -  MemoryUsage of job (MB)
	15788  -  ResidentSetSize of job (KB)
...
006 (493300.000.000) 06/29 13:02:12 Image size of job updated: 258712
	116  -  MemoryUsage of job (MB)
	118748  -  ResidentSetSize of job (KB)
...
006 (493300.000.000) 06/29 13:07:12 Image size of job updated: 258712
	117  -  MemoryUsage of job (MB)
	119760  -  ResidentSetSize of job (KB)
...
005 (493300.000.000) 06/29 13:08:51 Job terminated.
	(1) Normal termination (return value 0)
		Usr 0 00:07:25, Sys 0 00:00:04  -  Run Remote Usage
		Usr 0 00:00:00, Sys 0 00:00:00  -  Run Local Usage
		Usr 0 00:07:25, Sys 0 00:00:04  -  Total Remote Usage
		Usr 0 00:00:00, Sys 0 00:00:00  -  Total Local Usage
	482536  -  Run Bytes Sent By Job
	49363  -  Run Bytes Received By Job
	482536  -  Total Bytes Sent By Job
	49363  -  Total Bytes Received By Job
	Partitionable Resources :    Usage  Request          
	   Cpus                 :                 1          
	   Disk (KB)            :      545      545          
	   Memory (MB)          :      117      117          
...
000 (493437.000.000) 06/29 13:37:17 Job submitted from host: <18.12.1.74:48322>
...
001 (493437.000.000) 06/29 13:37:57 Job executing on host: <18.12.8.118:41606>
...
006 (493437.000.000) 06/29 13:38:06 Image size of job updated: 1
	3  -  MemoryUsage of job (MB)
	2372  -  ResidentSetSize of job (KB)
...
006 (493437.000.000) 06/29 13:43:07 Image size of job updated: 258712
	118  -  MemoryUsage of job (MB)
	120008  -  ResidentSetSize of job (KB)
...
005 (493437.000.000) 06/29 13:44:02 Job terminated.
	(1) Normal termination (return value 0)
		Usr 0 00:04:56, Sys 0 00:00:05  -  Run Remote Usage
		Usr 0 00:00:00, Sys 0 00:00:00  -  Run Local Usage
		Usr 0 00:04:56, Sys 0 00:00:05  -  Total Remote Usage
		Usr 0 00:00:00, Sys 0 00:00:00  -  Total Local Usage
	482457  -  Run Bytes Sent By Job
	49355  -  Run Bytes Received By Job
	482457  -  Total Bytes Sent By Job
	49355  -  Total Bytes Received By Job
	Partitionable Resources :    Usage  Request          
	   Cpus                 :                 1          
	   Disk (KB)            :      545      545          
	   Memory (MB)          :      118      118          
...
000 (493581.000.000) 06/29 15:03:14 Job submitted from host: <18.12.1.74:48322>
...
001 (493581.000.000) 06/29 15:03:41 Job executing on host: <18.12.8.252:48395>
...
006 (493581.000.000) 06/29 15:03:50 Image size of job updated: 1
	3  -  MemoryUsage of job (MB)
	2352  -  ResidentSetSize of job (KB)
...
006 (493581.000.000) 06/29 15:04:52 Image size of job updated: 252700
	3  -  MemoryUsage of job (MB)
	2352  -  ResidentSetSize of job (KB)
...
004 (493581.000.000) 06/29 15:04:52 Job was evicted.
	(0) Job was not checkpointed.
		Usr 0 00:00:58, Sys 0 00:00:00  -  Run Remote Usage
		Usr 0 00:00:00, Sys 0 00:00:00  -  Run Local Usage
	0  -  Run Bytes Sent By Job
	49355  -  Run Bytes Received By Job
	Partitionable Resources :    Usage  Request          
	   Cpus                 :                 1          
	   Disk (KB)            :      544      544          
	   Memory (MB)          :        3        3          
...
009 (493581.000.000) 06/29 15:04:59 Job was aborted by the user.
	via condor_rm (by user rkunnawa)
...
000 (493698.000.000) 06/29 15:05:31 Job submitted from host: <18.12.1.74:48322>
...
001 (493698.000.000) 06/29 15:05:41 Job executing on host: <18.12.8.128:44672>
...
006 (493698.000.000) 06/29 15:05:50 Image size of job updated: 1196
	1  -  MemoryUsage of job (MB)
	156  -  ResidentSetSize of job (KB)
...
000 (493815.000.000) 06/29 15:06:14 Job submitted from host: <18.12.1.74:48322>
...
001 (493815.000.000) 06/29 15:06:21 Job executing on host: <18.12.8.239:41022>
...
006 (493815.000.000) 06/29 15:06:30 Image size of job updated: 150024
	33  -  MemoryUsage of job (MB)
	33760  -  ResidentSetSize of job (KB)
...
006 (493698.000.000) 06/29 15:10:51 Image size of job updated: 258740
	126  -  MemoryUsage of job (MB)
	128360  -  ResidentSetSize of job (KB)
...
006 (493815.000.000) 06/29 15:11:30 Image size of job updated: 258712
	118  -  MemoryUsage of job (MB)
	120020  -  ResidentSetSize of job (KB)
...
005 (493698.000.000) 06/29 15:12:23 Job terminated.
	(1) Normal termination (return value 0)
		Usr 0 00:04:53, Sys 0 00:00:06  -  Run Remote Usage
		Usr 0 00:00:00, Sys 0 00:00:00  -  Run Local Usage
		Usr 0 00:04:53, Sys 0 00:00:06  -  Total Remote Usage
		Usr 0 00:00:00, Sys 0 00:00:00  -  Total Local Usage
	482391  -  Run Bytes Sent By Job
	49355  -  Run Bytes Received By Job
	482391  -  Total Bytes Sent By Job
	49355  -  Total Bytes Received By Job
	Partitionable Resources :    Usage  Request          
	   Cpus                 :                 1          
	   Disk (KB)            :      545      545          
	   Memory (MB)          :      126      126          
...
005 (493815.000.000) 06/29 15:17:06 Job terminated.
	(1) Normal termination (return value 0)
		Usr 0 00:07:34, Sys 0 00:00:06  -  Run Remote Usage
		Usr 0 00:00:00, Sys 0 00:00:00  -  Run Local Usage
		Usr 0 00:07:34, Sys 0 00:00:06  -  Total Remote Usage
		Usr 0 00:00:00, Sys 0 00:00:00  -  Total Local Usage
	482391  -  Run Bytes Sent By Job
	49356  -  Run Bytes Received By Job
	482391  -  Total Bytes Sent By Job
	49356  -  Total Bytes Received By Job
	Partitionable Resources :    Usage  Request          
	   Cpus                 :                 1          
	   Disk (KB)            :      545      545          
	   Memory (MB)          :      118      118          
...
000 (494634.000.000) 06/29 21:50:04 Job submitted from host: <18.12.1.74:48322>
...
001 (494634.000.000) 06/29 21:50:41 Job executing on host: <18.12.9.26:43650>
...
006 (494634.000.000) 06/29 21:50:50 Image size of job updated: 86656
	21  -  MemoryUsage of job (MB)
	21260  -  ResidentSetSize of job (KB)
...
006 (494634.000.000) 06/29 21:55:51 Image size of job updated: 252868
	88  -  MemoryUsage of job (MB)
	90048  -  ResidentSetSize of job (KB)
...
006 (494634.000.000) 06/29 22:00:52 Image size of job updated: 258876
	121  -  MemoryUsage of job (MB)
	122940  -  ResidentSetSize of job (KB)
...
006 (494634.000.000) 06/29 22:05:52 Image size of job updated: 258876
	122  -  MemoryUsage of job (MB)
	124876  -  ResidentSetSize of job (KB)
...
005 (494634.000.000) 06/29 22:21:28 Job terminated.
	(1) Normal termination (return value 0)
		Usr 0 00:06:56, Sys 0 00:00:04  -  Run Remote Usage
		Usr 0 00:00:00, Sys 0 00:00:00  -  Run Local Usage
		Usr 0 00:06:56, Sys 0 00:00:04  -  Total Remote Usage
		Usr 0 00:00:00, Sys 0 00:00:00  -  Total Local Usage
	483432  -  Run Bytes Sent By Job
	49495  -  Run Bytes Received By Job
	483432  -  Total Bytes Sent By Job
	49495  -  Total Bytes Received By Job
	Partitionable Resources :    Usage  Request          
	   Cpus                 :                 1          
	   Disk (KB)            :      546      546          
	   Memory (MB)          :      122      122          
...
000 (496549.000.000) 07/07 14:54:16 Job submitted from host: <18.12.1.74:48322>
...
001 (496549.000.000) 07/07 14:54:36 Job executing on host: <18.12.9.65:40146>
...
006 (496549.000.000) 07/07 14:54:44 Image size of job updated: 13384
	2  -  MemoryUsage of job (MB)
	2008  -  ResidentSetSize of job (KB)
...
006 (496549.000.000) 07/07 14:59:44 Image size of job updated: 259076
	110  -  MemoryUsage of job (MB)
	112208  -  ResidentSetSize of job (KB)
...
006 (496549.000.000) 07/07 15:02:20 Image size of job updated: 259124
	110  -  MemoryUsage of job (MB)
	112208  -  ResidentSetSize of job (KB)
...
005 (496549.000.000) 07/07 15:02:20 Job terminated.
	(1) Normal termination (return value 0)
		Usr 0 00:05:51, Sys 0 00:00:04  -  Run Remote Usage
		Usr 0 00:00:00, Sys 0 00:00:00  -  Run Local Usage
		Usr 0 00:05:51, Sys 0 00:00:04  -  Total Remote Usage
		Usr 0 00:00:00, Sys 0 00:00:00  -  Total Local Usage
	489198  -  Run Bytes Sent By Job
	50562  -  Run Bytes Received By Job
	489198  -  Total Bytes Sent By Job
	50562  -  Total Bytes Received By Job
	Partitionable Resources :    Usage  Request          
	   Cpus                 :                 1          
	   Disk (KB)            :      553      553          
	   Memory (MB)          :      110      110          
...
000 (496785.000.000) 07/07 17:00:59 Job submitted from host: <18.12.1.74:48322>
...
001 (496785.000.000) 07/07 17:01:32 Job executing on host: <18.12.8.94:45183>
...
006 (496785.000.000) 07/07 17:01:41 Image size of job updated: 93700
	3  -  MemoryUsage of job (MB)
	2432  -  ResidentSetSize of job (KB)
...
006 (496785.000.000) 07/07 17:06:42 Image size of job updated: 259076
	119  -  MemoryUsage of job (MB)
	121392  -  ResidentSetSize of job (KB)
...
006 (496785.000.000) 07/07 17:09:23 Image size of job updated: 259092
	119  -  MemoryUsage of job (MB)
	121392  -  ResidentSetSize of job (KB)
...
005 (496785.000.000) 07/07 17:09:23 Job terminated.
	(1) Normal termination (return value 0)
		Usr 0 00:06:12, Sys 0 00:00:08  -  Run Remote Usage
		Usr 0 00:00:00, Sys 0 00:00:00  -  Run Local Usage
		Usr 0 00:06:12, Sys 0 00:00:08  -  Total Remote Usage
		Usr 0 00:00:00, Sys 0 00:00:00  -  Total Local Usage
	489191  -  Run Bytes Sent By Job
	50642  -  Run Bytes Received By Job
	489191  -  Total Bytes Sent By Job
	50642  -  Total Bytes Received By Job
	Partitionable Resources :    Usage  Request          
	   Cpus                 :                 1          
	   Disk (KB)            :      553      553          
	   Memory (MB)          :      119      119          
...
000 (497165.000.000) 07/09 11:22:05 Job submitted from host: <18.12.1.74:48322>
...
001 (497165.000.000) 07/09 11:22:40 Job executing on host: <18.12.9.33:40949>
...
006 (497165.000.000) 07/09 11:22:49 Image size of job updated: 157248
	43  -  MemoryUsage of job (MB)
	43684  -  ResidentSetSize of job (KB)
...
006 (497165.000.000) 07/09 11:27:50 Image size of job updated: 253088
	73  -  MemoryUsage of job (MB)
	74604  -  ResidentSetSize of job (KB)
...
006 (497165.000.000) 07/09 11:32:50 Image size of job updated: 259144
	108  -  MemoryUsage of job (MB)
	109708  -  ResidentSetSize of job (KB)
...
006 (497165.000.000) 07/09 11:42:52 Image size of job updated: 259144
	110  -  MemoryUsage of job (MB)
	111696  -  ResidentSetSize of job (KB)
...
005 (497165.000.000) 07/09 11:53:54 Job terminated.
	(1) Normal termination (return value 0)
		Usr 0 00:07:06, Sys 0 00:00:07  -  Run Remote Usage
		Usr 0 00:00:00, Sys 0 00:00:00  -  Run Local Usage
		Usr 0 00:07:06, Sys 0 00:00:07  -  Total Remote Usage
		Usr 0 00:00:00, Sys 0 00:00:00  -  Total Local Usage
	489909  -  Run Bytes Sent By Job
	50700  -  Run Bytes Received By Job
	489909  -  Total Bytes Sent By Job
	50700  -  Total Bytes Received By Job
	Partitionable Resources :    Usage  Request          
	   Cpus                 :                 1          
	   Disk (KB)            :      554      554          
	   Memory (MB)          :      110      110          
...
000 (497671.000.000) 07/09 15:43:16 Job submitted from host: <18.12.1.74:48322>
...
001 (497671.000.000) 07/09 15:43:29 Job executing on host: <18.12.8.246:49782>
...
006 (497671.000.000) 07/09 15:43:37 Image size of job updated: 1
	3  -  MemoryUsage of job (MB)
	2360  -  ResidentSetSize of job (KB)
...
006 (497671.000.000) 07/09 15:48:37 Image size of job updated: 259084
	122  -  MemoryUsage of job (MB)
	124748  -  ResidentSetSize of job (KB)
...
005 (497671.000.000) 07/09 15:56:23 Job terminated.
	(1) Normal termination (return value 0)
		Usr 0 00:07:35, Sys 0 00:00:03  -  Run Remote Usage
		Usr 0 00:00:00, Sys 0 00:00:00  -  Run Local Usage
		Usr 0 00:07:35, Sys 0 00:00:03  -  Total Remote Usage
		Usr 0 00:00:00, Sys 0 00:00:00  -  Total Local Usage
	489430  -  Run Bytes Sent By Job
	50706  -  Run Bytes Received By Job
	489430  -  Total Bytes Sent By Job
	50706  -  Total Bytes Received By Job
	Partitionable Resources :    Usage  Request          
	   Cpus                 :                 1          
	   Disk (KB)            :      553      553          
	   Memory (MB)          :      122      122          
...
000 (497996.000.000) 07/09 16:40:19 Job submitted from host: <18.12.1.74:48322>
...
001 (497996.000.000) 07/09 16:40:43 Job executing on host: <18.12.8.106:48760>
...
006 (497996.000.000) 07/09 16:40:52 Image size of job updated: 150936
	36  -  MemoryUsage of job (MB)
	36188  -  ResidentSetSize of job (KB)
...
006 (497996.000.000) 07/09 16:45:53 Image size of job updated: 259116
	128  -  MemoryUsage of job (MB)
	130568  -  ResidentSetSize of job (KB)
...
005 (497996.000.000) 07/09 16:47:18 Job terminated.
	(1) Normal termination (return value 0)
		Usr 0 00:05:11, Sys 0 00:00:07  -  Run Remote Usage
		Usr 0 00:00:00, Sys 0 00:00:00  -  Run Local Usage
		Usr 0 00:05:11, Sys 0 00:00:07  -  Total Remote Usage
		Usr 0 00:00:00, Sys 0 00:00:00  -  Total Local Usage
	489335  -  Run Bytes Sent By Job
	50713  -  Run Bytes Received By Job
	489335  -  Total Bytes Sent By Job
	50713  -  Total Bytes Received By Job
	Partitionable Resources :    Usage  Request          
	   Cpus                 :                 1          
	   Disk (KB)            :      553      553          
	   Memory (MB)          :      128      128          
...
000 (498311.000.000) 07/10 12:07:57 Job submitted from host: <18.12.1.74:48322>
...
001 (498311.000.000) 07/10 12:08:12 Job executing on host: <18.12.6.96:48176>
...
006 (498311.000.000) 07/10 12:08:21 Image size of job updated: 1
	3  -  MemoryUsage of job (MB)
	2352  -  ResidentSetSize of job (KB)
...
006 (498311.000.000) 07/10 12:13:21 Image size of job updated: 259084
	119  -  MemoryUsage of job (MB)
	121140  -  ResidentSetSize of job (KB)
...
005 (498311.000.000) 07/10 12:16:28 Job terminated.
	(1) Normal termination (return value 0)
		Usr 0 00:06:59, Sys 0 00:00:03  -  Run Remote Usage
		Usr 0 00:00:00, Sys 0 00:00:00  -  Run Local Usage
		Usr 0 00:06:59, Sys 0 00:00:03  -  Total Remote Usage
		Usr 0 00:00:00, Sys 0 00:00:00  -  Total Local Usage
	489232  -  Run Bytes Sent By Job
	50718  -  Run Bytes Received By Job
	489232  -  Total Bytes Sent By Job
	50718  -  Total Bytes Received By Job
	Partitionable Resources :    Usage  Request          
	   Cpus                 :                 1          
	   Disk (KB)            :      553      553          
	   Memory (MB)          :      119      119          
...
000 (498439.000.000) 07/10 14:02:42 Job submitted from host: <18.12.1.74:48322>
...
001 (498439.000.000) 07/10 14:14:59 Job executing on host: <18.12.9.28:48614>
...
006 (498439.000.000) 07/10 14:15:08 Image size of job updated: 18856
	2  -  MemoryUsage of job (MB)
	1988  -  ResidentSetSize of job (KB)
...
006 (498439.000.000) 07/10 14:20:09 Image size of job updated: 253080
	75  -  MemoryUsage of job (MB)
	76456  -  ResidentSetSize of job (KB)
...
006 (498439.000.000) 07/10 14:25:09 Image size of job updated: 259088
	110  -  MemoryUsage of job (MB)
	112116  -  ResidentSetSize of job (KB)
...
006 (498439.000.000) 07/10 14:35:10 Image size of job updated: 259088
	112  -  MemoryUsage of job (MB)
	114072  -  ResidentSetSize of job (KB)
...
006 (498439.000.000) 07/10 14:40:10 Image size of job updated: 259148
	121  -  MemoryUsage of job (MB)
	123520  -  ResidentSetSize of job (KB)
...
006 (498439.000.000) 07/10 14:45:10 Image size of job updated: 259148
	122  -  MemoryUsage of job (MB)
	124400  -  ResidentSetSize of job (KB)
...
005 (498439.000.000) 07/10 14:46:46 Job terminated.
	(1) Normal termination (return value 0)
		Usr 0 00:07:10, Sys 0 00:00:04  -  Run Remote Usage
		Usr 0 00:00:00, Sys 0 00:00:00  -  Run Local Usage
		Usr 0 00:07:10, Sys 0 00:00:04  -  Total Remote Usage
		Usr 0 00:00:00, Sys 0 00:00:00  -  Total Local Usage
	489761  -  Run Bytes Sent By Job
	50793  -  Run Bytes Received By Job
	489761  -  Total Bytes Sent By Job
	50793  -  Total Bytes Received By Job
	Partitionable Resources :    Usage  Request          
	   Cpus                 :                 1          
	   Disk (KB)            :      554      554          
	   Memory (MB)          :      122      122          
...
000 (498720.000.000) 07/10 16:45:32 Job submitted from host: <18.12.1.74:48322>
...
001 (498720.000.000) 07/10 16:54:16 Job executing on host: <18.12.8.135:42482>
...
006 (498720.000.000) 07/10 16:54:25 Image size of job updated: 1
	3  -  MemoryUsage of job (MB)
	2356  -  ResidentSetSize of job (KB)
...
006 (498720.000.000) 07/10 16:59:27 Image size of job updated: 259472
	118  -  MemoryUsage of job (MB)
	120552  -  ResidentSetSize of job (KB)
...
005 (498720.000.000) 07/10 17:31:19 Job terminated.
	(1) Normal termination (return value 0)
		Usr 0 00:04:52, Sys 0 00:00:04  -  Run Remote Usage
		Usr 0 00:00:00, Sys 0 00:00:00  -  Run Local Usage
		Usr 0 00:04:52, Sys 0 00:00:04  -  Total Remote Usage
		Usr 0 00:00:00, Sys 0 00:00:00  -  Total Local Usage
	498169  -  Run Bytes Sent By Job
	52122  -  Run Bytes Received By Job
	498169  -  Total Bytes Sent By Job
	52122  -  Total Bytes Received By Job
	Partitionable Resources :    Usage  Request          
	   Cpus                 :                 1          
	   Disk (KB)            :      563      563          
	   Memory (MB)          :      118      118          
...
