000 (428172.000.000) 06/23 17:53:55 Job submitted from host: <18.12.1.74:48322>
...
001 (428172.000.000) 06/23 17:54:17 Job executing on host: <18.12.9.84:47519>
...
006 (428172.000.000) 06/23 17:54:25 Image size of job updated: 245116
	51  -  MemoryUsage of job (MB)
	52148  -  ResidentSetSize of job (KB)
...
006 (428172.000.000) 06/23 17:59:25 Image size of job updated: 246968
	117  -  MemoryUsage of job (MB)
	119180  -  ResidentSetSize of job (KB)
...
005 (428172.000.000) 06/23 18:05:05 Job terminated.
	(1) Normal termination (return value 0)
		Usr 0 00:07:52, Sys 0 00:00:05  -  Run Remote Usage
		Usr 0 00:00:00, Sys 0 00:00:00  -  Run Local Usage
		Usr 0 00:07:52, Sys 0 00:00:05  -  Total Remote Usage
		Usr 0 00:00:00, Sys 0 00:00:00  -  Total Local Usage
	409608  -  Run Bytes Sent By Job
	46217  -  Run Bytes Received By Job
	409608  -  Total Bytes Sent By Job
	46217  -  Total Bytes Received By Job
	Partitionable Resources :    Usage  Request          
	   Cpus                 :                 1          
	   Disk (KB)            :      471      471          
	   Memory (MB)          :      117      117          
...
