000 (428147.000.000) 06/23 17:53:53 Job submitted from host: <18.12.1.74:48322>
...
001 (428147.000.000) 06/23 17:54:19 Job executing on host: <18.12.9.84:47519>
...
006 (428147.000.000) 06/23 17:54:28 Image size of job updated: 154336
	40  -  MemoryUsage of job (MB)
	40224  -  ResidentSetSize of job (KB)
...
006 (428147.000.000) 06/23 17:58:19 Image size of job updated: 251744
	40  -  MemoryUsage of job (MB)
	40224  -  ResidentSetSize of job (KB)
...
005 (428147.000.000) 06/23 17:58:19 Job terminated.
	(1) Normal termination (return value 0)
		Usr 0 00:02:50, Sys 0 00:00:03  -  Run Remote Usage
		Usr 0 00:00:00, Sys 0 00:00:00  -  Run Local Usage
		Usr 0 00:02:50, Sys 0 00:00:03  -  Total Remote Usage
		Usr 0 00:00:00, Sys 0 00:00:00  -  Total Local Usage
	408244  -  Run Bytes Sent By Job
	46217  -  Run Bytes Received By Job
	408244  -  Total Bytes Sent By Job
	46217  -  Total Bytes Received By Job
	Partitionable Resources :    Usage  Request          
	   Cpus                 :                 1          
	   Disk (KB)            :      469      469          
	   Memory (MB)          :       40       40          
...
