000 (428178.000.000) 06/23 17:53:56 Job submitted from host: <18.12.1.74:48322>
...
001 (428178.000.000) 06/23 17:54:18 Job executing on host: <18.12.9.52:45037>
...
006 (428178.000.000) 06/23 17:54:26 Image size of job updated: 93716
	3  -  MemoryUsage of job (MB)
	2440  -  ResidentSetSize of job (KB)
...
006 (428178.000.000) 06/23 17:59:26 Image size of job updated: 247264
	132  -  MemoryUsage of job (MB)
	134988  -  ResidentSetSize of job (KB)
...
006 (428178.000.000) 06/23 18:04:27 Image size of job updated: 247736
	133  -  MemoryUsage of job (MB)
	135316  -  ResidentSetSize of job (KB)
...
005 (428178.000.000) 06/23 18:10:29 Job terminated.
	(1) Normal termination (return value 0)
		Usr 0 00:13:34, Sys 0 00:00:05  -  Run Remote Usage
		Usr 0 00:00:00, Sys 0 00:00:00  -  Run Local Usage
		Usr 0 00:13:34, Sys 0 00:00:05  -  Total Remote Usage
		Usr 0 00:00:00, Sys 0 00:00:00  -  Total Local Usage
	411235  -  Run Bytes Sent By Job
	46217  -  Run Bytes Received By Job
	411235  -  Total Bytes Sent By Job
	46217  -  Total Bytes Received By Job
	Partitionable Resources :    Usage  Request          
	   Cpus                 :                 1          
	   Disk (KB)            :      472      472          
	   Memory (MB)          :      133      133          
...
