000 (428127.000.000) 06/23 17:53:29 Job submitted from host: <18.12.1.74:48322>
...
009 (428127.000.000) 06/23 17:53:40 Job was aborted by the user.
	via condor_rm (by user rkunnawa)
...
000 (428134.000.000) 06/23 17:53:51 Job submitted from host: <18.12.1.74:48322>
...
001 (428134.000.000) 06/23 17:54:13 Job executing on host: <18.12.9.83:46497>
...
006 (428134.000.000) 06/23 17:54:23 Image size of job updated: 185520
	44  -  MemoryUsage of job (MB)
	44044  -  ResidentSetSize of job (KB)
...
006 (428134.000.000) 06/23 17:57:58 Image size of job updated: 252364
	44  -  MemoryUsage of job (MB)
	44044  -  ResidentSetSize of job (KB)
...
005 (428134.000.000) 06/23 17:57:58 Job terminated.
	(1) Normal termination (return value 0)
		Usr 0 00:02:46, Sys 0 00:00:02  -  Run Remote Usage
		Usr 0 00:00:00, Sys 0 00:00:00  -  Run Local Usage
		Usr 0 00:02:46, Sys 0 00:00:02  -  Total Remote Usage
		Usr 0 00:00:00, Sys 0 00:00:00  -  Total Local Usage
	407934  -  Run Bytes Sent By Job
	46217  -  Run Bytes Received By Job
	407934  -  Total Bytes Sent By Job
	46217  -  Total Bytes Received By Job
	Partitionable Resources :    Usage  Request          
	   Cpus                 :                 1          
	   Disk (KB)            :      469      469          
	   Memory (MB)          :       44       44          
...
000 (451359.000.000) 06/25 13:03:49 Job submitted from host: <18.12.1.74:48322>
...
001 (451359.000.000) 06/25 13:04:08 Job executing on host: <18.12.9.64:47738>
...
006 (451359.000.000) 06/25 13:04:16 Image size of job updated: 1
	0  -  MemoryUsage of job (MB)
	0  -  ResidentSetSize of job (KB)
...
005 (451359.000.000) 06/25 13:04:16 Job terminated.
	(1) Normal termination (return value 0)
		Usr 0 00:00:00, Sys 0 00:00:00  -  Run Remote Usage
		Usr 0 00:00:00, Sys 0 00:00:00  -  Run Local Usage
		Usr 0 00:00:00, Sys 0 00:00:00  -  Total Remote Usage
		Usr 0 00:00:00, Sys 0 00:00:00  -  Total Local Usage
	474738  -  Run Bytes Sent By Job
	45684  -  Run Bytes Received By Job
	474738  -  Total Bytes Sent By Job
	45684  -  Total Bytes Received By Job
	Partitionable Resources :    Usage  Request          
	   Cpus                 :                 1          
	   Disk (KB)            :      534      534          
	   Memory (MB)          :        0        0          
...
000 (451418.000.000) 06/25 13:07:30 Job submitted from host: <18.12.1.74:48322>
...
001 (451418.000.000) 06/25 13:07:40 Job executing on host: <18.12.9.28:45986>
...
006 (451418.000.000) 06/25 13:07:49 Image size of job updated: 145236
	33  -  MemoryUsage of job (MB)
	33196  -  ResidentSetSize of job (KB)
...
006 (451418.000.000) 06/25 13:08:04 Image size of job updated: 154172
	33  -  MemoryUsage of job (MB)
	33196  -  ResidentSetSize of job (KB)
...
005 (451418.000.000) 06/25 13:08:04 Job terminated.
	(1) Normal termination (return value 0)
		Usr 0 00:00:00, Sys 0 00:00:00  -  Run Remote Usage
		Usr 0 00:00:00, Sys 0 00:00:00  -  Run Local Usage
		Usr 0 00:00:00, Sys 0 00:00:00  -  Total Remote Usage
		Usr 0 00:00:00, Sys 0 00:00:00  -  Total Local Usage
	479483  -  Run Bytes Sent By Job
	47932  -  Run Bytes Received By Job
	479483  -  Total Bytes Sent By Job
	47932  -  Total Bytes Received By Job
	Partitionable Resources :    Usage  Request          
	   Cpus                 :                 1          
	   Disk (KB)            :      541      541          
	   Memory (MB)          :       33       33          
...
000 (451477.000.000) 06/25 13:18:32 Job submitted from host: <18.12.1.74:48322>
...
001 (451477.000.000) 06/25 13:18:42 Job executing on host: <18.12.9.82:44891>
...
006 (451477.000.000) 06/25 13:18:50 Image size of job updated: 154296
	40  -  MemoryUsage of job (MB)
	40204  -  ResidentSetSize of job (KB)
...
006 (451477.000.000) 06/25 13:23:47 Image size of job updated: 190396
	40  -  MemoryUsage of job (MB)
	40204  -  ResidentSetSize of job (KB)
...
005 (451477.000.000) 06/25 13:23:48 Job terminated.
	(1) Normal termination (return value 0)
		Usr 0 00:03:04, Sys 0 00:00:02  -  Run Remote Usage
		Usr 0 00:00:00, Sys 0 00:00:00  -  Run Local Usage
		Usr 0 00:03:04, Sys 0 00:00:02  -  Total Remote Usage
		Usr 0 00:00:00, Sys 0 00:00:00  -  Total Local Usage
	470517  -  Run Bytes Sent By Job
	45681  -  Run Bytes Received By Job
	470517  -  Total Bytes Sent By Job
	45681  -  Total Bytes Received By Job
	Partitionable Resources :    Usage  Request          
	   Cpus                 :                 1          
	   Disk (KB)            :      530      530          
	   Memory (MB)          :       40       40          
...
000 (451638.000.000) 06/25 21:34:29 Job submitted from host: <18.12.1.74:48322>
...
001 (451638.000.000) 06/25 21:34:39 Job executing on host: <18.12.9.53:46424>
...
006 (451638.000.000) 06/25 21:34:47 Image size of job updated: 1196
	1  -  MemoryUsage of job (MB)
	156  -  ResidentSetSize of job (KB)
...
006 (451638.000.000) 06/25 21:38:45 Image size of job updated: 190400
	1  -  MemoryUsage of job (MB)
	156  -  ResidentSetSize of job (KB)
...
005 (451638.000.000) 06/25 21:38:45 Job terminated.
	(1) Normal termination (return value 0)
		Usr 0 00:02:47, Sys 0 00:00:01  -  Run Remote Usage
		Usr 0 00:00:00, Sys 0 00:00:00  -  Run Local Usage
		Usr 0 00:02:47, Sys 0 00:00:01  -  Total Remote Usage
		Usr 0 00:00:00, Sys 0 00:00:00  -  Total Local Usage
	479499  -  Run Bytes Sent By Job
	48163  -  Run Bytes Received By Job
	479499  -  Total Bytes Sent By Job
	48163  -  Total Bytes Received By Job
	Partitionable Resources :    Usage  Request          
	   Cpus                 :                 1          
	   Disk (KB)            :      541      541          
	   Memory (MB)          :        1        1          
...
000 (452316.000.000) 06/26 11:24:27 Job submitted from host: <18.12.1.74:48322>
...
001 (452316.000.000) 06/26 11:24:41 Job executing on host: <18.12.8.252:48395>
...
006 (452316.000.000) 06/26 11:24:50 Image size of job updated: 154304
	43  -  MemoryUsage of job (MB)
	43816  -  ResidentSetSize of job (KB)
...
006 (452316.000.000) 06/26 11:29:20 Image size of job updated: 190384
	43  -  MemoryUsage of job (MB)
	43816  -  ResidentSetSize of job (KB)
...
005 (452316.000.000) 06/26 11:29:20 Job terminated.
	(1) Normal termination (return value 0)
		Usr 0 00:03:45, Sys 0 00:00:02  -  Run Remote Usage
		Usr 0 00:00:00, Sys 0 00:00:00  -  Run Local Usage
		Usr 0 00:03:45, Sys 0 00:00:02  -  Total Remote Usage
		Usr 0 00:00:00, Sys 0 00:00:00  -  Total Local Usage
	479445  -  Run Bytes Sent By Job
	48164  -  Run Bytes Received By Job
	479445  -  Total Bytes Sent By Job
	48164  -  Total Bytes Received By Job
	Partitionable Resources :    Usage  Request          
	   Cpus                 :                 1          
	   Disk (KB)            :      541      541          
	   Memory (MB)          :       43       43          
...
000 (455984.000.000) 06/26 11:55:32 Job submitted from host: <18.12.1.74:48322>
...
001 (455984.000.000) 06/26 11:55:54 Job executing on host: <18.12.9.27:48614>
...
006 (455984.000.000) 06/26 11:56:03 Image size of job updated: 75260
	17  -  MemoryUsage of job (MB)
	16796  -  ResidentSetSize of job (KB)
...
006 (455984.000.000) 06/26 12:01:04 Image size of job updated: 190368
	72  -  MemoryUsage of job (MB)
	73664  -  ResidentSetSize of job (KB)
...
005 (455984.000.000) 06/26 12:04:58 Job terminated.
	(1) Normal termination (return value 0)
		Usr 0 00:01:56, Sys 0 00:00:01  -  Run Remote Usage
		Usr 0 00:00:00, Sys 0 00:00:00  -  Run Local Usage
		Usr 0 00:01:56, Sys 0 00:00:01  -  Total Remote Usage
		Usr 0 00:00:00, Sys 0 00:00:00  -  Total Local Usage
	479385  -  Run Bytes Sent By Job
	48164  -  Run Bytes Received By Job
	479385  -  Total Bytes Sent By Job
	48164  -  Total Bytes Received By Job
	Partitionable Resources :    Usage  Request          
	   Cpus                 :                 1          
	   Disk (KB)            :      541      541          
	   Memory (MB)          :       72       72          
...
000 (472494.000.000) 06/26 14:30:23 Job submitted from host: <18.12.1.74:48322>
...
001 (472494.000.000) 06/26 14:30:45 Job executing on host: <18.12.9.63:45475>
...
006 (472494.000.000) 06/26 14:30:53 Image size of job updated: 133080
	18  -  MemoryUsage of job (MB)
	17700  -  ResidentSetSize of job (KB)
...
006 (472494.000.000) 06/26 14:33:06 Image size of job updated: 248028
	18  -  MemoryUsage of job (MB)
	17700  -  ResidentSetSize of job (KB)
...
005 (472494.000.000) 06/26 14:33:07 Job terminated.
	(1) Normal termination (return value 0)
		Usr 0 00:01:38, Sys 0 00:00:02  -  Run Remote Usage
		Usr 0 00:00:00, Sys 0 00:00:00  -  Run Local Usage
		Usr 0 00:01:38, Sys 0 00:00:02  -  Total Remote Usage
		Usr 0 00:00:00, Sys 0 00:00:00  -  Total Local Usage
	480187  -  Run Bytes Sent By Job
	48486  -  Run Bytes Received By Job
	480187  -  Total Bytes Sent By Job
	48486  -  Total Bytes Received By Job
	Partitionable Resources :    Usage  Request          
	   Cpus                 :                 1          
	   Disk (KB)            :      542      542          
	   Memory (MB)          :       18       18          
...
000 (472620.000.000) 06/26 15:12:39 Job submitted from host: <18.12.1.74:48322>
...
001 (472620.000.000) 06/26 15:13:16 Job executing on host: <18.12.8.227:44380>
...
006 (472620.000.000) 06/26 15:13:24 Image size of job updated: 149980
	21  -  MemoryUsage of job (MB)
	21420  -  ResidentSetSize of job (KB)
...
006 (472620.000.000) 06/26 15:15:50 Image size of job updated: 248032
	21  -  MemoryUsage of job (MB)
	21420  -  ResidentSetSize of job (KB)
...
005 (472620.000.000) 06/26 15:15:50 Job terminated.
	(1) Normal termination (return value 0)
		Usr 0 00:02:03, Sys 0 00:00:01  -  Run Remote Usage
		Usr 0 00:00:00, Sys 0 00:00:00  -  Run Local Usage
		Usr 0 00:02:03, Sys 0 00:00:01  -  Total Remote Usage
		Usr 0 00:00:00, Sys 0 00:00:00  -  Total Local Usage
	479877  -  Run Bytes Sent By Job
	48521  -  Run Bytes Received By Job
	479877  -  Total Bytes Sent By Job
	48521  -  Total Bytes Received By Job
	Partitionable Resources :    Usage  Request          
	   Cpus                 :                 1          
	   Disk (KB)            :      542      542          
	   Memory (MB)          :       21       21          
...
000 (472828.000.000) 06/26 16:40:18 Job submitted from host: <18.12.1.74:48322>
...
001 (472828.000.000) 06/26 16:40:28 Job executing on host: <18.12.9.40:43796>
...
006 (472828.000.000) 06/26 16:40:37 Image size of job updated: 93704
	3  -  MemoryUsage of job (MB)
	2440  -  ResidentSetSize of job (KB)
...
006 (472828.000.000) 06/26 16:45:38 Image size of job updated: 248024
	89  -  MemoryUsage of job (MB)
	90396  -  ResidentSetSize of job (KB)
...
005 (472828.000.000) 06/26 16:48:00 Job terminated.
	(1) Normal termination (return value 0)
		Usr 0 00:01:59, Sys 0 00:00:01  -  Run Remote Usage
		Usr 0 00:00:00, Sys 0 00:00:00  -  Run Local Usage
		Usr 0 00:01:59, Sys 0 00:00:01  -  Total Remote Usage
		Usr 0 00:00:00, Sys 0 00:00:00  -  Total Local Usage
	480757  -  Run Bytes Sent By Job
	48948  -  Run Bytes Received By Job
	480757  -  Total Bytes Sent By Job
	48948  -  Total Bytes Received By Job
	Partitionable Resources :    Usage  Request          
	   Cpus                 :                 1          
	   Disk (KB)            :      543      543          
	   Memory (MB)          :       89       89          
...
000 (492179.000.000) 06/29 10:00:29 Job submitted from host: <18.12.1.74:48322>
...
001 (492179.000.000) 06/29 10:00:40 Job executing on host: <18.12.8.163:45475>
...
006 (492179.000.000) 06/29 10:00:48 Image size of job updated: 93700
	18  -  MemoryUsage of job (MB)
	18136  -  ResidentSetSize of job (KB)
...
006 (492179.000.000) 06/29 10:04:52 Image size of job updated: 248000
	18  -  MemoryUsage of job (MB)
	18136  -  ResidentSetSize of job (KB)
...
005 (492179.000.000) 06/29 10:04:52 Job terminated.
	(1) Normal termination (return value 0)
		Usr 0 00:01:47, Sys 0 00:00:01  -  Run Remote Usage
		Usr 0 00:00:00, Sys 0 00:00:00  -  Run Local Usage
		Usr 0 00:01:47, Sys 0 00:00:01  -  Total Remote Usage
		Usr 0 00:00:00, Sys 0 00:00:00  -  Total Local Usage
	480798  -  Run Bytes Sent By Job
	49114  -  Run Bytes Received By Job
	480798  -  Total Bytes Sent By Job
	49114  -  Total Bytes Received By Job
	Partitionable Resources :    Usage  Request          
	   Cpus                 :                 1          
	   Disk (KB)            :      543      543          
	   Memory (MB)          :       18       18          
...
000 (493076.000.000) 06/29 11:50:34 Job submitted from host: <18.12.1.74:48322>
...
001 (493076.000.000) 06/29 11:50:45 Job executing on host: <18.12.6.36:46497>
...
006 (493076.000.000) 06/29 11:50:53 Image size of job updated: 156572
	42  -  MemoryUsage of job (MB)
	42512  -  ResidentSetSize of job (KB)
...
006 (493076.000.000) 06/29 11:53:16 Image size of job updated: 192648
	42  -  MemoryUsage of job (MB)
	42512  -  ResidentSetSize of job (KB)
...
005 (493076.000.000) 06/29 11:53:16 Job terminated.
	(1) Normal termination (return value 0)
		Usr 0 00:01:54, Sys 0 00:00:00  -  Run Remote Usage
		Usr 0 00:00:00, Sys 0 00:00:00  -  Run Local Usage
		Usr 0 00:01:54, Sys 0 00:00:00  -  Total Remote Usage
		Usr 0 00:00:00, Sys 0 00:00:00  -  Total Local Usage
	481539  -  Run Bytes Sent By Job
	49359  -  Run Bytes Received By Job
	481539  -  Total Bytes Sent By Job
	49359  -  Total Bytes Received By Job
	Partitionable Resources :    Usage  Request          
	   Cpus                 :                 1          
	   Disk (KB)            :      544      544          
	   Memory (MB)          :       42       42          
...
000 (493193.000.000) 06/29 12:56:20 Job submitted from host: <18.12.1.74:48322>
...
001 (493193.000.000) 06/29 12:56:54 Job executing on host: <18.12.8.91:41168>
...
006 (493193.000.000) 06/29 12:57:03 Image size of job updated: 156576
	44  -  MemoryUsage of job (MB)
	44804  -  ResidentSetSize of job (KB)
...
006 (493193.000.000) 06/29 12:59:48 Image size of job updated: 192656
	44  -  MemoryUsage of job (MB)
	44804  -  ResidentSetSize of job (KB)
...
005 (493193.000.000) 06/29 12:59:48 Job terminated.
	(1) Normal termination (return value 0)
		Usr 0 00:01:22, Sys 0 00:00:01  -  Run Remote Usage
		Usr 0 00:00:00, Sys 0 00:00:00  -  Run Local Usage
		Usr 0 00:01:22, Sys 0 00:00:01  -  Total Remote Usage
		Usr 0 00:00:00, Sys 0 00:00:00  -  Total Local Usage
	481391  -  Run Bytes Sent By Job
	49363  -  Run Bytes Received By Job
	481391  -  Total Bytes Sent By Job
	49363  -  Total Bytes Received By Job
	Partitionable Resources :    Usage  Request          
	   Cpus                 :                 1          
	   Disk (KB)            :      544      544          
	   Memory (MB)          :       44       44          
...
000 (493319.000.000) 06/29 13:36:32 Job submitted from host: <18.12.1.74:48322>
...
004 (493319.000.000) 06/29 13:36:47 Job was evicted.
	(0) Job was not checkpointed.
		Usr 0 00:00:00, Sys 0 00:00:00  -  Run Remote Usage
		Usr 0 00:00:00, Sys 0 00:00:00  -  Run Local Usage
	0  -  Run Bytes Sent By Job
	49363  -  Run Bytes Received By Job
	Partitionable Resources :    Usage  Request          
	   Cpus                 :                 1          
	   Disk (KB)            :       50       50          
	   Memory (MB)          :                 1          
...
009 (493319.000.000) 06/29 13:36:47 Job was aborted by the user.
	via condor_rm (by user rkunnawa)
...
000 (493339.000.000) 06/29 13:37:08 Job submitted from host: <18.12.1.74:48322>
...
001 (493339.000.000) 06/29 13:37:45 Job executing on host: <18.12.9.54:46570>
...
006 (493339.000.000) 06/29 13:37:53 Image size of job updated: 150024
	35  -  MemoryUsage of job (MB)
	34880  -  ResidentSetSize of job (KB)
...
006 (493339.000.000) 06/29 13:41:21 Image size of job updated: 192656
	35  -  MemoryUsage of job (MB)
	34880  -  ResidentSetSize of job (KB)
...
005 (493339.000.000) 06/29 13:41:21 Job terminated.
	(1) Normal termination (return value 0)
		Usr 0 00:01:43, Sys 0 00:00:02  -  Run Remote Usage
		Usr 0 00:00:00, Sys 0 00:00:00  -  Run Local Usage
		Usr 0 00:01:43, Sys 0 00:00:02  -  Total Remote Usage
		Usr 0 00:00:00, Sys 0 00:00:00  -  Total Local Usage
	481591  -  Run Bytes Sent By Job
	49355  -  Run Bytes Received By Job
	481591  -  Total Bytes Sent By Job
	49355  -  Total Bytes Received By Job
	Partitionable Resources :    Usage  Request          
	   Cpus                 :                 1          
	   Disk (KB)            :      544      544          
	   Memory (MB)          :       35       35          
...
000 (493483.000.000) 06/29 15:03:04 Job submitted from host: <18.12.1.74:48322>
...
001 (493483.000.000) 06/29 15:03:36 Job executing on host: <18.12.8.156:40657>
...
006 (493483.000.000) 06/29 15:03:44 Image size of job updated: 1
	3  -  MemoryUsage of job (MB)
	2348  -  ResidentSetSize of job (KB)
...
006 (493483.000.000) 06/29 15:04:52 Image size of job updated: 192652
	3  -  MemoryUsage of job (MB)
	2348  -  ResidentSetSize of job (KB)
...
004 (493483.000.000) 06/29 15:04:52 Job was evicted.
	(0) Job was not checkpointed.
		Usr 0 00:00:29, Sys 0 00:00:00  -  Run Remote Usage
		Usr 0 00:00:00, Sys 0 00:00:00  -  Run Local Usage
	0  -  Run Bytes Sent By Job
	49355  -  Run Bytes Received By Job
	Partitionable Resources :    Usage  Request          
	   Cpus                 :                 1          
	   Disk (KB)            :      544      544          
	   Memory (MB)          :        3        3          
...
009 (493483.000.000) 06/29 15:04:55 Job was aborted by the user.
	via condor_rm (by user rkunnawa)
...
000 (493600.000.000) 06/29 15:05:20 Job submitted from host: <18.12.1.74:48322>
...
001 (493600.000.000) 06/29 15:05:31 Job executing on host: <18.12.9.75:47081>
...
006 (493600.000.000) 06/29 15:05:39 Image size of job updated: 192660
	59  -  MemoryUsage of job (MB)
	60412  -  ResidentSetSize of job (KB)
...
000 (493717.000.000) 06/29 15:06:01 Job submitted from host: <18.12.1.74:48322>
...
001 (493717.000.000) 06/29 15:06:43 Job executing on host: <18.12.9.79:45767>
...
006 (493717.000.000) 06/29 15:06:52 Image size of job updated: 192656
	59  -  MemoryUsage of job (MB)
	60416  -  ResidentSetSize of job (KB)
...
005 (493600.000.000) 06/29 15:07:52 Job terminated.
	(1) Normal termination (return value 0)
		Usr 0 00:01:39, Sys 0 00:00:03  -  Run Remote Usage
		Usr 0 00:00:00, Sys 0 00:00:00  -  Run Local Usage
		Usr 0 00:01:39, Sys 0 00:00:03  -  Total Remote Usage
		Usr 0 00:00:00, Sys 0 00:00:00  -  Total Local Usage
	481447  -  Run Bytes Sent By Job
	49355  -  Run Bytes Received By Job
	481447  -  Total Bytes Sent By Job
	49355  -  Total Bytes Received By Job
	Partitionable Resources :    Usage  Request          
	   Cpus                 :                 1          
	   Disk (KB)            :      544      544          
	   Memory (MB)          :       59       59          
...
005 (493717.000.000) 06/29 15:09:06 Job terminated.
	(1) Normal termination (return value 0)
		Usr 0 00:01:44, Sys 0 00:00:02  -  Run Remote Usage
		Usr 0 00:00:00, Sys 0 00:00:00  -  Run Local Usage
		Usr 0 00:01:44, Sys 0 00:00:02  -  Total Remote Usage
		Usr 0 00:00:00, Sys 0 00:00:00  -  Total Local Usage
	481668  -  Run Bytes Sent By Job
	49356  -  Run Bytes Received By Job
	481668  -  Total Bytes Sent By Job
	49356  -  Total Bytes Received By Job
	Partitionable Resources :    Usage  Request          
	   Cpus                 :                 1          
	   Disk (KB)            :      544      544          
	   Memory (MB)          :       59       59          
...
000 (494536.000.000) 06/29 21:49:54 Job submitted from host: <18.12.1.74:48322>
...
001 (494536.000.000) 06/29 21:50:09 Job executing on host: <18.12.9.65:40146>
...
006 (494536.000.000) 06/29 21:50:18 Image size of job updated: 1
	3  -  MemoryUsage of job (MB)
	2368  -  ResidentSetSize of job (KB)
...
006 (494536.000.000) 06/29 21:52:37 Image size of job updated: 192844
	3  -  MemoryUsage of job (MB)
	2368  -  ResidentSetSize of job (KB)
...
005 (494536.000.000) 06/29 21:52:37 Job terminated.
	(1) Normal termination (return value 0)
		Usr 0 00:01:44, Sys 0 00:00:02  -  Run Remote Usage
		Usr 0 00:00:00, Sys 0 00:00:00  -  Run Local Usage
		Usr 0 00:01:44, Sys 0 00:00:02  -  Total Remote Usage
		Usr 0 00:00:00, Sys 0 00:00:00  -  Total Local Usage
	482525  -  Run Bytes Sent By Job
	49495  -  Run Bytes Received By Job
	482525  -  Total Bytes Sent By Job
	49495  -  Total Bytes Received By Job
	Partitionable Resources :    Usage  Request          
	   Cpus                 :                 1          
	   Disk (KB)            :      545      545          
	   Memory (MB)          :        3        3          
...
000 (496451.000.000) 07/07 14:54:06 Job submitted from host: <18.12.1.74:48322>
...
001 (496451.000.000) 07/07 14:54:33 Job executing on host: <18.12.9.78:45840>
...
006 (496451.000.000) 07/07 14:54:41 Image size of job updated: 69172
	13  -  MemoryUsage of job (MB)
	12364  -  ResidentSetSize of job (KB)
...
006 (496451.000.000) 07/07 14:57:02 Image size of job updated: 193020
	13  -  MemoryUsage of job (MB)
	12364  -  ResidentSetSize of job (KB)
...
005 (496451.000.000) 07/07 14:57:02 Job terminated.
	(1) Normal termination (return value 0)
		Usr 0 00:01:50, Sys 0 00:00:02  -  Run Remote Usage
		Usr 0 00:00:00, Sys 0 00:00:00  -  Run Local Usage
		Usr 0 00:01:50, Sys 0 00:00:02  -  Total Remote Usage
		Usr 0 00:00:00, Sys 0 00:00:00  -  Total Local Usage
	488548  -  Run Bytes Sent By Job
	50562  -  Run Bytes Received By Job
	488548  -  Total Bytes Sent By Job
	50562  -  Total Bytes Received By Job
	Partitionable Resources :    Usage  Request          
	   Cpus                 :                 1          
	   Disk (KB)            :      552      552          
	   Memory (MB)          :       13       13          
...
000 (496687.000.000) 07/07 17:00:50 Job submitted from host: <18.12.1.74:48322>
...
001 (496687.000.000) 07/07 17:01:25 Job executing on host: <18.12.6.85:44672>
...
006 (496687.000.000) 07/07 17:01:33 Image size of job updated: 150392
	35  -  MemoryUsage of job (MB)
	35252  -  ResidentSetSize of job (KB)
...
006 (496687.000.000) 07/07 17:04:01 Image size of job updated: 193028
	35  -  MemoryUsage of job (MB)
	35252  -  ResidentSetSize of job (KB)
...
005 (496687.000.000) 07/07 17:04:01 Job terminated.
	(1) Normal termination (return value 0)
		Usr 0 00:01:52, Sys 0 00:00:01  -  Run Remote Usage
		Usr 0 00:00:00, Sys 0 00:00:00  -  Run Local Usage
		Usr 0 00:01:52, Sys 0 00:00:01  -  Total Remote Usage
		Usr 0 00:00:00, Sys 0 00:00:00  -  Total Local Usage
	488312  -  Run Bytes Sent By Job
	50642  -  Run Bytes Received By Job
	488312  -  Total Bytes Sent By Job
	50642  -  Total Bytes Received By Job
	Partitionable Resources :    Usage  Request          
	   Cpus                 :                 1          
	   Disk (KB)            :      552      552          
	   Memory (MB)          :       35       35          
...
000 (497067.000.000) 07/09 11:21:54 Job submitted from host: <18.12.1.74:48322>
...
001 (497067.000.000) 07/09 11:22:29 Job executing on host: <18.12.9.48:49271>
...
006 (497067.000.000) 07/09 11:22:38 Image size of job updated: 156944
	37  -  MemoryUsage of job (MB)
	37180  -  ResidentSetSize of job (KB)
...
006 (497067.000.000) 07/09 11:25:28 Image size of job updated: 193048
	37  -  MemoryUsage of job (MB)
	37180  -  ResidentSetSize of job (KB)
...
005 (497067.000.000) 07/09 11:25:28 Job terminated.
	(1) Normal termination (return value 0)
		Usr 0 00:01:51, Sys 0 00:00:02  -  Run Remote Usage
		Usr 0 00:00:00, Sys 0 00:00:00  -  Run Local Usage
		Usr 0 00:01:51, Sys 0 00:00:02  -  Total Remote Usage
		Usr 0 00:00:00, Sys 0 00:00:00  -  Total Local Usage
	488419  -  Run Bytes Sent By Job
	50700  -  Run Bytes Received By Job
	488419  -  Total Bytes Sent By Job
	50700  -  Total Bytes Received By Job
	Partitionable Resources :    Usage  Request          
	   Cpus                 :                 1          
	   Disk (KB)            :      552      552          
	   Memory (MB)          :       37       37          
...
000 (497573.000.000) 07/09 15:43:00 Job submitted from host: <18.12.1.74:48322>
...
001 (497573.000.000) 07/09 15:43:09 Job executing on host: <18.12.8.86:41314>
...
006 (497573.000.000) 07/09 15:43:17 Image size of job updated: 193032
	60  -  MemoryUsage of job (MB)
	60756  -  ResidentSetSize of job (KB)
...
005 (497573.000.000) 07/09 15:45:46 Job terminated.
	(1) Normal termination (return value 0)
		Usr 0 00:01:48, Sys 0 00:00:02  -  Run Remote Usage
		Usr 0 00:00:00, Sys 0 00:00:00  -  Run Local Usage
		Usr 0 00:01:48, Sys 0 00:00:02  -  Total Remote Usage
		Usr 0 00:00:00, Sys 0 00:00:00  -  Total Local Usage
	488297  -  Run Bytes Sent By Job
	50706  -  Run Bytes Received By Job
	488297  -  Total Bytes Sent By Job
	50706  -  Total Bytes Received By Job
	Partitionable Resources :    Usage  Request          
	   Cpus                 :                 1          
	   Disk (KB)            :      552      552          
	   Memory (MB)          :       60       60          
...
000 (497880.000.000) 07/09 16:39:49 Job submitted from host: <18.12.1.74:48322>
...
001 (497880.000.000) 07/09 16:40:06 Job executing on host: <18.12.8.121:41314>
...
000 (497898.000.000) 07/09 16:40:08 Job submitted from host: <18.12.1.74:48322>
...
006 (497880.000.000) 07/09 16:40:15 Image size of job updated: 193032
	60  -  MemoryUsage of job (MB)
	60748  -  ResidentSetSize of job (KB)
...
001 (497898.000.000) 07/09 16:40:30 Job executing on host: <18.12.6.14:45256>
...
006 (497898.000.000) 07/09 16:40:38 Image size of job updated: 151472
	40  -  MemoryUsage of job (MB)
	40528  -  ResidentSetSize of job (KB)
...
005 (497880.000.000) 07/09 16:42:05 Job terminated.
	(1) Normal termination (return value 0)
		Usr 0 00:01:32, Sys 0 00:00:03  -  Run Remote Usage
		Usr 0 00:00:00, Sys 0 00:00:00  -  Run Local Usage
		Usr 0 00:01:32, Sys 0 00:00:03  -  Total Remote Usage
		Usr 0 00:00:00, Sys 0 00:00:00  -  Total Local Usage
	488409  -  Run Bytes Sent By Job
	50713  -  Run Bytes Received By Job
	488409  -  Total Bytes Sent By Job
	50713  -  Total Bytes Received By Job
	Partitionable Resources :    Usage  Request          
	   Cpus                 :                 1          
	   Disk (KB)            :      552      552          
	   Memory (MB)          :       60       60          
...
006 (497898.000.000) 07/09 16:43:09 Image size of job updated: 193032
	40  -  MemoryUsage of job (MB)
	40528  -  ResidentSetSize of job (KB)
...
005 (497898.000.000) 07/09 16:43:09 Job terminated.
	(1) Normal termination (return value 0)
		Usr 0 00:02:13, Sys 0 00:00:01  -  Run Remote Usage
		Usr 0 00:00:00, Sys 0 00:00:00  -  Run Local Usage
		Usr 0 00:02:13, Sys 0 00:00:01  -  Total Remote Usage
		Usr 0 00:00:00, Sys 0 00:00:00  -  Total Local Usage
	488775  -  Run Bytes Sent By Job
	50713  -  Run Bytes Received By Job
	488775  -  Total Bytes Sent By Job
	50713  -  Total Bytes Received By Job
	Partitionable Resources :    Usage  Request          
	   Cpus                 :                 1          
	   Disk (KB)            :      553      553          
	   Memory (MB)          :       40       40          
...
000 (498213.000.000) 07/10 12:07:47 Job submitted from host: <18.12.1.74:48322>
...
001 (498213.000.000) 07/10 12:08:06 Job executing on host: <18.12.9.30:41314>
...
006 (498213.000.000) 07/10 12:08:15 Image size of job updated: 193028
	50  -  MemoryUsage of job (MB)
	50744  -  ResidentSetSize of job (KB)
...
006 (498213.000.000) 07/10 12:13:16 Image size of job updated: 193028
	65  -  MemoryUsage of job (MB)
	66208  -  ResidentSetSize of job (KB)
...
005 (498213.000.000) 07/10 12:15:19 Job terminated.
	(1) Normal termination (return value 0)
		Usr 0 00:02:04, Sys 0 00:00:04  -  Run Remote Usage
		Usr 0 00:00:00, Sys 0 00:00:00  -  Run Local Usage
		Usr 0 00:02:04, Sys 0 00:00:04  -  Total Remote Usage
		Usr 0 00:00:00, Sys 0 00:00:00  -  Total Local Usage
	488829  -  Run Bytes Sent By Job
	50718  -  Run Bytes Received By Job
	488829  -  Total Bytes Sent By Job
	50718  -  Total Bytes Received By Job
	Partitionable Resources :    Usage  Request          
	   Cpus                 :                 1          
	   Disk (KB)            :      552      552          
	   Memory (MB)          :       65       65          
...
000 (498341.000.000) 07/10 14:02:32 Job submitted from host: <18.12.1.74:48322>
...
001 (498341.000.000) 07/10 14:02:41 Job executing on host: <18.12.9.35:48614>
...
006 (498341.000.000) 07/10 14:02:50 Image size of job updated: 88904
	18  -  MemoryUsage of job (MB)
	17884  -  ResidentSetSize of job (KB)
...
006 (498341.000.000) 07/10 14:07:50 Image size of job updated: 193016
	67  -  MemoryUsage of job (MB)
	68048  -  ResidentSetSize of job (KB)
...
005 (498341.000.000) 07/10 14:12:30 Job terminated.
	(1) Normal termination (return value 0)
		Usr 0 00:01:52, Sys 0 00:00:01  -  Run Remote Usage
		Usr 0 00:00:00, Sys 0 00:00:00  -  Run Local Usage
		Usr 0 00:01:52, Sys 0 00:00:01  -  Total Remote Usage
		Usr 0 00:00:00, Sys 0 00:00:00  -  Total Local Usage
	488837  -  Run Bytes Sent By Job
	50793  -  Run Bytes Received By Job
	488837  -  Total Bytes Sent By Job
	50793  -  Total Bytes Received By Job
	Partitionable Resources :    Usage  Request          
	   Cpus                 :                 1          
	   Disk (KB)            :      553      553          
	   Memory (MB)          :       67       67          
...
000 (498523.000.000) 07/10 16:45:15 Job submitted from host: <18.12.1.74:48322>
...
001 (498523.000.000) 07/10 16:45:45 Job executing on host: <18.12.8.146:48906>
...
006 (498523.000.000) 07/10 16:45:54 Image size of job updated: 1
	3  -  MemoryUsage of job (MB)
	2368  -  ResidentSetSize of job (KB)
...
006 (498523.000.000) 07/10 16:47:43 Image size of job updated: 193436
	3  -  MemoryUsage of job (MB)
	2368  -  ResidentSetSize of job (KB)
...
005 (498523.000.000) 07/10 17:27:43 Job terminated.
	(1) Normal termination (return value 0)
		Usr 0 00:01:15, Sys 0 00:00:01  -  Run Remote Usage
		Usr 0 00:00:00, Sys 0 00:00:00  -  Run Local Usage
		Usr 0 00:01:15, Sys 0 00:00:01  -  Total Remote Usage
		Usr 0 00:00:00, Sys 0 00:00:00  -  Total Local Usage
	496880  -  Run Bytes Sent By Job
	52122  -  Run Bytes Received By Job
	496880  -  Total Bytes Sent By Job
	52122  -  Total Bytes Received By Job
	Partitionable Resources :    Usage  Request          
	   Cpus                 :                 1          
	   Disk (KB)            :      562      562          
	   Memory (MB)          :        3        3          
...
