
----------------------------------------------------
Job started on Fri Jul 10 16:49:17 EDT 2015 at WN: t2bat0262.cmsaf.mit.edu 
Job is running on Linux t2bat0262.cmsaf.mit.edu 2.6.32-358.el6.x86_64 #1 SMP Fri Feb 22 20:37:17 CST 2013 x86_64 x86_64 x86_64 GNU/Linux
Filesystem            Size  Used Avail Use% Mounted on
/dev/sda3              20G  3.0G   16G  16% /
tmpfs                  12G     0   12G   0% /dev/shm
/dev/sda1              97M   32M   61M  35% /boot
/dev/sda4             874G   80G  794G  10% /export/data1
/dev/sdb1             1.8T  1.7T  163G  92% /export/00b
/dev/sdc1             1.8T  1.7T  157G  92% /export/00c
/dev/sdd1             1.8T  1.7T  177G  91% /export/00d
/dev/sde1             1.8T  1.7T  171G  91% /export/00e
/dev/sdf1             1.8T  1.7T  159G  92% /export/00f
fuse_dfs              4.9P  4.5P  447T  92% /mnt/hadoop
t2srv0004:/export/db  135G  187M  135G   1% /net/t2srv0004/db
cvmfs2                 98G   78G   20G  80% /cvmfs/cvmfs.cmsaf.mit.edu
cvmfs2                 98G   78G   20G  80% /cvmfs/cms.cern.ch
cvmfs2                 98G   78G   20G  80% /cvmfs/oasis.opensciencegrid.org
cvmfs2                 98G   78G   20G  80% /cvmfs/cdfcfs.fnal.gov
cvmfs2                 98G   78G   20G  80% /cvmfs/grid.cern.ch
cvmfs2                 98G   78G   20G  80% /cvmfs/fermilab.opensciencegrid.org
cvmfs2                 98G   78G   20G  80% /cvmfs/mu2e.opensciencegrid.org
gcc (GCC) 4.4.7 20120313 (Red Hat 4.4.7-3)
Copyright (C) 2010 Free Software Foundation, Inc.
This is free software; see the source for copying conditions.  There is NO
warranty; not even for MERCHANTABILITY or FITNESS FOR A PARTICULAR PURPOSE.

Processing...
0/267572
10000/267572
20000/267572
30000/267572
40000/267572
50000/267572
60000/267572
70000/267572
80000/267572
90000/267572
100000/267572
110000/267572
120000/267572
130000/267572
140000/267572
150000/267572
160000/267572
170000/267572
180000/267572
190000/267572
200000/267572
210000/267572
220000/267572
230000/267572
240000/267572
250000/267572
260000/267572
Macro finished: 
CPU time (min)  = 2.13017
Real time (min) = 2.56821
Done!
Copied output files to hadoop rootfiles/JetRAA/June22
