
----------------------------------------------------
Job started on Fri Jul 10 16:49:17 EDT 2015 at WN: t2bat0181.cmsaf.mit.edu 
Job is running on Linux t2bat0181.cmsaf.mit.edu 2.6.32-358.el6.x86_64 #1 SMP Fri Feb 22 20:37:17 CST 2013 x86_64 x86_64 x86_64 GNU/Linux
Filesystem            Size  Used Avail Use% Mounted on
/dev/sda3              20G  3.0G   16G  16% /
tmpfs                  12G     0   12G   0% /dev/shm
/dev/sda1              97M   32M   61M  35% /boot
/dev/sda4             874G  4.4G  870G   1% /export/data1
/dev/sdb1             1.8T  1.7T  175G  91% /export/00b
/dev/sdc1             1.8T  1.7T  154G  92% /export/00c
/dev/sdd1             1.8T  1.7T  151G  92% /export/00d
/dev/sde1             1.8T  1.7T  184G  91% /export/00e
/dev/sdf1             1.8T  1.7T  162G  92% /export/00f
fuse_dfs              4.9P  4.5P  447T  92% /mnt/hadoop
cvmfs2                 98G  2.8G   95G   3% /cvmfs/cms.cern.ch
t2srv0004:/export/db  135G  187M  135G   1% /net/t2srv0004/db
gcc (GCC) 4.4.7 20120313 (Red Hat 4.4.7-3)
Copyright (C) 2010 Free Software Foundation, Inc.
This is free software; see the source for copying conditions.  There is NO
warranty; not even for MERCHANTABILITY or FITNESS FOR A PARTICULAR PURPOSE.

Processing...
0/274043
10000/274043
20000/274043
30000/274043
40000/274043
50000/274043
60000/274043
70000/274043
80000/274043
90000/274043
100000/274043
110000/274043
120000/274043
130000/274043
140000/274043
150000/274043
160000/274043
170000/274043
180000/274043
190000/274043
200000/274043
210000/274043
220000/274043
230000/274043
240000/274043
250000/274043
260000/274043
270000/274043
Macro finished: 
CPU time (min)  = 1.90867
Real time (min) = 2.28729
Done!
Copied output files to hadoop rootfiles/JetRAA/June22
