000 (428175.000.000) 06/23 17:53:55 Job submitted from host: <18.12.1.74:48322>
...
001 (428175.000.000) 06/23 17:54:21 Job executing on host: <18.12.9.81:45256>
...
006 (428175.000.000) 06/23 17:54:29 Image size of job updated: 1
	3  -  MemoryUsage of job (MB)
	2376  -  ResidentSetSize of job (KB)
...
006 (428175.000.000) 06/23 17:59:29 Image size of job updated: 247428
	130  -  MemoryUsage of job (MB)
	132284  -  ResidentSetSize of job (KB)
...
006 (428175.000.000) 06/23 18:09:31 Image size of job updated: 247836
	130  -  MemoryUsage of job (MB)
	132704  -  ResidentSetSize of job (KB)
...
005 (428175.000.000) 06/23 18:12:40 Job terminated.
	(1) Normal termination (return value 0)
		Usr 0 00:14:02, Sys 0 00:00:05  -  Run Remote Usage
		Usr 0 00:00:00, Sys 0 00:00:00  -  Run Local Usage
		Usr 0 00:14:02, Sys 0 00:00:05  -  Total Remote Usage
		Usr 0 00:00:00, Sys 0 00:00:00  -  Total Local Usage
	411094  -  Run Bytes Sent By Job
	46217  -  Run Bytes Received By Job
	411094  -  Total Bytes Sent By Job
	46217  -  Total Bytes Received By Job
	Partitionable Resources :    Usage  Request          
	   Cpus                 :                 1          
	   Disk (KB)            :      472      472          
	   Memory (MB)          :      130      130          
...
000 (451400.000.000) 06/25 13:03:54 Job submitted from host: <18.12.1.74:48322>
...
001 (451400.000.000) 06/25 13:04:15 Job executing on host: <18.12.9.69:44380>
...
006 (451400.000.000) 06/25 13:04:21 Image size of job updated: 344104
	0  -  MemoryUsage of job (MB)
	0  -  ResidentSetSize of job (KB)
...
005 (451400.000.000) 06/25 13:04:21 Job terminated.
	(1) Normal termination (return value 0)
		Usr 0 00:00:00, Sys 0 00:00:00  -  Run Remote Usage
		Usr 0 00:00:00, Sys 0 00:00:00  -  Run Local Usage
		Usr 0 00:00:00, Sys 0 00:00:00  -  Total Remote Usage
		Usr 0 00:00:00, Sys 0 00:00:00  -  Total Local Usage
	474303  -  Run Bytes Sent By Job
	45684  -  Run Bytes Received By Job
	474303  -  Total Bytes Sent By Job
	45684  -  Total Bytes Received By Job
	Partitionable Resources :    Usage  Request          
	   Cpus                 :                 1          
	   Disk (KB)            :      533      533          
	   Memory (MB)          :        0        0          
...
000 (451459.000.000) 06/25 13:07:34 Job submitted from host: <18.12.1.74:48322>
...
001 (451459.000.000) 06/25 13:07:47 Job executing on host: <18.12.8.215:40876>
...
006 (451459.000.000) 06/25 13:07:55 Image size of job updated: 154708
	44  -  MemoryUsage of job (MB)
	44036  -  ResidentSetSize of job (KB)
...
005 (451459.000.000) 06/25 13:08:02 Job terminated.
	(1) Normal termination (return value 0)
		Usr 0 00:00:00, Sys 0 00:00:00  -  Run Remote Usage
		Usr 0 00:00:00, Sys 0 00:00:00  -  Run Local Usage
		Usr 0 00:00:00, Sys 0 00:00:00  -  Total Remote Usage
		Usr 0 00:00:00, Sys 0 00:00:00  -  Total Local Usage
	479355  -  Run Bytes Sent By Job
	47932  -  Run Bytes Received By Job
	479355  -  Total Bytes Sent By Job
	47932  -  Total Bytes Received By Job
	Partitionable Resources :    Usage  Request          
	   Cpus                 :                 1          
	   Disk (KB)            :      540      540          
	   Memory (MB)          :       44       44          
...
000 (451518.000.000) 06/25 13:18:36 Job submitted from host: <18.12.1.74:48322>
...
001 (451518.000.000) 06/25 13:18:45 Job executing on host: <18.12.12.14:41971>
...
006 (451518.000.000) 06/25 13:18:54 Image size of job updated: 1
	3  -  MemoryUsage of job (MB)
	2356  -  ResidentSetSize of job (KB)
...
006 (451518.000.000) 06/25 13:23:56 Image size of job updated: 250632
	91  -  MemoryUsage of job (MB)
	92640  -  ResidentSetSize of job (KB)
...
006 (451518.000.000) 06/25 13:28:56 Image size of job updated: 251332
	91  -  MemoryUsage of job (MB)
	92640  -  ResidentSetSize of job (KB)
...
005 (451518.000.000) 06/25 13:37:09 Job terminated.
	(1) Normal termination (return value 0)
		Usr 0 00:14:42, Sys 0 00:00:04  -  Run Remote Usage
		Usr 0 00:00:00, Sys 0 00:00:00  -  Run Local Usage
		Usr 0 00:14:42, Sys 0 00:00:04  -  Total Remote Usage
		Usr 0 00:00:00, Sys 0 00:00:00  -  Total Local Usage
	473502  -  Run Bytes Sent By Job
	45681  -  Run Bytes Received By Job
	473502  -  Total Bytes Sent By Job
	45681  -  Total Bytes Received By Job
	Partitionable Resources :    Usage  Request          
	   Cpus                 :                 1          
	   Disk (KB)            :      533      533          
	   Memory (MB)          :       91       91          
...
000 (451679.000.000) 06/25 21:34:33 Job submitted from host: <18.12.1.74:48322>
...
001 (451679.000.000) 06/25 21:34:40 Job executing on host: <18.12.9.49:44526>
...
006 (451679.000.000) 06/25 21:34:49 Image size of job updated: 154708
	40  -  MemoryUsage of job (MB)
	40552  -  ResidentSetSize of job (KB)
...
006 (451679.000.000) 06/25 21:39:50 Image size of job updated: 251336
	90  -  MemoryUsage of job (MB)
	91700  -  ResidentSetSize of job (KB)
...
005 (451679.000.000) 06/25 21:49:52 Job terminated.
	(1) Normal termination (return value 0)
		Usr 0 00:13:32, Sys 0 00:00:05  -  Run Remote Usage
		Usr 0 00:00:00, Sys 0 00:00:00  -  Run Local Usage
		Usr 0 00:13:32, Sys 0 00:00:05  -  Total Remote Usage
		Usr 0 00:00:00, Sys 0 00:00:00  -  Total Local Usage
	482538  -  Run Bytes Sent By Job
	48163  -  Run Bytes Received By Job
	482538  -  Total Bytes Sent By Job
	48163  -  Total Bytes Received By Job
	Partitionable Resources :    Usage  Request          
	   Cpus                 :                 1          
	   Disk (KB)            :      544      544          
	   Memory (MB)          :       90       90          
...
000 (452357.000.000) 06/26 11:24:31 Job submitted from host: <18.12.1.74:48322>
...
001 (452357.000.000) 06/26 11:25:07 Job executing on host: <18.12.8.239:41022>
...
006 (452357.000.000) 06/26 11:25:15 Image size of job updated: 1
	3  -  MemoryUsage of job (MB)
	2356  -  ResidentSetSize of job (KB)
...
006 (452357.000.000) 06/26 11:30:15 Image size of job updated: 250636
	85  -  MemoryUsage of job (MB)
	86864  -  ResidentSetSize of job (KB)
...
006 (452357.000.000) 06/26 11:35:16 Image size of job updated: 251336
	85  -  MemoryUsage of job (MB)
	86864  -  ResidentSetSize of job (KB)
...
005 (452357.000.000) 06/26 11:48:17 Job terminated.
	(1) Normal termination (return value 0)
		Usr 0 00:18:19, Sys 0 00:00:06  -  Run Remote Usage
		Usr 0 00:00:00, Sys 0 00:00:00  -  Run Local Usage
		Usr 0 00:18:19, Sys 0 00:00:06  -  Total Remote Usage
		Usr 0 00:00:00, Sys 0 00:00:00  -  Total Local Usage
	482341  -  Run Bytes Sent By Job
	48164  -  Run Bytes Received By Job
	482341  -  Total Bytes Sent By Job
	48164  -  Total Bytes Received By Job
	Partitionable Resources :    Usage  Request          
	   Cpus                 :                 1          
	   Disk (KB)            :      544      544          
	   Memory (MB)          :       85       85          
...
000 (456144.000.000) 06/26 11:56:08 Job submitted from host: <18.12.1.74:48322>
...
001 (456144.000.000) 06/26 11:56:38 Job executing on host: <18.12.8.253:49636>
...
006 (456144.000.000) 06/26 11:56:47 Image size of job updated: 148276
	33  -  MemoryUsage of job (MB)
	33464  -  ResidentSetSize of job (KB)
...
006 (456144.000.000) 06/26 12:01:48 Image size of job updated: 250620
	83  -  MemoryUsage of job (MB)
	84832  -  ResidentSetSize of job (KB)
...
006 (456144.000.000) 06/26 12:06:48 Image size of job updated: 251320
	83  -  MemoryUsage of job (MB)
	84832  -  ResidentSetSize of job (KB)
...
005 (456144.000.000) 06/26 12:07:01 Job terminated.
	(1) Normal termination (return value 0)
		Usr 0 00:09:10, Sys 0 00:00:03  -  Run Remote Usage
		Usr 0 00:00:00, Sys 0 00:00:00  -  Run Local Usage
		Usr 0 00:09:10, Sys 0 00:00:03  -  Total Remote Usage
		Usr 0 00:00:00, Sys 0 00:00:00  -  Total Local Usage
	480373  -  Run Bytes Sent By Job
	48164  -  Run Bytes Received By Job
	480373  -  Total Bytes Sent By Job
	48164  -  Total Bytes Received By Job
	Partitionable Resources :    Usage  Request          
	   Cpus                 :                 1          
	   Disk (KB)            :      542      542          
	   Memory (MB)          :       83       83          
...
000 (472576.000.000) 06/26 14:30:31 Job submitted from host: <18.12.1.74:48322>
...
001 (472576.000.000) 06/26 14:30:54 Job executing on host: <18.12.12.7:46716>
...
006 (472576.000.000) 06/26 14:31:03 Image size of job updated: 1
	3  -  MemoryUsage of job (MB)
	2356  -  ResidentSetSize of job (KB)
...
006 (472576.000.000) 06/26 14:36:04 Image size of job updated: 313600
	150  -  MemoryUsage of job (MB)
	152640  -  ResidentSetSize of job (KB)
...
005 (472576.000.000) 06/26 14:39:48 Job terminated.
	(1) Normal termination (return value 0)
		Usr 0 00:07:33, Sys 0 00:00:02  -  Run Remote Usage
		Usr 0 00:00:00, Sys 0 00:00:00  -  Run Local Usage
		Usr 0 00:07:33, Sys 0 00:00:02  -  Total Remote Usage
		Usr 0 00:00:00, Sys 0 00:00:00  -  Total Local Usage
	481166  -  Run Bytes Sent By Job
	48486  -  Run Bytes Received By Job
	481166  -  Total Bytes Sent By Job
	48486  -  Total Bytes Received By Job
	Partitionable Resources :    Usage  Request          
	   Cpus                 :                 1          
	   Disk (KB)            :      543      543          
	   Memory (MB)          :      150      150          
...
000 (472702.000.000) 06/26 15:12:47 Job submitted from host: <18.12.1.74:48322>
...
001 (472702.000.000) 06/26 15:13:19 Job executing on host: <18.12.9.51:49855>
...
006 (472702.000.000) 06/26 15:13:28 Image size of job updated: 247684
	78  -  MemoryUsage of job (MB)
	79556  -  ResidentSetSize of job (KB)
...
006 (472702.000.000) 06/26 15:18:29 Image size of job updated: 313600
	158  -  MemoryUsage of job (MB)
	161188  -  ResidentSetSize of job (KB)
...
005 (472702.000.000) 06/26 15:21:33 Job terminated.
	(1) Normal termination (return value 0)
		Usr 0 00:06:32, Sys 0 00:00:05  -  Run Remote Usage
		Usr 0 00:00:00, Sys 0 00:00:00  -  Run Local Usage
		Usr 0 00:06:32, Sys 0 00:00:05  -  Total Remote Usage
		Usr 0 00:00:00, Sys 0 00:00:00  -  Total Local Usage
	481253  -  Run Bytes Sent By Job
	48521  -  Run Bytes Received By Job
	481253  -  Total Bytes Sent By Job
	48521  -  Total Bytes Received By Job
	Partitionable Resources :    Usage  Request          
	   Cpus                 :                 1          
	   Disk (KB)            :      543      543          
	   Memory (MB)          :      158      158          
...
000 (472910.000.000) 06/26 16:40:27 Job submitted from host: <18.12.1.74:48322>
...
001 (472910.000.000) 06/26 16:40:39 Job executing on host: <18.12.9.14:42117>
...
006 (472910.000.000) 06/26 16:40:48 Image size of job updated: 247688
	77  -  MemoryUsage of job (MB)
	78824  -  ResidentSetSize of job (KB)
...
006 (472910.000.000) 06/26 16:45:49 Image size of job updated: 313344
	145  -  MemoryUsage of job (MB)
	148048  -  ResidentSetSize of job (KB)
...
005 (472910.000.000) 06/26 16:50:45 Job terminated.
	(1) Normal termination (return value 0)
		Usr 0 00:08:59, Sys 0 00:00:03  -  Run Remote Usage
		Usr 0 00:00:00, Sys 0 00:00:00  -  Run Local Usage
		Usr 0 00:08:59, Sys 0 00:00:03  -  Total Remote Usage
		Usr 0 00:00:00, Sys 0 00:00:00  -  Total Local Usage
	481741  -  Run Bytes Sent By Job
	48948  -  Run Bytes Received By Job
	481741  -  Total Bytes Sent By Job
	48948  -  Total Bytes Received By Job
	Partitionable Resources :    Usage  Request          
	   Cpus                 :                 1          
	   Disk (KB)            :      544      544          
	   Memory (MB)          :      145      145          
...
000 (492261.000.000) 06/29 10:00:38 Job submitted from host: <18.12.1.74:48322>
...
001 (492261.000.000) 06/29 10:00:49 Job executing on host: <18.12.8.187:47884>
...
006 (492261.000.000) 06/29 10:00:58 Image size of job updated: 122284
	21  -  MemoryUsage of job (MB)
	21140  -  ResidentSetSize of job (KB)
...
006 (492261.000.000) 06/29 10:05:59 Image size of job updated: 313640
	147  -  MemoryUsage of job (MB)
	150412  -  ResidentSetSize of job (KB)
...
006 (492261.000.000) 06/29 10:11:00 Image size of job updated: 313640
	175  -  MemoryUsage of job (MB)
	178316  -  ResidentSetSize of job (KB)
...
005 (492261.000.000) 06/29 10:12:37 Job terminated.
	(1) Normal termination (return value 0)
		Usr 0 00:09:22, Sys 0 00:00:05  -  Run Remote Usage
		Usr 0 00:00:00, Sys 0 00:00:00  -  Run Local Usage
		Usr 0 00:09:22, Sys 0 00:00:05  -  Total Remote Usage
		Usr 0 00:00:00, Sys 0 00:00:00  -  Total Local Usage
	482180  -  Run Bytes Sent By Job
	49114  -  Run Bytes Received By Job
	482180  -  Total Bytes Sent By Job
	49114  -  Total Bytes Received By Job
	Partitionable Resources :    Usage  Request          
	   Cpus                 :                 1          
	   Disk (KB)            :      544      544          
	   Memory (MB)          :      175      175          
...
000 (493158.000.000) 06/29 11:50:42 Job submitted from host: <18.12.1.74:48322>
...
001 (493158.000.000) 06/29 11:51:31 Job executing on host: <18.12.9.72:42336>
...
006 (493158.000.000) 06/29 11:51:39 Image size of job updated: 1
	3  -  MemoryUsage of job (MB)
	2380  -  ResidentSetSize of job (KB)
...
006 (493158.000.000) 06/29 11:56:39 Image size of job updated: 253212
	89  -  MemoryUsage of job (MB)
	90304  -  ResidentSetSize of job (KB)
...
005 (493158.000.000) 06/29 11:59:00 Job terminated.
	(1) Normal termination (return value 0)
		Usr 0 00:06:22, Sys 0 00:00:02  -  Run Remote Usage
		Usr 0 00:00:00, Sys 0 00:00:00  -  Run Local Usage
		Usr 0 00:06:22, Sys 0 00:00:02  -  Total Remote Usage
		Usr 0 00:00:00, Sys 0 00:00:00  -  Total Local Usage
	482853  -  Run Bytes Sent By Job
	49359  -  Run Bytes Received By Job
	482853  -  Total Bytes Sent By Job
	49359  -  Total Bytes Received By Job
	Partitionable Resources :    Usage  Request          
	   Cpus                 :                 1          
	   Disk (KB)            :      545      545          
	   Memory (MB)          :       89       89          
...
000 (493278.000.000) 06/29 12:56:29 Job submitted from host: <18.12.1.74:48322>
...
001 (493278.000.000) 06/29 12:57:01 Job executing on host: <18.12.8.109:44599>
...
006 (493278.000.000) 06/29 12:57:09 Image size of job updated: 93704
	3  -  MemoryUsage of job (MB)
	2432  -  ResidentSetSize of job (KB)
...
006 (493278.000.000) 06/29 13:02:09 Image size of job updated: 253216
	87  -  MemoryUsage of job (MB)
	88296  -  ResidentSetSize of job (KB)
...
005 (493278.000.000) 06/29 13:04:08 Job terminated.
	(1) Normal termination (return value 0)
		Usr 0 00:05:44, Sys 0 00:00:05  -  Run Remote Usage
		Usr 0 00:00:00, Sys 0 00:00:00  -  Run Local Usage
		Usr 0 00:05:44, Sys 0 00:00:05  -  Total Remote Usage
		Usr 0 00:00:00, Sys 0 00:00:00  -  Total Local Usage
	482791  -  Run Bytes Sent By Job
	49363  -  Run Bytes Received By Job
	482791  -  Total Bytes Sent By Job
	49363  -  Total Bytes Received By Job
	Partitionable Resources :    Usage  Request          
	   Cpus                 :                 1          
	   Disk (KB)            :      545      545          
	   Memory (MB)          :       87       87          
...
000 (493421.000.000) 06/29 13:37:16 Job submitted from host: <18.12.1.74:48322>
...
001 (493421.000.000) 06/29 13:37:54 Job executing on host: <18.12.8.69:45402>
...
006 (493421.000.000) 06/29 13:38:02 Image size of job updated: 68784
	13  -  MemoryUsage of job (MB)
	12932  -  ResidentSetSize of job (KB)
...
006 (493421.000.000) 06/29 13:43:02 Image size of job updated: 253604
	86  -  MemoryUsage of job (MB)
	88036  -  ResidentSetSize of job (KB)
...
005 (493421.000.000) 06/29 13:46:49 Job terminated.
	(1) Normal termination (return value 0)
		Usr 0 00:07:41, Sys 0 00:00:05  -  Run Remote Usage
		Usr 0 00:00:00, Sys 0 00:00:00  -  Run Local Usage
		Usr 0 00:07:41, Sys 0 00:00:05  -  Total Remote Usage
		Usr 0 00:00:00, Sys 0 00:00:00  -  Total Local Usage
	482713  -  Run Bytes Sent By Job
	49355  -  Run Bytes Received By Job
	482713  -  Total Bytes Sent By Job
	49355  -  Total Bytes Received By Job
	Partitionable Resources :    Usage  Request          
	   Cpus                 :                 1          
	   Disk (KB)            :      545      545          
	   Memory (MB)          :       86       86          
...
000 (493565.000.000) 06/29 15:03:12 Job submitted from host: <18.12.1.74:48322>
...
001 (493565.000.000) 06/29 15:03:40 Job executing on host: <18.12.8.137:47081>
...
006 (493565.000.000) 06/29 15:03:49 Image size of job updated: 193308
	73  -  MemoryUsage of job (MB)
	74492  -  ResidentSetSize of job (KB)
...
006 (493565.000.000) 06/29 15:04:52 Image size of job updated: 193440
	73  -  MemoryUsage of job (MB)
	74492  -  ResidentSetSize of job (KB)
...
004 (493565.000.000) 06/29 15:04:52 Job was evicted.
	(0) Job was not checkpointed.
		Usr 0 00:00:59, Sys 0 00:00:01  -  Run Remote Usage
		Usr 0 00:00:00, Sys 0 00:00:00  -  Run Local Usage
	0  -  Run Bytes Sent By Job
	49355  -  Run Bytes Received By Job
	Partitionable Resources :    Usage  Request          
	   Cpus                 :                 1          
	   Disk (KB)            :      544      544          
	   Memory (MB)          :       73       73          
...
009 (493565.000.000) 06/29 15:04:59 Job was aborted by the user.
	via condor_rm (by user rkunnawa)
...
000 (493682.000.000) 06/29 15:05:28 Job submitted from host: <18.12.1.74:48322>
...
001 (493682.000.000) 06/29 15:05:39 Job executing on host: <18.12.6.68:41606>
...
006 (493682.000.000) 06/29 15:05:48 Image size of job updated: 150020
	35  -  MemoryUsage of job (MB)
	34876  -  ResidentSetSize of job (KB)
...
000 (493799.000.000) 06/29 15:06:10 Job submitted from host: <18.12.1.74:48322>
...
001 (493799.000.000) 06/29 15:06:22 Job executing on host: <18.12.8.158:49636>
...
006 (493799.000.000) 06/29 15:06:31 Image size of job updated: 150020
	35  -  MemoryUsage of job (MB)
	35800  -  ResidentSetSize of job (KB)
...
006 (493682.000.000) 06/29 15:10:49 Image size of job updated: 252904
	75  -  MemoryUsage of job (MB)
	76520  -  ResidentSetSize of job (KB)
...
006 (493799.000.000) 06/29 15:11:32 Image size of job updated: 252900
	82  -  MemoryUsage of job (MB)
	83264  -  ResidentSetSize of job (KB)
...
006 (493682.000.000) 06/29 15:15:49 Image size of job updated: 253608
	75  -  MemoryUsage of job (MB)
	76520  -  ResidentSetSize of job (KB)
...
006 (493799.000.000) 06/29 15:16:32 Image size of job updated: 253600
	83  -  MemoryUsage of job (MB)
	84288  -  ResidentSetSize of job (KB)
...
005 (493682.000.000) 06/29 15:17:22 Job terminated.
	(1) Normal termination (return value 0)
		Usr 0 00:08:44, Sys 0 00:00:02  -  Run Remote Usage
		Usr 0 00:00:00, Sys 0 00:00:00  -  Run Local Usage
		Usr 0 00:08:44, Sys 0 00:00:02  -  Total Remote Usage
		Usr 0 00:00:00, Sys 0 00:00:00  -  Total Local Usage
	482792  -  Run Bytes Sent By Job
	49355  -  Run Bytes Received By Job
	482792  -  Total Bytes Sent By Job
	49355  -  Total Bytes Received By Job
	Partitionable Resources :    Usage  Request          
	   Cpus                 :                 1          
	   Disk (KB)            :      545      545          
	   Memory (MB)          :       75       75          
...
005 (493799.000.000) 06/29 15:21:24 Job terminated.
	(1) Normal termination (return value 0)
		Usr 0 00:07:43, Sys 0 00:00:03  -  Run Remote Usage
		Usr 0 00:00:00, Sys 0 00:00:00  -  Run Local Usage
		Usr 0 00:07:43, Sys 0 00:00:03  -  Total Remote Usage
		Usr 0 00:00:00, Sys 0 00:00:00  -  Total Local Usage
	482792  -  Run Bytes Sent By Job
	49356  -  Run Bytes Received By Job
	482792  -  Total Bytes Sent By Job
	49356  -  Total Bytes Received By Job
	Partitionable Resources :    Usage  Request          
	   Cpus                 :                 1          
	   Disk (KB)            :      545      545          
	   Memory (MB)          :       83       83          
...
000 (494618.000.000) 06/29 21:50:02 Job submitted from host: <18.12.1.74:48322>
...
001 (494618.000.000) 06/29 21:50:35 Job executing on host: <18.12.9.76:47884>
...
006 (494618.000.000) 06/29 21:50:44 Image size of job updated: 193476
	65  -  MemoryUsage of job (MB)
	66336  -  ResidentSetSize of job (KB)
...
006 (494618.000.000) 06/29 21:55:45 Image size of job updated: 253776
	74  -  MemoryUsage of job (MB)
	75332  -  ResidentSetSize of job (KB)
...
005 (494618.000.000) 06/29 21:58:58 Job terminated.
	(1) Normal termination (return value 0)
		Usr 0 00:07:14, Sys 0 00:00:04  -  Run Remote Usage
		Usr 0 00:00:00, Sys 0 00:00:00  -  Run Local Usage
		Usr 0 00:07:14, Sys 0 00:00:04  -  Total Remote Usage
		Usr 0 00:00:00, Sys 0 00:00:00  -  Total Local Usage
	483486  -  Run Bytes Sent By Job
	49495  -  Run Bytes Received By Job
	483486  -  Total Bytes Sent By Job
	49495  -  Total Bytes Received By Job
	Partitionable Resources :    Usage  Request          
	   Cpus                 :                 1          
	   Disk (KB)            :      546      546          
	   Memory (MB)          :       74       74          
...
000 (496533.000.000) 07/07 14:54:14 Job submitted from host: <18.12.1.74:48322>
...
001 (496533.000.000) 07/07 14:54:35 Job executing on host: <18.12.9.78:45840>
...
006 (496533.000.000) 07/07 14:54:43 Image size of job updated: 193812
	76  -  MemoryUsage of job (MB)
	77624  -  ResidentSetSize of job (KB)
...
006 (496533.000.000) 07/07 14:59:43 Image size of job updated: 253980
	90  -  MemoryUsage of job (MB)
	91836  -  ResidentSetSize of job (KB)
...
005 (496533.000.000) 07/07 15:03:08 Job terminated.
	(1) Normal termination (return value 0)
		Usr 0 00:07:26, Sys 0 00:00:04  -  Run Remote Usage
		Usr 0 00:00:00, Sys 0 00:00:00  -  Run Local Usage
		Usr 0 00:07:26, Sys 0 00:00:04  -  Total Remote Usage
		Usr 0 00:00:00, Sys 0 00:00:00  -  Total Local Usage
	489872  -  Run Bytes Sent By Job
	50562  -  Run Bytes Received By Job
	489872  -  Total Bytes Sent By Job
	50562  -  Total Bytes Received By Job
	Partitionable Resources :    Usage  Request          
	   Cpus                 :                 1          
	   Disk (KB)            :      553      553          
	   Memory (MB)          :       90       90          
...
000 (496769.000.000) 07/07 17:00:58 Job submitted from host: <18.12.1.74:48322>
...
001 (496769.000.000) 07/07 17:01:28 Job executing on host: <18.12.9.66:47884>
...
006 (496769.000.000) 07/07 17:01:36 Image size of job updated: 1
	3  -  MemoryUsage of job (MB)
	2360  -  ResidentSetSize of job (KB)
...
006 (496769.000.000) 07/07 17:06:36 Image size of job updated: 253588
	77  -  MemoryUsage of job (MB)
	78660  -  ResidentSetSize of job (KB)
...
005 (496769.000.000) 07/07 17:09:42 Job terminated.
	(1) Normal termination (return value 0)
		Usr 0 00:07:05, Sys 0 00:00:03  -  Run Remote Usage
		Usr 0 00:00:00, Sys 0 00:00:00  -  Run Local Usage
		Usr 0 00:07:05, Sys 0 00:00:03  -  Total Remote Usage
		Usr 0 00:00:00, Sys 0 00:00:00  -  Total Local Usage
	489800  -  Run Bytes Sent By Job
	50642  -  Run Bytes Received By Job
	489800  -  Total Bytes Sent By Job
	50642  -  Total Bytes Received By Job
	Partitionable Resources :    Usage  Request          
	   Cpus                 :                 1          
	   Disk (KB)            :      553      553          
	   Memory (MB)          :       77       77          
...
000 (497149.000.000) 07/09 11:22:03 Job submitted from host: <18.12.1.74:48322>
...
001 (497149.000.000) 07/09 11:22:42 Job executing on host: <18.12.9.35:43869>
...
006 (497149.000.000) 07/09 11:22:51 Image size of job updated: 9560
	2  -  MemoryUsage of job (MB)
	1424  -  ResidentSetSize of job (KB)
...
006 (497149.000.000) 07/09 11:27:52 Image size of job updated: 193816
	73  -  MemoryUsage of job (MB)
	74504  -  ResidentSetSize of job (KB)
...
006 (497149.000.000) 07/09 11:32:53 Image size of job updated: 193816
	74  -  MemoryUsage of job (MB)
	74932  -  ResidentSetSize of job (KB)
...
006 (497149.000.000) 07/09 11:37:53 Image size of job updated: 253288
	87  -  MemoryUsage of job (MB)
	88976  -  ResidentSetSize of job (KB)
...
006 (497149.000.000) 07/09 11:42:54 Image size of job updated: 253288
	94  -  MemoryUsage of job (MB)
	95440  -  ResidentSetSize of job (KB)
...
006 (497149.000.000) 07/09 11:47:55 Image size of job updated: 254380
	94  -  MemoryUsage of job (MB)
	95440  -  ResidentSetSize of job (KB)
...
005 (497149.000.000) 07/09 12:01:04 Job terminated.
	(1) Normal termination (return value 0)
		Usr 0 00:08:25, Sys 0 00:00:05  -  Run Remote Usage
		Usr 0 00:00:00, Sys 0 00:00:00  -  Run Local Usage
		Usr 0 00:08:25, Sys 0 00:00:05  -  Total Remote Usage
		Usr 0 00:00:00, Sys 0 00:00:00  -  Total Local Usage
	490234  -  Run Bytes Sent By Job
	50700  -  Run Bytes Received By Job
	490234  -  Total Bytes Sent By Job
	50700  -  Total Bytes Received By Job
	Partitionable Resources :    Usage  Request          
	   Cpus                 :                 1          
	   Disk (KB)            :      554      554          
	   Memory (MB)          :       94       94          
...
000 (497655.000.000) 07/09 15:43:11 Job submitted from host: <18.12.1.74:48322>
...
001 (497655.000.000) 07/09 15:43:47 Job executing on host: <18.12.6.41:43650>
...
006 (497655.000.000) 07/09 15:43:55 Image size of job updated: 1
	3  -  MemoryUsage of job (MB)
	2372  -  ResidentSetSize of job (KB)
...
006 (497655.000.000) 07/09 15:48:55 Image size of job updated: 253280
	89  -  MemoryUsage of job (MB)
	90892  -  ResidentSetSize of job (KB)
...
006 (497655.000.000) 07/09 15:53:56 Image size of job updated: 253984
	89  -  MemoryUsage of job (MB)
	90892  -  ResidentSetSize of job (KB)
...
005 (497655.000.000) 07/09 15:54:25 Job terminated.
	(1) Normal termination (return value 0)
		Usr 0 00:09:33, Sys 0 00:00:03  -  Run Remote Usage
		Usr 0 00:00:00, Sys 0 00:00:00  -  Run Local Usage
		Usr 0 00:09:33, Sys 0 00:00:03  -  Total Remote Usage
		Usr 0 00:00:00, Sys 0 00:00:00  -  Total Local Usage
	489755  -  Run Bytes Sent By Job
	50706  -  Run Bytes Received By Job
	489755  -  Total Bytes Sent By Job
	50706  -  Total Bytes Received By Job
	Partitionable Resources :    Usage  Request          
	   Cpus                 :                 1          
	   Disk (KB)            :      554      554          
	   Memory (MB)          :       89       89          
...
000 (497980.000.000) 07/09 16:40:17 Job submitted from host: <18.12.1.74:48322>
...
001 (497980.000.000) 07/09 16:40:42 Job executing on host: <18.12.8.150:43869>
...
006 (497980.000.000) 07/09 16:40:51 Image size of job updated: 1
	3  -  MemoryUsage of job (MB)
	2352  -  ResidentSetSize of job (KB)
...
006 (497980.000.000) 07/09 16:45:52 Image size of job updated: 253280
	85  -  MemoryUsage of job (MB)
	86464  -  ResidentSetSize of job (KB)
...
006 (497980.000.000) 07/09 16:50:53 Image size of job updated: 253980
	85  -  MemoryUsage of job (MB)
	86464  -  ResidentSetSize of job (KB)
...
005 (497980.000.000) 07/09 16:52:35 Job terminated.
	(1) Normal termination (return value 0)
		Usr 0 00:10:04, Sys 0 00:00:05  -  Run Remote Usage
		Usr 0 00:00:00, Sys 0 00:00:00  -  Run Local Usage
		Usr 0 00:10:04, Sys 0 00:00:05  -  Total Remote Usage
		Usr 0 00:00:00, Sys 0 00:00:00  -  Total Local Usage
	489886  -  Run Bytes Sent By Job
	50713  -  Run Bytes Received By Job
	489886  -  Total Bytes Sent By Job
	50713  -  Total Bytes Received By Job
	Partitionable Resources :    Usage  Request          
	   Cpus                 :                 1          
	   Disk (KB)            :      554      554          
	   Memory (MB)          :       85       85          
...
000 (498295.000.000) 07/10 12:07:56 Job submitted from host: <18.12.1.74:48322>
...
001 (498295.000.000) 07/10 12:08:11 Job executing on host: <18.12.9.41:45256>
...
006 (498295.000.000) 07/10 12:08:20 Image size of job updated: 1
	3  -  MemoryUsage of job (MB)
	2364  -  ResidentSetSize of job (KB)
...
006 (498295.000.000) 07/10 12:13:21 Image size of job updated: 253276
	75  -  MemoryUsage of job (MB)
	76036  -  ResidentSetSize of job (KB)
...
006 (498295.000.000) 07/10 12:18:17 Image size of job updated: 253976
	75  -  MemoryUsage of job (MB)
	76036  -  ResidentSetSize of job (KB)
...
005 (498295.000.000) 07/10 12:18:17 Job terminated.
	(1) Normal termination (return value 0)
		Usr 0 00:07:38, Sys 0 00:00:08  -  Run Remote Usage
		Usr 0 00:00:00, Sys 0 00:00:00  -  Run Local Usage
		Usr 0 00:07:38, Sys 0 00:00:08  -  Total Remote Usage
		Usr 0 00:00:00, Sys 0 00:00:00  -  Total Local Usage
	490077  -  Run Bytes Sent By Job
	50718  -  Run Bytes Received By Job
	490077  -  Total Bytes Sent By Job
	50718  -  Total Bytes Received By Job
	Partitionable Resources :    Usage  Request          
	   Cpus                 :                 1          
	   Disk (KB)            :      553      553          
	   Memory (MB)          :       75       75          
...
000 (498423.000.000) 07/10 14:02:40 Job submitted from host: <18.12.1.74:48322>
...
001 (498423.000.000) 07/10 14:13:05 Job executing on host: <18.12.9.25:41752>
...
006 (498423.000.000) 07/10 14:13:13 Image size of job updated: 97900
	3  -  MemoryUsage of job (MB)
	2452  -  ResidentSetSize of job (KB)
...
006 (498423.000.000) 07/10 14:18:13 Image size of job updated: 193820
	79  -  MemoryUsage of job (MB)
	79884  -  ResidentSetSize of job (KB)
...
006 (498423.000.000) 07/10 14:23:13 Image size of job updated: 253988
	87  -  MemoryUsage of job (MB)
	88460  -  ResidentSetSize of job (KB)
...
005 (498423.000.000) 07/10 14:31:01 Job terminated.
	(1) Normal termination (return value 0)
		Usr 0 00:07:09, Sys 0 00:00:04  -  Run Remote Usage
		Usr 0 00:00:00, Sys 0 00:00:00  -  Run Local Usage
		Usr 0 00:07:09, Sys 0 00:00:04  -  Total Remote Usage
		Usr 0 00:00:00, Sys 0 00:00:00  -  Total Local Usage
	490161  -  Run Bytes Sent By Job
	50793  -  Run Bytes Received By Job
	490161  -  Total Bytes Sent By Job
	50793  -  Total Bytes Received By Job
	Partitionable Resources :    Usage  Request          
	   Cpus                 :                 1          
	   Disk (KB)            :      554      554          
	   Memory (MB)          :       87       87          
...
000 (498687.000.000) 07/10 16:45:29 Job submitted from host: <18.12.1.74:48322>
...
001 (498687.000.000) 07/10 16:52:15 Job executing on host: <18.12.9.15:44891>
...
006 (498687.000.000) 07/10 16:52:23 Image size of job updated: 13384
	2  -  MemoryUsage of job (MB)
	1272  -  ResidentSetSize of job (KB)
...
006 (498687.000.000) 07/10 16:57:23 Image size of job updated: 253984
	74  -  MemoryUsage of job (MB)
	75608  -  ResidentSetSize of job (KB)
...
005 (498687.000.000) 07/10 17:32:48 Job terminated.
	(1) Normal termination (return value 0)
		Usr 0 00:07:40, Sys 0 00:00:02  -  Run Remote Usage
		Usr 0 00:00:00, Sys 0 00:00:00  -  Run Local Usage
		Usr 0 00:07:40, Sys 0 00:00:02  -  Total Remote Usage
		Usr 0 00:00:00, Sys 0 00:00:00  -  Total Local Usage
	498133  -  Run Bytes Sent By Job
	52122  -  Run Bytes Received By Job
	498133  -  Total Bytes Sent By Job
	52122  -  Total Bytes Received By Job
	Partitionable Resources :    Usage  Request          
	   Cpus                 :                 1          
	   Disk (KB)            :      563      563          
	   Memory (MB)          :       74       74          
...
