000 (428152.000.000) 06/23 17:53:53 Job submitted from host: <18.12.1.74:48322>
...
001 (428152.000.000) 06/23 17:54:15 Job executing on host: <18.12.9.54:46570>
...
006 (428152.000.000) 06/23 17:54:24 Image size of job updated: 155696
	41  -  MemoryUsage of job (MB)
	41540  -  ResidentSetSize of job (KB)
...
006 (428152.000.000) 06/23 17:59:25 Image size of job updated: 247972
	126  -  MemoryUsage of job (MB)
	128080  -  ResidentSetSize of job (KB)
...
006 (428152.000.000) 06/23 18:09:25 Image size of job updated: 248504
	126  -  MemoryUsage of job (MB)
	128080  -  ResidentSetSize of job (KB)
...
005 (428152.000.000) 06/23 18:09:41 Job terminated.
	(1) Normal termination (return value 0)
		Usr 0 00:11:35, Sys 0 00:00:06  -  Run Remote Usage
		Usr 0 00:00:00, Sys 0 00:00:00  -  Run Local Usage
		Usr 0 00:11:35, Sys 0 00:00:06  -  Total Remote Usage
		Usr 0 00:00:00, Sys 0 00:00:00  -  Total Local Usage
	409972  -  Run Bytes Sent By Job
	46217  -  Run Bytes Received By Job
	409972  -  Total Bytes Sent By Job
	46217  -  Total Bytes Received By Job
	Partitionable Resources :    Usage  Request          
	   Cpus                 :                 1          
	   Disk (KB)            :      746      746          
	   Memory (MB)          :      126      126          
...
000 (451377.000.000) 06/25 13:03:51 Job submitted from host: <18.12.1.74:48322>
...
001 (451377.000.000) 06/25 13:04:10 Job executing on host: <18.12.8.239:41022>
...
006 (451377.000.000) 06/25 13:04:19 Image size of job updated: 155660
	44  -  MemoryUsage of job (MB)
	44948  -  ResidentSetSize of job (KB)
...
005 (451377.000.000) 06/25 13:04:25 Job terminated.
	(1) Normal termination (return value 0)
		Usr 0 00:00:00, Sys 0 00:00:00  -  Run Remote Usage
		Usr 0 00:00:00, Sys 0 00:00:00  -  Run Local Usage
		Usr 0 00:00:00, Sys 0 00:00:00  -  Total Remote Usage
		Usr 0 00:00:00, Sys 0 00:00:00  -  Total Local Usage
	474454  -  Run Bytes Sent By Job
	45684  -  Run Bytes Received By Job
	474454  -  Total Bytes Sent By Job
	45684  -  Total Bytes Received By Job
	Partitionable Resources :    Usage  Request          
	   Cpus                 :                 1          
	   Disk (KB)            :      533      533          
	   Memory (MB)          :       44       44          
...
000 (451436.000.000) 06/25 13:07:32 Job submitted from host: <18.12.1.74:48322>
...
001 (451436.000.000) 06/25 13:07:42 Job executing on host: <18.12.9.54:46570>
...
006 (451436.000.000) 06/25 13:07:51 Image size of job updated: 1
	3  -  MemoryUsage of job (MB)
	2356  -  ResidentSetSize of job (KB)
...
006 (451436.000.000) 06/25 13:07:56 Image size of job updated: 191108
	3  -  MemoryUsage of job (MB)
	2356  -  ResidentSetSize of job (KB)
...
005 (451436.000.000) 06/25 13:07:56 Job terminated.
	(1) Normal termination (return value 0)
		Usr 0 00:00:00, Sys 0 00:00:00  -  Run Remote Usage
		Usr 0 00:00:00, Sys 0 00:00:00  -  Run Local Usage
		Usr 0 00:00:00, Sys 0 00:00:00  -  Total Remote Usage
		Usr 0 00:00:00, Sys 0 00:00:00  -  Total Local Usage
	479266  -  Run Bytes Sent By Job
	47932  -  Run Bytes Received By Job
	479266  -  Total Bytes Sent By Job
	47932  -  Total Bytes Received By Job
	Partitionable Resources :    Usage  Request          
	   Cpus                 :                 1          
	   Disk (KB)            :      540      540          
	   Memory (MB)          :        3        3          
...
000 (451495.000.000) 06/25 13:18:34 Job submitted from host: <18.12.1.74:48322>
...
001 (451495.000.000) 06/25 13:18:48 Job executing on host: <18.12.8.195:46059>
...
006 (451495.000.000) 06/25 13:18:56 Image size of job updated: 155656
	45  -  MemoryUsage of job (MB)
	45320  -  ResidentSetSize of job (KB)
...
006 (451495.000.000) 06/25 13:23:56 Image size of job updated: 192124
	80  -  MemoryUsage of job (MB)
	81876  -  ResidentSetSize of job (KB)
...
006 (451495.000.000) 06/25 13:28:57 Image size of job updated: 252300
	122  -  MemoryUsage of job (MB)
	124064  -  ResidentSetSize of job (KB)
...
005 (451495.000.000) 06/25 13:35:44 Job terminated.
	(1) Normal termination (return value 0)
		Usr 0 00:12:25, Sys 0 00:00:04  -  Run Remote Usage
		Usr 0 00:00:00, Sys 0 00:00:00  -  Run Local Usage
		Usr 0 00:12:25, Sys 0 00:00:04  -  Total Remote Usage
		Usr 0 00:00:00, Sys 0 00:00:00  -  Total Local Usage
	472784  -  Run Bytes Sent By Job
	45681  -  Run Bytes Received By Job
	472784  -  Total Bytes Sent By Job
	45681  -  Total Bytes Received By Job
	Partitionable Resources :    Usage  Request          
	   Cpus                 :                 1          
	   Disk (KB)            :      532      532          
	   Memory (MB)          :      122      122          
...
000 (451656.000.000) 06/25 21:34:31 Job submitted from host: <18.12.1.74:48322>
...
001 (451656.000.000) 06/25 21:34:39 Job executing on host: <18.12.9.30:40073>
...
006 (451656.000.000) 06/25 21:34:48 Image size of job updated: 69176
	13  -  MemoryUsage of job (MB)
	12628  -  ResidentSetSize of job (KB)
...
006 (451656.000.000) 06/25 21:39:49 Image size of job updated: 191648
	71  -  MemoryUsage of job (MB)
	72532  -  ResidentSetSize of job (KB)
...
006 (451656.000.000) 06/25 21:44:49 Image size of job updated: 192028
	79  -  MemoryUsage of job (MB)
	80348  -  ResidentSetSize of job (KB)
...
006 (451656.000.000) 06/25 21:49:50 Image size of job updated: 192028
	79  -  MemoryUsage of job (MB)
	80788  -  ResidentSetSize of job (KB)
...
006 (451656.000.000) 06/25 21:54:51 Image size of job updated: 251200
	87  -  MemoryUsage of job (MB)
	88080  -  ResidentSetSize of job (KB)
...
006 (451656.000.000) 06/25 21:59:51 Image size of job updated: 251900
	94  -  MemoryUsage of job (MB)
	95256  -  ResidentSetSize of job (KB)
...
006 (451656.000.000) 06/25 22:04:51 Image size of job updated: 252448
	94  -  MemoryUsage of job (MB)
	95256  -  ResidentSetSize of job (KB)
...
006 (451656.000.000) 06/25 22:09:52 Image size of job updated: 252448
	114  -  MemoryUsage of job (MB)
	115796  -  ResidentSetSize of job (KB)
...
005 (451656.000.000) 06/25 22:21:16 Job terminated.
	(1) Normal termination (return value 0)
		Usr 0 00:13:55, Sys 0 00:00:08  -  Run Remote Usage
		Usr 0 00:00:00, Sys 0 00:00:00  -  Run Local Usage
		Usr 0 00:13:55, Sys 0 00:00:08  -  Total Remote Usage
		Usr 0 00:00:00, Sys 0 00:00:00  -  Total Local Usage
	482102  -  Run Bytes Sent By Job
	48163  -  Run Bytes Received By Job
	482102  -  Total Bytes Sent By Job
	48163  -  Total Bytes Received By Job
	Partitionable Resources :    Usage  Request          
	   Cpus                 :                 1          
	   Disk (KB)            :      543      543          
	   Memory (MB)          :      114      114          
...
000 (452334.000.000) 06/26 11:24:29 Job submitted from host: <18.12.1.74:48322>
...
001 (452334.000.000) 06/26 11:25:05 Job executing on host: <18.12.9.83:46497>
...
006 (452334.000.000) 06/26 11:25:14 Image size of job updated: 189884
	60  -  MemoryUsage of job (MB)
	60504  -  ResidentSetSize of job (KB)
...
006 (452334.000.000) 06/26 11:30:15 Image size of job updated: 192032
	78  -  MemoryUsage of job (MB)
	79164  -  ResidentSetSize of job (KB)
...
006 (452334.000.000) 06/26 11:35:16 Image size of job updated: 252452
	86  -  MemoryUsage of job (MB)
	88004  -  ResidentSetSize of job (KB)
...
005 (452334.000.000) 06/26 11:40:26 Job terminated.
	(1) Normal termination (return value 0)
		Usr 0 00:12:21, Sys 0 00:00:08  -  Run Remote Usage
		Usr 0 00:00:00, Sys 0 00:00:00  -  Run Local Usage
		Usr 0 00:12:21, Sys 0 00:00:08  -  Total Remote Usage
		Usr 0 00:00:00, Sys 0 00:00:00  -  Total Local Usage
	481549  -  Run Bytes Sent By Job
	48164  -  Run Bytes Received By Job
	481549  -  Total Bytes Sent By Job
	48164  -  Total Bytes Received By Job
	Partitionable Resources :    Usage  Request          
	   Cpus                 :                 1          
	   Disk (KB)            :      963      963          
	   Memory (MB)          :       86       86          
...
000 (456055.000.000) 06/26 11:55:47 Job submitted from host: <18.12.1.74:48322>
...
001 (456055.000.000) 06/26 11:56:02 Job executing on host: <18.12.9.16:44599>
...
006 (456055.000.000) 06/26 11:56:10 Image size of job updated: 147704
	34  -  MemoryUsage of job (MB)
	34004  -  ResidentSetSize of job (KB)
...
006 (456055.000.000) 06/26 12:01:10 Image size of job updated: 192108
	78  -  MemoryUsage of job (MB)
	79252  -  ResidentSetSize of job (KB)
...
006 (456055.000.000) 06/26 12:03:35 Image size of job updated: 251864
	78  -  MemoryUsage of job (MB)
	79252  -  ResidentSetSize of job (KB)
...
005 (456055.000.000) 06/26 12:03:35 Job terminated.
	(1) Normal termination (return value 0)
		Usr 0 00:06:43, Sys 0 00:00:02  -  Run Remote Usage
		Usr 0 00:00:00, Sys 0 00:00:00  -  Run Local Usage
		Usr 0 00:06:43, Sys 0 00:00:02  -  Total Remote Usage
		Usr 0 00:00:00, Sys 0 00:00:00  -  Total Local Usage
	480134  -  Run Bytes Sent By Job
	48164  -  Run Bytes Received By Job
	480134  -  Total Bytes Sent By Job
	48164  -  Total Bytes Received By Job
	Partitionable Resources :    Usage  Request          
	   Cpus                 :                 1          
	   Disk (KB)            :      541      541          
	   Memory (MB)          :       78       78          
...
000 (472530.000.000) 06/26 14:30:27 Job submitted from host: <18.12.1.74:48322>
...
001 (472530.000.000) 06/26 14:30:48 Job executing on host: <18.12.9.48:49271>
...
006 (472530.000.000) 06/26 14:30:56 Image size of job updated: 149980
	35  -  MemoryUsage of job (MB)
	34856  -  ResidentSetSize of job (KB)
...
006 (472530.000.000) 06/26 14:35:56 Image size of job updated: 249960
	119  -  MemoryUsage of job (MB)
	121692  -  ResidentSetSize of job (KB)
...
006 (472530.000.000) 06/26 14:37:39 Image size of job updated: 310100
	119  -  MemoryUsage of job (MB)
	121692  -  ResidentSetSize of job (KB)
...
005 (472530.000.000) 06/26 14:37:40 Job terminated.
	(1) Normal termination (return value 0)
		Usr 0 00:05:37, Sys 0 00:00:03  -  Run Remote Usage
		Usr 0 00:00:00, Sys 0 00:00:00  -  Run Local Usage
		Usr 0 00:05:37, Sys 0 00:00:03  -  Total Remote Usage
		Usr 0 00:00:00, Sys 0 00:00:00  -  Total Local Usage
	480983  -  Run Bytes Sent By Job
	48486  -  Run Bytes Received By Job
	480983  -  Total Bytes Sent By Job
	48486  -  Total Bytes Received By Job
	Partitionable Resources :    Usage  Request          
	   Cpus                 :                 1          
	   Disk (KB)            :      543      543          
	   Memory (MB)          :      119      119          
...
000 (472656.000.000) 06/26 15:12:43 Job submitted from host: <18.12.1.74:48322>
...
001 (472656.000.000) 06/26 15:13:24 Job executing on host: <18.12.8.160:41168>
...
006 (472656.000.000) 06/26 15:13:32 Image size of job updated: 97904
	3  -  MemoryUsage of job (MB)
	2456  -  ResidentSetSize of job (KB)
...
006 (472656.000.000) 06/26 15:18:32 Image size of job updated: 249956
	123  -  MemoryUsage of job (MB)
	124956  -  ResidentSetSize of job (KB)
...
006 (472656.000.000) 06/26 15:23:12 Image size of job updated: 310152
	123  -  MemoryUsage of job (MB)
	124956  -  ResidentSetSize of job (KB)
...
005 (472656.000.000) 06/26 15:23:12 Job terminated.
	(1) Normal termination (return value 0)
		Usr 0 00:07:58, Sys 0 00:00:03  -  Run Remote Usage
		Usr 0 00:00:00, Sys 0 00:00:00  -  Run Local Usage
		Usr 0 00:07:58, Sys 0 00:00:03  -  Total Remote Usage
		Usr 0 00:00:00, Sys 0 00:00:00  -  Total Local Usage
	480608  -  Run Bytes Sent By Job
	48521  -  Run Bytes Received By Job
	480608  -  Total Bytes Sent By Job
	48521  -  Total Bytes Received By Job
	Partitionable Resources :    Usage  Request          
	   Cpus                 :                 1          
	   Disk (KB)            :      542      542          
	   Memory (MB)          :      123      123          
...
000 (472864.000.000) 06/26 16:40:22 Job submitted from host: <18.12.1.74:48322>
...
001 (472864.000.000) 06/26 16:40:33 Job executing on host: <18.12.8.252:48395>
...
006 (472864.000.000) 06/26 16:40:41 Image size of job updated: 247736
	67  -  MemoryUsage of job (MB)
	67944  -  ResidentSetSize of job (KB)
...
006 (472864.000.000) 06/26 16:45:41 Image size of job updated: 249944
	133  -  MemoryUsage of job (MB)
	135976  -  ResidentSetSize of job (KB)
...
006 (472864.000.000) 06/26 16:48:44 Image size of job updated: 310172
	133  -  MemoryUsage of job (MB)
	135976  -  ResidentSetSize of job (KB)
...
005 (472864.000.000) 06/26 16:48:44 Job terminated.
	(1) Normal termination (return value 0)
		Usr 0 00:06:58, Sys 0 00:00:03  -  Run Remote Usage
		Usr 0 00:00:00, Sys 0 00:00:00  -  Run Local Usage
		Usr 0 00:06:58, Sys 0 00:00:03  -  Total Remote Usage
		Usr 0 00:00:00, Sys 0 00:00:00  -  Total Local Usage
	481219  -  Run Bytes Sent By Job
	48948  -  Run Bytes Received By Job
	481219  -  Total Bytes Sent By Job
	48948  -  Total Bytes Received By Job
	Partitionable Resources :    Usage  Request          
	   Cpus                 :                 1          
	   Disk (KB)            :      543      543          
	   Memory (MB)          :      133      133          
...
000 (492215.000.000) 06/29 10:00:33 Job submitted from host: <18.12.1.74:48322>
...
001 (492215.000.000) 06/29 10:00:45 Job executing on host: <18.12.9.58:42482>
...
006 (492215.000.000) 06/29 10:00:54 Image size of job updated: 247780
	67  -  MemoryUsage of job (MB)
	67960  -  ResidentSetSize of job (KB)
...
006 (492215.000.000) 06/29 10:05:55 Image size of job updated: 308540
	120  -  MemoryUsage of job (MB)
	122580  -  ResidentSetSize of job (KB)
...
006 (492215.000.000) 06/29 10:10:55 Image size of job updated: 308708
	130  -  MemoryUsage of job (MB)
	132884  -  ResidentSetSize of job (KB)
...
006 (492215.000.000) 06/29 10:20:56 Image size of job updated: 309136
	130  -  MemoryUsage of job (MB)
	132884  -  ResidentSetSize of job (KB)
...
006 (492215.000.000) 06/29 10:30:57 Image size of job updated: 309136
	134  -  MemoryUsage of job (MB)
	137152  -  ResidentSetSize of job (KB)
...
006 (492215.000.000) 06/29 10:35:03 Image size of job updated: 310272
	134  -  MemoryUsage of job (MB)
	137152  -  ResidentSetSize of job (KB)
...
005 (492215.000.000) 06/29 10:35:03 Job terminated.
	(1) Normal termination (return value 0)
		Usr 0 00:06:21, Sys 0 00:00:05  -  Run Remote Usage
		Usr 0 00:00:00, Sys 0 00:00:00  -  Run Local Usage
		Usr 0 00:06:21, Sys 0 00:00:05  -  Total Remote Usage
		Usr 0 00:00:00, Sys 0 00:00:00  -  Total Local Usage
	481710  -  Run Bytes Sent By Job
	49114  -  Run Bytes Received By Job
	481710  -  Total Bytes Sent By Job
	49114  -  Total Bytes Received By Job
	Partitionable Resources :    Usage  Request          
	   Cpus                 :                 1          
	   Disk (KB)            :      544      544          
	   Memory (MB)          :      134      134          
...
000 (493112.000.000) 06/29 11:50:37 Job submitted from host: <18.12.1.74:48322>
...
001 (493112.000.000) 06/29 11:50:54 Job executing on host: <18.12.8.173:40000>
...
006 (493112.000.000) 06/29 11:51:02 Image size of job updated: 1
	3  -  MemoryUsage of job (MB)
	2372  -  ResidentSetSize of job (KB)
...
006 (493112.000.000) 06/29 11:56:02 Image size of job updated: 253216
	83  -  MemoryUsage of job (MB)
	84524  -  ResidentSetSize of job (KB)
...
006 (493112.000.000) 06/29 12:01:03 Image size of job updated: 253656
	83  -  MemoryUsage of job (MB)
	84524  -  ResidentSetSize of job (KB)
...
006 (493112.000.000) 06/29 12:03:43 Image size of job updated: 254160
	83  -  MemoryUsage of job (MB)
	84524  -  ResidentSetSize of job (KB)
...
005 (493112.000.000) 06/29 12:03:43 Job terminated.
	(1) Normal termination (return value 0)
		Usr 0 00:05:45, Sys 0 00:00:02  -  Run Remote Usage
		Usr 0 00:00:00, Sys 0 00:00:00  -  Run Local Usage
		Usr 0 00:05:45, Sys 0 00:00:02  -  Total Remote Usage
		Usr 0 00:00:00, Sys 0 00:00:00  -  Total Local Usage
	482272  -  Run Bytes Sent By Job
	49359  -  Run Bytes Received By Job
	482272  -  Total Bytes Sent By Job
	49359  -  Total Bytes Received By Job
	Partitionable Resources :    Usage  Request          
	   Cpus                 :                 1          
	   Disk (KB)            :      545      545          
	   Memory (MB)          :       83       83          
...
000 (493229.000.000) 06/29 12:56:24 Job submitted from host: <18.12.1.74:48322>
...
001 (493229.000.000) 06/29 12:56:58 Job executing on host: <18.12.8.107:45840>
...
006 (493229.000.000) 06/29 12:57:06 Image size of job updated: 150020
	37  -  MemoryUsage of job (MB)
	37156  -  ResidentSetSize of job (KB)
...
006 (493229.000.000) 06/29 13:02:06 Image size of job updated: 253656
	82  -  MemoryUsage of job (MB)
	83592  -  ResidentSetSize of job (KB)
...
006 (493229.000.000) 06/29 13:03:42 Image size of job updated: 254164
	82  -  MemoryUsage of job (MB)
	83592  -  ResidentSetSize of job (KB)
...
005 (493229.000.000) 06/29 13:03:42 Job terminated.
	(1) Normal termination (return value 0)
		Usr 0 00:04:32, Sys 0 00:00:06  -  Run Remote Usage
		Usr 0 00:00:00, Sys 0 00:00:00  -  Run Local Usage
		Usr 0 00:04:32, Sys 0 00:00:06  -  Total Remote Usage
		Usr 0 00:00:00, Sys 0 00:00:00  -  Total Local Usage
	482264  -  Run Bytes Sent By Job
	49363  -  Run Bytes Received By Job
	482264  -  Total Bytes Sent By Job
	49363  -  Total Bytes Received By Job
	Partitionable Resources :    Usage  Request          
	   Cpus                 :                 1          
	   Disk (KB)            :      545      545          
	   Memory (MB)          :       82       82          
...
000 (493375.000.000) 06/29 13:37:11 Job submitted from host: <18.12.1.74:48322>
...
001 (493375.000.000) 06/29 13:37:48 Job executing on host: <18.12.8.216:48833>
...
006 (493375.000.000) 06/29 13:37:56 Image size of job updated: 1
	3  -  MemoryUsage of job (MB)
	2360  -  ResidentSetSize of job (KB)
...
006 (493375.000.000) 06/29 13:42:56 Image size of job updated: 253728
	73  -  MemoryUsage of job (MB)
	74168  -  ResidentSetSize of job (KB)
...
006 (493375.000.000) 06/29 13:45:46 Image size of job updated: 254232
	73  -  MemoryUsage of job (MB)
	74168  -  ResidentSetSize of job (KB)
...
005 (493375.000.000) 06/29 13:45:46 Job terminated.
	(1) Normal termination (return value 0)
		Usr 0 00:06:36, Sys 0 00:00:03  -  Run Remote Usage
		Usr 0 00:00:00, Sys 0 00:00:00  -  Run Local Usage
		Usr 0 00:06:36, Sys 0 00:00:03  -  Total Remote Usage
		Usr 0 00:00:00, Sys 0 00:00:00  -  Total Local Usage
	482475  -  Run Bytes Sent By Job
	49355  -  Run Bytes Received By Job
	482475  -  Total Bytes Sent By Job
	49355  -  Total Bytes Received By Job
	Partitionable Resources :    Usage  Request          
	   Cpus                 :                 1          
	   Disk (KB)            :      545      545          
	   Memory (MB)          :       73       73          
...
000 (493519.000.000) 06/29 15:03:08 Job submitted from host: <18.12.1.74:48322>
...
001 (493519.000.000) 06/29 15:03:38 Job executing on host: <18.12.8.116:43212>
...
006 (493519.000.000) 06/29 15:03:46 Image size of job updated: 1
	3  -  MemoryUsage of job (MB)
	2352  -  ResidentSetSize of job (KB)
...
006 (493519.000.000) 06/29 15:04:52 Image size of job updated: 193924
	3  -  MemoryUsage of job (MB)
	2352  -  ResidentSetSize of job (KB)
...
004 (493519.000.000) 06/29 15:04:52 Job was evicted.
	(0) Job was not checkpointed.
		Usr 0 00:00:49, Sys 0 00:00:00  -  Run Remote Usage
		Usr 0 00:00:00, Sys 0 00:00:00  -  Run Local Usage
	0  -  Run Bytes Sent By Job
	49355  -  Run Bytes Received By Job
	Partitionable Resources :    Usage  Request          
	   Cpus                 :                 1          
	   Disk (KB)            :      544      544          
	   Memory (MB)          :        3        3          
...
009 (493519.000.000) 06/29 15:04:58 Job was aborted by the user.
	via condor_rm (by user rkunnawa)
...
000 (493636.000.000) 06/29 15:05:23 Job submitted from host: <18.12.1.74:48322>
...
001 (493636.000.000) 06/29 15:05:35 Job executing on host: <18.12.6.38:45037>
...
006 (493636.000.000) 06/29 15:05:44 Image size of job updated: 193792
	62  -  MemoryUsage of job (MB)
	63160  -  ResidentSetSize of job (KB)
...
000 (493753.000.000) 06/29 15:06:05 Job submitted from host: <18.12.1.74:48322>
...
001 (493753.000.000) 06/29 15:06:16 Job executing on host: <18.12.8.237:48103>
...
006 (493753.000.000) 06/29 15:06:24 Image size of job updated: 1
	3  -  MemoryUsage of job (MB)
	2356  -  ResidentSetSize of job (KB)
...
006 (493636.000.000) 06/29 15:10:45 Image size of job updated: 253656
	70  -  MemoryUsage of job (MB)
	70760  -  ResidentSetSize of job (KB)
...
006 (493753.000.000) 06/29 15:11:24 Image size of job updated: 253656
	94  -  MemoryUsage of job (MB)
	96140  -  ResidentSetSize of job (KB)
...
006 (493636.000.000) 06/29 15:13:46 Image size of job updated: 254160
	70  -  MemoryUsage of job (MB)
	70760  -  ResidentSetSize of job (KB)
...
005 (493636.000.000) 06/29 15:13:46 Job terminated.
	(1) Normal termination (return value 0)
		Usr 0 00:07:07, Sys 0 00:00:03  -  Run Remote Usage
		Usr 0 00:00:00, Sys 0 00:00:00  -  Run Local Usage
		Usr 0 00:07:07, Sys 0 00:00:03  -  Total Remote Usage
		Usr 0 00:00:00, Sys 0 00:00:00  -  Total Local Usage
	482266  -  Run Bytes Sent By Job
	49355  -  Run Bytes Received By Job
	482266  -  Total Bytes Sent By Job
	49355  -  Total Bytes Received By Job
	Partitionable Resources :    Usage  Request          
	   Cpus                 :                 1          
	   Disk (KB)            :      545      545          
	   Memory (MB)          :       70       70          
...
006 (493753.000.000) 06/29 15:15:36 Image size of job updated: 254268
	94  -  MemoryUsage of job (MB)
	96140  -  ResidentSetSize of job (KB)
...
005 (493753.000.000) 06/29 15:15:36 Job terminated.
	(1) Normal termination (return value 0)
		Usr 0 00:06:55, Sys 0 00:00:04  -  Run Remote Usage
		Usr 0 00:00:00, Sys 0 00:00:00  -  Run Local Usage
		Usr 0 00:06:55, Sys 0 00:00:04  -  Total Remote Usage
		Usr 0 00:00:00, Sys 0 00:00:00  -  Total Local Usage
	482264  -  Run Bytes Sent By Job
	49356  -  Run Bytes Received By Job
	482264  -  Total Bytes Sent By Job
	49356  -  Total Bytes Received By Job
	Partitionable Resources :    Usage  Request          
	   Cpus                 :                 1          
	   Disk (KB)            :      545      545          
	   Memory (MB)          :       94       94          
...
000 (494572.000.000) 06/29 21:49:58 Job submitted from host: <18.12.1.74:48322>
...
001 (494572.000.000) 06/29 21:50:36 Job executing on host: <18.12.9.3:40438>
...
006 (494572.000.000) 06/29 21:50:44 Image size of job updated: 193992
	62  -  MemoryUsage of job (MB)
	63360  -  ResidentSetSize of job (KB)
...
006 (494572.000.000) 06/29 21:55:44 Image size of job updated: 253824
	92  -  MemoryUsage of job (MB)
	93900  -  ResidentSetSize of job (KB)
...
006 (494572.000.000) 06/29 22:00:44 Image size of job updated: 254328
	101  -  MemoryUsage of job (MB)
	103388  -  ResidentSetSize of job (KB)
...
005 (494572.000.000) 06/29 22:01:06 Job terminated.
	(1) Normal termination (return value 0)
		Usr 0 00:07:29, Sys 0 00:00:06  -  Run Remote Usage
		Usr 0 00:00:00, Sys 0 00:00:00  -  Run Local Usage
		Usr 0 00:07:29, Sys 0 00:00:06  -  Total Remote Usage
		Usr 0 00:00:00, Sys 0 00:00:00  -  Total Local Usage
	483048  -  Run Bytes Sent By Job
	49495  -  Run Bytes Received By Job
	483048  -  Total Bytes Sent By Job
	49495  -  Total Bytes Received By Job
	Partitionable Resources :    Usage  Request          
	   Cpus                 :                 1          
	   Disk (KB)            :      546      546          
	   Memory (MB)          :      101      101          
...
000 (496487.000.000) 07/07 14:54:10 Job submitted from host: <18.12.1.74:48322>
...
001 (496487.000.000) 07/07 14:54:35 Job executing on host: <18.12.6.96:42044>
...
006 (496487.000.000) 07/07 14:54:44 Image size of job updated: 75608
	20  -  MemoryUsage of job (MB)
	19600  -  ResidentSetSize of job (KB)
...
006 (496487.000.000) 07/07 14:59:45 Image size of job updated: 254024
	95  -  MemoryUsage of job (MB)
	96472  -  ResidentSetSize of job (KB)
...
006 (496487.000.000) 07/07 15:04:45 Image size of job updated: 254532
	118  -  MemoryUsage of job (MB)
	120324  -  ResidentSetSize of job (KB)
...
005 (496487.000.000) 07/07 15:04:52 Job terminated.
	(1) Normal termination (return value 0)
		Usr 0 00:07:28, Sys 0 00:00:05  -  Run Remote Usage
		Usr 0 00:00:00, Sys 0 00:00:00  -  Run Local Usage
		Usr 0 00:07:28, Sys 0 00:00:05  -  Total Remote Usage
		Usr 0 00:00:00, Sys 0 00:00:00  -  Total Local Usage
	488770  -  Run Bytes Sent By Job
	50562  -  Run Bytes Received By Job
	488770  -  Total Bytes Sent By Job
	50562  -  Total Bytes Received By Job
	Partitionable Resources :    Usage  Request          
	   Cpus                 :                 1          
	   Disk (KB)            :      552      552          
	   Memory (MB)          :      118      118          
...
000 (496723.000.000) 07/07 17:00:53 Job submitted from host: <18.12.1.74:48322>
...
001 (496723.000.000) 07/07 17:01:29 Job executing on host: <18.12.8.51:41022>
...
006 (496723.000.000) 07/07 17:01:38 Image size of job updated: 158304
	44  -  MemoryUsage of job (MB)
	44108  -  ResidentSetSize of job (KB)
...
006 (496723.000.000) 07/07 17:06:39 Image size of job updated: 194296
	63  -  MemoryUsage of job (MB)
	63660  -  ResidentSetSize of job (KB)
...
006 (496723.000.000) 07/07 17:11:40 Image size of job updated: 253592
	79  -  MemoryUsage of job (MB)
	80624  -  ResidentSetSize of job (KB)
...
006 (496723.000.000) 07/07 17:16:40 Image size of job updated: 253592
	81  -  MemoryUsage of job (MB)
	82260  -  ResidentSetSize of job (KB)
...
006 (496723.000.000) 07/07 17:21:40 Image size of job updated: 254028
	92  -  MemoryUsage of job (MB)
	94024  -  ResidentSetSize of job (KB)
...
006 (496723.000.000) 07/07 17:36:42 Image size of job updated: 254028
	93  -  MemoryUsage of job (MB)
	94876  -  ResidentSetSize of job (KB)
...
006 (496723.000.000) 07/07 17:40:44 Image size of job updated: 254536
	93  -  MemoryUsage of job (MB)
	94876  -  ResidentSetSize of job (KB)
...
005 (496723.000.000) 07/07 17:40:45 Job terminated.
	(1) Normal termination (return value 0)
		Usr 0 00:35:58, Sys 0 00:00:27  -  Run Remote Usage
		Usr 0 00:00:00, Sys 0 00:00:00  -  Run Local Usage
		Usr 0 00:35:58, Sys 0 00:00:27  -  Total Remote Usage
		Usr 0 00:00:00, Sys 0 00:00:00  -  Total Local Usage
	488850  -  Run Bytes Sent By Job
	50642  -  Run Bytes Received By Job
	488850  -  Total Bytes Sent By Job
	50642  -  Total Bytes Received By Job
	Partitionable Resources :    Usage  Request          
	   Cpus                 :                 1          
	   Disk (KB)            :      552      552          
	   Memory (MB)          :       93       93          
...
000 (497103.000.000) 07/09 11:21:58 Job submitted from host: <18.12.1.74:48322>
...
001 (497103.000.000) 07/09 11:23:01 Job executing on host: <18.12.9.31:42701>
...
006 (497103.000.000) 07/09 11:23:09 Image size of job updated: 158300
	47  -  MemoryUsage of job (MB)
	47556  -  ResidentSetSize of job (KB)
...
006 (497103.000.000) 07/09 11:28:09 Image size of job updated: 194292
	55  -  MemoryUsage of job (MB)
	55692  -  ResidentSetSize of job (KB)
...
006 (497103.000.000) 07/09 11:33:10 Image size of job updated: 253556
	83  -  MemoryUsage of job (MB)
	84572  -  ResidentSetSize of job (KB)
...
006 (497103.000.000) 07/09 11:38:11 Image size of job updated: 253992
	83  -  MemoryUsage of job (MB)
	84572  -  ResidentSetSize of job (KB)
...
006 (497103.000.000) 07/09 11:48:12 Image size of job updated: 253992
	86  -  MemoryUsage of job (MB)
	87424  -  ResidentSetSize of job (KB)
...
006 (497103.000.000) 07/09 11:51:31 Image size of job updated: 254640
	86  -  MemoryUsage of job (MB)
	87424  -  ResidentSetSize of job (KB)
...
005 (497103.000.000) 07/09 11:51:31 Job terminated.
	(1) Normal termination (return value 0)
		Usr 0 00:06:59, Sys 0 00:00:07  -  Run Remote Usage
		Usr 0 00:00:00, Sys 0 00:00:00  -  Run Local Usage
		Usr 0 00:06:59, Sys 0 00:00:07  -  Total Remote Usage
		Usr 0 00:00:00, Sys 0 00:00:00  -  Total Local Usage
	489564  -  Run Bytes Sent By Job
	50700  -  Run Bytes Received By Job
	489564  -  Total Bytes Sent By Job
	50700  -  Total Bytes Received By Job
	Partitionable Resources :    Usage  Request          
	   Cpus                 :                 1          
	   Disk (KB)            :      553      553          
	   Memory (MB)          :       86       86          
...
000 (497609.000.000) 07/09 15:43:04 Job submitted from host: <18.12.1.74:48322>
...
001 (497609.000.000) 07/09 15:43:13 Job executing on host: <18.12.8.200:41825>
...
006 (497609.000.000) 07/09 15:43:22 Image size of job updated: 194212
	51  -  MemoryUsage of job (MB)
	51680  -  ResidentSetSize of job (KB)
...
006 (497609.000.000) 07/09 15:48:23 Image size of job updated: 254076
	82  -  MemoryUsage of job (MB)
	83616  -  ResidentSetSize of job (KB)
...
006 (497609.000.000) 07/09 15:52:06 Image size of job updated: 254584
	82  -  MemoryUsage of job (MB)
	83616  -  ResidentSetSize of job (KB)
...
005 (497609.000.000) 07/09 15:52:06 Job terminated.
	(1) Normal termination (return value 0)
		Usr 0 00:07:18, Sys 0 00:00:05  -  Run Remote Usage
		Usr 0 00:00:00, Sys 0 00:00:00  -  Run Local Usage
		Usr 0 00:07:18, Sys 0 00:00:05  -  Total Remote Usage
		Usr 0 00:00:00, Sys 0 00:00:00  -  Total Local Usage
	489248  -  Run Bytes Sent By Job
	50706  -  Run Bytes Received By Job
	489248  -  Total Bytes Sent By Job
	50706  -  Total Bytes Received By Job
	Partitionable Resources :    Usage  Request          
	   Cpus                 :                 1          
	   Disk (KB)            :      552      552          
	   Memory (MB)          :       82       82          
...
000 (497934.000.000) 07/09 16:40:12 Job submitted from host: <18.12.1.74:48322>
...
001 (497934.000.000) 07/09 16:40:39 Job executing on host: <18.12.8.105:41095>
...
006 (497934.000.000) 07/09 16:40:47 Image size of job updated: 93700
	3  -  MemoryUsage of job (MB)
	2432  -  ResidentSetSize of job (KB)
...
006 (497934.000.000) 07/09 16:45:47 Image size of job updated: 254032
	84  -  MemoryUsage of job (MB)
	85928  -  ResidentSetSize of job (KB)
...
006 (497934.000.000) 07/09 16:47:19 Image size of job updated: 254540
	84  -  MemoryUsage of job (MB)
	85928  -  ResidentSetSize of job (KB)
...
005 (497934.000.000) 07/09 16:47:19 Job terminated.
	(1) Normal termination (return value 0)
		Usr 0 00:05:06, Sys 0 00:00:07  -  Run Remote Usage
		Usr 0 00:00:00, Sys 0 00:00:00  -  Run Local Usage
		Usr 0 00:05:06, Sys 0 00:00:07  -  Total Remote Usage
		Usr 0 00:00:00, Sys 0 00:00:00  -  Total Local Usage
	489070  -  Run Bytes Sent By Job
	50713  -  Run Bytes Received By Job
	489070  -  Total Bytes Sent By Job
	50713  -  Total Bytes Received By Job
	Partitionable Resources :    Usage  Request          
	   Cpus                 :                 1          
	   Disk (KB)            :      553      553          
	   Memory (MB)          :       84       84          
...
000 (498249.000.000) 07/10 12:07:51 Job submitted from host: <18.12.1.74:48322>
...
001 (498249.000.000) 07/10 12:08:08 Job executing on host: <18.12.9.34:48760>
...
006 (498249.000.000) 07/10 12:08:17 Image size of job updated: 158308
	40  -  MemoryUsage of job (MB)
	40252  -  ResidentSetSize of job (KB)
...
006 (498249.000.000) 07/10 12:13:18 Image size of job updated: 253592
	67  -  MemoryUsage of job (MB)
	67820  -  ResidentSetSize of job (KB)
...
006 (498249.000.000) 07/10 12:18:18 Image size of job updated: 254028
	81  -  MemoryUsage of job (MB)
	82856  -  ResidentSetSize of job (KB)
...
006 (498249.000.000) 07/10 12:19:26 Image size of job updated: 254532
	81  -  MemoryUsage of job (MB)
	82856  -  ResidentSetSize of job (KB)
...
005 (498249.000.000) 07/10 12:19:26 Job terminated.
	(1) Normal termination (return value 0)
		Usr 0 00:06:01, Sys 0 00:00:07  -  Run Remote Usage
		Usr 0 00:00:00, Sys 0 00:00:00  -  Run Local Usage
		Usr 0 00:06:01, Sys 0 00:00:07  -  Total Remote Usage
		Usr 0 00:00:00, Sys 0 00:00:00  -  Total Local Usage
	489330  -  Run Bytes Sent By Job
	50718  -  Run Bytes Received By Job
	489330  -  Total Bytes Sent By Job
	50718  -  Total Bytes Received By Job
	Partitionable Resources :    Usage  Request          
	   Cpus                 :                 1          
	   Disk (KB)            :      553      553          
	   Memory (MB)          :       81       81          
...
000 (498377.000.000) 07/10 14:02:36 Job submitted from host: <18.12.1.74:48322>
...
001 (498377.000.000) 07/10 14:09:59 Job executing on host: <18.12.9.40:46059>
...
006 (498377.000.000) 07/10 14:10:08 Image size of job updated: 1
	3  -  MemoryUsage of job (MB)
	2364  -  ResidentSetSize of job (KB)
...
006 (498377.000.000) 07/10 14:15:09 Image size of job updated: 194300
	65  -  MemoryUsage of job (MB)
	66060  -  ResidentSetSize of job (KB)
...
006 (498377.000.000) 07/10 14:20:09 Image size of job updated: 253596
	82  -  MemoryUsage of job (MB)
	83028  -  ResidentSetSize of job (KB)
...
006 (498377.000.000) 07/10 14:25:10 Image size of job updated: 254032
	95  -  MemoryUsage of job (MB)
	96396  -  ResidentSetSize of job (KB)
...
006 (498377.000.000) 07/10 14:35:11 Image size of job updated: 254032
	95  -  MemoryUsage of job (MB)
	97140  -  ResidentSetSize of job (KB)
...
006 (498377.000.000) 07/10 14:40:11 Image size of job updated: 254540
	128  -  MemoryUsage of job (MB)
	130232  -  ResidentSetSize of job (KB)
...
005 (498377.000.000) 07/10 14:40:14 Job terminated.
	(1) Normal termination (return value 0)
		Usr 0 00:06:45, Sys 0 00:00:03  -  Run Remote Usage
		Usr 0 00:00:00, Sys 0 00:00:00  -  Run Local Usage
		Usr 0 00:06:45, Sys 0 00:00:03  -  Total Remote Usage
		Usr 0 00:00:00, Sys 0 00:00:00  -  Total Local Usage
	489634  -  Run Bytes Sent By Job
	50793  -  Run Bytes Received By Job
	489634  -  Total Bytes Sent By Job
	50793  -  Total Bytes Received By Job
	Partitionable Resources :    Usage  Request          
	   Cpus                 :                 1          
	   Disk (KB)            :      553      553          
	   Memory (MB)          :      128      128          
...
000 (498595.000.000) 07/10 16:45:21 Job submitted from host: <18.12.1.74:48322>
...
001 (498595.000.000) 07/10 16:45:49 Job executing on host: <18.12.8.236:48468>
...
006 (498595.000.000) 07/10 16:45:57 Image size of job updated: 151312
	36  -  MemoryUsage of job (MB)
	36580  -  ResidentSetSize of job (KB)
...
006 (498595.000.000) 07/10 16:50:57 Image size of job updated: 254424
	68  -  MemoryUsage of job (MB)
	69492  -  ResidentSetSize of job (KB)
...
006 (498595.000.000) 07/10 16:53:12 Image size of job updated: 254928
	68  -  MemoryUsage of job (MB)
	69492  -  ResidentSetSize of job (KB)
...
005 (498595.000.000) 07/10 17:27:51 Job terminated.
	(1) Normal termination (return value 0)
		Usr 0 00:06:02, Sys 0 00:00:02  -  Run Remote Usage
		Usr 0 00:00:00, Sys 0 00:00:00  -  Run Local Usage
		Usr 0 00:06:02, Sys 0 00:00:02  -  Total Remote Usage
		Usr 0 00:00:00, Sys 0 00:00:00  -  Total Local Usage
	497906  -  Run Bytes Sent By Job
	52122  -  Run Bytes Received By Job
	497906  -  Total Bytes Sent By Job
	52122  -  Total Bytes Received By Job
	Partitionable Resources :    Usage  Request          
	   Cpus                 :                 1          
	   Disk (KB)            :      563      563          
	   Memory (MB)          :       68       68          
...
