
----------------------------------------------------
Job started on Tue Jun 23 17:54:20 EDT 2015 at WN: t2bat0331.cmsaf.mit.edu 
Job is running on Linux t2bat0331.cmsaf.mit.edu 2.6.32-358.el6.x86_64 #1 SMP Fri Feb 22 20:37:17 CST 2013 x86_64 x86_64 x86_64 GNU/Linux
Filesystem            Size  Used Avail Use% Mounted on
/dev/sda3              20G  2.5G   17G  14% /
tmpfs                  32G     0   32G   0% /dev/shm
/dev/sda1              97M   32M   61M  35% /boot
/dev/sda4             416G   97G  319G  24% /export/data1
fuse_dfs              4.9P  4.4P  516T  90% /mnt/hadoop
/dev/sdb1             3.6T  3.2T  394G  90% /export/00b
/dev/sdc1             3.6T  3.2T  421G  89% /export/00c
/dev/sdd1             3.6T  3.2T  401G  90% /export/00d
/dev/sde1             3.6T  3.2T  407G  89% /export/00e
/dev/sdf1             3.6T  3.3T  388G  90% /export/00f
/dev/sdg1             3.6T  3.2T  411G  89% /export/00g
t2srv0004:/export/db  135G  187M  135G   1% /net/t2srv0004/db
cvmfs2                 98G   94G  3.7G  97% /cvmfs/cms.cern.ch
cvmfs2                 98G   94G  3.7G  97% /cvmfs/oasis.opensciencegrid.org
cvmfs2                 98G   94G  3.7G  97% /cvmfs/mu2e.opensciencegrid.org
cvmfs2                 98G   94G  3.7G  97% /cvmfs/grid.cern.ch
cvmfs2                 98G   94G  3.7G  97% /cvmfs/fermilab.opensciencegrid.org
gcc (GCC) 4.4.7 20120313 (Red Hat 4.4.7-3)
Copyright (C) 2010 Free Software Foundation, Inc.
This is free software; see the source for copying conditions.  There is NO
warranty; not even for MERCHANTABILITY or FITNESS FOR A PARTICULAR PURPOSE.

Processing...
0/1925303
10000/1925303
20000/1925303
30000/1925303
40000/1925303
50000/1925303
60000/1925303
70000/1925303
80000/1925303
90000/1925303
100000/1925303
110000/1925303
120000/1925303
130000/1925303
140000/1925303
150000/1925303
160000/1925303
170000/1925303
180000/1925303
190000/1925303
200000/1925303
210000/1925303
220000/1925303
230000/1925303
240000/1925303
250000/1925303
260000/1925303
270000/1925303
280000/1925303
290000/1925303
300000/1925303
310000/1925303
320000/1925303
330000/1925303
340000/1925303
350000/1925303
360000/1925303
370000/1925303
380000/1925303
390000/1925303
400000/1925303
410000/1925303
420000/1925303
430000/1925303
440000/1925303
450000/1925303
460000/1925303
470000/1925303
480000/1925303
490000/1925303
500000/1925303
510000/1925303
520000/1925303
530000/1925303
540000/1925303
550000/1925303
560000/1925303
570000/1925303
580000/1925303
590000/1925303
600000/1925303
610000/1925303
620000/1925303
630000/1925303
640000/1925303
650000/1925303
660000/1925303
670000/1925303
680000/1925303
690000/1925303
700000/1925303
710000/1925303
720000/1925303
730000/1925303
740000/1925303
750000/1925303
760000/1925303
770000/1925303
780000/1925303
790000/1925303
800000/1925303
810000/1925303
820000/1925303
830000/1925303
840000/1925303
850000/1925303
860000/1925303
870000/1925303
880000/1925303
890000/1925303
900000/1925303
910000/1925303
920000/1925303
930000/1925303
940000/1925303
950000/1925303
960000/1925303
970000/1925303
980000/1925303
990000/1925303
1000000/1925303
1010000/1925303
1020000/1925303
1030000/1925303
1040000/1925303
1050000/1925303
1060000/1925303
1070000/1925303
1080000/1925303
1090000/1925303
1100000/1925303
1110000/1925303
1120000/1925303
1130000/1925303
1140000/1925303
1150000/1925303
1160000/1925303
1170000/1925303
1180000/1925303
1190000/1925303
1200000/1925303
1210000/1925303
1220000/1925303
1230000/1925303
1240000/1925303
1250000/1925303
1260000/1925303
1270000/1925303
1280000/1925303
1290000/1925303
1300000/1925303
1310000/1925303
1320000/1925303
1330000/1925303
1340000/1925303
1350000/1925303
1360000/1925303
1370000/1925303
1380000/1925303
1390000/1925303
1400000/1925303
1410000/1925303
1420000/1925303
1430000/1925303
1440000/1925303
1450000/1925303
1460000/1925303
1470000/1925303
1480000/1925303
1490000/1925303
1500000/1925303
1510000/1925303
1520000/1925303
1530000/1925303
1540000/1925303
1550000/1925303
1560000/1925303
1570000/1925303
1580000/1925303
1590000/1925303
1600000/1925303
1610000/1925303
1620000/1925303
1630000/1925303
1640000/1925303
1650000/1925303
1660000/1925303
1670000/1925303
1680000/1925303
1690000/1925303
1700000/1925303
1710000/1925303
1720000/1925303
1730000/1925303
1740000/1925303
1750000/1925303
1760000/1925303
1770000/1925303
1780000/1925303
1790000/1925303
1800000/1925303
1810000/1925303
1820000/1925303
1830000/1925303
1840000/1925303
1850000/1925303
1860000/1925303
1870000/1925303
1880000/1925303
1890000/1925303
1900000/1925303
1910000/1925303
1920000/1925303
Macro finished: 
CPU time (min)  = 12.0237
Real time (min) = 14.81
Done!
Copied output files to hadoop rootfiles/JetRAA/June22
