000 (428130.000.000) 06/23 17:53:29 Job submitted from host: <18.12.1.74:48322>
...
009 (428130.000.000) 06/23 17:53:40 Job was aborted by the user.
	via condor_rm (by user rkunnawa)
...
000 (428137.000.000) 06/23 17:53:52 Job submitted from host: <18.12.1.74:48322>
...
001 (428137.000.000) 06/23 17:54:14 Job executing on host: <18.12.9.65:40146>
...
006 (428137.000.000) 06/23 17:54:23 Image size of job updated: 147756
	32  -  MemoryUsage of job (MB)
	32628  -  ResidentSetSize of job (KB)
...
006 (428137.000.000) 06/23 17:59:24 Image size of job updated: 248136
	77  -  MemoryUsage of job (MB)
	78464  -  ResidentSetSize of job (KB)
...
005 (428137.000.000) 06/23 17:59:39 Job terminated.
	(1) Normal termination (return value 0)
		Usr 0 00:03:57, Sys 0 00:00:01  -  Run Remote Usage
		Usr 0 00:00:00, Sys 0 00:00:00  -  Run Local Usage
		Usr 0 00:03:57, Sys 0 00:00:01  -  Total Remote Usage
		Usr 0 00:00:00, Sys 0 00:00:00  -  Total Local Usage
	408490  -  Run Bytes Sent By Job
	46217  -  Run Bytes Received By Job
	408490  -  Total Bytes Sent By Job
	46217  -  Total Bytes Received By Job
	Partitionable Resources :    Usage  Request          
	   Cpus                 :                 1          
	   Disk (KB)            :      470      470          
	   Memory (MB)          :       77       77          
...
