
----------------------------------------------------
Job started on Fri Jul 10 16:50:17 EDT 2015 at WN: t2bat0092.cmsaf.mit.edu 
Job is running on Linux t2bat0092.cmsaf.mit.edu 2.6.32-358.el6.x86_64 #1 SMP Fri Feb 22 20:37:17 CST 2013 x86_64 x86_64 x86_64 GNU/Linux
Filesystem            Size  Used Avail Use% Mounted on
/dev/sda3              20G  3.0G   16G  16% /
tmpfs                 7.8G     0  7.8G   0% /dev/shm
/dev/sda1              97M   33M   60M  36% /boot
/dev/sda4             644G   95G  550G  15% /export/data1
/dev/sdb1             1.8T  1.7T  171G  91% /export/00b
/dev/sdc1             1.8T  1.7T  161G  92% /export/00c
/dev/sdd1             1.8T  1.7T  171G  91% /export/00d
/dev/sde1             1.8T  1.7T  171G  91% /export/00e
/dev/sdf1             1.8T  1.7T  159G  92% /export/00f
fuse_dfs              4.9P  4.5P  447T  92% /mnt/hadoop
t2srv0004:/export/db  135G  187M  135G   1% /net/t2srv0004/db
cvmfs2                 98G   94G  4.4G  96% /cvmfs/cms.cern.ch
cvmfs2                 98G   94G  4.4G  96% /cvmfs/cvmfs.cmsaf.mit.edu
cvmfs2                 98G   94G  4.4G  96% /cvmfs/oasis.opensciencegrid.org
cvmfs2                 98G   94G  4.4G  96% /cvmfs/cdfcfs.fnal.gov
cvmfs2                 98G   94G  4.4G  96% /cvmfs/icecube.opensciencegrid.org
cvmfs2                 98G   94G  4.4G  96% /cvmfs/atlas.cern.ch
cvmfs2                 98G   94G  4.4G  96% /cvmfs/atlas-nightlies.cern.ch
cvmfs2                 98G   94G  4.4G  96% /cvmfs/atlas-condb.cern.ch
cvmfs2                 98G   94G  4.4G  96% /cvmfs/sft.cern.ch
gcc (GCC) 4.4.7 20120313 (Red Hat 4.4.7-3)
Copyright (C) 2010 Free Software Foundation, Inc.
This is free software; see the source for copying conditions.  There is NO
warranty; not even for MERCHANTABILITY or FITNESS FOR A PARTICULAR PURPOSE.

Processing...
0/487576
10000/487576
20000/487576
30000/487576
40000/487576
50000/487576
60000/487576
70000/487576
80000/487576
90000/487576
100000/487576
110000/487576
120000/487576
130000/487576
140000/487576
150000/487576
160000/487576
170000/487576
180000/487576
190000/487576
200000/487576
210000/487576
220000/487576
230000/487576
240000/487576
250000/487576
260000/487576
270000/487576
280000/487576
290000/487576
300000/487576
310000/487576
320000/487576
330000/487576
340000/487576
350000/487576
360000/487576
370000/487576
380000/487576
390000/487576
400000/487576
410000/487576
420000/487576
430000/487576
440000/487576
450000/487576
460000/487576
470000/487576
480000/487576
Macro finished: 
CPU time (min)  = 2.8085
Real time (min) = 3.52156
Done!
Copied output files to hadoop rootfiles/JetRAA/June22
