000 (428185.000.000) 06/23 17:53:56 Job submitted from host: <18.12.1.74:48322>
...
001 (428185.000.000) 06/23 17:54:17 Job executing on host: <18.12.9.82:44891>
...
006 (428185.000.000) 06/23 17:54:26 Image size of job updated: 245584
	73  -  MemoryUsage of job (MB)
	74592  -  ResidentSetSize of job (KB)
...
006 (428185.000.000) 06/23 17:59:27 Image size of job updated: 247172
	129  -  MemoryUsage of job (MB)
	132064  -  ResidentSetSize of job (KB)
...
006 (428185.000.000) 06/23 18:04:27 Image size of job updated: 247756
	129  -  MemoryUsage of job (MB)
	132064  -  ResidentSetSize of job (KB)
...
006 (428185.000.000) 06/23 18:05:50 Image size of job updated: 248536
	129  -  MemoryUsage of job (MB)
	132064  -  ResidentSetSize of job (KB)
...
005 (428185.000.000) 06/23 18:05:50 Job terminated.
	(1) Normal termination (return value 0)
		Usr 0 00:09:23, Sys 0 00:00:06  -  Run Remote Usage
		Usr 0 00:00:00, Sys 0 00:00:00  -  Run Local Usage
		Usr 0 00:09:23, Sys 0 00:00:06  -  Total Remote Usage
		Usr 0 00:00:00, Sys 0 00:00:00  -  Total Local Usage
	409792  -  Run Bytes Sent By Job
	46217  -  Run Bytes Received By Job
	409792  -  Total Bytes Sent By Job
	46217  -  Total Bytes Received By Job
	Partitionable Resources :    Usage  Request          
	   Cpus                 :                 1          
	   Disk (KB)            :      471      471          
	   Memory (MB)          :      129      129          
...
