
----------------------------------------------------
Job started on Tue Jun 23 17:54:17 EDT 2015 at WN: t2bat0327.cmsaf.mit.edu 
Job is running on Linux t2bat0327.cmsaf.mit.edu 2.6.32-358.el6.x86_64 #1 SMP Fri Feb 22 20:37:17 CST 2013 x86_64 x86_64 x86_64 GNU/Linux
Filesystem            Size  Used Avail Use% Mounted on
/dev/sda3              20G  2.5G   17G  14% /
tmpfs                  32G     0   32G   0% /dev/shm
/dev/sda1              97M   32M   61M  35% /boot
/dev/sda4             416G   97G  319G  24% /export/data1
fuse_dfs              4.9P  4.4P  516T  90% /mnt/hadoop
/dev/sdb1             3.6T  3.2T  424G  89% /export/00b
/dev/sdc1             3.6T  3.2T  398G  90% /export/00c
/dev/sdd1             3.6T  3.2T  409G  89% /export/00d
/dev/sde1             3.6T  3.2T  409G  89% /export/00e
/dev/sdf1             3.6T  3.2T  402G  90% /export/00f
/dev/sdg1             3.6T  3.2T  414G  89% /export/00g
t2srv0004:/export/db  135G  187M  135G   1% /net/t2srv0004/db
cvmfs2                 98G   94G  4.4G  96% /cvmfs/cms.cern.ch
cvmfs2                 98G   94G  4.4G  96% /cvmfs/oasis.opensciencegrid.org
cvmfs2                 98G   94G  4.4G  96% /cvmfs/mu2e.opensciencegrid.org
cvmfs2                 98G   94G  4.4G  96% /cvmfs/fermilab.opensciencegrid.org
cvmfs2                 98G   94G  4.4G  96% /cvmfs/grid.cern.ch
gcc (GCC) 4.4.7 20120313 (Red Hat 4.4.7-3)
Copyright (C) 2010 Free Software Foundation, Inc.
This is free software; see the source for copying conditions.  There is NO
warranty; not even for MERCHANTABILITY or FITNESS FOR A PARTICULAR PURPOSE.

Processing...
0/1050877
10000/1050877
20000/1050877
30000/1050877
40000/1050877
50000/1050877
60000/1050877
70000/1050877
80000/1050877
90000/1050877
100000/1050877
110000/1050877
120000/1050877
130000/1050877
140000/1050877
150000/1050877
160000/1050877
170000/1050877
180000/1050877
190000/1050877
200000/1050877
210000/1050877
220000/1050877
230000/1050877
240000/1050877
250000/1050877
260000/1050877
270000/1050877
280000/1050877
290000/1050877
300000/1050877
310000/1050877
320000/1050877
330000/1050877
340000/1050877
350000/1050877
360000/1050877
370000/1050877
380000/1050877
390000/1050877
400000/1050877
410000/1050877
420000/1050877
430000/1050877
440000/1050877
450000/1050877
460000/1050877
470000/1050877
480000/1050877
490000/1050877
500000/1050877
510000/1050877
520000/1050877
530000/1050877
540000/1050877
550000/1050877
560000/1050877
570000/1050877
580000/1050877
590000/1050877
600000/1050877
610000/1050877
620000/1050877
630000/1050877
640000/1050877
650000/1050877
660000/1050877
670000/1050877
680000/1050877
690000/1050877
700000/1050877
710000/1050877
720000/1050877
730000/1050877
740000/1050877
750000/1050877
760000/1050877
770000/1050877
780000/1050877
790000/1050877
800000/1050877
810000/1050877
820000/1050877
830000/1050877
840000/1050877
850000/1050877
860000/1050877
870000/1050877
880000/1050877
890000/1050877
900000/1050877
910000/1050877
920000/1050877
930000/1050877
940000/1050877
950000/1050877
960000/1050877
970000/1050877
980000/1050877
990000/1050877
1000000/1050877
1010000/1050877
1020000/1050877
1030000/1050877
1040000/1050877
1050000/1050877
Macro finished: 
CPU time (min)  = 6.922
Real time (min) = 12.7862
Done!
Copied output files to hadoop rootfiles/JetRAA/June22
