000 (428142.000.000) 06/23 17:53:52 Job submitted from host: <18.12.1.74:48322>
...
001 (428142.000.000) 06/23 17:54:15 Job executing on host: <18.12.9.59:44891>
...
006 (428142.000.000) 06/23 17:54:24 Image size of job updated: 154392
	40  -  MemoryUsage of job (MB)
	40268  -  ResidentSetSize of job (KB)
...
006 (428142.000.000) 06/23 17:58:54 Image size of job updated: 248768
	40  -  MemoryUsage of job (MB)
	40268  -  ResidentSetSize of job (KB)
...
005 (428142.000.000) 06/23 17:58:54 Job terminated.
	(1) Normal termination (return value 0)
		Usr 0 00:03:24, Sys 0 00:00:02  -  Run Remote Usage
		Usr 0 00:00:00, Sys 0 00:00:00  -  Run Local Usage
		Usr 0 00:03:24, Sys 0 00:00:02  -  Total Remote Usage
		Usr 0 00:00:00, Sys 0 00:00:00  -  Total Local Usage
	408302  -  Run Bytes Sent By Job
	46217  -  Run Bytes Received By Job
	408302  -  Total Bytes Sent By Job
	46217  -  Total Bytes Received By Job
	Partitionable Resources :    Usage  Request          
	   Cpus                 :                 1          
	   Disk (KB)            :      469      469          
	   Memory (MB)          :       40       40          
...
