000 (428125.000.000) 06/23 17:53:28 Job submitted from host: <18.12.1.74:48322>
...
009 (428125.000.000) 06/23 17:53:40 Job was aborted by the user.
	via condor_rm (by user rkunnawa)
...
000 (428132.000.000) 06/23 17:53:51 Job submitted from host: <18.12.1.74:48322>
...
001 (428132.000.000) 06/23 17:54:19 Job executing on host: <18.12.9.58:42482>
...
006 (428132.000.000) 06/23 17:54:28 Image size of job updated: 185136
	45  -  MemoryUsage of job (MB)
	45084  -  ResidentSetSize of job (KB)
...
006 (428132.000.000) 06/23 17:59:29 Image size of job updated: 249192
	72  -  MemoryUsage of job (MB)
	73280  -  ResidentSetSize of job (KB)
...
006 (428132.000.000) 06/23 18:04:29 Image size of job updated: 249192
	77  -  MemoryUsage of job (MB)
	78276  -  ResidentSetSize of job (KB)
...
006 (428132.000.000) 06/23 18:09:29 Image size of job updated: 249192
	77  -  MemoryUsage of job (MB)
	78284  -  ResidentSetSize of job (KB)
...
005 (428132.000.000) 06/23 18:10:04 Job terminated.
	(1) Normal termination (return value 0)
		Usr 0 00:03:13, Sys 0 00:00:03  -  Run Remote Usage
		Usr 0 00:00:00, Sys 0 00:00:00  -  Run Local Usage
		Usr 0 00:03:13, Sys 0 00:00:03  -  Total Remote Usage
		Usr 0 00:00:00, Sys 0 00:00:00  -  Total Local Usage
	408161  -  Run Bytes Sent By Job
	46217  -  Run Bytes Received By Job
	408161  -  Total Bytes Sent By Job
	46217  -  Total Bytes Received By Job
	Partitionable Resources :    Usage  Request          
	   Cpus                 :                 1          
	   Disk (KB)            :      469      469          
	   Memory (MB)          :       77       77          
...
