000 (428161.000.000) 06/23 17:53:54 Job submitted from host: <18.12.1.74:48322>
...
001 (428161.000.000) 06/23 17:54:18 Job executing on host: <18.12.9.52:45037>
...
006 (428161.000.000) 06/23 17:54:26 Image size of job updated: 1
	3  -  MemoryUsage of job (MB)
	2356  -  ResidentSetSize of job (KB)
...
006 (428161.000.000) 06/23 17:59:26 Image size of job updated: 247292
	133  -  MemoryUsage of job (MB)
	135356  -  ResidentSetSize of job (KB)
...
006 (428161.000.000) 06/23 18:01:26 Image size of job updated: 247888
	133  -  MemoryUsage of job (MB)
	135356  -  ResidentSetSize of job (KB)
...
005 (428161.000.000) 06/23 18:01:26 Job terminated.
	(1) Normal termination (return value 0)
		Usr 0 00:05:37, Sys 0 00:00:03  -  Run Remote Usage
		Usr 0 00:00:00, Sys 0 00:00:00  -  Run Local Usage
		Usr 0 00:05:37, Sys 0 00:00:03  -  Total Remote Usage
		Usr 0 00:00:00, Sys 0 00:00:00  -  Total Local Usage
	408718  -  Run Bytes Sent By Job
	46217  -  Run Bytes Received By Job
	408718  -  Total Bytes Sent By Job
	46217  -  Total Bytes Received By Job
	Partitionable Resources :    Usage  Request          
	   Cpus                 :                 1          
	   Disk (KB)            :      470      470          
	   Memory (MB)          :      133      133          
...
