
----------------------------------------------------
Job started on Fri Jul 10 16:45:42 EDT 2015 at WN: hibat0097.cmsaf.mit.edu 
Job is running on Linux hibat0097.cmsaf.mit.edu 2.6.32-358.el6.x86_64 #1 SMP Fri Feb 22 20:37:17 CST 2013 x86_64 x86_64 x86_64 GNU/Linux
Filesystem            Size  Used Avail Use% Mounted on
/dev/sda3              20G  3.4G   16G  19% /
tmpfs                  24G     0   24G   0% /dev/shm
/dev/sda1              97M   32M   61M  35% /boot
/dev/sda4             873G   72G  802G   9% /export/data1
/dev/sdb1             2.7T  2.7T   28G  99% /export/00b
/dev/sdc1             2.7T  2.7T   27G 100% /export/00c
/dev/sdd1             2.7T  2.7T   29G  99% /export/00d
/dev/sde1             2.7T  2.7T   26G 100% /export/00e
/dev/sdf1             2.7T  2.7T   23G 100% /export/00f
/dev/sdg1             3.6T  3.2T  484G  87% /export/00g
/dev/sdh1             3.6T  3.1T  496G  87% /export/00h
fuse_dfs              4.9P  4.5P  447T  92% /mnt/hadoop
cvmfs2                 98G   65G   33G  67% /cvmfs/cms.cern.ch
t2srv0004:/export/db  135G  187M  135G   1% /net/t2srv0004/db
cvmfs2                 98G   65G   33G  67% /cvmfs/cvmfs.cmsaf.mit.edu
cvmfs2                 98G   65G   33G  67% /cvmfs/oasis.opensciencegrid.org
cvmfs2                 98G   65G   33G  67% /cvmfs/cdfcfs.fnal.gov
gcc (GCC) 4.4.7 20120313 (Red Hat 4.4.7-3)
Copyright (C) 2010 Free Software Foundation, Inc.
This is free software; see the source for copying conditions.  There is NO
warranty; not even for MERCHANTABILITY or FITNESS FOR A PARTICULAR PURPOSE.

Processing...
0/310273
10000/310273
20000/310273
30000/310273
40000/310273
50000/310273
60000/310273
70000/310273
80000/310273
90000/310273
100000/310273
110000/310273
120000/310273
130000/310273
140000/310273
150000/310273
160000/310273
170000/310273
180000/310273
190000/310273
200000/310273
210000/310273
220000/310273
230000/310273
240000/310273
250000/310273
260000/310273
270000/310273
280000/310273
290000/310273
300000/310273
310000/310273
Macro finished: 
CPU time (min)  = 3.0155
Real time (min) = 4.10384
Done!
Copied output files to hadoop rootfiles/JetRAA/June22
