
----------------------------------------------------
Job started on Fri Jul 10 16:51:16 EDT 2015 at WN: t2bat0226.cmsaf.mit.edu 
Job is running on Linux t2bat0226.cmsaf.mit.edu 2.6.32-358.el6.x86_64 #1 SMP Fri Feb 22 20:37:17 CST 2013 x86_64 x86_64 x86_64 GNU/Linux
Filesystem            Size  Used Avail Use% Mounted on
/dev/sda3              20G  3.0G   16G  16% /
tmpfs                  12G     0   12G   0% /dev/shm
/dev/sda1              97M   32M   61M  35% /boot
/dev/sda4             874G   69G  805G   8% /export/data1
/dev/sdb1             1.8T  1.7T  151G  92% /export/00b
/dev/sdc1             1.8T  1.7T  163G  92% /export/00c
/dev/sdd1             1.8T  1.7T  175G  91% /export/00d
/dev/sde1             1.8T  1.7T  167G  91% /export/00e
/dev/sdf1             1.8T  1.7T  175G  91% /export/00f
fuse_dfs              4.9P  4.5P  447T  92% /mnt/hadoop
t2srv0004:/export/db  135G  187M  135G   1% /net/t2srv0004/db
cvmfs2                 98G   68G   30G  70% /cvmfs/cms.cern.ch
cvmfs2                 98G   68G   30G  70% /cvmfs/cvmfs.cmsaf.mit.edu
gcc (GCC) 4.4.7 20120313 (Red Hat 4.4.7-3)
Copyright (C) 2010 Free Software Foundation, Inc.
This is free software; see the source for copying conditions.  There is NO
warranty; not even for MERCHANTABILITY or FITNESS FOR A PARTICULAR PURPOSE.

Processing...
0/900572
10000/900572
20000/900572
30000/900572
40000/900572
50000/900572
60000/900572
70000/900572
80000/900572
90000/900572
100000/900572
110000/900572
120000/900572
130000/900572
140000/900572
150000/900572
160000/900572
170000/900572
180000/900572
190000/900572
200000/900572
210000/900572
220000/900572
230000/900572
240000/900572
250000/900572
260000/900572
270000/900572
280000/900572
290000/900572
300000/900572
310000/900572
320000/900572
330000/900572
340000/900572
350000/900572
360000/900572
370000/900572
380000/900572
390000/900572
400000/900572
410000/900572
420000/900572
430000/900572
440000/900572
450000/900572
460000/900572
470000/900572
480000/900572
490000/900572
500000/900572
510000/900572
520000/900572
530000/900572
540000/900572
550000/900572
560000/900572
570000/900572
580000/900572
590000/900572
600000/900572
610000/900572
620000/900572
630000/900572
640000/900572
650000/900572
660000/900572
670000/900572
680000/900572
690000/900572
700000/900572
710000/900572
720000/900572
730000/900572
740000/900572
750000/900572
760000/900572
770000/900572
780000/900572
790000/900572
800000/900572
810000/900572
820000/900572
830000/900572
840000/900572
850000/900572
860000/900572
870000/900572
880000/900572
890000/900572
900000/900572
Macro finished: 
CPU time (min)  = 6.805
Real time (min) = 7.65282
Done!
Copied output files to hadoop rootfiles/JetRAA/June22
