
----------------------------------------------------
Job started on Fri Jul 10 16:50:22 EDT 2015 at WN: t2bat0298.cmsaf.mit.edu 
Job is running on Linux t2bat0298.cmsaf.mit.edu 2.6.32-358.el6.x86_64 #1 SMP Fri Feb 22 20:37:17 CST 2013 x86_64 x86_64 x86_64 GNU/Linux
Filesystem            Size  Used Avail Use% Mounted on
/dev/sda3              20G   14G  5.5G  71% /
tmpfs                  32G     0   32G   0% /dev/shm
/dev/sda1              97M   32M   61M  35% /boot
/dev/sda4             416G   88G  328G  22% /export/data1
fuse_dfs              4.9P  4.5P  447T  92% /mnt/hadoop
/dev/sdb1             2.7T  2.5T  276G  90% /export/00b
/dev/sdc1             2.7T  2.5T  256G  91% /export/00c
/dev/sdd1             2.7T  2.5T  268G  91% /export/00d
/dev/sde1             2.7T  2.5T  264G  91% /export/00e
/dev/sdf1             2.7T  2.4T  297G  90% /export/00f
/dev/sdg1             2.7T  2.5T  269G  91% /export/00g
/dev/sdh1             2.7T  2.5T  264G  91% /export/00h
/dev/sdi1             2.7T  2.5T  277G  90% /export/00i
/dev/sdj1             2.7T  2.5T  267G  91% /export/00j
/dev/sdk1             2.7T  2.5T  289G  90% /export/00k
/dev/sdl1             2.7T  2.5T  285G  90% /export/00l
cvmfs2                 98G   82G   17G  84% /cvmfs/cms.cern.ch
t2srv0004:/export/db  135G  187M  135G   1% /net/t2srv0004/db
cvmfs2                 98G   82G   17G  84% /cvmfs/cvmfs.cmsaf.mit.edu
gcc (GCC) 4.4.7 20120313 (Red Hat 4.4.7-3)
Copyright (C) 2010 Free Software Foundation, Inc.
This is free software; see the source for copying conditions.  There is NO
warranty; not even for MERCHANTABILITY or FITNESS FOR A PARTICULAR PURPOSE.

Processing...
0/254202
10000/254202
20000/254202
30000/254202
40000/254202
50000/254202
60000/254202
70000/254202
80000/254202
90000/254202
100000/254202
110000/254202
120000/254202
130000/254202
140000/254202
150000/254202
160000/254202
170000/254202
180000/254202
190000/254202
200000/254202
210000/254202
220000/254202
230000/254202
240000/254202
250000/254202
Macro finished: 
CPU time (min)  = 2.15117
Real time (min) = 9.75403
Done!
Copied output files to hadoop rootfiles/JetRAA/June22
