
----------------------------------------------------
Job started on Fri Jul 10 16:55:15 EDT 2015 at WN: t2bat0236.cmsaf.mit.edu 
Job is running on Linux t2bat0236.cmsaf.mit.edu 2.6.32-358.el6.x86_64 #1 SMP Fri Feb 22 20:37:17 CST 2013 x86_64 x86_64 x86_64 GNU/Linux
Filesystem            Size  Used Avail Use% Mounted on
/dev/sda3              20G  3.0G   16G  16% /
tmpfs                  12G     0   12G   0% /dev/shm
/dev/sda1              97M   32M   61M  35% /boot
/dev/sda4             874G   99G  775G  12% /export/data1
/dev/sdb1             1.8T  1.7T  172G  91% /export/00b
/dev/sdc1             1.8T  1.7T  146G  93% /export/00c
/dev/sdd1             1.8T  1.7T  169G  91% /export/00d
/dev/sde1             1.8T  1.7T  175G  91% /export/00e
/dev/sdf1             1.8T  1.7T  167G  91% /export/00f
fuse_dfs              4.9P  4.5P  447T  92% /mnt/hadoop
t2srv0004:/export/db  135G  187M  135G   1% /net/t2srv0004/db
cvmfs2                 98G   98G  245M 100% /cvmfs/cms.cern.ch
cvmfs2                 98G   98G  245M 100% /cvmfs/oasis.opensciencegrid.org
cvmfs2                 98G   98G  245M 100% /cvmfs/grid.cern.ch
cvmfs2                 98G   98G  245M 100% /cvmfs/fermilab.opensciencegrid.org
cvmfs2                 98G   98G  245M 100% /cvmfs/mu2e.opensciencegrid.org
gcc (GCC) 4.4.7 20120313 (Red Hat 4.4.7-3)
Copyright (C) 2010 Free Software Foundation, Inc.
This is free software; see the source for copying conditions.  There is NO
warranty; not even for MERCHANTABILITY or FITNESS FOR A PARTICULAR PURPOSE.

Processing...
0/883069
10000/883069
20000/883069
30000/883069
40000/883069
50000/883069
60000/883069
70000/883069
80000/883069
90000/883069
100000/883069
110000/883069
120000/883069
130000/883069
140000/883069
150000/883069
160000/883069
170000/883069
180000/883069
190000/883069
200000/883069
210000/883069
220000/883069
230000/883069
240000/883069
250000/883069
260000/883069
270000/883069
280000/883069
290000/883069
300000/883069
310000/883069
320000/883069
330000/883069
340000/883069
350000/883069
360000/883069
370000/883069
380000/883069
390000/883069
400000/883069
410000/883069
420000/883069
430000/883069
440000/883069
450000/883069
460000/883069
470000/883069
480000/883069
490000/883069
500000/883069
510000/883069
520000/883069
530000/883069
540000/883069
550000/883069
560000/883069
570000/883069
580000/883069
590000/883069
600000/883069
610000/883069
620000/883069
630000/883069
640000/883069
650000/883069
660000/883069
670000/883069
680000/883069
690000/883069
700000/883069
710000/883069
720000/883069
730000/883069
740000/883069
750000/883069
760000/883069
770000/883069
780000/883069
790000/883069
800000/883069
810000/883069
820000/883069
830000/883069
840000/883069
850000/883069
860000/883069
870000/883069
880000/883069
Macro finished: 
CPU time (min)  = 6.62267
Real time (min) = 7.37779
Done!
Copied output files to hadoop rootfiles/JetRAA/June22
