000 (428179.000.000) 06/23 17:53:56 Job submitted from host: <18.12.1.74:48322>
...
001 (428179.000.000) 06/23 17:54:17 Job executing on host: <18.12.9.70:40511>
...
006 (428179.000.000) 06/23 17:54:26 Image size of job updated: 154816
	43  -  MemoryUsage of job (MB)
	44024  -  ResidentSetSize of job (KB)
...
006 (428179.000.000) 06/23 17:59:27 Image size of job updated: 248812
	127  -  MemoryUsage of job (MB)
	129352  -  ResidentSetSize of job (KB)
...
006 (428179.000.000) 06/23 18:04:28 Image size of job updated: 248812
	127  -  MemoryUsage of job (MB)
	129364  -  ResidentSetSize of job (KB)
...
006 (428179.000.000) 06/23 18:09:28 Image size of job updated: 248812
	129  -  MemoryUsage of job (MB)
	131820  -  ResidentSetSize of job (KB)
...
005 (428179.000.000) 06/23 18:12:31 Job terminated.
	(1) Normal termination (return value 0)
		Usr 0 00:12:18, Sys 0 00:00:04  -  Run Remote Usage
		Usr 0 00:00:00, Sys 0 00:00:00  -  Run Local Usage
		Usr 0 00:12:18, Sys 0 00:00:04  -  Total Remote Usage
		Usr 0 00:00:00, Sys 0 00:00:00  -  Total Local Usage
	410874  -  Run Bytes Sent By Job
	46217  -  Run Bytes Received By Job
	410874  -  Total Bytes Sent By Job
	46217  -  Total Bytes Received By Job
	Partitionable Resources :    Usage  Request          
	   Cpus                 :                 1          
	   Disk (KB)            :      742      742          
	   Memory (MB)          :      129      129          
...
