000 (428159.000.000) 06/23 17:53:54 Job submitted from host: <18.12.1.74:48322>
...
001 (428159.000.000) 06/23 17:54:18 Job executing on host: <18.12.9.78:45840>
...
006 (428159.000.000) 06/23 17:54:26 Image size of job updated: 155704
	27  -  MemoryUsage of job (MB)
	27460  -  ResidentSetSize of job (KB)
...
006 (428159.000.000) 06/23 17:59:26 Image size of job updated: 247516
	116  -  MemoryUsage of job (MB)
	118616  -  ResidentSetSize of job (KB)
...
006 (428159.000.000) 06/23 18:04:27 Image size of job updated: 248552
	120  -  MemoryUsage of job (MB)
	122612  -  ResidentSetSize of job (KB)
...
005 (428159.000.000) 06/23 18:07:39 Job terminated.
	(1) Normal termination (return value 0)
		Usr 0 00:10:51, Sys 0 00:00:06  -  Run Remote Usage
		Usr 0 00:00:00, Sys 0 00:00:00  -  Run Local Usage
		Usr 0 00:10:51, Sys 0 00:00:06  -  Total Remote Usage
		Usr 0 00:00:00, Sys 0 00:00:00  -  Total Local Usage
	409872  -  Run Bytes Sent By Job
	46217  -  Run Bytes Received By Job
	409872  -  Total Bytes Sent By Job
	46217  -  Total Bytes Received By Job
	Partitionable Resources :    Usage  Request          
	   Cpus                 :                 1          
	   Disk (KB)            :      471      471          
	   Memory (MB)          :      120      120          
...
000 (451384.000.000) 06/25 13:03:52 Job submitted from host: <18.12.1.74:48322>
...
001 (451384.000.000) 06/25 13:04:12 Job executing on host: <18.12.12.16:49928>
...
006 (451384.000.000) 06/25 13:04:20 Image size of job updated: 1
	3  -  MemoryUsage of job (MB)
	2352  -  ResidentSetSize of job (KB)
...
006 (451384.000.000) 06/25 13:04:24 Image size of job updated: 330548
	3  -  MemoryUsage of job (MB)
	2352  -  ResidentSetSize of job (KB)
...
005 (451384.000.000) 06/25 13:04:24 Job terminated.
	(1) Normal termination (return value 0)
		Usr 0 00:00:00, Sys 0 00:00:00  -  Run Remote Usage
		Usr 0 00:00:00, Sys 0 00:00:00  -  Run Local Usage
		Usr 0 00:00:00, Sys 0 00:00:00  -  Total Remote Usage
		Usr 0 00:00:00, Sys 0 00:00:00  -  Total Local Usage
	474454  -  Run Bytes Sent By Job
	45684  -  Run Bytes Received By Job
	474454  -  Total Bytes Sent By Job
	45684  -  Total Bytes Received By Job
	Partitionable Resources :    Usage  Request          
	   Cpus                 :                 1          
	   Disk (KB)            :      534      534          
	   Memory (MB)          :        3        3          
...
000 (451443.000.000) 06/25 13:07:33 Job submitted from host: <18.12.1.74:48322>
...
001 (451443.000.000) 06/25 13:07:45 Job executing on host: <18.12.8.194:43139>
...
006 (451443.000.000) 06/25 13:07:53 Image size of job updated: 1
	3  -  MemoryUsage of job (MB)
	2352  -  ResidentSetSize of job (KB)
...
005 (451443.000.000) 06/25 13:07:57 Job terminated.
	(1) Normal termination (return value 0)
		Usr 0 00:00:00, Sys 0 00:00:00  -  Run Remote Usage
		Usr 0 00:00:00, Sys 0 00:00:00  -  Run Local Usage
		Usr 0 00:00:00, Sys 0 00:00:00  -  Total Remote Usage
		Usr 0 00:00:00, Sys 0 00:00:00  -  Total Local Usage
	479205  -  Run Bytes Sent By Job
	47932  -  Run Bytes Received By Job
	479205  -  Total Bytes Sent By Job
	47932  -  Total Bytes Received By Job
	Partitionable Resources :    Usage  Request          
	   Cpus                 :                 1          
	   Disk (KB)            :      540      540          
	   Memory (MB)          :        3        3          
...
000 (451502.000.000) 06/25 13:18:35 Job submitted from host: <18.12.1.74:48322>
...
001 (451502.000.000) 06/25 13:18:43 Job executing on host: <18.12.8.4:48614>
...
006 (451502.000.000) 06/25 13:18:52 Image size of job updated: 1
	3  -  MemoryUsage of job (MB)
	2356  -  ResidentSetSize of job (KB)
...
006 (451502.000.000) 06/25 13:23:53 Image size of job updated: 252036
	84  -  MemoryUsage of job (MB)
	85780  -  ResidentSetSize of job (KB)
...
006 (451502.000.000) 06/25 13:28:54 Image size of job updated: 256520
	87  -  MemoryUsage of job (MB)
	88084  -  ResidentSetSize of job (KB)
...
005 (451502.000.000) 06/25 13:34:04 Job terminated.
	(1) Normal termination (return value 0)
		Usr 0 00:11:15, Sys 0 00:00:05  -  Run Remote Usage
		Usr 0 00:00:00, Sys 0 00:00:00  -  Run Local Usage
		Usr 0 00:11:15, Sys 0 00:00:05  -  Total Remote Usage
		Usr 0 00:00:00, Sys 0 00:00:00  -  Total Local Usage
	472398  -  Run Bytes Sent By Job
	45681  -  Run Bytes Received By Job
	472398  -  Total Bytes Sent By Job
	45681  -  Total Bytes Received By Job
	Partitionable Resources :    Usage  Request          
	   Cpus                 :                 1          
	   Disk (KB)            :      532      532          
	   Memory (MB)          :       87       87          
...
000 (451663.000.000) 06/25 21:34:31 Job submitted from host: <18.12.1.74:48322>
...
001 (451663.000.000) 06/25 21:34:41 Job executing on host: <18.12.9.47:46351>
...
006 (451663.000.000) 06/25 21:34:49 Image size of job updated: 191428
	60  -  MemoryUsage of job (MB)
	60640  -  ResidentSetSize of job (KB)
...
006 (451663.000.000) 06/25 21:39:49 Image size of job updated: 252028
	89  -  MemoryUsage of job (MB)
	90980  -  ResidentSetSize of job (KB)
...
006 (451663.000.000) 06/25 21:44:50 Image size of job updated: 256608
	138  -  MemoryUsage of job (MB)
	140804  -  ResidentSetSize of job (KB)
...
005 (451663.000.000) 06/25 21:47:16 Job terminated.
	(1) Normal termination (return value 0)
		Usr 0 00:10:43, Sys 0 00:00:04  -  Run Remote Usage
		Usr 0 00:00:00, Sys 0 00:00:00  -  Run Local Usage
		Usr 0 00:10:43, Sys 0 00:00:04  -  Total Remote Usage
		Usr 0 00:00:00, Sys 0 00:00:00  -  Total Local Usage
	481436  -  Run Bytes Sent By Job
	48163  -  Run Bytes Received By Job
	481436  -  Total Bytes Sent By Job
	48163  -  Total Bytes Received By Job
	Partitionable Resources :    Usage  Request          
	   Cpus                 :                 1          
	   Disk (KB)            :      543      543          
	   Memory (MB)          :      138      138          
...
000 (452341.000.000) 06/26 11:24:29 Job submitted from host: <18.12.1.74:48322>
...
001 (452341.000.000) 06/26 11:25:05 Job executing on host: <18.12.9.76:47884>
...
006 (452341.000.000) 06/26 11:25:14 Image size of job updated: 1
	3  -  MemoryUsage of job (MB)
	2356  -  ResidentSetSize of job (KB)
...
006 (452341.000.000) 06/26 11:30:15 Image size of job updated: 252176
	84  -  MemoryUsage of job (MB)
	85724  -  ResidentSetSize of job (KB)
...
006 (452341.000.000) 06/26 11:35:15 Image size of job updated: 256624
	102  -  MemoryUsage of job (MB)
	104384  -  ResidentSetSize of job (KB)
...
005 (452341.000.000) 06/26 11:38:50 Job terminated.
	(1) Normal termination (return value 0)
		Usr 0 00:11:38, Sys 0 00:00:10  -  Run Remote Usage
		Usr 0 00:00:00, Sys 0 00:00:00  -  Run Local Usage
		Usr 0 00:11:38, Sys 0 00:00:10  -  Total Remote Usage
		Usr 0 00:00:00, Sys 0 00:00:00  -  Total Local Usage
	481437  -  Run Bytes Sent By Job
	48164  -  Run Bytes Received By Job
	481437  -  Total Bytes Sent By Job
	48164  -  Total Bytes Received By Job
	Partitionable Resources :    Usage  Request          
	   Cpus                 :                 1          
	   Disk (KB)            :      543      543          
	   Memory (MB)          :      102      102          
...
000 (456082.000.000) 06/26 11:55:56 Job submitted from host: <18.12.1.74:48322>
...
001 (456082.000.000) 06/26 11:56:07 Job executing on host: <18.12.8.173:40000>
...
006 (456082.000.000) 06/26 11:56:15 Image size of job updated: 1
	3  -  MemoryUsage of job (MB)
	2356  -  ResidentSetSize of job (KB)
...
006 (456082.000.000) 06/26 12:01:15 Image size of job updated: 252024
	93  -  MemoryUsage of job (MB)
	94932  -  ResidentSetSize of job (KB)
...
006 (456082.000.000) 06/26 12:03:46 Image size of job updated: 256604
	93  -  MemoryUsage of job (MB)
	94932  -  ResidentSetSize of job (KB)
...
005 (456082.000.000) 06/26 12:03:47 Job terminated.
	(1) Normal termination (return value 0)
		Usr 0 00:06:16, Sys 0 00:00:04  -  Run Remote Usage
		Usr 0 00:00:00, Sys 0 00:00:00  -  Run Local Usage
		Usr 0 00:06:16, Sys 0 00:00:04  -  Total Remote Usage
		Usr 0 00:00:00, Sys 0 00:00:00  -  Total Local Usage
	479959  -  Run Bytes Sent By Job
	48164  -  Run Bytes Received By Job
	479959  -  Total Bytes Sent By Job
	48164  -  Total Bytes Received By Job
	Partitionable Resources :    Usage  Request          
	   Cpus                 :                 1          
	   Disk (KB)            :      541      541          
	   Memory (MB)          :       93       93          
...
000 (472544.000.000) 06/26 14:30:28 Job submitted from host: <18.12.1.74:48322>
...
001 (472544.000.000) 06/26 14:30:50 Job executing on host: <18.12.9.53:46424>
...
006 (472544.000.000) 06/26 14:30:58 Image size of job updated: 247996
	68  -  MemoryUsage of job (MB)
	69084  -  ResidentSetSize of job (KB)
...
006 (472544.000.000) 06/26 14:35:58 Image size of job updated: 317688
	168  -  MemoryUsage of job (MB)
	171196  -  ResidentSetSize of job (KB)
...
005 (472544.000.000) 06/26 14:38:21 Job terminated.
	(1) Normal termination (return value 0)
		Usr 0 00:06:15, Sys 0 00:00:03  -  Run Remote Usage
		Usr 0 00:00:00, Sys 0 00:00:00  -  Run Local Usage
		Usr 0 00:06:15, Sys 0 00:00:03  -  Total Remote Usage
		Usr 0 00:00:00, Sys 0 00:00:00  -  Total Local Usage
	480807  -  Run Bytes Sent By Job
	48486  -  Run Bytes Received By Job
	480807  -  Total Bytes Sent By Job
	48486  -  Total Bytes Received By Job
	Partitionable Resources :    Usage  Request          
	   Cpus                 :                 1          
	   Disk (KB)            :      542      542          
	   Memory (MB)          :      168      168          
...
000 (472670.000.000) 06/26 15:12:44 Job submitted from host: <18.12.1.74:48322>
...
001 (472670.000.000) 06/26 15:13:19 Job executing on host: <18.12.8.127:48906>
...
006 (472670.000.000) 06/26 15:13:27 Image size of job updated: 18496
	2  -  MemoryUsage of job (MB)
	1904  -  ResidentSetSize of job (KB)
...
006 (472670.000.000) 06/26 15:18:27 Image size of job updated: 317724
	185  -  MemoryUsage of job (MB)
	188916  -  ResidentSetSize of job (KB)
...
005 (472670.000.000) 06/26 15:20:54 Job terminated.
	(1) Normal termination (return value 0)
		Usr 0 00:05:33, Sys 0 00:00:09  -  Run Remote Usage
		Usr 0 00:00:00, Sys 0 00:00:00  -  Run Local Usage
		Usr 0 00:05:33, Sys 0 00:00:09  -  Total Remote Usage
		Usr 0 00:00:00, Sys 0 00:00:00  -  Total Local Usage
	480806  -  Run Bytes Sent By Job
	48521  -  Run Bytes Received By Job
	480806  -  Total Bytes Sent By Job
	48521  -  Total Bytes Received By Job
	Partitionable Resources :    Usage  Request          
	   Cpus                 :                 1          
	   Disk (KB)            :      542      542          
	   Memory (MB)          :      185      185          
...
000 (472878.000.000) 06/26 16:40:23 Job submitted from host: <18.12.1.74:48322>
...
001 (472878.000.000) 06/26 16:40:35 Job executing on host: <18.12.8.4:48614>
...
006 (472878.000.000) 06/26 16:40:43 Image size of job updated: 69180
	14  -  MemoryUsage of job (MB)
	13316  -  ResidentSetSize of job (KB)
...
006 (472878.000.000) 06/26 16:45:43 Image size of job updated: 311456
	160  -  MemoryUsage of job (MB)
	162904  -  ResidentSetSize of job (KB)
...
006 (472878.000.000) 06/26 16:49:52 Image size of job updated: 317692
	160  -  MemoryUsage of job (MB)
	162904  -  ResidentSetSize of job (KB)
...
005 (472878.000.000) 06/26 16:49:52 Job terminated.
	(1) Normal termination (return value 0)
		Usr 0 00:07:44, Sys 0 00:00:03  -  Run Remote Usage
		Usr 0 00:00:00, Sys 0 00:00:00  -  Run Local Usage
		Usr 0 00:07:44, Sys 0 00:00:03  -  Total Remote Usage
		Usr 0 00:00:00, Sys 0 00:00:00  -  Total Local Usage
	481396  -  Run Bytes Sent By Job
	48948  -  Run Bytes Received By Job
	481396  -  Total Bytes Sent By Job
	48948  -  Total Bytes Received By Job
	Partitionable Resources :    Usage  Request          
	   Cpus                 :                 1          
	   Disk (KB)            :      543      543          
	   Memory (MB)          :      160      160          
...
000 (492229.000.000) 06/29 10:00:34 Job submitted from host: <18.12.1.74:48322>
...
001 (492229.000.000) 06/29 10:00:46 Job executing on host: <18.12.8.105:41095>
...
006 (492229.000.000) 06/29 10:00:54 Image size of job updated: 248216
	56  -  MemoryUsage of job (MB)
	57196  -  ResidentSetSize of job (KB)
...
006 (492229.000.000) 06/29 10:05:54 Image size of job updated: 315672
	168  -  MemoryUsage of job (MB)
	171388  -  ResidentSetSize of job (KB)
...
005 (492229.000.000) 06/29 10:07:57 Job terminated.
	(1) Normal termination (return value 0)
		Usr 0 00:05:27, Sys 0 00:00:08  -  Run Remote Usage
		Usr 0 00:00:00, Sys 0 00:00:00  -  Run Local Usage
		Usr 0 00:05:27, Sys 0 00:00:08  -  Total Remote Usage
		Usr 0 00:00:00, Sys 0 00:00:00  -  Total Local Usage
	481764  -  Run Bytes Sent By Job
	49114  -  Run Bytes Received By Job
	481764  -  Total Bytes Sent By Job
	49114  -  Total Bytes Received By Job
	Partitionable Resources :    Usage  Request          
	   Cpus                 :                 1          
	   Disk (KB)            :      544      544          
	   Memory (MB)          :      168      168          
...
000 (493126.000.000) 06/29 11:50:38 Job submitted from host: <18.12.1.74:48322>
...
001 (493126.000.000) 06/29 11:50:48 Job executing on host: <18.12.9.83:46497>
...
006 (493126.000.000) 06/29 11:50:56 Image size of job updated: 13384
	2  -  MemoryUsage of job (MB)
	1984  -  ResidentSetSize of job (KB)
...
006 (493126.000.000) 06/29 11:55:56 Image size of job updated: 254556
	87  -  MemoryUsage of job (MB)
	89036  -  ResidentSetSize of job (KB)
...
005 (493126.000.000) 06/29 11:59:20 Job terminated.
	(1) Normal termination (return value 0)
		Usr 0 00:06:26, Sys 0 00:00:05  -  Run Remote Usage
		Usr 0 00:00:00, Sys 0 00:00:00  -  Run Local Usage
		Usr 0 00:06:26, Sys 0 00:00:05  -  Total Remote Usage
		Usr 0 00:00:00, Sys 0 00:00:00  -  Total Local Usage
	482440  -  Run Bytes Sent By Job
	49359  -  Run Bytes Received By Job
	482440  -  Total Bytes Sent By Job
	49359  -  Total Bytes Received By Job
	Partitionable Resources :    Usage  Request          
	   Cpus                 :                 1          
	   Disk (KB)            :      545      545          
	   Memory (MB)          :       87       87          
...
000 (493243.000.000) 06/29 12:56:25 Job submitted from host: <18.12.1.74:48322>
...
001 (493243.000.000) 06/29 12:56:59 Job executing on host: <18.12.6.47:47300>
...
006 (493243.000.000) 06/29 12:57:08 Image size of job updated: 68260
	16  -  MemoryUsage of job (MB)
	16128  -  ResidentSetSize of job (KB)
...
006 (493243.000.000) 06/29 13:02:09 Image size of job updated: 254420
	82  -  MemoryUsage of job (MB)
	83012  -  ResidentSetSize of job (KB)
...
005 (493243.000.000) 06/29 13:05:58 Job terminated.
	(1) Normal termination (return value 0)
		Usr 0 00:07:28, Sys 0 00:00:02  -  Run Remote Usage
		Usr 0 00:00:00, Sys 0 00:00:00  -  Run Local Usage
		Usr 0 00:07:28, Sys 0 00:00:02  -  Total Remote Usage
		Usr 0 00:00:00, Sys 0 00:00:00  -  Total Local Usage
	482418  -  Run Bytes Sent By Job
	49363  -  Run Bytes Received By Job
	482418  -  Total Bytes Sent By Job
	49363  -  Total Bytes Received By Job
	Partitionable Resources :    Usage  Request          
	   Cpus                 :                 1          
	   Disk (KB)            :      545      545          
	   Memory (MB)          :       82       82          
...
000 (493389.000.000) 06/29 13:37:13 Job submitted from host: <18.12.1.74:48322>
...
001 (493389.000.000) 06/29 13:37:49 Job executing on host: <18.12.6.18:47592>
...
006 (493389.000.000) 06/29 13:37:58 Image size of job updated: 193708
	62  -  MemoryUsage of job (MB)
	62840  -  ResidentSetSize of job (KB)
...
006 (493389.000.000) 06/29 13:42:59 Image size of job updated: 254560
	114  -  MemoryUsage of job (MB)
	116160  -  ResidentSetSize of job (KB)
...
005 (493389.000.000) 06/29 13:46:36 Job terminated.
	(1) Normal termination (return value 0)
		Usr 0 00:07:38, Sys 0 00:00:03  -  Run Remote Usage
		Usr 0 00:00:00, Sys 0 00:00:00  -  Run Local Usage
		Usr 0 00:07:38, Sys 0 00:00:03  -  Total Remote Usage
		Usr 0 00:00:00, Sys 0 00:00:00  -  Total Local Usage
	482589  -  Run Bytes Sent By Job
	49355  -  Run Bytes Received By Job
	482589  -  Total Bytes Sent By Job
	49355  -  Total Bytes Received By Job
	Partitionable Resources :    Usage  Request          
	   Cpus                 :                 1          
	   Disk (KB)            :      545      545          
	   Memory (MB)          :      114      114          
...
000 (493533.000.000) 06/29 15:03:09 Job submitted from host: <18.12.1.74:48322>
...
001 (493533.000.000) 06/29 15:03:45 Job executing on host: <18.12.8.245:48906>
...
006 (493533.000.000) 06/29 15:03:54 Image size of job updated: 1
	3  -  MemoryUsage of job (MB)
	2372  -  ResidentSetSize of job (KB)
...
006 (493533.000.000) 06/29 15:04:52 Image size of job updated: 193980
	3  -  MemoryUsage of job (MB)
	2372  -  ResidentSetSize of job (KB)
...
004 (493533.000.000) 06/29 15:04:52 Job was evicted.
	(0) Job was not checkpointed.
		Usr 0 00:00:43, Sys 0 00:00:00  -  Run Remote Usage
		Usr 0 00:00:00, Sys 0 00:00:00  -  Run Local Usage
	0  -  Run Bytes Sent By Job
	49355  -  Run Bytes Received By Job
	Partitionable Resources :    Usage  Request          
	   Cpus                 :                 1          
	   Disk (KB)            :      544      544          
	   Memory (MB)          :        3        3          
...
009 (493533.000.000) 06/29 15:04:59 Job was aborted by the user.
	via condor_rm (by user rkunnawa)
...
000 (493650.000.000) 06/29 15:05:25 Job submitted from host: <18.12.1.74:48322>
...
001 (493650.000.000) 06/29 15:05:36 Job executing on host: <18.12.6.94:42336>
...
006 (493650.000.000) 06/29 15:05:45 Image size of job updated: 193980
	62  -  MemoryUsage of job (MB)
	63224  -  ResidentSetSize of job (KB)
...
000 (493767.000.000) 06/29 15:06:06 Job submitted from host: <18.12.1.74:48322>
...
001 (493767.000.000) 06/29 15:06:22 Job executing on host: <18.12.8.239:41022>
...
006 (493767.000.000) 06/29 15:06:30 Image size of job updated: 150020
	36  -  MemoryUsage of job (MB)
	36288  -  ResidentSetSize of job (KB)
...
006 (493650.000.000) 06/29 15:10:46 Image size of job updated: 254568
	76  -  MemoryUsage of job (MB)
	77708  -  ResidentSetSize of job (KB)
...
006 (493767.000.000) 06/29 15:11:30 Image size of job updated: 254416
	85  -  MemoryUsage of job (MB)
	86800  -  ResidentSetSize of job (KB)
...
005 (493650.000.000) 06/29 15:15:10 Job terminated.
	(1) Normal termination (return value 0)
		Usr 0 00:08:15, Sys 0 00:00:05  -  Run Remote Usage
		Usr 0 00:00:00, Sys 0 00:00:00  -  Run Local Usage
		Usr 0 00:08:15, Sys 0 00:00:05  -  Total Remote Usage
		Usr 0 00:00:00, Sys 0 00:00:00  -  Total Local Usage
	482490  -  Run Bytes Sent By Job
	49355  -  Run Bytes Received By Job
	482490  -  Total Bytes Sent By Job
	49355  -  Total Bytes Received By Job
	Partitionable Resources :    Usage  Request          
	   Cpus                 :                 1          
	   Disk (KB)            :      545      545          
	   Memory (MB)          :       76       76          
...
006 (493767.000.000) 06/29 15:16:32 Image size of job updated: 254416
	95  -  MemoryUsage of job (MB)
	96464  -  ResidentSetSize of job (KB)
...
005 (493767.000.000) 06/29 15:17:09 Job terminated.
	(1) Normal termination (return value 0)
		Usr 0 00:07:40, Sys 0 00:00:05  -  Run Remote Usage
		Usr 0 00:00:00, Sys 0 00:00:00  -  Run Local Usage
		Usr 0 00:07:40, Sys 0 00:00:05  -  Total Remote Usage
		Usr 0 00:00:00, Sys 0 00:00:00  -  Total Local Usage
	482378  -  Run Bytes Sent By Job
	49356  -  Run Bytes Received By Job
	482378  -  Total Bytes Sent By Job
	49356  -  Total Bytes Received By Job
	Partitionable Resources :    Usage  Request          
	   Cpus                 :                 1          
	   Disk (KB)            :      545      545          
	   Memory (MB)          :       95       95          
...
000 (494586.000.000) 06/29 21:49:59 Job submitted from host: <18.12.1.74:48322>
...
001 (494586.000.000) 06/29 21:50:30 Job executing on host: <18.12.6.45:41168>
...
006 (494586.000.000) 06/29 21:50:39 Image size of job updated: 193876
	63  -  MemoryUsage of job (MB)
	64172  -  ResidentSetSize of job (KB)
...
006 (494586.000.000) 06/29 21:55:40 Image size of job updated: 254588
	89  -  MemoryUsage of job (MB)
	90980  -  ResidentSetSize of job (KB)
...
005 (494586.000.000) 06/29 21:59:33 Job terminated.
	(1) Normal termination (return value 0)
		Usr 0 00:08:00, Sys 0 00:00:03  -  Run Remote Usage
		Usr 0 00:00:00, Sys 0 00:00:00  -  Run Local Usage
		Usr 0 00:08:00, Sys 0 00:00:03  -  Total Remote Usage
		Usr 0 00:00:00, Sys 0 00:00:00  -  Total Local Usage
	483083  -  Run Bytes Sent By Job
	49495  -  Run Bytes Received By Job
	483083  -  Total Bytes Sent By Job
	49495  -  Total Bytes Received By Job
	Partitionable Resources :    Usage  Request          
	   Cpus                 :                 1          
	   Disk (KB)            :      546      546          
	   Memory (MB)          :       89       89          
...
000 (496501.000.000) 07/07 14:54:11 Job submitted from host: <18.12.1.74:48322>
...
001 (496501.000.000) 07/07 14:54:33 Job executing on host: <18.12.6.88:46278>
...
006 (496501.000.000) 07/07 14:54:41 Image size of job updated: 1
	3  -  MemoryUsage of job (MB)
	2356  -  ResidentSetSize of job (KB)
...
006 (496501.000.000) 07/07 14:59:41 Image size of job updated: 254788
	91  -  MemoryUsage of job (MB)
	92396  -  ResidentSetSize of job (KB)
...
005 (496501.000.000) 07/07 15:04:13 Job terminated.
	(1) Normal termination (return value 0)
		Usr 0 00:08:16, Sys 0 00:00:04  -  Run Remote Usage
		Usr 0 00:00:00, Sys 0 00:00:00  -  Run Local Usage
		Usr 0 00:08:16, Sys 0 00:00:04  -  Total Remote Usage
		Usr 0 00:00:00, Sys 0 00:00:00  -  Total Local Usage
	488882  -  Run Bytes Sent By Job
	50562  -  Run Bytes Received By Job
	488882  -  Total Bytes Sent By Job
	50562  -  Total Bytes Received By Job
	Partitionable Resources :    Usage  Request          
	   Cpus                 :                 1          
	   Disk (KB)            :      552      552          
	   Memory (MB)          :       91       91          
...
000 (496737.000.000) 07/07 17:00:55 Job submitted from host: <18.12.1.74:48322>
...
001 (496737.000.000) 07/07 17:01:29 Job executing on host: <18.12.8.22:40584>
...
006 (496737.000.000) 07/07 17:01:38 Image size of job updated: 193104
	61  -  MemoryUsage of job (MB)
	62236  -  ResidentSetSize of job (KB)
...
006 (496737.000.000) 07/07 17:06:39 Image size of job updated: 253728
	75  -  MemoryUsage of job (MB)
	76572  -  ResidentSetSize of job (KB)
...
006 (496737.000.000) 07/07 17:11:39 Image size of job updated: 254792
	96  -  MemoryUsage of job (MB)
	98156  -  ResidentSetSize of job (KB)
...
005 (496737.000.000) 07/07 17:18:04 Job terminated.
	(1) Normal termination (return value 0)
		Usr 0 00:14:42, Sys 0 00:00:13  -  Run Remote Usage
		Usr 0 00:00:00, Sys 0 00:00:00  -  Run Local Usage
		Usr 0 00:14:42, Sys 0 00:00:13  -  Total Remote Usage
		Usr 0 00:00:00, Sys 0 00:00:00  -  Total Local Usage
	489307  -  Run Bytes Sent By Job
	50642  -  Run Bytes Received By Job
	489307  -  Total Bytes Sent By Job
	50642  -  Total Bytes Received By Job
	Partitionable Resources :    Usage  Request          
	   Cpus                 :                 1          
	   Disk (KB)            :      553      553          
	   Memory (MB)          :       96       96          
...
000 (497117.000.000) 07/09 11:21:59 Job submitted from host: <18.12.1.74:48322>
...
001 (497117.000.000) 07/09 11:22:33 Job executing on host: <18.12.8.75:47957>
...
006 (497117.000.000) 07/09 11:22:42 Image size of job updated: 194076
	54  -  MemoryUsage of job (MB)
	55120  -  ResidentSetSize of job (KB)
...
006 (497117.000.000) 07/09 11:27:43 Image size of job updated: 254944
	83  -  MemoryUsage of job (MB)
	84004  -  ResidentSetSize of job (KB)
...
006 (497117.000.000) 07/09 11:32:44 Image size of job updated: 254944
	88  -  MemoryUsage of job (MB)
	89468  -  ResidentSetSize of job (KB)
...
005 (497117.000.000) 07/09 11:32:47 Job terminated.
	(1) Normal termination (return value 0)
		Usr 0 00:07:31, Sys 0 00:00:09  -  Run Remote Usage
		Usr 0 00:00:00, Sys 0 00:00:00  -  Run Local Usage
		Usr 0 00:07:31, Sys 0 00:00:09  -  Total Remote Usage
		Usr 0 00:00:00, Sys 0 00:00:00  -  Total Local Usage
	489485  -  Run Bytes Sent By Job
	50700  -  Run Bytes Received By Job
	489485  -  Total Bytes Sent By Job
	50700  -  Total Bytes Received By Job
	Partitionable Resources :    Usage  Request          
	   Cpus                 :                 1          
	   Disk (KB)            :      553      553          
	   Memory (MB)          :       88       88          
...
000 (497623.000.000) 07/09 15:43:05 Job submitted from host: <18.12.1.74:48322>
...
001 (497623.000.000) 07/09 15:43:14 Job executing on host: <18.12.8.200:41825>
...
006 (497623.000.000) 07/09 15:43:22 Image size of job updated: 194132
	52  -  MemoryUsage of job (MB)
	52532  -  ResidentSetSize of job (KB)
...
006 (497623.000.000) 07/09 15:48:27 Image size of job updated: 254996
	74  -  MemoryUsage of job (MB)
	75324  -  ResidentSetSize of job (KB)
...
005 (497623.000.000) 07/09 15:52:55 Job terminated.
	(1) Normal termination (return value 0)
		Usr 0 00:08:15, Sys 0 00:00:06  -  Run Remote Usage
		Usr 0 00:00:00, Sys 0 00:00:00  -  Run Local Usage
		Usr 0 00:08:15, Sys 0 00:00:06  -  Total Remote Usage
		Usr 0 00:00:00, Sys 0 00:00:00  -  Total Local Usage
	489361  -  Run Bytes Sent By Job
	50706  -  Run Bytes Received By Job
	489361  -  Total Bytes Sent By Job
	50706  -  Total Bytes Received By Job
	Partitionable Resources :    Usage  Request          
	   Cpus                 :                 1          
	   Disk (KB)            :      553      553          
	   Memory (MB)          :       74       74          
...
000 (497948.000.000) 07/09 16:40:13 Job submitted from host: <18.12.1.74:48322>
...
001 (497948.000.000) 07/09 16:40:40 Job executing on host: <18.12.8.106:48760>
...
006 (497948.000.000) 07/09 16:40:48 Image size of job updated: 150396
	24  -  MemoryUsage of job (MB)
	24184  -  ResidentSetSize of job (KB)
...
006 (497948.000.000) 07/09 16:45:48 Image size of job updated: 255476
	85  -  MemoryUsage of job (MB)
	86312  -  ResidentSetSize of job (KB)
...
005 (497948.000.000) 07/09 16:47:27 Job terminated.
	(1) Normal termination (return value 0)
		Usr 0 00:05:16, Sys 0 00:00:08  -  Run Remote Usage
		Usr 0 00:00:00, Sys 0 00:00:00  -  Run Local Usage
		Usr 0 00:05:16, Sys 0 00:00:08  -  Total Remote Usage
		Usr 0 00:00:00, Sys 0 00:00:00  -  Total Local Usage
	489319  -  Run Bytes Sent By Job
	50713  -  Run Bytes Received By Job
	489319  -  Total Bytes Sent By Job
	50713  -  Total Bytes Received By Job
	Partitionable Resources :    Usage  Request          
	   Cpus                 :                 1          
	   Disk (KB)            :      553      553          
	   Memory (MB)          :       85       85          
...
000 (498263.000.000) 07/10 12:07:53 Job submitted from host: <18.12.1.74:48322>
...
001 (498263.000.000) 07/10 12:08:09 Job executing on host: <18.12.9.38:41971>
...
006 (498263.000.000) 07/10 12:08:18 Image size of job updated: 152264
	38  -  MemoryUsage of job (MB)
	38060  -  ResidentSetSize of job (KB)
...
006 (498263.000.000) 07/10 12:13:19 Image size of job updated: 253732
	64  -  MemoryUsage of job (MB)
	64744  -  ResidentSetSize of job (KB)
...
006 (498263.000.000) 07/10 12:18:19 Image size of job updated: 254976
	91  -  MemoryUsage of job (MB)
	92600  -  ResidentSetSize of job (KB)
...
005 (498263.000.000) 07/10 12:20:19 Job terminated.
	(1) Normal termination (return value 0)
		Usr 0 00:06:52, Sys 0 00:00:11  -  Run Remote Usage
		Usr 0 00:00:00, Sys 0 00:00:00  -  Run Local Usage
		Usr 0 00:06:52, Sys 0 00:00:11  -  Total Remote Usage
		Usr 0 00:00:00, Sys 0 00:00:00  -  Total Local Usage
	489442  -  Run Bytes Sent By Job
	50718  -  Run Bytes Received By Job
	489442  -  Total Bytes Sent By Job
	50718  -  Total Bytes Received By Job
	Partitionable Resources :    Usage  Request          
	   Cpus                 :                 1          
	   Disk (KB)            :      553      553          
	   Memory (MB)          :       91       91          
...
000 (498391.000.000) 07/10 14:02:37 Job submitted from host: <18.12.1.74:48322>
...
001 (498391.000.000) 07/10 14:10:57 Job executing on host: <18.12.6.94:42701>
...
006 (498391.000.000) 07/10 14:11:05 Image size of job updated: 189476
	58  -  MemoryUsage of job (MB)
	58972  -  ResidentSetSize of job (KB)
...
006 (498391.000.000) 07/10 14:16:05 Image size of job updated: 254792
	89  -  MemoryUsage of job (MB)
	90520  -  ResidentSetSize of job (KB)
...
005 (498391.000.000) 07/10 14:20:50 Job terminated.
	(1) Normal termination (return value 0)
		Usr 0 00:08:24, Sys 0 00:00:04  -  Run Remote Usage
		Usr 0 00:00:00, Sys 0 00:00:00  -  Run Local Usage
		Usr 0 00:08:24, Sys 0 00:00:04  -  Total Remote Usage
		Usr 0 00:00:00, Sys 0 00:00:00  -  Total Local Usage
	489522  -  Run Bytes Sent By Job
	50793  -  Run Bytes Received By Job
	489522  -  Total Bytes Sent By Job
	50793  -  Total Bytes Received By Job
	Partitionable Resources :    Usage  Request          
	   Cpus                 :                 1          
	   Disk (KB)            :      553      553          
	   Memory (MB)          :       89       89          
...
000 (498623.000.000) 07/10 16:45:24 Job submitted from host: <18.12.1.74:48322>
...
001 (498623.000.000) 07/10 16:48:16 Job executing on host: <18.12.8.189:43723>
...
006 (498623.000.000) 07/10 16:48:25 Image size of job updated: 194468
	63  -  MemoryUsage of job (MB)
	63588  -  ResidentSetSize of job (KB)
...
006 (498623.000.000) 07/10 16:53:26 Image size of job updated: 255336
	105  -  MemoryUsage of job (MB)
	106748  -  ResidentSetSize of job (KB)
...
005 (498623.000.000) 07/10 17:30:40 Job terminated.
	(1) Normal termination (return value 0)
		Usr 0 00:07:41, Sys 0 00:00:03  -  Run Remote Usage
		Usr 0 00:00:00, Sys 0 00:00:00  -  Run Local Usage
		Usr 0 00:07:41, Sys 0 00:00:03  -  Total Remote Usage
		Usr 0 00:00:00, Sys 0 00:00:00  -  Total Local Usage
	497791  -  Run Bytes Sent By Job
	52122  -  Run Bytes Received By Job
	497791  -  Total Bytes Sent By Job
	52122  -  Total Bytes Received By Job
	Partitionable Resources :    Usage  Request          
	   Cpus                 :                 1          
	   Disk (KB)            :      562      562          
	   Memory (MB)          :      105      105          
...
