000 (428186.000.000) 06/23 17:53:56 Job submitted from host: <18.12.1.74:48322>
...
001 (428186.000.000) 06/23 17:54:16 Job executing on host: <18.12.9.83:46497>
...
006 (428186.000.000) 06/23 17:54:24 Image size of job updated: 154452
	40  -  MemoryUsage of job (MB)
	40296  -  ResidentSetSize of job (KB)
...
006 (428186.000.000) 06/23 17:59:24 Image size of job updated: 246920
	130  -  MemoryUsage of job (MB)
	132372  -  ResidentSetSize of job (KB)
...
006 (428186.000.000) 06/23 18:00:37 Image size of job updated: 247208
	130  -  MemoryUsage of job (MB)
	132372  -  ResidentSetSize of job (KB)
...
005 (428186.000.000) 06/23 18:00:37 Job terminated.
	(1) Normal termination (return value 0)
		Usr 0 00:04:59, Sys 0 00:00:02  -  Run Remote Usage
		Usr 0 00:00:00, Sys 0 00:00:00  -  Run Local Usage
		Usr 0 00:04:59, Sys 0 00:00:02  -  Total Remote Usage
		Usr 0 00:00:00, Sys 0 00:00:00  -  Total Local Usage
	408422  -  Run Bytes Sent By Job
	46217  -  Run Bytes Received By Job
	408422  -  Total Bytes Sent By Job
	46217  -  Total Bytes Received By Job
	Partitionable Resources :    Usage  Request          
	   Cpus                 :                 1          
	   Disk (KB)            :      469      469          
	   Memory (MB)          :      130      130          
...
