000 (428173.000.000) 06/23 17:53:55 Job submitted from host: <18.12.1.74:48322>
...
001 (428173.000.000) 06/23 17:54:18 Job executing on host: <18.12.9.63:45475>
...
006 (428173.000.000) 06/23 17:54:27 Image size of job updated: 154700
	40  -  MemoryUsage of job (MB)
	40536  -  ResidentSetSize of job (KB)
...
006 (428173.000.000) 06/23 17:59:28 Image size of job updated: 247272
	130  -  MemoryUsage of job (MB)
	133068  -  ResidentSetSize of job (KB)
...
006 (428173.000.000) 06/23 18:04:28 Image size of job updated: 248296
	131  -  MemoryUsage of job (MB)
	134144  -  ResidentSetSize of job (KB)
...
006 (428173.000.000) 06/23 18:09:29 Image size of job updated: 248296
	132  -  MemoryUsage of job (MB)
	134288  -  ResidentSetSize of job (KB)
...
005 (428173.000.000) 06/23 18:09:29 Job terminated.
	(1) Normal termination (return value 0)
		Usr 0 00:09:05, Sys 0 00:00:04  -  Run Remote Usage
		Usr 0 00:00:00, Sys 0 00:00:00  -  Run Local Usage
		Usr 0 00:09:05, Sys 0 00:00:04  -  Total Remote Usage
		Usr 0 00:00:00, Sys 0 00:00:00  -  Total Local Usage
	409824  -  Run Bytes Sent By Job
	46217  -  Run Bytes Received By Job
	409824  -  Total Bytes Sent By Job
	46217  -  Total Bytes Received By Job
	Partitionable Resources :    Usage  Request          
	   Cpus                 :                 1          
	   Disk (KB)            :      471      471          
	   Memory (MB)          :      132      132          
...
