
----------------------------------------------------
Job started on Tue Jun 23 17:54:17 EDT 2015 at WN: t2bat0311.cmsaf.mit.edu 
Job is running on Linux t2bat0311.cmsaf.mit.edu 2.6.32-358.el6.x86_64 #1 SMP Fri Feb 22 20:37:17 CST 2013 x86_64 x86_64 x86_64 GNU/Linux
Filesystem            Size  Used Avail Use% Mounted on
/dev/sda3              20G  3.1G   16G  17% /
tmpfs                  32G     0   32G   0% /dev/shm
/dev/sda1              97M   32M   61M  35% /boot
/dev/sda4             416G  101G  315G  25% /export/data1
fuse_dfs              4.9P  4.4P  516T  90% /mnt/hadoop
/dev/sdb1             3.6T  3.3T  377G  90% /export/00b
/dev/sdc1             3.6T  3.3T  390G  90% /export/00c
/dev/sdd1             3.6T  3.3T  387G  90% /export/00d
/dev/sde1             3.6T  3.3T  386G  90% /export/00e
/dev/sdf1             3.6T  3.2T  421G  89% /export/00f
/dev/sdg1             3.6T  3.2T  452G  88% /export/00g
t2srv0004:/export/db  135G  187M  135G   1% /net/t2srv0004/db
cvmfs2                 98G   98G  347M 100% /cvmfs/cms.cern.ch
cvmfs2                 98G   98G  347M 100% /cvmfs/oasis.opensciencegrid.org
cvmfs2                 98G   98G  347M 100% /cvmfs/mu2e.opensciencegrid.org
cvmfs2                 98G   98G  347M 100% /cvmfs/grid.cern.ch
cvmfs2                 98G   98G  347M 100% /cvmfs/fermilab.opensciencegrid.org
gcc (GCC) 4.4.7 20120313 (Red Hat 4.4.7-3)
Copyright (C) 2010 Free Software Foundation, Inc.
This is free software; see the source for copying conditions.  There is NO
warranty; not even for MERCHANTABILITY or FITNESS FOR A PARTICULAR PURPOSE.

Processing...
0/1531483
10000/1531483
20000/1531483
30000/1531483
40000/1531483
50000/1531483
60000/1531483
70000/1531483
80000/1531483
90000/1531483
100000/1531483
110000/1531483
120000/1531483
130000/1531483
140000/1531483
150000/1531483
160000/1531483
170000/1531483
180000/1531483
190000/1531483
200000/1531483
210000/1531483
220000/1531483
230000/1531483
240000/1531483
250000/1531483
260000/1531483
270000/1531483
280000/1531483
290000/1531483
300000/1531483
310000/1531483
320000/1531483
330000/1531483
340000/1531483
350000/1531483
360000/1531483
370000/1531483
380000/1531483
390000/1531483
400000/1531483
410000/1531483
420000/1531483
430000/1531483
440000/1531483
450000/1531483
460000/1531483
470000/1531483
480000/1531483
490000/1531483
500000/1531483
510000/1531483
520000/1531483
530000/1531483
540000/1531483
550000/1531483
560000/1531483
570000/1531483
580000/1531483
590000/1531483
600000/1531483
610000/1531483
620000/1531483
630000/1531483
640000/1531483
650000/1531483
660000/1531483
670000/1531483
680000/1531483
690000/1531483
700000/1531483
710000/1531483
720000/1531483
730000/1531483
740000/1531483
750000/1531483
760000/1531483
770000/1531483
780000/1531483
790000/1531483
800000/1531483
810000/1531483
820000/1531483
830000/1531483
840000/1531483
850000/1531483
860000/1531483
870000/1531483
880000/1531483
890000/1531483
900000/1531483
910000/1531483
920000/1531483
930000/1531483
940000/1531483
950000/1531483
960000/1531483
970000/1531483
980000/1531483
990000/1531483
1000000/1531483
1010000/1531483
1020000/1531483
1030000/1531483
1040000/1531483
1050000/1531483
1060000/1531483
1070000/1531483
1080000/1531483
1090000/1531483
1100000/1531483
1110000/1531483
1120000/1531483
1130000/1531483
1140000/1531483
1150000/1531483
1160000/1531483
1170000/1531483
1180000/1531483
1190000/1531483
1200000/1531483
1210000/1531483
1220000/1531483
1230000/1531483
1240000/1531483
1250000/1531483
1260000/1531483
1270000/1531483
1280000/1531483
1290000/1531483
1300000/1531483
1310000/1531483
1320000/1531483
1330000/1531483
1340000/1531483
1350000/1531483
1360000/1531483
1370000/1531483
1380000/1531483
1390000/1531483
1400000/1531483
1410000/1531483
1420000/1531483
1430000/1531483
1440000/1531483
1450000/1531483
1460000/1531483
1470000/1531483
1480000/1531483
1490000/1531483
1500000/1531483
1510000/1531483
1520000/1531483
1530000/1531483
Macro finished: 
CPU time (min)  = 10.0633
Real time (min) = 13.2046
Done!
Copied output files to hadoop rootfiles/JetRAA/June22
