
----------------------------------------------------
Job started on Fri Jul 10 16:45:45 EDT 2015 at WN: t2bat0236.cmsaf.mit.edu 
Job is running on Linux t2bat0236.cmsaf.mit.edu 2.6.32-358.el6.x86_64 #1 SMP Fri Feb 22 20:37:17 CST 2013 x86_64 x86_64 x86_64 GNU/Linux
Filesystem            Size  Used Avail Use% Mounted on
/dev/sda3              20G  3.0G   16G  16% /
tmpfs                  12G     0   12G   0% /dev/shm
/dev/sda1              97M   32M   61M  35% /boot
/dev/sda4             874G   99G  775G  12% /export/data1
/dev/sdb1             1.8T  1.7T  172G  91% /export/00b
/dev/sdc1             1.8T  1.7T  146G  93% /export/00c
/dev/sdd1             1.8T  1.7T  169G  91% /export/00d
/dev/sde1             1.8T  1.7T  175G  91% /export/00e
/dev/sdf1             1.8T  1.7T  167G  91% /export/00f
fuse_dfs              4.9P  4.5P  447T  92% /mnt/hadoop
t2srv0004:/export/db  135G  187M  135G   1% /net/t2srv0004/db
cvmfs2                 98G   98G  246M 100% /cvmfs/cms.cern.ch
cvmfs2                 98G   98G  246M 100% /cvmfs/oasis.opensciencegrid.org
cvmfs2                 98G   98G  246M 100% /cvmfs/grid.cern.ch
cvmfs2                 98G   98G  246M 100% /cvmfs/fermilab.opensciencegrid.org
cvmfs2                 98G   98G  246M 100% /cvmfs/mu2e.opensciencegrid.org
gcc (GCC) 4.4.7 20120313 (Red Hat 4.4.7-3)
Copyright (C) 2010 Free Software Foundation, Inc.
This is free software; see the source for copying conditions.  There is NO
warranty; not even for MERCHANTABILITY or FITNESS FOR A PARTICULAR PURPOSE.

Processing...
0/386649
10000/386649
20000/386649
30000/386649
40000/386649
50000/386649
60000/386649
70000/386649
80000/386649
90000/386649
100000/386649
110000/386649
120000/386649
130000/386649
140000/386649
150000/386649
160000/386649
170000/386649
180000/386649
190000/386649
200000/386649
210000/386649
220000/386649
230000/386649
240000/386649
250000/386649
260000/386649
270000/386649
280000/386649
290000/386649
300000/386649
310000/386649
320000/386649
330000/386649
340000/386649
350000/386649
360000/386649
370000/386649
380000/386649
Macro finished: 
CPU time (min)  = 3.0065
Real time (min) = 3.39462
Done!
Copied output files to hadoop rootfiles/JetRAA/June22
