
----------------------------------------------------
Job started on Fri Jul 10 16:52:15 EDT 2015 at WN: t2bat0271.cmsaf.mit.edu 
Job is running on Linux t2bat0271.cmsaf.mit.edu 2.6.32-358.el6.x86_64 #1 SMP Fri Feb 22 20:37:17 CST 2013 x86_64 x86_64 x86_64 GNU/Linux
Filesystem            Size  Used Avail Use% Mounted on
/dev/sda3              20G  3.0G   16G  16% /
tmpfs                  12G     0   12G   0% /dev/shm
/dev/sda1              97M   32M   61M  35% /boot
/dev/sda4             874G   61G  813G   7% /export/data1
/dev/sdb1             1.8T  1.7T  155G  92% /export/00b
/dev/sdc1             1.8T  1.7T  145G  93% /export/00c
/dev/sdd1             1.8T  1.7T  176G  91% /export/00d
/dev/sde1             1.8T  1.7T  172G  91% /export/00e
/dev/sdf1             1.8T  1.7T  178G  91% /export/00f
fuse_dfs              4.9P  4.5P  447T  92% /mnt/hadoop
cvmfs2                 98G   59G   39G  61% /cvmfs/cms.cern.ch
t2srv0004:/export/db  135G  187M  135G   1% /net/t2srv0004/db
gcc (GCC) 4.4.7 20120313 (Red Hat 4.4.7-3)
Copyright (C) 2010 Free Software Foundation, Inc.
This is free software; see the source for copying conditions.  There is NO
warranty; not even for MERCHANTABILITY or FITNESS FOR A PARTICULAR PURPOSE.

Processing...
0/1091032
10000/1091032
20000/1091032
30000/1091032
40000/1091032
50000/1091032
60000/1091032
70000/1091032
80000/1091032
90000/1091032
100000/1091032
110000/1091032
120000/1091032
130000/1091032
140000/1091032
150000/1091032
160000/1091032
170000/1091032
180000/1091032
190000/1091032
200000/1091032
210000/1091032
220000/1091032
230000/1091032
240000/1091032
250000/1091032
260000/1091032
270000/1091032
280000/1091032
290000/1091032
300000/1091032
310000/1091032
320000/1091032
330000/1091032
340000/1091032
350000/1091032
360000/1091032
370000/1091032
380000/1091032
390000/1091032
400000/1091032
410000/1091032
420000/1091032
430000/1091032
440000/1091032
450000/1091032
460000/1091032
470000/1091032
480000/1091032
490000/1091032
500000/1091032
510000/1091032
520000/1091032
530000/1091032
540000/1091032
550000/1091032
560000/1091032
570000/1091032
580000/1091032
590000/1091032
600000/1091032
610000/1091032
620000/1091032
630000/1091032
640000/1091032
650000/1091032
660000/1091032
670000/1091032
680000/1091032
690000/1091032
700000/1091032
710000/1091032
720000/1091032
730000/1091032
740000/1091032
750000/1091032
760000/1091032
770000/1091032
780000/1091032
790000/1091032
800000/1091032
810000/1091032
820000/1091032
830000/1091032
840000/1091032
850000/1091032
860000/1091032
870000/1091032
880000/1091032
890000/1091032
900000/1091032
910000/1091032
920000/1091032
930000/1091032
940000/1091032
950000/1091032
960000/1091032
970000/1091032
980000/1091032
990000/1091032
1000000/1091032
1010000/1091032
1020000/1091032
1030000/1091032
1040000/1091032
1050000/1091032
1060000/1091032
1070000/1091032
1080000/1091032
1090000/1091032
Macro finished: 
CPU time (min)  = 7.721
Real time (min) = 8.74856
Done!
Copied output files to hadoop rootfiles/JetRAA/June22
