
----------------------------------------------------
Job started on Fri Jul 10 16:52:17 EDT 2015 at WN: t2bat0195.cmsaf.mit.edu 
Job is running on Linux t2bat0195.cmsaf.mit.edu 2.6.32-358.el6.x86_64 #1 SMP Fri Feb 22 20:37:17 CST 2013 x86_64 x86_64 x86_64 GNU/Linux
Filesystem            Size  Used Avail Use% Mounted on
/dev/sda3              20G  3.0G   16G  16% /
tmpfs                  12G     0   12G   0% /dev/shm
/dev/sda1              97M   32M   61M  35% /boot
/dev/sda4             874G   59G  816G   7% /export/data1
/dev/sdb1             1.8T  1.7T  168G  91% /export/00b
/dev/sdc1             1.8T  1.7T  159G  92% /export/00c
/dev/sdd1             1.8T  1.7T  160G  92% /export/00d
/dev/sde1             1.8T  1.7T  169G  91% /export/00e
/dev/sdf1             1.8T  1.7T  177G  91% /export/00f
fuse_dfs              4.9P  4.5P  447T  92% /mnt/hadoop
t2srv0004:/export/db  135G  187M  135G   1% /net/t2srv0004/db
cvmfs2                 98G   56G   43G  57% /cvmfs/cms.cern.ch
cvmfs2                 98G   56G   43G  57% /cvmfs/cvmfs.cmsaf.mit.edu
gcc (GCC) 4.4.7 20120313 (Red Hat 4.4.7-3)
Copyright (C) 2010 Free Software Foundation, Inc.
This is free software; see the source for copying conditions.  There is NO
warranty; not even for MERCHANTABILITY or FITNESS FOR A PARTICULAR PURPOSE.

Processing...
0/1143382
10000/1143382
20000/1143382
30000/1143382
40000/1143382
50000/1143382
60000/1143382
70000/1143382
80000/1143382
90000/1143382
100000/1143382
110000/1143382
120000/1143382
130000/1143382
140000/1143382
150000/1143382
160000/1143382
170000/1143382
180000/1143382
190000/1143382
200000/1143382
210000/1143382
220000/1143382
230000/1143382
240000/1143382
250000/1143382
260000/1143382
270000/1143382
280000/1143382
290000/1143382
300000/1143382
310000/1143382
320000/1143382
330000/1143382
340000/1143382
350000/1143382
360000/1143382
370000/1143382
380000/1143382
390000/1143382
400000/1143382
410000/1143382
420000/1143382
430000/1143382
440000/1143382
450000/1143382
460000/1143382
470000/1143382
480000/1143382
490000/1143382
500000/1143382
510000/1143382
520000/1143382
530000/1143382
540000/1143382
550000/1143382
560000/1143382
570000/1143382
580000/1143382
590000/1143382
600000/1143382
610000/1143382
620000/1143382
630000/1143382
640000/1143382
650000/1143382
660000/1143382
670000/1143382
680000/1143382
690000/1143382
700000/1143382
710000/1143382
720000/1143382
730000/1143382
740000/1143382
750000/1143382
760000/1143382
770000/1143382
780000/1143382
790000/1143382
800000/1143382
810000/1143382
820000/1143382
830000/1143382
840000/1143382
850000/1143382
860000/1143382
870000/1143382
880000/1143382
890000/1143382
900000/1143382
910000/1143382
920000/1143382
930000/1143382
940000/1143382
950000/1143382
960000/1143382
970000/1143382
980000/1143382
990000/1143382
1000000/1143382
1010000/1143382
1020000/1143382
1030000/1143382
1040000/1143382
1050000/1143382
1060000/1143382
1070000/1143382
1080000/1143382
1090000/1143382
1100000/1143382
1110000/1143382
1120000/1143382
1130000/1143382
1140000/1143382
Macro finished: 
CPU time (min)  = 10.1858
Real time (min) = 11.1514
Done!
Copied output files to hadoop rootfiles/JetRAA/June22
