
----------------------------------------------------
Job started on Tue Jun 23 17:54:25 EDT 2015 at WN: t2bat0330.cmsaf.mit.edu 
Job is running on Linux t2bat0330.cmsaf.mit.edu 2.6.32-358.el6.x86_64 #1 SMP Fri Feb 22 20:37:17 CST 2013 x86_64 x86_64 x86_64 GNU/Linux
Filesystem            Size  Used Avail Use% Mounted on
/dev/sda3              20G  2.5G   17G  14% /
tmpfs                  32G     0   32G   0% /dev/shm
/dev/sda1              97M   32M   61M  35% /boot
/dev/sda4             416G   79G  337G  19% /export/data1
fuse_dfs              4.9P  4.4P  516T  90% /mnt/hadoop
/dev/sdb1             3.6T  3.2T  414G  89% /export/00b
/dev/sdc1             3.6T  3.2T  403G  90% /export/00c
/dev/sdd1             3.6T  3.2T  423G  89% /export/00d
/dev/sde1             3.6T  3.2T  399G  90% /export/00e
/dev/sdf1             3.6T  3.2T  397G  90% /export/00f
/dev/sdg1             3.6T  3.3T  376G  90% /export/00g
cvmfs2                 98G   76G   22G  78% /cvmfs/cms.cern.ch
t2srv0004:/export/db  135G  187M  135G   1% /net/t2srv0004/db
cvmfs2                 98G   76G   22G  78% /cvmfs/oasis.opensciencegrid.org
cvmfs2                 98G   76G   22G  78% /cvmfs/cdfcfs.fnal.gov
cvmfs2                 98G   76G   22G  78% /cvmfs/cvmfs.cmsaf.mit.edu
gcc (GCC) 4.4.7 20120313 (Red Hat 4.4.7-3)
Copyright (C) 2010 Free Software Foundation, Inc.
This is free software; see the source for copying conditions.  There is NO
warranty; not even for MERCHANTABILITY or FITNESS FOR A PARTICULAR PURPOSE.

Processing...
0/2226432
10000/2226432
20000/2226432
30000/2226432
40000/2226432
50000/2226432
60000/2226432
70000/2226432
80000/2226432
90000/2226432
100000/2226432
110000/2226432
120000/2226432
130000/2226432
140000/2226432
150000/2226432
160000/2226432
170000/2226432
180000/2226432
190000/2226432
200000/2226432
210000/2226432
220000/2226432
230000/2226432
240000/2226432
250000/2226432
260000/2226432
270000/2226432
280000/2226432
290000/2226432
300000/2226432
310000/2226432
320000/2226432
330000/2226432
340000/2226432
350000/2226432
360000/2226432
370000/2226432
380000/2226432
390000/2226432
400000/2226432
410000/2226432
420000/2226432
430000/2226432
440000/2226432
450000/2226432
460000/2226432
470000/2226432
480000/2226432
490000/2226432
500000/2226432
510000/2226432
520000/2226432
530000/2226432
540000/2226432
550000/2226432
560000/2226432
570000/2226432
580000/2226432
590000/2226432
600000/2226432
610000/2226432
620000/2226432
630000/2226432
640000/2226432
650000/2226432
660000/2226432
670000/2226432
680000/2226432
690000/2226432
700000/2226432
710000/2226432
720000/2226432
730000/2226432
740000/2226432
750000/2226432
760000/2226432
770000/2226432
780000/2226432
790000/2226432
800000/2226432
810000/2226432
820000/2226432
830000/2226432
840000/2226432
850000/2226432
860000/2226432
870000/2226432
880000/2226432
890000/2226432
900000/2226432
910000/2226432
920000/2226432
930000/2226432
940000/2226432
950000/2226432
960000/2226432
970000/2226432
980000/2226432
990000/2226432
1000000/2226432
1010000/2226432
1020000/2226432
1030000/2226432
1040000/2226432
1050000/2226432
1060000/2226432
1070000/2226432
1080000/2226432
1090000/2226432
1100000/2226432
1110000/2226432
1120000/2226432
1130000/2226432
1140000/2226432
1150000/2226432
1160000/2226432
1170000/2226432
1180000/2226432
1190000/2226432
1200000/2226432
1210000/2226432
1220000/2226432
1230000/2226432
1240000/2226432
1250000/2226432
1260000/2226432
1270000/2226432
1280000/2226432
1290000/2226432
1300000/2226432
1310000/2226432
1320000/2226432
1330000/2226432
1340000/2226432
1350000/2226432
1360000/2226432
1370000/2226432
1380000/2226432
1390000/2226432
1400000/2226432
1410000/2226432
1420000/2226432
1430000/2226432
1440000/2226432
1450000/2226432
1460000/2226432
1470000/2226432
1480000/2226432
1490000/2226432
1500000/2226432
1510000/2226432
1520000/2226432
1530000/2226432
1540000/2226432
1550000/2226432
1560000/2226432
1570000/2226432
1580000/2226432
1590000/2226432
1600000/2226432
1610000/2226432
1620000/2226432
1630000/2226432
1640000/2226432
1650000/2226432
1660000/2226432
1670000/2226432
1680000/2226432
1690000/2226432
1700000/2226432
1710000/2226432
1720000/2226432
1730000/2226432
1740000/2226432
1750000/2226432
1760000/2226432
1770000/2226432
1780000/2226432
1790000/2226432
1800000/2226432
1810000/2226432
1820000/2226432
1830000/2226432
1840000/2226432
1850000/2226432
1860000/2226432
1870000/2226432
1880000/2226432
1890000/2226432
1900000/2226432
1910000/2226432
1920000/2226432
1930000/2226432
1940000/2226432
1950000/2226432
1960000/2226432
1970000/2226432
1980000/2226432
1990000/2226432
2000000/2226432
2010000/2226432
2020000/2226432
2030000/2226432
2040000/2226432
2050000/2226432
2060000/2226432
2070000/2226432
2080000/2226432
2090000/2226432
2100000/2226432
2110000/2226432
2120000/2226432
2130000/2226432
2140000/2226432
2150000/2226432
2160000/2226432
2170000/2226432
2180000/2226432
2190000/2226432
2200000/2226432
2210000/2226432
2220000/2226432
Macro finished: 
CPU time (min)  = 13.3162
Real time (min) = 17.6747
Done!
Copied output files to hadoop rootfiles/JetRAA/June22
