
----------------------------------------------------
Job started on Tue Jun 23 17:54:18 EDT 2015 at WN: t2bat0308.cmsaf.mit.edu 
Job is running on Linux t2bat0308.cmsaf.mit.edu 2.6.32-358.el6.x86_64 #1 SMP Fri Feb 22 20:37:17 CST 2013 x86_64 x86_64 x86_64 GNU/Linux
Filesystem            Size  Used Avail Use% Mounted on
/dev/sda3              20G  2.6G   17G  14% /
tmpfs                  32G     0   32G   0% /dev/shm
/dev/sda1              97M   32M   61M  35% /boot
/dev/sda4             416G   97G  319G  24% /export/data1
fuse_dfs              4.9P  4.4P  516T  90% /mnt/hadoop
/dev/sdb1             3.6T  3.3T  388G  90% /export/00b
/dev/sdc1             3.6T  3.3T  384G  90% /export/00c
/dev/sdd1             3.6T  3.2T  394G  90% /export/00d
/dev/sde1             3.6T  3.2T  397G  90% /export/00e
/dev/sdf1             3.6T  3.2T  416G  89% /export/00f
/dev/sdg1             3.6T  3.2T  433G  89% /export/00g
cvmfs2                 98G   94G  4.4G  96% /cvmfs/cms.cern.ch
t2srv0004:/export/db  135G  187M  135G   1% /net/t2srv0004/db
cvmfs2                 98G   94G  4.4G  96% /cvmfs/oasis.opensciencegrid.org
cvmfs2                 98G   94G  4.4G  96% /cvmfs/grid.cern.ch
cvmfs2                 98G   94G  4.4G  96% /cvmfs/fermilab.opensciencegrid.org
gcc (GCC) 4.4.7 20120313 (Red Hat 4.4.7-3)
Copyright (C) 2010 Free Software Foundation, Inc.
This is free software; see the source for copying conditions.  There is NO
warranty; not even for MERCHANTABILITY or FITNESS FOR A PARTICULAR PURPOSE.

Processing...
0/920340
10000/920340
20000/920340
30000/920340
40000/920340
50000/920340
60000/920340
70000/920340
80000/920340
90000/920340
100000/920340
110000/920340
120000/920340
130000/920340
140000/920340
150000/920340
160000/920340
170000/920340
180000/920340
190000/920340
200000/920340
210000/920340
220000/920340
230000/920340
240000/920340
250000/920340
260000/920340
270000/920340
280000/920340
290000/920340
300000/920340
310000/920340
320000/920340
330000/920340
340000/920340
350000/920340
360000/920340
370000/920340
380000/920340
390000/920340
400000/920340
410000/920340
420000/920340
430000/920340
440000/920340
450000/920340
460000/920340
470000/920340
480000/920340
490000/920340
500000/920340
510000/920340
520000/920340
530000/920340
540000/920340
550000/920340
560000/920340
570000/920340
580000/920340
590000/920340
600000/920340
610000/920340
620000/920340
630000/920340
640000/920340
650000/920340
660000/920340
670000/920340
680000/920340
690000/920340
700000/920340
710000/920340
720000/920340
730000/920340
740000/920340
750000/920340
760000/920340
770000/920340
780000/920340
790000/920340
800000/920340
810000/920340
820000/920340
830000/920340
840000/920340
850000/920340
860000/920340
870000/920340
880000/920340
890000/920340
900000/920340
910000/920340
920000/920340
Macro finished: 
CPU time (min)  = 5.79617
Real time (min) = 7.10775
Done!
Copied output files to hadoop rootfiles/JetRAA/June22
