
----------------------------------------------------
Job started on Fri Jul 10 16:45:42 EDT 2015 at WN: t2bat0279.cmsaf.mit.edu 
Job is running on Linux t2bat0279.cmsaf.mit.edu 2.6.32-358.el6.x86_64 #1 SMP Fri Feb 22 20:37:17 CST 2013 x86_64 x86_64 x86_64 GNU/Linux
Filesystem            Size  Used Avail Use% Mounted on
/dev/sda3              20G  2.5G   17G  13% /
tmpfs                  12G     0   12G   0% /dev/shm
/dev/sda1              97M   32M   61M  35% /boot
/dev/sda4             416G   99G  317G  24% /export/data1
/dev/sdb1             1.8T  1.7T  158G  92% /export/00b
/dev/sdc1             1.8T  1.7T  164G  92% /export/00c
/dev/sdd1             1.8T  1.7T  167G  91% /export/00d
/dev/sde1             1.8T  1.7T  183G  91% /export/00e
/dev/sdf1             1.8T  1.7T  154G  92% /export/00f
fuse_dfs              4.9P  4.5P  447T  92% /mnt/hadoop
t2srv0004:/export/db  135G  187M  135G   1% /net/t2srv0004/db
cvmfs2                 98G   98G  305M 100% /cvmfs/cms.cern.ch
cvmfs2                 98G   98G  305M 100% /cvmfs/cvmfs.cmsaf.mit.edu
gcc (GCC) 4.4.7 20120313 (Red Hat 4.4.7-3)
Copyright (C) 2010 Free Software Foundation, Inc.
This is free software; see the source for copying conditions.  There is NO
warranty; not even for MERCHANTABILITY or FITNESS FOR A PARTICULAR PURPOSE.

Processing...
0/331618
10000/331618
20000/331618
30000/331618
40000/331618
50000/331618
60000/331618
70000/331618
80000/331618
90000/331618
100000/331618
110000/331618
120000/331618
130000/331618
140000/331618
150000/331618
160000/331618
170000/331618
180000/331618
190000/331618
200000/331618
210000/331618
220000/331618
230000/331618
240000/331618
250000/331618
260000/331618
270000/331618
280000/331618
290000/331618
300000/331618
310000/331618
320000/331618
330000/331618
Macro finished: 
CPU time (min)  = 2.29267
Real time (min) = 2.65494
Done!
Copied output files to hadoop rootfiles/JetRAA/June22
