
----------------------------------------------------
Job started on Fri Jul 10 16:45:49 EDT 2015 at WN: t2bat0180.cmsaf.mit.edu 
Job is running on Linux t2bat0180.cmsaf.mit.edu 2.6.32-358.el6.x86_64 #1 SMP Fri Feb 22 20:37:17 CST 2013 x86_64 x86_64 x86_64 GNU/Linux
Filesystem            Size  Used Avail Use% Mounted on
/dev/sda3              20G  3.0G   16G  17% /
tmpfs                  12G     0   12G   0% /dev/shm
/dev/sda1              97M   32M   61M  35% /boot
/dev/sda4             874G  4.8G  869G   1% /export/data1
/dev/sdb1             1.8T  1.7T  181G  91% /export/00b
/dev/sdc1             1.8T  1.7T  149G  92% /export/00c
/dev/sdd1             1.8T  1.7T  172G  91% /export/00d
/dev/sde1             1.8T  1.7T  158G  92% /export/00e
/dev/sdf1             1.8T  1.7T  172G  91% /export/00f
fuse_dfs              4.9P  4.5P  447T  92% /mnt/hadoop
t2srv0004:/export/db  135G  187M  135G   1% /net/t2srv0004/db
cvmfs2                 98G  3.1G   95G   4% /cvmfs/cms.cern.ch
cvmfs2                 98G  3.1G   95G   4% /cvmfs/cvmfs.cmsaf.mit.edu
cvmfs2                 98G  3.1G   95G   4% /cvmfs/oasis.opensciencegrid.org
gcc (GCC) 4.4.7 20120313 (Red Hat 4.4.7-3)
Copyright (C) 2010 Free Software Foundation, Inc.
This is free software; see the source for copying conditions.  There is NO
warranty; not even for MERCHANTABILITY or FITNESS FOR A PARTICULAR PURPOSE.

Processing...
0/204144
10000/204144
20000/204144
30000/204144
40000/204144
50000/204144
60000/204144
70000/204144
80000/204144
90000/204144
100000/204144
110000/204144
120000/204144
130000/204144
140000/204144
150000/204144
160000/204144
170000/204144
180000/204144
190000/204144
200000/204144
Macro finished: 
CPU time (min)  = 1.54083
Real time (min) = 3.60598
Done!
Copied output files to hadoop rootfiles/JetRAA/June22
