
----------------------------------------------------
Job started on Tue Jun 23 17:54:19 EDT 2015 at WN: t2bat0307.cmsaf.mit.edu 
Job is running on Linux t2bat0307.cmsaf.mit.edu 2.6.32-358.el6.x86_64 #1 SMP Fri Feb 22 20:37:17 CST 2013 x86_64 x86_64 x86_64 GNU/Linux
Filesystem            Size  Used Avail Use% Mounted on
/dev/sda3              20G  2.6G   17G  14% /
tmpfs                  32G     0   32G   0% /dev/shm
/dev/sda1              97M   32M   61M  35% /boot
/dev/sda4             416G   97G  319G  24% /export/data1
fuse_dfs              4.9P  4.4P  516T  90% /mnt/hadoop
/dev/sdb1             3.6T  3.2T  403G  90% /export/00b
/dev/sdc1             3.6T  3.2T  419G  89% /export/00c
/dev/sdd1             3.6T  3.2T  427G  89% /export/00d
/dev/sde1             3.6T  3.2T  418G  89% /export/00e
/dev/sdf1             3.6T  3.2T  419G  89% /export/00f
/dev/sdg1             3.6T  3.2T  442G  88% /export/00g
cvmfs2                 98G   95G  3.6G  97% /cvmfs/cms.cern.ch
t2srv0004:/export/db  135G  187M  135G   1% /net/t2srv0004/db
cvmfs2                 98G   95G  3.6G  97% /cvmfs/oasis.opensciencegrid.org
gcc (GCC) 4.4.7 20120313 (Red Hat 4.4.7-3)
Copyright (C) 2010 Free Software Foundation, Inc.
This is free software; see the source for copying conditions.  There is NO
warranty; not even for MERCHANTABILITY or FITNESS FOR A PARTICULAR PURPOSE.

Processing...
0/416752
10000/416752
20000/416752
30000/416752
40000/416752
50000/416752
60000/416752
70000/416752
80000/416752
90000/416752
100000/416752
110000/416752
120000/416752
130000/416752
140000/416752
150000/416752
160000/416752
170000/416752
180000/416752
190000/416752
200000/416752
210000/416752
220000/416752
230000/416752
240000/416752
250000/416752
260000/416752
270000/416752
280000/416752
290000/416752
300000/416752
310000/416752
320000/416752
330000/416752
340000/416752
350000/416752
360000/416752
370000/416752
380000/416752
390000/416752
400000/416752
410000/416752
Macro finished: 
CPU time (min)  = 2.78917
Real time (min) = 4.244
Done!
Copied output files to hadoop rootfiles/JetRAA/June22
