
----------------------------------------------------
Job started on Tue Jun 23 17:54:16 EDT 2015 at WN: t2bat0326.cmsaf.mit.edu 
Job is running on Linux t2bat0326.cmsaf.mit.edu 2.6.32-358.el6.x86_64 #1 SMP Fri Feb 22 20:37:17 CST 2013 x86_64 x86_64 x86_64 GNU/Linux
Filesystem            Size  Used Avail Use% Mounted on
/dev/sda3              20G  2.5G   17G  14% /
tmpfs                  32G     0   32G   0% /dev/shm
/dev/sda1              97M   32M   61M  35% /boot
/dev/sda4             416G   95G  321G  23% /export/data1
fuse_dfs              4.9P  4.4P  516T  90% /mnt/hadoop
/dev/sdb1             3.6T  3.2T  396G  90% /export/00b
/dev/sdc1             3.6T  3.2T  407G  89% /export/00c
/dev/sdd1             3.6T  3.2T  395G  90% /export/00d
/dev/sde1             3.6T  3.2T  428G  89% /export/00e
/dev/sdf1             3.6T  3.2T  394G  90% /export/00f
/dev/sdg1             3.6T  3.2T  399G  90% /export/00g
t2srv0004:/export/db  135G  187M  135G   1% /net/t2srv0004/db
cvmfs2                 98G   93G  5.6G  95% /cvmfs/cms.cern.ch
cvmfs2                 98G   93G  5.6G  95% /cvmfs/oasis.opensciencegrid.org
cvmfs2                 98G   93G  5.6G  95% /cvmfs/mu2e.opensciencegrid.org
cvmfs2                 98G   93G  5.6G  95% /cvmfs/cdfcfs.fnal.gov
cvmfs2                 98G   93G  5.6G  95% /cvmfs/cvmfs.cmsaf.mit.edu
gcc (GCC) 4.4.7 20120313 (Red Hat 4.4.7-3)
Copyright (C) 2010 Free Software Foundation, Inc.
This is free software; see the source for copying conditions.  There is NO
warranty; not even for MERCHANTABILITY or FITNESS FOR A PARTICULAR PURPOSE.

Processing...
0/1205674
10000/1205674
20000/1205674
30000/1205674
40000/1205674
50000/1205674
60000/1205674
70000/1205674
80000/1205674
90000/1205674
100000/1205674
110000/1205674
120000/1205674
130000/1205674
140000/1205674
150000/1205674
160000/1205674
170000/1205674
180000/1205674
190000/1205674
200000/1205674
210000/1205674
220000/1205674
230000/1205674
240000/1205674
250000/1205674
260000/1205674
270000/1205674
280000/1205674
290000/1205674
300000/1205674
310000/1205674
320000/1205674
330000/1205674
340000/1205674
350000/1205674
360000/1205674
370000/1205674
380000/1205674
390000/1205674
400000/1205674
410000/1205674
420000/1205674
430000/1205674
440000/1205674
450000/1205674
460000/1205674
470000/1205674
480000/1205674
490000/1205674
500000/1205674
510000/1205674
520000/1205674
530000/1205674
540000/1205674
550000/1205674
560000/1205674
570000/1205674
580000/1205674
590000/1205674
600000/1205674
610000/1205674
620000/1205674
630000/1205674
640000/1205674
650000/1205674
660000/1205674
670000/1205674
680000/1205674
690000/1205674
700000/1205674
710000/1205674
720000/1205674
730000/1205674
740000/1205674
750000/1205674
760000/1205674
770000/1205674
780000/1205674
790000/1205674
800000/1205674
810000/1205674
820000/1205674
830000/1205674
840000/1205674
850000/1205674
860000/1205674
870000/1205674
880000/1205674
890000/1205674
900000/1205674
910000/1205674
920000/1205674
930000/1205674
940000/1205674
950000/1205674
960000/1205674
970000/1205674
980000/1205674
990000/1205674
1000000/1205674
1010000/1205674
1020000/1205674
1030000/1205674
1040000/1205674
1050000/1205674
1060000/1205674
1070000/1205674
1080000/1205674
1090000/1205674
1100000/1205674
1110000/1205674
1120000/1205674
1130000/1205674
1140000/1205674
1150000/1205674
1160000/1205674
1170000/1205674
1180000/1205674
1190000/1205674
1200000/1205674
Macro finished: 
CPU time (min)  = 7.59283
Real time (min) = 9.53786
Done!
Copied output files to hadoop rootfiles/JetRAA/June22
