
----------------------------------------------------
Job started on Fri Jul 10 16:45:42 EDT 2015 at WN: t2bat0123.cmsaf.mit.edu 
Job is running on Linux t2bat0123.cmsaf.mit.edu 2.6.32-358.el6.x86_64 #1 SMP Fri Feb 22 20:37:17 CST 2013 x86_64 x86_64 x86_64 GNU/Linux
Filesystem            Size  Used Avail Use% Mounted on
/dev/sda3              20G  3.6G   16G  19% /
tmpfs                 7.8G     0  7.8G   0% /dev/shm
/dev/sda1              97M   33M   60M  36% /boot
/dev/sda4             415G   98G  317G  24% /export/data1
fuse_dfs              4.9P  4.5P  447T  92% /mnt/hadoop
/dev/sdb1             1.8T  1.7T  176G  91% /export/00b
/dev/sdc1             1.8T  1.7T  165G  92% /export/00c
/dev/sdd1             1.8T  1.7T  161G  92% /export/00d
/dev/sde1             1.8T  1.7T  169G  91% /export/00e
/dev/sdf1             1.8T  1.7T  157G  92% /export/00f
t2srv0004:/export/db  135G  187M  135G   1% /net/t2srv0004/db
cvmfs2                 98G   97G  1.5G  99% /cvmfs/cms.cern.ch
cvmfs2                 98G   97G  1.5G  99% /cvmfs/cvmfs.cmsaf.mit.edu
cvmfs2                 98G   97G  1.5G  99% /cvmfs/oasis.opensciencegrid.org
cvmfs2                 98G   97G  1.5G  99% /cvmfs/cdfcfs.fnal.gov
cvmfs2                 98G   97G  1.5G  99% /cvmfs/icecube.opensciencegrid.org
cvmfs2                 98G   97G  1.5G  99% /cvmfs/atlas.cern.ch
gcc (GCC) 4.4.7 20120313 (Red Hat 4.4.7-3)
Copyright (C) 2010 Free Software Foundation, Inc.
This is free software; see the source for copying conditions.  There is NO
warranty; not even for MERCHANTABILITY or FITNESS FOR A PARTICULAR PURPOSE.

Processing...
0/194502
10000/194502
20000/194502
30000/194502
40000/194502
50000/194502
60000/194502
70000/194502
80000/194502
90000/194502
100000/194502
110000/194502
120000/194502
130000/194502
140000/194502
150000/194502
160000/194502
170000/194502
180000/194502
190000/194502
Macro finished: 
CPU time (min)  = 1.26517
Real time (min) = 1.70498
Done!
Copied output files to hadoop rootfiles/JetRAA/June22
