
----------------------------------------------------
Job started on Fri Jul 10 16:45:43 EDT 2015 at WN: t2bat0144.cmsaf.mit.edu 
Job is running on Linux t2bat0144.cmsaf.mit.edu 2.6.32-358.el6.x86_64 #1 SMP Fri Feb 22 20:37:17 CST 2013 x86_64 x86_64 x86_64 GNU/Linux
Filesystem            Size  Used Avail Use% Mounted on
/dev/sda3              20G  3.0G   16G  16% /
tmpfs                 7.8G     0  7.8G   0% /dev/shm
/dev/sda1              97M   33M   60M  36% /boot
/dev/sda4             644G   51G  593G   8% /export/data1
/dev/sdb1             1.8T  1.7T  166G  91% /export/00b
/dev/sdc1             1.8T  1.7T  181G  91% /export/00c
/dev/sdd1             1.8T  1.7T  159G  92% /export/00d
/dev/sde1             1.8T  1.7T  162G  92% /export/00e
/dev/sdf1             1.8T  1.7T  161G  92% /export/00f
fuse_dfs              4.9P  4.5P  447T  92% /mnt/hadoop
t2srv0004:/export/db  135G  187M  135G   1% /net/t2srv0004/db
cvmfs2                 98G   50G   48G  52% /cvmfs/cvmfs.cmsaf.mit.edu
cvmfs2                 98G   50G   48G  52% /cvmfs/cms.cern.ch
cvmfs2                 98G   50G   48G  52% /cvmfs/oasis.opensciencegrid.org
cvmfs2                 98G   50G   48G  52% /cvmfs/cdfcfs.fnal.gov
cvmfs2                 98G   50G   48G  52% /cvmfs/grid.cern.ch
cvmfs2                 98G   50G   48G  52% /cvmfs/fermilab.opensciencegrid.org
cvmfs2                 98G   50G   48G  52% /cvmfs/mu2e.opensciencegrid.org
gcc (GCC) 4.4.7 20120313 (Red Hat 4.4.7-3)
Copyright (C) 2010 Free Software Foundation, Inc.
This is free software; see the source for copying conditions.  There is NO
warranty; not even for MERCHANTABILITY or FITNESS FOR A PARTICULAR PURPOSE.

Processing...
0/213675
10000/213675
20000/213675
30000/213675
40000/213675
50000/213675
60000/213675
70000/213675
80000/213675
90000/213675
100000/213675
110000/213675
120000/213675
130000/213675
140000/213675
150000/213675
160000/213675
170000/213675
180000/213675
190000/213675
200000/213675
210000/213675
Macro finished: 
CPU time (min)  = 1.42083
Real time (min) = 1.8451
Done!
Copied output files to hadoop rootfiles/JetRAA/June22
