
----------------------------------------------------
Job started on Tue Jun 23 17:54:17 EDT 2015 at WN: t2bat0302.cmsaf.mit.edu 
Job is running on Linux t2bat0302.cmsaf.mit.edu 2.6.32-358.el6.x86_64 #1 SMP Fri Feb 22 20:37:17 CST 2013 x86_64 x86_64 x86_64 GNU/Linux
Filesystem            Size  Used Avail Use% Mounted on
/dev/sda3              20G  2.8G   16G  15% /
tmpfs                  32G     0   32G   0% /dev/shm
/dev/sda1              97M   32M   61M  35% /boot
/dev/sda4             416G   76G  340G  19% /export/data1
fuse_dfs              4.9P  4.4P  516T  90% /mnt/hadoop
/dev/sdb1             3.6T  3.1T  529G  86% /export/00b
/dev/sdc1             3.6T  3.1T  505G  87% /export/00c
/dev/sdd1             3.6T  3.1T  542G  86% /export/00d
/dev/sde1             3.6T  3.1T  534G  86% /export/00e
/dev/sdf1             3.6T  3.1T  527G  86% /export/00f
/dev/sdg1             3.6T  3.1T  563G  85% /export/00g
/dev/sdh1             3.6T  3.1T  529G  86% /export/00h
/dev/sdi1             3.6T  3.1T  550G  86% /export/00i
/dev/sdj1             3.6T  3.1T  512G  87% /export/00j
/dev/sdk1             3.6T  3.1T  548G  86% /export/00k
/dev/sdl1             3.6T  3.1T  553G  85% /export/00l
cvmfs2                 98G   73G   25G  75% /cvmfs/cms.cern.ch
t2srv0004:/export/db  135G  187M  135G   1% /net/t2srv0004/db
cvmfs2                 98G   73G   25G  75% /cvmfs/oasis.opensciencegrid.org
gcc (GCC) 4.4.7 20120313 (Red Hat 4.4.7-3)
Copyright (C) 2010 Free Software Foundation, Inc.
This is free software; see the source for copying conditions.  There is NO
warranty; not even for MERCHANTABILITY or FITNESS FOR A PARTICULAR PURPOSE.

Processing...
0/436587
10000/436587
20000/436587
30000/436587
40000/436587
50000/436587
60000/436587
70000/436587
80000/436587
90000/436587
100000/436587
110000/436587
120000/436587
130000/436587
140000/436587
150000/436587
160000/436587
170000/436587
180000/436587
190000/436587
200000/436587
210000/436587
220000/436587
230000/436587
240000/436587
250000/436587
260000/436587
270000/436587
280000/436587
290000/436587
300000/436587
310000/436587
320000/436587
330000/436587
340000/436587
350000/436587
360000/436587
370000/436587
380000/436587
390000/436587
400000/436587
410000/436587
420000/436587
430000/436587
Macro finished: 
CPU time (min)  = 2.84583
Real time (min) = 4.11521
Done!
Copied output files to hadoop rootfiles/JetRAA/June22
