
----------------------------------------------------
Job started on Tue Jun 23 17:54:16 EDT 2015 at WN: t2bat0315.cmsaf.mit.edu 
Job is running on Linux t2bat0315.cmsaf.mit.edu 2.6.32-358.el6.x86_64 #1 SMP Fri Feb 22 20:37:17 CST 2013 x86_64 x86_64 x86_64 GNU/Linux
Filesystem            Size  Used Avail Use% Mounted on
/dev/sda3              20G  2.8G   16G  15% /
tmpfs                  32G     0   32G   0% /dev/shm
/dev/sda1              97M   32M   61M  35% /boot
/dev/sda4             416G   52G  364G  13% /export/data1
fuse_dfs              4.9P  4.4P  516T  90% /mnt/hadoop
/dev/sdb1             3.6T  3.2T  397G  90% /export/00b
/dev/sdc1             3.6T  3.2T  392G  90% /export/00c
/dev/sdd1             3.6T  3.2T  416G  89% /export/00d
/dev/sde1             3.6T  3.2T  417G  89% /export/00e
/dev/sdf1             3.6T  3.3T  380G  90% /export/00f
/dev/sdg1             3.6T  3.2T  412G  89% /export/00g
t2srv0004:/export/db  135G  187M  135G   1% /net/t2srv0004/db
cvmfs2                 98G   49G   49G  51% /cvmfs/cms.cern.ch
cvmfs2                 98G   49G   49G  51% /cvmfs/mu2e.opensciencegrid.org
cvmfs2                 98G   49G   49G  51% /cvmfs/oasis.opensciencegrid.org
cvmfs2                 98G   49G   49G  51% /cvmfs/cdfcfs.fnal.gov
cvmfs2                 98G   49G   49G  51% /cvmfs/cvmfs.cmsaf.mit.edu
cvmfs2                 98G   49G   49G  51% /cvmfs/grid.cern.ch
cvmfs2                 98G   49G   49G  51% /cvmfs/fermilab.opensciencegrid.org
gcc (GCC) 4.4.7 20120313 (Red Hat 4.4.7-3)
Copyright (C) 2010 Free Software Foundation, Inc.
This is free software; see the source for copying conditions.  There is NO
warranty; not even for MERCHANTABILITY or FITNESS FOR A PARTICULAR PURPOSE.

Processing...
0/478602
10000/478602
20000/478602
30000/478602
40000/478602
50000/478602
60000/478602
70000/478602
80000/478602
90000/478602
100000/478602
110000/478602
120000/478602
130000/478602
140000/478602
150000/478602
160000/478602
170000/478602
180000/478602
190000/478602
200000/478602
210000/478602
220000/478602
230000/478602
240000/478602
250000/478602
260000/478602
270000/478602
280000/478602
290000/478602
300000/478602
310000/478602
320000/478602
330000/478602
340000/478602
350000/478602
360000/478602
370000/478602
380000/478602
390000/478602
400000/478602
410000/478602
420000/478602
430000/478602
440000/478602
450000/478602
460000/478602
470000/478602
Macro finished: 
CPU time (min)  = 3.54967
Real time (min) = 4.59669
Done!
Copied output files to hadoop rootfiles/JetRAA/June22
