
----------------------------------------------------
Job started on Fri Jul 10 16:45:50 EDT 2015 at WN: t2bat0109.cmsaf.mit.edu 
Job is running on Linux t2bat0109.cmsaf.mit.edu 2.6.32-358.el6.x86_64 #1 SMP Fri Feb 22 20:37:17 CST 2013 x86_64 x86_64 x86_64 GNU/Linux
Filesystem            Size  Used Avail Use% Mounted on
/dev/sda3              20G  3.0G   16G  16% /
tmpfs                 7.8G     0  7.8G   0% /dev/shm
/dev/sda1              97M   33M   60M  36% /boot
/dev/sda4             415G   99G  317G  24% /export/data1
fuse_dfs              4.9P  4.5P  447T  92% /mnt/hadoop
/dev/sdb1             1.8T  1.7T  162G  92% /export/00b
/dev/sdc1             1.8T  1.7T  167G  91% /export/00c
/dev/sdd1             1.8T  1.7T  172G  91% /export/00d
/dev/sde1             1.8T  1.7T  163G  92% /export/00e
/dev/sdf1             1.8T  1.7T  165G  92% /export/00f
t2srv0004:/export/db  135G  187M  135G   1% /net/t2srv0004/db
cvmfs2                 98G   98G  545M 100% /cvmfs/cvmfs.cmsaf.mit.edu
cvmfs2                 98G   98G  545M 100% /cvmfs/oasis.opensciencegrid.org
cvmfs2                 98G   98G  545M 100% /cvmfs/cms.cern.ch
gcc (GCC) 4.4.7 20120313 (Red Hat 4.4.7-3)
Copyright (C) 2010 Free Software Foundation, Inc.
This is free software; see the source for copying conditions.  There is NO
warranty; not even for MERCHANTABILITY or FITNESS FOR A PARTICULAR PURPOSE.

Processing...
0/216849
10000/216849
20000/216849
30000/216849
40000/216849
50000/216849
60000/216849
70000/216849
80000/216849
90000/216849
100000/216849
110000/216849
120000/216849
130000/216849
140000/216849
150000/216849
160000/216849
170000/216849
180000/216849
190000/216849
200000/216849
210000/216849
Macro finished: 
CPU time (min)  = 1.34417
Real time (min) = 1.67427
Done!
Copied output files to hadoop rootfiles/JetRAA/June22
