000 (428187.000.000) 06/23 17:53:56 Job submitted from host: <18.12.1.74:48322>
...
001 (428187.000.000) 06/23 17:54:16 Job executing on host: <18.12.9.54:46570>
...
006 (428187.000.000) 06/23 17:54:24 Image size of job updated: 154496
	40  -  MemoryUsage of job (MB)
	40136  -  ResidentSetSize of job (KB)
...
006 (428187.000.000) 06/23 17:59:24 Image size of job updated: 247376
	129  -  MemoryUsage of job (MB)
	131256  -  ResidentSetSize of job (KB)
...
006 (428187.000.000) 06/23 18:04:25 Image size of job updated: 248716
	129  -  MemoryUsage of job (MB)
	131256  -  ResidentSetSize of job (KB)
...
005 (428187.000.000) 06/23 18:09:41 Job terminated.
	(1) Normal termination (return value 0)
		Usr 0 00:07:47, Sys 0 00:00:05  -  Run Remote Usage
		Usr 0 00:00:00, Sys 0 00:00:00  -  Run Local Usage
		Usr 0 00:07:47, Sys 0 00:00:05  -  Total Remote Usage
		Usr 0 00:00:00, Sys 0 00:00:00  -  Total Local Usage
	409154  -  Run Bytes Sent By Job
	46217  -  Run Bytes Received By Job
	409154  -  Total Bytes Sent By Job
	46217  -  Total Bytes Received By Job
	Partitionable Resources :    Usage  Request          
	   Cpus                 :                 1          
	   Disk (KB)            :      725      725          
	   Memory (MB)          :      129      129          
...
000 (451412.000.000) 06/25 13:03:56 Job submitted from host: <18.12.1.74:48322>
...
001 (451412.000.000) 06/25 13:04:16 Job executing on host: <18.12.8.197:43358>
...
006 (451412.000.000) 06/25 13:04:24 Image size of job updated: 1
	3  -  MemoryUsage of job (MB)
	2348  -  ResidentSetSize of job (KB)
...
006 (451412.000.000) 06/25 13:04:30 Image size of job updated: 249088
	3  -  MemoryUsage of job (MB)
	2348  -  ResidentSetSize of job (KB)
...
005 (451412.000.000) 06/25 13:04:30 Job terminated.
	(1) Normal termination (return value 0)
		Usr 0 00:00:00, Sys 0 00:00:00  -  Run Remote Usage
		Usr 0 00:00:00, Sys 0 00:00:00  -  Run Local Usage
		Usr 0 00:00:00, Sys 0 00:00:00  -  Total Remote Usage
		Usr 0 00:00:00, Sys 0 00:00:00  -  Total Local Usage
	474183  -  Run Bytes Sent By Job
	45684  -  Run Bytes Received By Job
	474183  -  Total Bytes Sent By Job
	45684  -  Total Bytes Received By Job
	Partitionable Resources :    Usage  Request          
	   Cpus                 :                 1          
	   Disk (KB)            :      533      533          
	   Memory (MB)          :        3        3          
...
000 (451471.000.000) 06/25 13:07:35 Job submitted from host: <18.12.1.74:48322>
...
001 (451471.000.000) 06/25 13:07:47 Job executing on host: <18.12.8.203:42263>
...
006 (451471.000.000) 06/25 13:07:55 Image size of job updated: 1
	3  -  MemoryUsage of job (MB)
	2360  -  ResidentSetSize of job (KB)
...
006 (451471.000.000) 06/25 13:08:01 Image size of job updated: 26048
	3  -  MemoryUsage of job (MB)
	2360  -  ResidentSetSize of job (KB)
...
005 (451471.000.000) 06/25 13:08:01 Job terminated.
	(1) Normal termination (return value 0)
		Usr 0 00:00:00, Sys 0 00:00:00  -  Run Remote Usage
		Usr 0 00:00:00, Sys 0 00:00:00  -  Run Local Usage
		Usr 0 00:00:00, Sys 0 00:00:00  -  Total Remote Usage
		Usr 0 00:00:00, Sys 0 00:00:00  -  Total Local Usage
	479189  -  Run Bytes Sent By Job
	47932  -  Run Bytes Received By Job
	479189  -  Total Bytes Sent By Job
	47932  -  Total Bytes Received By Job
	Partitionable Resources :    Usage  Request          
	   Cpus                 :                 1          
	   Disk (KB)            :      540      540          
	   Memory (MB)          :        3        3          
...
000 (451530.000.000) 06/25 13:18:37 Job submitted from host: <18.12.1.74:48322>
...
001 (451530.000.000) 06/25 13:18:47 Job executing on host: <18.12.8.203:42263>
...
006 (451530.000.000) 06/25 13:18:55 Image size of job updated: 1
	3  -  MemoryUsage of job (MB)
	2360  -  ResidentSetSize of job (KB)
...
006 (451530.000.000) 06/25 13:23:55 Image size of job updated: 191040
	71  -  MemoryUsage of job (MB)
	72404  -  ResidentSetSize of job (KB)
...
006 (451530.000.000) 06/25 13:28:55 Image size of job updated: 191040
	77  -  MemoryUsage of job (MB)
	78696  -  ResidentSetSize of job (KB)
...
006 (451530.000.000) 06/25 13:31:07 Image size of job updated: 191324
	77  -  MemoryUsage of job (MB)
	78696  -  ResidentSetSize of job (KB)
...
005 (451530.000.000) 06/25 13:31:07 Job terminated.
	(1) Normal termination (return value 0)
		Usr 0 00:09:30, Sys 0 00:00:03  -  Run Remote Usage
		Usr 0 00:00:00, Sys 0 00:00:00  -  Run Local Usage
		Usr 0 00:09:30, Sys 0 00:00:03  -  Total Remote Usage
		Usr 0 00:00:00, Sys 0 00:00:00  -  Total Local Usage
	471694  -  Run Bytes Sent By Job
	45681  -  Run Bytes Received By Job
	471694  -  Total Bytes Sent By Job
	45681  -  Total Bytes Received By Job
	Partitionable Resources :    Usage  Request          
	   Cpus                 :                 1          
	   Disk (KB)            :      531      531          
	   Memory (MB)          :       77       77          
...
000 (451691.000.000) 06/25 21:34:34 Job submitted from host: <18.12.1.74:48322>
...
001 (451691.000.000) 06/25 21:34:43 Job executing on host: <18.12.9.76:47884>
...
006 (451691.000.000) 06/25 21:34:51 Image size of job updated: 186128
	57  -  MemoryUsage of job (MB)
	57628  -  ResidentSetSize of job (KB)
...
006 (451691.000.000) 06/25 21:39:51 Image size of job updated: 191044
	73  -  MemoryUsage of job (MB)
	74568  -  ResidentSetSize of job (KB)
...
006 (451691.000.000) 06/25 21:43:59 Image size of job updated: 191356
	73  -  MemoryUsage of job (MB)
	74568  -  ResidentSetSize of job (KB)
...
005 (451691.000.000) 06/25 21:43:59 Job terminated.
	(1) Normal termination (return value 0)
		Usr 0 00:07:40, Sys 0 00:00:03  -  Run Remote Usage
		Usr 0 00:00:00, Sys 0 00:00:00  -  Run Local Usage
		Usr 0 00:07:40, Sys 0 00:00:03  -  Total Remote Usage
		Usr 0 00:00:00, Sys 0 00:00:00  -  Total Local Usage
	481004  -  Run Bytes Sent By Job
	48163  -  Run Bytes Received By Job
	481004  -  Total Bytes Sent By Job
	48163  -  Total Bytes Received By Job
	Partitionable Resources :    Usage  Request          
	   Cpus                 :                 1          
	   Disk (KB)            :      542      542          
	   Memory (MB)          :       73       73          
...
000 (452369.000.000) 06/26 11:24:32 Job submitted from host: <18.12.1.74:48322>
...
001 (452369.000.000) 06/26 11:25:07 Job executing on host: <18.12.9.70:40511>
...
006 (452369.000.000) 06/26 11:25:16 Image size of job updated: 147716
	32  -  MemoryUsage of job (MB)
	32620  -  ResidentSetSize of job (KB)
...
006 (452369.000.000) 06/26 11:30:17 Image size of job updated: 191024
	72  -  MemoryUsage of job (MB)
	73628  -  ResidentSetSize of job (KB)
...
006 (452369.000.000) 06/26 11:34:50 Image size of job updated: 191336
	72  -  MemoryUsage of job (MB)
	73628  -  ResidentSetSize of job (KB)
...
005 (452369.000.000) 06/26 11:34:50 Job terminated.
	(1) Normal termination (return value 0)
		Usr 0 00:08:15, Sys 0 00:00:04  -  Run Remote Usage
		Usr 0 00:00:00, Sys 0 00:00:00  -  Run Local Usage
		Usr 0 00:08:15, Sys 0 00:00:04  -  Total Remote Usage
		Usr 0 00:00:00, Sys 0 00:00:00  -  Total Local Usage
	480733  -  Run Bytes Sent By Job
	48164  -  Run Bytes Received By Job
	480733  -  Total Bytes Sent By Job
	48164  -  Total Bytes Received By Job
	Partitionable Resources :    Usage  Request          
	   Cpus                 :                 1          
	   Disk (KB)            :      542      542          
	   Memory (MB)          :       72       72          
...
000 (456191.000.000) 06/26 11:56:12 Job submitted from host: <18.12.1.74:48322>
...
001 (456191.000.000) 06/26 11:56:41 Job executing on host: <18.12.8.207:49125>
...
006 (456191.000.000) 06/26 11:56:49 Image size of job updated: 1
	3  -  MemoryUsage of job (MB)
	2364  -  ResidentSetSize of job (KB)
...
006 (456191.000.000) 06/26 12:01:49 Image size of job updated: 190996
	69  -  MemoryUsage of job (MB)
	70480  -  ResidentSetSize of job (KB)
...
005 (456191.000.000) 06/26 12:03:04 Job terminated.
	(1) Normal termination (return value 0)
		Usr 0 00:05:10, Sys 0 00:00:03  -  Run Remote Usage
		Usr 0 00:00:00, Sys 0 00:00:00  -  Run Local Usage
		Usr 0 00:05:10, Sys 0 00:00:03  -  Total Remote Usage
		Usr 0 00:00:00, Sys 0 00:00:00  -  Total Local Usage
	479525  -  Run Bytes Sent By Job
	48164  -  Run Bytes Received By Job
	479525  -  Total Bytes Sent By Job
	48164  -  Total Bytes Received By Job
	Partitionable Resources :    Usage  Request          
	   Cpus                 :                 1          
	   Disk (KB)            :      541      541          
	   Memory (MB)          :       69       69          
...
000 (472600.000.000) 06/26 14:30:33 Job submitted from host: <18.12.1.74:48322>
...
001 (472600.000.000) 06/26 14:30:57 Job executing on host: <18.12.8.248:48760>
...
006 (472600.000.000) 06/26 14:31:05 Image size of job updated: 1
	3  -  MemoryUsage of job (MB)
	2356  -  ResidentSetSize of job (KB)
...
006 (472600.000.000) 06/26 14:36:05 Image size of job updated: 253308
	132  -  MemoryUsage of job (MB)
	134204  -  ResidentSetSize of job (KB)
...
005 (472600.000.000) 06/26 14:37:08 Job terminated.
	(1) Normal termination (return value 0)
		Usr 0 00:04:53, Sys 0 00:00:02  -  Run Remote Usage
		Usr 0 00:00:00, Sys 0 00:00:00  -  Run Local Usage
		Usr 0 00:04:53, Sys 0 00:00:02  -  Total Remote Usage
		Usr 0 00:00:00, Sys 0 00:00:00  -  Total Local Usage
	480319  -  Run Bytes Sent By Job
	48486  -  Run Bytes Received By Job
	480319  -  Total Bytes Sent By Job
	48486  -  Total Bytes Received By Job
	Partitionable Resources :    Usage  Request          
	   Cpus                 :                 1          
	   Disk (KB)            :      542      542          
	   Memory (MB)          :      132      132          
...
000 (472726.000.000) 06/26 15:12:49 Job submitted from host: <18.12.1.74:48322>
...
001 (472726.000.000) 06/26 15:13:22 Job executing on host: <18.12.8.252:48395>
...
006 (472726.000.000) 06/26 15:13:31 Image size of job updated: 247428
	56  -  MemoryUsage of job (MB)
	56964  -  ResidentSetSize of job (KB)
...
006 (472726.000.000) 06/26 15:18:32 Image size of job updated: 253304
	121  -  MemoryUsage of job (MB)
	123872  -  ResidentSetSize of job (KB)
...
005 (472726.000.000) 06/26 15:18:49 Job terminated.
	(1) Normal termination (return value 0)
		Usr 0 00:04:25, Sys 0 00:00:02  -  Run Remote Usage
		Usr 0 00:00:00, Sys 0 00:00:00  -  Run Local Usage
		Usr 0 00:04:25, Sys 0 00:00:02  -  Total Remote Usage
		Usr 0 00:00:00, Sys 0 00:00:00  -  Total Local Usage
	480286  -  Run Bytes Sent By Job
	48521  -  Run Bytes Received By Job
	480286  -  Total Bytes Sent By Job
	48521  -  Total Bytes Received By Job
	Partitionable Resources :    Usage  Request          
	   Cpus                 :                 1          
	   Disk (KB)            :      542      542          
	   Memory (MB)          :      121      121          
...
000 (472934.000.000) 06/26 16:40:34 Job submitted from host: <18.12.1.74:48322>
...
001 (472934.000.000) 06/26 16:41:01 Job executing on host: <18.12.9.18:41460>
...
006 (472934.000.000) 06/26 16:41:09 Image size of job updated: 1
	3  -  MemoryUsage of job (MB)
	2360  -  ResidentSetSize of job (KB)
...
006 (472934.000.000) 06/26 16:46:09 Image size of job updated: 253284
	132  -  MemoryUsage of job (MB)
	134168  -  ResidentSetSize of job (KB)
...
005 (472934.000.000) 06/26 16:47:07 Job terminated.
	(1) Normal termination (return value 0)
		Usr 0 00:04:56, Sys 0 00:00:02  -  Run Remote Usage
		Usr 0 00:00:00, Sys 0 00:00:00  -  Run Local Usage
		Usr 0 00:04:56, Sys 0 00:00:02  -  Total Remote Usage
		Usr 0 00:00:00, Sys 0 00:00:00  -  Total Local Usage
	480964  -  Run Bytes Sent By Job
	48948  -  Run Bytes Received By Job
	480964  -  Total Bytes Sent By Job
	48948  -  Total Bytes Received By Job
	Partitionable Resources :    Usage  Request          
	   Cpus                 :                 1          
	   Disk (KB)            :      543      543          
	   Memory (MB)          :      132      132          
...
000 (492285.000.000) 06/29 10:00:44 Job submitted from host: <18.12.1.74:48322>
...
001 (492285.000.000) 06/29 10:00:49 Job executing on host: <18.12.6.8:48322>
...
006 (492285.000.000) 06/29 10:00:58 Image size of job updated: 1
	3  -  MemoryUsage of job (MB)
	2356  -  ResidentSetSize of job (KB)
...
006 (492285.000.000) 06/29 10:05:59 Image size of job updated: 252632
	132  -  MemoryUsage of job (MB)
	134244  -  ResidentSetSize of job (KB)
...
005 (492285.000.000) 06/29 10:06:00 Job terminated.
	(1) Normal termination (return value 0)
		Usr 0 00:04:10, Sys 0 00:00:01  -  Run Remote Usage
		Usr 0 00:00:00, Sys 0 00:00:00  -  Run Local Usage
		Usr 0 00:04:10, Sys 0 00:00:01  -  Total Remote Usage
		Usr 0 00:00:00, Sys 0 00:00:00  -  Total Local Usage
	481255  -  Run Bytes Sent By Job
	49114  -  Run Bytes Received By Job
	481255  -  Total Bytes Sent By Job
	49114  -  Total Bytes Received By Job
	Partitionable Resources :    Usage  Request          
	   Cpus                 :                 1          
	   Disk (KB)            :      544      544          
	   Memory (MB)          :      132      132          
...
000 (493182.000.000) 06/29 11:50:49 Job submitted from host: <18.12.1.74:48322>
...
001 (493182.000.000) 06/29 11:50:54 Job executing on host: <18.12.9.33:40949>
...
006 (493182.000.000) 06/29 11:51:03 Image size of job updated: 73540
	20  -  MemoryUsage of job (MB)
	19536  -  ResidentSetSize of job (KB)
...
006 (493182.000.000) 06/29 11:56:04 Image size of job updated: 193172
	70  -  MemoryUsage of job (MB)
	71044  -  ResidentSetSize of job (KB)
...
006 (493182.000.000) 06/29 12:01:05 Image size of job updated: 193172
	70  -  MemoryUsage of job (MB)
	71136  -  ResidentSetSize of job (KB)
...
006 (493182.000.000) 06/29 12:06:05 Image size of job updated: 193308
	79  -  MemoryUsage of job (MB)
	80232  -  ResidentSetSize of job (KB)
...
005 (493182.000.000) 06/29 12:09:03 Job terminated.
	(1) Normal termination (return value 0)
		Usr 0 00:04:26, Sys 0 00:00:03  -  Run Remote Usage
		Usr 0 00:00:00, Sys 0 00:00:00  -  Run Local Usage
		Usr 0 00:04:26, Sys 0 00:00:03  -  Total Remote Usage
		Usr 0 00:00:00, Sys 0 00:00:00  -  Total Local Usage
	482286  -  Run Bytes Sent By Job
	49359  -  Run Bytes Received By Job
	482286  -  Total Bytes Sent By Job
	49359  -  Total Bytes Received By Job
	Partitionable Resources :    Usage  Request          
	   Cpus                 :                 1          
	   Disk (KB)            :      545      545          
	   Memory (MB)          :       79       79          
...
000 (493308.000.000) 06/29 12:56:31 Job submitted from host: <18.12.1.74:48322>
...
001 (493308.000.000) 06/29 12:57:31 Job executing on host: <18.12.9.31:42701>
...
006 (493308.000.000) 06/29 12:57:40 Image size of job updated: 1
	3  -  MemoryUsage of job (MB)
	2372  -  ResidentSetSize of job (KB)
...
006 (493308.000.000) 06/29 13:02:40 Image size of job updated: 193180
	78  -  MemoryUsage of job (MB)
	78936  -  ResidentSetSize of job (KB)
...
006 (493308.000.000) 06/29 13:07:40 Image size of job updated: 193180
	80  -  MemoryUsage of job (MB)
	81616  -  ResidentSetSize of job (KB)
...
006 (493308.000.000) 06/29 13:12:41 Image size of job updated: 193312
	80  -  MemoryUsage of job (MB)
	81664  -  ResidentSetSize of job (KB)
...
006 (493308.000.000) 06/29 13:17:42 Image size of job updated: 193312
	80  -  MemoryUsage of job (MB)
	81724  -  ResidentSetSize of job (KB)
...
005 (493308.000.000) 06/29 13:18:05 Job terminated.
	(1) Normal termination (return value 0)
		Usr 0 00:04:33, Sys 0 00:00:03  -  Run Remote Usage
		Usr 0 00:00:00, Sys 0 00:00:00  -  Run Local Usage
		Usr 0 00:04:33, Sys 0 00:00:03  -  Total Remote Usage
		Usr 0 00:00:00, Sys 0 00:00:00  -  Total Local Usage
	482280  -  Run Bytes Sent By Job
	49363  -  Run Bytes Received By Job
	482280  -  Total Bytes Sent By Job
	49363  -  Total Bytes Received By Job
	Partitionable Resources :    Usage  Request          
	   Cpus                 :                 1          
	   Disk (KB)            :      545      545          
	   Memory (MB)          :       80       80          
...
000 (493445.000.000) 06/29 13:37:18 Job submitted from host: <18.12.1.74:48322>
...
001 (493445.000.000) 06/29 13:37:58 Job executing on host: <18.12.9.14:42117>
...
006 (493445.000.000) 06/29 13:38:06 Image size of job updated: 1
	3  -  MemoryUsage of job (MB)
	2372  -  ResidentSetSize of job (KB)
...
006 (493445.000.000) 06/29 13:43:06 Image size of job updated: 193296
	78  -  MemoryUsage of job (MB)
	79144  -  ResidentSetSize of job (KB)
...
005 (493445.000.000) 06/29 13:44:00 Job terminated.
	(1) Normal termination (return value 0)
		Usr 0 00:05:00, Sys 0 00:00:02  -  Run Remote Usage
		Usr 0 00:00:00, Sys 0 00:00:00  -  Run Local Usage
		Usr 0 00:05:00, Sys 0 00:00:02  -  Total Remote Usage
		Usr 0 00:00:00, Sys 0 00:00:00  -  Total Local Usage
	481938  -  Run Bytes Sent By Job
	49355  -  Run Bytes Received By Job
	481938  -  Total Bytes Sent By Job
	49355  -  Total Bytes Received By Job
	Partitionable Resources :    Usage  Request          
	   Cpus                 :                 1          
	   Disk (KB)            :      545      545          
	   Memory (MB)          :       78       78          
...
000 (493589.000.000) 06/29 15:03:15 Job submitted from host: <18.12.1.74:48322>
...
001 (493589.000.000) 06/29 15:03:43 Job executing on host: <18.12.9.13:46935>
...
006 (493589.000.000) 06/29 15:03:52 Image size of job updated: 174012
	51  -  MemoryUsage of job (MB)
	51848  -  ResidentSetSize of job (KB)
...
006 (493589.000.000) 06/29 15:04:52 Image size of job updated: 193164
	51  -  MemoryUsage of job (MB)
	51848  -  ResidentSetSize of job (KB)
...
004 (493589.000.000) 06/29 15:04:52 Job was evicted.
	(0) Job was not checkpointed.
		Usr 0 00:00:57, Sys 0 00:00:00  -  Run Remote Usage
		Usr 0 00:00:00, Sys 0 00:00:00  -  Run Local Usage
	0  -  Run Bytes Sent By Job
	49355  -  Run Bytes Received By Job
	Partitionable Resources :    Usage  Request          
	   Cpus                 :                 1          
	   Disk (KB)            :      544      544          
	   Memory (MB)          :       51       51          
...
009 (493589.000.000) 06/29 15:04:59 Job was aborted by the user.
	via condor_rm (by user rkunnawa)
...
000 (493706.000.000) 06/29 15:05:33 Job submitted from host: <18.12.1.74:48322>
...
001 (493706.000.000) 06/29 15:05:46 Job executing on host: <18.12.8.227:44380>
...
006 (493706.000.000) 06/29 15:05:55 Image size of job updated: 193024
	63  -  MemoryUsage of job (MB)
	64244  -  ResidentSetSize of job (KB)
...
000 (493823.000.000) 06/29 15:06:16 Job submitted from host: <18.12.1.74:48322>
...
001 (493823.000.000) 06/29 15:06:21 Job executing on host: <18.12.8.176:44745>
...
006 (493823.000.000) 06/29 15:06:30 Image size of job updated: 154512
	40  -  MemoryUsage of job (MB)
	40268  -  ResidentSetSize of job (KB)
...
006 (493706.000.000) 06/29 15:10:56 Image size of job updated: 193292
	78  -  MemoryUsage of job (MB)
	79128  -  ResidentSetSize of job (KB)
...
006 (493823.000.000) 06/29 15:11:31 Image size of job updated: 193292
	75  -  MemoryUsage of job (MB)
	76564  -  ResidentSetSize of job (KB)
...
005 (493706.000.000) 06/29 15:11:32 Job terminated.
	(1) Normal termination (return value 0)
		Usr 0 00:04:48, Sys 0 00:00:02  -  Run Remote Usage
		Usr 0 00:00:00, Sys 0 00:00:00  -  Run Local Usage
		Usr 0 00:04:48, Sys 0 00:00:02  -  Total Remote Usage
		Usr 0 00:00:00, Sys 0 00:00:00  -  Total Local Usage
	481944  -  Run Bytes Sent By Job
	49355  -  Run Bytes Received By Job
	481944  -  Total Bytes Sent By Job
	49355  -  Total Bytes Received By Job
	Partitionable Resources :    Usage  Request          
	   Cpus                 :                 1          
	   Disk (KB)            :      545      545          
	   Memory (MB)          :       78       78          
...
005 (493823.000.000) 06/29 15:14:56 Job terminated.
	(1) Normal termination (return value 0)
		Usr 0 00:03:59, Sys 0 00:00:02  -  Run Remote Usage
		Usr 0 00:00:00, Sys 0 00:00:00  -  Run Local Usage
		Usr 0 00:03:59, Sys 0 00:00:02  -  Total Remote Usage
		Usr 0 00:00:00, Sys 0 00:00:00  -  Total Local Usage
	481944  -  Run Bytes Sent By Job
	49356  -  Run Bytes Received By Job
	481944  -  Total Bytes Sent By Job
	49356  -  Total Bytes Received By Job
	Partitionable Resources :    Usage  Request          
	   Cpus                 :                 1          
	   Disk (KB)            :      544      544          
	   Memory (MB)          :       75       75          
...
000 (494642.000.000) 06/29 21:50:05 Job submitted from host: <18.12.1.74:48322>
...
001 (494642.000.000) 06/29 21:50:40 Job executing on host: <18.12.8.84:48468>
...
006 (494642.000.000) 06/29 21:50:48 Image size of job updated: 188568
	62  -  MemoryUsage of job (MB)
	63468  -  ResidentSetSize of job (KB)
...
006 (494642.000.000) 06/29 21:55:48 Image size of job updated: 193452
	81  -  MemoryUsage of job (MB)
	82540  -  ResidentSetSize of job (KB)
...
005 (494642.000.000) 06/29 21:56:08 Job terminated.
	(1) Normal termination (return value 0)
		Usr 0 00:04:18, Sys 0 00:00:04  -  Run Remote Usage
		Usr 0 00:00:00, Sys 0 00:00:00  -  Run Local Usage
		Usr 0 00:04:18, Sys 0 00:00:04  -  Total Remote Usage
		Usr 0 00:00:00, Sys 0 00:00:00  -  Total Local Usage
	482582  -  Run Bytes Sent By Job
	49495  -  Run Bytes Received By Job
	482582  -  Total Bytes Sent By Job
	49495  -  Total Bytes Received By Job
	Partitionable Resources :    Usage  Request          
	   Cpus                 :                 1          
	   Disk (KB)            :      545      545          
	   Memory (MB)          :       81       81          
...
000 (496557.000.000) 07/07 14:54:16 Job submitted from host: <18.12.1.74:48322>
...
001 (496557.000.000) 07/07 14:54:41 Job executing on host: <18.12.8.128:44672>
...
006 (496557.000.000) 07/07 14:54:49 Image size of job updated: 97896
	3  -  MemoryUsage of job (MB)
	2448  -  ResidentSetSize of job (KB)
...
006 (496557.000.000) 07/07 14:58:45 Image size of job updated: 193680
	3  -  MemoryUsage of job (MB)
	2448  -  ResidentSetSize of job (KB)
...
005 (496557.000.000) 07/07 14:58:46 Job terminated.
	(1) Normal termination (return value 0)
		Usr 0 00:03:14, Sys 0 00:00:03  -  Run Remote Usage
		Usr 0 00:00:00, Sys 0 00:00:00  -  Run Local Usage
		Usr 0 00:03:14, Sys 0 00:00:03  -  Total Remote Usage
		Usr 0 00:00:00, Sys 0 00:00:00  -  Total Local Usage
	488471  -  Run Bytes Sent By Job
	50562  -  Run Bytes Received By Job
	488471  -  Total Bytes Sent By Job
	50562  -  Total Bytes Received By Job
	Partitionable Resources :    Usage  Request          
	   Cpus                 :                 1          
	   Disk (KB)            :      552      552          
	   Memory (MB)          :        3        3          
...
000 (496793.000.000) 07/07 17:01:00 Job submitted from host: <18.12.1.74:48322>
...
001 (496793.000.000) 07/07 17:01:33 Job executing on host: <18.12.8.67:42993>
...
006 (496793.000.000) 07/07 17:01:41 Image size of job updated: 74992
	16  -  MemoryUsage of job (MB)
	15808  -  ResidentSetSize of job (KB)
...
006 (496793.000.000) 07/07 17:06:41 Image size of job updated: 193688
	78  -  MemoryUsage of job (MB)
	79356  -  ResidentSetSize of job (KB)
...
005 (496793.000.000) 07/07 17:06:56 Job terminated.
	(1) Normal termination (return value 0)
		Usr 0 00:04:26, Sys 0 00:00:04  -  Run Remote Usage
		Usr 0 00:00:00, Sys 0 00:00:00  -  Run Local Usage
		Usr 0 00:04:26, Sys 0 00:00:04  -  Total Remote Usage
		Usr 0 00:00:00, Sys 0 00:00:00  -  Total Local Usage
	488598  -  Run Bytes Sent By Job
	50642  -  Run Bytes Received By Job
	488598  -  Total Bytes Sent By Job
	50642  -  Total Bytes Received By Job
	Partitionable Resources :    Usage  Request          
	   Cpus                 :                 1          
	   Disk (KB)            :      552      552          
	   Memory (MB)          :       78       78          
...
000 (497173.000.000) 07/09 11:22:06 Job submitted from host: <18.12.1.74:48322>
...
001 (497173.000.000) 07/09 11:22:38 Job executing on host: <18.12.9.58:42482>
...
006 (497173.000.000) 07/09 11:22:47 Image size of job updated: 157132
	45  -  MemoryUsage of job (MB)
	45360  -  ResidentSetSize of job (KB)
...
006 (497173.000.000) 07/09 11:27:48 Image size of job updated: 193648
	57  -  MemoryUsage of job (MB)
	58140  -  ResidentSetSize of job (KB)
...
006 (497173.000.000) 07/09 11:32:49 Image size of job updated: 193648
	62  -  MemoryUsage of job (MB)
	62788  -  ResidentSetSize of job (KB)
...
005 (497173.000.000) 07/09 11:36:48 Job terminated.
	(1) Normal termination (return value 0)
		Usr 0 00:04:13, Sys 0 00:00:04  -  Run Remote Usage
		Usr 0 00:00:00, Sys 0 00:00:00  -  Run Local Usage
		Usr 0 00:04:13, Sys 0 00:00:04  -  Total Remote Usage
		Usr 0 00:00:00, Sys 0 00:00:00  -  Total Local Usage
	489106  -  Run Bytes Sent By Job
	50700  -  Run Bytes Received By Job
	489106  -  Total Bytes Sent By Job
	50700  -  Total Bytes Received By Job
	Partitionable Resources :    Usage  Request          
	   Cpus                 :                 1          
	   Disk (KB)            :      553      553          
	   Memory (MB)          :       62       62          
...
000 (497679.000.000) 07/09 15:43:17 Job submitted from host: <18.12.1.74:48322>
...
001 (497679.000.000) 07/09 15:43:36 Job executing on host: <18.12.9.78:45840>
...
006 (497679.000.000) 07/09 15:43:45 Image size of job updated: 1
	3  -  MemoryUsage of job (MB)
	2364  -  ResidentSetSize of job (KB)
...
006 (497679.000.000) 07/09 15:48:46 Image size of job updated: 193692
	72  -  MemoryUsage of job (MB)
	73344  -  ResidentSetSize of job (KB)
...
005 (497679.000.000) 07/09 15:49:21 Job terminated.
	(1) Normal termination (return value 0)
		Usr 0 00:04:20, Sys 0 00:00:04  -  Run Remote Usage
		Usr 0 00:00:00, Sys 0 00:00:00  -  Run Local Usage
		Usr 0 00:04:20, Sys 0 00:00:04  -  Total Remote Usage
		Usr 0 00:00:00, Sys 0 00:00:00  -  Total Local Usage
	489105  -  Run Bytes Sent By Job
	50706  -  Run Bytes Received By Job
	489105  -  Total Bytes Sent By Job
	50706  -  Total Bytes Received By Job
	Partitionable Resources :    Usage  Request          
	   Cpus                 :                 1          
	   Disk (KB)            :      553      553          
	   Memory (MB)          :       72       72          
...
000 (498004.000.000) 07/09 16:40:19 Job submitted from host: <18.12.1.74:48322>
...
001 (498004.000.000) 07/09 16:40:44 Job executing on host: <18.12.8.124:43650>
...
006 (498004.000.000) 07/09 16:40:52 Image size of job updated: 145244
	29  -  MemoryUsage of job (MB)
	29248  -  ResidentSetSize of job (KB)
...
006 (498004.000.000) 07/09 16:45:03 Image size of job updated: 193656
	29  -  MemoryUsage of job (MB)
	29248  -  ResidentSetSize of job (KB)
...
005 (498004.000.000) 07/09 16:45:04 Job terminated.
	(1) Normal termination (return value 0)
		Usr 0 00:03:24, Sys 0 00:00:04  -  Run Remote Usage
		Usr 0 00:00:00, Sys 0 00:00:00  -  Run Local Usage
		Usr 0 00:03:24, Sys 0 00:00:04  -  Total Remote Usage
		Usr 0 00:00:00, Sys 0 00:00:00  -  Total Local Usage
	488824  -  Run Bytes Sent By Job
	50713  -  Run Bytes Received By Job
	488824  -  Total Bytes Sent By Job
	50713  -  Total Bytes Received By Job
	Partitionable Resources :    Usage  Request          
	   Cpus                 :                 1          
	   Disk (KB)            :      552      552          
	   Memory (MB)          :       29       29          
...
000 (498319.000.000) 07/10 12:07:58 Job submitted from host: <18.12.1.74:48322>
...
001 (498319.000.000) 07/10 12:08:13 Job executing on host: <18.12.9.26:41387>
...
006 (498319.000.000) 07/10 12:08:21 Image size of job updated: 1
	3  -  MemoryUsage of job (MB)
	2368  -  ResidentSetSize of job (KB)
...
006 (498319.000.000) 07/10 12:13:21 Image size of job updated: 193656
	67  -  MemoryUsage of job (MB)
	68104  -  ResidentSetSize of job (KB)
...
006 (498319.000.000) 07/10 12:18:22 Image size of job updated: 193656
	68  -  MemoryUsage of job (MB)
	68796  -  ResidentSetSize of job (KB)
...
005 (498319.000.000) 07/10 12:20:15 Job terminated.
	(1) Normal termination (return value 0)
		Usr 0 00:04:40, Sys 0 00:00:06  -  Run Remote Usage
		Usr 0 00:00:00, Sys 0 00:00:00  -  Run Local Usage
		Usr 0 00:04:40, Sys 0 00:00:06  -  Total Remote Usage
		Usr 0 00:00:00, Sys 0 00:00:00  -  Total Local Usage
	489008  -  Run Bytes Sent By Job
	50718  -  Run Bytes Received By Job
	489008  -  Total Bytes Sent By Job
	50718  -  Total Bytes Received By Job
	Partitionable Resources :    Usage  Request          
	   Cpus                 :                 1          
	   Disk (KB)            :      553      553          
	   Memory (MB)          :       68       68          
...
000 (498447.000.000) 07/10 14:02:43 Job submitted from host: <18.12.1.74:48322>
...
001 (498447.000.000) 07/10 14:15:30 Job executing on host: <18.12.9.13:43504>
...
006 (498447.000.000) 07/10 14:15:39 Image size of job updated: 1
	3  -  MemoryUsage of job (MB)
	2372  -  ResidentSetSize of job (KB)
...
006 (498447.000.000) 07/10 14:20:40 Image size of job updated: 193664
	73  -  MemoryUsage of job (MB)
	74256  -  ResidentSetSize of job (KB)
...
005 (498447.000.000) 07/10 14:22:34 Job terminated.
	(1) Normal termination (return value 0)
		Usr 0 00:04:49, Sys 0 00:00:02  -  Run Remote Usage
		Usr 0 00:00:00, Sys 0 00:00:00  -  Run Local Usage
		Usr 0 00:04:49, Sys 0 00:00:02  -  Total Remote Usage
		Usr 0 00:00:00, Sys 0 00:00:00  -  Total Local Usage
	489121  -  Run Bytes Sent By Job
	50793  -  Run Bytes Received By Job
	489121  -  Total Bytes Sent By Job
	50793  -  Total Bytes Received By Job
	Partitionable Resources :    Usage  Request          
	   Cpus                 :                 1          
	   Disk (KB)            :      553      553          
	   Memory (MB)          :       73       73          
...
000 (498735.000.000) 07/10 16:45:35 Job submitted from host: <18.12.1.74:48322>
...
001 (498735.000.000) 07/10 16:55:15 Job executing on host: <18.12.8.229:41241>
...
006 (498735.000.000) 07/10 16:55:24 Image size of job updated: 1
	3  -  MemoryUsage of job (MB)
	2360  -  ResidentSetSize of job (KB)
...
006 (498735.000.000) 07/10 17:00:24 Image size of job updated: 194064
	76  -  MemoryUsage of job (MB)
	76968  -  ResidentSetSize of job (KB)
...
005 (498735.000.000) 07/10 17:32:47 Job terminated.
	(1) Normal termination (return value 0)
		Usr 0 00:04:29, Sys 0 00:00:01  -  Run Remote Usage
		Usr 0 00:00:00, Sys 0 00:00:00  -  Run Local Usage
		Usr 0 00:04:29, Sys 0 00:00:01  -  Total Remote Usage
		Usr 0 00:00:00, Sys 0 00:00:00  -  Total Local Usage
	497358  -  Run Bytes Sent By Job
	52122  -  Run Bytes Received By Job
	497358  -  Total Bytes Sent By Job
	52122  -  Total Bytes Received By Job
	Partitionable Resources :    Usage  Request          
	   Cpus                 :                 1          
	   Disk (KB)            :      562      562          
	   Memory (MB)          :       76       76          
...
