
----------------------------------------------------
Job started on Fri Jul 10 16:55:10 EDT 2015 at WN: t2bat0173.cmsaf.mit.edu 
Job is running on Linux t2bat0173.cmsaf.mit.edu 2.6.32-358.el6.x86_64 #1 SMP Fri Feb 22 20:37:17 CST 2013 x86_64 x86_64 x86_64 GNU/Linux
Filesystem            Size  Used Avail Use% Mounted on
/dev/sda3              20G  3.0G   16G  16% /
tmpfs                  12G     0   12G   0% /dev/shm
/dev/sda1              97M   32M   61M  35% /boot
/dev/sda4             874G   27G  848G   3% /export/data1
/dev/sdb1             1.8T  1.7T  179G  91% /export/00b
/dev/sdc1             1.8T  1.7T  172G  91% /export/00c
/dev/sdd1             1.8T  1.7T  156G  92% /export/00d
/dev/sde1             1.8T  1.7T  166G  91% /export/00e
/dev/sdf1             1.8T  1.7T  157G  92% /export/00f
fuse_dfs              4.9P  4.5P  447T  92% /mnt/hadoop
cvmfs2                 98G   24G   75G  24% /cvmfs/cms.cern.ch
t2srv0004:/export/db  135G  187M  135G   1% /net/t2srv0004/db
cvmfs2                 98G   24G   75G  24% /cvmfs/cvmfs.cmsaf.mit.edu
cvmfs2                 98G   24G   75G  24% /cvmfs/oasis.opensciencegrid.org
cvmfs2                 98G   24G   75G  24% /cvmfs/cdfcfs.fnal.gov
gcc (GCC) 4.4.7 20120313 (Red Hat 4.4.7-3)
Copyright (C) 2010 Free Software Foundation, Inc.
This is free software; see the source for copying conditions.  There is NO
warranty; not even for MERCHANTABILITY or FITNESS FOR A PARTICULAR PURPOSE.

Processing...
0/494316
10000/494316
20000/494316
30000/494316
40000/494316
50000/494316
60000/494316
70000/494316
80000/494316
90000/494316
100000/494316
110000/494316
120000/494316
130000/494316
140000/494316
150000/494316
160000/494316
170000/494316
180000/494316
190000/494316
200000/494316
210000/494316
220000/494316
230000/494316
240000/494316
250000/494316
260000/494316
270000/494316
280000/494316
290000/494316
300000/494316
310000/494316
320000/494316
330000/494316
340000/494316
350000/494316
360000/494316
370000/494316
380000/494316
390000/494316
400000/494316
410000/494316
420000/494316
430000/494316
440000/494316
450000/494316
460000/494316
470000/494316
480000/494316
490000/494316
Macro finished: 
CPU time (min)  = 3.48917
Real time (min) = 4.13802
Done!
Copied output files to hadoop rootfiles/JetRAA/June22
