
----------------------------------------------------
Job started on Tue Jun 23 17:54:18 EDT 2015 at WN: t2bat0335.cmsaf.mit.edu 
Job is running on Linux t2bat0335.cmsaf.mit.edu 2.6.32-358.el6.x86_64 #1 SMP Fri Feb 22 20:37:17 CST 2013 x86_64 x86_64 x86_64 GNU/Linux
Filesystem            Size  Used Avail Use% Mounted on
/dev/sda3              20G  3.3G   16G  18% /
tmpfs                  32G     0   32G   0% /dev/shm
/dev/sda1              97M   32M   61M  35% /boot
/dev/sda4             416G   95G  321G  23% /export/data1
fuse_dfs              4.9P  4.4P  516T  90% /mnt/hadoop
/dev/sdb1             3.6T  3.2T  394G  90% /export/00b
/dev/sdc1             3.6T  3.2T  422G  89% /export/00c
/dev/sdd1             3.6T  3.2T  400G  90% /export/00d
/dev/sde1             3.6T  3.2T  403G  90% /export/00e
/dev/sdf1             3.6T  3.2T  395G  90% /export/00f
/dev/sdg1             3.6T  3.2T  400G  90% /export/00g
t2srv0004:/export/db  135G  187M  135G   1% /net/t2srv0004/db
cvmfs2                 98G   93G  5.2G  95% /cvmfs/cms.cern.ch
cvmfs2                 98G   93G  5.2G  95% /cvmfs/mu2e.opensciencegrid.org
cvmfs2                 98G   93G  5.2G  95% /cvmfs/oasis.opensciencegrid.org
gcc (GCC) 4.4.7 20120313 (Red Hat 4.4.7-3)
Copyright (C) 2010 Free Software Foundation, Inc.
This is free software; see the source for copying conditions.  There is NO
warranty; not even for MERCHANTABILITY or FITNESS FOR A PARTICULAR PURPOSE.

Processing...
0/1141121
10000/1141121
20000/1141121
30000/1141121
40000/1141121
50000/1141121
60000/1141121
70000/1141121
80000/1141121
90000/1141121
100000/1141121
110000/1141121
120000/1141121
130000/1141121
140000/1141121
150000/1141121
160000/1141121
170000/1141121
180000/1141121
190000/1141121
200000/1141121
210000/1141121
220000/1141121
230000/1141121
240000/1141121
250000/1141121
260000/1141121
270000/1141121
280000/1141121
290000/1141121
300000/1141121
310000/1141121
320000/1141121
330000/1141121
340000/1141121
350000/1141121
360000/1141121
370000/1141121
380000/1141121
390000/1141121
400000/1141121
410000/1141121
420000/1141121
430000/1141121
440000/1141121
450000/1141121
460000/1141121
470000/1141121
480000/1141121
490000/1141121
500000/1141121
510000/1141121
520000/1141121
530000/1141121
540000/1141121
550000/1141121
560000/1141121
570000/1141121
580000/1141121
590000/1141121
600000/1141121
610000/1141121
620000/1141121
630000/1141121
640000/1141121
650000/1141121
660000/1141121
670000/1141121
680000/1141121
690000/1141121
700000/1141121
710000/1141121
720000/1141121
730000/1141121
740000/1141121
750000/1141121
760000/1141121
770000/1141121
780000/1141121
790000/1141121
800000/1141121
810000/1141121
820000/1141121
830000/1141121
840000/1141121
850000/1141121
860000/1141121
870000/1141121
880000/1141121
890000/1141121
900000/1141121
910000/1141121
920000/1141121
930000/1141121
940000/1141121
950000/1141121
960000/1141121
970000/1141121
980000/1141121
990000/1141121
1000000/1141121
1010000/1141121
1020000/1141121
1030000/1141121
1040000/1141121
1050000/1141121
1060000/1141121
1070000/1141121
1080000/1141121
1090000/1141121
1100000/1141121
1110000/1141121
1120000/1141121
1130000/1141121
1140000/1141121
Macro finished: 
CPU time (min)  = 7.24333
Real time (min) = 8.32862
Done!
Copied output files to hadoop rootfiles/JetRAA/June22
