
----------------------------------------------------
Job started on Tue Jun 23 17:54:16 EDT 2015 at WN: t2bat0339.cmsaf.mit.edu 
Job is running on Linux t2bat0339.cmsaf.mit.edu 2.6.32-358.el6.x86_64 #1 SMP Fri Feb 22 20:37:17 CST 2013 x86_64 x86_64 x86_64 GNU/Linux
Filesystem            Size  Used Avail Use% Mounted on
/dev/sda3              20G  2.6G   17G  14% /
tmpfs                  32G     0   32G   0% /dev/shm
/dev/sda1              97M   32M   61M  35% /boot
/dev/sda4             416G   96G  320G  24% /export/data1
fuse_dfs              4.9P  4.4P  516T  90% /mnt/hadoop
/dev/sdb1             3.6T  3.2T  446G  88% /export/00b
/dev/sdc1             3.6T  3.2T  480G  87% /export/00c
/dev/sdd1             3.6T  3.2T  453G  88% /export/00d
/dev/sde1             3.6T  3.2T  456G  88% /export/00e
/dev/sdf1             3.6T  3.2T  489G  87% /export/00f
/dev/sdg1             3.6T  3.2T  432G  89% /export/00g
cvmfs2                 98G   93G  5.0G  95% /cvmfs/cms.cern.ch
t2srv0004:/export/db  135G  187M  135G   1% /net/t2srv0004/db
cvmfs2                 98G   93G  5.0G  95% /cvmfs/mu2e.opensciencegrid.org
cvmfs2                 98G   93G  5.0G  95% /cvmfs/oasis.opensciencegrid.org
gcc (GCC) 4.4.7 20120313 (Red Hat 4.4.7-3)
Copyright (C) 2010 Free Software Foundation, Inc.
This is free software; see the source for copying conditions.  There is NO
warranty; not even for MERCHANTABILITY or FITNESS FOR A PARTICULAR PURPOSE.

Processing...
0/763507
10000/763507
20000/763507
30000/763507
40000/763507
50000/763507
60000/763507
70000/763507
80000/763507
90000/763507
100000/763507
110000/763507
120000/763507
130000/763507
140000/763507
150000/763507
160000/763507
170000/763507
180000/763507
190000/763507
200000/763507
210000/763507
220000/763507
230000/763507
240000/763507
250000/763507
260000/763507
270000/763507
280000/763507
290000/763507
300000/763507
310000/763507
320000/763507
330000/763507
340000/763507
350000/763507
360000/763507
370000/763507
380000/763507
390000/763507
400000/763507
410000/763507
420000/763507
430000/763507
440000/763507
450000/763507
460000/763507
470000/763507
480000/763507
490000/763507
500000/763507
510000/763507
520000/763507
530000/763507
540000/763507
550000/763507
560000/763507
570000/763507
580000/763507
590000/763507
600000/763507
610000/763507
620000/763507
630000/763507
640000/763507
650000/763507
660000/763507
670000/763507
680000/763507
690000/763507
700000/763507
710000/763507
720000/763507
730000/763507
740000/763507
750000/763507
760000/763507
Macro finished: 
CPU time (min)  = 5.035
Real time (min) = 6.341
Done!
Copied output files to hadoop rootfiles/JetRAA/June22
